2020-11-03 10:44:05 - error/not_found
2020-11-03 10:44:08 - checkout/cart
2020-11-03 10:44:12 - error/not_found
2020-11-03 10:44:43 - error/not_found
2020-11-03 10:44:46 - error/not_found
2020-11-03 10:44:54 - error/not_found
2020-11-03 10:45:19 - error/not_found
2020-11-03 10:45:21 - common/home
2020-11-03 10:45:25 - product/category
2020-11-03 10:45:26 - error/not_found
2020-11-03 10:45:26 - error/not_found
2020-11-03 10:45:26 - error/not_found
2020-11-03 10:45:26 - error/not_found
2020-11-03 10:45:26 - error/not_found
2020-11-03 10:45:26 - error/not_found
2020-11-03 10:45:26 - error/not_found
2020-11-03 10:45:26 - error/not_found
2020-11-03 10:45:26 - error/not_found
2020-11-03 10:45:26 - error/not_found
2020-11-03 10:45:29 - product/product
2020-11-03 10:45:29 - extension/basel/live_options/js
2020-11-03 10:45:32 - extension/basel/live_options/index
2020-11-03 10:45:32 - extension/basel/basel_features/add_to_cart
2020-11-03 10:45:33 - common/cart/info
2020-11-03 10:45:35 - checkout/cart
2020-11-03 10:45:37 - checkout/checkout
2020-11-03 10:45:37 - extension/quickcheckout/checkout
2020-11-03 10:45:38 - checkout/checkout/customfield
2020-11-03 10:45:38 - extension/quickcheckout/checkout/country
2020-11-03 10:45:38 - extension/quickcheckout/checkout/save
2020-11-03 10:45:38 - extension/quickcheckout/checkout/save
2020-11-03 10:45:38 - extension/quickcheckout/payment_method
2020-11-03 10:45:38 - extension/quickcheckout/shipping_method
2020-11-03 10:45:39 - extension/quickcheckout/checkout/save
2020-11-03 10:45:39 - extension/quickcheckout/shipping_method/set
2020-11-03 10:45:39 - extension/quickcheckout/payment_method/set
2020-11-03 10:45:39 - extension/quickcheckout/payment_method
2020-11-03 10:45:39 - extension/quickcheckout/cart
2020-11-03 10:45:39 - extension/quickcheckout/cart
2020-11-03 10:45:39 - extension/quickcheckout/payment_method/set
2020-11-03 10:45:39 - extension/quickcheckout/cart/update
2020-11-03 10:45:39 - extension/quickcheckout/cart/update
2020-11-03 10:45:39 - extension/quickcheckout/cart
2020-11-03 10:45:39 - common/cart/info
2020-11-03 10:45:39 - common/cart/info
2020-11-03 10:45:39 - extension/quickcheckout/cart/update
2020-11-03 10:45:39 - common/cart/info
2020-11-03 10:46:22 - product/product
2020-11-03 10:46:36 - extension/basel/live_options/js
2020-11-03 10:46:38 - product/category
