2020-11-24 12:25:47 - &idfirma=1
2020-11-24 12:25:47 - Array
(
    [narudzba] => Array
        (
            [CMS_ID] => KHR27
            [DATUM_VRIJEME] => 23.11.2020 08:01:55
            [NARUCITELJ_CMS_ID] => 1
            [NARUCITELJ_EMAIL] => talktoivo@gmail.com
            [NARUCITELJ_IME] => Ivan
            [NARUCITELJ_PREZIME] => Mihojevic
            [NARUCITELJ_ADRESA] => Zinke Kunc 1 
            [NARUCITELJ_MJESTO] => Zagreb
            [NARUCITELJ_POSTA] => 10360
            [NARUCITELJ_TELEFON] => 098761627
            [NARUCITELJ_NAZIV] => 
            [NARUCITELJ_OIB] => 
            [NARUCITELJ_VAT] => 
            [NARUCITELJ_ZEMLJA] => HRV
            [DOSTAVA_IME_PREZIME] => Ivan Mihojevic
            [DOSTAVA_ADRESA] => Zinke Kunc 1 
            [DOSTAVA_MJESTO] => Zagreb
            [DOSTAVA_POSTA] => 10360
            [NAPOMENA] => 
            [VALUTA] => 191
            [IZNOS_UKUPNO] => 183.00
            [TECAJ] => 1
        )

    [stavke] => Array
        (
            [0] => Array
                (
                    [IDROBA] => US00000203
                    [KOLICINA] => 1
                    [CIJENA] => 35
                    [RABAT] => 0
                    [IZNOS] => 35
                )

            [1] => Array
                (
                    [IDROBA] => M5006.XL
                    [KOLICINA] => 1
                    [CIJENA] => 148.00
                    [RABAT] => 0
                    [IZNOS] => 148.00
                )

        )

)

2020-11-24 12:25:51 - Array
(
    [creating] => start
    [ZAPIS] => Array
        (
            [IDDOK] => NAW
            [BROJDOK] => 20
            [STAVAKA] => 2
            [STAVKA] => 2
            [KOLICINA_SIFRA] => 0
            [DATUM] => 2020-11-24 00:00:00
            [TEXT_GRESKE] => 
            [KNJIZENO_KARTICA] => 
            [KNJIZENO_GLKNJIGA] => 
            [ZAKJUCANI_DN] => NE
        )

)

