2020-11-17 11:32:27 - &idfirma=1
2020-11-17 11:32:27 - Array
(
    [narudzba] => Array
        (
            [CMS_ID] => KHR17
            [DATUM_VRIJEME] => 16.11.2020 17:13:38
            [NARUCITELJ_CMS_ID] => 1
            [NARUCITELJ_EMAIL] => davor.mestrovic@hrt.hr
            [NARUCITELJ_IME] => Davor
            [NARUCITELJ_PREZIME] => Mestrovic
            [NARUCITELJ_ADRESA] => Boškovićeva 10
            [NARUCITELJ_MJESTO] => ZAGREB
            [NARUCITELJ_POSTA] => 10000
            [NARUCITELJ_TELEFON] => 0996347060
            [NARUCITELJ_NAZIV] => 
            [NARUCITELJ_OIB] => 
            [NARUCITELJ_VAT] => 
            [NARUCITELJ_ZEMLJA] => HRV
            [DOSTAVA_IME_PREZIME] => Davor Mestrovic
            [DOSTAVA_ADRESA] => Boškovićeva 10
            [DOSTAVA_MJESTO] => ZAGREB
            [DOSTAVA_POSTA] => 10000
            [NAPOMENA] => 
            [VALUTA] => 191
            [IZNOS_UKUPNO] => 47.50
            [TECAJ] => 1
        )

    [stavke] => Array
        (
            [0] => Array
                (
                    [IDROBA] => US00000203
                    [KOLICINA] => 1
                    [CIJENA] => 35
                    [RABAT] => 0
                    [IZNOS] => 35
                )

            [1] => Array
                (
                    [IDROBA] => M7007.S
                    [KOLICINA] => 1
                    [CIJENA] => 112.50
                    [RABAT] => 0
                    [IZNOS] => 112.50
                )

        )

)

2020-11-17 11:32:31 - Array
(
    [creating] => start
    [ZAPIS] => Array
        (
            [IDDOK] => NAW
            [BROJDOK] => 8
            [STAVAKA] => 2
            [STAVKA] => 2
            [KOLICINA_SIFRA] => 0
            [DATUM] => 2020-11-17 00:00:00
            [TEXT_GRESKE] => 
            [KNJIZENO_KARTICA] => 
            [KNJIZENO_GLKNJIGA] => 
            [ZAKJUCANI_DN] => NE
        )

)

