2020-11-23 12:32:57 - &idfirma=1
2020-11-23 12:32:57 - Array
(
    [narudzba] => Array
        (
            [CMS_ID] => KHR22
            [DATUM_VRIJEME] => 18.11.2020 23:48:39
            [NARUCITELJ_CMS_ID] => 1
            [NARUCITELJ_EMAIL] => ramljak.tihomir@gmail.com
            [NARUCITELJ_IME] => Tihomir
            [NARUCITELJ_PREZIME] => Ramljak
            [NARUCITELJ_ADRESA] => Marina Držića 5
            [NARUCITELJ_MJESTO] => ŽUPANJA
            [NARUCITELJ_POSTA] => 32270
            [NARUCITELJ_TELEFON] => +385981704422
            [NARUCITELJ_NAZIV] => 
            [NARUCITELJ_OIB] => 
            [NARUCITELJ_VAT] => 
            [NARUCITELJ_ZEMLJA] => HRV
            [DOSTAVA_IME_PREZIME] => Tihomir Ramljak
            [DOSTAVA_ADRESA] => Marina Držića 5
            [DOSTAVA_MJESTO] => ŽUPANJA
            [DOSTAVA_POSTA] => 32270
            [NAPOMENA] => Order Comments: Prije isporuke nazvati!
            [VALUTA] => 191
            [IZNOS_UKUPNO] => 396.00
            [TECAJ] => 1
        )

    [stavke] => Array
        (
            [0] => Array
                (
                    [IDROBA] => US00000203
                    [KOLICINA] => 1
                    [CIJENA] => 0
                    [RABAT] => 0
                    [IZNOS] => 0
                )

            [1] => Array
                (
                    [IDROBA] => M7015.XL
                    [KOLICINA] => 2
                    [CIJENA] => 76.50
                    [RABAT] => 0
                    [IZNOS] => 153.00
                )

            [2] => Array
                (
                    [IDROBA] => M7021.XL
                    [KOLICINA] => 1
                    [CIJENA] => 126.00
                    [RABAT] => 0
                    [IZNOS] => 126.00
                )

            [3] => Array
                (
                    [IDROBA] => M7069.XL
                    [KOLICINA] => 1
                    [CIJENA] => 117.00
                    [RABAT] => 0
                    [IZNOS] => 117.00
                )

        )

)

2020-11-23 12:32:58 - Array
(
    [creating] => start
    [ZAPIS] => Array
        (
            [IDDOK] => NAW
            [BROJDOK] => 18
            [STAVAKA] => 4
            [STAVKA] => 4
            [KOLICINA_SIFRA] => 0
            [DATUM] => 2020-11-23 00:00:00
            [TEXT_GRESKE] => 
            [KNJIZENO_KARTICA] => 
            [KNJIZENO_GLKNJIGA] => 
            [ZAKJUCANI_DN] => NE
        )

)

