2020-11-30 13:03:55 - Array
(
    [order_id] => 54
    [invoice_no] => 0
    [invoice_prefix] => INV-2020-00
    [store_id] => 0
    [store_name] => KOZO UNDERWEAR
    [store_url] => https://www.kozo-underwear.hr/
    [customer_id] => 32
    [customer_group_id] => 1
    [firstname] => Mirta
    [lastname] => Dusparic
    [email] => mdusparic@yahoo.com
    [telephone] => 0922660500
    [fax] => 
    [custom_field] => 
    [payment_firstname] => Mirta
    [payment_lastname] => Dusparic
    [payment_company] => 
    [payment_address_1] => Miramarska cesta 38
    [payment_address_2] => 
    [payment_city] => Zagreb
    [payment_postcode] => 10000
    [payment_country] => Croatia
    [payment_country_id] => 53
    [payment_zone] => 
    [payment_zone_id] => 0
    [payment_address_format] => 
    [payment_custom_field] => 
    [payment_method] => Kreditne kartice / Debitne Kartice (CorvusPay)
    [payment_code] => corvuspay
    [shipping_firstname] => Mirta
    [shipping_lastname] => Dusparic
    [shipping_company] => 
    [shipping_address_1] => Miramarska cesta 38
    [shipping_address_2] => 
    [shipping_city] => Zagreb
    [shipping_postcode] => 10000
    [shipping_country] => Croatia
    [shipping_country_id] => 53
    [shipping_zone] => 
    [shipping_zone_id] => 0
    [shipping_address_format] => 
    [shipping_custom_field] => 
    [shipping_method] => Besplatna dostava Intereuropa Hrvatska
    [shipping_code] => ultimate_shipping.ultimate_shipping_0
    [comment] => 
    [total] => 396.8000
    [order_status_id] => 5
    [affiliate_id] => 0
    [commission] => 0.0000
    [marketing_id] => 0
    [tracking] => 
    [language_id] => 2
    [currency_id] => 4
    [currency_code] => HRK
    [currency_value] => 1.00000000
    [ip] => 188.252.196.141
    [forwarded_ip] => 
    [user_agent] => Mozilla/5.0 (Linux; Android 9; VTR-L09) AppleWebKit/537.36 (KHTML, like Gecko) Chrome/86.0.4240.198 Mobile Safari/537.36
    [accept_language] => en-GB,en;q=0.9,en-US;q=0.8,hr;q=0.7,de;q=0.6,sr;q=0.5,bs;q=0.4,it;q=0.3,fil;q=0.2,es;q=0.1
    [paid_order] => 0
    [intereuropa] => 1
    [date_added] => 2020-11-29 20:42:50
    [date_modified] => 2020-11-29 20:45:50
    [products] => Array
        (
            [0] => Array
                (
                    [order_product_id] => 120
                    [order_id] => 54
                    [product_id] => 80
                    [name] => MUŠKE GAĆE SLIP CRNE
                    [model] => M7012
                    [quantity] => 1
                    [price] => 71.2000
                    [total] => 71.2000
                    [tax] => 0.0000
                    [reward] => 0
                    [option] => Array
                        (
                            [order_option_id] => 109
                            [order_id] => 54
                            [order_product_id] => 120
                            [product_option_id] => 243
                            [product_option_value_id] => 97
                            [name] => Veličina
                            [value] => M
                            [type] => radio
                            [sku] => 
                            [option_data] => Array
                                (
                                    [product_option_value_id] => 97
                                    [product_option_id] => 243
                                    [product_id] => 80
                                    [option_id] => 13
                                    [option_value_id] => 51
                                    [quantity] => 99
                                    [subtract] => 1
                                    [price] => 0.0000
                                    [price_prefix] => +
                                    [points] => 0
                                    [points_prefix] => +
                                    [weight] => 0.00000000
                                    [weight_prefix] => +
                                    [sku] => M7012.M
                                )

                        )

                )

            [1] => Array
                (
                    [order_product_id] => 121
                    [order_id] => 54
                    [product_id] => 100
                    [name] => MUŠKE BOKSERICE HIPSTER CRVENE
                    [model] => M7032
                    [quantity] => 1
                    [price] => 100.0000
                    [total] => 100.0000
                    [tax] => 0.0000
                    [reward] => 0
                    [option] => Array
                        (
                            [order_option_id] => 110
                            [order_id] => 54
                            [order_product_id] => 121
                            [product_option_id] => 263
                            [product_option_value_id] => 204
                            [name] => Veličina
                            [value] => M
                            [type] => radio
                            [sku] => 
                            [option_data] => Array
                                (
                                    [product_option_value_id] => 204
                                    [product_option_id] => 263
                                    [product_id] => 100
                                    [option_id] => 13
                                    [option_value_id] => 51
                                    [quantity] => 99
                                    [subtract] => 1
                                    [price] => 0.0000
                                    [price_prefix] => +
                                    [points] => 0
                                    [points_prefix] => +
                                    [weight] => 0.00000000
                                    [weight_prefix] => +
                                    [sku] => M7032.M
                                )

                        )

                )

            [2] => Array
                (
                    [order_product_id] => 122
                    [order_id] => 54
                    [product_id] => 105
                    [name] => MUŠKE GAĆE SLIP PRINT GEOMETRIC
                    [model] => M7039
                    [quantity] => 1
                    [price] => 76.8000
                    [total] => 76.8000
                    [tax] => 0.0000
                    [reward] => 0
                    [option] => Array
                        (
                            [order_option_id] => 111
                            [order_id] => 54
                            [order_product_id] => 122
                            [product_option_id] => 268
                            [product_option_value_id] => 224
                            [name] => Veličina
                            [value] => M
                            [type] => radio
                            [sku] => 
                            [option_data] => Array
                                (
                                    [product_option_value_id] => 224
                                    [product_option_id] => 268
                                    [product_id] => 105
                                    [option_id] => 13
                                    [option_value_id] => 51
                                    [quantity] => 99
                                    [subtract] => 1
                                    [price] => 0.0000
                                    [price_prefix] => +
                                    [points] => 0
                                    [points_prefix] => +
                                    [weight] => 0.00000000
                                    [weight_prefix] => +
                                    [sku] => M7039.M
                                )

                        )

                )

            [3] => Array
                (
                    [order_product_id] => 123
                    [order_id] => 54
                    [product_id] => 110
                    [name] => MUŠKE BOKSERICE HIPSTER PRINT WEB
                    [model] => M7043
                    [quantity] => 1
                    [price] => 108.0000
                    [total] => 108.0000
                    [tax] => 0.0000
                    [reward] => 0
                    [option] => Array
                        (
                            [order_option_id] => 112
                            [order_id] => 54
                            [order_product_id] => 123
                            [product_option_id] => 273
                            [product_option_value_id] => 248
                            [name] => Veličina
                            [value] => M
                            [type] => radio
                            [sku] => 
                            [option_data] => Array
                                (
                                    [product_option_value_id] => 248
                                    [product_option_id] => 273
                                    [product_id] => 110
                                    [option_id] => 13
                                    [option_value_id] => 51
                                    [quantity] => 99
                                    [subtract] => 1
                                    [price] => 0.0000
                                    [price_prefix] => +
                                    [points] => 0
                                    [points_prefix] => +
                                    [weight] => 0.00000000
                                    [weight_prefix] => +
                                    [sku] => M7043.M
                                )

                        )

                )

            [4] => Array
                (
                    [order_product_id] => 124
                    [order_id] => 54
                    [product_id] => 168
                    [name] => GEOMETRIC MASKA ZA LICE
                    [model] => P8011
                    [quantity] => 1
                    [price] => 40.8000
                    [total] => 40.8000
                    [tax] => 0.0000
                    [reward] => 0
                    [option] => 
                )

        )

    [totals] => Array
        (
            [0] => Array
                (
                    [order_total_id] => 174
                    [order_id] => 54
                    [code] => sub_total
                    [title] => Među suma
                    [value] => 396.8000
                    [sort_order] => 1
                )

            [1] => Array
                (
                    [order_total_id] => 175
                    [order_id] => 54
                    [code] => shipping
                    [title] => Besplatna dostava Intereuropa Hrvatska
                    [value] => 0.0000
                    [sort_order] => 3
                )

            [2] => Array
                (
                    [order_total_id] => 176
                    [order_id] => 54
                    [code] => total
                    [title] => Ukupno
                    [value] => 396.8000
                    [sort_order] => 9
                )

        )

    [status] => Array
        (
            [order_status_id] => 5
            [language_id] => 1
            [name] => Complete
        )

)

2020-11-30 13:03:55 - Array
(
    [narudzba] => Array
        (
            [CMS_ID] => KHR54
            [DATUM_VRIJEME] => 29.11.2020 20:45:50
            [NARUCITELJ_CMS_ID] => 1
            [NARUCITELJ_EMAIL] => mdusparic@yahoo.com
            [NARUCITELJ_IME] => Mirta
            [NARUCITELJ_PREZIME] => Dusparic
            [NARUCITELJ_ADRESA] => Miramarska cesta 38
            [NARUCITELJ_MJESTO] => Zagreb
            [NARUCITELJ_POSTA] => 10000
            [NARUCITELJ_TELEFON] => 0922660500
            [NARUCITELJ_NAZIV] => 
            [NARUCITELJ_OIB] => 
            [NARUCITELJ_VAT] => 
            [NARUCITELJ_ZEMLJA] => HRV
            [DOSTAVA_IME_PREZIME] => Mirta Dusparic
            [DOSTAVA_ADRESA] => Miramarska cesta 38
            [DOSTAVA_MJESTO] => Zagreb
            [DOSTAVA_POSTA] => 10000
            [NAPOMENA] => 
            [VALUTA] => 191
            [IZNOS_UKUPNO] => 396.80
            [TECAJ] => 1
        )

    [stavke] => Array
        (
            [0] => Array
                (
                    [IDROBA] => US00000203
                    [KOLICINA] => 1
                    [CIJENA] => 0
                    [RABAT] => 0
                    [IZNOS] => 0
                )

            [1] => Array
                (
                    [IDROBA] => M7012.M
                    [KOLICINA] => 1
                    [CIJENA] => 71.20
                    [RABAT] => 0
                    [IZNOS] => 71.20
                )

            [2] => Array
                (
                    [IDROBA] => M7032.M
                    [KOLICINA] => 1
                    [CIJENA] => 100.00
                    [RABAT] => 0
                    [IZNOS] => 100.00
                )

            [3] => Array
                (
                    [IDROBA] => M7039.M
                    [KOLICINA] => 1
                    [CIJENA] => 76.80
                    [RABAT] => 0
                    [IZNOS] => 76.80
                )

            [4] => Array
                (
                    [IDROBA] => M7043.M
                    [KOLICINA] => 1
                    [CIJENA] => 108.00
                    [RABAT] => 0
                    [IZNOS] => 108.00
                )

            [5] => Array
                (
                    [IDROBA] => P8011
                    [KOLICINA] => 1
                    [CIJENA] => 40.80
                    [RABAT] => 0
                    [IZNOS] => 40.80
                )

        )

)

2020-11-30 13:03:57 - Illuminate\Support\Collection Object
(
    [items:protected] => Array
        (
            [creating] => start
            [ZAPIS] => Array
                (
                    [IDDOK] => NAW
                    [BROJDOK] => 34
                    [STAVAKA] => 6
                    [STAVKA] => 6
                    [KOLICINA_SIFRA] => 0
                    [DATUM] => 2020-11-30 00:00:00
                    [TEXT_GRESKE] => 
                    [KNJIZENO_KARTICA] => 
                    [KNJIZENO_GLKNJIGA] => 
                    [ZAKJUCANI_DN] => NE
                )

        )

)

