2020-11-23 6:30:26 - &idfirma=1
2020-11-23 6:30:26 - Array
(
    [narudzba] => Array
        (
            [CMS_ID] => KHR24
            [DATUM_VRIJEME] => 21.11.2020 10:26:10
            [NARUCITELJ_CMS_ID] => 1
            [NARUCITELJ_EMAIL] => dperusina10@gmail.com
            [NARUCITELJ_IME] => Davor
            [NARUCITELJ_PREZIME] => Perusina
            [NARUCITELJ_ADRESA] => Put od jasenja3
            [NARUCITELJ_MJESTO] => Slano
            [NARUCITELJ_POSTA] => 20232
            [NARUCITELJ_TELEFON] => 0998500272
            [NARUCITELJ_NAZIV] => 
            [NARUCITELJ_OIB] => 
            [NARUCITELJ_VAT] => 
            [NARUCITELJ_ZEMLJA] => HRV
            [DOSTAVA_IME_PREZIME] => Davor Perusina
            [DOSTAVA_ADRESA] => Put od jasenja3
            [DOSTAVA_MJESTO] => Slano
            [DOSTAVA_POSTA] => 20232
            [NAPOMENA] => 
            [VALUTA] => 191
            [IZNOS_UKUPNO] => 255.50
            [TECAJ] => 1
        )

    [stavke] => Array
        (
            [0] => Array
                (
                    [IDROBA] => US00000203
                    [KOLICINA] => 1
                    [CIJENA] => 35
                    [RABAT] => 0
                    [IZNOS] => 35
                )

            [1] => Array
                (
                    [IDROBA] => M7070.XL
                    [KOLICINA] => 1
                    [CIJENA] => 117.00
                    [RABAT] => 0
                    [IZNOS] => 117.00
                )

            [2] => Array
                (
                    [IDROBA] => M7072.L
                    [KOLICINA] => 1
                    [CIJENA] => 103.50
                    [RABAT] => 0
                    [IZNOS] => 103.50
                )

        )

)

2020-11-23 6:30:31 - Array
(
    [creating] => start
    [ZAPIS] => Array
        (
            [IDDOK] => NAW
            [BROJDOK] => 17
            [STAVAKA] => 3
            [STAVKA] => 3
            [KOLICINA_SIFRA] => 0
            [DATUM] => 2020-11-23 00:00:00
            [TEXT_GRESKE] => 
            [KNJIZENO_KARTICA] => 
            [KNJIZENO_GLKNJIGA] => 
            [ZAKJUCANI_DN] => NE
        )

)

