2020-11-24 12:31:53 - &idfirma=1
2020-11-24 12:31:53 - Array
(
    [narudzba] => Array
        (
            [CMS_ID] => KHR28
            [DATUM_VRIJEME] => 23.11.2020 13:33:43
            [NARUCITELJ_CMS_ID] => 1
            [NARUCITELJ_EMAIL] => marija.dadic@os.t-com.hr
            [NARUCITELJ_IME] => Marija
            [NARUCITELJ_PREZIME] => Dadić
            [NARUCITELJ_ADRESA] => Braće Radića 110
            [NARUCITELJ_MJESTO] => Strizivojna
            [NARUCITELJ_POSTA] => 31410
            [NARUCITELJ_TELEFON] => 0981722753
            [NARUCITELJ_NAZIV] => 
            [NARUCITELJ_OIB] => 
            [NARUCITELJ_VAT] => 
            [NARUCITELJ_ZEMLJA] => HRV
            [DOSTAVA_IME_PREZIME] => Marija Dadić
            [DOSTAVA_ADRESA] => Braće Radića 110
            [DOSTAVA_MJESTO] => Strizivojna
            [DOSTAVA_POSTA] => 31419
            [NAPOMENA] => 
            [VALUTA] => 191
            [IZNOS_UKUPNO] => 231.00
            [TECAJ] => 1
        )

    [stavke] => Array
        (
            [0] => Array
                (
                    [IDROBA] => US00000203
                    [KOLICINA] => 1
                    [CIJENA] => 35
                    [RABAT] => 0
                    [IZNOS] => 35
                )

            [1] => Array
                (
                    [IDROBA] => M7065.L
                    [KOLICINA] => 1
                    [CIJENA] => 92.00
                    [RABAT] => 0
                    [IZNOS] => 92.00
                )

            [2] => Array
                (
                    [IDROBA] => M7069.L
                    [KOLICINA] => 1
                    [CIJENA] => 104.00
                    [RABAT] => 0
                    [IZNOS] => 104.00
                )

        )

)

2020-11-24 12:31:55 - Array
(
    [creating] => start
    [ZAPIS] => Array
        (
            [IDDOK] => NAW
            [BROJDOK] => 21
            [STAVAKA] => 3
            [STAVKA] => 3
            [KOLICINA_SIFRA] => 0
            [DATUM] => 2020-11-24 00:00:00
            [TEXT_GRESKE] => 
            [KNJIZENO_KARTICA] => 
            [KNJIZENO_GLKNJIGA] => 
            [ZAKJUCANI_DN] => NE
        )

)

