2020-11-30 12:58:12 - &idfirma=1
2020-11-30 12:58:12 - Array
(
    [narudzba] => Array
        (
            [CMS_ID] => KHR53
            [DATUM_VRIJEME] => 29.11.2020 20:09:19
            [NARUCITELJ_CMS_ID] => 1
            [NARUCITELJ_EMAIL] => odv.pertic.brajkovic@gmail.com
            [NARUCITELJ_IME] => Aisa
            [NARUCITELJ_PREZIME] => Pertić Brajkovć
            [NARUCITELJ_ADRESA] => Pozioi 1b
            [NARUCITELJ_MJESTO] => Umag
            [NARUCITELJ_POSTA] => 52470
            [NARUCITELJ_TELEFON] => 0915098011
            [NARUCITELJ_NAZIV] => 
            [NARUCITELJ_OIB] => 
            [NARUCITELJ_VAT] => 
            [NARUCITELJ_ZEMLJA] => HRV
            [DOSTAVA_IME_PREZIME] => Aisa Pertić Brajkovć
            [DOSTAVA_ADRESA] => Pozioi 1b
            [DOSTAVA_MJESTO] => Umag
            [DOSTAVA_POSTA] => 52470
            [NAPOMENA] => 
            [VALUTA] => 191
            [IZNOS_UKUPNO] => 364.00
            [TECAJ] => 1
        )

    [stavke] => Array
        (
            [0] => Array
                (
                    [IDROBA] => US00000203
                    [KOLICINA] => 1
                    [CIJENA] => 0
                    [RABAT] => 0
                    [IZNOS] => 0
                )

            [1] => Array
                (
                    [IDROBA] => M7036.L
                    [KOLICINA] => 1
                    [CIJENA] => 100.00
                    [RABAT] => 0
                    [IZNOS] => 100.00
                )

            [2] => Array
                (
                    [IDROBA] => M5010.L
                    [KOLICINA] => 1
                    [CIJENA] => 264.00
                    [RABAT] => 0
                    [IZNOS] => 264.00
                )

        )

)

2020-11-30 12:58:14 - Array
(
    [creating] => start
    [ZAPIS] => Array
        (
            [IDDOK] => NAW
            [BROJDOK] => 29
            [STAVAKA] => 3
            [STAVKA] => 3
            [KOLICINA_SIFRA] => 0
            [DATUM] => 2020-11-30 00:00:00
            [TEXT_GRESKE] => 
            [KNJIZENO_KARTICA] => 
            [KNJIZENO_GLKNJIGA] => 
            [ZAKJUCANI_DN] => NE
        )

)

