2020-11-24 12:32:14 - Array
(
    [order_id] => 31
    [invoice_no] => 0
    [invoice_prefix] => INV-2020-00
    [store_id] => 0
    [store_name] => KOZO UNDERWEAR
    [store_url] => https://www.kozo-underwear.hr/
    [customer_id] => 21
    [customer_group_id] => 1
    [firstname] => Damir
    [lastname] => Bastašić
    [email] => damirbastasic@gmail.com
    [telephone] => 0994369289
    [fax] => 
    [custom_field] => 
    [payment_firstname] => Damir
    [payment_lastname] => Bastašić
    [payment_company] => 
    [payment_address_1] => Kopernikova 5
    [payment_address_2] => 
    [payment_city] => Zagreb
    [payment_postcode] => 10000
    [payment_country] => Croatia
    [payment_country_id] => 53
    [payment_zone] => Bjelovarsko-bilogorska
    [payment_zone_id] => 847
    [payment_address_format] => 
    [payment_custom_field] => 
    [payment_method] => Kreditne kartice / Debitne Kartice (CorvusPay)
    [payment_code] => corvuspay
    [shipping_firstname] => Damir
    [shipping_lastname] => Bastašić
    [shipping_company] => 
    [shipping_address_1] => Kopernikova 5
    [shipping_address_2] => 
    [shipping_city] => Zagreb
    [shipping_postcode] => 10000
    [shipping_country] => Croatia
    [shipping_country_id] => 53
    [shipping_zone] => Bjelovarsko-bilogorska
    [shipping_zone_id] => 847
    [shipping_address_format] => 
    [shipping_custom_field] => 
    [shipping_method] => Dostava Intereuropa Hrvatska - Besplatna dostava za narudžbe iznad 350kn
    [shipping_code] => ultimate_shipping.ultimate_shipping_0
    [comment] => 
    [total] => 177.4000
    [order_status_id] => 5
    [affiliate_id] => 0
    [commission] => 0.0000
    [marketing_id] => 0
    [tracking] => 
    [language_id] => 2
    [currency_id] => 4
    [currency_code] => HRK
    [currency_value] => 1.00000000
    [ip] => 95.168.120.10
    [forwarded_ip] => 
    [user_agent] => Mozilla/5.0 (Linux; Android 9; Redmi 7 Build/PKQ1.181021.001; wv) AppleWebKit/537.36 (KHTML, like Gecko) Version/4.0 Chrome/71.0.3578.99 Mobile Safari/537.36 [FB_IAB/FB4A;FBAV/286.0.0.48.112;]
    [accept_language] => hr-HR,en-US;q=0.9
    [paid_order] => 0
    [intereuropa] => 1
    [date_added] => 2020-11-23 18:31:24
    [date_modified] => 2020-11-23 18:33:01
    [products] => Array
        (
            [0] => Array
                (
                    [order_product_id] => 59
                    [order_id] => 31
                    [product_id] => 103
                    [name] => MUŠKE GAĆE SLIP BOJA KOŽE
                    [model] => M7035
                    [quantity] => 2
                    [price] => 71.2000
                    [total] => 142.4000
                    [tax] => 0.0000
                    [reward] => 0
                    [option] => Array
                        (
                            [order_option_id] => 58
                            [order_id] => 31
                            [order_product_id] => 59
                            [product_option_id] => 266
                            [product_option_value_id] => 216
                            [name] => Veličina
                            [value] => M
                            [type] => radio
                            [sku] => 
                            [option_data] => Array
                                (
                                    [product_option_value_id] => 216
                                    [product_option_id] => 266
                                    [product_id] => 103
                                    [option_id] => 13
                                    [option_value_id] => 51
                                    [quantity] => 98
                                    [subtract] => 1
                                    [price] => 0.0000
                                    [price_prefix] => +
                                    [points] => 0
                                    [points_prefix] => +
                                    [weight] => 0.00000000
                                    [weight_prefix] => +
                                    [sku] => M7035.M
                                )

                        )

                )

        )

    [totals] => Array
        (
            [0] => Array
                (
                    [order_total_id] => 95
                    [order_id] => 31
                    [code] => sub_total
                    [title] => Među suma
                    [value] => 142.4000
                    [sort_order] => 1
                )

            [1] => Array
                (
                    [order_total_id] => 96
                    [order_id] => 31
                    [code] => shipping
                    [title] => Dostava Intereuropa Hrvatska - Besplatna dostava za narudžbe iznad 350kn
                    [value] => 35.0000
                    [sort_order] => 3
                )

            [2] => Array
                (
                    [order_total_id] => 97
                    [order_id] => 31
                    [code] => total
                    [title] => Ukupno
                    [value] => 177.4000
                    [sort_order] => 9
                )

        )

    [status] => Array
        (
            [order_status_id] => 5
            [language_id] => 1
            [name] => Complete
        )

)

2020-11-24 12:32:14 - Array
(
    [narudzba] => Array
        (
            [CMS_ID] => KHR31
            [DATUM_VRIJEME] => 23.11.2020 18:33:01
            [NARUCITELJ_CMS_ID] => 1
            [NARUCITELJ_EMAIL] => damirbastasic@gmail.com
            [NARUCITELJ_IME] => Damir
            [NARUCITELJ_PREZIME] => Bastašić
            [NARUCITELJ_ADRESA] => Kopernikova 5
            [NARUCITELJ_MJESTO] => Zagreb
            [NARUCITELJ_POSTA] => 10000
            [NARUCITELJ_TELEFON] => 0994369289
            [NARUCITELJ_NAZIV] => 
            [NARUCITELJ_OIB] => 
            [NARUCITELJ_VAT] => 
            [NARUCITELJ_ZEMLJA] => HRV
            [DOSTAVA_IME_PREZIME] => Damir Bastašić
            [DOSTAVA_ADRESA] => Kopernikova 5
            [DOSTAVA_MJESTO] => Zagreb
            [DOSTAVA_POSTA] => 10000
            [NAPOMENA] => 
            [VALUTA] => 191
            [IZNOS_UKUPNO] => 177.40
            [TECAJ] => 1
        )

    [stavke] => Array
        (
            [0] => Array
                (
                    [IDROBA] => US00000203
                    [KOLICINA] => 1
                    [CIJENA] => 35
                    [RABAT] => 0
                    [IZNOS] => 35
                )

            [1] => Array
                (
                    [IDROBA] => M7035.M
                    [KOLICINA] => 2
                    [CIJENA] => 71.20
                    [RABAT] => 0
                    [IZNOS] => 142.40
                )

        )

)

2020-11-24 12:32:15 - Illuminate\Support\Collection Object
(
    [items:protected] => Array
        (
            [creating] => start
            [ZAPIS] => Array
                (
                    [IDDOK] => NAW
                    [BROJDOK] => 23
                    [STAVAKA] => 2
                    [STAVKA] => 2
                    [KOLICINA_SIFRA] => 0
                    [DATUM] => 2020-11-24 00:00:00
                    [TEXT_GRESKE] => 
                    [KNJIZENO_KARTICA] => 
                    [KNJIZENO_GLKNJIGA] => 
                    [ZAKJUCANI_DN] => NE
                )

        )

)

