2020-11-13 8:46:20 - &idfirma=1
2020-11-13 8:46:20 - Array
(
    [narudzba] => Array
        (
            [CMS_ID] => KHR3
            [DATUM_VRIJEME] => 13.11.2020 07:30:42
            [NARUCITELJ_CMS_ID] => 1
            [NARUCITELJ_EMAIL] => iva.sljiva9@gmail.com
            [NARUCITELJ_IME] => Iva
            [NARUCITELJ_PREZIME] => Mršić
            [NARUCITELJ_ADRESA] => Zrnetićeva 8
            [NARUCITELJ_MJESTO] => Zagreb
            [NARUCITELJ_POSTA] => 10090
            [NARUCITELJ_TELEFON] => 0992012982
            [NARUCITELJ_NAZIV] => 
            [NARUCITELJ_OIB] => 
            [NARUCITELJ_VAT] => 
            [NARUCITELJ_ZEMLJA] => HRV
            [DOSTAVA_IME_PREZIME] => Iva Mršić
            [DOSTAVA_ADRESA] => Zrnetićeva 8
            [DOSTAVA_MJESTO] => Zagreb
            [DOSTAVA_POSTA] => 10090
            [NAPOMENA] => 
            [VALUTA] => 191
            [IZNOS_UKUPNO] => 407.00
            [TECAJ] => 1
        )

    [stavke] => Array
        (
            [0] => Array
                (
                    [IDROBA] => US00000203
                    [KOLICINA] => 1
                    [CIJENA] => 0
                    [RABAT] => 0
                    [IZNOS] => 0
                )

            [1] => Array
                (
                    [IDROBA] => M7048.M
                    [KOLICINA] => 1
                    [CIJENA] => 133.00
                    [RABAT] => 0
                    [IZNOS] => 133.00
                )

            [2] => Array
                (
                    [IDROBA] => M7045.M
                    [KOLICINA] => 1
                    [CIJENA] => 96.00
                    [RABAT] => 0
                    [IZNOS] => 96.00
                )

            [3] => Array
                (
                    [IDROBA] => M7031.M
                    [KOLICINA] => 1
                    [CIJENA] => 89.00
                    [RABAT] => 0
                    [IZNOS] => 89.00
                )

            [4] => Array
                (
                    [IDROBA] => M7083.M
                    [KOLICINA] => 1
                    [CIJENA] => 89.00
                    [RABAT] => 0
                    [IZNOS] => 89.00
                )

        )

)

2020-11-13 8:46:22 - Array
(
    [creating] => start
    [ZAPIS] => Array
        (
            [IDDOK] => NAW
            [BROJDOK] => 3
            [STAVAKA] => 5
            [STAVKA] => 5
            [KOLICINA_SIFRA] => 0
            [DATUM] => 2020-11-13 00:00:00
            [TEXT_GRESKE] => 
            [KNJIZENO_KARTICA] => 
            [KNJIZENO_GLKNJIGA] => 
            [ZAKJUCANI_DN] => NE
        )

)

