2020-11-24 12:32:05 - &idfirma=1
2020-11-24 12:32:05 - Array
(
    [narudzba] => Array
        (
            [CMS_ID] => KHR29
            [DATUM_VRIJEME] => 23.11.2020 12:26:04
            [NARUCITELJ_CMS_ID] => 1
            [NARUCITELJ_EMAIL] => iva.pezer@krateks.hr
            [NARUCITELJ_IME] => Iva
            [NARUCITELJ_PREZIME] => Pezer
            [NARUCITELJ_ADRESA] => Studeni breg 71
            [NARUCITELJ_MJESTO] => Zagreb
            [NARUCITELJ_POSTA] => 10000
            [NARUCITELJ_TELEFON] => 00 385 98 332 668
            [NARUCITELJ_NAZIV] => 
            [NARUCITELJ_OIB] => 
            [NARUCITELJ_VAT] => 
            [NARUCITELJ_ZEMLJA] => HRV
            [DOSTAVA_IME_PREZIME] => Iva Pezer
            [DOSTAVA_ADRESA] => Studeni breg 71
            [DOSTAVA_MJESTO] => Zagreb
            [DOSTAVA_POSTA] => 10000
            [NAPOMENA] => 
            [VALUTA] => 191
            [IZNOS_UKUPNO] => 399.20
            [TECAJ] => 1
        )

    [stavke] => Array
        (
            [0] => Array
                (
                    [IDROBA] => US00000203
                    [KOLICINA] => 1
                    [CIJENA] => 0
                    [RABAT] => 0
                    [IZNOS] => 0
                )

            [1] => Array
                (
                    [IDROBA] => M7012.XL
                    [KOLICINA] => 1
                    [CIJENA] => 71.20
                    [RABAT] => 0
                    [IZNOS] => 71.20
                )

            [2] => Array
                (
                    [IDROBA] => M7051.XL
                    [KOLICINA] => 2
                    [CIJENA] => 65.60
                    [RABAT] => 0
                    [IZNOS] => 131.20
                )

            [3] => Array
                (
                    [IDROBA] => M7061.XL
                    [KOLICINA] => 2
                    [CIJENA] => 65.60
                    [RABAT] => 0
                    [IZNOS] => 131.20
                )

            [4] => Array
                (
                    [IDROBA] => M7071.XL
                    [KOLICINA] => 1
                    [CIJENA] => 65.60
                    [RABAT] => 0
                    [IZNOS] => 65.60
                )

        )

)

2020-11-24 12:32:06 - Array
(
    [creating] => start
    [ZAPIS] => Array
        (
            [IDDOK] => NAW
            [BROJDOK] => 22
            [STAVAKA] => 5
            [STAVKA] => 5
            [KOLICINA_SIFRA] => 0
            [DATUM] => 2020-11-24 00:00:00
            [TEXT_GRESKE] => 
            [KNJIZENO_KARTICA] => 
            [KNJIZENO_GLKNJIGA] => 
            [ZAKJUCANI_DN] => NE
        )

)

