2020-11-13 8:46:20 - Array
(
    [order_id] => 3
    [invoice_no] => 0
    [invoice_prefix] => INV-2020-00
    [store_id] => 0
    [store_name] => KOZO UNDERWEAR
    [store_url] => https://www.kozo-underwear.hr/
    [customer_id] => 0
    [customer_group_id] => 1
    [firstname] => Iva
    [lastname] => Mršić
    [email] => iva.sljiva9@gmail.com
    [telephone] => 0992012982
    [fax] => 
    [custom_field] => []
    [payment_firstname] => Iva
    [payment_lastname] => Mršić
    [payment_company] => 
    [payment_address_1] => Zrnetićeva 8
    [payment_address_2] => 
    [payment_city] => Zagreb
    [payment_postcode] => 10090
    [payment_country] => Croatia
    [payment_country_id] => 53
    [payment_zone] => Grad Zagreb
    [payment_zone_id] => 848
    [payment_address_format] => 
    [payment_custom_field] => []
    [payment_method] => Plaćanje pouzećem
    [payment_code] => cod
    [shipping_firstname] => Iva
    [shipping_lastname] => Mršić
    [shipping_company] => 
    [shipping_address_1] => Zrnetićeva 8
    [shipping_address_2] => 
    [shipping_city] => Zagreb
    [shipping_postcode] => 10090
    [shipping_country] => Croatia
    [shipping_country_id] => 53
    [shipping_zone] => Grad Zagreb
    [shipping_zone_id] => 848
    [shipping_address_format] => 
    [shipping_custom_field] => []
    [shipping_method] => Besplatna dostava Intereuropa Hrvatska
    [shipping_code] => ultimate_shipping.ultimate_shipping_0
    [comment] => 
    [total] => 407.0000
    [order_status_id] => 15
    [affiliate_id] => 0
    [commission] => 0.0000
    [marketing_id] => 0
    [tracking] => 
    [language_id] => 2
    [currency_id] => 4
    [currency_code] => HRK
    [currency_value] => 1.00000000
    [ip] => 188.252.197.246
    [forwarded_ip] => 
    [user_agent] => Mozilla/5.0 (Linux; Android 10; SM-A715F) AppleWebKit/537.36 (KHTML, like Gecko) Chrome/86.0.4240.114 Mobile Safari/537.36
    [accept_language] => hr-HR,hr;q=0.9,en-GB;q=0.8,en;q=0.7,en-US;q=0.6,sl;q=0.5
    [paid_order] => 0
    [intereuropa] => 
    [date_added] => 2020-11-08 08:21:16
    [date_modified] => 2020-11-13 07:30:42
    [products] => Array
        (
            [0] => Array
                (
                    [order_product_id] => 3
                    [order_id] => 3
                    [product_id] => 115
                    [name] => MUŠKE GAĆE SLIP PRINT KOKOS
                    [model] => M7048
                    [quantity] => 1
                    [price] => 133.0000
                    [total] => 133.0000
                    [tax] => 0.0000
                    [reward] => 0
                    [option] => Array
                        (
                            [order_option_id] => 3
                            [order_id] => 3
                            [order_product_id] => 3
                            [product_option_id] => 278
                            [product_option_value_id] => 270
                            [name] => Veličina
                            [value] => M
                            [type] => radio
                            [sku] => 
                            [option_data] => Array
                                (
                                    [product_option_value_id] => 270
                                    [product_option_id] => 278
                                    [product_id] => 115
                                    [option_id] => 13
                                    [option_value_id] => 51
                                    [quantity] => 100
                                    [subtract] => 1
                                    [price] => 0.0000
                                    [price_prefix] => +
                                    [points] => 0
                                    [points_prefix] => +
                                    [weight] => 0.00000000
                                    [weight_prefix] => +
                                    [sku] => M7048.M
                                )

                        )

                )

            [1] => Array
                (
                    [order_product_id] => 4
                    [order_id] => 3
                    [product_id] => 114
                    [name] => MUŠKE GAĆE SLIP PRINT SQUARES
                    [model] => M7045
                    [quantity] => 1
                    [price] => 96.0000
                    [total] => 96.0000
                    [tax] => 0.0000
                    [reward] => 0
                    [option] => Array
                        (
                            [order_option_id] => 4
                            [order_id] => 3
                            [order_product_id] => 4
                            [product_option_id] => 277
                            [product_option_value_id] => 264
                            [name] => Veličina
                            [value] => M
                            [type] => radio
                            [sku] => 
                            [option_data] => Array
                                (
                                    [product_option_value_id] => 264
                                    [product_option_id] => 277
                                    [product_id] => 114
                                    [option_id] => 13
                                    [option_value_id] => 51
                                    [quantity] => 100
                                    [subtract] => 1
                                    [price] => 0.0000
                                    [price_prefix] => +
                                    [points] => 0
                                    [points_prefix] => +
                                    [weight] => 0.00000000
                                    [weight_prefix] => +
                                    [sku] => M7045.M
                                )

                        )

                )

            [2] => Array
                (
                    [order_product_id] => 5
                    [order_id] => 3
                    [product_id] => 99
                    [name] => MUŠKE GAĆE SLIP CRVENE
                    [model] => M7031
                    [quantity] => 1
                    [price] => 89.0000
                    [total] => 89.0000
                    [tax] => 0.0000
                    [reward] => 0
                    [option] => Array
                        (
                            [order_option_id] => 5
                            [order_id] => 3
                            [order_product_id] => 5
                            [product_option_id] => 262
                            [product_option_value_id] => 200
                            [name] => Veličina
                            [value] => M
                            [type] => radio
                            [sku] => 
                            [option_data] => Array
                                (
                                    [product_option_value_id] => 200
                                    [product_option_id] => 262
                                    [product_id] => 99
                                    [option_id] => 13
                                    [option_value_id] => 51
                                    [quantity] => 100
                                    [subtract] => 1
                                    [price] => 0.0000
                                    [price_prefix] => +
                                    [points] => 0
                                    [points_prefix] => +
                                    [weight] => 0.00000000
                                    [weight_prefix] => +
                                    [sku] => M7031.M
                                )

                        )

                )

            [3] => Array
                (
                    [order_product_id] => 6
                    [order_id] => 3
                    [product_id] => 150
                    [name] => MUŠKE GAĆE SLIP PRINT HOHOHO
                    [model] => M7083
                    [quantity] => 1
                    [price] => 89.0000
                    [total] => 89.0000
                    [tax] => 0.0000
                    [reward] => 0
                    [option] => Array
                        (
                            [order_option_id] => 6
                            [order_id] => 3
                            [order_product_id] => 6
                            [product_option_id] => 313
                            [product_option_value_id] => 459
                            [name] => Veličina
                            [value] => M
                            [type] => radio
                            [sku] => 
                            [option_data] => Array
                                (
                                    [product_option_value_id] => 459
                                    [product_option_id] => 313
                                    [product_id] => 150
                                    [option_id] => 13
                                    [option_value_id] => 51
                                    [quantity] => 100
                                    [subtract] => 1
                                    [price] => 0.0000
                                    [price_prefix] => +
                                    [points] => 0
                                    [points_prefix] => +
                                    [weight] => 0.00000000
                                    [weight_prefix] => +
                                    [sku] => M7083.M
                                )

                        )

                )

        )

    [totals] => Array
        (
            [0] => Array
                (
                    [order_total_id] => 7
                    [order_id] => 3
                    [code] => sub_total
                    [title] => Među suma
                    [value] => 407.0000
                    [sort_order] => 1
                )

            [1] => Array
                (
                    [order_total_id] => 8
                    [order_id] => 3
                    [code] => shipping
                    [title] => Besplatna dostava Intereuropa Hrvatska
                    [value] => 0.0000
                    [sort_order] => 3
                )

            [2] => Array
                (
                    [order_total_id] => 9
                    [order_id] => 3
                    [code] => total
                    [title] => Ukupno
                    [value] => 407.0000
                    [sort_order] => 9
                )

        )

    [status] => Array
        (
            [order_status_id] => 15
            [language_id] => 1
            [name] => Processed
        )

)

2020-11-13 8:46:20 - Array
(
    [narudzba] => Array
        (
            [CMS_ID] => KHR3
            [DATUM_VRIJEME] => 13.11.2020 07:30:42
            [NARUCITELJ_CMS_ID] => 1
            [NARUCITELJ_EMAIL] => iva.sljiva9@gmail.com
            [NARUCITELJ_IME] => Iva
            [NARUCITELJ_PREZIME] => Mršić
            [NARUCITELJ_ADRESA] => Zrnetićeva 8
            [NARUCITELJ_MJESTO] => Zagreb
            [NARUCITELJ_POSTA] => 10090
            [NARUCITELJ_TELEFON] => 0992012982
            [NARUCITELJ_NAZIV] => 
            [NARUCITELJ_OIB] => 
            [NARUCITELJ_VAT] => 
            [NARUCITELJ_ZEMLJA] => HRV
            [DOSTAVA_IME_PREZIME] => Iva Mršić
            [DOSTAVA_ADRESA] => Zrnetićeva 8
            [DOSTAVA_MJESTO] => Zagreb
            [DOSTAVA_POSTA] => 10090
            [NAPOMENA] => 
            [VALUTA] => 191
            [IZNOS_UKUPNO] => 407.00
            [TECAJ] => 1
        )

    [stavke] => Array
        (
            [0] => Array
                (
                    [IDROBA] => US00000203
                    [KOLICINA] => 1
                    [CIJENA] => 0
                    [RABAT] => 0
                    [IZNOS] => 0
                )

            [1] => Array
                (
                    [IDROBA] => M7048.M
                    [KOLICINA] => 1
                    [CIJENA] => 133.00
                    [RABAT] => 0
                    [IZNOS] => 133.00
                )

            [2] => Array
                (
                    [IDROBA] => M7045.M
                    [KOLICINA] => 1
                    [CIJENA] => 96.00
                    [RABAT] => 0
                    [IZNOS] => 96.00
                )

            [3] => Array
                (
                    [IDROBA] => M7031.M
                    [KOLICINA] => 1
                    [CIJENA] => 89.00
                    [RABAT] => 0
                    [IZNOS] => 89.00
                )

            [4] => Array
                (
                    [IDROBA] => M7083.M
                    [KOLICINA] => 1
                    [CIJENA] => 89.00
                    [RABAT] => 0
                    [IZNOS] => 89.00
                )

        )

)

2020-11-13 8:46:22 - Illuminate\Support\Collection Object
(
    [items:protected] => Array
        (
            [creating] => start
            [ZAPIS] => Array
                (
                    [IDDOK] => NAW
                    [BROJDOK] => 3
                    [STAVAKA] => 5
                    [STAVKA] => 5
                    [KOLICINA_SIFRA] => 0
                    [DATUM] => 2020-11-13 00:00:00
                    [TEXT_GRESKE] => 
                    [KNJIZENO_KARTICA] => 
                    [KNJIZENO_GLKNJIGA] => 
                    [ZAKJUCANI_DN] => NE
                )

        )

)

