2020-11-16 11:08:40 - &idfirma=1
2020-11-16 11:08:40 - Array
(
    [narudzba] => Array
        (
            [CMS_ID] => KHR11
            [DATUM_VRIJEME] => 14.11.2020 17:26:46
            [NARUCITELJ_CMS_ID] => 1
            [NARUCITELJ_EMAIL] => musollaj72@gmail.com
            [NARUCITELJ_IME] => Robert
            [NARUCITELJ_PREZIME] => Musollaj
            [NARUCITELJ_ADRESA] => Aleja tišine 2
            [NARUCITELJ_MJESTO] => Zagreb
            [NARUCITELJ_POSTA] => 10040
            [NARUCITELJ_TELEFON] => 098231037
            [NARUCITELJ_NAZIV] => 
            [NARUCITELJ_OIB] => 
            [NARUCITELJ_VAT] => 
            [NARUCITELJ_ZEMLJA] => HRV
            [DOSTAVA_IME_PREZIME] => Robert Musollaj
            [DOSTAVA_ADRESA] => Aleja tišine 2
            [DOSTAVA_MJESTO] => Zagreb
            [DOSTAVA_POSTA] => 10040
            [NAPOMENA] => 
            [VALUTA] => 191
            [IZNOS_UKUPNO] => 385.00
            [TECAJ] => 1
        )

    [stavke] => Array
        (
            [0] => Array
                (
                    [IDROBA] => US00000203
                    [KOLICINA] => 1
                    [CIJENA] => 0
                    [RABAT] => 0
                    [IZNOS] => 0
                )

            [1] => Array
                (
                    [IDROBA] => M7024.XL
                    [KOLICINA] => 1
                    [CIJENA] => 125.00
                    [RABAT] => 0
                    [IZNOS] => 125.00
                )

            [2] => Array
                (
                    [IDROBA] => M7037.XL
                    [KOLICINA] => 1
                    [CIJENA] => 125.00
                    [RABAT] => 0
                    [IZNOS] => 125.00
                )

            [3] => Array
                (
                    [IDROBA] => M7043.XL
                    [KOLICINA] => 1
                    [CIJENA] => 135.00
                    [RABAT] => 0
                    [IZNOS] => 135.00
                )

        )

)

2020-11-16 11:08:41 - Array
(
    [creating] => start
    [ZAPIS] => Array
        (
            [IDDOK] => NAW
            [BROJDOK] => 6
            [STAVAKA] => 4
            [STAVKA] => 4
            [KOLICINA_SIFRA] => 0
            [DATUM] => 2020-11-16 00:00:00
            [TEXT_GRESKE] => 
            [KNJIZENO_KARTICA] => 
            [KNJIZENO_GLKNJIGA] => 
            [ZAKJUCANI_DN] => NE
        )

)

