2020-11-26 13:17:04 - Array
(
    [order_id] => 35
    [invoice_no] => 0
    [invoice_prefix] => INV-2020-00
    [store_id] => 0
    [store_name] => KOZO UNDERWEAR
    [store_url] => https://www.kozo-underwear.hr/
    [customer_id] => 25
    [customer_group_id] => 1
    [firstname] => Tonči
    [lastname] => Rubinić
    [email] => t.rubinic@gmail.com
    [telephone] => 0915907045
    [fax] => 
    [custom_field] => 
    [payment_firstname] => Tonči
    [payment_lastname] => Rubinić
    [payment_company] => 
    [payment_address_1] => Zaheji 19
    [payment_address_2] => 
    [payment_city] => Lovran
    [payment_postcode] => 51415
    [payment_country] => Croatia
    [payment_country_id] => 53
    [payment_zone] => Bjelovarsko-bilogorska
    [payment_zone_id] => 847
    [payment_address_format] => 
    [payment_custom_field] => 
    [payment_method] => Kreditne kartice / Debitne Kartice (CorvusPay)
    [payment_code] => corvuspay
    [shipping_firstname] => Tonči
    [shipping_lastname] => Rubinić
    [shipping_company] => 
    [shipping_address_1] => Zaheji 19
    [shipping_address_2] => 
    [shipping_city] => Lovran
    [shipping_postcode] => 51415
    [shipping_country] => Croatia
    [shipping_country_id] => 53
    [shipping_zone] => Bjelovarsko-bilogorska
    [shipping_zone_id] => 847
    [shipping_address_format] => 
    [shipping_custom_field] => 
    [shipping_method] => Besplatna dostava Intereuropa Hrvatska
    [shipping_code] => ultimate_shipping.ultimate_shipping_0
    [comment] => 
    [total] => 410.4000
    [order_status_id] => 5
    [affiliate_id] => 0
    [commission] => 0.0000
    [marketing_id] => 0
    [tracking] => 
    [language_id] => 2
    [currency_id] => 4
    [currency_code] => HRK
    [currency_value] => 1.00000000
    [ip] => 93.137.181.160
    [forwarded_ip] => 
    [user_agent] => Mozilla/5.0 (Linux; Android 10; SAMSUNG SM-A415F) AppleWebKit/537.36 (KHTML, like Gecko) SamsungBrowser/13.0 Chrome/83.0.4103.106 Mobile Safari/537.36
    [accept_language] => hr-HR,hr;q=0.9,en-US;q=0.8,en;q=0.7
    [paid_order] => 0
    [intereuropa] => 1
    [date_added] => 2020-11-25 08:00:14
    [date_modified] => 2020-11-25 08:04:05
    [products] => Array
        (
            [0] => Array
                (
                    [order_product_id] => 65
                    [order_id] => 35
                    [product_id] => 80
                    [name] => MUŠKE GAĆE SLIP CRNE
                    [model] => M7012
                    [quantity] => 3
                    [price] => 71.2000
                    [total] => 213.6000
                    [tax] => 0.0000
                    [reward] => 0
                    [option] => Array
                        (
                            [order_option_id] => 64
                            [order_id] => 35
                            [order_product_id] => 65
                            [product_option_id] => 243
                            [product_option_value_id] => 96
                            [name] => Veličina
                            [value] => L
                            [type] => radio
                            [sku] => 
                            [option_data] => Array
                                (
                                    [product_option_value_id] => 96
                                    [product_option_id] => 243
                                    [product_id] => 80
                                    [option_id] => 13
                                    [option_value_id] => 50
                                    [quantity] => 97
                                    [subtract] => 1
                                    [price] => 0.0000
                                    [price_prefix] => +
                                    [points] => 0
                                    [points_prefix] => +
                                    [weight] => 0.00000000
                                    [weight_prefix] => +
                                    [sku] => M7012.L
                                )

                        )

                )

            [1] => Array
                (
                    [order_product_id] => 66
                    [order_id] => 35
                    [product_id] => 126
                    [name] => MUŠKE GAĆE SLIP CRNE
                    [model] => M7061
                    [quantity] => 3
                    [price] => 65.6000
                    [total] => 196.8000
                    [tax] => 0.0000
                    [reward] => 0
                    [option] => Array
                        (
                            [order_option_id] => 65
                            [order_id] => 35
                            [order_product_id] => 66
                            [product_option_id] => 289
                            [product_option_value_id] => 330
                            [name] => Veličina
                            [value] => L
                            [type] => radio
                            [sku] => 
                            [option_data] => Array
                                (
                                    [product_option_value_id] => 330
                                    [product_option_id] => 289
                                    [product_id] => 126
                                    [option_id] => 13
                                    [option_value_id] => 50
                                    [quantity] => 97
                                    [subtract] => 1
                                    [price] => 0.0000
                                    [price_prefix] => +
                                    [points] => 0
                                    [points_prefix] => +
                                    [weight] => 0.00000000
                                    [weight_prefix] => +
                                    [sku] => M7061.L
                                )

                        )

                )

        )

    [totals] => Array
        (
            [0] => Array
                (
                    [order_total_id] => 107
                    [order_id] => 35
                    [code] => sub_total
                    [title] => Među suma
                    [value] => 410.4000
                    [sort_order] => 1
                )

            [1] => Array
                (
                    [order_total_id] => 108
                    [order_id] => 35
                    [code] => shipping
                    [title] => Besplatna dostava Intereuropa Hrvatska
                    [value] => 0.0000
                    [sort_order] => 3
                )

            [2] => Array
                (
                    [order_total_id] => 109
                    [order_id] => 35
                    [code] => total
                    [title] => Ukupno
                    [value] => 410.4000
                    [sort_order] => 9
                )

        )

    [status] => Array
        (
            [order_status_id] => 5
            [language_id] => 1
            [name] => Complete
        )

)

2020-11-26 13:17:04 - Array
(
    [narudzba] => Array
        (
            [CMS_ID] => KHR35
            [DATUM_VRIJEME] => 25.11.2020 08:04:05
            [NARUCITELJ_CMS_ID] => 1
            [NARUCITELJ_EMAIL] => t.rubinic@gmail.com
            [NARUCITELJ_IME] => Tonči
            [NARUCITELJ_PREZIME] => Rubinić
            [NARUCITELJ_ADRESA] => Zaheji 19
            [NARUCITELJ_MJESTO] => Lovran
            [NARUCITELJ_POSTA] => 51415
            [NARUCITELJ_TELEFON] => 0915907045
            [NARUCITELJ_NAZIV] => 
            [NARUCITELJ_OIB] => 
            [NARUCITELJ_VAT] => 
            [NARUCITELJ_ZEMLJA] => HRV
            [DOSTAVA_IME_PREZIME] => Tonči Rubinić
            [DOSTAVA_ADRESA] => Zaheji 19
            [DOSTAVA_MJESTO] => Lovran
            [DOSTAVA_POSTA] => 51415
            [NAPOMENA] => 
            [VALUTA] => 191
            [IZNOS_UKUPNO] => 410.40
            [TECAJ] => 1
        )

    [stavke] => Array
        (
            [0] => Array
                (
                    [IDROBA] => US00000203
                    [KOLICINA] => 1
                    [CIJENA] => 0
                    [RABAT] => 0
                    [IZNOS] => 0
                )

            [1] => Array
                (
                    [IDROBA] => M7012.L
                    [KOLICINA] => 3
                    [CIJENA] => 71.20
                    [RABAT] => 0
                    [IZNOS] => 213.60
                )

            [2] => Array
                (
                    [IDROBA] => M7061.L
                    [KOLICINA] => 3
                    [CIJENA] => 65.60
                    [RABAT] => 0
                    [IZNOS] => 196.80
                )

        )

)

2020-11-26 13:17:05 - Illuminate\Support\Collection Object
(
    [items:protected] => Array
        (
            [creating] => start
            [ZAPIS] => Array
                (
                    [IDDOK] => NAW
                    [BROJDOK] => 27
                    [STAVAKA] => 3
                    [STAVKA] => 3
                    [KOLICINA_SIFRA] => 0
                    [DATUM] => 2020-11-26 00:00:00
                    [TEXT_GRESKE] => 
                    [KNJIZENO_KARTICA] => 
                    [KNJIZENO_GLKNJIGA] => 
                    [ZAKJUCANI_DN] => NE
                )

        )

)

