2020-11-23 12:33:14 - Array
(
    [order_id] => 25
    [invoice_no] => 0
    [invoice_prefix] => INV-2020-00
    [store_id] => 0
    [store_name] => KOZO UNDERWEAR
    [store_url] => https://www.kozo-underwear.hr/
    [customer_id] => 17
    [customer_group_id] => 1
    [firstname] => Miroslav
    [lastname] => Ninkovic
    [email] => miroslav.komiza@gmail.com
    [telephone] => 099 236 4565
    [fax] => 
    [custom_field] => 
    [payment_firstname] => Miroslav
    [payment_lastname] => Ninkovic
    [payment_company] => 
    [payment_address_1] => Mazuranicevo setaliste 63
    [payment_address_2] => 
    [payment_city] => Split
    [payment_postcode] => 21000
    [payment_country] => Croatia
    [payment_country_id] => 53
    [payment_zone] => Bjelovarsko-bilogorska
    [payment_zone_id] => 847
    [payment_address_format] => 
    [payment_custom_field] => 
    [payment_method] => Plaćanje pouzećem
    [payment_code] => cod
    [shipping_firstname] => Miroslav
    [shipping_lastname] => Ninkovic
    [shipping_company] => 
    [shipping_address_1] => Mazuranicevo setaliste 63
    [shipping_address_2] => 
    [shipping_city] => Split
    [shipping_postcode] => 21000
    [shipping_country] => Croatia
    [shipping_country_id] => 53
    [shipping_zone] => Bjelovarsko-bilogorska
    [shipping_zone_id] => 847
    [shipping_address_format] => 
    [shipping_custom_field] => 
    [shipping_method] => Dostava Intereuropa Hrvatska - Besplatna dostava za narudžbe iznad 350kn
    [shipping_code] => ultimate_shipping.ultimate_shipping_0
    [comment] => Order Comments: Na parlafonu i sanducicu piše Balic -Bego
    [total] => 138.5000
    [order_status_id] => 1
    [affiliate_id] => 0
    [commission] => 0.0000
    [marketing_id] => 0
    [tracking] => 
    [language_id] => 2
    [currency_id] => 4
    [currency_code] => HRK
    [currency_value] => 1.00000000
    [ip] => 46.188.139.3
    [forwarded_ip] => 
    [user_agent] => Mozilla/5.0 (Linux; Android 10; SAMSUNG SM-A515F) AppleWebKit/537.36 (KHTML, like Gecko) SamsungBrowser/12.1 Chrome/79.0.3945.136 Mobile Safari/537.36
    [accept_language] => en-GB,en-US;q=0.9,en;q=0.8
    [paid_order] => 0
    [intereuropa] => 1
    [date_added] => 2020-11-21 22:44:13
    [date_modified] => 2020-11-21 22:44:16
    [products] => Array
        (
            [0] => Array
                (
                    [order_product_id] => 48
                    [order_id] => 25
                    [product_id] => 145
                    [name] => MUŠKE BOKSERICE HIPSTER CRVENE
                    [model] => M7080
                    [quantity] => 1
                    [price] => 103.5000
                    [total] => 103.5000
                    [tax] => 0.0000
                    [reward] => 0
                    [option] => Array
                        (
                            [order_option_id] => 47
                            [order_id] => 25
                            [order_product_id] => 48
                            [product_option_id] => 308
                            [product_option_value_id] => 437
                            [name] => Veličina
                            [value] => XL
                            [type] => radio
                            [sku] => 
                            [option_data] => Array
                                (
                                    [product_option_value_id] => 437
                                    [product_option_id] => 308
                                    [product_id] => 145
                                    [option_id] => 13
                                    [option_value_id] => 49
                                    [quantity] => 99
                                    [subtract] => 1
                                    [price] => 0.0000
                                    [price_prefix] => +
                                    [points] => 0
                                    [points_prefix] => +
                                    [weight] => 0.00000000
                                    [weight_prefix] => +
                                    [sku] => M7080.XL
                                )

                        )

                )

        )

    [totals] => Array
        (
            [0] => Array
                (
                    [order_total_id] => 77
                    [order_id] => 25
                    [code] => sub_total
                    [title] => Među suma
                    [value] => 103.5000
                    [sort_order] => 1
                )

            [1] => Array
                (
                    [order_total_id] => 78
                    [order_id] => 25
                    [code] => shipping
                    [title] => Dostava Intereuropa Hrvatska - Besplatna dostava za narudžbe iznad 350kn
                    [value] => 35.0000
                    [sort_order] => 3
                )

            [2] => Array
                (
                    [order_total_id] => 79
                    [order_id] => 25
                    [code] => total
                    [title] => Ukupno
                    [value] => 138.5000
                    [sort_order] => 9
                )

        )

    [status] => Array
        (
            [order_status_id] => 1
            [language_id] => 1
            [name] => Pending
        )

)

2020-11-23 12:33:14 - Array
(
    [narudzba] => Array
        (
            [CMS_ID] => KHR25
            [DATUM_VRIJEME] => 21.11.2020 22:44:16
            [NARUCITELJ_CMS_ID] => 1
            [NARUCITELJ_EMAIL] => miroslav.komiza@gmail.com
            [NARUCITELJ_IME] => Miroslav
            [NARUCITELJ_PREZIME] => Ninkovic
            [NARUCITELJ_ADRESA] => Mazuranicevo setaliste 63
            [NARUCITELJ_MJESTO] => Split
            [NARUCITELJ_POSTA] => 21000
            [NARUCITELJ_TELEFON] => 099 236 4565
            [NARUCITELJ_NAZIV] => 
            [NARUCITELJ_OIB] => 
            [NARUCITELJ_VAT] => 
            [NARUCITELJ_ZEMLJA] => HRV
            [DOSTAVA_IME_PREZIME] => Miroslav Ninkovic
            [DOSTAVA_ADRESA] => Mazuranicevo setaliste 63
            [DOSTAVA_MJESTO] => Split
            [DOSTAVA_POSTA] => 21000
            [NAPOMENA] => Order Comments: Na parlafonu i sanducicu piše Balic -Bego
            [VALUTA] => 191
            [IZNOS_UKUPNO] => 138.50
            [TECAJ] => 1
        )

    [stavke] => Array
        (
            [0] => Array
                (
                    [IDROBA] => US00000203
                    [KOLICINA] => 1
                    [CIJENA] => 35
                    [RABAT] => 0
                    [IZNOS] => 35
                )

            [1] => Array
                (
                    [IDROBA] => M7080.XL
                    [KOLICINA] => 1
                    [CIJENA] => 103.50
                    [RABAT] => 0
                    [IZNOS] => 103.50
                )

        )

)

2020-11-23 12:33:15 - Illuminate\Support\Collection Object
(
    [items:protected] => Array
        (
            [creating] => start
            [ZAPIS] => Array
                (
                    [IDDOK] => NAW
                    [BROJDOK] => 19
                    [STAVAKA] => 2
                    [STAVKA] => 2
                    [KOLICINA_SIFRA] => 0
                    [DATUM] => 2020-11-23 00:00:00
                    [TEXT_GRESKE] => 
                    [KNJIZENO_KARTICA] => 
                    [KNJIZENO_GLKNJIGA] => 
                    [ZAKJUCANI_DN] => NE
                )

        )

)

