2020-11-30 12:58:36 - &idfirma=1
2020-11-30 12:58:36 - Array
(
    [narudzba] => Array
        (
            [CMS_ID] => KHR51
            [DATUM_VRIJEME] => 29.11.2020 16:09:19
            [NARUCITELJ_CMS_ID] => 1
            [NARUCITELJ_EMAIL] => janjaa.zvonarek@gmail.com
            [NARUCITELJ_IME] => Janja
            [NARUCITELJ_PREZIME] => Zvonarek
            [NARUCITELJ_ADRESA] => Trg bana Jelacica 6
            [NARUCITELJ_MJESTO] => Prelog
            [NARUCITELJ_POSTA] => 40323
            [NARUCITELJ_TELEFON] => 0994070946
            [NARUCITELJ_NAZIV] => 
            [NARUCITELJ_OIB] => 
            [NARUCITELJ_VAT] => 
            [NARUCITELJ_ZEMLJA] => HRV
            [DOSTAVA_IME_PREZIME] => Janja Zvonarek
            [DOSTAVA_ADRESA] => Trg bana Jelacica 6
            [DOSTAVA_MJESTO] => Prelog
            [DOSTAVA_POSTA] => 40323
            [NAPOMENA] => 
            [VALUTA] => 191
            [IZNOS_UKUPNO] => 349.40
            [TECAJ] => 1
        )

    [stavke] => Array
        (
            [0] => Array
                (
                    [IDROBA] => US00000203
                    [KOLICINA] => 1
                    [CIJENA] => 35
                    [RABAT] => 0
                    [IZNOS] => 35
                )

            [1] => Array
                (
                    [IDROBA] => M7032.S
                    [KOLICINA] => 1
                    [CIJENA] => 100.00
                    [RABAT] => 0
                    [IZNOS] => 100.00
                )

            [2] => Array
                (
                    [IDROBA] => M7043.S
                    [KOLICINA] => 1
                    [CIJENA] => 108.00
                    [RABAT] => 0
                    [IZNOS] => 108.00
                )

            [3] => Array
                (
                    [IDROBA] => M7048.XL
                    [KOLICINA] => 1
                    [CIJENA] => 106.40
                    [RABAT] => 0
                    [IZNOS] => 106.40
                )

        )

)

2020-11-30 12:58:37 - Array
(
    [creating] => start
    [ZAPIS] => Array
        (
            [IDDOK] => NAW
            [BROJDOK] => 31
            [STAVAKA] => 4
            [STAVKA] => 4
            [KOLICINA_SIFRA] => 0
            [DATUM] => 2020-11-30 00:00:00
            [TEXT_GRESKE] => 
            [KNJIZENO_KARTICA] => 
            [KNJIZENO_GLKNJIGA] => 
            [ZAKJUCANI_DN] => NE
        )

)

