2020-11-24 12:31:53 - Array
(
    [order_id] => 28
    [invoice_no] => 0
    [invoice_prefix] => INV-2020-00
    [store_id] => 0
    [store_name] => KOZO UNDERWEAR
    [store_url] => https://www.kozo-underwear.hr/
    [customer_id] => 19
    [customer_group_id] => 1
    [firstname] => Marija
    [lastname] => Dadić
    [email] => marija.dadic@os.t-com.hr
    [telephone] => 0981722753
    [fax] => 
    [custom_field] => 
    [payment_firstname] => Marija
    [payment_lastname] => Dadić
    [payment_company] => 
    [payment_address_1] => Braće Radića 110
    [payment_address_2] => 
    [payment_city] => Strizivojna
    [payment_postcode] => 31410
    [payment_country] => Croatia
    [payment_country_id] => 53
    [payment_zone] => 
    [payment_zone_id] => 0
    [payment_address_format] => 
    [payment_custom_field] => 
    [payment_method] => Plaćanje pouzećem
    [payment_code] => cod
    [shipping_firstname] => Marija
    [shipping_lastname] => Dadić
    [shipping_company] => 
    [shipping_address_1] => Braće Radića 110
    [shipping_address_2] => 
    [shipping_city] => Strizivojna
    [shipping_postcode] => 31419
    [shipping_country] => Croatia
    [shipping_country_id] => 53
    [shipping_zone] => 
    [shipping_zone_id] => 0
    [shipping_address_format] => 
    [shipping_custom_field] => 
    [shipping_method] => Dostava Intereuropa Hrvatska - Besplatna dostava za narudžbe iznad 350kn
    [shipping_code] => ultimate_shipping.ultimate_shipping_0
    [comment] => 
    [total] => 231.0000
    [order_status_id] => 5
    [affiliate_id] => 0
    [commission] => 0.0000
    [marketing_id] => 0
    [tracking] => 
    [language_id] => 2
    [currency_id] => 4
    [currency_code] => HRK
    [currency_value] => 1.00000000
    [ip] => 89.172.242.48
    [forwarded_ip] => 
    [user_agent] => Mozilla/5.0 (iPhone; CPU iPhone OS 14_1 like Mac OS X) AppleWebKit/605.1.15 (KHTML, like Gecko) Version/14.0 Mobile/15E148 Safari/604.1
    [accept_language] => hr-hr
    [paid_order] => 0
    [intereuropa] => 1
    [date_added] => 2020-11-23 10:36:06
    [date_modified] => 2020-11-23 13:33:43
    [products] => Array
        (
            [0] => Array
                (
                    [order_product_id] => 52
                    [order_id] => 28
                    [product_id] => 132
                    [name] => MUŠKE BOKSERICE CRNE
                    [model] => M7065
                    [quantity] => 1
                    [price] => 92.0000
                    [total] => 92.0000
                    [tax] => 0.0000
                    [reward] => 0
                    [option] => Array
                        (
                            [order_option_id] => 51
                            [order_id] => 28
                            [order_product_id] => 52
                            [product_option_id] => 295
                            [product_option_value_id] => 365
                            [name] => Veličina
                            [value] => L
                            [type] => radio
                            [sku] => 
                            [option_data] => Array
                                (
                                    [product_option_value_id] => 365
                                    [product_option_id] => 295
                                    [product_id] => 132
                                    [option_id] => 13
                                    [option_value_id] => 50
                                    [quantity] => 99
                                    [subtract] => 1
                                    [price] => 0.0000
                                    [price_prefix] => +
                                    [points] => 0
                                    [points_prefix] => +
                                    [weight] => 0.00000000
                                    [weight_prefix] => +
                                    [sku] => M7065.L
                                )

                        )

                )

            [1] => Array
                (
                    [order_product_id] => 53
                    [order_id] => 28
                    [product_id] => 139
                    [name] => MUŠKA MAJICA OKRUGLI IZREZ CRNA
                    [model] => M7069
                    [quantity] => 1
                    [price] => 104.0000
                    [total] => 104.0000
                    [tax] => 0.0000
                    [reward] => 0
                    [option] => Array
                        (
                            [order_option_id] => 52
                            [order_id] => 28
                            [order_product_id] => 53
                            [product_option_id] => 302
                            [product_option_value_id] => 405
                            [name] => Veličina
                            [value] => L
                            [type] => radio
                            [sku] => 
                            [option_data] => Array
                                (
                                    [product_option_value_id] => 405
                                    [product_option_id] => 302
                                    [product_id] => 139
                                    [option_id] => 13
                                    [option_value_id] => 50
                                    [quantity] => 99
                                    [subtract] => 1
                                    [price] => 0.0000
                                    [price_prefix] => +
                                    [points] => 0
                                    [points_prefix] => +
                                    [weight] => 0.00000000
                                    [weight_prefix] => +
                                    [sku] => M7069.L
                                )

                        )

                )

        )

    [totals] => Array
        (
            [0] => Array
                (
                    [order_total_id] => 86
                    [order_id] => 28
                    [code] => sub_total
                    [title] => Među suma
                    [value] => 196.0000
                    [sort_order] => 1
                )

            [1] => Array
                (
                    [order_total_id] => 87
                    [order_id] => 28
                    [code] => shipping
                    [title] => Dostava Intereuropa Hrvatska - Besplatna dostava za narudžbe iznad 350kn
                    [value] => 35.0000
                    [sort_order] => 3
                )

            [2] => Array
                (
                    [order_total_id] => 88
                    [order_id] => 28
                    [code] => total
                    [title] => Ukupno
                    [value] => 231.0000
                    [sort_order] => 9
                )

        )

    [status] => Array
        (
            [order_status_id] => 5
            [language_id] => 1
            [name] => Complete
        )

)

2020-11-24 12:31:53 - Array
(
    [narudzba] => Array
        (
            [CMS_ID] => KHR28
            [DATUM_VRIJEME] => 23.11.2020 13:33:43
            [NARUCITELJ_CMS_ID] => 1
            [NARUCITELJ_EMAIL] => marija.dadic@os.t-com.hr
            [NARUCITELJ_IME] => Marija
            [NARUCITELJ_PREZIME] => Dadić
            [NARUCITELJ_ADRESA] => Braće Radića 110
            [NARUCITELJ_MJESTO] => Strizivojna
            [NARUCITELJ_POSTA] => 31410
            [NARUCITELJ_TELEFON] => 0981722753
            [NARUCITELJ_NAZIV] => 
            [NARUCITELJ_OIB] => 
            [NARUCITELJ_VAT] => 
            [NARUCITELJ_ZEMLJA] => HRV
            [DOSTAVA_IME_PREZIME] => Marija Dadić
            [DOSTAVA_ADRESA] => Braće Radića 110
            [DOSTAVA_MJESTO] => Strizivojna
            [DOSTAVA_POSTA] => 31419
            [NAPOMENA] => 
            [VALUTA] => 191
            [IZNOS_UKUPNO] => 231.00
            [TECAJ] => 1
        )

    [stavke] => Array
        (
            [0] => Array
                (
                    [IDROBA] => US00000203
                    [KOLICINA] => 1
                    [CIJENA] => 35
                    [RABAT] => 0
                    [IZNOS] => 35
                )

            [1] => Array
                (
                    [IDROBA] => M7065.L
                    [KOLICINA] => 1
                    [CIJENA] => 92.00
                    [RABAT] => 0
                    [IZNOS] => 92.00
                )

            [2] => Array
                (
                    [IDROBA] => M7069.L
                    [KOLICINA] => 1
                    [CIJENA] => 104.00
                    [RABAT] => 0
                    [IZNOS] => 104.00
                )

        )

)

2020-11-24 12:31:55 - Illuminate\Support\Collection Object
(
    [items:protected] => Array
        (
            [creating] => start
            [ZAPIS] => Array
                (
                    [IDDOK] => NAW
                    [BROJDOK] => 21
                    [STAVAKA] => 3
                    [STAVKA] => 3
                    [KOLICINA_SIFRA] => 0
                    [DATUM] => 2020-11-24 00:00:00
                    [TEXT_GRESKE] => 
                    [KNJIZENO_KARTICA] => 
                    [KNJIZENO_GLKNJIGA] => 
                    [ZAKJUCANI_DN] => NE
                )

        )

)

