2020-11-19 11:11:21 - Array
(
    [order_id] => 21
    [invoice_no] => 0
    [invoice_prefix] => INV-2020-00
    [store_id] => 0
    [store_name] => KOZO UNDERWEAR
    [store_url] => https://www.kozo-underwear.hr/
    [customer_id] => 0
    [customer_group_id] => 1
    [firstname] => Jadranka
    [lastname] => Strmecki
    [email] => jadranka.strmecki@gmail.com
    [telephone] => 098423939
    [fax] => 
    [custom_field] => []
    [payment_firstname] => Jadranka
    [payment_lastname] => Strmecki
    [payment_company] => 
    [payment_address_1] => Vlaška 61
    [payment_address_2] => 
    [payment_city] => Zagreb
    [payment_postcode] => 10000
    [payment_country] => Croatia
    [payment_country_id] => 53
    [payment_zone] => Bjelovarsko-bilogorska
    [payment_zone_id] => 847
    [payment_address_format] => 
    [payment_custom_field] => []
    [payment_method] => Kreditne kartice / Debitne Kartice (CorvusPay)
    [payment_code] => corvuspay
    [shipping_firstname] => Tihana
    [shipping_lastname] => Strmecki
    [shipping_company] => 
    [shipping_address_1] => Nova cesta 180
    [shipping_address_2] => 
    [shipping_city] => Zagreb
    [shipping_postcode] => 10000
    [shipping_country] => Croatia
    [shipping_country_id] => 53
    [shipping_zone] => Bjelovarsko-bilogorska
    [shipping_zone_id] => 847
    [shipping_address_format] => 
    [shipping_custom_field] => []
    [shipping_method] => Dostava Intereuropa Hrvatska - Besplatna dostava za narudžbe iznad 350kn
    [shipping_code] => ultimate_shipping.ultimate_shipping_0
    [comment] => 
    [total] => 260.0000
    [order_status_id] => 5
    [affiliate_id] => 0
    [commission] => 0.0000
    [marketing_id] => 0
    [tracking] => 
    [language_id] => 2
    [currency_id] => 4
    [currency_code] => HRK
    [currency_value] => 1.00000000
    [ip] => 78.3.216.26
    [forwarded_ip] => 
    [user_agent] => Mozilla/5.0 (Windows NT 10.0; Win64; x64) AppleWebKit/537.36 (KHTML, like Gecko) Chrome/86.0.4240.198 Safari/537.36
    [accept_language] => hr-HR,hr;q=0.9,en-US;q=0.8,en;q=0.7,bs;q=0.6
    [paid_order] => 0
    [intereuropa] => 1
    [date_added] => 2020-11-18 11:14:51
    [date_modified] => 2020-11-18 11:16:17
    [products] => Array
        (
            [0] => Array
                (
                    [order_product_id] => 41
                    [order_id] => 21
                    [product_id] => 84
                    [name] => MUŠKE BOKSERICE TRUNKS CRNE
                    [model] => M7014
                    [quantity] => 2
                    [price] => 112.5000
                    [total] => 225.0000
                    [tax] => 0.0000
                    [reward] => 0
                    [option] => Array
                        (
                            [order_option_id] => 40
                            [order_id] => 21
                            [order_product_id] => 41
                            [product_option_id] => 247
                            [product_option_value_id] => 119
                            [name] => Veličina
                            [value] => L
                            [type] => radio
                            [sku] => 
                            [option_data] => Array
                                (
                                    [product_option_value_id] => 119
                                    [product_option_id] => 247
                                    [product_id] => 84
                                    [option_id] => 13
                                    [option_value_id] => 50
                                    [quantity] => 98
                                    [subtract] => 1
                                    [price] => 0.0000
                                    [price_prefix] => +
                                    [points] => 0
                                    [points_prefix] => +
                                    [weight] => 0.00000000
                                    [weight_prefix] => +
                                    [sku] => M7014.L
                                )

                        )

                )

        )

    [totals] => Array
        (
            [0] => Array
                (
                    [order_total_id] => 65
                    [order_id] => 21
                    [code] => sub_total
                    [title] => Među suma
                    [value] => 225.0000
                    [sort_order] => 1
                )

            [1] => Array
                (
                    [order_total_id] => 66
                    [order_id] => 21
                    [code] => shipping
                    [title] => Dostava Intereuropa Hrvatska - Besplatna dostava za narudžbe iznad 350kn
                    [value] => 35.0000
                    [sort_order] => 3
                )

            [2] => Array
                (
                    [order_total_id] => 67
                    [order_id] => 21
                    [code] => total
                    [title] => Ukupno
                    [value] => 260.0000
                    [sort_order] => 9
                )

        )

    [status] => Array
        (
            [order_status_id] => 5
            [language_id] => 1
            [name] => Complete
        )

)

2020-11-19 11:11:21 - Array
(
    [narudzba] => Array
        (
            [CMS_ID] => KHR21
            [DATUM_VRIJEME] => 18.11.2020 11:16:17
            [NARUCITELJ_CMS_ID] => 1
            [NARUCITELJ_EMAIL] => jadranka.strmecki@gmail.com
            [NARUCITELJ_IME] => Jadranka
            [NARUCITELJ_PREZIME] => Strmecki
            [NARUCITELJ_ADRESA] => Vlaška 61
            [NARUCITELJ_MJESTO] => Zagreb
            [NARUCITELJ_POSTA] => 10000
            [NARUCITELJ_TELEFON] => 098423939
            [NARUCITELJ_NAZIV] => 
            [NARUCITELJ_OIB] => 
            [NARUCITELJ_VAT] => 
            [NARUCITELJ_ZEMLJA] => HRV
            [DOSTAVA_IME_PREZIME] => Tihana Strmecki
            [DOSTAVA_ADRESA] => Nova cesta 180
            [DOSTAVA_MJESTO] => Zagreb
            [DOSTAVA_POSTA] => 10000
            [NAPOMENA] => 
            [VALUTA] => 191
            [IZNOS_UKUPNO] => 260.00
            [TECAJ] => 1
        )

    [stavke] => Array
        (
            [0] => Array
                (
                    [IDROBA] => US00000203
                    [KOLICINA] => 1
                    [CIJENA] => 35
                    [RABAT] => 0
                    [IZNOS] => 35
                )

            [1] => Array
                (
                    [IDROBA] => M7014.L
                    [KOLICINA] => 2
                    [CIJENA] => 112.50
                    [RABAT] => 0
                    [IZNOS] => 225.00
                )

        )

)

2020-11-19 11:11:22 - Illuminate\Support\Collection Object
(
    [items:protected] => Array
        (
            [creating] => start
            [ZAPIS] => Array
                (
                    [IDDOK] => NAW
                    [BROJDOK] => 15
                    [STAVAKA] => 2
                    [STAVKA] => 2
                    [KOLICINA_SIFRA] => 0
                    [DATUM] => 2020-11-19 00:00:00
                    [TEXT_GRESKE] => 
                    [KNJIZENO_KARTICA] => 
                    [KNJIZENO_GLKNJIGA] => 
                    [ZAKJUCANI_DN] => NE
                )

        )

)

