2020-11-17 11:32:50 - Array
(
    [order_id] => 18
    [invoice_no] => 0
    [invoice_prefix] => INV-2020-00
    [store_id] => 0
    [store_name] => KOZO UNDERWEAR
    [store_url] => https://www.kozo-underwear.hr/
    [customer_id] => 0
    [customer_group_id] => 1
    [firstname] => Josip
    [lastname] => Rukavina
    [email] => josefrukavina@yahoo.de
    [telephone] => 098783135
    [fax] => 
    [custom_field] => []
    [payment_firstname] => Josip
    [payment_lastname] => Rukavina
    [payment_company] => 
    [payment_address_1] => Ivana Lenkovića 6
    [payment_address_2] => 
    [payment_city] => SENJ
    [payment_postcode] => 53270
    [payment_country] => Croatia
    [payment_country_id] => 53
    [payment_zone] => Bjelovarsko-bilogorska
    [payment_zone_id] => 847
    [payment_address_format] => 
    [payment_custom_field] => []
    [payment_method] => Plaćanje pouzećem
    [payment_code] => cod
    [shipping_firstname] => Josip
    [shipping_lastname] => Rukavina
    [shipping_company] => 
    [shipping_address_1] => Ivana Lenkovića 6
    [shipping_address_2] => 
    [shipping_city] => SENJ
    [shipping_postcode] => 53270
    [shipping_country] => Croatia
    [shipping_country_id] => 53
    [shipping_zone] => Bjelovarsko-bilogorska
    [shipping_zone_id] => 847
    [shipping_address_format] => 
    [shipping_custom_field] => []
    [shipping_method] => Besplatna dostava Intereuropa Hrvatska
    [shipping_code] => ultimate_shipping.ultimate_shipping_0
    [comment] => 
    [total] => 418.5000
    [order_status_id] => 1
    [affiliate_id] => 0
    [commission] => 0.0000
    [marketing_id] => 0
    [tracking] => 
    [language_id] => 2
    [currency_id] => 4
    [currency_code] => HRK
    [currency_value] => 1.00000000
    [ip] => 93.137.133.113
    [forwarded_ip] => 
    [user_agent] => Mozilla/5.0 (Windows NT 10.0; Win64; x64) AppleWebKit/537.36 (KHTML, like Gecko) Chrome/86.0.4240.198 Safari/537.36
    [accept_language] => hr-HR,hr;q=0.9,en-US;q=0.8,en;q=0.7
    [paid_order] => 0
    [intereuropa] => 1
    [date_added] => 2020-11-16 17:25:46
    [date_modified] => 2020-11-16 17:26:06
    [products] => Array
        (
            [0] => Array
                (
                    [order_product_id] => 33
                    [order_id] => 18
                    [product_id] => 71
                    [name] => MUŠKA PIDŽAMA DONJI DIO
                    [model] => M5005
                    [quantity] => 1
                    [price] => 139.5000
                    [total] => 139.5000
                    [tax] => 0.0000
                    [reward] => 0
                    [option] => Array
                        (
                            [order_option_id] => 32
                            [order_id] => 18
                            [order_product_id] => 33
                            [product_option_id] => 234
                            [product_option_value_id] => 47
                            [name] => Veličina
                            [value] => XL
                            [type] => radio
                            [sku] => 
                            [option_data] => Array
                                (
                                    [product_option_value_id] => 47
                                    [product_option_id] => 234
                                    [product_id] => 71
                                    [option_id] => 13
                                    [option_value_id] => 49
                                    [quantity] => 99
                                    [subtract] => 1
                                    [price] => 0.0000
                                    [price_prefix] => +
                                    [points] => 0
                                    [points_prefix] => +
                                    [weight] => 0.00000000
                                    [weight_prefix] => +
                                    [sku] => M5005.XL
                                )

                        )

                )

            [1] => Array
                (
                    [order_product_id] => 34
                    [order_id] => 18
                    [product_id] => 74
                    [name] => MUŠKA PIDŽAMA GORNJI DIO
                    [model] => M5004
                    [quantity] => 1
                    [price] => 157.5000
                    [total] => 157.5000
                    [tax] => 0.0000
                    [reward] => 0
                    [option] => Array
                        (
                            [order_option_id] => 33
                            [order_id] => 18
                            [order_product_id] => 34
                            [product_option_id] => 237
                            [product_option_value_id] => 65
                            [name] => Veličina
                            [value] => XL
                            [type] => radio
                            [sku] => 
                            [option_data] => Array
                                (
                                    [product_option_value_id] => 65
                                    [product_option_id] => 237
                                    [product_id] => 74
                                    [option_id] => 13
                                    [option_value_id] => 49
                                    [quantity] => 99
                                    [subtract] => 1
                                    [price] => 0.0000
                                    [price_prefix] => +
                                    [points] => 0
                                    [points_prefix] => +
                                    [weight] => 0.00000000
                                    [weight_prefix] => +
                                    [sku] => M5004.XL
                                )

                        )

                )

            [2] => Array
                (
                    [order_product_id] => 35
                    [order_id] => 18
                    [product_id] => 111
                    [name] => MUŠKE BOKSERICE HIPSTER PRINT SQUARES
                    [model] => M7046
                    [quantity] => 1
                    [price] => 121.5000
                    [total] => 121.5000
                    [tax] => 0.0000
                    [reward] => 0
                    [option] => Array
                        (
                            [order_option_id] => 34
                            [order_id] => 18
                            [order_product_id] => 35
                            [product_option_id] => 274
                            [product_option_value_id] => 254
                            [name] => Veličina
                            [value] => XL
                            [type] => radio
                            [sku] => 
                            [option_data] => Array
                                (
                                    [product_option_value_id] => 254
                                    [product_option_id] => 274
                                    [product_id] => 111
                                    [option_id] => 13
                                    [option_value_id] => 49
                                    [quantity] => 99
                                    [subtract] => 1
                                    [price] => 0.0000
                                    [price_prefix] => +
                                    [points] => 0
                                    [points_prefix] => +
                                    [weight] => 0.00000000
                                    [weight_prefix] => +
                                    [sku] => M7046.XL
                                )

                        )

                )

        )

    [totals] => Array
        (
            [0] => Array
                (
                    [order_total_id] => 56
                    [order_id] => 18
                    [code] => sub_total
                    [title] => Među suma
                    [value] => 418.5000
                    [sort_order] => 1
                )

            [1] => Array
                (
                    [order_total_id] => 57
                    [order_id] => 18
                    [code] => shipping
                    [title] => Besplatna dostava Intereuropa Hrvatska
                    [value] => 0.0000
                    [sort_order] => 3
                )

            [2] => Array
                (
                    [order_total_id] => 58
                    [order_id] => 18
                    [code] => total
                    [title] => Ukupno
                    [value] => 418.5000
                    [sort_order] => 9
                )

        )

    [status] => Array
        (
            [order_status_id] => 1
            [language_id] => 1
            [name] => Pending
        )

)

2020-11-17 11:32:50 - Array
(
    [narudzba] => Array
        (
            [CMS_ID] => KHR18
            [DATUM_VRIJEME] => 16.11.2020 17:26:06
            [NARUCITELJ_CMS_ID] => 1
            [NARUCITELJ_EMAIL] => josefrukavina@yahoo.de
            [NARUCITELJ_IME] => Josip
            [NARUCITELJ_PREZIME] => Rukavina
            [NARUCITELJ_ADRESA] => Ivana Lenkovića 6
            [NARUCITELJ_MJESTO] => SENJ
            [NARUCITELJ_POSTA] => 53270
            [NARUCITELJ_TELEFON] => 098783135
            [NARUCITELJ_NAZIV] => 
            [NARUCITELJ_OIB] => 
            [NARUCITELJ_VAT] => 
            [NARUCITELJ_ZEMLJA] => HRV
            [DOSTAVA_IME_PREZIME] => Josip Rukavina
            [DOSTAVA_ADRESA] => Ivana Lenkovića 6
            [DOSTAVA_MJESTO] => SENJ
            [DOSTAVA_POSTA] => 53270
            [NAPOMENA] => 
            [VALUTA] => 191
            [IZNOS_UKUPNO] => 418.50
            [TECAJ] => 1
        )

    [stavke] => Array
        (
            [0] => Array
                (
                    [IDROBA] => US00000203
                    [KOLICINA] => 1
                    [CIJENA] => 0
                    [RABAT] => 0
                    [IZNOS] => 0
                )

            [1] => Array
                (
                    [IDROBA] => M5005.XL
                    [KOLICINA] => 1
                    [CIJENA] => 139.50
                    [RABAT] => 0
                    [IZNOS] => 139.50
                )

            [2] => Array
                (
                    [IDROBA] => M5004.XL
                    [KOLICINA] => 1
                    [CIJENA] => 157.50
                    [RABAT] => 0
                    [IZNOS] => 157.50
                )

            [3] => Array
                (
                    [IDROBA] => M7046.XL
                    [KOLICINA] => 1
                    [CIJENA] => 121.50
                    [RABAT] => 0
                    [IZNOS] => 121.50
                )

        )

)

2020-11-17 11:32:51 - Illuminate\Support\Collection Object
(
    [items:protected] => Array
        (
            [creating] => start
            [ZAPIS] => Array
                (
                    [IDDOK] => NAW
                    [BROJDOK] => 10
                    [STAVAKA] => 4
                    [STAVKA] => 4
                    [KOLICINA_SIFRA] => 0
                    [DATUM] => 2020-11-17 00:00:00
                    [TEXT_GRESKE] => 
                    [KNJIZENO_KARTICA] => 
                    [KNJIZENO_GLKNJIGA] => 
                    [ZAKJUCANI_DN] => NE
                )

        )

)

