2020-11-13 6:18:41 - &idfirma=1
2020-11-13 6:18:41 - Array
(
    [narudzba] => Array
        (
            [CMS_ID] => KHR1
            [DATUM_VRIJEME] => 02.11.2020 20:57:34
            [NARUCITELJ_CMS_ID] => 1
            [NARUCITELJ_EMAIL] => kresimir.pavlic@ck.ht.hr
            [NARUCITELJ_IME] => Krešimir
            [NARUCITELJ_PREZIME] => Pavlic
            [NARUCITELJ_ADRESA] => D.Cesarića 11
            [NARUCITELJ_MJESTO] => Čakovec
            [NARUCITELJ_POSTA] => 40000
            [NARUCITELJ_TELEFON] => 0989597726
            [NARUCITELJ_NAZIV] => 
            [NARUCITELJ_OIB] => 
            [NARUCITELJ_VAT] => 
            [NARUCITELJ_ZEMLJA] => HRV
            [DOSTAVA_IME_PREZIME] => Krešimir Pavlic
            [DOSTAVA_ADRESA] => D.Cesarića 11
            [DOSTAVA_MJESTO] => Čakovec
            [DOSTAVA_POSTA] => 40000
            [NAPOMENA] => 
            [VALUTA] => 191
            [IZNOS_UKUPNO] => 150.00
            [TECAJ] => 1
        )

    [stavke] => Array
        (
            [0] => Array
                (
                    [IDROBA] => US00000203
                    [KOLICINA] => 1
                    [CIJENA] => 35
                    [RABAT] => 0
                    [IZNOS] => 35
                )

            [1] => Array
                (
                    [IDROBA] => M7053.L
                    [KOLICINA] => 1
                    [CIJENA] => 115.00
                    [RABAT] => 0
                    [IZNOS] => 115.00
                )

        )

)

2020-11-13 6:18:54 - Array
(
    [creating] => start
    [ZAPIS] => Array
        (
            [IDDOK] => NAW
            [BROJDOK] => 2
            [STAVAKA] => 2
            [STAVKA] => 2
            [KOLICINA_SIFRA] => 0
            [DATUM] => 2020-11-13 00:00:00
            [TEXT_GRESKE] => 
            [KNJIZENO_KARTICA] => 
            [KNJIZENO_GLKNJIGA] => 
            [ZAKJUCANI_DN] => NE
        )

)

