2020-11-13 10:00:33 - Array
(
    [order_id] => 9
    [invoice_no] => 0
    [invoice_prefix] => INV-2020-00
    [store_id] => 0
    [store_name] => KOZO UNDERWEAR
    [store_url] => https://www.kozo-underwear.hr/
    [customer_id] => 0
    [customer_group_id] => 1
    [firstname] => Ivan Branimir
    [lastname] => Jurković
    [email] => djurkovic27@gmail.com
    [telephone] => 098323152
    [fax] => 
    [custom_field] => []
    [payment_firstname] => Ivan Branimir
    [payment_lastname] => Jurković
    [payment_company] => 
    [payment_address_1] => Antuna Šoljana 39
    [payment_address_2] => 
    [payment_city] => Zagreb
    [payment_postcode] => 10000
    [payment_country] => Croatia
    [payment_country_id] => 53
    [payment_zone] => Bjelovarsko-bilogorska
    [payment_zone_id] => 847
    [payment_address_format] => 
    [payment_custom_field] => []
    [payment_method] => Plaćanje pouzećem
    [payment_code] => cod
    [shipping_firstname] => Ivan Branimir
    [shipping_lastname] => Jurković
    [shipping_company] => 
    [shipping_address_1] => Antuna Šoljana 39
    [shipping_address_2] => 
    [shipping_city] => Zagreb
    [shipping_postcode] => 10000
    [shipping_country] => Croatia
    [shipping_country_id] => 53
    [shipping_zone] => Bjelovarsko-bilogorska
    [shipping_zone_id] => 847
    [shipping_address_format] => 
    [shipping_custom_field] => []
    [shipping_method] => Dostava Intereuropa Hrvatska - Besplatna dostava za narudžbe iznad 350kn
    [shipping_code] => ultimate_shipping.ultimate_shipping_0
    [comment] => Order Comments: Nazvati sat vremena prije dostave na br. 098 323152.
    [total] => 150.0000
    [order_status_id] => 15
    [affiliate_id] => 0
    [commission] => 0.0000
    [marketing_id] => 0
    [tracking] => 
    [language_id] => 2
    [currency_id] => 4
    [currency_code] => HRK
    [currency_value] => 1.00000000
    [ip] => 91.209.216.2
    [forwarded_ip] => 
    [user_agent] => Mozilla/5.0 (Windows NT 6.1; WOW64; Trident/7.0; rv:11.0) like Gecko
    [accept_language] => hr-HR
    [paid_order] => 0
    [intereuropa] => 
    [date_added] => 2020-11-12 14:49:53
    [date_modified] => 2020-11-13 07:31:06
    [products] => Array
        (
            [0] => Array
                (
                    [order_product_id] => 17
                    [order_id] => 9
                    [product_id] => 140
                    [name] => MUŠKE BOKSERICE HIPSTER SIVE
                    [model] => M7072
                    [quantity] => 1
                    [price] => 115.0000
                    [total] => 115.0000
                    [tax] => 0.0000
                    [reward] => 0
                    [option] => Array
                        (
                            [order_option_id] => 16
                            [order_id] => 9
                            [order_product_id] => 17
                            [product_option_id] => 303
                            [product_option_value_id] => 412
                            [name] => Veličina
                            [value] => M
                            [type] => radio
                            [sku] => 
                            [option_data] => Array
                                (
                                    [product_option_value_id] => 412
                                    [product_option_id] => 303
                                    [product_id] => 140
                                    [option_id] => 13
                                    [option_value_id] => 51
                                    [quantity] => 100
                                    [subtract] => 1
                                    [price] => 0.0000
                                    [price_prefix] => +
                                    [points] => 0
                                    [points_prefix] => +
                                    [weight] => 0.00000000
                                    [weight_prefix] => +
                                    [sku] => M7072.M
                                )

                        )

                )

        )

    [totals] => Array
        (
            [0] => Array
                (
                    [order_total_id] => 28
                    [order_id] => 9
                    [code] => sub_total
                    [title] => Među suma
                    [value] => 115.0000
                    [sort_order] => 1
                )

            [1] => Array
                (
                    [order_total_id] => 29
                    [order_id] => 9
                    [code] => shipping
                    [title] => Dostava Intereuropa Hrvatska - Besplatna dostava za narudžbe iznad 350kn
                    [value] => 35.0000
                    [sort_order] => 3
                )

            [2] => Array
                (
                    [order_total_id] => 30
                    [order_id] => 9
                    [code] => total
                    [title] => Ukupno
                    [value] => 150.0000
                    [sort_order] => 9
                )

        )

    [status] => Array
        (
            [order_status_id] => 15
            [language_id] => 1
            [name] => Processed
        )

)

2020-11-13 10:00:33 - Array
(
    [narudzba] => Array
        (
            [CMS_ID] => KHR9
            [DATUM_VRIJEME] => 13.11.2020 07:31:06
            [NARUCITELJ_CMS_ID] => 1
            [NARUCITELJ_EMAIL] => djurkovic27@gmail.com
            [NARUCITELJ_IME] => Ivan Branimir
            [NARUCITELJ_PREZIME] => Jurković
            [NARUCITELJ_ADRESA] => Antuna Šoljana 39
            [NARUCITELJ_MJESTO] => Zagreb
            [NARUCITELJ_POSTA] => 10000
            [NARUCITELJ_TELEFON] => 098323152
            [NARUCITELJ_NAZIV] => 
            [NARUCITELJ_OIB] => 
            [NARUCITELJ_VAT] => 
            [NARUCITELJ_ZEMLJA] => HRV
            [DOSTAVA_IME_PREZIME] => Ivan Branimir Jurković
            [DOSTAVA_ADRESA] => Antuna Šoljana 39
            [DOSTAVA_MJESTO] => Zagreb
            [DOSTAVA_POSTA] => 10000
            [NAPOMENA] => Order Comments: Nazvati sat vremena prije dostave na br. 098 323152.
            [VALUTA] => 191
            [IZNOS_UKUPNO] => 150.00
            [TECAJ] => 1
        )

    [stavke] => Array
        (
            [0] => Array
                (
                    [IDROBA] => US00000203
                    [KOLICINA] => 1
                    [CIJENA] => 35
                    [RABAT] => 0
                    [IZNOS] => 35
                )

            [1] => Array
                (
                    [IDROBA] => M7072.M
                    [KOLICINA] => 1
                    [CIJENA] => 115.00
                    [RABAT] => 0
                    [IZNOS] => 115.00
                )

        )

)

2020-11-13 10:00:34 - Illuminate\Support\Collection Object
(
    [items:protected] => Array
        (
            [creating] => start
            [ZAPIS] => Array
                (
                    [IDDOK] => NAW
                    [BROJDOK] => 5
                    [STAVAKA] => 2
                    [STAVKA] => 2
                    [KOLICINA_SIFRA] => 0
                    [DATUM] => 2020-11-13 00:00:00
                    [TEXT_GRESKE] => 
                    [KNJIZENO_KARTICA] => 
                    [KNJIZENO_GLKNJIGA] => 
                    [ZAKJUCANI_DN] => NE
                )

        )

)

