2020-11-17 11:32:27 - Array
(
    [order_id] => 17
    [invoice_no] => 0
    [invoice_prefix] => INV-2020-00
    [store_id] => 0
    [store_name] => KOZO UNDERWEAR
    [store_url] => https://www.kozo-underwear.hr/
    [customer_id] => 12
    [customer_group_id] => 1
    [firstname] => Davor
    [lastname] => Mestrovic
    [email] => davor.mestrovic@hrt.hr
    [telephone] => 0996347060
    [fax] => 
    [custom_field] => 
    [payment_firstname] => Davor
    [payment_lastname] => Mestrovic
    [payment_company] => 
    [payment_address_1] => Boškovićeva 10
    [payment_address_2] => 
    [payment_city] => ZAGREB
    [payment_postcode] => 10000
    [payment_country] => Croatia
    [payment_country_id] => 53
    [payment_zone] => Bjelovarsko-bilogorska
    [payment_zone_id] => 847
    [payment_address_format] => 
    [payment_custom_field] => 
    [payment_method] => Kreditne kartice / Debitne Kartice (CorvusPay)
    [payment_code] => corvuspay
    [shipping_firstname] => Davor
    [shipping_lastname] => Mestrovic
    [shipping_company] => 
    [shipping_address_1] => Boškovićeva 10
    [shipping_address_2] => 
    [shipping_city] => ZAGREB
    [shipping_postcode] => 10000
    [shipping_country] => Croatia
    [shipping_country_id] => 53
    [shipping_zone] => Bjelovarsko-bilogorska
    [shipping_zone_id] => 847
    [shipping_address_format] => 
    [shipping_custom_field] => 
    [shipping_method] => Dostava Intereuropa Hrvatska - Besplatna dostava za narudžbe iznad 350kn
    [shipping_code] => ultimate_shipping.ultimate_shipping_0
    [comment] => 
    [total] => 47.5000
    [order_status_id] => 5
    [affiliate_id] => 0
    [commission] => 0.0000
    [marketing_id] => 0
    [tracking] => 
    [language_id] => 2
    [currency_id] => 4
    [currency_code] => HRK
    [currency_value] => 1.00000000
    [ip] => 93.136.110.16
    [forwarded_ip] => 
    [user_agent] => Mozilla/5.0 (Windows NT 10.0; Win64; x64) AppleWebKit/537.36 (KHTML, like Gecko) Chrome/86.0.4240.198 Safari/537.36 Edg/86.0.622.69
    [accept_language] => en-US,en;q=0.9,fr;q=0.8,it;q=0.7
    [paid_order] => 0
    [intereuropa] => 1
    [date_added] => 2020-11-16 17:11:33
    [date_modified] => 2020-11-16 17:13:38
    [products] => Array
        (
            [0] => Array
                (
                    [order_product_id] => 32
                    [order_id] => 17
                    [product_id] => 60
                    [name] => MUŠKA POTKOŠULJA UŽA RAMENICA BIJELA
                    [model] => M7007
                    [quantity] => 1
                    [price] => 112.5000
                    [total] => 112.5000
                    [tax] => 0.0000
                    [reward] => 0
                    [option] => Array
                        (
                            [order_option_id] => 31
                            [order_id] => 17
                            [order_product_id] => 32
                            [product_option_id] => 230
                            [product_option_value_id] => 513
                            [name] => Veličina
                            [value] => S
                            [type] => radio
                            [sku] => 
                            [option_data] => Array
                                (
                                    [product_option_value_id] => 513
                                    [product_option_id] => 230
                                    [product_id] => 60
                                    [option_id] => 13
                                    [option_value_id] => 52
                                    [quantity] => 99
                                    [subtract] => 1
                                    [price] => 0.0000
                                    [price_prefix] => +
                                    [points] => 0
                                    [points_prefix] => +
                                    [weight] => 0.00000000
                                    [weight_prefix] => +
                                    [sku] => M7007.S
                                )

                        )

                )

        )

    [totals] => Array
        (
            [0] => Array
                (
                    [order_total_id] => 52
                    [order_id] => 17
                    [code] => sub_total
                    [title] => Među suma
                    [value] => 112.5000
                    [sort_order] => 1
                )

            [1] => Array
                (
                    [order_total_id] => 53
                    [order_id] => 17
                    [code] => shipping
                    [title] => Dostava Intereuropa Hrvatska - Besplatna dostava za narudžbe iznad 350kn
                    [value] => 35.0000
                    [sort_order] => 3
                )

            [2] => Array
                (
                    [order_total_id] => 54
                    [order_id] => 17
                    [code] => coupon
                    [title] => Kupon za popust (0PxpG4)
                    [value] => -100.0000
                    [sort_order] => 4
                )

            [3] => Array
                (
                    [order_total_id] => 55
                    [order_id] => 17
                    [code] => total
                    [title] => Ukupno
                    [value] => 47.5000
                    [sort_order] => 9
                )

        )

    [status] => Array
        (
            [order_status_id] => 5
            [language_id] => 1
            [name] => Complete
        )

)

2020-11-17 11:32:27 - Array
(
    [narudzba] => Array
        (
            [CMS_ID] => KHR17
            [DATUM_VRIJEME] => 16.11.2020 17:13:38
            [NARUCITELJ_CMS_ID] => 1
            [NARUCITELJ_EMAIL] => davor.mestrovic@hrt.hr
            [NARUCITELJ_IME] => Davor
            [NARUCITELJ_PREZIME] => Mestrovic
            [NARUCITELJ_ADRESA] => Boškovićeva 10
            [NARUCITELJ_MJESTO] => ZAGREB
            [NARUCITELJ_POSTA] => 10000
            [NARUCITELJ_TELEFON] => 0996347060
            [NARUCITELJ_NAZIV] => 
            [NARUCITELJ_OIB] => 
            [NARUCITELJ_VAT] => 
            [NARUCITELJ_ZEMLJA] => HRV
            [DOSTAVA_IME_PREZIME] => Davor Mestrovic
            [DOSTAVA_ADRESA] => Boškovićeva 10
            [DOSTAVA_MJESTO] => ZAGREB
            [DOSTAVA_POSTA] => 10000
            [NAPOMENA] => 
            [VALUTA] => 191
            [IZNOS_UKUPNO] => 47.50
            [TECAJ] => 1
        )

    [stavke] => Array
        (
            [0] => Array
                (
                    [IDROBA] => US00000203
                    [KOLICINA] => 1
                    [CIJENA] => 35
                    [RABAT] => 0
                    [IZNOS] => 35
                )

            [1] => Array
                (
                    [IDROBA] => M7007.S
                    [KOLICINA] => 1
                    [CIJENA] => 112.50
                    [RABAT] => 0
                    [IZNOS] => 112.50
                )

        )

)

2020-11-17 11:32:31 - Illuminate\Support\Collection Object
(
    [items:protected] => Array
        (
            [creating] => start
            [ZAPIS] => Array
                (
                    [IDDOK] => NAW
                    [BROJDOK] => 8
                    [STAVAKA] => 2
                    [STAVKA] => 2
                    [KOLICINA_SIFRA] => 0
                    [DATUM] => 2020-11-17 00:00:00
                    [TEXT_GRESKE] => 
                    [KNJIZENO_KARTICA] => 
                    [KNJIZENO_GLKNJIGA] => 
                    [ZAKJUCANI_DN] => NE
                )

        )

)

