2020-11-17 12:36:34 - Array
(
    [order_id] => 13
    [invoice_no] => 0
    [invoice_prefix] => INV-2020-00
    [store_id] => 0
    [store_name] => KOZO UNDERWEAR
    [store_url] => https://www.kozo-underwear.hr/
    [customer_id] => 8
    [customer_group_id] => 1
    [firstname] => SAŠA
    [lastname] => TEŠIĆ
    [email] => sasaknjigovodstvo@gmail.com
    [telephone] => +385914320000
    [fax] => 
    [custom_field] => 
    [payment_firstname] => SAŠA
    [payment_lastname] => TEŠIĆ
    [payment_company] => 
    [payment_address_1] => LOŠINJSKA 2- TRGOVINA TREŠNJA
    [payment_address_2] => 
    [payment_city] => ZAGREB
    [payment_postcode] => 10000
    [payment_country] => Croatia
    [payment_country_id] => 53
    [payment_zone] => Bjelovarsko-bilogorska
    [payment_zone_id] => 847
    [payment_address_format] => 
    [payment_custom_field] => 
    [payment_method] => Plaćanje pouzećem
    [payment_code] => cod
    [shipping_firstname] => SAŠA
    [shipping_lastname] => TEŠIĆ
    [shipping_company] => 
    [shipping_address_1] => LOŠINJSKA 2- TRGOVINA TREŠNJA
    [shipping_address_2] => 
    [shipping_city] => ZAGREB
    [shipping_postcode] => 10000
    [shipping_country] => Croatia
    [shipping_country_id] => 53
    [shipping_zone] => Bjelovarsko-bilogorska
    [shipping_zone_id] => 847
    [shipping_address_format] => 
    [shipping_custom_field] => 
    [shipping_method] => Dostava Intereuropa Hrvatska - Besplatna dostava za narudžbe iznad 350kn
    [shipping_code] => ultimate_shipping.ultimate_shipping_0
    [comment] => 
    [total] => 278.0000
    [order_status_id] => 15
    [affiliate_id] => 0
    [commission] => 0.0000
    [marketing_id] => 0
    [tracking] => 
    [language_id] => 2
    [currency_id] => 4
    [currency_code] => HRK
    [currency_value] => 1.00000000
    [ip] => 89.164.133.212
    [forwarded_ip] => 
    [user_agent] => Mozilla/5.0 (Windows NT 10.0; Win64; x64) AppleWebKit/537.36 (KHTML, like Gecko) Chrome/86.0.4240.198 Safari/537.36
    [accept_language] => hr-HR,hr;q=0.9,en-US;q=0.8,en;q=0.7,bs;q=0.6
    [paid_order] => 0
    [intereuropa] => 1
    [date_added] => 2020-11-16 09:41:14
    [date_modified] => 2020-11-17 12:57:46
    [products] => Array
        (
            [0] => Array
                (
                    [order_product_id] => 24
                    [order_id] => 13
                    [product_id] => 130
                    [name] => MUŠKE BOKSERICE TRUNKS CRNE
                    [model] => M7063
                    [quantity] => 2
                    [price] => 121.5000
                    [total] => 243.0000
                    [tax] => 0.0000
                    [reward] => 0
                    [option] => Array
                        (
                            [order_option_id] => 23
                            [order_id] => 13
                            [order_product_id] => 24
                            [product_option_id] => 293
                            [product_option_value_id] => 359
                            [name] => Veličina
                            [value] => XXXL
                            [type] => radio
                            [sku] => 
                            [option_data] => Array
                                (
                                    [product_option_value_id] => 359
                                    [product_option_id] => 293
                                    [product_id] => 130
                                    [option_id] => 13
                                    [option_value_id] => 54
                                    [quantity] => 100
                                    [subtract] => 1
                                    [price] => 18.0000
                                    [price_prefix] => +
                                    [points] => 0
                                    [points_prefix] => +
                                    [weight] => 0.00000000
                                    [weight_prefix] => +
                                    [sku] => M7063.XXXL
                                )

                        )

                )

        )

    [totals] => Array
        (
            [0] => Array
                (
                    [order_total_id] => 40
                    [order_id] => 13
                    [code] => sub_total
                    [title] => Među suma
                    [value] => 243.0000
                    [sort_order] => 1
                )

            [1] => Array
                (
                    [order_total_id] => 41
                    [order_id] => 13
                    [code] => shipping
                    [title] => Dostava Intereuropa Hrvatska - Besplatna dostava za narudžbe iznad 350kn
                    [value] => 35.0000
                    [sort_order] => 3
                )

            [2] => Array
                (
                    [order_total_id] => 42
                    [order_id] => 13
                    [code] => total
                    [title] => Ukupno
                    [value] => 278.0000
                    [sort_order] => 9
                )

        )

    [status] => Array
        (
            [order_status_id] => 15
            [language_id] => 1
            [name] => Processed
        )

)

2020-11-17 12:36:34 - Array
(
    [narudzba] => Array
        (
            [CMS_ID] => KHR13
            [DATUM_VRIJEME] => 17.11.2020 12:57:46
            [NARUCITELJ_CMS_ID] => 1
            [NARUCITELJ_EMAIL] => sasaknjigovodstvo@gmail.com
            [NARUCITELJ_IME] => SAŠA
            [NARUCITELJ_PREZIME] => TEŠIĆ
            [NARUCITELJ_ADRESA] => LOŠINJSKA 2- TRGOVINA TREŠNJA
            [NARUCITELJ_MJESTO] => ZAGREB
            [NARUCITELJ_POSTA] => 10000
            [NARUCITELJ_TELEFON] => +385914320000
            [NARUCITELJ_NAZIV] => 
            [NARUCITELJ_OIB] => 
            [NARUCITELJ_VAT] => 
            [NARUCITELJ_ZEMLJA] => HRV
            [DOSTAVA_IME_PREZIME] => SAŠA TEŠIĆ
            [DOSTAVA_ADRESA] => LOŠINJSKA 2- TRGOVINA TREŠNJA
            [DOSTAVA_MJESTO] => ZAGREB
            [DOSTAVA_POSTA] => 10000
            [NAPOMENA] => 
            [VALUTA] => 191
            [IZNOS_UKUPNO] => 278.00
            [TECAJ] => 1
        )

    [stavke] => Array
        (
            [0] => Array
                (
                    [IDROBA] => US00000203
                    [KOLICINA] => 1
                    [CIJENA] => 35
                    [RABAT] => 0
                    [IZNOS] => 35
                )

            [1] => Array
                (
                    [IDROBA] => M7063.XXXL
                    [KOLICINA] => 2
                    [CIJENA] => 121.50
                    [RABAT] => 0
                    [IZNOS] => 243.00
                )

        )

)

2020-11-17 12:36:35 - Illuminate\Support\Collection Object
(
    [items:protected] => Array
        (
            [creating] => start
            [ZAPIS] => Array
                (
                    [IDDOK] => NAW
                    [BROJDOK] => 13
                    [STAVAKA] => 2
                    [STAVKA] => 2
                    [KOLICINA_SIFRA] => 0
                    [DATUM] => 2020-11-17 00:00:00
                    [TEXT_GRESKE] => 
                    [KNJIZENO_KARTICA] => 
                    [KNJIZENO_GLKNJIGA] => 
                    [ZAKJUCANI_DN] => NE
                )

        )

)

