2020-11-13 8:46:44 - &idfirma=1
2020-11-13 8:46:44 - Array
(
    [narudzba] => Array
        (
            [CMS_ID] => KHR5
            [DATUM_VRIJEME] => 13.11.2020 07:30:22
            [NARUCITELJ_CMS_ID] => 1
            [NARUCITELJ_EMAIL] => hujs@net.hr
            [NARUCITELJ_IME] => Dalibor
            [NARUCITELJ_PREZIME] => Hujs
            [NARUCITELJ_ADRESA] => Matije Gupca 116
            [NARUCITELJ_MJESTO] => Donji Vidovec
            [NARUCITELJ_POSTA] => 40327
            [NARUCITELJ_TELEFON] => 098-1306806
            [NARUCITELJ_NAZIV] => 
            [NARUCITELJ_OIB] => 
            [NARUCITELJ_VAT] => 
            [NARUCITELJ_ZEMLJA] => HRV
            [DOSTAVA_IME_PREZIME] => Dalibor Hujs
            [DOSTAVA_ADRESA] => Matije Gupca 116
            [DOSTAVA_MJESTO] => Donji Vidovec
            [DOSTAVA_POSTA] => 40327
            [NAPOMENA] => 
            [VALUTA] => 191
            [IZNOS_UKUPNO] => 405.00
            [TECAJ] => 1
        )

    [stavke] => Array
        (
            [0] => Array
                (
                    [IDROBA] => US00000203
                    [KOLICINA] => 1
                    [CIJENA] => 0
                    [RABAT] => 0
                    [IZNOS] => 0
                )

            [1] => Array
                (
                    [IDROBA] => M7046.M
                    [KOLICINA] => 1
                    [CIJENA] => 135.00
                    [RABAT] => 0
                    [IZNOS] => 135.00
                )

            [2] => Array
                (
                    [IDROBA] => M7043.M
                    [KOLICINA] => 1
                    [CIJENA] => 135.00
                    [RABAT] => 0
                    [IZNOS] => 135.00
                )

            [3] => Array
                (
                    [IDROBA] => M7040.M
                    [KOLICINA] => 1
                    [CIJENA] => 135.00
                    [RABAT] => 0
                    [IZNOS] => 135.00
                )

        )

)

2020-11-13 8:46:46 - Array
(
    [creating] => start
    [ZAPIS] => Array
        (
            [IDDOK] => NAW
            [BROJDOK] => 4
            [STAVAKA] => 4
            [STAVKA] => 4
            [KOLICINA_SIFRA] => 0
            [DATUM] => 2020-11-13 00:00:00
            [TEXT_GRESKE] => 
            [KNJIZENO_KARTICA] => 
            [KNJIZENO_GLKNJIGA] => 
            [ZAKJUCANI_DN] => NE
        )

)

