2020-11-20 9:25:32 - Array
(
    [order_id] => 20
    [invoice_no] => 0
    [invoice_prefix] => INV-2020-00
    [store_id] => 0
    [store_name] => KOZO UNDERWEAR
    [store_url] => https://www.kozo-underwear.hr/
    [customer_id] => 0
    [customer_group_id] => 1
    [firstname] => Edi
    [lastname] => Prijić
    [email] => edi.prijic@pu.t-com.hr
    [telephone] => +385 98 464 732
    [fax] => 
    [custom_field] => []
    [payment_firstname] => Edi
    [payment_lastname] => Prijić
    [payment_company] => 
    [payment_address_1] => Boškovićev uspon 10
    [payment_address_2] => 
    [payment_city] => Pula
    [payment_postcode] => 52100
    [payment_country] => Croatia
    [payment_country_id] => 53
    [payment_zone] => Bjelovarsko-bilogorska
    [payment_zone_id] => 847
    [payment_address_format] => 
    [payment_custom_field] => []
    [payment_method] => Kreditne kartice / Debitne Kartice (CorvusPay)
    [payment_code] => corvuspay
    [shipping_firstname] => Edi
    [shipping_lastname] => Prijić
    [shipping_company] => 
    [shipping_address_1] => Boškovićev uspon 10
    [shipping_address_2] => 
    [shipping_city] => Pula
    [shipping_postcode] => 52100
    [shipping_country] => Croatia
    [shipping_country_id] => 53
    [shipping_zone] => Bjelovarsko-bilogorska
    [shipping_zone_id] => 847
    [shipping_address_format] => 
    [shipping_custom_field] => []
    [shipping_method] => Besplatna dostava Intereuropa Hrvatska
    [shipping_code] => ultimate_shipping.ultimate_shipping_0
    [comment] => 
    [total] => 357.8000
    [order_status_id] => 5
    [affiliate_id] => 0
    [commission] => 0.0000
    [marketing_id] => 0
    [tracking] => 
    [language_id] => 2
    [currency_id] => 4
    [currency_code] => HRK
    [currency_value] => 1.00000000
    [ip] => 141.138.45.70
    [forwarded_ip] => 
    [user_agent] => Mozilla/5.0 (Windows NT 10.0; Win64; x64; rv:82.0) Gecko/20100101 Firefox/82.0
    [accept_language] => en-US,en;q=0.5
    [paid_order] => 0
    [intereuropa] => 1
    [date_added] => 2020-11-18 10:31:30
    [date_modified] => 2020-11-18 11:20:51
    [products] => Array
        (
            [0] => Array
                (
                    [order_product_id] => 37
                    [order_id] => 20
                    [product_id] => 63
                    [name] => MUŠKE GAĆE SLIP BIJELE
                    [model] => M7004
                    [quantity] => 1
                    [price] => 76.5000
                    [total] => 76.5000
                    [tax] => 0.0000
                    [reward] => 0
                    [option] => Array
                        (
                            [order_option_id] => 36
                            [order_id] => 20
                            [order_product_id] => 37
                            [product_option_id] => 333
                            [product_option_value_id] => 501
                            [name] => Veličina
                            [value] => XXXL
                            [type] => radio
                            [sku] => 
                            [option_data] => Array
                                (
                                    [product_option_value_id] => 501
                                    [product_option_id] => 333
                                    [product_id] => 63
                                    [option_id] => 13
                                    [option_value_id] => 54
                                    [quantity] => 99
                                    [subtract] => 1
                                    [price] => 0.0000
                                    [price_prefix] => +
                                    [points] => 0
                                    [points_prefix] => +
                                    [weight] => 0.00000000
                                    [weight_prefix] => +
                                    [sku] => M7004.XXXL
                                )

                        )

                )

            [1] => Array
                (
                    [order_product_id] => 38
                    [order_id] => 20
                    [product_id] => 65
                    [name] => MUŠKE GAĆE SLIP BIJELE
                    [model] => M7001
                    [quantity] => 1
                    [price] => 93.1000
                    [total] => 93.1000
                    [tax] => 0.0000
                    [reward] => 0
                    [option] => Array
                        (
                            [order_option_id] => 37
                            [order_id] => 20
                            [order_product_id] => 38
                            [product_option_id] => 229
                            [product_option_value_id] => 511
                            [name] => Veličina
                            [value] => XXXL
                            [type] => radio
                            [sku] => 
                            [option_data] => Array
                                (
                                    [product_option_value_id] => 511
                                    [product_option_id] => 229
                                    [product_id] => 65
                                    [option_id] => 13
                                    [option_value_id] => 54
                                    [quantity] => 100
                                    [subtract] => 0
                                    [price] => 13.0000
                                    [price_prefix] => +
                                    [points] => 0
                                    [points_prefix] => +
                                    [weight] => 0.00000000
                                    [weight_prefix] => +
                                    [sku] => M7001.XXXL
                                )

                        )

                )

            [2] => Array
                (
                    [order_product_id] => 39
                    [order_id] => 20
                    [product_id] => 105
                    [name] => MUŠKE GAĆE SLIP PRINT GEOMETRIC
                    [model] => M7039
                    [quantity] => 1
                    [price] => 101.4000
                    [total] => 101.4000
                    [tax] => 0.0000
                    [reward] => 0
                    [option] => Array
                        (
                            [order_option_id] => 38
                            [order_id] => 20
                            [order_product_id] => 39
                            [product_option_id] => 268
                            [product_option_value_id] => 228
                            [name] => Veličina
                            [value] => XXXL
                            [type] => radio
                            [sku] => 
                            [option_data] => Array
                                (
                                    [product_option_value_id] => 228
                                    [product_option_id] => 268
                                    [product_id] => 105
                                    [option_id] => 13
                                    [option_value_id] => 54
                                    [quantity] => 99
                                    [subtract] => 1
                                    [price] => 15.0000
                                    [price_prefix] => +
                                    [points] => 0
                                    [points_prefix] => +
                                    [weight] => 0.00000000
                                    [weight_prefix] => +
                                    [sku] => M7039.XXXL
                                )

                        )

                )

            [3] => Array
                (
                    [order_product_id] => 40
                    [order_id] => 20
                    [product_id] => 119
                    [name] => MUŠKE GAĆE SLIP BIJELE
                    [model] => M7051
                    [quantity] => 1
                    [price] => 86.8000
                    [total] => 86.8000
                    [tax] => 0.0000
                    [reward] => 0
                    [option] => Array
                        (
                            [order_option_id] => 39
                            [order_id] => 20
                            [order_product_id] => 40
                            [product_option_id] => 282
                            [product_option_value_id] => 294
                            [name] => Veličina
                            [value] => XXXL
                            [type] => radio
                            [sku] => 
                            [option_data] => Array
                                (
                                    [product_option_value_id] => 294
                                    [product_option_id] => 282
                                    [product_id] => 119
                                    [option_id] => 13
                                    [option_value_id] => 54
                                    [quantity] => 99
                                    [subtract] => 1
                                    [price] => 13.0000
                                    [price_prefix] => +
                                    [points] => 0
                                    [points_prefix] => +
                                    [weight] => 0.00000000
                                    [weight_prefix] => +
                                    [sku] => M7051.XXXL
                                )

                        )

                )

        )

    [totals] => Array
        (
            [0] => Array
                (
                    [order_total_id] => 62
                    [order_id] => 20
                    [code] => sub_total
                    [title] => Među suma
                    [value] => 357.8000
                    [sort_order] => 1
                )

            [1] => Array
                (
                    [order_total_id] => 63
                    [order_id] => 20
                    [code] => shipping
                    [title] => Besplatna dostava Intereuropa Hrvatska
                    [value] => 0.0000
                    [sort_order] => 3
                )

            [2] => Array
                (
                    [order_total_id] => 64
                    [order_id] => 20
                    [code] => total
                    [title] => Ukupno
                    [value] => 357.8000
                    [sort_order] => 9
                )

        )

    [status] => Array
        (
            [order_status_id] => 5
            [language_id] => 1
            [name] => Complete
        )

)

2020-11-20 9:25:32 - Array
(
    [narudzba] => Array
        (
            [CMS_ID] => KHR20
            [DATUM_VRIJEME] => 18.11.2020 11:20:51
            [NARUCITELJ_CMS_ID] => 1
            [NARUCITELJ_EMAIL] => edi.prijic@pu.t-com.hr
            [NARUCITELJ_IME] => Edi
            [NARUCITELJ_PREZIME] => Prijić
            [NARUCITELJ_ADRESA] => Boškovićev uspon 10
            [NARUCITELJ_MJESTO] => Pula
            [NARUCITELJ_POSTA] => 52100
            [NARUCITELJ_TELEFON] => +385 98 464 732
            [NARUCITELJ_NAZIV] => 
            [NARUCITELJ_OIB] => 
            [NARUCITELJ_VAT] => 
            [NARUCITELJ_ZEMLJA] => HRV
            [DOSTAVA_IME_PREZIME] => Edi Prijić
            [DOSTAVA_ADRESA] => Boškovićev uspon 10
            [DOSTAVA_MJESTO] => Pula
            [DOSTAVA_POSTA] => 52100
            [NAPOMENA] => 
            [VALUTA] => 191
            [IZNOS_UKUPNO] => 357.80
            [TECAJ] => 1
        )

    [stavke] => Array
        (
            [0] => Array
                (
                    [IDROBA] => US00000203
                    [KOLICINA] => 1
                    [CIJENA] => 0
                    [RABAT] => 0
                    [IZNOS] => 0
                )

            [1] => Array
                (
                    [IDROBA] => M7004.XXXL
                    [KOLICINA] => 1
                    [CIJENA] => 76.50
                    [RABAT] => 0
                    [IZNOS] => 76.50
                )

            [2] => Array
                (
                    [IDROBA] => M7001.XXXL
                    [KOLICINA] => 1
                    [CIJENA] => 93.10
                    [RABAT] => 0
                    [IZNOS] => 93.10
                )

            [3] => Array
                (
                    [IDROBA] => M7039.XXXL
                    [KOLICINA] => 1
                    [CIJENA] => 101.40
                    [RABAT] => 0
                    [IZNOS] => 101.40
                )

            [4] => Array
                (
                    [IDROBA] => M7051.XXXL
                    [KOLICINA] => 1
                    [CIJENA] => 86.80
                    [RABAT] => 0
                    [IZNOS] => 86.80
                )

        )

)

2020-11-20 9:25:33 - Illuminate\Support\Collection Object
(
    [items:protected] => Array
        (
            [creating] => start
            [ZAPIS] => Array
                (
                    [IDDOK] => NAW
                    [BROJDOK] => 16
                    [STAVAKA] => 5
                    [STAVKA] => 5
                    [KOLICINA_SIFRA] => 0
                    [DATUM] => 2020-11-20 00:00:00
                    [TEXT_GRESKE] => 
                    [KNJIZENO_KARTICA] => 
                    [KNJIZENO_GLKNJIGA] => 
                    [ZAKJUCANI_DN] => NE
                )

        )

)

