2020-11-17 11:32:50 - &idfirma=1
2020-11-17 11:32:50 - Array
(
    [narudzba] => Array
        (
            [CMS_ID] => KHR18
            [DATUM_VRIJEME] => 16.11.2020 17:26:06
            [NARUCITELJ_CMS_ID] => 1
            [NARUCITELJ_EMAIL] => josefrukavina@yahoo.de
            [NARUCITELJ_IME] => Josip
            [NARUCITELJ_PREZIME] => Rukavina
            [NARUCITELJ_ADRESA] => Ivana Lenkovića 6
            [NARUCITELJ_MJESTO] => SENJ
            [NARUCITELJ_POSTA] => 53270
            [NARUCITELJ_TELEFON] => 098783135
            [NARUCITELJ_NAZIV] => 
            [NARUCITELJ_OIB] => 
            [NARUCITELJ_VAT] => 
            [NARUCITELJ_ZEMLJA] => HRV
            [DOSTAVA_IME_PREZIME] => Josip Rukavina
            [DOSTAVA_ADRESA] => Ivana Lenkovića 6
            [DOSTAVA_MJESTO] => SENJ
            [DOSTAVA_POSTA] => 53270
            [NAPOMENA] => 
            [VALUTA] => 191
            [IZNOS_UKUPNO] => 418.50
            [TECAJ] => 1
        )

    [stavke] => Array
        (
            [0] => Array
                (
                    [IDROBA] => US00000203
                    [KOLICINA] => 1
                    [CIJENA] => 0
                    [RABAT] => 0
                    [IZNOS] => 0
                )

            [1] => Array
                (
                    [IDROBA] => M5005.XL
                    [KOLICINA] => 1
                    [CIJENA] => 139.50
                    [RABAT] => 0
                    [IZNOS] => 139.50
                )

            [2] => Array
                (
                    [IDROBA] => M5004.XL
                    [KOLICINA] => 1
                    [CIJENA] => 157.50
                    [RABAT] => 0
                    [IZNOS] => 157.50
                )

            [3] => Array
                (
                    [IDROBA] => M7046.XL
                    [KOLICINA] => 1
                    [CIJENA] => 121.50
                    [RABAT] => 0
                    [IZNOS] => 121.50
                )

        )

)

2020-11-17 11:32:51 - Array
(
    [creating] => start
    [ZAPIS] => Array
        (
            [IDDOK] => NAW
            [BROJDOK] => 10
            [STAVAKA] => 4
            [STAVKA] => 4
            [KOLICINA_SIFRA] => 0
            [DATUM] => 2020-11-17 00:00:00
            [TEXT_GRESKE] => 
            [KNJIZENO_KARTICA] => 
            [KNJIZENO_GLKNJIGA] => 
            [ZAKJUCANI_DN] => NE
        )

)

