2020-11-24 12:25:47 - Array
(
    [order_id] => 27
    [invoice_no] => 0
    [invoice_prefix] => INV-2020-00
    [store_id] => 0
    [store_name] => KOZO UNDERWEAR
    [store_url] => https://www.kozo-underwear.hr/
    [customer_id] => 18
    [customer_group_id] => 1
    [firstname] => Ivan
    [lastname] => Mihojevic
    [email] => talktoivo@gmail.com
    [telephone] => 098761627
    [fax] => 
    [custom_field] => 
    [payment_firstname] => Ivan
    [payment_lastname] => Mihojevic
    [payment_company] => 
    [payment_address_1] => Zinke Kunc 1 
    [payment_address_2] => 
    [payment_city] => Zagreb
    [payment_postcode] => 10360
    [payment_country] => Croatia
    [payment_country_id] => 53
    [payment_zone] => Bjelovarsko-bilogorska
    [payment_zone_id] => 847
    [payment_address_format] => 
    [payment_custom_field] => 
    [payment_method] => Kreditne kartice / Debitne Kartice (CorvusPay)
    [payment_code] => corvuspay
    [shipping_firstname] => Ivan
    [shipping_lastname] => Mihojevic
    [shipping_company] => 
    [shipping_address_1] => Zinke Kunc 1 
    [shipping_address_2] => 
    [shipping_city] => Zagreb
    [shipping_postcode] => 10360
    [shipping_country] => Croatia
    [shipping_country_id] => 53
    [shipping_zone] => Bjelovarsko-bilogorska
    [shipping_zone_id] => 847
    [shipping_address_format] => 
    [shipping_custom_field] => 
    [shipping_method] => Dostava Intereuropa Hrvatska - Besplatna dostava za narudžbe iznad 350kn
    [shipping_code] => ultimate_shipping.ultimate_shipping_0
    [comment] => 
    [total] => 183.0000
    [order_status_id] => 5
    [affiliate_id] => 0
    [commission] => 0.0000
    [marketing_id] => 0
    [tracking] => 
    [language_id] => 2
    [currency_id] => 4
    [currency_code] => HRK
    [currency_value] => 1.00000000
    [ip] => 176.62.22.125
    [forwarded_ip] => 
    [user_agent] => Mozilla/5.0 (Linux; Android 10; TAS-L29) AppleWebKit/537.36 (KHTML, like Gecko) Chrome/86.0.4240.198 Mobile Safari/537.36
    [accept_language] => en-HR,en;q=0.9,hr-HR;q=0.8,hr;q=0.7,en-GB;q=0.6,zh-CN;q=0.5,zh;q=0.4,en-US;q=0.3
    [paid_order] => 0
    [intereuropa] => 1
    [date_added] => 2020-11-23 08:00:46
    [date_modified] => 2020-11-23 08:01:55
    [products] => Array
        (
            [0] => Array
                (
                    [order_product_id] => 51
                    [order_id] => 27
                    [product_id] => 73
                    [name] => MUŠKA PIDŽAMA GORNJI DIO
                    [model] => M5006
                    [quantity] => 1
                    [price] => 148.0000
                    [total] => 148.0000
                    [tax] => 0.0000
                    [reward] => 0
                    [option] => Array
                        (
                            [order_option_id] => 50
                            [order_id] => 27
                            [order_product_id] => 51
                            [product_option_id] => 236
                            [product_option_value_id] => 59
                            [name] => Veličina
                            [value] => XL
                            [type] => radio
                            [sku] => 
                            [option_data] => Array
                                (
                                    [product_option_value_id] => 59
                                    [product_option_id] => 236
                                    [product_id] => 73
                                    [option_id] => 13
                                    [option_value_id] => 49
                                    [quantity] => 99
                                    [subtract] => 1
                                    [price] => 0.0000
                                    [price_prefix] => +
                                    [points] => 0
                                    [points_prefix] => +
                                    [weight] => 0.00000000
                                    [weight_prefix] => +
                                    [sku] => M5006.XL
                                )

                        )

                )

        )

    [totals] => Array
        (
            [0] => Array
                (
                    [order_total_id] => 83
                    [order_id] => 27
                    [code] => sub_total
                    [title] => Među suma
                    [value] => 148.0000
                    [sort_order] => 1
                )

            [1] => Array
                (
                    [order_total_id] => 84
                    [order_id] => 27
                    [code] => shipping
                    [title] => Dostava Intereuropa Hrvatska - Besplatna dostava za narudžbe iznad 350kn
                    [value] => 35.0000
                    [sort_order] => 3
                )

            [2] => Array
                (
                    [order_total_id] => 85
                    [order_id] => 27
                    [code] => total
                    [title] => Ukupno
                    [value] => 183.0000
                    [sort_order] => 9
                )

        )

    [status] => Array
        (
            [order_status_id] => 5
            [language_id] => 1
            [name] => Complete
        )

)

2020-11-24 12:25:47 - Array
(
    [narudzba] => Array
        (
            [CMS_ID] => KHR27
            [DATUM_VRIJEME] => 23.11.2020 08:01:55
            [NARUCITELJ_CMS_ID] => 1
            [NARUCITELJ_EMAIL] => talktoivo@gmail.com
            [NARUCITELJ_IME] => Ivan
            [NARUCITELJ_PREZIME] => Mihojevic
            [NARUCITELJ_ADRESA] => Zinke Kunc 1 
            [NARUCITELJ_MJESTO] => Zagreb
            [NARUCITELJ_POSTA] => 10360
            [NARUCITELJ_TELEFON] => 098761627
            [NARUCITELJ_NAZIV] => 
            [NARUCITELJ_OIB] => 
            [NARUCITELJ_VAT] => 
            [NARUCITELJ_ZEMLJA] => HRV
            [DOSTAVA_IME_PREZIME] => Ivan Mihojevic
            [DOSTAVA_ADRESA] => Zinke Kunc 1 
            [DOSTAVA_MJESTO] => Zagreb
            [DOSTAVA_POSTA] => 10360
            [NAPOMENA] => 
            [VALUTA] => 191
            [IZNOS_UKUPNO] => 183.00
            [TECAJ] => 1
        )

    [stavke] => Array
        (
            [0] => Array
                (
                    [IDROBA] => US00000203
                    [KOLICINA] => 1
                    [CIJENA] => 35
                    [RABAT] => 0
                    [IZNOS] => 35
                )

            [1] => Array
                (
                    [IDROBA] => M5006.XL
                    [KOLICINA] => 1
                    [CIJENA] => 148.00
                    [RABAT] => 0
                    [IZNOS] => 148.00
                )

        )

)

2020-11-24 12:25:51 - Illuminate\Support\Collection Object
(
    [items:protected] => Array
        (
            [creating] => start
            [ZAPIS] => Array
                (
                    [IDDOK] => NAW
                    [BROJDOK] => 20
                    [STAVAKA] => 2
                    [STAVKA] => 2
                    [KOLICINA_SIFRA] => 0
                    [DATUM] => 2020-11-24 00:00:00
                    [TEXT_GRESKE] => 
                    [KNJIZENO_KARTICA] => 
                    [KNJIZENO_GLKNJIGA] => 
                    [ZAKJUCANI_DN] => NE
                )

        )

)

