2020-11-17 11:32:58 - Array
(
    [order_id] => 16
    [invoice_no] => 0
    [invoice_prefix] => INV-2020-00
    [store_id] => 0
    [store_name] => KOZO UNDERWEAR
    [store_url] => https://www.kozo-underwear.hr/
    [customer_id] => 11
    [customer_group_id] => 1
    [firstname] => Dubravko
    [lastname] => Tomašić
    [email] => dubravko@infokom.hr
    [telephone] => 0913007041
    [fax] => 
    [custom_field] => 
    [payment_firstname] => Dubravko
    [payment_lastname] => Tomašić
    [payment_company] => 
    [payment_address_1] => Topnička 15 e
    [payment_address_2] => 
    [payment_city] => Zagreb
    [payment_postcode] => 10000
    [payment_country] => Croatia
    [payment_country_id] => 53
    [payment_zone] => Bjelovarsko-bilogorska
    [payment_zone_id] => 847
    [payment_address_format] => 
    [payment_custom_field] => 
    [payment_method] => Plaćanje pouzećem
    [payment_code] => cod
    [shipping_firstname] => Dubravko
    [shipping_lastname] => Tomašić
    [shipping_company] => 
    [shipping_address_1] => Topnička 15 e
    [shipping_address_2] => 
    [shipping_city] => Zagreb
    [shipping_postcode] => 10000
    [shipping_country] => Croatia
    [shipping_country_id] => 53
    [shipping_zone] => Bjelovarsko-bilogorska
    [shipping_zone_id] => 847
    [shipping_address_format] => 
    [shipping_custom_field] => 
    [shipping_method] => Dostava Intereuropa Hrvatska - Besplatna dostava za narudžbe iznad 350kn
    [shipping_code] => ultimate_shipping.ultimate_shipping_0
    [comment] => 
    [total] => 224.9000
    [order_status_id] => 1
    [affiliate_id] => 0
    [commission] => 0.0000
    [marketing_id] => 0
    [tracking] => 
    [language_id] => 2
    [currency_id] => 4
    [currency_code] => HRK
    [currency_value] => 1.00000000
    [ip] => 89.164.41.42
    [forwarded_ip] => 
    [user_agent] => Mozilla/5.0 (Windows NT 6.1; Win64; x64; rv:82.0) Gecko/20100101 Firefox/82.0
    [accept_language] => en-US,en;q=0.5
    [paid_order] => 0
    [intereuropa] => 1
    [date_added] => 2020-11-16 11:50:15
    [date_modified] => 2020-11-16 11:50:25
    [products] => Array
        (
            [0] => Array
                (
                    [order_product_id] => 30
                    [order_id] => 16
                    [product_id] => 112
                    [name] => MUŠKE GAĆE SLIP PRINT WEB
                    [model] => M7042
                    [quantity] => 1
                    [price] => 86.4000
                    [total] => 86.4000
                    [tax] => 0.0000
                    [reward] => 0
                    [option] => Array
                        (
                            [order_option_id] => 29
                            [order_id] => 16
                            [order_product_id] => 30
                            [product_option_id] => 275
                            [product_option_value_id] => 255
                            [name] => Veličina
                            [value] => L
                            [type] => radio
                            [sku] => 
                            [option_data] => Array
                                (
                                    [product_option_value_id] => 255
                                    [product_option_id] => 275
                                    [product_id] => 112
                                    [option_id] => 13
                                    [option_value_id] => 50
                                    [quantity] => 99
                                    [subtract] => 1
                                    [price] => 0.0000
                                    [price_prefix] => +
                                    [points] => 0
                                    [points_prefix] => +
                                    [weight] => 0.00000000
                                    [weight_prefix] => +
                                    [sku] => M7042.L
                                )

                        )

                )

            [1] => Array
                (
                    [order_product_id] => 31
                    [order_id] => 16
                    [product_id] => 142
                    [name] => MUŠKE BOKSERICE HIPSTER TAMNO PLAVE
                    [model] => M7076
                    [quantity] => 1
                    [price] => 103.5000
                    [total] => 103.5000
                    [tax] => 0.0000
                    [reward] => 0
                    [option] => Array
                        (
                            [order_option_id] => 30
                            [order_id] => 16
                            [order_product_id] => 31
                            [product_option_id] => 305
                            [product_option_value_id] => 419
                            [name] => Veličina
                            [value] => L
                            [type] => radio
                            [sku] => 
                            [option_data] => Array
                                (
                                    [product_option_value_id] => 419
                                    [product_option_id] => 305
                                    [product_id] => 142
                                    [option_id] => 13
                                    [option_value_id] => 50
                                    [quantity] => 99
                                    [subtract] => 1
                                    [price] => 0.0000
                                    [price_prefix] => +
                                    [points] => 0
                                    [points_prefix] => +
                                    [weight] => 0.00000000
                                    [weight_prefix] => +
                                    [sku] => M7076.L
                                )

                        )

                )

        )

    [totals] => Array
        (
            [0] => Array
                (
                    [order_total_id] => 49
                    [order_id] => 16
                    [code] => sub_total
                    [title] => Među suma
                    [value] => 189.9000
                    [sort_order] => 1
                )

            [1] => Array
                (
                    [order_total_id] => 50
                    [order_id] => 16
                    [code] => shipping
                    [title] => Dostava Intereuropa Hrvatska - Besplatna dostava za narudžbe iznad 350kn
                    [value] => 35.0000
                    [sort_order] => 3
                )

            [2] => Array
                (
                    [order_total_id] => 51
                    [order_id] => 16
                    [code] => total
                    [title] => Ukupno
                    [value] => 224.9000
                    [sort_order] => 9
                )

        )

    [status] => Array
        (
            [order_status_id] => 1
            [language_id] => 1
            [name] => Pending
        )

)

2020-11-17 11:32:58 - Array
(
    [narudzba] => Array
        (
            [CMS_ID] => KHR16
            [DATUM_VRIJEME] => 16.11.2020 11:50:25
            [NARUCITELJ_CMS_ID] => 1
            [NARUCITELJ_EMAIL] => dubravko@infokom.hr
            [NARUCITELJ_IME] => Dubravko
            [NARUCITELJ_PREZIME] => Tomašić
            [NARUCITELJ_ADRESA] => Topnička 15 e
            [NARUCITELJ_MJESTO] => Zagreb
            [NARUCITELJ_POSTA] => 10000
            [NARUCITELJ_TELEFON] => 0913007041
            [NARUCITELJ_NAZIV] => 
            [NARUCITELJ_OIB] => 
            [NARUCITELJ_VAT] => 
            [NARUCITELJ_ZEMLJA] => HRV
            [DOSTAVA_IME_PREZIME] => Dubravko Tomašić
            [DOSTAVA_ADRESA] => Topnička 15 e
            [DOSTAVA_MJESTO] => Zagreb
            [DOSTAVA_POSTA] => 10000
            [NAPOMENA] => 
            [VALUTA] => 191
            [IZNOS_UKUPNO] => 224.90
            [TECAJ] => 1
        )

    [stavke] => Array
        (
            [0] => Array
                (
                    [IDROBA] => US00000203
                    [KOLICINA] => 1
                    [CIJENA] => 35
                    [RABAT] => 0
                    [IZNOS] => 35
                )

            [1] => Array
                (
                    [IDROBA] => M7042.L
                    [KOLICINA] => 1
                    [CIJENA] => 86.40
                    [RABAT] => 0
                    [IZNOS] => 86.40
                )

            [2] => Array
                (
                    [IDROBA] => M7076.L
                    [KOLICINA] => 1
                    [CIJENA] => 103.50
                    [RABAT] => 0
                    [IZNOS] => 103.50
                )

        )

)

2020-11-17 11:33:00 - Illuminate\Support\Collection Object
(
    [items:protected] => Array
        (
            [creating] => start
            [ZAPIS] => Array
                (
                    [IDDOK] => NAW
                    [BROJDOK] => 11
                    [STAVAKA] => 3
                    [STAVKA] => 3
                    [KOLICINA_SIFRA] => 0
                    [DATUM] => 2020-11-17 00:00:00
                    [TEXT_GRESKE] => 
                    [KNJIZENO_KARTICA] => 
                    [KNJIZENO_GLKNJIGA] => 
                    [ZAKJUCANI_DN] => NE
                )

        )

)

