2020-11-30 13:03:19 - Array
(
    [order_id] => 42
    [invoice_no] => 0
    [invoice_prefix] => INV-2020-00
    [store_id] => 0
    [store_name] => KOZO UNDERWEAR
    [store_url] => https://www.kozo-underwear.hr/
    [customer_id] => 29
    [customer_group_id] => 1
    [firstname] => Iva
    [lastname] => Mrsic
    [email] => iva.sljiva9@gmail.com
    [telephone] => 0992012982
    [fax] => 
    [custom_field] => 
    [payment_firstname] => Iva
    [payment_lastname] => Mrsic
    [payment_company] => 
    [payment_address_1] => Zrneticeva 8
    [payment_address_2] => 
    [payment_city] => Zagreb
    [payment_postcode] => 10090
    [payment_country] => Croatia
    [payment_country_id] => 53
    [payment_zone] => Bjelovarsko-bilogorska
    [payment_zone_id] => 847
    [payment_address_format] => 
    [payment_custom_field] => 
    [payment_method] => Kreditne kartice / Debitne Kartice (CorvusPay)
    [payment_code] => corvuspay
    [shipping_firstname] => Iva
    [shipping_lastname] => Mrsic
    [shipping_company] => 
    [shipping_address_1] => Zrneticeva 8
    [shipping_address_2] => 
    [shipping_city] => Zagreb
    [shipping_postcode] => 10090
    [shipping_country] => Croatia
    [shipping_country_id] => 53
    [shipping_zone] => Bjelovarsko-bilogorska
    [shipping_zone_id] => 847
    [shipping_address_format] => 
    [shipping_custom_field] => 
    [shipping_method] => Besplatna dostava Intereuropa Hrvatska
    [shipping_code] => ultimate_shipping.ultimate_shipping_0
    [comment] => 
    [total] => 516.0000
    [order_status_id] => 5
    [affiliate_id] => 0
    [commission] => 0.0000
    [marketing_id] => 0
    [tracking] => 
    [language_id] => 2
    [currency_id] => 4
    [currency_code] => HRK
    [currency_value] => 1.00000000
    [ip] => 188.252.196.118
    [forwarded_ip] => 
    [user_agent] => Mozilla/5.0 (Linux; Android 10; SM-G960F) AppleWebKit/537.36 (KHTML, like Gecko) Chrome/87.0.4280.66 Mobile Safari/537.36
    [accept_language] => hr-HR,hr;q=0.9,en-US;q=0.8,en;q=0.7,bs;q=0.6
    [paid_order] => 0
    [intereuropa] => 1
    [date_added] => 2020-11-27 21:38:13
    [date_modified] => 2020-11-27 21:41:03
    [products] => Array
        (
            [0] => Array
                (
                    [order_product_id] => 78
                    [order_id] => 42
                    [product_id] => 112
                    [name] => MUŠKE GAĆE SLIP PRINT WEB
                    [model] => M7042
                    [quantity] => 2
                    [price] => 76.8000
                    [total] => 153.6000
                    [tax] => 0.0000
                    [reward] => 0
                    [option] => Array
                        (
                            [order_option_id] => 74
                            [order_id] => 42
                            [order_product_id] => 78
                            [product_option_id] => 275
                            [product_option_value_id] => 256
                            [name] => Veličina
                            [value] => M
                            [type] => radio
                            [sku] => 
                            [option_data] => Array
                                (
                                    [product_option_value_id] => 256
                                    [product_option_id] => 275
                                    [product_id] => 112
                                    [option_id] => 13
                                    [option_value_id] => 51
                                    [quantity] => 98
                                    [subtract] => 1
                                    [price] => 0.0000
                                    [price_prefix] => +
                                    [points] => 0
                                    [points_prefix] => +
                                    [weight] => 0.00000000
                                    [weight_prefix] => +
                                    [sku] => M7042.M
                                )

                        )

                )

            [1] => Array
                (
                    [order_product_id] => 76
                    [order_id] => 42
                    [product_id] => 79
                    [name] => MUŠKA PIDŽAMA DONJI DIO
                    [model] => M5008
                    [quantity] => 1
                    [price] => 156.0000
                    [total] => 156.0000
                    [tax] => 0.0000
                    [reward] => 0
                    [option] => Array
                        (
                            [order_option_id] => 72
                            [order_id] => 42
                            [order_product_id] => 76
                            [product_option_id] => 242
                            [product_option_value_id] => 92
                            [name] => Veličina
                            [value] => M
                            [type] => radio
                            [sku] => 
                            [option_data] => Array
                                (
                                    [product_option_value_id] => 92
                                    [product_option_id] => 242
                                    [product_id] => 79
                                    [option_id] => 13
                                    [option_value_id] => 51
                                    [quantity] => 99
                                    [subtract] => 1
                                    [price] => 0.0000
                                    [price_prefix] => +
                                    [points] => 0
                                    [points_prefix] => +
                                    [weight] => 0.00000000
                                    [weight_prefix] => +
                                    [sku] => M5008.M
                                )

                        )

                )

            [2] => Array
                (
                    [order_product_id] => 77
                    [order_id] => 42
                    [product_id] => 89
                    [name] => MUŠKA POTKOŠULJA UŽA RAMENICA CRNA
                    [model] => M7018
                    [quantity] => 1
                    [price] => 100.0000
                    [total] => 100.0000
                    [tax] => 0.0000
                    [reward] => 0
                    [option] => Array
                        (
                            [order_option_id] => 73
                            [order_id] => 42
                            [order_product_id] => 77
                            [product_option_id] => 252
                            [product_option_value_id] => 150
                            [name] => Veličina
                            [value] => S
                            [type] => radio
                            [sku] => 
                            [option_data] => Array
                                (
                                    [product_option_value_id] => 150
                                    [product_option_id] => 252
                                    [product_id] => 89
                                    [option_id] => 13
                                    [option_value_id] => 52
                                    [quantity] => 99
                                    [subtract] => 1
                                    [price] => 0.0000
                                    [price_prefix] => +
                                    [points] => 0
                                    [points_prefix] => +
                                    [weight] => 0.00000000
                                    [weight_prefix] => +
                                    [sku] => M7018.S
                                )

                        )

                )

            [3] => Array
                (
                    [order_product_id] => 79
                    [order_id] => 42
                    [product_id] => 115
                    [name] => MUŠKE GAĆE SLIP PRINT KOKOS
                    [model] => M7048
                    [quantity] => 1
                    [price] => 106.4000
                    [total] => 106.4000
                    [tax] => 0.0000
                    [reward] => 0
                    [option] => Array
                        (
                            [order_option_id] => 75
                            [order_id] => 42
                            [order_product_id] => 79
                            [product_option_id] => 278
                            [product_option_value_id] => 270
                            [name] => Veličina
                            [value] => M
                            [type] => radio
                            [sku] => 
                            [option_data] => Array
                                (
                                    [product_option_value_id] => 270
                                    [product_option_id] => 278
                                    [product_id] => 115
                                    [option_id] => 13
                                    [option_value_id] => 51
                                    [quantity] => 99
                                    [subtract] => 1
                                    [price] => 0.0000
                                    [price_prefix] => +
                                    [points] => 0
                                    [points_prefix] => +
                                    [weight] => 0.00000000
                                    [weight_prefix] => +
                                    [sku] => M7048.M
                                )

                        )

                )

            [4] => Array
                (
                    [order_product_id] => 80
                    [order_id] => 42
                    [product_id] => 167
                    [name] => WEB MASKA ZA LICE
                    [model] => P8013
                    [quantity] => 1
                    [price] => 40.8000
                    [total] => 40.8000
                    [tax] => 0.0000
                    [reward] => 0
                    [option] => 
                )

        )

    [totals] => Array
        (
            [0] => Array
                (
                    [order_total_id] => 131
                    [order_id] => 42
                    [code] => sub_total
                    [title] => Među suma
                    [value] => 556.8000
                    [sort_order] => 1
                )

            [1] => Array
                (
                    [order_total_id] => 132
                    [order_id] => 42
                    [code] => tieredgiftstotal
                    [title] => Besplatni poklon - WEB MASKA ZA LICE
                    [value] => -40.8000
                    [sort_order] => 2
                )

            [2] => Array
                (
                    [order_total_id] => 133
                    [order_id] => 42
                    [code] => shipping
                    [title] => Besplatna dostava Intereuropa Hrvatska
                    [value] => 0.0000
                    [sort_order] => 3
                )

            [3] => Array
                (
                    [order_total_id] => 134
                    [order_id] => 42
                    [code] => total
                    [title] => Ukupno
                    [value] => 516.0000
                    [sort_order] => 9
                )

        )

    [status] => Array
        (
            [order_status_id] => 5
            [language_id] => 1
            [name] => Complete
        )

)

2020-11-30 13:03:19 - Array
(
    [narudzba] => Array
        (
            [CMS_ID] => KHR42
            [DATUM_VRIJEME] => 27.11.2020 21:41:03
            [NARUCITELJ_CMS_ID] => 1
            [NARUCITELJ_EMAIL] => iva.sljiva9@gmail.com
            [NARUCITELJ_IME] => Iva
            [NARUCITELJ_PREZIME] => Mrsic
            [NARUCITELJ_ADRESA] => Zrneticeva 8
            [NARUCITELJ_MJESTO] => Zagreb
            [NARUCITELJ_POSTA] => 10090
            [NARUCITELJ_TELEFON] => 0992012982
            [NARUCITELJ_NAZIV] => 
            [NARUCITELJ_OIB] => 
            [NARUCITELJ_VAT] => 
            [NARUCITELJ_ZEMLJA] => HRV
            [DOSTAVA_IME_PREZIME] => Iva Mrsic
            [DOSTAVA_ADRESA] => Zrneticeva 8
            [DOSTAVA_MJESTO] => Zagreb
            [DOSTAVA_POSTA] => 10090
            [NAPOMENA] => 
            [VALUTA] => 191
            [IZNOS_UKUPNO] => 516.00
            [TECAJ] => 1
        )

    [stavke] => Array
        (
            [0] => Array
                (
                    [IDROBA] => US00000203
                    [KOLICINA] => 1
                    [CIJENA] => 0
                    [RABAT] => 0
                    [IZNOS] => 0
                )

            [1] => Array
                (
                    [IDROBA] => M7042.M
                    [KOLICINA] => 2
                    [CIJENA] => 76.80
                    [RABAT] => 0
                    [IZNOS] => 153.60
                )

            [2] => Array
                (
                    [IDROBA] => M5008.M
                    [KOLICINA] => 1
                    [CIJENA] => 156.00
                    [RABAT] => 0
                    [IZNOS] => 156.00
                )

            [3] => Array
                (
                    [IDROBA] => M7018.S
                    [KOLICINA] => 1
                    [CIJENA] => 100.00
                    [RABAT] => 0
                    [IZNOS] => 100.00
                )

            [4] => Array
                (
                    [IDROBA] => M7048.M
                    [KOLICINA] => 1
                    [CIJENA] => 106.40
                    [RABAT] => 0
                    [IZNOS] => 106.40
                )

            [5] => Array
                (
                    [IDROBA] => P8013
                    [KOLICINA] => 1
                    [CIJENA] => 40.80
                    [RABAT] => 0
                    [IZNOS] => 40.80
                )

        )

)

2020-11-30 13:03:20 - Illuminate\Support\Collection Object
(
    [items:protected] => Array
        (
            [creating] => start
            [ZAPIS] => Array
                (
                    [IDDOK] => NAW
                    [BROJDOK] => 33
                    [STAVAKA] => 6
                    [STAVKA] => 6
                    [KOLICINA_SIFRA] => 0
                    [DATUM] => 2020-11-30 00:00:00
                    [TEXT_GRESKE] => 
                    [KNJIZENO_KARTICA] => 
                    [KNJIZENO_GLKNJIGA] => 
                    [ZAKJUCANI_DN] => NE
                )

        )

)

