2020-11-17 12:36:34 - &idfirma=1
2020-11-17 12:36:34 - Array
(
    [narudzba] => Array
        (
            [CMS_ID] => KHR13
            [DATUM_VRIJEME] => 17.11.2020 12:57:46
            [NARUCITELJ_CMS_ID] => 1
            [NARUCITELJ_EMAIL] => sasaknjigovodstvo@gmail.com
            [NARUCITELJ_IME] => SAŠA
            [NARUCITELJ_PREZIME] => TEŠIĆ
            [NARUCITELJ_ADRESA] => LOŠINJSKA 2- TRGOVINA TREŠNJA
            [NARUCITELJ_MJESTO] => ZAGREB
            [NARUCITELJ_POSTA] => 10000
            [NARUCITELJ_TELEFON] => +385914320000
            [NARUCITELJ_NAZIV] => 
            [NARUCITELJ_OIB] => 
            [NARUCITELJ_VAT] => 
            [NARUCITELJ_ZEMLJA] => HRV
            [DOSTAVA_IME_PREZIME] => SAŠA TEŠIĆ
            [DOSTAVA_ADRESA] => LOŠINJSKA 2- TRGOVINA TREŠNJA
            [DOSTAVA_MJESTO] => ZAGREB
            [DOSTAVA_POSTA] => 10000
            [NAPOMENA] => 
            [VALUTA] => 191
            [IZNOS_UKUPNO] => 278.00
            [TECAJ] => 1
        )

    [stavke] => Array
        (
            [0] => Array
                (
                    [IDROBA] => US00000203
                    [KOLICINA] => 1
                    [CIJENA] => 35
                    [RABAT] => 0
                    [IZNOS] => 35
                )

            [1] => Array
                (
                    [IDROBA] => M7063.XXXL
                    [KOLICINA] => 2
                    [CIJENA] => 121.50
                    [RABAT] => 0
                    [IZNOS] => 243.00
                )

        )

)

2020-11-17 12:36:35 - Array
(
    [creating] => start
    [ZAPIS] => Array
        (
            [IDDOK] => NAW
            [BROJDOK] => 13
            [STAVAKA] => 2
            [STAVKA] => 2
            [KOLICINA_SIFRA] => 0
            [DATUM] => 2020-11-17 00:00:00
            [TEXT_GRESKE] => 
            [KNJIZENO_KARTICA] => 
            [KNJIZENO_GLKNJIGA] => 
            [ZAKJUCANI_DN] => NE
        )

)

