2020-11-13 8:46:44 - Array
(
    [order_id] => 5
    [invoice_no] => 0
    [invoice_prefix] => INV-2020-00
    [store_id] => 0
    [store_name] => KOZO UNDERWEAR
    [store_url] => https://www.kozo-underwear.hr/
    [customer_id] => 0
    [customer_group_id] => 1
    [firstname] => Dalibor
    [lastname] => Hujs
    [email] => hujs@net.hr
    [telephone] => 098-1306806
    [fax] => 
    [custom_field] => []
    [payment_firstname] => Dalibor
    [payment_lastname] => Hujs
    [payment_company] => 
    [payment_address_1] => Matije Gupca 116
    [payment_address_2] => 
    [payment_city] => Donji Vidovec
    [payment_postcode] => 40327
    [payment_country] => Croatia
    [payment_country_id] => 53
    [payment_zone] => Bjelovarsko-bilogorska
    [payment_zone_id] => 847
    [payment_address_format] => 
    [payment_custom_field] => []
    [payment_method] => Bankovna transakcija (internet bankarstvo)
    [payment_code] => bank_transfer
    [shipping_firstname] => Dalibor
    [shipping_lastname] => Hujs
    [shipping_company] => 
    [shipping_address_1] => Matije Gupca 116
    [shipping_address_2] => 
    [shipping_city] => Donji Vidovec
    [shipping_postcode] => 40327
    [shipping_country] => Croatia
    [shipping_country_id] => 53
    [shipping_zone] => Bjelovarsko-bilogorska
    [shipping_zone_id] => 847
    [shipping_address_format] => 
    [shipping_custom_field] => []
    [shipping_method] => Preuzmi kod nas - Trg republike 3, 40328 Donja Dubrava, Međimurska županija
    [shipping_code] => pickup.pickup
    [comment] => 
    [total] => 405.0000
    [order_status_id] => 15
    [affiliate_id] => 0
    [commission] => 0.0000
    [marketing_id] => 0
    [tracking] => 
    [language_id] => 2
    [currency_id] => 4
    [currency_code] => HRK
    [currency_value] => 1.00000000
    [ip] => 93.139.74.95
    [forwarded_ip] => 
    [user_agent] => Mozilla/5.0 (iPhone; CPU iPhone OS 14_1 like Mac OS X) AppleWebKit/605.1.15 (KHTML, like Gecko) Version/14.0 Mobile/15E148 Safari/604.1
    [accept_language] => hr-hr
    [paid_order] => 0
    [intereuropa] => 
    [date_added] => 2020-11-11 19:11:53
    [date_modified] => 2020-11-13 07:30:22
    [products] => Array
        (
            [0] => Array
                (
                    [order_product_id] => 13
                    [order_id] => 5
                    [product_id] => 111
                    [name] => MUŠKE BOKSERICE HIPSTER PRINT SQUARES
                    [model] => M7046
                    [quantity] => 1
                    [price] => 135.0000
                    [total] => 135.0000
                    [tax] => 0.0000
                    [reward] => 0
                    [option] => Array
                        (
                            [order_option_id] => 13
                            [order_id] => 5
                            [order_product_id] => 13
                            [product_option_id] => 274
                            [product_option_value_id] => 252
                            [name] => Veličina
                            [value] => M
                            [type] => radio
                            [sku] => M7046.M
                            [option_data] => Array
                                (
                                    [product_option_value_id] => 252
                                    [product_option_id] => 274
                                    [product_id] => 111
                                    [option_id] => 13
                                    [option_value_id] => 51
                                    [quantity] => 100
                                    [subtract] => 1
                                    [price] => 0.0000
                                    [price_prefix] => +
                                    [points] => 0
                                    [points_prefix] => +
                                    [weight] => 0.00000000
                                    [weight_prefix] => +
                                    [sku] => M7046.M
                                )

                        )

                )

            [1] => Array
                (
                    [order_product_id] => 12
                    [order_id] => 5
                    [product_id] => 110
                    [name] => MUŠKE BOKSERICE HIPSTER PRINT WEB
                    [model] => M7043
                    [quantity] => 1
                    [price] => 135.0000
                    [total] => 135.0000
                    [tax] => 0.0000
                    [reward] => 0
                    [option] => Array
                        (
                            [order_option_id] => 12
                            [order_id] => 5
                            [order_product_id] => 12
                            [product_option_id] => 273
                            [product_option_value_id] => 248
                            [name] => Veličina
                            [value] => M
                            [type] => radio
                            [sku] => M7043.M
                            [option_data] => Array
                                (
                                    [product_option_value_id] => 248
                                    [product_option_id] => 273
                                    [product_id] => 110
                                    [option_id] => 13
                                    [option_value_id] => 51
                                    [quantity] => 100
                                    [subtract] => 1
                                    [price] => 0.0000
                                    [price_prefix] => +
                                    [points] => 0
                                    [points_prefix] => +
                                    [weight] => 0.00000000
                                    [weight_prefix] => +
                                    [sku] => M7043.M
                                )

                        )

                )

            [2] => Array
                (
                    [order_product_id] => 11
                    [order_id] => 5
                    [product_id] => 108
                    [name] => MUŠKE BOKSERICE HIPSTER PRINT GEOMETRIC
                    [model] => M7040
                    [quantity] => 1
                    [price] => 135.0000
                    [total] => 135.0000
                    [tax] => 0.0000
                    [reward] => 0
                    [option] => Array
                        (
                            [order_option_id] => 11
                            [order_id] => 5
                            [order_product_id] => 11
                            [product_option_id] => 271
                            [product_option_value_id] => 240
                            [name] => Veličina
                            [value] => M
                            [type] => radio
                            [sku] => M7040.M
                            [option_data] => Array
                                (
                                    [product_option_value_id] => 240
                                    [product_option_id] => 271
                                    [product_id] => 108
                                    [option_id] => 13
                                    [option_value_id] => 51
                                    [quantity] => 100
                                    [subtract] => 1
                                    [price] => 0.0000
                                    [price_prefix] => +
                                    [points] => 0
                                    [points_prefix] => +
                                    [weight] => 0.00000000
                                    [weight_prefix] => +
                                    [sku] => M7040.M
                                )

                        )

                )

        )

    [totals] => Array
        (
            [0] => Array
                (
                    [order_total_id] => 16
                    [order_id] => 5
                    [code] => sub_total
                    [title] => Među suma
                    [value] => 405.0000
                    [sort_order] => 1
                )

            [1] => Array
                (
                    [order_total_id] => 17
                    [order_id] => 5
                    [code] => shipping
                    [title] => Preuzmi kod nas - Trg republike 3, 40328 Donja Dubrava, Međimurska županija
                    [value] => 0.0000
                    [sort_order] => 3
                )

            [2] => Array
                (
                    [order_total_id] => 18
                    [order_id] => 5
                    [code] => total
                    [title] => Ukupno
                    [value] => 405.0000
                    [sort_order] => 9
                )

        )

    [status] => Array
        (
            [order_status_id] => 15
            [language_id] => 1
            [name] => Processed
        )

)

2020-11-13 8:46:44 - Array
(
    [narudzba] => Array
        (
            [CMS_ID] => KHR5
            [DATUM_VRIJEME] => 13.11.2020 07:30:22
            [NARUCITELJ_CMS_ID] => 1
            [NARUCITELJ_EMAIL] => hujs@net.hr
            [NARUCITELJ_IME] => Dalibor
            [NARUCITELJ_PREZIME] => Hujs
            [NARUCITELJ_ADRESA] => Matije Gupca 116
            [NARUCITELJ_MJESTO] => Donji Vidovec
            [NARUCITELJ_POSTA] => 40327
            [NARUCITELJ_TELEFON] => 098-1306806
            [NARUCITELJ_NAZIV] => 
            [NARUCITELJ_OIB] => 
            [NARUCITELJ_VAT] => 
            [NARUCITELJ_ZEMLJA] => HRV
            [DOSTAVA_IME_PREZIME] => Dalibor Hujs
            [DOSTAVA_ADRESA] => Matije Gupca 116
            [DOSTAVA_MJESTO] => Donji Vidovec
            [DOSTAVA_POSTA] => 40327
            [NAPOMENA] => 
            [VALUTA] => 191
            [IZNOS_UKUPNO] => 405.00
            [TECAJ] => 1
        )

    [stavke] => Array
        (
            [0] => Array
                (
                    [IDROBA] => US00000203
                    [KOLICINA] => 1
                    [CIJENA] => 0
                    [RABAT] => 0
                    [IZNOS] => 0
                )

            [1] => Array
                (
                    [IDROBA] => M7046.M
                    [KOLICINA] => 1
                    [CIJENA] => 135.00
                    [RABAT] => 0
                    [IZNOS] => 135.00
                )

            [2] => Array
                (
                    [IDROBA] => M7043.M
                    [KOLICINA] => 1
                    [CIJENA] => 135.00
                    [RABAT] => 0
                    [IZNOS] => 135.00
                )

            [3] => Array
                (
                    [IDROBA] => M7040.M
                    [KOLICINA] => 1
                    [CIJENA] => 135.00
                    [RABAT] => 0
                    [IZNOS] => 135.00
                )

        )

)

2020-11-13 8:46:46 - Illuminate\Support\Collection Object
(
    [items:protected] => Array
        (
            [creating] => start
            [ZAPIS] => Array
                (
                    [IDDOK] => NAW
                    [BROJDOK] => 4
                    [STAVAKA] => 4
                    [STAVKA] => 4
                    [KOLICINA_SIFRA] => 0
                    [DATUM] => 2020-11-13 00:00:00
                    [TEXT_GRESKE] => 
                    [KNJIZENO_KARTICA] => 
                    [KNJIZENO_GLKNJIGA] => 
                    [ZAKJUCANI_DN] => NE
                )

        )

)

