2020-11-17 11:32:41 - Array
(
    [order_id] => 14
    [invoice_no] => 0
    [invoice_prefix] => INV-2020-00
    [store_id] => 0
    [store_name] => KOZO UNDERWEAR
    [store_url] => https://www.kozo-underwear.hr/
    [customer_id] => 0
    [customer_group_id] => 1
    [firstname] => Kristina
    [lastname] => Kopić Momčilović
    [email] => kristinakopic@gmail.com
    [telephone] => 0915986983
    [fax] => 
    [custom_field] => []
    [payment_firstname] => Kristina
    [payment_lastname] => Kopić Momčilović
    [payment_company] => 
    [payment_address_1] => Gustava Krkleca 4 
    [payment_address_2] => 
    [payment_city] => Zagreb
    [payment_postcode] => 10000
    [payment_country] => Croatia
    [payment_country_id] => 53
    [payment_zone] => Bjelovarsko-bilogorska
    [payment_zone_id] => 847
    [payment_address_format] => 
    [payment_custom_field] => []
    [payment_method] => Kreditne kartice / Debitne Kartice (CorvusPay)
    [payment_code] => corvuspay
    [shipping_firstname] => Kristina
    [shipping_lastname] => Kopić Momčilović
    [shipping_company] => 
    [shipping_address_1] => Gustava Krkleca 4 
    [shipping_address_2] => 
    [shipping_city] => Zagreb
    [shipping_postcode] => 10000
    [shipping_country] => Croatia
    [shipping_country_id] => 53
    [shipping_zone] => Bjelovarsko-bilogorska
    [shipping_zone_id] => 847
    [shipping_address_format] => 
    [shipping_custom_field] => []
    [shipping_method] => Dostava Intereuropa Hrvatska - Besplatna dostava za narudžbe iznad 350kn
    [shipping_code] => ultimate_shipping.ultimate_shipping_0
    [comment] => 
    [total] => 332.0000
    [order_status_id] => 5
    [affiliate_id] => 0
    [commission] => 0.0000
    [marketing_id] => 0
    [tracking] => 
    [language_id] => 2
    [currency_id] => 4
    [currency_code] => HRK
    [currency_value] => 1.00000000
    [ip] => 188.252.197.23
    [forwarded_ip] => 
    [user_agent] => Mozilla/5.0 (Linux; Android 8.0.0; WAS-LX1) AppleWebKit/537.36 (KHTML, like Gecko) Chrome/86.0.4240.185 Mobile Safari/537.36
    [accept_language] => hr-HR,hr;q=0.9,en-US;q=0.8,en;q=0.7,bs;q=0.6
    [paid_order] => 0
    [intereuropa] => 1
    [date_added] => 2020-11-16 09:50:21
    [date_modified] => 2020-11-16 09:52:25
    [products] => Array
        (
            [0] => Array
                (
                    [order_product_id] => 25
                    [order_id] => 14
                    [product_id] => 180
                    [name] => M5010 MUŠKA PIDŽAMA
                    [model] => M5010
                    [quantity] => 1
                    [price] => 297.0000
                    [total] => 297.0000
                    [tax] => 0.0000
                    [reward] => 0
                    [option] => Array
                        (
                            [order_option_id] => 24
                            [order_id] => 14
                            [order_product_id] => 25
                            [product_option_id] => 344
                            [product_option_value_id] => 573
                            [name] => Veličina
                            [value] => M
                            [type] => radio
                            [sku] => 
                            [option_data] => Array
                                (
                                    [product_option_value_id] => 573
                                    [product_option_id] => 344
                                    [product_id] => 180
                                    [option_id] => 13
                                    [option_value_id] => 51
                                    [quantity] => 99
                                    [subtract] => 1
                                    [price] => 0.0000
                                    [price_prefix] => +
                                    [points] => 0
                                    [points_prefix] => +
                                    [weight] => 0.00000000
                                    [weight_prefix] => +
                                    [sku] => M5010.M
                                )

                        )

                )

        )

    [totals] => Array
        (
            [0] => Array
                (
                    [order_total_id] => 43
                    [order_id] => 14
                    [code] => sub_total
                    [title] => Među suma
                    [value] => 297.0000
                    [sort_order] => 1
                )

            [1] => Array
                (
                    [order_total_id] => 44
                    [order_id] => 14
                    [code] => shipping
                    [title] => Dostava Intereuropa Hrvatska - Besplatna dostava za narudžbe iznad 350kn
                    [value] => 35.0000
                    [sort_order] => 3
                )

            [2] => Array
                (
                    [order_total_id] => 45
                    [order_id] => 14
                    [code] => total
                    [title] => Ukupno
                    [value] => 332.0000
                    [sort_order] => 9
                )

        )

    [status] => Array
        (
            [order_status_id] => 5
            [language_id] => 1
            [name] => Complete
        )

)

2020-11-17 11:32:41 - Array
(
    [narudzba] => Array
        (
            [CMS_ID] => KHR14
            [DATUM_VRIJEME] => 16.11.2020 09:52:25
            [NARUCITELJ_CMS_ID] => 1
            [NARUCITELJ_EMAIL] => kristinakopic@gmail.com
            [NARUCITELJ_IME] => Kristina
            [NARUCITELJ_PREZIME] => Kopić Momčilović
            [NARUCITELJ_ADRESA] => Gustava Krkleca 4 
            [NARUCITELJ_MJESTO] => Zagreb
            [NARUCITELJ_POSTA] => 10000
            [NARUCITELJ_TELEFON] => 0915986983
            [NARUCITELJ_NAZIV] => 
            [NARUCITELJ_OIB] => 
            [NARUCITELJ_VAT] => 
            [NARUCITELJ_ZEMLJA] => HRV
            [DOSTAVA_IME_PREZIME] => Kristina Kopić Momčilović
            [DOSTAVA_ADRESA] => Gustava Krkleca 4 
            [DOSTAVA_MJESTO] => Zagreb
            [DOSTAVA_POSTA] => 10000
            [NAPOMENA] => 
            [VALUTA] => 191
            [IZNOS_UKUPNO] => 332.00
            [TECAJ] => 1
        )

    [stavke] => Array
        (
            [0] => Array
                (
                    [IDROBA] => US00000203
                    [KOLICINA] => 1
                    [CIJENA] => 35
                    [RABAT] => 0
                    [IZNOS] => 35
                )

            [1] => Array
                (
                    [IDROBA] => M5010.M
                    [KOLICINA] => 1
                    [CIJENA] => 297.00
                    [RABAT] => 0
                    [IZNOS] => 297.00
                )

        )

)

2020-11-17 11:32:42 - Illuminate\Support\Collection Object
(
    [items:protected] => Array
        (
            [creating] => start
            [ZAPIS] => Array
                (
                    [IDDOK] => NAW
                    [BROJDOK] => 9
                    [STAVAKA] => 2
                    [STAVKA] => 2
                    [KOLICINA_SIFRA] => 0
                    [DATUM] => 2020-11-17 00:00:00
                    [TEXT_GRESKE] => 
                    [KNJIZENO_KARTICA] => 
                    [KNJIZENO_GLKNJIGA] => 
                    [ZAKJUCANI_DN] => NE
                )

        )

)

