2020-11-30 12:58:12 - Array
(
    [order_id] => 53
    [invoice_no] => 0
    [invoice_prefix] => INV-2020-00
    [store_id] => 0
    [store_name] => KOZO UNDERWEAR
    [store_url] => https://www.kozo-underwear.hr/
    [customer_id] => 39
    [customer_group_id] => 1
    [firstname] => Aisa
    [lastname] => Pertić Brajkovć
    [email] => odv.pertic.brajkovic@gmail.com
    [telephone] => 0915098011
    [fax] => 
    [custom_field] => 
    [payment_firstname] => Aisa
    [payment_lastname] => Pertić Brajkovć
    [payment_company] => 
    [payment_address_1] => Pozioi 1b
    [payment_address_2] => 
    [payment_city] => Umag
    [payment_postcode] => 52470
    [payment_country] => Croatia
    [payment_country_id] => 53
    [payment_zone] => Bjelovarsko-bilogorska
    [payment_zone_id] => 847
    [payment_address_format] => 
    [payment_custom_field] => 
    [payment_method] => Plaćanje pouzećem
    [payment_code] => cod
    [shipping_firstname] => Aisa
    [shipping_lastname] => Pertić Brajkovć
    [shipping_company] => 
    [shipping_address_1] => Pozioi 1b
    [shipping_address_2] => 
    [shipping_city] => Umag
    [shipping_postcode] => 52470
    [shipping_country] => Croatia
    [shipping_country_id] => 53
    [shipping_zone] => Bjelovarsko-bilogorska
    [shipping_zone_id] => 847
    [shipping_address_format] => 
    [shipping_custom_field] => 
    [shipping_method] => Besplatna dostava Intereuropa Hrvatska
    [shipping_code] => ultimate_shipping.ultimate_shipping_0
    [comment] => 
    [total] => 364.0000
    [order_status_id] => 1
    [affiliate_id] => 0
    [commission] => 0.0000
    [marketing_id] => 0
    [tracking] => 
    [language_id] => 2
    [currency_id] => 4
    [currency_code] => HRK
    [currency_value] => 1.00000000
    [ip] => 89.172.144.235
    [forwarded_ip] => 
    [user_agent] => Mozilla/5.0 (Windows NT 10.0; Win64; x64) AppleWebKit/537.36 (KHTML, like Gecko) Chrome/86.0.4240.198 Safari/537.36
    [accept_language] => hr-HR,hr;q=0.9,en-US;q=0.8,en;q=0.7
    [paid_order] => 0
    [intereuropa] => 1
    [date_added] => 2020-11-29 20:08:41
    [date_modified] => 2020-11-29 20:09:19
    [products] => Array
        (
            [0] => Array
                (
                    [order_product_id] => 118
                    [order_id] => 53
                    [product_id] => 102
                    [name] => MUŠKE BOKSERICE HIPSTER BOJA KOŽE
                    [model] => M7036
                    [quantity] => 1
                    [price] => 100.0000
                    [total] => 100.0000
                    [tax] => 0.0000
                    [reward] => 0
                    [option] => Array
                        (
                            [order_option_id] => 107
                            [order_id] => 53
                            [order_product_id] => 118
                            [product_option_id] => 265
                            [product_option_value_id] => 211
                            [name] => Veličina
                            [value] => L
                            [type] => radio
                            [sku] => 
                            [option_data] => Array
                                (
                                    [product_option_value_id] => 211
                                    [product_option_id] => 265
                                    [product_id] => 102
                                    [option_id] => 13
                                    [option_value_id] => 50
                                    [quantity] => 99
                                    [subtract] => 1
                                    [price] => 0.0000
                                    [price_prefix] => +
                                    [points] => 0
                                    [points_prefix] => +
                                    [weight] => 0.00000000
                                    [weight_prefix] => +
                                    [sku] => M7036.L
                                )

                        )

                )

            [1] => Array
                (
                    [order_product_id] => 119
                    [order_id] => 53
                    [product_id] => 180
                    [name] => M5010 MUŠKA PIDŽAMA
                    [model] => M5010
                    [quantity] => 1
                    [price] => 264.0000
                    [total] => 264.0000
                    [tax] => 0.0000
                    [reward] => 0
                    [option] => Array
                        (
                            [order_option_id] => 108
                            [order_id] => 53
                            [order_product_id] => 119
                            [product_option_id] => 344
                            [product_option_value_id] => 572
                            [name] => Veličina
                            [value] => L
                            [type] => radio
                            [sku] => 
                            [option_data] => Array
                                (
                                    [product_option_value_id] => 572
                                    [product_option_id] => 344
                                    [product_id] => 180
                                    [option_id] => 13
                                    [option_value_id] => 50
                                    [quantity] => 99
                                    [subtract] => 1
                                    [price] => 0.0000
                                    [price_prefix] => +
                                    [points] => 0
                                    [points_prefix] => +
                                    [weight] => 0.00000000
                                    [weight_prefix] => +
                                    [sku] => M5010.L
                                )

                        )

                )

        )

    [totals] => Array
        (
            [0] => Array
                (
                    [order_total_id] => 171
                    [order_id] => 53
                    [code] => sub_total
                    [title] => Među suma
                    [value] => 364.0000
                    [sort_order] => 1
                )

            [1] => Array
                (
                    [order_total_id] => 172
                    [order_id] => 53
                    [code] => shipping
                    [title] => Besplatna dostava Intereuropa Hrvatska
                    [value] => 0.0000
                    [sort_order] => 3
                )

            [2] => Array
                (
                    [order_total_id] => 173
                    [order_id] => 53
                    [code] => total
                    [title] => Ukupno
                    [value] => 364.0000
                    [sort_order] => 9
                )

        )

    [status] => Array
        (
            [order_status_id] => 1
            [language_id] => 1
            [name] => Pending
        )

)

2020-11-30 12:58:12 - Array
(
    [narudzba] => Array
        (
            [CMS_ID] => KHR53
            [DATUM_VRIJEME] => 29.11.2020 20:09:19
            [NARUCITELJ_CMS_ID] => 1
            [NARUCITELJ_EMAIL] => odv.pertic.brajkovic@gmail.com
            [NARUCITELJ_IME] => Aisa
            [NARUCITELJ_PREZIME] => Pertić Brajkovć
            [NARUCITELJ_ADRESA] => Pozioi 1b
            [NARUCITELJ_MJESTO] => Umag
            [NARUCITELJ_POSTA] => 52470
            [NARUCITELJ_TELEFON] => 0915098011
            [NARUCITELJ_NAZIV] => 
            [NARUCITELJ_OIB] => 
            [NARUCITELJ_VAT] => 
            [NARUCITELJ_ZEMLJA] => HRV
            [DOSTAVA_IME_PREZIME] => Aisa Pertić Brajkovć
            [DOSTAVA_ADRESA] => Pozioi 1b
            [DOSTAVA_MJESTO] => Umag
            [DOSTAVA_POSTA] => 52470
            [NAPOMENA] => 
            [VALUTA] => 191
            [IZNOS_UKUPNO] => 364.00
            [TECAJ] => 1
        )

    [stavke] => Array
        (
            [0] => Array
                (
                    [IDROBA] => US00000203
                    [KOLICINA] => 1
                    [CIJENA] => 0
                    [RABAT] => 0
                    [IZNOS] => 0
                )

            [1] => Array
                (
                    [IDROBA] => M7036.L
                    [KOLICINA] => 1
                    [CIJENA] => 100.00
                    [RABAT] => 0
                    [IZNOS] => 100.00
                )

            [2] => Array
                (
                    [IDROBA] => M5010.L
                    [KOLICINA] => 1
                    [CIJENA] => 264.00
                    [RABAT] => 0
                    [IZNOS] => 264.00
                )

        )

)

2020-11-30 12:58:14 - Illuminate\Support\Collection Object
(
    [items:protected] => Array
        (
            [creating] => start
            [ZAPIS] => Array
                (
                    [IDDOK] => NAW
                    [BROJDOK] => 29
                    [STAVAKA] => 3
                    [STAVKA] => 3
                    [KOLICINA_SIFRA] => 0
                    [DATUM] => 2020-11-30 00:00:00
                    [TEXT_GRESKE] => 
                    [KNJIZENO_KARTICA] => 
                    [KNJIZENO_GLKNJIGA] => 
                    [ZAKJUCANI_DN] => NE
                )

        )

)

