2020-11-30 13:03:09 - Array
(
    [order_id] => 43
    [invoice_no] => 0
    [invoice_prefix] => INV-2020-00
    [store_id] => 0
    [store_name] => KOZO UNDERWEAR
    [store_url] => https://www.kozo-underwear.hr/
    [customer_id] => 30
    [customer_group_id] => 1
    [firstname] => Kristina
    [lastname] => Kezele
    [email] => kristina.kezele@oradian.com
    [telephone] => 0914692510
    [fax] => 
    [custom_field] => 
    [payment_firstname] => Kristina
    [payment_lastname] => Kezele
    [payment_company] => 
    [payment_address_1] => Remete 84/1
    [payment_address_2] => 
    [payment_city] => Zagreb
    [payment_postcode] => 10000
    [payment_country] => Croatia
    [payment_country_id] => 53
    [payment_zone] => Bjelovarsko-bilogorska
    [payment_zone_id] => 847
    [payment_address_format] => 
    [payment_custom_field] => 
    [payment_method] => Kreditne kartice / Debitne Kartice (CorvusPay)
    [payment_code] => corvuspay
    [shipping_firstname] => Oradian d.o.o. 
    [shipping_lastname] => Kristina Kezele
    [shipping_company] => 
    [shipping_address_1] => Hebrangova 32
    [shipping_address_2] => 
    [shipping_city] => 10000
    [shipping_postcode] => Zagreb
    [shipping_country] => Croatia
    [shipping_country_id] => 53
    [shipping_zone] => 
    [shipping_zone_id] => 0
    [shipping_address_format] => 
    [shipping_custom_field] => 
    [shipping_method] => Besplatna dostava Intereuropa Hrvatska
    [shipping_code] => ultimate_shipping.ultimate_shipping_0
    [comment] => 
    [total] => 672.0000
    [order_status_id] => 5
    [affiliate_id] => 0
    [commission] => 0.0000
    [marketing_id] => 0
    [tracking] => 
    [language_id] => 2
    [currency_id] => 4
    [currency_code] => HRK
    [currency_value] => 1.00000000
    [ip] => 188.252.247.4
    [forwarded_ip] => 
    [user_agent] => Mozilla/5.0 (Macintosh; Intel Mac OS X 10_15_7) AppleWebKit/537.36 (KHTML, like Gecko) Chrome/87.0.4280.67 Safari/537.36
    [accept_language] => hr-HR,hr;q=0.9,en-US;q=0.8,en;q=0.7
    [paid_order] => 0
    [intereuropa] => 1
    [date_added] => 2020-11-27 21:41:53
    [date_modified] => 2020-11-27 21:44:00
    [products] => Array
        (
            [0] => Array
                (
                    [order_product_id] => 81
                    [order_id] => 43
                    [product_id] => 90
                    [name] => MUŠKE BOKSERICE HIPSTER SIVE
                    [model] => M7024
                    [quantity] => 1
                    [price] => 100.0000
                    [total] => 100.0000
                    [tax] => 0.0000
                    [reward] => 0
                    [option] => Array
                        (
                            [order_option_id] => 76
                            [order_id] => 43
                            [order_product_id] => 81
                            [product_option_id] => 253
                            [product_option_value_id] => 157
                            [name] => Veličina
                            [value] => XL
                            [type] => radio
                            [sku] => 
                            [option_data] => Array
                                (
                                    [product_option_value_id] => 157
                                    [product_option_id] => 253
                                    [product_id] => 90
                                    [option_id] => 13
                                    [option_value_id] => 49
                                    [quantity] => 99
                                    [subtract] => 1
                                    [price] => 0.0000
                                    [price_prefix] => +
                                    [points] => 0
                                    [points_prefix] => +
                                    [weight] => 0.00000000
                                    [weight_prefix] => +
                                    [sku] => M7024.XL
                                )

                        )

                )

            [1] => Array
                (
                    [order_product_id] => 82
                    [order_id] => 43
                    [product_id] => 140
                    [name] => MUŠKE BOKSERICE HIPSTER SIVE
                    [model] => M7072
                    [quantity] => 1
                    [price] => 92.0000
                    [total] => 92.0000
                    [tax] => 0.0000
                    [reward] => 0
                    [option] => Array
                        (
                            [order_option_id] => 77
                            [order_id] => 43
                            [order_product_id] => 82
                            [product_option_id] => 303
                            [product_option_value_id] => 414
                            [name] => Veličina
                            [value] => XL
                            [type] => radio
                            [sku] => 
                            [option_data] => Array
                                (
                                    [product_option_value_id] => 414
                                    [product_option_id] => 303
                                    [product_id] => 140
                                    [option_id] => 13
                                    [option_value_id] => 49
                                    [quantity] => 99
                                    [subtract] => 1
                                    [price] => 0.0000
                                    [price_prefix] => +
                                    [points] => 0
                                    [points_prefix] => +
                                    [weight] => 0.00000000
                                    [weight_prefix] => +
                                    [sku] => M7072.XL
                                )

                        )

                )

            [2] => Array
                (
                    [order_product_id] => 83
                    [order_id] => 43
                    [product_id] => 143
                    [name] => MUŠKA POTKOŠULJA UŽA RAMENICA SIVA
                    [model] => M7074
                    [quantity] => 1
                    [price] => 92.0000
                    [total] => 92.0000
                    [tax] => 0.0000
                    [reward] => 0
                    [option] => Array
                        (
                            [order_option_id] => 78
                            [order_id] => 43
                            [order_product_id] => 83
                            [product_option_id] => 306
                            [product_option_value_id] => 424
                            [name] => Veličina
                            [value] => L
                            [type] => radio
                            [sku] => 
                            [option_data] => Array
                                (
                                    [product_option_value_id] => 424
                                    [product_option_id] => 306
                                    [product_id] => 143
                                    [option_id] => 13
                                    [option_value_id] => 50
                                    [quantity] => 99
                                    [subtract] => 1
                                    [price] => 0.0000
                                    [price_prefix] => +
                                    [points] => 0
                                    [points_prefix] => +
                                    [weight] => 0.00000000
                                    [weight_prefix] => +
                                    [sku] => M7074.L
                                )

                        )

                )

            [3] => Array
                (
                    [order_product_id] => 84
                    [order_id] => 43
                    [product_id] => 145
                    [name] => MUŠKE BOKSERICE HIPSTER CRVENE
                    [model] => M7080
                    [quantity] => 1
                    [price] => 92.0000
                    [total] => 92.0000
                    [tax] => 0.0000
                    [reward] => 0
                    [option] => Array
                        (
                            [order_option_id] => 79
                            [order_id] => 43
                            [order_product_id] => 84
                            [product_option_id] => 308
                            [product_option_value_id] => 437
                            [name] => Veličina
                            [value] => XL
                            [type] => radio
                            [sku] => 
                            [option_data] => Array
                                (
                                    [product_option_value_id] => 437
                                    [product_option_id] => 308
                                    [product_id] => 145
                                    [option_id] => 13
                                    [option_value_id] => 49
                                    [quantity] => 98
                                    [subtract] => 1
                                    [price] => 0.0000
                                    [price_prefix] => +
                                    [points] => 0
                                    [points_prefix] => +
                                    [weight] => 0.00000000
                                    [weight_prefix] => +
                                    [sku] => M7080.XL
                                )

                        )

                )

            [4] => Array
                (
                    [order_product_id] => 85
                    [order_id] => 43
                    [product_id] => 168
                    [name] => GEOMETRIC MASKA ZA LICE
                    [model] => P8011
                    [quantity] => 1
                    [price] => 40.8000
                    [total] => 40.8000
                    [tax] => 0.0000
                    [reward] => 0
                    [option] => 
                )

            [5] => Array
                (
                    [order_product_id] => 86
                    [order_id] => 43
                    [product_id] => 183
                    [name] => MUŠKA PIDŽAMA
                    [model] => M5009
                    [quantity] => 1
                    [price] => 296.0000
                    [total] => 296.0000
                    [tax] => 0.0000
                    [reward] => 0
                    [option] => Array
                        (
                            [order_option_id] => 80
                            [order_id] => 43
                            [order_product_id] => 86
                            [product_option_id] => 345
                            [product_option_value_id] => 581
                            [name] => Veličina
                            [value] => XL
                            [type] => radio
                            [sku] => 
                            [option_data] => Array
                                (
                                    [product_option_value_id] => 581
                                    [product_option_id] => 345
                                    [product_id] => 183
                                    [option_id] => 13
                                    [option_value_id] => 49
                                    [quantity] => 99
                                    [subtract] => 1
                                    [price] => 0.0000
                                    [price_prefix] => +
                                    [points] => 0
                                    [points_prefix] => +
                                    [weight] => 0.00000000
                                    [weight_prefix] => +
                                    [sku] => M5009.XL
                                )

                        )

                )

        )

    [totals] => Array
        (
            [0] => Array
                (
                    [order_total_id] => 135
                    [order_id] => 43
                    [code] => sub_total
                    [title] => Među suma
                    [value] => 712.8000
                    [sort_order] => 1
                )

            [1] => Array
                (
                    [order_total_id] => 136
                    [order_id] => 43
                    [code] => tieredgiftstotal
                    [title] => Besplatni poklon - GEOMETRIC MASKA ZA LICE
                    [value] => -40.8000
                    [sort_order] => 2
                )

            [2] => Array
                (
                    [order_total_id] => 137
                    [order_id] => 43
                    [code] => shipping
                    [title] => Besplatna dostava Intereuropa Hrvatska
                    [value] => 0.0000
                    [sort_order] => 3
                )

            [3] => Array
                (
                    [order_total_id] => 138
                    [order_id] => 43
                    [code] => total
                    [title] => Ukupno
                    [value] => 672.0000
                    [sort_order] => 9
                )

        )

    [status] => Array
        (
            [order_status_id] => 5
            [language_id] => 1
            [name] => Complete
        )

)

2020-11-30 13:03:09 - Array
(
    [narudzba] => Array
        (
            [CMS_ID] => KHR43
            [DATUM_VRIJEME] => 27.11.2020 21:44:00
            [NARUCITELJ_CMS_ID] => 1
            [NARUCITELJ_EMAIL] => kristina.kezele@oradian.com
            [NARUCITELJ_IME] => Kristina
            [NARUCITELJ_PREZIME] => Kezele
            [NARUCITELJ_ADRESA] => Remete 84/1
            [NARUCITELJ_MJESTO] => Zagreb
            [NARUCITELJ_POSTA] => 10000
            [NARUCITELJ_TELEFON] => 0914692510
            [NARUCITELJ_NAZIV] => 
            [NARUCITELJ_OIB] => 
            [NARUCITELJ_VAT] => 
            [NARUCITELJ_ZEMLJA] => HRV
            [DOSTAVA_IME_PREZIME] => Oradian d.o.o.  Kristina Kezele
            [DOSTAVA_ADRESA] => Hebrangova 32
            [DOSTAVA_MJESTO] => 10000
            [DOSTAVA_POSTA] => Zagreb
            [NAPOMENA] => 
            [VALUTA] => 191
            [IZNOS_UKUPNO] => 672.00
            [TECAJ] => 1
        )

    [stavke] => Array
        (
            [0] => Array
                (
                    [IDROBA] => US00000203
                    [KOLICINA] => 1
                    [CIJENA] => 0
                    [RABAT] => 0
                    [IZNOS] => 0
                )

            [1] => Array
                (
                    [IDROBA] => M7024.XL
                    [KOLICINA] => 1
                    [CIJENA] => 100.00
                    [RABAT] => 0
                    [IZNOS] => 100.00
                )

            [2] => Array
                (
                    [IDROBA] => M7072.XL
                    [KOLICINA] => 1
                    [CIJENA] => 92.00
                    [RABAT] => 0
                    [IZNOS] => 92.00
                )

            [3] => Array
                (
                    [IDROBA] => M7074.L
                    [KOLICINA] => 1
                    [CIJENA] => 92.00
                    [RABAT] => 0
                    [IZNOS] => 92.00
                )

            [4] => Array
                (
                    [IDROBA] => M7080.XL
                    [KOLICINA] => 1
                    [CIJENA] => 92.00
                    [RABAT] => 0
                    [IZNOS] => 92.00
                )

            [5] => Array
                (
                    [IDROBA] => P8011
                    [KOLICINA] => 1
                    [CIJENA] => 40.80
                    [RABAT] => 0
                    [IZNOS] => 40.80
                )

            [6] => Array
                (
                    [IDROBA] => M5009.XL
                    [KOLICINA] => 1
                    [CIJENA] => 296.00
                    [RABAT] => 0
                    [IZNOS] => 296.00
                )

        )

)

2020-11-30 13:03:10 - Illuminate\Support\Collection Object
(
    [items:protected] => Array
        (
            [creating] => start
            [ZAPIS] => Array
                (
                    [IDDOK] => NAW
                    [BROJDOK] => 32
                    [STAVAKA] => 7
                    [STAVKA] => 7
                    [KOLICINA_SIFRA] => 0
                    [DATUM] => 2020-11-30 00:00:00
                    [TEXT_GRESKE] => 
                    [KNJIZENO_KARTICA] => 
                    [KNJIZENO_GLKNJIGA] => 
                    [ZAKJUCANI_DN] => NE
                )

        )

)

