2020-11-30 12:58:24 - &idfirma=1
2020-11-30 12:58:24 - Array
(
    [narudzba] => Array
        (
            [CMS_ID] => KHR52
            [DATUM_VRIJEME] => 29.11.2020 18:34:18
            [NARUCITELJ_CMS_ID] => 1
            [NARUCITELJ_EMAIL] => dr_pavisic@yahoo.com
            [NARUCITELJ_IME] => draženka
            [NARUCITELJ_PREZIME] => pavišić
            [NARUCITELJ_ADRESA] => trstenjakova 14 A
            [NARUCITELJ_MJESTO] => varaždin
            [NARUCITELJ_POSTA] => 42000
            [NARUCITELJ_TELEFON] => +38598735899
            [NARUCITELJ_NAZIV] => 
            [NARUCITELJ_OIB] => 
            [NARUCITELJ_VAT] => 
            [NARUCITELJ_ZEMLJA] => HRV
            [DOSTAVA_IME_PREZIME] => draženka pavišić
            [DOSTAVA_ADRESA] => trstenjakova 14 A
            [DOSTAVA_MJESTO] => varaždin
            [DOSTAVA_POSTA] => 42000
            [NAPOMENA] => 
            [VALUTA] => 191
            [IZNOS_UKUPNO] => 550.00
            [TECAJ] => 1
        )

    [stavke] => Array
        (
            [0] => Array
                (
                    [IDROBA] => US00000203
                    [KOLICINA] => 1
                    [CIJENA] => 0
                    [RABAT] => 0
                    [IZNOS] => 0
                )

            [1] => Array
                (
                    [IDROBA] => M7009.L
                    [KOLICINA] => 1
                    [CIJENA] => 112.00
                    [RABAT] => 0
                    [IZNOS] => 112.00
                )

            [2] => Array
                (
                    [IDROBA] => M7043.L
                    [KOLICINA] => 1
                    [CIJENA] => 108.00
                    [RABAT] => 0
                    [IZNOS] => 108.00
                )

            [3] => Array
                (
                    [IDROBA] => M7055.XXL
                    [KOLICINA] => 1
                    [CIJENA] => 110.00
                    [RABAT] => 0
                    [IZNOS] => 110.00
                )

            [4] => Array
                (
                    [IDROBA] => M7057.XXL
                    [KOLICINA] => 2
                    [CIJENA] => 110.00
                    [RABAT] => 0
                    [IZNOS] => 220.00
                )

            [5] => Array
                (
                    [IDROBA] => P8013
                    [KOLICINA] => 1
                    [CIJENA] => 40.80
                    [RABAT] => 0
                    [IZNOS] => 40.80
                )

        )

)

2020-11-30 12:58:25 - Array
(
    [creating] => start
    [ZAPIS] => Array
        (
            [IDDOK] => NAW
            [BROJDOK] => 30
            [STAVAKA] => 6
            [STAVKA] => 6
            [KOLICINA_SIFRA] => 0
            [DATUM] => 2020-11-30 00:00:00
            [TEXT_GRESKE] => 
            [KNJIZENO_KARTICA] => 
            [KNJIZENO_GLKNJIGA] => 
            [ZAKJUCANI_DN] => NE
        )

)

