2020-11-23 12:32:57 - Array
(
    [order_id] => 22
    [invoice_no] => 0
    [invoice_prefix] => INV-2020-00
    [store_id] => 0
    [store_name] => KOZO UNDERWEAR
    [store_url] => https://www.kozo-underwear.hr/
    [customer_id] => 0
    [customer_group_id] => 1
    [firstname] => Tihomir
    [lastname] => Ramljak
    [email] => ramljak.tihomir@gmail.com
    [telephone] => +385981704422
    [fax] => 
    [custom_field] => []
    [payment_firstname] => Tihomir
    [payment_lastname] => Ramljak
    [payment_company] => 
    [payment_address_1] => Marina Držića 5
    [payment_address_2] => 
    [payment_city] => ŽUPANJA
    [payment_postcode] => 32270
    [payment_country] => Croatia
    [payment_country_id] => 53
    [payment_zone] => Bjelovarsko-bilogorska
    [payment_zone_id] => 847
    [payment_address_format] => 
    [payment_custom_field] => []
    [payment_method] => Plaćanje pouzećem
    [payment_code] => cod
    [shipping_firstname] => Tihomir
    [shipping_lastname] => Ramljak
    [shipping_company] => 
    [shipping_address_1] => Marina Držića 5
    [shipping_address_2] => 
    [shipping_city] => ŽUPANJA
    [shipping_postcode] => 32270
    [shipping_country] => Croatia
    [shipping_country_id] => 53
    [shipping_zone] => Bjelovarsko-bilogorska
    [shipping_zone_id] => 847
    [shipping_address_format] => 
    [shipping_custom_field] => []
    [shipping_method] => Besplatna dostava Intereuropa Hrvatska
    [shipping_code] => ultimate_shipping.ultimate_shipping_0
    [comment] => Order Comments: Prije isporuke nazvati!
    [total] => 396.0000
    [order_status_id] => 1
    [affiliate_id] => 0
    [commission] => 0.0000
    [marketing_id] => 0
    [tracking] => 
    [language_id] => 2
    [currency_id] => 4
    [currency_code] => HRK
    [currency_value] => 1.00000000
    [ip] => 212.15.177.83
    [forwarded_ip] => 
    [user_agent] => Mozilla/5.0 (Linux; Android 9; VTR-L09) AppleWebKit/537.36 (KHTML, like Gecko) Chrome/78.0.3904.108 Mobile Safari/537.36
    [accept_language] => en-GB,en;q=0.9,hr-BA;q=0.8,hr-HR;q=0.7,hr;q=0.6,en-US;q=0.5
    [paid_order] => 0
    [intereuropa] => 1
    [date_added] => 2020-11-18 23:48:24
    [date_modified] => 2020-11-18 23:48:39
    [products] => Array
        (
            [0] => Array
                (
                    [order_product_id] => 42
                    [order_id] => 22
                    [product_id] => 83
                    [name] => MUŠKE SLIP GAĆE CRNE
                    [model] => M7015
                    [quantity] => 2
                    [price] => 76.5000
                    [total] => 153.0000
                    [tax] => 0.0000
                    [reward] => 0
                    [option] => Array
                        (
                            [order_option_id] => 41
                            [order_id] => 22
                            [order_product_id] => 42
                            [product_option_id] => 246
                            [product_option_value_id] => 116
                            [name] => Veličina
                            [value] => XL
                            [type] => radio
                            [sku] => 
                            [option_data] => Array
                                (
                                    [product_option_value_id] => 116
                                    [product_option_id] => 246
                                    [product_id] => 83
                                    [option_id] => 13
                                    [option_value_id] => 49
                                    [quantity] => 98
                                    [subtract] => 1
                                    [price] => 0.0000
                                    [price_prefix] => +
                                    [points] => 0
                                    [points_prefix] => +
                                    [weight] => 0.00000000
                                    [weight_prefix] => +
                                    [sku] => M7015.XL
                                )

                        )

                )

            [1] => Array
                (
                    [order_product_id] => 43
                    [order_id] => 22
                    [product_id] => 85
                    [name] => MUŠKA MAJICA V IZREZ CRNA
                    [model] => M7021
                    [quantity] => 1
                    [price] => 126.0000
                    [total] => 126.0000
                    [tax] => 0.0000
                    [reward] => 0
                    [option] => Array
                        (
                            [order_option_id] => 42
                            [order_id] => 22
                            [order_product_id] => 43
                            [product_option_id] => 248
                            [product_option_value_id] => 127
                            [name] => Veličina
                            [value] => XL
                            [type] => radio
                            [sku] => 
                            [option_data] => Array
                                (
                                    [product_option_value_id] => 127
                                    [product_option_id] => 248
                                    [product_id] => 85
                                    [option_id] => 13
                                    [option_value_id] => 49
                                    [quantity] => 99
                                    [subtract] => 1
                                    [price] => 0.0000
                                    [price_prefix] => +
                                    [points] => 0
                                    [points_prefix] => +
                                    [weight] => 0.00000000
                                    [weight_prefix] => +
                                    [sku] => M7021.XL
                                )

                        )

                )

            [2] => Array
                (
                    [order_product_id] => 44
                    [order_id] => 22
                    [product_id] => 139
                    [name] => MUŠKA MAJICA OKRUGLI IZREZ CRNA
                    [model] => M7069
                    [quantity] => 1
                    [price] => 117.0000
                    [total] => 117.0000
                    [tax] => 0.0000
                    [reward] => 0
                    [option] => Array
                        (
                            [order_option_id] => 43
                            [order_id] => 22
                            [order_product_id] => 44
                            [product_option_id] => 302
                            [product_option_value_id] => 408
                            [name] => Veličina
                            [value] => XL
                            [type] => radio
                            [sku] => 
                            [option_data] => Array
                                (
                                    [product_option_value_id] => 408
                                    [product_option_id] => 302
                                    [product_id] => 139
                                    [option_id] => 13
                                    [option_value_id] => 49
                                    [quantity] => 99
                                    [subtract] => 1
                                    [price] => 0.0000
                                    [price_prefix] => +
                                    [points] => 0
                                    [points_prefix] => +
                                    [weight] => 0.00000000
                                    [weight_prefix] => +
                                    [sku] => M7069.XL
                                )

                        )

                )

        )

    [totals] => Array
        (
            [0] => Array
                (
                    [order_total_id] => 68
                    [order_id] => 22
                    [code] => sub_total
                    [title] => Među suma
                    [value] => 396.0000
                    [sort_order] => 1
                )

            [1] => Array
                (
                    [order_total_id] => 69
                    [order_id] => 22
                    [code] => shipping
                    [title] => Besplatna dostava Intereuropa Hrvatska
                    [value] => 0.0000
                    [sort_order] => 3
                )

            [2] => Array
                (
                    [order_total_id] => 70
                    [order_id] => 22
                    [code] => total
                    [title] => Ukupno
                    [value] => 396.0000
                    [sort_order] => 9
                )

        )

    [status] => Array
        (
            [order_status_id] => 1
            [language_id] => 1
            [name] => Pending
        )

)

2020-11-23 12:32:57 - Array
(
    [narudzba] => Array
        (
            [CMS_ID] => KHR22
            [DATUM_VRIJEME] => 18.11.2020 23:48:39
            [NARUCITELJ_CMS_ID] => 1
            [NARUCITELJ_EMAIL] => ramljak.tihomir@gmail.com
            [NARUCITELJ_IME] => Tihomir
            [NARUCITELJ_PREZIME] => Ramljak
            [NARUCITELJ_ADRESA] => Marina Držića 5
            [NARUCITELJ_MJESTO] => ŽUPANJA
            [NARUCITELJ_POSTA] => 32270
            [NARUCITELJ_TELEFON] => +385981704422
            [NARUCITELJ_NAZIV] => 
            [NARUCITELJ_OIB] => 
            [NARUCITELJ_VAT] => 
            [NARUCITELJ_ZEMLJA] => HRV
            [DOSTAVA_IME_PREZIME] => Tihomir Ramljak
            [DOSTAVA_ADRESA] => Marina Držića 5
            [DOSTAVA_MJESTO] => ŽUPANJA
            [DOSTAVA_POSTA] => 32270
            [NAPOMENA] => Order Comments: Prije isporuke nazvati!
            [VALUTA] => 191
            [IZNOS_UKUPNO] => 396.00
            [TECAJ] => 1
        )

    [stavke] => Array
        (
            [0] => Array
                (
                    [IDROBA] => US00000203
                    [KOLICINA] => 1
                    [CIJENA] => 0
                    [RABAT] => 0
                    [IZNOS] => 0
                )

            [1] => Array
                (
                    [IDROBA] => M7015.XL
                    [KOLICINA] => 2
                    [CIJENA] => 76.50
                    [RABAT] => 0
                    [IZNOS] => 153.00
                )

            [2] => Array
                (
                    [IDROBA] => M7021.XL
                    [KOLICINA] => 1
                    [CIJENA] => 126.00
                    [RABAT] => 0
                    [IZNOS] => 126.00
                )

            [3] => Array
                (
                    [IDROBA] => M7069.XL
                    [KOLICINA] => 1
                    [CIJENA] => 117.00
                    [RABAT] => 0
                    [IZNOS] => 117.00
                )

        )

)

2020-11-23 12:32:58 - Illuminate\Support\Collection Object
(
    [items:protected] => Array
        (
            [creating] => start
            [ZAPIS] => Array
                (
                    [IDDOK] => NAW
                    [BROJDOK] => 18
                    [STAVAKA] => 4
                    [STAVKA] => 4
                    [KOLICINA_SIFRA] => 0
                    [DATUM] => 2020-11-23 00:00:00
                    [TEXT_GRESKE] => 
                    [KNJIZENO_KARTICA] => 
                    [KNJIZENO_GLKNJIGA] => 
                    [ZAKJUCANI_DN] => NE
                )

        )

)

