2020-11-10 11:34:42 - Array
(
    [order_id] => 4
    [invoice_no] => 0
    [invoice_prefix] => INV-2020-00
    [store_id] => 0
    [store_name] => KOZO UNDERWEAR
    [store_url] => https://www.kozo-underwear.hr/
    [customer_id] => 0
    [customer_group_id] => 1
    [firstname] => Ante
    [lastname] => Rosandic
    [email] => ante.rosandic@gmail.com
    [telephone] => +385959108049
    [fax] => 
    [custom_field] => []
    [payment_firstname] => Ante
    [payment_lastname] => Rosandic
    [payment_company] => 
    [payment_address_1] => Drage Šćitara 2
    [payment_address_2] => 
    [payment_city] => Rijeka
    [payment_postcode] => 51000
    [payment_country] => Croatia
    [payment_country_id] => 53
    [payment_zone] => Grad Zagreb
    [payment_zone_id] => 848
    [payment_address_format] => 
    [payment_custom_field] => []
    [payment_method] => Plaćanje pouzećem
    [payment_code] => cod
    [shipping_firstname] => Ante
    [shipping_lastname] => Rosandic
    [shipping_company] => 
    [shipping_address_1] => Drage Šćitara 2
    [shipping_address_2] => 
    [shipping_city] => Rijeka
    [shipping_postcode] => 51000
    [shipping_country] => Croatia
    [shipping_country_id] => 53
    [shipping_zone] => Grad Zagreb
    [shipping_zone_id] => 848
    [shipping_address_format] => 
    [shipping_custom_field] => []
    [shipping_method] => Dostava Intereuropa Hrvatska - Besplatna dostava za narudžbe iznad 350kn
    [shipping_code] => ultimate_shipping.ultimate_shipping_0
    [comment] => 
    [total] => 160.0000
    [order_status_id] => 1
    [affiliate_id] => 0
    [commission] => 0.0000
    [marketing_id] => 0
    [tracking] => 
    [language_id] => 2
    [currency_id] => 4
    [currency_code] => HRK
    [currency_value] => 1.00000000
    [ip] => 88.207.123.125
    [forwarded_ip] => 
    [user_agent] => Mozilla/5.0 (Linux; Android 10; SAMSUNG SM-G9600) AppleWebKit/537.36 (KHTML, like Gecko) SamsungBrowser/12.1 Chrome/79.0.3945.136 Mobile Safari/537.36
    [accept_language] => en-GB,en-US;q=0.9,en;q=0.8
    [paid_order] => 0
    [intereuropa] => 
    [date_added] => 2020-11-09 18:12:46
    [date_modified] => 2020-11-09 18:12:53
    [products] => Array
        (
            [0] => Array
                (
                    [order_product_id] => 7
                    [order_id] => 4
                    [product_id] => 102
                    [name] => MUŠKE BOKSERICE HIPSTER BOJA KOŽE
                    [model] => M7036
                    [quantity] => 1
                    [price] => 125.0000
                    [total] => 125.0000
                    [tax] => 0.0000
                    [reward] => 0
                    [option] => Array
                        (
                            [order_option_id] => 7
                            [order_id] => 4
                            [order_product_id] => 7
                            [product_option_id] => 265
                            [product_option_value_id] => 212
                            [name] => Veličina
                            [value] => M
                            [type] => radio
                            [sku] => 
                            [option_data] => Array
                                (
                                    [product_option_value_id] => 212
                                    [product_option_id] => 265
                                    [product_id] => 102
                                    [option_id] => 13
                                    [option_value_id] => 51
                                    [quantity] => 99
                                    [subtract] => 1
                                    [price] => 0.0000
                                    [price_prefix] => +
                                    [points] => 0
                                    [points_prefix] => +
                                    [weight] => 0.00000000
                                    [weight_prefix] => +
                                    [sku] => M7036.M
                                )

                        )

                )

        )

    [totals] => Array
        (
            [0] => Array
                (
                    [order_total_id] => 10
                    [order_id] => 4
                    [code] => sub_total
                    [title] => Među suma
                    [value] => 125.0000
                    [sort_order] => 1
                )

            [1] => Array
                (
                    [order_total_id] => 11
                    [order_id] => 4
                    [code] => shipping
                    [title] => Dostava Intereuropa Hrvatska - Besplatna dostava za narudžbe iznad 350kn
                    [value] => 35.0000
                    [sort_order] => 3
                )

            [2] => Array
                (
                    [order_total_id] => 12
                    [order_id] => 4
                    [code] => total
                    [title] => Ukupno
                    [value] => 160.0000
                    [sort_order] => 9
                )

        )

    [status] => Array
        (
            [order_status_id] => 1
            [language_id] => 1
            [name] => Pending
        )

)

2020-11-10 11:34:42 - Array
(
    [narudzba] => Array
        (
            [CMS_ID] => KHR4
            [DATUM_VRIJEME] => 09.11.2020 18:12:53
            [NARUCITELJ_CMS_ID] => 1
            [NARUCITELJ_EMAIL] => ante.rosandic@gmail.com
            [NARUCITELJ_IME] => Ante
            [NARUCITELJ_PREZIME] => Rosandic
            [NARUCITELJ_ADRESA] => Drage Šćitara 2
            [NARUCITELJ_MJESTO] => Rijeka
            [NARUCITELJ_POSTA] => 51000
            [NARUCITELJ_TELEFON] => +385959108049
            [NARUCITELJ_NAZIV] => 
            [NARUCITELJ_OIB] => 
            [NARUCITELJ_VAT] => 
            [NARUCITELJ_ZEMLJA] => HRV
            [DOSTAVA_IME_PREZIME] => Ante Rosandic
            [DOSTAVA_ADRESA] => Drage Šćitara 2
            [DOSTAVA_MJESTO] => Rijeka
            [DOSTAVA_POSTA] => 51000
            [NAPOMENA] => 
            [VALUTA] => 191
            [IZNOS_UKUPNO] => 160.00
            [TECAJ] => 1
        )

    [stavke] => Array
        (
            [0] => Array
                (
                    [IDROBA] => US00000203
                    [KOLICINA] => 1
                    [CIJENA] => 35
                    [RABAT] => 0
                    [IZNOS] => 35
                )

            [1] => Array
                (
                    [IDROBA] => M7036.M
                    [KOLICINA] => 1
                    [CIJENA] => 125.00
                    [RABAT] => 0
                    [IZNOS] => 125.00
                )

        )

)

2020-11-10 11:34:44 - Illuminate\Support\Collection Object
(
    [items:protected] => Array
        (
            [creating] => start
            [ZAPIS] => Array
                (
                    [IDDOK] => NAW
                    [BROJDOK] => 1
                    [STAVAKA] => 2
                    [STAVKA] => 2
                    [KOLICINA_SIFRA] => 0
                    [DATUM] => 2020-11-10 00:00:00
                    [TEXT_GRESKE] => 
                    [KNJIZENO_KARTICA] => 
                    [KNJIZENO_GLKNJIGA] => 
                    [ZAKJUCANI_DN] => NE
                )

        )

)

