2020-11-13 6:18:41 - Array
(
    [order_id] => 1
    [invoice_no] => 0
    [invoice_prefix] => INV-2020-00
    [store_id] => 0
    [store_name] => KOZO UNDERWEAR
    [store_url] => https://www.kozo-underwear.hr/
    [customer_id] => 0
    [customer_group_id] => 1
    [firstname] => Krešimir
    [lastname] => Pavlic
    [email] => kresimir.pavlic@ck.ht.hr
    [telephone] => 0989597726
    [fax] => 
    [custom_field] => []
    [payment_firstname] => Krešimir
    [payment_lastname] => Pavlic
    [payment_company] => 
    [payment_address_1] => D.Cesarića 11
    [payment_address_2] => 
    [payment_city] => Čakovec
    [payment_postcode] => 40000
    [payment_country] => Croatia
    [payment_country_id] => 53
    [payment_zone] => Grad Zagreb
    [payment_zone_id] => 848
    [payment_address_format] => 
    [payment_custom_field] => []
    [payment_method] => Kreditne kartice / Debitne Kartice (CorvusPay)
    [payment_code] => corvuspay
    [shipping_firstname] => Krešimir
    [shipping_lastname] => Pavlic
    [shipping_company] => 
    [shipping_address_1] => D.Cesarića 11
    [shipping_address_2] => 
    [shipping_city] => Čakovec
    [shipping_postcode] => 40000
    [shipping_country] => Croatia
    [shipping_country_id] => 53
    [shipping_zone] => Grad Zagreb
    [shipping_zone_id] => 848
    [shipping_address_format] => 
    [shipping_custom_field] => []
    [shipping_method] => Dostava Intereuropa Hrvatska - Besplatna dostava za narudžbe iznad 350kn
    [shipping_code] => ultimate_shipping.ultimate_shipping_0
    [comment] => 
    [total] => 150.0000
    [order_status_id] => 5
    [affiliate_id] => 0
    [commission] => 0.0000
    [marketing_id] => 0
    [tracking] => 
    [language_id] => 2
    [currency_id] => 4
    [currency_code] => HRK
    [currency_value] => 1.00000000
    [ip] => 93.139.166.81
    [forwarded_ip] => 
    [user_agent] => Mozilla/5.0 (Windows NT 10.0; Win64; x64; rv:82.0) Gecko/20100101 Firefox/82.0
    [accept_language] => en-US,en;q=0.5
    [paid_order] => 0
    [intereuropa] => 
    [date_added] => 2020-11-02 20:55:16
    [date_modified] => 2020-11-02 20:57:34
    [products] => Array
        (
            [0] => Array
                (
                    [order_product_id] => 1
                    [order_id] => 1
                    [product_id] => 121
                    [name] => MUŠKE BOKSERICE TRUNKS BIJELE
                    [model] => M7053
                    [quantity] => 1
                    [price] => 115.0000
                    [total] => 115.0000
                    [tax] => 0.0000
                    [reward] => 0
                    [option] => Array
                        (
                            [order_option_id] => 1
                            [order_id] => 1
                            [order_product_id] => 1
                            [product_option_id] => 284
                            [product_option_value_id] => 301
                            [name] => Veličina
                            [value] => L
                            [type] => radio
                            [sku] => 
                            [option_data] => Array
                                (
                                    [product_option_value_id] => 301
                                    [product_option_id] => 284
                                    [product_id] => 121
                                    [option_id] => 13
                                    [option_value_id] => 50
                                    [quantity] => 99
                                    [subtract] => 1
                                    [price] => 0.0000
                                    [price_prefix] => +
                                    [points] => 0
                                    [points_prefix] => +
                                    [weight] => 0.00000000
                                    [weight_prefix] => +
                                    [sku] => M7053.L
                                )

                        )

                )

        )

    [totals] => Array
        (
            [0] => Array
                (
                    [order_total_id] => 1
                    [order_id] => 1
                    [code] => sub_total
                    [title] => Među suma
                    [value] => 115.0000
                    [sort_order] => 1
                )

            [1] => Array
                (
                    [order_total_id] => 2
                    [order_id] => 1
                    [code] => shipping
                    [title] => Dostava Intereuropa Hrvatska - Besplatna dostava za narudžbe iznad 350kn
                    [value] => 35.0000
                    [sort_order] => 3
                )

            [2] => Array
                (
                    [order_total_id] => 3
                    [order_id] => 1
                    [code] => total
                    [title] => Ukupno
                    [value] => 150.0000
                    [sort_order] => 9
                )

        )

    [status] => Array
        (
            [order_status_id] => 5
            [language_id] => 1
            [name] => Complete
        )

)

2020-11-13 6:18:41 - Array
(
    [narudzba] => Array
        (
            [CMS_ID] => KHR1
            [DATUM_VRIJEME] => 02.11.2020 20:57:34
            [NARUCITELJ_CMS_ID] => 1
            [NARUCITELJ_EMAIL] => kresimir.pavlic@ck.ht.hr
            [NARUCITELJ_IME] => Krešimir
            [NARUCITELJ_PREZIME] => Pavlic
            [NARUCITELJ_ADRESA] => D.Cesarića 11
            [NARUCITELJ_MJESTO] => Čakovec
            [NARUCITELJ_POSTA] => 40000
            [NARUCITELJ_TELEFON] => 0989597726
            [NARUCITELJ_NAZIV] => 
            [NARUCITELJ_OIB] => 
            [NARUCITELJ_VAT] => 
            [NARUCITELJ_ZEMLJA] => HRV
            [DOSTAVA_IME_PREZIME] => Krešimir Pavlic
            [DOSTAVA_ADRESA] => D.Cesarića 11
            [DOSTAVA_MJESTO] => Čakovec
            [DOSTAVA_POSTA] => 40000
            [NAPOMENA] => 
            [VALUTA] => 191
            [IZNOS_UKUPNO] => 150.00
            [TECAJ] => 1
        )

    [stavke] => Array
        (
            [0] => Array
                (
                    [IDROBA] => US00000203
                    [KOLICINA] => 1
                    [CIJENA] => 35
                    [RABAT] => 0
                    [IZNOS] => 35
                )

            [1] => Array
                (
                    [IDROBA] => M7053.L
                    [KOLICINA] => 1
                    [CIJENA] => 115.00
                    [RABAT] => 0
                    [IZNOS] => 115.00
                )

        )

)

2020-11-13 6:18:54 - Illuminate\Support\Collection Object
(
    [items:protected] => Array
        (
            [creating] => start
            [ZAPIS] => Array
                (
                    [IDDOK] => NAW
                    [BROJDOK] => 2
                    [STAVAKA] => 2
                    [STAVKA] => 2
                    [KOLICINA_SIFRA] => 0
                    [DATUM] => 2020-11-13 00:00:00
                    [TEXT_GRESKE] => 
                    [KNJIZENO_KARTICA] => 
                    [KNJIZENO_GLKNJIGA] => 
                    [ZAKJUCANI_DN] => NE
                )

        )

)

