2020-11-16 11:08:50 - &idfirma=1
2020-11-16 11:08:50 - Array
(
    [narudzba] => Array
        (
            [CMS_ID] => KHR10
            [DATUM_VRIJEME] => 14.11.2020 11:29:32
            [NARUCITELJ_CMS_ID] => 1
            [NARUCITELJ_EMAIL] => mirjanaj.70@hotmail.com
            [NARUCITELJ_IME] => MIRJANA
            [NARUCITELJ_PREZIME] => JAMBROVIĆ
            [NARUCITELJ_ADRESA] => ZEBANEC SELO 49
            [NARUCITELJ_MJESTO] => SELNICA
            [NARUCITELJ_POSTA] => 40314
            [NARUCITELJ_TELEFON] => 0996714262
            [NARUCITELJ_NAZIV] => 
            [NARUCITELJ_OIB] => 
            [NARUCITELJ_VAT] => 
            [NARUCITELJ_ZEMLJA] => HRV
            [DOSTAVA_IME_PREZIME] => MIRJANA JAMBROVIĆ
            [DOSTAVA_ADRESA] => ZEBANEC SELO 49
            [DOSTAVA_MJESTO] => SELNICA
            [DOSTAVA_POSTA] => 40314
            [NAPOMENA] => 
            [VALUTA] => 191
            [IZNOS_UKUPNO] => 183.00
            [TECAJ] => 1
        )

    [stavke] => Array
        (
            [0] => Array
                (
                    [IDROBA] => US00000203
                    [KOLICINA] => 1
                    [CIJENA] => 35
                    [RABAT] => 0
                    [IZNOS] => 35
                )

            [1] => Array
                (
                    [IDROBA] => M5003.M
                    [KOLICINA] => 1
                    [CIJENA] => 148.00
                    [RABAT] => 0
                    [IZNOS] => 148.00
                )

        )

)

2020-11-16 11:08:51 - Array
(
    [creating] => start
    [ZAPIS] => Array
        (
            [IDDOK] => NAW
            [BROJDOK] => 7
            [STAVAKA] => 2
            [STAVKA] => 2
            [KOLICINA_SIFRA] => 0
            [DATUM] => 2020-11-16 00:00:00
            [TEXT_GRESKE] => 
            [KNJIZENO_KARTICA] => 
            [KNJIZENO_GLKNJIGA] => 
            [ZAKJUCANI_DN] => NE
        )

)

