2020-11-17 11:32:41 - &idfirma=1
2020-11-17 11:32:41 - Array
(
    [narudzba] => Array
        (
            [CMS_ID] => KHR14
            [DATUM_VRIJEME] => 16.11.2020 09:52:25
            [NARUCITELJ_CMS_ID] => 1
            [NARUCITELJ_EMAIL] => kristinakopic@gmail.com
            [NARUCITELJ_IME] => Kristina
            [NARUCITELJ_PREZIME] => Kopić Momčilović
            [NARUCITELJ_ADRESA] => Gustava Krkleca 4 
            [NARUCITELJ_MJESTO] => Zagreb
            [NARUCITELJ_POSTA] => 10000
            [NARUCITELJ_TELEFON] => 0915986983
            [NARUCITELJ_NAZIV] => 
            [NARUCITELJ_OIB] => 
            [NARUCITELJ_VAT] => 
            [NARUCITELJ_ZEMLJA] => HRV
            [DOSTAVA_IME_PREZIME] => Kristina Kopić Momčilović
            [DOSTAVA_ADRESA] => Gustava Krkleca 4 
            [DOSTAVA_MJESTO] => Zagreb
            [DOSTAVA_POSTA] => 10000
            [NAPOMENA] => 
            [VALUTA] => 191
            [IZNOS_UKUPNO] => 332.00
            [TECAJ] => 1
        )

    [stavke] => Array
        (
            [0] => Array
                (
                    [IDROBA] => US00000203
                    [KOLICINA] => 1
                    [CIJENA] => 35
                    [RABAT] => 0
                    [IZNOS] => 35
                )

            [1] => Array
                (
                    [IDROBA] => M5010.M
                    [KOLICINA] => 1
                    [CIJENA] => 297.00
                    [RABAT] => 0
                    [IZNOS] => 297.00
                )

        )

)

2020-11-17 11:32:42 - Array
(
    [creating] => start
    [ZAPIS] => Array
        (
            [IDDOK] => NAW
            [BROJDOK] => 9
            [STAVAKA] => 2
            [STAVKA] => 2
            [KOLICINA_SIFRA] => 0
            [DATUM] => 2020-11-17 00:00:00
            [TEXT_GRESKE] => 
            [KNJIZENO_KARTICA] => 
            [KNJIZENO_GLKNJIGA] => 
            [ZAKJUCANI_DN] => NE
        )

)

