2020-11-30 12:58:24 - Array
(
    [order_id] => 52
    [invoice_no] => 0
    [invoice_prefix] => INV-2020-00
    [store_id] => 0
    [store_name] => KOZO UNDERWEAR
    [store_url] => https://www.kozo-underwear.hr/
    [customer_id] => 37
    [customer_group_id] => 1
    [firstname] => draženka
    [lastname] => pavišić
    [email] => dr_pavisic@yahoo.com
    [telephone] => +38598735899
    [fax] => 
    [custom_field] => 
    [payment_firstname] => draženka
    [payment_lastname] => pavišić
    [payment_company] => 
    [payment_address_1] => trstenjakova 14 A
    [payment_address_2] => 
    [payment_city] => varaždin
    [payment_postcode] => 42000
    [payment_country] => Croatia
    [payment_country_id] => 53
    [payment_zone] => Bjelovarsko-bilogorska
    [payment_zone_id] => 847
    [payment_address_format] => 
    [payment_custom_field] => 
    [payment_method] => Plaćanje pouzećem
    [payment_code] => cod
    [shipping_firstname] => draženka
    [shipping_lastname] => pavišić
    [shipping_company] => 
    [shipping_address_1] => trstenjakova 14 A
    [shipping_address_2] => 
    [shipping_city] => varaždin
    [shipping_postcode] => 42000
    [shipping_country] => Croatia
    [shipping_country_id] => 53
    [shipping_zone] => Bjelovarsko-bilogorska
    [shipping_zone_id] => 847
    [shipping_address_format] => 
    [shipping_custom_field] => 
    [shipping_method] => Besplatna dostava Intereuropa Hrvatska
    [shipping_code] => ultimate_shipping.ultimate_shipping_0
    [comment] => 
    [total] => 550.0000
    [order_status_id] => 1
    [affiliate_id] => 0
    [commission] => 0.0000
    [marketing_id] => 0
    [tracking] => 
    [language_id] => 2
    [currency_id] => 4
    [currency_code] => HRK
    [currency_value] => 1.00000000
    [ip] => 93.140.53.182
    [forwarded_ip] => 
    [user_agent] => Mozilla/5.0 (Windows NT 6.1; Win64; x64) AppleWebKit/537.36 (KHTML, like Gecko) Chrome/87.0.4280.66 Safari/537.36
    [accept_language] => hr-HR,hr;q=0.9,en-US;q=0.8,en;q=0.7
    [paid_order] => 0
    [intereuropa] => 1
    [date_added] => 2020-11-29 18:34:00
    [date_modified] => 2020-11-29 18:34:18
    [products] => Array
        (
            [0] => Array
                (
                    [order_product_id] => 113
                    [order_id] => 52
                    [product_id] => 67
                    [name] => MUŠKA MAJICA OKRUGLI IZREZ BIJELA
                    [model] => M7009
                    [quantity] => 1
                    [price] => 112.0000
                    [total] => 112.0000
                    [tax] => 0.0000
                    [reward] => 0
                    [option] => Array
                        (
                            [order_option_id] => 103
                            [order_id] => 52
                            [order_product_id] => 113
                            [product_option_id] => 336
                            [product_option_value_id] => 522
                            [name] => Veličina
                            [value] => L
                            [type] => radio
                            [sku] => 
                            [option_data] => Array
                                (
                                    [product_option_value_id] => 522
                                    [product_option_id] => 336
                                    [product_id] => 67
                                    [option_id] => 13
                                    [option_value_id] => 50
                                    [quantity] => 99
                                    [subtract] => 1
                                    [price] => 0.0000
                                    [price_prefix] => +
                                    [points] => 0
                                    [points_prefix] => +
                                    [weight] => 0.00000000
                                    [weight_prefix] => +
                                    [sku] => M7009.L
                                )

                        )

                )

            [1] => Array
                (
                    [order_product_id] => 114
                    [order_id] => 52
                    [product_id] => 110
                    [name] => MUŠKE BOKSERICE HIPSTER PRINT WEB
                    [model] => M7043
                    [quantity] => 1
                    [price] => 108.0000
                    [total] => 108.0000
                    [tax] => 0.0000
                    [reward] => 0
                    [option] => Array
                        (
                            [order_option_id] => 104
                            [order_id] => 52
                            [order_product_id] => 114
                            [product_option_id] => 273
                            [product_option_value_id] => 247
                            [name] => Veličina
                            [value] => L
                            [type] => radio
                            [sku] => 
                            [option_data] => Array
                                (
                                    [product_option_value_id] => 247
                                    [product_option_id] => 273
                                    [product_id] => 110
                                    [option_id] => 13
                                    [option_value_id] => 50
                                    [quantity] => 98
                                    [subtract] => 1
                                    [price] => 0.0000
                                    [price_prefix] => +
                                    [points] => 0
                                    [points_prefix] => +
                                    [weight] => 0.00000000
                                    [weight_prefix] => +
                                    [sku] => M7043.L
                                )

                        )

                )

            [2] => Array
                (
                    [order_product_id] => 115
                    [order_id] => 52
                    [product_id] => 120
                    [name] => MUŠKE BOKSERICE BIJELE
                    [model] => M7055
                    [quantity] => 1
                    [price] => 110.0000
                    [total] => 110.0000
                    [tax] => 0.0000
                    [reward] => 0
                    [option] => Array
                        (
                            [order_option_id] => 105
                            [order_id] => 52
                            [order_product_id] => 115
                            [product_option_id] => 283
                            [product_option_value_id] => 299
                            [name] => Veličina
                            [value] => XXL
                            [type] => radio
                            [sku] => 
                            [option_data] => Array
                                (
                                    [product_option_value_id] => 299
                                    [product_option_id] => 283
                                    [product_id] => 120
                                    [option_id] => 13
                                    [option_value_id] => 53
                                    [quantity] => 99
                                    [subtract] => 1
                                    [price] => 18.0000
                                    [price_prefix] => +
                                    [points] => 0
                                    [points_prefix] => +
                                    [weight] => 0.00000000
                                    [weight_prefix] => +
                                    [sku] => M7055.XXL
                                )

                        )

                )

            [3] => Array
                (
                    [order_product_id] => 116
                    [order_id] => 52
                    [product_id] => 125
                    [name] => MUŠKA POTKOŠULJA UŽA RAMENICA BIJELA
                    [model] => M7057
                    [quantity] => 2
                    [price] => 110.0000
                    [total] => 220.0000
                    [tax] => 0.0000
                    [reward] => 0
                    [option] => Array
                        (
                            [order_option_id] => 106
                            [order_id] => 52
                            [order_product_id] => 116
                            [product_option_id] => 288
                            [product_option_value_id] => 328
                            [name] => Veličina
                            [value] => XXL
                            [type] => radio
                            [sku] => 
                            [option_data] => Array
                                (
                                    [product_option_value_id] => 328
                                    [product_option_id] => 288
                                    [product_id] => 125
                                    [option_id] => 13
                                    [option_value_id] => 53
                                    [quantity] => 98
                                    [subtract] => 1
                                    [price] => 18.0000
                                    [price_prefix] => +
                                    [points] => 0
                                    [points_prefix] => +
                                    [weight] => 0.00000000
                                    [weight_prefix] => +
                                    [sku] => M7057.XXL
                                )

                        )

                )

            [4] => Array
                (
                    [order_product_id] => 117
                    [order_id] => 52
                    [product_id] => 167
                    [name] => WEB MASKA ZA LICE
                    [model] => P8013
                    [quantity] => 1
                    [price] => 40.8000
                    [total] => 40.8000
                    [tax] => 0.0000
                    [reward] => 0
                    [option] => 
                )

        )

    [totals] => Array
        (
            [0] => Array
                (
                    [order_total_id] => 167
                    [order_id] => 52
                    [code] => sub_total
                    [title] => Među suma
                    [value] => 590.8000
                    [sort_order] => 1
                )

            [1] => Array
                (
                    [order_total_id] => 168
                    [order_id] => 52
                    [code] => tieredgiftstotal
                    [title] => Besplatni poklon - WEB MASKA ZA LICE
                    [value] => -40.8000
                    [sort_order] => 2
                )

            [2] => Array
                (
                    [order_total_id] => 169
                    [order_id] => 52
                    [code] => shipping
                    [title] => Besplatna dostava Intereuropa Hrvatska
                    [value] => 0.0000
                    [sort_order] => 3
                )

            [3] => Array
                (
                    [order_total_id] => 170
                    [order_id] => 52
                    [code] => total
                    [title] => Ukupno
                    [value] => 550.0000
                    [sort_order] => 9
                )

        )

    [status] => Array
        (
            [order_status_id] => 1
            [language_id] => 1
            [name] => Pending
        )

)

2020-11-30 12:58:24 - Array
(
    [narudzba] => Array
        (
            [CMS_ID] => KHR52
            [DATUM_VRIJEME] => 29.11.2020 18:34:18
            [NARUCITELJ_CMS_ID] => 1
            [NARUCITELJ_EMAIL] => dr_pavisic@yahoo.com
            [NARUCITELJ_IME] => draženka
            [NARUCITELJ_PREZIME] => pavišić
            [NARUCITELJ_ADRESA] => trstenjakova 14 A
            [NARUCITELJ_MJESTO] => varaždin
            [NARUCITELJ_POSTA] => 42000
            [NARUCITELJ_TELEFON] => +38598735899
            [NARUCITELJ_NAZIV] => 
            [NARUCITELJ_OIB] => 
            [NARUCITELJ_VAT] => 
            [NARUCITELJ_ZEMLJA] => HRV
            [DOSTAVA_IME_PREZIME] => draženka pavišić
            [DOSTAVA_ADRESA] => trstenjakova 14 A
            [DOSTAVA_MJESTO] => varaždin
            [DOSTAVA_POSTA] => 42000
            [NAPOMENA] => 
            [VALUTA] => 191
            [IZNOS_UKUPNO] => 550.00
            [TECAJ] => 1
        )

    [stavke] => Array
        (
            [0] => Array
                (
                    [IDROBA] => US00000203
                    [KOLICINA] => 1
                    [CIJENA] => 0
                    [RABAT] => 0
                    [IZNOS] => 0
                )

            [1] => Array
                (
                    [IDROBA] => M7009.L
                    [KOLICINA] => 1
                    [CIJENA] => 112.00
                    [RABAT] => 0
                    [IZNOS] => 112.00
                )

            [2] => Array
                (
                    [IDROBA] => M7043.L
                    [KOLICINA] => 1
                    [CIJENA] => 108.00
                    [RABAT] => 0
                    [IZNOS] => 108.00
                )

            [3] => Array
                (
                    [IDROBA] => M7055.XXL
                    [KOLICINA] => 1
                    [CIJENA] => 110.00
                    [RABAT] => 0
                    [IZNOS] => 110.00
                )

            [4] => Array
                (
                    [IDROBA] => M7057.XXL
                    [KOLICINA] => 2
                    [CIJENA] => 110.00
                    [RABAT] => 0
                    [IZNOS] => 220.00
                )

            [5] => Array
                (
                    [IDROBA] => P8013
                    [KOLICINA] => 1
                    [CIJENA] => 40.80
                    [RABAT] => 0
                    [IZNOS] => 40.80
                )

        )

)

2020-11-30 12:58:25 - Illuminate\Support\Collection Object
(
    [items:protected] => Array
        (
            [creating] => start
            [ZAPIS] => Array
                (
                    [IDDOK] => NAW
                    [BROJDOK] => 30
                    [STAVAKA] => 6
                    [STAVKA] => 6
                    [KOLICINA_SIFRA] => 0
                    [DATUM] => 2020-11-30 00:00:00
                    [TEXT_GRESKE] => 
                    [KNJIZENO_KARTICA] => 
                    [KNJIZENO_GLKNJIGA] => 
                    [ZAKJUCANI_DN] => NE
                )

        )

)

