2020-11-23 12:33:14 - &idfirma=1
2020-11-23 12:33:14 - Array
(
    [narudzba] => Array
        (
            [CMS_ID] => KHR25
            [DATUM_VRIJEME] => 21.11.2020 22:44:16
            [NARUCITELJ_CMS_ID] => 1
            [NARUCITELJ_EMAIL] => miroslav.komiza@gmail.com
            [NARUCITELJ_IME] => Miroslav
            [NARUCITELJ_PREZIME] => Ninkovic
            [NARUCITELJ_ADRESA] => Mazuranicevo setaliste 63
            [NARUCITELJ_MJESTO] => Split
            [NARUCITELJ_POSTA] => 21000
            [NARUCITELJ_TELEFON] => 099 236 4565
            [NARUCITELJ_NAZIV] => 
            [NARUCITELJ_OIB] => 
            [NARUCITELJ_VAT] => 
            [NARUCITELJ_ZEMLJA] => HRV
            [DOSTAVA_IME_PREZIME] => Miroslav Ninkovic
            [DOSTAVA_ADRESA] => Mazuranicevo setaliste 63
            [DOSTAVA_MJESTO] => Split
            [DOSTAVA_POSTA] => 21000
            [NAPOMENA] => Order Comments: Na parlafonu i sanducicu piše Balic -Bego
            [VALUTA] => 191
            [IZNOS_UKUPNO] => 138.50
            [TECAJ] => 1
        )

    [stavke] => Array
        (
            [0] => Array
                (
                    [IDROBA] => US00000203
                    [KOLICINA] => 1
                    [CIJENA] => 35
                    [RABAT] => 0
                    [IZNOS] => 35
                )

            [1] => Array
                (
                    [IDROBA] => M7080.XL
                    [KOLICINA] => 1
                    [CIJENA] => 103.50
                    [RABAT] => 0
                    [IZNOS] => 103.50
                )

        )

)

2020-11-23 12:33:15 - Array
(
    [creating] => start
    [ZAPIS] => Array
        (
            [IDDOK] => NAW
            [BROJDOK] => 19
            [STAVAKA] => 2
            [STAVKA] => 2
            [KOLICINA_SIFRA] => 0
            [DATUM] => 2020-11-23 00:00:00
            [TEXT_GRESKE] => 
            [KNJIZENO_KARTICA] => 
            [KNJIZENO_GLKNJIGA] => 
            [ZAKJUCANI_DN] => NE
        )

)

