2021-03-05 13:51:58 - getTraslations($sku)
2021-03-05 13:51:58 - Array
(
    [FRA] => Array
        (
            [IDROBA] => M5012.L
            [NAZIV] => 
            [NAZIV_DODATNI] => 
            [IDODJEL] => M5012
            [NAZIV_ODJELA] => MOŠKA PIŽAMA SPODNJI DEL
            [OPIS_ODJEL] => Pižame
Za sprostitev ob koncu napornega delovnega dne se potopite v kolekcijo pižam KOZO, narejenih iz najkakovostnejšega egiptovskega bombaža.
Kombinacija klasike in modernega najbolje opisuje dizajn KOZO pižam. Zaradi neverjetne mehkobe in raztegljivosti ponujamo najvišjo raven udobja. Zaradi njihove lahkotnosti pa jih lahko nosite v vseh letnih časih. Kozo pižame so v komplwti ali pak v kosih, tako da ustrezajo vsem željam in potrebam.

Giza bombaž 
Giza bombaž je egiptovski bombaž, ki je znan kot kralj bombaža, ker je zaradi svojih dolgih niti najboljši bombaž na svetu. Neprekinjena vlakna imajo manj spojev in tako dajejo močnejše niti in trajnejše pletivo. Lahka, puhasta in mehka struktura bo koži dala občutek svežine in nežnosti. Pletenine narejene iz giza bombaža so še posebej elastične, čvrste in izjemno vpojne, zato omogočajo dobro izmenjavo toplote in zračnosti. Zaradi svojih hipoalergijskih lastnosti so idealna izbira za ljudi z občutljivo in problematično kožo. Nošenje giza bombaža je samo po sebi izkušnja, ki jo želite preizkusiti.

            [JEZIK] => FRA         
            [DATUM_USER] => 2021-03-04 00:00:00
            [IDGRUPA] => 
            [NAZIV_GRUPE] => 
        )

)

2021-03-05 13:54:21 - getTraslations($sku)
2021-03-05 13:54:21 - Array
(
    [FRA] => Array
        (
            [IDROBA] => M5009L.L
            [NAZIV] => 
            [NAZIV_DODATNI] => 
            [IDODJEL] => M5009L
            [NAZIV_ODJELA] => MOŠKA PIŽAMA KOMPLET
            [OPIS_ODJEL] => Pižame
Za sprostitev ob koncu napornega delovnega dne se potopite v kolekcijo pižam KOZO, narejenih iz najkakovostnejšega egiptovskega bombaža.
Kombinacija klasike in modernega najbolje opisuje dizajn KOZO pižam. Zaradi neverjetne mehkobe in raztegljivosti ponujamo najvišjo raven udobja. Zaradi njihove lahkotnosti pa jih lahko nosite v vseh letnih časih. Kozo pižame so v komplwti ali pak v kosih, tako da ustrezajo vsem željam in potrebam.

Giza bombaž 
Giza bombaž je egiptovski bombaž, ki je znan kot kralj bombaža, ker je zaradi svojih dolgih niti najboljši bombaž na svetu. Neprekinjena vlakna imajo manj spojev in tako dajejo močnejše niti in trajnejše pletivo. Lahka, puhasta in mehka struktura bo koži dala občutek svežine in nežnosti. Pletenine narejene iz giza bombaža so še posebej elastične, čvrste in izjemno vpojne, zato omogočajo dobro izmenjavo toplote in zračnosti. Zaradi svojih hipoalergijskih lastnosti so idealna izbira za ljudi z občutljivo in problematično kožo. Nošenje giza bombaža je samo po sebi izkušnja, ki jo želite preizkusiti.

            [JEZIK] => FRA         
            [DATUM_USER] => 2021-03-01 00:00:00
            [IDGRUPA] => 
            [NAZIV_GRUPE] => 
        )

)

2021-03-09 7:30:16 - getTraslations($sku)
2021-03-09 7:30:19 - Array
(
    [FRA] => Array
        (
            [IDROBA] => P0014
            [NAZIV] => 
            [NAZIV_DODATNI] => 
            [IDODJEL] => P0014
            [NAZIV_ODJELA] => KOZO DARILNI BON 25 EUR
            [OPIS_ODJEL] => Na vaš naslov prispe darilna kartica v vrednosti 25 eur, ki jo lahko podarite svoji ljubljeni osebi. Z vnosom kode s kartice ob nakupu znesek naročila zmanjšate za 25 EUR. Darilna kartica velja 6 mesecev od datuma nakupa.
            [JEZIK] => FRA         
            [DATUM_USER] => 2020-11-06 00:00:00
            [IDGRUPA] => 
            [NAZIV_GRUPE] => 
        )

)

2021-03-09 7:30:47 - getTraslations($sku)
2021-03-09 7:30:47 - Array
(
    [FRA] => Array
        (
            [IDROBA] => M7086.L
            [NAZIV] => 
            [NAZIV_DODATNI] => 
            [IDODJEL] => M7086
            [NAZIV_ODJELA] => MOŠKE SPODNJE HLAČE SLIP BELE
            [OPIS_ODJEL] => KOZO Slip kolekcija 

Slip kolekcija je idealna izbira za klasičnega moškega, ki ve, kaj hoče. Glavne značilnosti te kolekcije so preprostost, brezčasnost in udobje. Modeli naših slip spodnjic so na voljo v klasičnih barvah in modernih vzorcih. Problem draženja kože smo rešili z uporabo reliefnih nalepk namesto prišitih nalepk, notranjost okrasne gume pa je prekrita z materialom.

Micromodal 
Micromodal je kombinacija naravnih in regeneriranih celuloznih vlaken, ki jih odlikujeta izredna lahkotnost in finost. Z nošenjem micromodala boste na koži dobili svilnat občutek. Debelina ene micromodalne preje je skoraj 40-krat tanjša od človeških las, zaradi česar so oblačila izredno elastična in mehka na dotik. Micromodal se med nošenjem in po pranju ne skrči in ne deformira, zaradi hipoalergijskih lastnosti pa je idealen za ljudi z občutljivo in problematično kožo. Zaradi neprimerljive mehkobe in popolnega oprijema na telo je odlična izbira za moško spodnje perilo in druga intimna oblačila. 

            [JEZIK] => FRA         
            [DATUM_USER] => 2021-03-04 00:00:00
            [IDGRUPA] => 
            [NAZIV_GRUPE] => 
        )

)

2021-03-09 8:58:40 - getTraslations($sku)
2021-03-09 8:58:40 - Array
(
    [FRA] => Array
        (
            [IDROBA] => M7087.L
            [NAZIV] => 
            [NAZIV_DODATNI] => 
            [IDODJEL] => M7087
            [NAZIV_ODJELA] => MOŠKE SPODNJE HLAČE SLIP ČRNE
            [OPIS_ODJEL] => KOZO Slip kolekcija 

Slip kolekcija je idealna izbira za klasičnega moškega, ki ve, kaj hoče. Glavne značilnosti te kolekcije so preprostost, brezčasnost in udobje. Modeli naših slip spodnjic so na voljo v klasičnih barvah in modernih vzorcih. Problem draženja kože smo rešili z uporabo reliefnih nalepk namesto prišitih nalepk, notranjost okrasne gume pa je prekrita z materialom.

Micromodal 
Micromodal je kombinacija naravnih in regeneriranih celuloznih vlaken, ki jih odlikujeta izredna lahkotnost in finost. Z nošenjem micromodala boste na koži dobili svilnat občutek. Debelina ene micromodalne preje je skoraj 40-krat tanjša od človeških las, zaradi česar so oblačila izredno elastična in mehka na dotik. Micromodal se med nošenjem in po pranju ne skrči in ne deformira, zaradi hipoalergijskih lastnosti pa je idealen za ljudi z občutljivo in problematično kožo. Zaradi neprimerljive mehkobe in popolnega oprijema na telo je odlična izbira za moško spodnje perilo in druga intimna oblačila. 

            [JEZIK] => FRA         
            [DATUM_USER] => 2021-03-04 00:00:00
            [IDGRUPA] => 
            [NAZIV_GRUPE] => 
        )

)

2021-03-09 9:07:06 - getTraslations($sku)
2021-03-09 9:07:06 - Array
(
    [FRA] => Array
        (
            [IDROBA] => M7089.L
            [NAZIV] => 
            [NAZIV_DODATNI] => 
            [IDODJEL] => M7089
            [NAZIV_ODJELA] => MOŠKE SPODNJE HLAČE SLIP TEMNO MODRE
            [OPIS_ODJEL] => KOZO Slip kolekcija 

Slip kolekcija je idealna izbira za klasičnega moškega, ki ve, kaj hoče. Glavne značilnosti te kolekcije so preprostost, brezčasnost in udobje. Modeli naših slip spodnjic so na voljo v klasičnih barvah in modernih vzorcih. Problem draženja kože smo rešili z uporabo reliefnih nalepk namesto prišitih nalepk, notranjost okrasne gume pa je prekrita z materialom.

Micromodal 
Micromodal je kombinacija naravnih in regeneriranih celuloznih vlaken, ki jih odlikujeta izredna lahkotnost in finost. Z nošenjem micromodala boste na koži dobili svilnat občutek. Debelina ene micromodalne preje je skoraj 40-krat tanjša od človeških las, zaradi česar so oblačila izredno elastična in mehka na dotik. Micromodal se med nošenjem in po pranju ne skrči in ne deformira, zaradi hipoalergijskih lastnosti pa je idealen za ljudi z občutljivo in problematično kožo. Zaradi neprimerljive mehkobe in popolnega oprijema na telo je odlična izbira za moško spodnje perilo in druga intimna oblačila. 

            [JEZIK] => FRA         
            [DATUM_USER] => 2021-03-05 00:00:00
            [IDGRUPA] => 
            [NAZIV_GRUPE] => 
        )

)

2021-03-09 9:12:12 - getTraslations($sku)
2021-03-09 9:12:12 - Array
(
    [FRA] => Array
        (
            [IDROBA] => M7089.L
            [NAZIV] => 
            [NAZIV_DODATNI] => 
            [IDODJEL] => M7089
            [NAZIV_ODJELA] => MOŠKE SPODNJE HLAČE SLIP TEMNO MODRE
            [OPIS_ODJEL] => KOZO Slip kolekcija 

Slip kolekcija je idealna izbira za klasičnega moškega, ki ve, kaj hoče. Glavne značilnosti te kolekcije so preprostost, brezčasnost in udobje. Modeli naših slip spodnjic so na voljo v klasičnih barvah in modernih vzorcih. Problem draženja kože smo rešili z uporabo reliefnih nalepk namesto prišitih nalepk, notranjost okrasne gume pa je prekrita z materialom.

Micromodal 
Micromodal je kombinacija naravnih in regeneriranih celuloznih vlaken, ki jih odlikujeta izredna lahkotnost in finost. Z nošenjem micromodala boste na koži dobili svilnat občutek. Debelina ene micromodalne preje je skoraj 40-krat tanjša od človeških las, zaradi česar so oblačila izredno elastična in mehka na dotik. Micromodal se med nošenjem in po pranju ne skrči in ne deformira, zaradi hipoalergijskih lastnosti pa je idealen za ljudi z občutljivo in problematično kožo. Zaradi neprimerljive mehkobe in popolnega oprijema na telo je odlična izbira za moško spodnje perilo in druga intimna oblačila. 

            [JEZIK] => FRA         
            [DATUM_USER] => 2021-03-09 00:00:00
            [IDGRUPA] => 
            [NAZIV_GRUPE] => 
        )

)

2021-03-09 9:14:05 - getTraslations($sku)
2021-03-09 9:14:05 - Array
(
    [FRA] => Array
        (
            [IDROBA] => M7089.L
            [NAZIV] => 
            [NAZIV_DODATNI] => 
            [IDODJEL] => M7089
            [NAZIV_ODJELA] => MOŠKE SPODNJE HLAČE SLIP TEMNO MODRE
            [OPIS_ODJEL] => KOZO Slip kolekcija 

Slip kolekcija je idealna izbira za klasičnega moškega, ki ve, kaj hoče. Glavne značilnosti te kolekcije so preprostost, brezčasnost in udobje. Modeli naših slip spodnjic so na voljo v klasičnih barvah in modernih vzorcih. Problem draženja kože smo rešili z uporabo reliefnih nalepk namesto prišitih nalepk, notranjost okrasne gume pa je prekrita z materialom.

Micromodal 
Micromodal je kombinacija naravnih in regeneriranih celuloznih vlaken, ki jih odlikujeta izredna lahkotnost in finost. Z nošenjem micromodala boste na koži dobili svilnat občutek. Debelina ene micromodalne preje je skoraj 40-krat tanjša od človeških las, zaradi česar so oblačila izredno elastična in mehka na dotik. Micromodal se med nošenjem in po pranju ne skrči in ne deformira, zaradi hipoalergijskih lastnosti pa je idealen za ljudi z občutljivo in problematično kožo. Zaradi neprimerljive mehkobe in popolnega oprijema na telo je odlična izbira za moško spodnje perilo in druga intimna oblačila. 

            [JEZIK] => FRA         
            [DATUM_USER] => 2021-03-09 00:00:00
            [IDGRUPA] => 
            [NAZIV_GRUPE] => 
        )

)

2021-03-09 9:30:49 - getTraslations($sku)
2021-03-09 9:30:49 - Array
(
    [FRA] => Array
        (
            [IDROBA] => M7091.L
            [NAZIV] => 
            [NAZIV_DODATNI] => 
            [IDODJEL] => M7091
            [NAZIV_ODJELA] => MOŠKE SPODNJE HLAČE SLIP BARVA KOŽE
            [OPIS_ODJEL] => KOZO Slip kolekcija 

Slip kolekcija je idealna izbira za klasičnega moškega, ki ve, kaj hoče. Glavne značilnosti te kolekcije so preprostost, brezčasnost in udobje. Modeli naših slip spodnjic so na voljo v klasičnih barvah in modernih vzorcih. Problem draženja kože smo rešili z uporabo reliefnih nalepk namesto prišitih nalepk, notranjost okrasne gume pa je prekrita z materialom.

Micromodal 
Micromodal je kombinacija naravnih in regeneriranih celuloznih vlaken, ki jih odlikujeta izredna lahkotnost in finost. Z nošenjem micromodala boste na koži dobili svilnat občutek. Debelina ene micromodalne preje je skoraj 40-krat tanjša od človeških las, zaradi česar so oblačila izredno elastična in mehka na dotik. Micromodal se med nošenjem in po pranju ne skrči in ne deformira, zaradi hipoalergijskih lastnosti pa je idealen za ljudi z občutljivo in problematično kožo. Zaradi neprimerljive mehkobe in popolnega oprijema na telo je odlična izbira za moško spodnje perilo in druga intimna oblačila. 

            [JEZIK] => FRA         
            [DATUM_USER] => 2021-03-04 00:00:00
            [IDGRUPA] => 
            [NAZIV_GRUPE] => 
        )

)

2021-03-09 9:32:50 - getTraslations($sku)
2021-03-09 9:32:50 - Array
(
    [FRA] => Array
        (
            [IDROBA] => P0099.000
            [NAZIV] => 
            [NAZIV_DODATNI] => 
            [IDODJEL] => P0099
            [NAZIV_ODJELA] => 
            [OPIS_ODJEL] => 
            [JEZIK] => FRA         
            [DATUM_USER] => 2021-03-09 00:00:00
            [IDGRUPA] => 
            [NAZIV_GRUPE] => 
        )

)

2021-03-09 9:54:30 - getTraslations($sku)
2021-03-09 9:54:30 - Array
(
    [FRA] => Array
        (
            [IDROBA] => M9999.L
            [NAZIV] => 
            [NAZIV_DODATNI] => 
            [IDODJEL] => M9999
            [NAZIV_ODJELA] => 
            [OPIS_ODJEL] => 
            [JEZIK] => FRA         
            [DATUM_USER] => 2021-03-09 00:00:00
            [IDGRUPA] => 
            [NAZIV_GRUPE] => 
        )

)

2021-03-09 10:01:28 - getTraslations($sku)
2021-03-09 10:01:28 - Array
(
    [FRA] => Array
        (
            [IDROBA] => M9999.L
            [NAZIV] => 
            [NAZIV_DODATNI] => 
            [IDODJEL] => M9999
            [NAZIV_ODJELA] => 
            [OPIS_ODJEL] => 
            [JEZIK] => FRA         
            [DATUM_USER] => 2021-03-09 00:00:00
            [IDGRUPA] => 
            [NAZIV_GRUPE] => 
        )

)

2021-03-09 10:02:22 - getTraslations($sku)
2021-03-09 10:02:22 - Array
(
    [FRA] => Array
        (
            [IDROBA] => M7089.L
            [NAZIV] => 
            [NAZIV_DODATNI] => 
            [IDODJEL] => M7089
            [NAZIV_ODJELA] => MOŠKE SPODNJE HLAČE SLIP TEMNO MODRE
            [OPIS_ODJEL] => KOZO Slip kolekcija 

Slip kolekcija je idealna izbira za klasičnega moškega, ki ve, kaj hoče. Glavne značilnosti te kolekcije so preprostost, brezčasnost in udobje. Modeli naših slip spodnjic so na voljo v klasičnih barvah in modernih vzorcih. Problem draženja kože smo rešili z uporabo reliefnih nalepk namesto prišitih nalepk, notranjost okrasne gume pa je prekrita z materialom.

Micromodal 
Micromodal je kombinacija naravnih in regeneriranih celuloznih vlaken, ki jih odlikujeta izredna lahkotnost in finost. Z nošenjem micromodala boste na koži dobili svilnat občutek. Debelina ene micromodalne preje je skoraj 40-krat tanjša od človeških las, zaradi česar so oblačila izredno elastična in mehka na dotik. Micromodal se med nošenjem in po pranju ne skrči in ne deformira, zaradi hipoalergijskih lastnosti pa je idealen za ljudi z občutljivo in problematično kožo. Zaradi neprimerljive mehkobe in popolnega oprijema na telo je odlična izbira za moško spodnje perilo in druga intimna oblačila. 

            [JEZIK] => FRA         
            [DATUM_USER] => 2021-03-09 00:00:00
            [IDGRUPA] => 
            [NAZIV_GRUPE] => 
        )

)

2021-03-09 10:09:37 - getTraslations($sku)
2021-03-09 10:09:37 - Array
(
    [FRA] => Array
        (
            [IDROBA] => M7089.L
            [NAZIV] => 
            [NAZIV_DODATNI] => 
            [IDODJEL] => M7089
            [NAZIV_ODJELA] => MOŠKE SPODNJE HLAČE SLIP TEMNO MODRE
            [OPIS_ODJEL] => KOZO Slip kolekcija 

Slip kolekcija je idealna izbira za klasičnega moškega, ki ve, kaj hoče. Glavne značilnosti te kolekcije so preprostost, brezčasnost in udobje. Modeli naših slip spodnjic so na voljo v klasičnih barvah in modernih vzorcih. Problem draženja kože smo rešili z uporabo reliefnih nalepk namesto prišitih nalepk, notranjost okrasne gume pa je prekrita z materialom.

Micromodal 
Micromodal je kombinacija naravnih in regeneriranih celuloznih vlaken, ki jih odlikujeta izredna lahkotnost in finost. Z nošenjem micromodala boste na koži dobili svilnat občutek. Debelina ene micromodalne preje je skoraj 40-krat tanjša od človeških las, zaradi česar so oblačila izredno elastična in mehka na dotik. Micromodal se med nošenjem in po pranju ne skrči in ne deformira, zaradi hipoalergijskih lastnosti pa je idealen za ljudi z občutljivo in problematično kožo. Zaradi neprimerljive mehkobe in popolnega oprijema na telo je odlična izbira za moško spodnje perilo in druga intimna oblačila. 

            [JEZIK] => FRA         
            [DATUM_USER] => 2021-03-09 00:00:00
            [IDGRUPA] => 
            [NAZIV_GRUPE] => 
        )

)

2021-03-09 10:15:37 - getTraslations($sku)
2021-03-09 10:15:37 - Array
(
    [FRA] => Array
        (
            [IDROBA] => M7089.L
            [NAZIV] => 
            [NAZIV_DODATNI] => 
            [IDODJEL] => M7089
            [NAZIV_ODJELA] => MOŠKE SPODNJE HLAČE SLIP TEMNO MODRE
            [OPIS_ODJEL] => KOZO Slip kolekcija 

Slip kolekcija je idealna izbira za klasičnega moškega, ki ve, kaj hoče. Glavne značilnosti te kolekcije so preprostost, brezčasnost in udobje. Modeli naših slip spodnjic so na voljo v klasičnih barvah in modernih vzorcih. Problem draženja kože smo rešili z uporabo reliefnih nalepk namesto prišitih nalepk, notranjost okrasne gume pa je prekrita z materialom.

Micromodal 
Micromodal je kombinacija naravnih in regeneriranih celuloznih vlaken, ki jih odlikujeta izredna lahkotnost in finost. Z nošenjem micromodala boste na koži dobili svilnat občutek. Debelina ene micromodalne preje je skoraj 40-krat tanjša od človeških las, zaradi česar so oblačila izredno elastična in mehka na dotik. Micromodal se med nošenjem in po pranju ne skrči in ne deformira, zaradi hipoalergijskih lastnosti pa je idealen za ljudi z občutljivo in problematično kožo. Zaradi neprimerljive mehkobe in popolnega oprijema na telo je odlična izbira za moško spodnje perilo in druga intimna oblačila. 

            [JEZIK] => FRA         
            [DATUM_USER] => 2021-03-09 00:00:00
            [IDGRUPA] => 
            [NAZIV_GRUPE] => 
        )

)

2021-03-09 10:20:42 - getTraslations($sku)
2021-03-09 10:20:42 - Array
(
    [FRA] => Array
        (
            [IDROBA] => M7089.L
            [NAZIV] => 
            [NAZIV_DODATNI] => 
            [IDODJEL] => M7089
            [NAZIV_ODJELA] => MOŠKE SPODNJE HLAČE SLIP TEMNO MODRE
            [OPIS_ODJEL] => KOZO Slip kolekcija 

Slip kolekcija je idealna izbira za klasičnega moškega, ki ve, kaj hoče. Glavne značilnosti te kolekcije so preprostost, brezčasnost in udobje. Modeli naših slip spodnjic so na voljo v klasičnih barvah in modernih vzorcih. Problem draženja kože smo rešili z uporabo reliefnih nalepk namesto prišitih nalepk, notranjost okrasne gume pa je prekrita z materialom.

Micromodal 
Micromodal je kombinacija naravnih in regeneriranih celuloznih vlaken, ki jih odlikujeta izredna lahkotnost in finost. Z nošenjem micromodala boste na koži dobili svilnat občutek. Debelina ene micromodalne preje je skoraj 40-krat tanjša od človeških las, zaradi česar so oblačila izredno elastična in mehka na dotik. Micromodal se med nošenjem in po pranju ne skrči in ne deformira, zaradi hipoalergijskih lastnosti pa je idealen za ljudi z občutljivo in problematično kožo. Zaradi neprimerljive mehkobe in popolnega oprijema na telo je odlična izbira za moško spodnje perilo in druga intimna oblačila. 

            [JEZIK] => FRA         
            [DATUM_USER] => 2021-03-09 00:00:00
            [IDGRUPA] => 
            [NAZIV_GRUPE] => 
        )

)

2021-03-09 10:20:42 - getTraslations($sku)
2021-03-09 10:20:42 - Array
(
    [FRA] => Array
        (
            [IDROBA] => M9999.L
            [NAZIV] => 
            [NAZIV_DODATNI] => 
            [IDODJEL] => M9999
            [NAZIV_ODJELA] => M9999 TEST
            [OPIS_ODJEL] => KOZO Slip kolekcija 

Slip kolekcija je idealna izbira za klasičnega moškega, ki ve, kaj hoče. Glavne značilnosti te kolekcije so preprostost, brezčasnost in udobje. Modeli naših slip spodnjic so na voljo v klasičnih barvah in modernih vzorcih. Problem draženja kože smo rešili z uporabo reliefnih nalepk namesto prišitih nalepk, notranjost okrasne gume pa je prekrita z materialom.

Micromodal 
Micromodal je kombinacija naravnih in regeneriranih celuloznih vlaken, ki jih odlikujeta izredna lahkotnost in finost. Z nošenjem micromodala boste na koži dobili svilnat občutek. Debelina ene micromodalne preje je skoraj 40-krat tanjša od človeških las, zaradi česar so oblačila izredno elastična in mehka na dotik. Micromodal se med nošenjem in po pranju ne skrči in ne deformira, zaradi hipoalergijskih lastnosti pa je idealen za ljudi z občutljivo in problematično kožo. Zaradi neprimerljive mehkobe in popolnega oprijema na telo je odlična izbira za moško spodnje perilo in druga intimna oblačila. 

            [JEZIK] => FRA         
            [DATUM_USER] => 2021-03-09 00:00:00
            [IDGRUPA] => 
            [NAZIV_GRUPE] => 
        )

)

2021-03-09 10:22:13 - getTraslations($sku)
2021-03-09 10:22:13 - Array
(
    [FRA] => Array
        (
            [IDROBA] => M7089.L
            [NAZIV] => 
            [NAZIV_DODATNI] => 
            [IDODJEL] => M7089
            [NAZIV_ODJELA] => MOŠKE SPODNJE HLAČE SLIP TEMNO MODRE
            [OPIS_ODJEL] => KOZO Slip kolekcija 

Slip kolekcija je idealna izbira za klasičnega moškega, ki ve, kaj hoče. Glavne značilnosti te kolekcije so preprostost, brezčasnost in udobje. Modeli naših slip spodnjic so na voljo v klasičnih barvah in modernih vzorcih. Problem draženja kože smo rešili z uporabo reliefnih nalepk namesto prišitih nalepk, notranjost okrasne gume pa je prekrita z materialom.

Micromodal 
Micromodal je kombinacija naravnih in regeneriranih celuloznih vlaken, ki jih odlikujeta izredna lahkotnost in finost. Z nošenjem micromodala boste na koži dobili svilnat občutek. Debelina ene micromodalne preje je skoraj 40-krat tanjša od človeških las, zaradi česar so oblačila izredno elastična in mehka na dotik. Micromodal se med nošenjem in po pranju ne skrči in ne deformira, zaradi hipoalergijskih lastnosti pa je idealen za ljudi z občutljivo in problematično kožo. Zaradi neprimerljive mehkobe in popolnega oprijema na telo je odlična izbira za moško spodnje perilo in druga intimna oblačila. 

            [JEZIK] => FRA         
            [DATUM_USER] => 2021-03-09 00:00:00
            [IDGRUPA] => 
            [NAZIV_GRUPE] => 
        )

)

2021-03-09 10:37:37 - getTraslations($sku)
2021-03-09 10:37:37 - Array
(
    [FRA] => Array
        (
            [IDROBA] => M7089.L
            [NAZIV] => 
            [NAZIV_DODATNI] => 
            [IDODJEL] => M7089
            [NAZIV_ODJELA] => MOŠKE SPODNJE HLAČE SLIP TEMNO MODRE
            [OPIS_ODJEL] => KOZO Slip kolekcija 

Slip kolekcija je idealna izbira za klasičnega moškega, ki ve, kaj hoče. Glavne značilnosti te kolekcije so preprostost, brezčasnost in udobje. Modeli naših slip spodnjic so na voljo v klasičnih barvah in modernih vzorcih. Problem draženja kože smo rešili z uporabo reliefnih nalepk namesto prišitih nalepk, notranjost okrasne gume pa je prekrita z materialom.

Micromodal 
Micromodal je kombinacija naravnih in regeneriranih celuloznih vlaken, ki jih odlikujeta izredna lahkotnost in finost. Z nošenjem micromodala boste na koži dobili svilnat občutek. Debelina ene micromodalne preje je skoraj 40-krat tanjša od človeških las, zaradi česar so oblačila izredno elastična in mehka na dotik. Micromodal se med nošenjem in po pranju ne skrči in ne deformira, zaradi hipoalergijskih lastnosti pa je idealen za ljudi z občutljivo in problematično kožo. Zaradi neprimerljive mehkobe in popolnega oprijema na telo je odlična izbira za moško spodnje perilo in druga intimna oblačila. 

            [JEZIK] => FRA         
            [DATUM_USER] => 2021-03-09 00:00:00
            [IDGRUPA] => 
            [NAZIV_GRUPE] => 
        )

)

2021-03-09 11:05:09 - getTraslations($sku)
2021-03-09 11:05:09 - Array
(
    [FRA] => Array
        (
            [IDROBA] => M7089.L
            [NAZIV] => 
            [NAZIV_DODATNI] => 
            [IDODJEL] => M7089
            [NAZIV_ODJELA] => MOŠKE SPODNJE HLAČE SLIP TEMNO MODRE
            [OPIS_ODJEL] => KOZO Slip kolekcija 

Slip kolekcija je idealna izbira za klasičnega moškega, ki ve, kaj hoče. Glavne značilnosti te kolekcije so preprostost, brezčasnost in udobje. Modeli naših slip spodnjic so na voljo v klasičnih barvah in modernih vzorcih. Problem draženja kože smo rešili z uporabo reliefnih nalepk namesto prišitih nalepk, notranjost okrasne gume pa je prekrita z materialom.

Micromodal 
Micromodal je kombinacija naravnih in regeneriranih celuloznih vlaken, ki jih odlikujeta izredna lahkotnost in finost. Z nošenjem micromodala boste na koži dobili svilnat občutek. Debelina ene micromodalne preje je skoraj 40-krat tanjša od človeških las, zaradi česar so oblačila izredno elastična in mehka na dotik. Micromodal se med nošenjem in po pranju ne skrči in ne deformira, zaradi hipoalergijskih lastnosti pa je idealen za ljudi z občutljivo in problematično kožo. Zaradi neprimerljive mehkobe in popolnega oprijema na telo je odlična izbira za moško spodnje perilo in druga intimna oblačila. 

            [JEZIK] => FRA         
            [DATUM_USER] => 2021-03-09 00:00:00
            [IDGRUPA] => 
            [NAZIV_GRUPE] => 
        )

)

2021-03-09 11:05:09 - getTraslations($sku)
2021-03-09 11:05:09 - Array
(
    [FRA] => Array
        (
            [IDROBA] => M7090.L
            [NAZIV] => 
            [NAZIV_DODATNI] => 
            [IDODJEL] => M7090
            [NAZIV_ODJELA] => MOŠKE SPODNJE HLAČE SLIP RDEČE
            [OPIS_ODJEL] => KOZO Slip kolekcija 

Slip kolekcija je idealna izbira za klasičnega moškega, ki ve, kaj hoče. Glavne značilnosti te kolekcije so preprostost, brezčasnost in udobje. Modeli naših slip spodnjic so na voljo v klasičnih barvah in modernih vzorcih. Problem draženja kože smo rešili z uporabo reliefnih nalepk namesto prišitih nalepk, notranjost okrasne gume pa je prekrita z materialom.

Micromodal 
Micromodal je kombinacija naravnih in regeneriranih celuloznih vlaken, ki jih odlikujeta izredna lahkotnost in finost. Z nošenjem micromodala boste na koži dobili svilnat občutek. Debelina ene micromodalne preje je skoraj 40-krat tanjša od človeških las, zaradi česar so oblačila izredno elastična in mehka na dotik. Micromodal se med nošenjem in po pranju ne skrči in ne deformira, zaradi hipoalergijskih lastnosti pa je idealen za ljudi z občutljivo in problematično kožo. Zaradi neprimerljive mehkobe in popolnega oprijema na telo je odlična izbira za moško spodnje perilo in druga intimna oblačila. 

            [JEZIK] => FRA         
            [DATUM_USER] => 2021-03-09 00:00:00
            [IDGRUPA] => 
            [NAZIV_GRUPE] => 
        )

)

2021-03-09 11:16:01 - getTraslations($sku)
2021-03-09 11:16:01 - Array
(
    [FRA] => Array
        (
            [IDROBA] => M7095.L
            [NAZIV] => 
            [NAZIV_DODATNI] => 
            [IDODJEL] => M7095
            [NAZIV_ODJELA] => MOŠKE SPODNJE HLAČE SLIP PRINT COCONUT
            [OPIS_ODJEL] => KOZO Slip kolekcija 

Slip kolekcija je idealna izbira za klasičnega moškega, ki ve, kaj hoče. Glavne značilnosti te kolekcije so preprostost, brezčasnost in udobje. Modeli naših slip spodnjic so na voljo v klasičnih barvah in modernih vzorcih. Problem draženja kože smo rešili z uporabo reliefnih nalepk namesto prišitih nalepk, notranjost okrasne gume pa je prekrita z materialom.

Micromodal 
Micromodal je kombinacija naravnih in regeneriranih celuloznih vlaken, ki jih odlikujeta izredna lahkotnost in finost. Z nošenjem micromodala boste na koži dobili svilnat občutek. Debelina ene micromodalne preje je skoraj 40-krat tanjša od človeških las, zaradi česar so oblačila izredno elastična in mehka na dotik. Micromodal se med nošenjem in po pranju ne skrči in ne deformira, zaradi hipoalergijskih lastnosti pa je idealen za ljudi z občutljivo in problematično kožo. Zaradi neprimerljive mehkobe in popolnega oprijema na telo je odlična izbira za moško spodnje perilo in druga intimna oblačila. 

            [JEZIK] => FRA         
            [DATUM_USER] => 2021-03-09 00:00:00
            [IDGRUPA] => 
            [NAZIV_GRUPE] => 
        )

)

2021-03-09 11:16:48 - getTraslations($sku)
2021-03-09 11:16:48 - Array
(
    [FRA] => Array
        (
            [IDROBA] => M7095.L
            [NAZIV] => 
            [NAZIV_DODATNI] => 
            [IDODJEL] => M7095
            [NAZIV_ODJELA] => MOŠKE SPODNJE HLAČE SLIP PRINT COCONUT
            [OPIS_ODJEL] => KOZO Slip kolekcija 

Slip kolekcija je idealna izbira za klasičnega moškega, ki ve, kaj hoče. Glavne značilnosti te kolekcije so preprostost, brezčasnost in udobje. Modeli naših slip spodnjic so na voljo v klasičnih barvah in modernih vzorcih. Problem draženja kože smo rešili z uporabo reliefnih nalepk namesto prišitih nalepk, notranjost okrasne gume pa je prekrita z materialom.

Micromodal 
Micromodal je kombinacija naravnih in regeneriranih celuloznih vlaken, ki jih odlikujeta izredna lahkotnost in finost. Z nošenjem micromodala boste na koži dobili svilnat občutek. Debelina ene micromodalne preje je skoraj 40-krat tanjša od človeških las, zaradi česar so oblačila izredno elastična in mehka na dotik. Micromodal se med nošenjem in po pranju ne skrči in ne deformira, zaradi hipoalergijskih lastnosti pa je idealen za ljudi z občutljivo in problematično kožo. Zaradi neprimerljive mehkobe in popolnega oprijema na telo je odlična izbira za moško spodnje perilo in druga intimna oblačila. 

            [JEZIK] => FRA         
            [DATUM_USER] => 2021-03-09 00:00:00
            [IDGRUPA] => 
            [NAZIV_GRUPE] => 
        )

)

2021-03-09 12:17:10 - getTraslations($sku)
2021-03-09 12:17:10 - Array
(
    [FRA] => Array
        (
            [IDROBA] => M5009L.L
            [NAZIV] => 
            [NAZIV_DODATNI] => 
            [IDODJEL] => M5009L
            [NAZIV_ODJELA] => MOŠKA PIŽAMA KOMPLET
            [OPIS_ODJEL] => Pižame
Za sprostitev ob koncu napornega delovnega dne se potopite v kolekcijo pižam KOZO, narejenih iz najkakovostnejšega egiptovskega bombaža.
Kombinacija klasike in modernega najbolje opisuje dizajn KOZO pižam. Zaradi neverjetne mehkobe in raztegljivosti ponujamo najvišjo raven udobja. Zaradi njihove lahkotnosti pa jih lahko nosite v vseh letnih časih. Kozo pižame so v komplwti ali pak v kosih, tako da ustrezajo vsem željam in potrebam.

Giza bombaž 
Giza bombaž je egiptovski bombaž, ki je znan kot kralj bombaža, ker je zaradi svojih dolgih niti najboljši bombaž na svetu. Neprekinjena vlakna imajo manj spojev in tako dajejo močnejše niti in trajnejše pletivo. Lahka, puhasta in mehka struktura bo koži dala občutek svežine in nežnosti. Pletenine narejene iz giza bombaža so še posebej elastične, čvrste in izjemno vpojne, zato omogočajo dobro izmenjavo toplote in zračnosti. Zaradi svojih hipoalergijskih lastnosti so idealna izbira za ljudi z občutljivo in problematično kožo. Nošenje giza bombaža je samo po sebi izkušnja, ki jo želite preizkusiti.

            [JEZIK] => FRA         
            [DATUM_USER] => 2021-03-09 00:00:00
            [IDGRUPA] => 
            [NAZIV_GRUPE] => 
        )

)

2021-03-09 12:17:10 - getTraslations($sku)
2021-03-09 12:17:10 - Array
(
    [FRA] => Array
        (
            [IDROBA] => M5011L.L
            [NAZIV] => 
            [NAZIV_DODATNI] => 
            [IDODJEL] => M5011L
            [NAZIV_ODJELA] => MOŠKA PIŽAMA KOMPLET
            [OPIS_ODJEL] => Pižame
Za sprostitev ob koncu napornega delovnega dne se potopite v kolekcijo pižam KOZO, narejenih iz najkakovostnejšega egiptovskega bombaža.
Kombinacija klasike in modernega najbolje opisuje dizajn KOZO pižam. Zaradi neverjetne mehkobe in raztegljivosti ponujamo najvišjo raven udobja. Zaradi njihove lahkotnosti pa jih lahko nosite v vseh letnih časih. Kozo pižame so v komplwti ali pak v kosih, tako da ustrezajo vsem željam in potrebam.

Giza bombaž 
Giza bombaž je egiptovski bombaž, ki je znan kot kralj bombaža, ker je zaradi svojih dolgih niti najboljši bombaž na svetu. Neprekinjena vlakna imajo manj spojev in tako dajejo močnejše niti in trajnejše pletivo. Lahka, puhasta in mehka struktura bo koži dala občutek svežine in nežnosti. Pletenine narejene iz giza bombaža so še posebej elastične, čvrste in izjemno vpojne, zato omogočajo dobro izmenjavo toplote in zračnosti. Zaradi svojih hipoalergijskih lastnosti so idealna izbira za ljudi z občutljivo in problematično kožo. Nošenje giza bombaža je samo po sebi izkušnja, ki jo želite preizkusiti.

            [JEZIK] => FRA         
            [DATUM_USER] => 2021-03-09 00:00:00
            [IDGRUPA] => 
            [NAZIV_GRUPE] => 
        )

)

2021-03-09 12:17:10 - getTraslations($sku)
2021-03-09 12:17:10 - Array
(
    [FRA] => Array
        (
            [IDROBA] => M5012L.L
            [NAZIV] => 
            [NAZIV_DODATNI] => 
            [IDODJEL] => M5012L
            [NAZIV_ODJELA] => MOŠKA PIŽAMA SPODNJI DEL
            [OPIS_ODJEL] => Pižame
Za sprostitev ob koncu napornega delovnega dne se potopite v kolekcijo pižam KOZO, narejenih iz najkakovostnejšega egiptovskega bombaža.
Kombinacija klasike in modernega najbolje opisuje dizajn KOZO pižam. Zaradi neverjetne mehkobe in raztegljivosti ponujamo najvišjo raven udobja. Zaradi njihove lahkotnosti pa jih lahko nosite v vseh letnih časih. Kozo pižame so v komplwti ali pak v kosih, tako da ustrezajo vsem željam in potrebam.

Giza bombaž 
Giza bombaž je egiptovski bombaž, ki je znan kot kralj bombaža, ker je zaradi svojih dolgih niti najboljši bombaž na svetu. Neprekinjena vlakna imajo manj spojev in tako dajejo močnejše niti in trajnejše pletivo. Lahka, puhasta in mehka struktura bo koži dala občutek svežine in nežnosti. Pletenine narejene iz giza bombaža so še posebej elastične, čvrste in izjemno vpojne, zato omogočajo dobro izmenjavo toplote in zračnosti. Zaradi svojih hipoalergijskih lastnosti so idealna izbira za ljudi z občutljivo in problematično kožo. Nošenje giza bombaža je samo po sebi izkušnja, ki jo želite preizkusiti.

            [JEZIK] => FRA         
            [DATUM_USER] => 2021-03-09 00:00:00
            [IDGRUPA] => 
            [NAZIV_GRUPE] => 
        )

)

2021-03-09 12:17:10 - getTraslations($sku)
2021-03-09 12:17:10 - Array
(
    [FRA] => Array
        (
            [IDROBA] => M5013.L
            [NAZIV] => 
            [NAZIV_DODATNI] => 
            [IDODJEL] => M5013
            [NAZIV_ODJELA] => MOŠKA PIŽAMA SPODNJI DEL
            [OPIS_ODJEL] => Pižame
Za sprostitev ob koncu napornega delovnega dne se potopite v kolekcijo pižam KOZO, narejenih iz najkakovostnejšega egiptovskega bombaža.
Kombinacija klasike in modernega najbolje opisuje dizajn KOZO pižam. Zaradi neverjetne mehkobe in raztegljivosti ponujamo najvišjo raven udobja. Zaradi njihove lahkotnosti pa jih lahko nosite v vseh letnih časih. Kozo pižame so v komplwti ali pak v kosih, tako da ustrezajo vsem željam in potrebam.

Giza bombaž 
Giza bombaž je egiptovski bombaž, ki je znan kot kralj bombaža, ker je zaradi svojih dolgih niti najboljši bombaž na svetu. Neprekinjena vlakna imajo manj spojev in tako dajejo močnejše niti in trajnejše pletivo. Lahka, puhasta in mehka struktura bo koži dala občutek svežine in nežnosti. Pletenine narejene iz giza bombaža so še posebej elastične, čvrste in izjemno vpojne, zato omogočajo dobro izmenjavo toplote in zračnosti. Zaradi svojih hipoalergijskih lastnosti so idealna izbira za ljudi z občutljivo in problematično kožo. Nošenje giza bombaža je samo po sebi izkušnja, ki jo želite preizkusiti.

            [JEZIK] => FRA         
            [DATUM_USER] => 2021-03-09 00:00:00
            [IDGRUPA] => 
            [NAZIV_GRUPE] => 
        )

)

2021-03-09 12:17:10 - getTraslations($sku)
2021-03-09 12:17:10 - Array
(
    [FRA] => Array
        (
            [IDROBA] => M5010L.L
            [NAZIV] => 
            [NAZIV_DODATNI] => 
            [IDODJEL] => M5010L
            [NAZIV_ODJELA] => MOŠKA PIŽAMA KOMPLET
            [OPIS_ODJEL] => Pižame
Za sprostitev ob koncu napornega delovnega dne se potopite v kolekcijo pižam KOZO, narejenih iz najkakovostnejšega egiptovskega bombaža.
Kombinacija klasike in modernega najbolje opisuje dizajn KOZO pižam. Zaradi neverjetne mehkobe in raztegljivosti ponujamo najvišjo raven udobja. Zaradi njihove lahkotnosti pa jih lahko nosite v vseh letnih časih. Kozo pižame so v komplwti ali pak v kosih, tako da ustrezajo vsem željam in potrebam.

Giza bombaž 
Giza bombaž je egiptovski bombaž, ki je znan kot kralj bombaža, ker je zaradi svojih dolgih niti najboljši bombaž na svetu. Neprekinjena vlakna imajo manj spojev in tako dajejo močnejše niti in trajnejše pletivo. Lahka, puhasta in mehka struktura bo koži dala občutek svežine in nežnosti. Pletenine narejene iz giza bombaža so še posebej elastične, čvrste in izjemno vpojne, zato omogočajo dobro izmenjavo toplote in zračnosti. Zaradi svojih hipoalergijskih lastnosti so idealna izbira za ljudi z občutljivo in problematično kožo. Nošenje giza bombaža je samo po sebi izkušnja, ki jo želite preizkusiti.

            [JEZIK] => FRA         
            [DATUM_USER] => 2021-03-09 00:00:00
            [IDGRUPA] => 
            [NAZIV_GRUPE] => 
        )

)

2021-03-09 12:17:38 - getTraslations($sku)
2021-03-09 12:17:38 - Array
(
    [FRA] => Array
        (
            [IDROBA] => M7086.L
            [NAZIV] => 
            [NAZIV_DODATNI] => 
            [IDODJEL] => M7086
            [NAZIV_ODJELA] => MOŠKE SPODNJE HLAČE SLIP BELE
            [OPIS_ODJEL] => KOZO Slip kolekcija 

Slip kolekcija je idealna izbira za klasičnega moškega, ki ve, kaj hoče. Glavne značilnosti te kolekcije so preprostost, brezčasnost in udobje. Modeli naših slip spodnjic so na voljo v klasičnih barvah in modernih vzorcih. Problem draženja kože smo rešili z uporabo reliefnih nalepk namesto prišitih nalepk, notranjost okrasne gume pa je prekrita z materialom.

Micromodal 
Micromodal je kombinacija naravnih in regeneriranih celuloznih vlaken, ki jih odlikujeta izredna lahkotnost in finost. Z nošenjem micromodala boste na koži dobili svilnat občutek. Debelina ene micromodalne preje je skoraj 40-krat tanjša od človeških las, zaradi česar so oblačila izredno elastična in mehka na dotik. Micromodal se med nošenjem in po pranju ne skrči in ne deformira, zaradi hipoalergijskih lastnosti pa je idealen za ljudi z občutljivo in problematično kožo. Zaradi neprimerljive mehkobe in popolnega oprijema na telo je odlična izbira za moško spodnje perilo in druga intimna oblačila. 

            [JEZIK] => FRA         
            [DATUM_USER] => 2021-03-09 00:00:00
            [IDGRUPA] => 
            [NAZIV_GRUPE] => 
        )

)

2021-03-09 12:17:38 - getTraslations($sku)
2021-03-09 12:17:38 - Array
(
    [FRA] => Array
        (
            [IDROBA] => M7087.L
            [NAZIV] => 
            [NAZIV_DODATNI] => 
            [IDODJEL] => M7087
            [NAZIV_ODJELA] => MOŠKE SPODNJE HLAČE SLIP ČRNE
            [OPIS_ODJEL] => KOZO Slip kolekcija 

Slip kolekcija je idealna izbira za klasičnega moškega, ki ve, kaj hoče. Glavne značilnosti te kolekcije so preprostost, brezčasnost in udobje. Modeli naših slip spodnjic so na voljo v klasičnih barvah in modernih vzorcih. Problem draženja kože smo rešili z uporabo reliefnih nalepk namesto prišitih nalepk, notranjost okrasne gume pa je prekrita z materialom.

Micromodal 
Micromodal je kombinacija naravnih in regeneriranih celuloznih vlaken, ki jih odlikujeta izredna lahkotnost in finost. Z nošenjem micromodala boste na koži dobili svilnat občutek. Debelina ene micromodalne preje je skoraj 40-krat tanjša od človeških las, zaradi česar so oblačila izredno elastična in mehka na dotik. Micromodal se med nošenjem in po pranju ne skrči in ne deformira, zaradi hipoalergijskih lastnosti pa je idealen za ljudi z občutljivo in problematično kožo. Zaradi neprimerljive mehkobe in popolnega oprijema na telo je odlična izbira za moško spodnje perilo in druga intimna oblačila. 

            [JEZIK] => FRA         
            [DATUM_USER] => 2021-03-09 00:00:00
            [IDGRUPA] => 
            [NAZIV_GRUPE] => 
        )

)

2021-03-09 12:17:38 - getTraslations($sku)
2021-03-09 12:17:38 - Array
(
    [FRA] => Array
        (
            [IDROBA] => M7088.L
            [NAZIV] => 
            [NAZIV_DODATNI] => 
            [IDODJEL] => M7088
            [NAZIV_ODJELA] => MOŠKE SPODNJE HLAČE SLIP TEMNO MODRE
            [OPIS_ODJEL] => KOZO Slip kolekcija 

Slip kolekcija je idealna izbira za klasičnega moškega, ki ve, kaj hoče. Glavne značilnosti te kolekcije so preprostost, brezčasnost in udobje. Modeli naših slip spodnjic so na voljo v klasičnih barvah in modernih vzorcih. Problem draženja kože smo rešili z uporabo reliefnih nalepk namesto prišitih nalepk, notranjost okrasne gume pa je prekrita z materialom.

Micromodal 
Micromodal je kombinacija naravnih in regeneriranih celuloznih vlaken, ki jih odlikujeta izredna lahkotnost in finost. Z nošenjem micromodala boste na koži dobili svilnat občutek. Debelina ene micromodalne preje je skoraj 40-krat tanjša od človeških las, zaradi česar so oblačila izredno elastična in mehka na dotik. Micromodal se med nošenjem in po pranju ne skrči in ne deformira, zaradi hipoalergijskih lastnosti pa je idealen za ljudi z občutljivo in problematično kožo. Zaradi neprimerljive mehkobe in popolnega oprijema na telo je odlična izbira za moško spodnje perilo in druga intimna oblačila. 

            [JEZIK] => FRA         
            [DATUM_USER] => 2021-03-09 00:00:00
            [IDGRUPA] => 
            [NAZIV_GRUPE] => 
        )

)

2021-03-09 12:17:41 - getTraslations($sku)
2021-03-09 12:17:41 - Array
(
    [FRA] => Array
        (
            [IDROBA] => M5013L.L
            [NAZIV] => 
            [NAZIV_DODATNI] => 
            [IDODJEL] => M5013L
            [NAZIV_ODJELA] => MOŠKA PIŽAMA SPODNJI DEL
            [OPIS_ODJEL] => Pižame
Za sprostitev ob koncu napornega delovnega dne se potopite v kolekcijo pižam KOZO, narejenih iz najkakovostnejšega egiptovskega bombaža.
Kombinacija klasike in modernega najbolje opisuje dizajn KOZO pižam. Zaradi neverjetne mehkobe in raztegljivosti ponujamo najvišjo raven udobja. Zaradi njihove lahkotnosti pa jih lahko nosite v vseh letnih časih. Kozo pižame so v komplwti ali pak v kosih, tako da ustrezajo vsem željam in potrebam.

Giza bombaž 
Giza bombaž je egiptovski bombaž, ki je znan kot kralj bombaža, ker je zaradi svojih dolgih niti najboljši bombaž na svetu. Neprekinjena vlakna imajo manj spojev in tako dajejo močnejše niti in trajnejše pletivo. Lahka, puhasta in mehka struktura bo koži dala občutek svežine in nežnosti. Pletenine narejene iz giza bombaža so še posebej elastične, čvrste in izjemno vpojne, zato omogočajo dobro izmenjavo toplote in zračnosti. Zaradi svojih hipoalergijskih lastnosti so idealna izbira za ljudi z občutljivo in problematično kožo. Nošenje giza bombaža je samo po sebi izkušnja, ki jo želite preizkusiti.

            [JEZIK] => FRA         
            [DATUM_USER] => 2021-03-09 00:00:00
            [IDGRUPA] => 
            [NAZIV_GRUPE] => 
        )

)

2021-03-09 12:17:43 - getTraslations($sku)
2021-03-09 12:17:43 - Array
(
    [FRA] => Array
        (
            [IDROBA] => M7091.L
            [NAZIV] => 
            [NAZIV_DODATNI] => 
            [IDODJEL] => M7091
            [NAZIV_ODJELA] => MOŠKE SPODNJE HLAČE SLIP BARVA KOŽE
            [OPIS_ODJEL] => KOZO Slip kolekcija 

Slip kolekcija je idealna izbira za klasičnega moškega, ki ve, kaj hoče. Glavne značilnosti te kolekcije so preprostost, brezčasnost in udobje. Modeli naših slip spodnjic so na voljo v klasičnih barvah in modernih vzorcih. Problem draženja kože smo rešili z uporabo reliefnih nalepk namesto prišitih nalepk, notranjost okrasne gume pa je prekrita z materialom.

Micromodal 
Micromodal je kombinacija naravnih in regeneriranih celuloznih vlaken, ki jih odlikujeta izredna lahkotnost in finost. Z nošenjem micromodala boste na koži dobili svilnat občutek. Debelina ene micromodalne preje je skoraj 40-krat tanjša od človeških las, zaradi česar so oblačila izredno elastična in mehka na dotik. Micromodal se med nošenjem in po pranju ne skrči in ne deformira, zaradi hipoalergijskih lastnosti pa je idealen za ljudi z občutljivo in problematično kožo. Zaradi neprimerljive mehkobe in popolnega oprijema na telo je odlična izbira za moško spodnje perilo in druga intimna oblačila. 

            [JEZIK] => FRA         
            [DATUM_USER] => 2021-03-09 00:00:00
            [IDGRUPA] => 
            [NAZIV_GRUPE] => 
        )

)

2021-03-09 12:24:59 - getTraslations($sku)
2021-03-09 12:24:59 - Array
(
    [FRA] => Array
        (
            [IDROBA] => M7086.L
            [NAZIV] => 
            [NAZIV_DODATNI] => 
            [IDODJEL] => M7086
            [NAZIV_ODJELA] => MOŠKE SPODNJE HLAČE SLIP BELE
            [OPIS_ODJEL] => KOZO Slip kolekcija 

Slip kolekcija je idealna izbira za klasičnega moškega, ki ve, kaj hoče. Glavne značilnosti te kolekcije so preprostost, brezčasnost in udobje. Modeli naših slip spodnjic so na voljo v klasičnih barvah in modernih vzorcih. Problem draženja kože smo rešili z uporabo reliefnih nalepk namesto prišitih nalepk, notranjost okrasne gume pa je prekrita z materialom.

Micromodal 
Micromodal je kombinacija naravnih in regeneriranih celuloznih vlaken, ki jih odlikujeta izredna lahkotnost in finost. Z nošenjem micromodala boste na koži dobili svilnat občutek. Debelina ene micromodalne preje je skoraj 40-krat tanjša od človeških las, zaradi česar so oblačila izredno elastična in mehka na dotik. Micromodal se med nošenjem in po pranju ne skrči in ne deformira, zaradi hipoalergijskih lastnosti pa je idealen za ljudi z občutljivo in problematično kožo. Zaradi neprimerljive mehkobe in popolnega oprijema na telo je odlična izbira za moško spodnje perilo in druga intimna oblačila. 

            [JEZIK] => FRA         
            [DATUM_USER] => 2021-03-09 00:00:00
            [IDGRUPA] => 
            [NAZIV_GRUPE] => 
        )

)

2021-03-09 12:24:59 - getTraslations($sku)
2021-03-09 12:24:59 - Array
(
    [FRA] => Array
        (
            [IDROBA] => M7087.L
            [NAZIV] => 
            [NAZIV_DODATNI] => 
            [IDODJEL] => M7087
            [NAZIV_ODJELA] => MOŠKE SPODNJE HLAČE SLIP ČRNE
            [OPIS_ODJEL] => KOZO Slip kolekcija 

Slip kolekcija je idealna izbira za klasičnega moškega, ki ve, kaj hoče. Glavne značilnosti te kolekcije so preprostost, brezčasnost in udobje. Modeli naših slip spodnjic so na voljo v klasičnih barvah in modernih vzorcih. Problem draženja kože smo rešili z uporabo reliefnih nalepk namesto prišitih nalepk, notranjost okrasne gume pa je prekrita z materialom.

Micromodal 
Micromodal je kombinacija naravnih in regeneriranih celuloznih vlaken, ki jih odlikujeta izredna lahkotnost in finost. Z nošenjem micromodala boste na koži dobili svilnat občutek. Debelina ene micromodalne preje je skoraj 40-krat tanjša od človeških las, zaradi česar so oblačila izredno elastična in mehka na dotik. Micromodal se med nošenjem in po pranju ne skrči in ne deformira, zaradi hipoalergijskih lastnosti pa je idealen za ljudi z občutljivo in problematično kožo. Zaradi neprimerljive mehkobe in popolnega oprijema na telo je odlična izbira za moško spodnje perilo in druga intimna oblačila. 

            [JEZIK] => FRA         
            [DATUM_USER] => 2021-03-09 00:00:00
            [IDGRUPA] => 
            [NAZIV_GRUPE] => 
        )

)

2021-03-09 12:25:23 - getTraslations($sku)
2021-03-09 12:25:23 - Array
(
    [FRA] => Array
        (
            [IDROBA] => M7088.L
            [NAZIV] => 
            [NAZIV_DODATNI] => 
            [IDODJEL] => M7088
            [NAZIV_ODJELA] => MOŠKE SPODNJE HLAČE SLIP TEMNO MODRE
            [OPIS_ODJEL] => KOZO Slip kolekcija 

Slip kolekcija je idealna izbira za klasičnega moškega, ki ve, kaj hoče. Glavne značilnosti te kolekcije so preprostost, brezčasnost in udobje. Modeli naših slip spodnjic so na voljo v klasičnih barvah in modernih vzorcih. Problem draženja kože smo rešili z uporabo reliefnih nalepk namesto prišitih nalepk, notranjost okrasne gume pa je prekrita z materialom.

Micromodal 
Micromodal je kombinacija naravnih in regeneriranih celuloznih vlaken, ki jih odlikujeta izredna lahkotnost in finost. Z nošenjem micromodala boste na koži dobili svilnat občutek. Debelina ene micromodalne preje je skoraj 40-krat tanjša od človeških las, zaradi česar so oblačila izredno elastična in mehka na dotik. Micromodal se med nošenjem in po pranju ne skrči in ne deformira, zaradi hipoalergijskih lastnosti pa je idealen za ljudi z občutljivo in problematično kožo. Zaradi neprimerljive mehkobe in popolnega oprijema na telo je odlična izbira za moško spodnje perilo in druga intimna oblačila. 

            [JEZIK] => FRA         
            [DATUM_USER] => 2021-03-09 00:00:00
            [IDGRUPA] => 
            [NAZIV_GRUPE] => 
        )

)

2021-03-09 12:25:23 - getTraslations($sku)
2021-03-09 12:25:23 - Array
(
    [FRA] => Array
        (
            [IDROBA] => M7091.L
            [NAZIV] => 
            [NAZIV_DODATNI] => 
            [IDODJEL] => M7091
            [NAZIV_ODJELA] => MOŠKE SPODNJE HLAČE SLIP BARVA KOŽE
            [OPIS_ODJEL] => KOZO Slip kolekcija 

Slip kolekcija je idealna izbira za klasičnega moškega, ki ve, kaj hoče. Glavne značilnosti te kolekcije so preprostost, brezčasnost in udobje. Modeli naših slip spodnjic so na voljo v klasičnih barvah in modernih vzorcih. Problem draženja kože smo rešili z uporabo reliefnih nalepk namesto prišitih nalepk, notranjost okrasne gume pa je prekrita z materialom.

Micromodal 
Micromodal je kombinacija naravnih in regeneriranih celuloznih vlaken, ki jih odlikujeta izredna lahkotnost in finost. Z nošenjem micromodala boste na koži dobili svilnat občutek. Debelina ene micromodalne preje je skoraj 40-krat tanjša od človeških las, zaradi česar so oblačila izredno elastična in mehka na dotik. Micromodal se med nošenjem in po pranju ne skrči in ne deformira, zaradi hipoalergijskih lastnosti pa je idealen za ljudi z občutljivo in problematično kožo. Zaradi neprimerljive mehkobe in popolnega oprijema na telo je odlična izbira za moško spodnje perilo in druga intimna oblačila. 

            [JEZIK] => FRA         
            [DATUM_USER] => 2021-03-09 00:00:00
            [IDGRUPA] => 
            [NAZIV_GRUPE] => 
        )

)

2021-03-09 12:26:04 - getTraslations($sku)
2021-03-09 12:26:04 - Array
(
    [FRA] => Array
        (
            [IDROBA] => M7092.L
            [NAZIV] => 
            [NAZIV_DODATNI] => 
            [IDODJEL] => M7092
            [NAZIV_ODJELA] => MOŠKE SPODNJE HLAČE SLIP PRINT SQUARES
            [OPIS_ODJEL] => KOZO Slip kolekcija 

Slip kolekcija je idealna izbira za klasičnega moškega, ki ve, kaj hoče. Glavne značilnosti te kolekcije so preprostost, brezčasnost in udobje. Modeli naših slip spodnjic so na voljo v klasičnih barvah in modernih vzorcih. Problem draženja kože smo rešili z uporabo reliefnih nalepk namesto prišitih nalepk, notranjost okrasne gume pa je prekrita z materialom.

Micromodal 
Micromodal je kombinacija naravnih in regeneriranih celuloznih vlaken, ki jih odlikujeta izredna lahkotnost in finost. Z nošenjem micromodala boste na koži dobili svilnat občutek. Debelina ene micromodalne preje je skoraj 40-krat tanjša od človeških las, zaradi česar so oblačila izredno elastična in mehka na dotik. Micromodal se med nošenjem in po pranju ne skrči in ne deformira, zaradi hipoalergijskih lastnosti pa je idealen za ljudi z občutljivo in problematično kožo. Zaradi neprimerljive mehkobe in popolnega oprijema na telo je odlična izbira za moško spodnje perilo in druga intimna oblačila. 

            [JEZIK] => FRA         
            [DATUM_USER] => 2021-03-09 00:00:00
            [IDGRUPA] => 
            [NAZIV_GRUPE] => 
        )

)

2021-03-09 12:26:04 - getTraslations($sku)
2021-03-09 12:26:04 - Array
(
    [FRA] => Array
        (
            [IDROBA] => M7093.L
            [NAZIV] => 
            [NAZIV_DODATNI] => 
            [IDODJEL] => M7093
            [NAZIV_ODJELA] => MOŠKE SPODNJE HLAČE SLIP PRINT WEB
            [OPIS_ODJEL] => KOZO Slip kolekcija 

Slip kolekcija je idealna izbira za klasičnega moškega, ki ve, kaj hoče. Glavne značilnosti te kolekcije so preprostost, brezčasnost in udobje. Modeli naših slip spodnjic so na voljo v klasičnih barvah in modernih vzorcih. Problem draženja kože smo rešili z uporabo reliefnih nalepk namesto prišitih nalepk, notranjost okrasne gume pa je prekrita z materialom.

Micromodal 
Micromodal je kombinacija naravnih in regeneriranih celuloznih vlaken, ki jih odlikujeta izredna lahkotnost in finost. Z nošenjem micromodala boste na koži dobili svilnat občutek. Debelina ene micromodalne preje je skoraj 40-krat tanjša od človeških las, zaradi česar so oblačila izredno elastična in mehka na dotik. Micromodal se med nošenjem in po pranju ne skrči in ne deformira, zaradi hipoalergijskih lastnosti pa je idealen za ljudi z občutljivo in problematično kožo. Zaradi neprimerljive mehkobe in popolnega oprijema na telo je odlična izbira za moško spodnje perilo in druga intimna oblačila. 

            [JEZIK] => FRA         
            [DATUM_USER] => 2021-03-09 00:00:00
            [IDGRUPA] => 
            [NAZIV_GRUPE] => 
        )

)

2021-03-09 12:26:50 - getTraslations($sku)
2021-03-09 12:26:50 - Array
(
    [FRA] => Array
        (
            [IDROBA] => M7094.L
            [NAZIV] => 
            [NAZIV_DODATNI] => 
            [IDODJEL] => M7094
            [NAZIV_ODJELA] => MOŠKE SPODNJE HLAČE SLIP PRINT GEOMETRIC
            [OPIS_ODJEL] => KOZO Slip kolekcija 

Slip kolekcija je idealna izbira za klasičnega moškega, ki ve, kaj hoče. Glavne značilnosti te kolekcije so preprostost, brezčasnost in udobje. Modeli naših slip spodnjic so na voljo v klasičnih barvah in modernih vzorcih. Problem draženja kože smo rešili z uporabo reliefnih nalepk namesto prišitih nalepk, notranjost okrasne gume pa je prekrita z materialom.

Micromodal 
Micromodal je kombinacija naravnih in regeneriranih celuloznih vlaken, ki jih odlikujeta izredna lahkotnost in finost. Z nošenjem micromodala boste na koži dobili svilnat občutek. Debelina ene micromodalne preje je skoraj 40-krat tanjša od človeških las, zaradi česar so oblačila izredno elastična in mehka na dotik. Micromodal se med nošenjem in po pranju ne skrči in ne deformira, zaradi hipoalergijskih lastnosti pa je idealen za ljudi z občutljivo in problematično kožo. Zaradi neprimerljive mehkobe in popolnega oprijema na telo je odlična izbira za moško spodnje perilo in druga intimna oblačila. 

            [JEZIK] => FRA         
            [DATUM_USER] => 2021-03-09 00:00:00
            [IDGRUPA] => 
            [NAZIV_GRUPE] => 
        )

)

2021-03-09 12:27:51 - getTraslations($sku)
2021-03-09 12:27:51 - Array
(
    [FRA] => Array
        (
            [IDROBA] => M5013L.L
            [NAZIV] => 
            [NAZIV_DODATNI] => 
            [IDODJEL] => M5013L
            [NAZIV_ODJELA] => MOŠKA PIŽAMA SPODNJI DEL
            [OPIS_ODJEL] => Pižame
Za sprostitev ob koncu napornega delovnega dne se potopite v kolekcijo pižam KOZO, narejenih iz najkakovostnejšega egiptovskega bombaža.
Kombinacija klasike in modernega najbolje opisuje dizajn KOZO pižam. Zaradi neverjetne mehkobe in raztegljivosti ponujamo najvišjo raven udobja. Zaradi njihove lahkotnosti pa jih lahko nosite v vseh letnih časih. Kozo pižame so v komplwti ali pak v kosih, tako da ustrezajo vsem željam in potrebam.

Giza bombaž 
Giza bombaž je egiptovski bombaž, ki je znan kot kralj bombaža, ker je zaradi svojih dolgih niti najboljši bombaž na svetu. Neprekinjena vlakna imajo manj spojev in tako dajejo močnejše niti in trajnejše pletivo. Lahka, puhasta in mehka struktura bo koži dala občutek svežine in nežnosti. Pletenine narejene iz giza bombaža so še posebej elastične, čvrste in izjemno vpojne, zato omogočajo dobro izmenjavo toplote in zračnosti. Zaradi svojih hipoalergijskih lastnosti so idealna izbira za ljudi z občutljivo in problematično kožo. Nošenje giza bombaža je samo po sebi izkušnja, ki jo želite preizkusiti.

            [JEZIK] => FRA         
            [DATUM_USER] => 2021-03-09 00:00:00
            [IDGRUPA] => 
            [NAZIV_GRUPE] => 
        )

)

2021-03-09 12:27:51 - getTraslations($sku)
2021-03-09 12:27:51 - Array
(
    [FRA] => Array
        (
            [IDROBA] => M5013.L
            [NAZIV] => 
            [NAZIV_DODATNI] => 
            [IDODJEL] => M5013
            [NAZIV_ODJELA] => MOŠKA PIŽAMA SPODNJI DEL
            [OPIS_ODJEL] => Pižame
Za sprostitev ob koncu napornega delovnega dne se potopite v kolekcijo pižam KOZO, narejenih iz najkakovostnejšega egiptovskega bombaža.
Kombinacija klasike in modernega najbolje opisuje dizajn KOZO pižam. Zaradi neverjetne mehkobe in raztegljivosti ponujamo najvišjo raven udobja. Zaradi njihove lahkotnosti pa jih lahko nosite v vseh letnih časih. Kozo pižame so v komplwti ali pak v kosih, tako da ustrezajo vsem željam in potrebam.

Giza bombaž 
Giza bombaž je egiptovski bombaž, ki je znan kot kralj bombaža, ker je zaradi svojih dolgih niti najboljši bombaž na svetu. Neprekinjena vlakna imajo manj spojev in tako dajejo močnejše niti in trajnejše pletivo. Lahka, puhasta in mehka struktura bo koži dala občutek svežine in nežnosti. Pletenine narejene iz giza bombaža so še posebej elastične, čvrste in izjemno vpojne, zato omogočajo dobro izmenjavo toplote in zračnosti. Zaradi svojih hipoalergijskih lastnosti so idealna izbira za ljudi z občutljivo in problematično kožo. Nošenje giza bombaža je samo po sebi izkušnja, ki jo želite preizkusiti.

            [JEZIK] => FRA         
            [DATUM_USER] => 2021-03-09 00:00:00
            [IDGRUPA] => 
            [NAZIV_GRUPE] => 
        )

)

2021-03-09 12:28:06 - getTraslations($sku)
2021-03-09 12:28:06 - Array
(
    [FRA] => Array
        (
            [IDROBA] => M5012L.L
            [NAZIV] => 
            [NAZIV_DODATNI] => 
            [IDODJEL] => M5012L
            [NAZIV_ODJELA] => MOŠKA PIŽAMA SPODNJI DEL
            [OPIS_ODJEL] => Pižame
Za sprostitev ob koncu napornega delovnega dne se potopite v kolekcijo pižam KOZO, narejenih iz najkakovostnejšega egiptovskega bombaža.
Kombinacija klasike in modernega najbolje opisuje dizajn KOZO pižam. Zaradi neverjetne mehkobe in raztegljivosti ponujamo najvišjo raven udobja. Zaradi njihove lahkotnosti pa jih lahko nosite v vseh letnih časih. Kozo pižame so v komplwti ali pak v kosih, tako da ustrezajo vsem željam in potrebam.

Giza bombaž 
Giza bombaž je egiptovski bombaž, ki je znan kot kralj bombaža, ker je zaradi svojih dolgih niti najboljši bombaž na svetu. Neprekinjena vlakna imajo manj spojev in tako dajejo močnejše niti in trajnejše pletivo. Lahka, puhasta in mehka struktura bo koži dala občutek svežine in nežnosti. Pletenine narejene iz giza bombaža so še posebej elastične, čvrste in izjemno vpojne, zato omogočajo dobro izmenjavo toplote in zračnosti. Zaradi svojih hipoalergijskih lastnosti so idealna izbira za ljudi z občutljivo in problematično kožo. Nošenje giza bombaža je samo po sebi izkušnja, ki jo želite preizkusiti.

            [JEZIK] => FRA         
            [DATUM_USER] => 2021-03-09 00:00:00
            [IDGRUPA] => 
            [NAZIV_GRUPE] => 
        )

)

2021-03-09 12:28:33 - getTraslations($sku)
2021-03-09 12:28:33 - Array
(
    [FRA] => Array
        (
            [IDROBA] => M5009L.L
            [NAZIV] => 
            [NAZIV_DODATNI] => 
            [IDODJEL] => M5009L
            [NAZIV_ODJELA] => MOŠKA PIŽAMA KOMPLET
            [OPIS_ODJEL] => Pižame
Za sprostitev ob koncu napornega delovnega dne se potopite v kolekcijo pižam KOZO, narejenih iz najkakovostnejšega egiptovskega bombaža.
Kombinacija klasike in modernega najbolje opisuje dizajn KOZO pižam. Zaradi neverjetne mehkobe in raztegljivosti ponujamo najvišjo raven udobja. Zaradi njihove lahkotnosti pa jih lahko nosite v vseh letnih časih. Kozo pižame so v komplwti ali pak v kosih, tako da ustrezajo vsem željam in potrebam.

Giza bombaž 
Giza bombaž je egiptovski bombaž, ki je znan kot kralj bombaža, ker je zaradi svojih dolgih niti najboljši bombaž na svetu. Neprekinjena vlakna imajo manj spojev in tako dajejo močnejše niti in trajnejše pletivo. Lahka, puhasta in mehka struktura bo koži dala občutek svežine in nežnosti. Pletenine narejene iz giza bombaža so še posebej elastične, čvrste in izjemno vpojne, zato omogočajo dobro izmenjavo toplote in zračnosti. Zaradi svojih hipoalergijskih lastnosti so idealna izbira za ljudi z občutljivo in problematično kožo. Nošenje giza bombaža je samo po sebi izkušnja, ki jo želite preizkusiti.

            [JEZIK] => FRA         
            [DATUM_USER] => 2021-03-09 00:00:00
            [IDGRUPA] => 
            [NAZIV_GRUPE] => 
        )

)

