2020-11-09 19:16:58 - Array
(
    [0] => Array
        (
            [order_id] => 4
            [customer] => Ante Rosandic
            [order_status] => Pending
            [intereuropa] => 
            [shipping_code] => ultimate_shipping.ultimate_shipping_0
            [total] => 160.0000
            [currency_code] => HRK
            [currency_value] => 1.00000000
            [date_added] => 2020-11-09 18:12:46
            [date_modified] => 2020-11-09 18:12:53
        )

    [1] => Array
        (
            [order_id] => 3
            [customer] => Iva Mršić
            [order_status] => Pending
            [intereuropa] => 
            [shipping_code] => ultimate_shipping.ultimate_shipping_0
            [total] => 407.0000
            [currency_code] => HRK
            [currency_value] => 1.00000000
            [date_added] => 2020-11-08 08:21:16
            [date_modified] => 2020-11-08 08:21:25
        )

    [2] => Array
        (
            [order_id] => 1
            [customer] => Krešimir Pavlic
            [order_status] => Complete
            [intereuropa] => 1
            [shipping_code] => ultimate_shipping.ultimate_shipping_0
            [total] => 150.0000
            [currency_code] => HRK
            [currency_value] => 1.00000000
            [date_added] => 2020-11-02 20:55:16
            [date_modified] => 2020-11-02 20:57:34
        )

)

2020-11-09 19:18:04 - Array
(
    [0] => Array
        (
            [order_id] => 4
            [customer] => Ante Rosandic
            [order_status] => Pending
            [intereuropa] => 
            [shipping_code] => ultimate_shipping.ultimate_shipping_0
            [total] => 160.0000
            [currency_code] => HRK
            [currency_value] => 1.00000000
            [date_added] => 2020-11-09 18:12:46
            [date_modified] => 2020-11-09 18:12:53
        )

    [1] => Array
        (
            [order_id] => 3
            [customer] => Iva Mršić
            [order_status] => Pending
            [intereuropa] => 
            [shipping_code] => ultimate_shipping.ultimate_shipping_0
            [total] => 407.0000
            [currency_code] => HRK
            [currency_value] => 1.00000000
            [date_added] => 2020-11-08 08:21:16
            [date_modified] => 2020-11-08 08:21:25
        )

    [2] => Array
        (
            [order_id] => 1
            [customer] => Krešimir Pavlic
            [order_status] => Complete
            [intereuropa] => 1
            [shipping_code] => ultimate_shipping.ultimate_shipping_0
            [total] => 150.0000
            [currency_code] => HRK
            [currency_value] => 1.00000000
            [date_added] => 2020-11-02 20:55:16
            [date_modified] => 2020-11-02 20:57:34
        )

)

2020-11-09 19:19:34 - 0
2020-11-09 19:19:34 - 0
2020-11-09 19:19:34 - intereuropa
2020-11-09 19:21:37 - 0
2020-11-09 19:21:37 - 0
2020-11-09 19:21:37 - intereuropa
2020-11-09 19:24:10 - 0
2020-11-09 19:24:10 - 0
2020-11-09 19:24:10 - intereuropa
2020-11-09 19:26:21 - 0
2020-11-09 19:26:21 - 0
2020-11-09 19:26:21 - intereuropa
2020-11-09 19:26:48 - 0
2020-11-09 19:26:48 - 0
2020-11-09 19:26:48 - 0
2020-11-09 19:59:17 - 0
2020-11-09 19:59:17 - 0
2020-11-09 19:59:17 - 0
2020-11-09 20:49:23 - 0
2020-11-09 20:49:23 - 0
2020-11-09 20:49:23 - 0
2020-11-09 21:51:47 - 0
2020-11-09 21:51:47 - 0
2020-11-09 21:51:47 - 0
2020-11-10 4:57:28 - 0
2020-11-10 4:57:28 - 0
2020-11-10 4:57:28 - 0
2020-11-10 5:51:46 - 0
2020-11-10 5:51:46 - 0
2020-11-10 5:51:46 - 0
2020-11-10 5:52:44 - 0
2020-11-10 5:52:44 - 0
2020-11-10 5:52:44 - 0
2020-11-10 6:14:00 - 0
2020-11-10 6:14:00 - 0
2020-11-10 6:14:00 - 0
2020-11-10 6:14:18 - 0
2020-11-10 6:14:18 - 0
2020-11-10 6:14:18 - 0
2020-11-10 7:15:27 - 0
2020-11-10 7:15:27 - 0
2020-11-10 7:15:27 - 0
2020-11-10 7:15:55 - 0
2020-11-10 7:15:55 - 0
2020-11-10 7:15:55 - 0
2020-11-10 7:16:10 - 0
2020-11-10 7:16:10 - 0
2020-11-10 7:16:10 - 0
2020-11-10 7:16:20 - 0
2020-11-10 7:16:20 - 0
2020-11-10 7:16:20 - 0
2020-11-10 7:19:23 - 0
2020-11-10 7:19:23 - 0
2020-11-10 7:19:23 - 0
2020-11-10 7:21:05 - 0
2020-11-10 7:21:05 - 0
2020-11-10 7:21:05 - 0
2020-11-10 7:25:55 - 0
2020-11-10 7:25:55 - 0
2020-11-10 7:25:55 - 0
2020-11-10 7:26:38 - 0
2020-11-10 7:26:38 - 0
2020-11-10 7:26:38 - 0
2020-11-10 7:26:56 - 0
2020-11-10 7:26:56 - 0
2020-11-10 7:26:56 - 0
2020-11-10 7:27:00 - 0
2020-11-10 7:27:03 - 0
2020-11-10 7:27:03 - 0
2020-11-10 7:27:03 - 0
2020-11-10 7:27:29 - 0
2020-11-10 7:27:29 - 0
2020-11-10 7:27:29 - 0
2020-11-10 7:48:22 - 0
2020-11-10 7:48:22 - 0
2020-11-10 7:48:22 - 0
2020-11-10 8:02:49 - 0
2020-11-10 8:02:49 - 0
2020-11-10 8:02:49 - 0
