2021-03-01 9:01:55 - Array
(
    [order_id] => 278
    [invoice_no] => 0
    [invoice_prefix] => INV-2020-00
    [store_id] => 0
    [store_name] => KOZO UNDERWEAR
    [store_url] => https://www.kozo-underwear.hr/
    [customer_id] => 196
    [customer_group_id] => 1
    [firstname] => Ivan
    [lastname] => Šugar
    [email] => ivan.sugar@gmail.com
    [telephone] => 0918937443
    [fax] => 
    [custom_field] => 
    [payment_firstname] => Ivan
    [payment_lastname] => Šugar
    [payment_company] => 
    [payment_address_1] => Ul. Ruže Petrović 5
    [payment_address_2] => 
    [payment_city] => Fažana
    [payment_postcode] => 52212
    [payment_country] => Croatia
    [payment_country_id] => 53
    [payment_zone] => 
    [payment_zone_id] => 0
    [payment_address_format] => 
    [payment_custom_field] => 
    [payment_method] => Kreditne kartice / Debitne Kartice (CorvusPay)
    [payment_code] => corvuspay
    [shipping_firstname] => Ivan
    [shipping_lastname] => Šugar
    [shipping_company] => 
    [shipping_address_1] => Ul. Ruže Petrović 5
    [shipping_address_2] => 
    [shipping_city] => Fažana
    [shipping_postcode] => 52212
    [shipping_country] => Croatia
    [shipping_country_id] => 53
    [shipping_zone] => 
    [shipping_zone_id] => 0
    [shipping_address_format] => 
    [shipping_custom_field] => 
    [shipping_method] => Besplatna dostava Intereuropa Hrvatska
    [shipping_code] => ultimate_shipping.ultimate_shipping_0
    [comment] => 
    [total] => 411.0000
    [order_status_id] => 5
    [affiliate_id] => 0
    [commission] => 0.0000
    [marketing_id] => 0
    [tracking] => 
    [language_id] => 2
    [currency_id] => 4
    [currency_code] => HRK
    [currency_value] => 1.00000000
    [ip] => 93.137.138.165
    [forwarded_ip] => 
    [user_agent] => Mozilla/5.0 (Windows NT 10.0; Win64; x64) AppleWebKit/537.36 (KHTML, like Gecko) Chrome/87.0.4280.141 Safari/537.36
    [accept_language] => hr-HR,hr;q=0.9,en-US;q=0.8,en;q=0.7,de;q=0.6
    [paid_order] => 0
    [intereuropa] => 1
    [date_added] => 2021-02-28 20:16:35
    [date_modified] => 2021-02-28 20:21:37
    [products] => Array
        (
            [0] => Array
                (
                    [order_product_id] => 712
                    [order_id] => 278
                    [product_id] => 67
                    [name] => MUŠKA MAJICA OKRUGLI IZREZ BIJELA
                    [model] => M7009
                    [quantity] => 1
                    [price] => 112.0000
                    [total] => 112.0000
                    [tax] => 0.0000
                    [reward] => 0
                    [option] => Array
                        (
                            [order_option_id] => 637
                            [order_id] => 278
                            [order_product_id] => 712
                            [product_option_id] => 336
                            [product_option_value_id] => 521
                            [name] => Veličina
                            [value] => M
                            [type] => radio
                            [sku] => 
                            [option_data] => Array
                                (
                                    [product_option_value_id] => 521
                                    [product_option_id] => 336
                                    [product_id] => 67
                                    [option_id] => 13
                                    [option_value_id] => 51
                                    [quantity] => 7
                                    [subtract] => 1
                                    [price] => 0.0000
                                    [price_prefix] => 
                                    [points] => 0
                                    [points_prefix] => +
                                    [weight] => 0.00000000
                                    [weight_prefix] => +
                                    [sku] => M7009.M
                                )

                        )

                )

            [1] => Array
                (
                    [order_product_id] => 713
                    [order_id] => 278
                    [product_id] => 84
                    [name] => MUŠKE BOKSERICE TRUNKS CRNE
                    [model] => M7014
                    [quantity] => 1
                    [price] => 87.5000
                    [total] => 87.5000
                    [tax] => 0.0000
                    [reward] => 0
                    [option] => Array
                        (
                            [order_option_id] => 638
                            [order_id] => 278
                            [order_product_id] => 713
                            [product_option_id] => 247
                            [product_option_value_id] => 120
                            [name] => Veličina
                            [value] => M
                            [type] => radio
                            [sku] => 
                            [option_data] => Array
                                (
                                    [product_option_value_id] => 120
                                    [product_option_id] => 247
                                    [product_id] => 84
                                    [option_id] => 13
                                    [option_value_id] => 51
                                    [quantity] => 47
                                    [subtract] => 1
                                    [price] => 0.0000
                                    [price_prefix] => +
                                    [points] => 0
                                    [points_prefix] => +
                                    [weight] => 0.00000000
                                    [weight_prefix] => +
                                    [sku] => M7014.M
                                )

                        )

                )

            [2] => Array
                (
                    [order_product_id] => 714
                    [order_id] => 278
                    [product_id] => 86
                    [name] => MUŠKA POTKOŠULJA ŠIRA RAMENICA CRNA
                    [model] => M7019
                    [quantity] => 1
                    [price] => 124.0000
                    [total] => 124.0000
                    [tax] => 0.0000
                    [reward] => 0
                    [option] => Array
                        (
                            [order_option_id] => 639
                            [order_id] => 278
                            [order_product_id] => 714
                            [product_option_id] => 249
                            [product_option_value_id] => 134
                            [name] => Veličina
                            [value] => XXL
                            [type] => radio
                            [sku] => 
                            [option_data] => Array
                                (
                                    [product_option_value_id] => 134
                                    [product_option_id] => 249
                                    [product_id] => 86
                                    [option_id] => 13
                                    [option_value_id] => 53
                                    [quantity] => 5
                                    [subtract] => 1
                                    [price] => 20.0000
                                    [price_prefix] => +
                                    [points] => 0
                                    [points_prefix] => +
                                    [weight] => 0.00000000
                                    [weight_prefix] => +
                                    [sku] => M7019.XXL
                                )

                        )

                )

            [3] => Array
                (
                    [order_product_id] => 715
                    [order_id] => 278
                    [product_id] => 101
                    [name] => MUŠKE BOKSERICE CRVENE
                    [model] => M7033
                    [quantity] => 1
                    [price] => 87.5000
                    [total] => 87.5000
                    [tax] => 0.0000
                    [reward] => 0
                    [option] => Array
                        (
                            [order_option_id] => 640
                            [order_id] => 278
                            [order_product_id] => 715
                            [product_option_id] => 264
                            [product_option_value_id] => 208
                            [name] => Veličina
                            [value] => M
                            [type] => radio
                            [sku] => 
                            [option_data] => Array
                                (
                                    [product_option_value_id] => 208
                                    [product_option_id] => 264
                                    [product_id] => 101
                                    [option_id] => 13
                                    [option_value_id] => 51
                                    [quantity] => 52
                                    [subtract] => 1
                                    [price] => 0.0000
                                    [price_prefix] => +
                                    [points] => 0
                                    [points_prefix] => +
                                    [weight] => 0.00000000
                                    [weight_prefix] => +
                                    [sku] => M7033.M
                                )

                        )

                )

        )

    [totals] => Array
        (
            [0] => Array
                (
                    [order_total_id] => 907
                    [order_id] => 278
                    [code] => sub_total
                    [title] => Među suma
                    [value] => 411.0000
                    [sort_order] => 1
                )

            [1] => Array
                (
                    [order_total_id] => 908
                    [order_id] => 278
                    [code] => shipping
                    [title] => Besplatna dostava Intereuropa Hrvatska
                    [value] => 0.0000
                    [sort_order] => 3
                )

            [2] => Array
                (
                    [order_total_id] => 909
                    [order_id] => 278
                    [code] => total
                    [title] => Ukupno
                    [value] => 411.0000
                    [sort_order] => 9
                )

        )

    [status] => Array
        (
            [order_status_id] => 5
            [language_id] => 1
            [name] => Complete
        )

)

2021-03-01 9:01:55 - Array
(
    [narudzba] => Array
        (
            [CMS_ID] => KHR278
            [DATUM_VRIJEME] => 28.02.2021 20:21:37
            [NARUCITELJ_CMS_ID] => 1
            [NARUCITELJ_EMAIL] => ivan.sugar@gmail.com
            [NARUCITELJ_IME] => Ivan
            [NARUCITELJ_PREZIME] => Šugar
            [NARUCITELJ_ADRESA] => Ul. Ruže Petrović 5
            [NARUCITELJ_MJESTO] => Fažana
            [NARUCITELJ_POSTA] => 52212
            [NARUCITELJ_TELEFON] => 0918937443
            [NARUCITELJ_NAZIV] => 
            [NARUCITELJ_OIB] => 
            [NARUCITELJ_VAT] => 
            [NARUCITELJ_ZEMLJA] => HRV
            [DOSTAVA_IME_PREZIME] => Ivan Šugar
            [DOSTAVA_ADRESA] => Ul. Ruže Petrović 5
            [DOSTAVA_MJESTO] => Fažana
            [DOSTAVA_POSTA] => 52212
            [NAPOMENA] => 
            [VALUTA] => 191
            [IZNOS_UKUPNO] => 411.00
            [TECAJ] => 1
        )

    [stavke] => Array
        (
            [0] => Array
                (
                    [IDROBA] => US00000203
                    [KOLICINA] => 1
                    [CIJENA] => 0
                    [RABAT] => 0
                    [IZNOS] => 0
                )

            [1] => Array
                (
                    [IDROBA] => M7009.M
                    [KOLICINA] => 1
                    [CIJENA] => 112.00
                    [RABAT] => 0
                    [IZNOS] => 112.00
                )

            [2] => Array
                (
                    [IDROBA] => M7014.M
                    [KOLICINA] => 1
                    [CIJENA] => 87.50
                    [RABAT] => 0
                    [IZNOS] => 87.50
                )

            [3] => Array
                (
                    [IDROBA] => M7019.XXL
                    [KOLICINA] => 1
                    [CIJENA] => 124.00
                    [RABAT] => 0
                    [IZNOS] => 124.00
                )

            [4] => Array
                (
                    [IDROBA] => M7033.M
                    [KOLICINA] => 1
                    [CIJENA] => 87.50
                    [RABAT] => 0
                    [IZNOS] => 87.50
                )

        )

)

2021-03-01 9:01:56 - Illuminate\Support\Collection Object
(
    [items:protected] => Array
        (
            [creating] => start
            [ZAPIS] => Array
                (
                    [IDDOK] => NAK
                    [BROJDOK] => 144
                    [STAVAKA] => 5
                    [STAVKA] => 5
                    [KOLICINA_SIFRA] => 0
                    [DATUM] => 2021-03-01 00:00:00
                    [TEXT_GRESKE] => 
                    [KNJIZENO_KARTICA] => 
                    [KNJIZENO_GLKNJIGA] => 
                    [ZAKJUCANI_DN] => NE
                )

        )

)

