2021-03-15 15:19:11 - Array
(
    [order_id] => 293
    [invoice_no] => 0
    [invoice_prefix] => INV-2020-00
    [store_id] => 0
    [store_name] => KOZO UNDERWEAR
    [store_url] => https://www.kozo-underwear.hr/
    [customer_id] => 173
    [customer_group_id] => 1
    [firstname] => Jelena
    [lastname] => Culic-viskota
    [email] => Jviskota@yahoo.com
    [telephone] => 098266322
    [fax] => 
    [custom_field] => 
    [payment_firstname] => Jelena
    [payment_lastname] => Culic-viskota
    [payment_company] => 
    [payment_address_1] => Put znjana 44c
    [payment_address_2] => 
    [payment_city] => Split
    [payment_postcode] => 21000
    [payment_country] => Croatia
    [payment_country_id] => 53
    [payment_zone] => HR
    [payment_zone_id] => 848
    [payment_address_format] => 
    [payment_custom_field] => 
    [payment_method] => Kreditne kartice / Debitne Kartice (CorvusPay)
    [payment_code] => corvuspay
    [shipping_firstname] => Jelena
    [shipping_lastname] => Culic-viskota
    [shipping_company] => 
    [shipping_address_1] => Put znjana 44c
    [shipping_address_2] => 
    [shipping_city] => Split
    [shipping_postcode] => 21000
    [shipping_country] => Croatia
    [shipping_country_id] => 53
    [shipping_zone] => HR
    [shipping_zone_id] => 848
    [shipping_address_format] => 
    [shipping_custom_field] => 
    [shipping_method] => Besplatna dostava Intereuropa Hrvatska
    [shipping_code] => ultimate_shipping.ultimate_shipping_0
    [comment] => 
    [total] => 503.7200
    [order_status_id] => 5
    [affiliate_id] => 0
    [commission] => 0.0000
    [marketing_id] => 0
    [tracking] => 
    [language_id] => 2
    [currency_id] => 4
    [currency_code] => HRK
    [currency_value] => 1.00000000
    [ip] => 93.137.5.171
    [forwarded_ip] => 
    [user_agent] => Mozilla/5.0 (Linux; Android 9; SM-G960U1 Build/PPR1.180610.011; wv) AppleWebKit/537.36 (KHTML, like Gecko) Version/4.0 Chrome/89.0.4389.86 Mobile Safari/537.36 [FB_IAB/FB4A;FBAV/309.0.0.47.119;]
    [accept_language] => en-US,en;q=0.9
    [paid_order] => 0
    [intereuropa] => 1
    [date_added] => 2021-03-12 17:31:07
    [date_modified] => 2021-03-12 17:32:56
    [products] => Array
        (
            [0] => Array
                (
                    [order_product_id] => 752
                    [order_id] => 293
                    [product_id] => 74
                    [name] => MUŠKA PIDŽAMA GORNJI DIO
                    [model] => M5004
                    [quantity] => 1
                    [price] => 167.0000
                    [total] => 167.0000
                    [tax] => 0.0000
                    [reward] => 0
                    [option] => Array
                        (
                            [order_option_id] => 668
                            [order_id] => 293
                            [order_product_id] => 752
                            [product_option_id] => 237
                            [product_option_value_id] => 66
                            [name] => Veličina
                            [value] => XXL
                            [type] => radio
                            [sku] => 
                            [option_data] => Array
                                (
                                    [product_option_value_id] => 66
                                    [product_option_id] => 237
                                    [product_id] => 74
                                    [option_id] => 13
                                    [option_value_id] => 53
                                    [quantity] => 8
                                    [subtract] => 1
                                    [price] => 27.0000
                                    [price_prefix] => +
                                    [points] => 0
                                    [points_prefix] => +
                                    [weight] => 0.00000000
                                    [weight_prefix] => +
                                    [sku] => M5004.XXL
                                )

                        )

                )

            [1] => Array
                (
                    [order_product_id] => 753
                    [order_id] => 293
                    [product_id] => 126
                    [name] => MUŠKE GAĆE SLIP CRNE
                    [model] => M7061
                    [quantity] => 2
                    [price] => 78.6000
                    [total] => 157.2000
                    [tax] => 0.0000
                    [reward] => 0
                    [option] => Array
                        (
                            [order_option_id] => 669
                            [order_id] => 293
                            [order_product_id] => 753
                            [product_option_id] => 289
                            [product_option_value_id] => 334
                            [name] => Veličina
                            [value] => XXL
                            [type] => radio
                            [sku] => 
                            [option_data] => Array
                                (
                                    [product_option_value_id] => 334
                                    [product_option_id] => 289
                                    [product_id] => 126
                                    [option_id] => 13
                                    [option_value_id] => 53
                                    [quantity] => 8
                                    [subtract] => 1
                                    [price] => 13.0000
                                    [price_prefix] => +
                                    [points] => 0
                                    [points_prefix] => +
                                    [weight] => 0.00000000
                                    [weight_prefix] => +
                                    [sku] => M7061.XXL
                                )

                        )

                )

            [2] => Array
                (
                    [order_product_id] => 754
                    [order_id] => 293
                    [product_id] => 131
                    [name] => MUŠKE BOKSERICE HIPSTER CRNE
                    [model] => M7062
                    [quantity] => 2
                    [price] => 80.5000
                    [total] => 161.0000
                    [tax] => 0.0000
                    [reward] => 0
                    [option] => Array
                        (
                            [order_option_id] => 670
                            [order_id] => 293
                            [order_product_id] => 754
                            [product_option_id] => 294
                            [product_option_value_id] => 360
                            [name] => Veličina
                            [value] => L
                            [type] => radio
                            [sku] => 
                            [option_data] => Array
                                (
                                    [product_option_value_id] => 360
                                    [product_option_id] => 294
                                    [product_id] => 131
                                    [option_id] => 13
                                    [option_value_id] => 50
                                    [quantity] => 35
                                    [subtract] => 1
                                    [price] => 0.0000
                                    [price_prefix] => +
                                    [points] => 0
                                    [points_prefix] => +
                                    [weight] => 0.00000000
                                    [weight_prefix] => +
                                    [sku] => M7062.L
                                )

                        )

                )

            [3] => Array
                (
                    [order_product_id] => 755
                    [order_id] => 293
                    [product_id] => 144
                    [name] => MUŠKE GAĆE SLIP TAMNO PLAVE
                    [model] => M7075
                    [quantity] => 2
                    [price] => 78.6000
                    [total] => 157.2000
                    [tax] => 0.0000
                    [reward] => 0
                    [option] => Array
                        (
                            [order_option_id] => 671
                            [order_id] => 293
                            [order_product_id] => 755
                            [product_option_id] => 307
                            [product_option_value_id] => 432
                            [name] => Veličina
                            [value] => XXL
                            [type] => radio
                            [sku] => 
                            [option_data] => Array
                                (
                                    [product_option_value_id] => 432
                                    [product_option_id] => 307
                                    [product_id] => 144
                                    [option_id] => 13
                                    [option_value_id] => 53
                                    [quantity] => 7
                                    [subtract] => 1
                                    [price] => 13.0000
                                    [price_prefix] => +
                                    [points] => 0
                                    [points_prefix] => +
                                    [weight] => 0.00000000
                                    [weight_prefix] => +
                                    [sku] => M7075.XXL
                                )

                        )

                )

            [4] => Array
                (
                    [order_product_id] => 756
                    [order_id] => 293
                    [product_id] => 170
                    [name] => NAVY MASKA ZA LICE
                    [model] => P8010
                    [quantity] => 1
                    [price] => 51.0000
                    [total] => 51.0000
                    [tax] => 0.0000
                    [reward] => 0
                    [option] => 
                )

        )

    [totals] => Array
        (
            [0] => Array
                (
                    [order_total_id] => 956
                    [order_id] => 293
                    [code] => sub_total
                    [title] => Među suma
                    [value] => 693.4000
                    [sort_order] => 1
                )

            [1] => Array
                (
                    [order_total_id] => 957
                    [order_id] => 293
                    [code] => tieredgiftstotal
                    [title] => Besplatni poklon - NAVY MASKA ZA LICE
                    [value] => -51.0000
                    [sort_order] => 2
                )

            [2] => Array
                (
                    [order_total_id] => 958
                    [order_id] => 293
                    [code] => shipping
                    [title] => Besplatna dostava Intereuropa Hrvatska
                    [value] => 0.0000
                    [sort_order] => 3
                )

            [3] => Array
                (
                    [order_total_id] => 959
                    [order_id] => 293
                    [code] => coupon
                    [title] => Kupon za popust (Final20)
                    [value] => -138.6800
                    [sort_order] => 4
                )

            [4] => Array
                (
                    [order_total_id] => 960
                    [order_id] => 293
                    [code] => total
                    [title] => Ukupno
                    [value] => 503.7200
                    [sort_order] => 9
                )

        )

    [status] => Array
        (
            [order_status_id] => 5
            [language_id] => 1
            [name] => Complete
        )

)

2021-03-15 15:19:11 - Array
(
    [narudzba] => Array
        (
            [CMS_ID] => KHR293
            [DATUM_VRIJEME] => 12.03.2021 17:32:56
            [NARUCITELJ_CMS_ID] => 1
            [NARUCITELJ_EMAIL] => Jviskota@yahoo.com
            [NARUCITELJ_IME] => Jelena
            [NARUCITELJ_PREZIME] => Culic-viskota
            [NARUCITELJ_ADRESA] => Put znjana 44c
            [NARUCITELJ_MJESTO] => Split
            [NARUCITELJ_POSTA] => 21000
            [NARUCITELJ_TELEFON] => 098266322
            [NARUCITELJ_NAZIV] => 
            [NARUCITELJ_OIB] => 
            [NARUCITELJ_VAT] => 
            [NARUCITELJ_ZEMLJA] => HRV
            [DOSTAVA_IME_PREZIME] => Jelena Culic-viskota
            [DOSTAVA_ADRESA] => Put znjana 44c
            [DOSTAVA_MJESTO] => Split
            [DOSTAVA_POSTA] => 21000
            [NAPOMENA] => 
            [VALUTA] => 191
            [IZNOS_UKUPNO] => 503.72
            [TECAJ] => 1
        )

    [stavke] => Array
        (
            [0] => Array
                (
                    [IDROBA] => US00000203
                    [KOLICINA] => 1
                    [CIJENA] => 0
                    [RABAT] => 0
                    [IZNOS] => 0
                )

            [1] => Array
                (
                    [IDROBA] => M5004.XXL
                    [KOLICINA] => 1
                    [CIJENA] => 167.00
                    [RABAT] => 0
                    [IZNOS] => 167.00
                )

            [2] => Array
                (
                    [IDROBA] => M7061.XXL
                    [KOLICINA] => 2
                    [CIJENA] => 78.60
                    [RABAT] => 0
                    [IZNOS] => 157.20
                )

            [3] => Array
                (
                    [IDROBA] => M7062.L
                    [KOLICINA] => 2
                    [CIJENA] => 80.50
                    [RABAT] => 0
                    [IZNOS] => 161.00
                )

            [4] => Array
                (
                    [IDROBA] => M7075.XXL
                    [KOLICINA] => 2
                    [CIJENA] => 78.60
                    [RABAT] => 0
                    [IZNOS] => 157.20
                )

            [5] => Array
                (
                    [IDROBA] => P8010
                    [KOLICINA] => 1
                    [CIJENA] => 51.00
                    [RABAT] => 0
                    [IZNOS] => 51.00
                )

        )

)

2021-03-15 15:19:12 - Illuminate\Support\Collection Object
(
    [items:protected] => Array
        (
            [creating] => start
            [ZAPIS] => Array
                (
                    [IDDOK] => NAW
                    [BROJDOK] => 46
                    [STAVAKA] => 6
                    [STAVKA] => 6
                    [KOLICINA_SIFRA] => 0
                    [DATUM] => 2021-03-15 00:00:00
                    [TEXT_GRESKE] => 
                    [KNJIZENO_KARTICA] => 
                    [KNJIZENO_GLKNJIGA] => 
                    [ZAKJUCANI_DN] => NE
                )

        )

)

