2021-03-09 8:47:14 - Array
(
    [order_id] => 286
    [invoice_no] => 0
    [invoice_prefix] => INV-2020-00
    [store_id] => 0
    [store_name] => KOZO UNDERWEAR
    [store_url] => https://www.kozo-underwear.hr/
    [customer_id] => 200
    [customer_group_id] => 1
    [firstname] => Andrijana
    [lastname] => Batistić
    [email] => andri.batistic@gmail.com
    [telephone] => 0993090363
    [fax] => 
    [custom_field] => 
    [payment_firstname] => Andrijana
    [payment_lastname] => Batistić
    [payment_company] => 
    [payment_address_1] => Žrnovo200a
    [payment_address_2] => 
    [payment_city] => Žrnovo
    [payment_postcode] => 20275
    [payment_country] => Croatia
    [payment_country_id] => 53
    [payment_zone] => HR
    [payment_zone_id] => 848
    [payment_address_format] => 
    [payment_custom_field] => 
    [payment_method] => Kreditne kartice / Debitne Kartice (CorvusPay)
    [payment_code] => corvuspay
    [shipping_firstname] => Andrijana
    [shipping_lastname] => Batistić
    [shipping_company] => 
    [shipping_address_1] => Žrnovo200a
    [shipping_address_2] => 
    [shipping_city] => Žrnovo
    [shipping_postcode] => 20275
    [shipping_country] => Croatia
    [shipping_country_id] => 53
    [shipping_zone] => HR
    [shipping_zone_id] => 848
    [shipping_address_format] => 
    [shipping_custom_field] => 
    [shipping_method] => Dostava Intereuropa Hrvatska - Besplatna dostava za narudžbe iznad 350kn
    [shipping_code] => ultimate_shipping.ultimate_shipping_0
    [comment] => 
    [total] => 318.5000
    [order_status_id] => 5
    [affiliate_id] => 0
    [commission] => 0.0000
    [marketing_id] => 0
    [tracking] => 
    [language_id] => 2
    [currency_id] => 4
    [currency_code] => HRK
    [currency_value] => 1.00000000
    [ip] => 93.143.4.214
    [forwarded_ip] => 
    [user_agent] => Mozilla/5.0 (Linux; Android 10; SM-A600FN) AppleWebKit/537.36 (KHTML, like Gecko) Chrome/89.0.4389.72 Mobile Safari/537.36
    [accept_language] => hr-HR,hr;q=0.9,en-US;q=0.8,en;q=0.7
    [paid_order] => 0
    [intereuropa] => 1
    [date_added] => 2021-03-06 16:53:25
    [date_modified] => 2021-03-06 16:57:42
    [products] => Array
        (
            [0] => Array
                (
                    [order_product_id] => 739
                    [order_id] => 286
                    [product_id] => 113
                    [name] => MUŠKE BOKSERICE PRINT WEB
                    [model] => M7044
                    [quantity] => 1
                    [price] => 94.5000
                    [total] => 94.5000
                    [tax] => 0.0000
                    [reward] => 0
                    [option] => Array
                        (
                            [order_option_id] => 656
                            [order_id] => 286
                            [order_product_id] => 739
                            [product_option_id] => 276
                            [product_option_value_id] => 260
                            [name] => Veličina
                            [value] => M
                            [type] => radio
                            [sku] => 
                            [option_data] => Array
                                (
                                    [product_option_value_id] => 260
                                    [product_option_id] => 276
                                    [product_id] => 113
                                    [option_id] => 13
                                    [option_value_id] => 51
                                    [quantity] => 33
                                    [subtract] => 1
                                    [price] => 0.0000
                                    [price_prefix] => +
                                    [points] => 0
                                    [points_prefix] => +
                                    [weight] => 0.00000000
                                    [weight_prefix] => +
                                    [sku] => M7044.M
                                )

                        )

                )

            [1] => Array
                (
                    [order_product_id] => 740
                    [order_id] => 286
                    [product_id] => 118
                    [name] => MUŠKE BOKSERICE PRINT SQUARES
                    [model] => M7047
                    [quantity] => 2
                    [price] => 94.5000
                    [total] => 189.0000
                    [tax] => 0.0000
                    [reward] => 0
                    [option] => Array
                        (
                            [order_option_id] => 657
                            [order_id] => 286
                            [order_product_id] => 740
                            [product_option_id] => 281
                            [product_option_value_id] => 282
                            [name] => Veličina
                            [value] => M
                            [type] => radio
                            [sku] => 
                            [option_data] => Array
                                (
                                    [product_option_value_id] => 282
                                    [product_option_id] => 281
                                    [product_id] => 118
                                    [option_id] => 13
                                    [option_value_id] => 51
                                    [quantity] => 45
                                    [subtract] => 1
                                    [price] => 0.0000
                                    [price_prefix] => +
                                    [points] => 0
                                    [points_prefix] => +
                                    [weight] => 0.00000000
                                    [weight_prefix] => +
                                    [sku] => M7047.M
                                )

                        )

                )

        )

    [totals] => Array
        (
            [0] => Array
                (
                    [order_total_id] => 934
                    [order_id] => 286
                    [code] => sub_total
                    [title] => Među suma
                    [value] => 283.5000
                    [sort_order] => 1
                )

            [1] => Array
                (
                    [order_total_id] => 935
                    [order_id] => 286
                    [code] => shipping
                    [title] => Dostava Intereuropa Hrvatska - Besplatna dostava za narudžbe iznad 350kn
                    [value] => 35.0000
                    [sort_order] => 3
                )

            [2] => Array
                (
                    [order_total_id] => 936
                    [order_id] => 286
                    [code] => total
                    [title] => Ukupno
                    [value] => 318.5000
                    [sort_order] => 9
                )

        )

    [status] => Array
        (
            [order_status_id] => 5
            [language_id] => 1
            [name] => Complete
        )

)

2021-03-09 8:47:14 - Array
(
    [narudzba] => Array
        (
            [CMS_ID] => KHR286
            [DATUM_VRIJEME] => 06.03.2021 16:57:42
            [NARUCITELJ_CMS_ID] => 1
            [NARUCITELJ_EMAIL] => andri.batistic@gmail.com
            [NARUCITELJ_IME] => Andrijana
            [NARUCITELJ_PREZIME] => Batistić
            [NARUCITELJ_ADRESA] => Žrnovo200a
            [NARUCITELJ_MJESTO] => Žrnovo
            [NARUCITELJ_POSTA] => 20275
            [NARUCITELJ_TELEFON] => 0993090363
            [NARUCITELJ_NAZIV] => 
            [NARUCITELJ_OIB] => 
            [NARUCITELJ_VAT] => 
            [NARUCITELJ_ZEMLJA] => HRV
            [DOSTAVA_IME_PREZIME] => Andrijana Batistić
            [DOSTAVA_ADRESA] => Žrnovo200a
            [DOSTAVA_MJESTO] => Žrnovo
            [DOSTAVA_POSTA] => 20275
            [NAPOMENA] => 
            [VALUTA] => 191
            [IZNOS_UKUPNO] => 318.50
            [TECAJ] => 1
        )

    [stavke] => Array
        (
            [0] => Array
                (
                    [IDROBA] => US00000203
                    [KOLICINA] => 1
                    [CIJENA] => 35
                    [RABAT] => 0
                    [IZNOS] => 35
                )

            [1] => Array
                (
                    [IDROBA] => M7044.M
                    [KOLICINA] => 1
                    [CIJENA] => 94.50
                    [RABAT] => 0
                    [IZNOS] => 94.50
                )

            [2] => Array
                (
                    [IDROBA] => M7047.M
                    [KOLICINA] => 2
                    [CIJENA] => 94.50
                    [RABAT] => 0
                    [IZNOS] => 189.00
                )

        )

)

2021-03-09 8:47:15 - Illuminate\Support\Collection Object
(
    [items:protected] => Array
        (
            [creating] => start
            [ZAPIS] => Array
                (
                    [IDDOK] => NAW
                    [BROJDOK] => 38
                    [STAVAKA] => 3
                    [STAVKA] => 3
                    [KOLICINA_SIFRA] => 0
                    [DATUM] => 2021-03-09 00:00:00
                    [TEXT_GRESKE] => 
                    [KNJIZENO_KARTICA] => 
                    [KNJIZENO_GLKNJIGA] => 
                    [ZAKJUCANI_DN] => NE
                )

        )

)

