2021-03-09 8:48:03 - &idfirma=1
2021-03-09 8:48:03 - Array
(
    [narudzba] => Array
        (
            [CMS_ID] => KHR287
            [DATUM_VRIJEME] => 07.03.2021 15:02:58
            [NARUCITELJ_CMS_ID] => 1
            [NARUCITELJ_EMAIL] => valentinamihelic01@gmail.com
            [NARUCITELJ_IME] => Valentina
            [NARUCITELJ_PREZIME] => Mihelić
            [NARUCITELJ_ADRESA] => Ante Starčevića 2/1
            [NARUCITELJ_MJESTO] => Bregana
            [NARUCITELJ_POSTA] => 10432
            [NARUCITELJ_TELEFON] => 0991961493
            [NARUCITELJ_NAZIV] => 
            [NARUCITELJ_OIB] => 
            [NARUCITELJ_VAT] => 
            [NARUCITELJ_ZEMLJA] => HRV
            [DOSTAVA_IME_PREZIME] => Valentina Mihelić
            [DOSTAVA_ADRESA] => Ante Starčevića 2/1
            [DOSTAVA_MJESTO] => Bregana
            [DOSTAVA_POSTA] => 10432
            [NAPOMENA] => 
            [VALUTA] => 191
            [IZNOS_UKUPNO] => 368.00
            [TECAJ] => 1
        )

    [stavke] => Array
        (
            [0] => Array
                (
                    [IDROBA] => US00000203
                    [KOLICINA] => 1
                    [CIJENA] => 0
                    [RABAT] => 0
                    [IZNOS] => 0
                )

            [1] => Array
                (
                    [IDROBA] => M7070.M
                    [KOLICINA] => 1
                    [CIJENA] => 104.00
                    [RABAT] => 0
                    [IZNOS] => 104.00
                )

            [2] => Array
                (
                    [IDROBA] => M5011.M
                    [KOLICINA] => 1
                    [CIJENA] => 264.00
                    [RABAT] => 0
                    [IZNOS] => 264.00
                )

        )

)

2021-03-09 8:48:05 - Array
(
    [creating] => start
    [ZAPIS] => Array
        (
            [IDDOK] => NAW
            [BROJDOK] => 39
            [STAVAKA] => 3
            [STAVKA] => 3
            [KOLICINA_SIFRA] => 0
            [DATUM] => 2021-03-09 00:00:00
            [TEXT_GRESKE] => 
            [KNJIZENO_KARTICA] => 
            [KNJIZENO_GLKNJIGA] => 
            [ZAKJUCANI_DN] => NE
        )

)

