2021-03-05 14:44:01 - Array
(
    [order_id] => 281
    [invoice_no] => 0
    [invoice_prefix] => INV-2020-00
    [store_id] => 0
    [store_name] => KOZO UNDERWEAR
    [store_url] => https://www.kozo-underwear.hr/
    [customer_id] => 197
    [customer_group_id] => 1
    [firstname] => Stanko
    [lastname] => Škrobo
    [email] => skrobo.stanko1@gmail.com
    [telephone] => +385989375950
    [fax] => 
    [custom_field] => 
    [payment_firstname] => Stanko
    [payment_lastname] => Škrobo
    [payment_company] => 
    [payment_address_1] => kaštelanska 41
    [payment_address_2] => 
    [payment_city] => osijek
    [payment_postcode] => 31000
    [payment_country] => Croatia
    [payment_country_id] => 53
    [payment_zone] => HR
    [payment_zone_id] => 848
    [payment_address_format] => 
    [payment_custom_field] => 
    [payment_method] => Plaćanje pouzećem
    [payment_code] => cod
    [shipping_firstname] => Stanko
    [shipping_lastname] => Škrobo
    [shipping_company] => 
    [shipping_address_1] => kaštelanska 41
    [shipping_address_2] => 
    [shipping_city] => osijek
    [shipping_postcode] => 31000
    [shipping_country] => Croatia
    [shipping_country_id] => 53
    [shipping_zone] => HR
    [shipping_zone_id] => 848
    [shipping_address_format] => 
    [shipping_custom_field] => 
    [shipping_method] => Dostava Intereuropa Hrvatska - Besplatna dostava za narudžbe iznad 350kn
    [shipping_code] => ultimate_shipping.ultimate_shipping_0
    [comment] => 
    [total] => 203.0000
    [order_status_id] => 5
    [affiliate_id] => 0
    [commission] => 0.0000
    [marketing_id] => 0
    [tracking] => 
    [language_id] => 2
    [currency_id] => 4
    [currency_code] => HRK
    [currency_value] => 1.00000000
    [ip] => 93.143.137.250
    [forwarded_ip] => 
    [user_agent] => Mozilla/5.0 (Macintosh; Intel Mac OS X 11_1_0) AppleWebKit/537.36 (KHTML, like Gecko) Chrome/87.0.4280.141 Safari/537.36
    [accept_language] => hr-HR,hr;q=0.9,en-US;q=0.8,en;q=0.7
    [paid_order] => 0
    [intereuropa] => 1
    [date_added] => 2021-03-02 18:34:06
    [date_modified] => 2021-03-02 18:34:21
    [products] => Array
        (
            [0] => Array
                (
                    [order_product_id] => 727
                    [order_id] => 281
                    [product_id] => 84
                    [name] => MUŠKE BOKSERICE TRUNKS CRNE
                    [model] => M7014
                    [quantity] => 1
                    [price] => 87.5000
                    [total] => 87.5000
                    [tax] => 0.0000
                    [reward] => 0
                    [option] => Array
                        (
                            [order_option_id] => 646
                            [order_id] => 281
                            [order_product_id] => 727
                            [product_option_id] => 247
                            [product_option_value_id] => 122
                            [name] => Veličina
                            [value] => XL
                            [type] => radio
                            [sku] => 
                            [option_data] => Array
                                (
                                    [product_option_value_id] => 122
                                    [product_option_id] => 247
                                    [product_id] => 84
                                    [option_id] => 13
                                    [option_value_id] => 49
                                    [quantity] => 26
                                    [subtract] => 1
                                    [price] => 0.0000
                                    [price_prefix] => +
                                    [points] => 0
                                    [points_prefix] => +
                                    [weight] => 0.00000000
                                    [weight_prefix] => +
                                    [sku] => M7014.XL
                                )

                        )

                )

            [1] => Array
                (
                    [order_product_id] => 728
                    [order_id] => 281
                    [product_id] => 130
                    [name] => MUŠKE BOKSERICE TRUNKS CRNE
                    [model] => M7063
                    [quantity] => 1
                    [price] => 80.5000
                    [total] => 80.5000
                    [tax] => 0.0000
                    [reward] => 0
                    [option] => Array
                        (
                            [order_option_id] => 647
                            [order_id] => 281
                            [order_product_id] => 728
                            [product_option_id] => 293
                            [product_option_value_id] => 357
                            [name] => Veličina
                            [value] => XL
                            [type] => radio
                            [sku] => 
                            [option_data] => Array
                                (
                                    [product_option_value_id] => 357
                                    [product_option_id] => 293
                                    [product_id] => 130
                                    [option_id] => 13
                                    [option_value_id] => 49
                                    [quantity] => 11
                                    [subtract] => 1
                                    [price] => 0.0000
                                    [price_prefix] => +
                                    [points] => 0
                                    [points_prefix] => +
                                    [weight] => 0.00000000
                                    [weight_prefix] => +
                                    [sku] => M7063.XL
                                )

                        )

                )

        )

    [totals] => Array
        (
            [0] => Array
                (
                    [order_total_id] => 917
                    [order_id] => 281
                    [code] => sub_total
                    [title] => Među suma
                    [value] => 168.0000
                    [sort_order] => 1
                )

            [1] => Array
                (
                    [order_total_id] => 918
                    [order_id] => 281
                    [code] => shipping
                    [title] => Dostava Intereuropa Hrvatska - Besplatna dostava za narudžbe iznad 350kn
                    [value] => 35.0000
                    [sort_order] => 3
                )

            [2] => Array
                (
                    [order_total_id] => 919
                    [order_id] => 281
                    [code] => total
                    [title] => Ukupno
                    [value] => 203.0000
                    [sort_order] => 9
                )

        )

    [status] => Array
        (
            [order_status_id] => 5
            [language_id] => 1
            [name] => Complete
        )

)

2021-03-05 14:44:01 - Array
(
    [narudzba] => Array
        (
            [CMS_ID] => KHR281
            [DATUM_VRIJEME] => 02.03.2021 18:34:21
            [NARUCITELJ_CMS_ID] => 1
            [NARUCITELJ_EMAIL] => skrobo.stanko1@gmail.com
            [NARUCITELJ_IME] => Stanko
            [NARUCITELJ_PREZIME] => Škrobo
            [NARUCITELJ_ADRESA] => kaštelanska 41
            [NARUCITELJ_MJESTO] => osijek
            [NARUCITELJ_POSTA] => 31000
            [NARUCITELJ_TELEFON] => +385989375950
            [NARUCITELJ_NAZIV] => 
            [NARUCITELJ_OIB] => 
            [NARUCITELJ_VAT] => 
            [NARUCITELJ_ZEMLJA] => HRV
            [DOSTAVA_IME_PREZIME] => Stanko Škrobo
            [DOSTAVA_ADRESA] => kaštelanska 41
            [DOSTAVA_MJESTO] => osijek
            [DOSTAVA_POSTA] => 31000
            [NAPOMENA] => 
            [VALUTA] => 191
            [IZNOS_UKUPNO] => 203.00
            [TECAJ] => 1
        )

    [stavke] => Array
        (
            [0] => Array
                (
                    [IDROBA] => US00000203
                    [KOLICINA] => 1
                    [CIJENA] => 35
                    [RABAT] => 0
                    [IZNOS] => 35
                )

            [1] => Array
                (
                    [IDROBA] => M7014.XL
                    [KOLICINA] => 1
                    [CIJENA] => 87.50
                    [RABAT] => 0
                    [IZNOS] => 87.50
                )

            [2] => Array
                (
                    [IDROBA] => M7063.XL
                    [KOLICINA] => 1
                    [CIJENA] => 80.50
                    [RABAT] => 0
                    [IZNOS] => 80.50
                )

        )

)

2021-03-05 14:44:03 - Illuminate\Support\Collection Object
(
    [items:protected] => Array
        (
            [creating] => start
            [ZAPIS] => Array
                (
                    [IDDOK] => NAW
                    [BROJDOK] => 34
                    [STAVAKA] => 3
                    [STAVKA] => 3
                    [KOLICINA_SIFRA] => 0
                    [DATUM] => 2021-03-05 00:00:00
                    [TEXT_GRESKE] => 
                    [KNJIZENO_KARTICA] => 
                    [KNJIZENO_GLKNJIGA] => 
                    [ZAKJUCANI_DN] => NE
                )

        )

)

