2021-03-16 15:27:55 - Array
(
    [order_id] => 296
    [invoice_no] => 0
    [invoice_prefix] => INV-2020-00
    [store_id] => 0
    [store_name] => KOZO UNDERWEAR
    [store_url] => https://www.kozo-underwear.hr/
    [customer_id] => 102
    [customer_group_id] => 1
    [firstname] => Ivana
    [lastname] => Burić
    [email] => ivanaburic82@gmail.com
    [telephone] => 0989135998
    [fax] => 
    [custom_field] => 
    [payment_firstname] => Ivana
    [payment_lastname] => Burić
    [payment_company] => 
    [payment_address_1] => Sisplac 6
    [payment_address_2] => 
    [payment_city] => Pula
    [payment_postcode] => 52100
    [payment_country] => Croatia
    [payment_country_id] => 53
    [payment_zone] => HR
    [payment_zone_id] => 848
    [payment_address_format] => 
    [payment_custom_field] => 
    [payment_method] => Kreditne kartice / Debitne Kartice (CorvusPay)
    [payment_code] => corvuspay
    [shipping_firstname] => Ivana
    [shipping_lastname] => Burić
    [shipping_company] => 
    [shipping_address_1] => Giardini 3, Pula, caffe bar Dvojka
    [shipping_address_2] => 
    [shipping_city] => Pula
    [shipping_postcode] => 52100
    [shipping_country] => Croatia
    [shipping_country_id] => 53
    [shipping_zone] => 
    [shipping_zone_id] => 0
    [shipping_address_format] => 
    [shipping_custom_field] => 
    [shipping_method] => Besplatna dostava Intereuropa Hrvatska
    [shipping_code] => ultimate_shipping.ultimate_shipping_0
    [comment] => Order Comments: Molim napomenuti dostavljaču da je na adresi dostave caffe bar Dvojka, tako da lakše nađu. Hvala
    [total] => 320.0000
    [order_status_id] => 5
    [affiliate_id] => 0
    [commission] => 0.0000
    [marketing_id] => 0
    [tracking] => 
    [language_id] => 2
    [currency_id] => 4
    [currency_code] => HRK
    [currency_value] => 1.00000000
    [ip] => 141.136.233.50
    [forwarded_ip] => 
    [user_agent] => Mozilla/5.0 (Windows NT 10.0; Win64; x64) AppleWebKit/537.36 (KHTML, like Gecko) Chrome/88.0.4324.190 Safari/537.36
    [accept_language] => hr-HR,hr;q=0.9,en-US;q=0.8,en;q=0.7
    [paid_order] => 0
    [intereuropa] => 1
    [date_added] => 2021-03-14 15:54:51
    [date_modified] => 2021-03-14 15:57:44
    [products] => Array
        (
            [0] => Array
                (
                    [order_product_id] => 764
                    [order_id] => 296
                    [product_id] => 233
                    [name] => M5006L MUŠKA PIDŽAMA GORNJI DIO, VEL. L
                    [model] => M5006L
                    [quantity] => 1
                    [price] => 223.0000
                    [total] => 223.0000
                    [tax] => 0.0000
                    [reward] => 0
                    [option] => Array
                        (
                            [order_option_id] => 678
                            [order_id] => 296
                            [order_product_id] => 764
                            [product_option_id] => 367
                            [product_option_value_id] => 714
                            [name] => Veličina
                            [value] => XXL
                            [type] => radio
                            [sku] => 
                            [option_data] => Array
                                (
                                    [product_option_value_id] => 714
                                    [product_option_id] => 367
                                    [product_id] => 233
                                    [option_id] => 13
                                    [option_value_id] => 53
                                    [quantity] => 19
                                    [subtract] => 1
                                    [price] => 28.0000
                                    [price_prefix] => +
                                    [points] => 0
                                    [points_prefix] => +
                                    [weight] => 0.00000000
                                    [weight_prefix] => +
                                    [sku] => M5006L.XXL
                                )

                        )

                )

            [1] => Array
                (
                    [order_product_id] => 765
                    [order_id] => 296
                    [product_id] => 234
                    [name] => M5007L MUŠKA PIDŽAMA DONJI DIO, VEL. L
                    [model] => M5007L
                    [quantity] => 1
                    [price] => 177.0000
                    [total] => 177.0000
                    [tax] => 0.0000
                    [reward] => 0
                    [option] => Array
                        (
                            [order_option_id] => 679
                            [order_id] => 296
                            [order_product_id] => 765
                            [product_option_id] => 368
                            [product_option_value_id] => 720
                            [name] => Veličina
                            [value] => XXL
                            [type] => radio
                            [sku] => 
                            [option_data] => Array
                                (
                                    [product_option_value_id] => 720
                                    [product_option_id] => 368
                                    [product_id] => 234
                                    [option_id] => 13
                                    [option_value_id] => 53
                                    [quantity] => 19
                                    [subtract] => 1
                                    [price] => 22.0000
                                    [price_prefix] => +
                                    [points] => 0
                                    [points_prefix] => +
                                    [weight] => 0.00000000
                                    [weight_prefix] => +
                                    [sku] => M5007L.XXL
                                )

                        )

                )

        )

    [totals] => Array
        (
            [0] => Array
                (
                    [order_total_id] => 970
                    [order_id] => 296
                    [code] => sub_total
                    [title] => Među suma
                    [value] => 400.0000
                    [sort_order] => 1
                )

            [1] => Array
                (
                    [order_total_id] => 971
                    [order_id] => 296
                    [code] => shipping
                    [title] => Besplatna dostava Intereuropa Hrvatska
                    [value] => 0.0000
                    [sort_order] => 3
                )

            [2] => Array
                (
                    [order_total_id] => 972
                    [order_id] => 296
                    [code] => coupon
                    [title] => Kupon za popust (FINAL20)
                    [value] => -80.0000
                    [sort_order] => 4
                )

            [3] => Array
                (
                    [order_total_id] => 973
                    [order_id] => 296
                    [code] => total
                    [title] => Ukupno
                    [value] => 320.0000
                    [sort_order] => 9
                )

        )

    [status] => Array
        (
            [order_status_id] => 5
            [language_id] => 1
            [name] => Complete
        )

)

2021-03-16 15:27:55 - Array
(
    [narudzba] => Array
        (
            [CMS_ID] => KHR296
            [DATUM_VRIJEME] => 14.03.2021 15:57:44
            [NARUCITELJ_CMS_ID] => 1
            [NARUCITELJ_EMAIL] => ivanaburic82@gmail.com
            [NARUCITELJ_IME] => Ivana
            [NARUCITELJ_PREZIME] => Burić
            [NARUCITELJ_ADRESA] => Sisplac 6
            [NARUCITELJ_MJESTO] => Pula
            [NARUCITELJ_POSTA] => 52100
            [NARUCITELJ_TELEFON] => 0989135998
            [NARUCITELJ_NAZIV] => 
            [NARUCITELJ_OIB] => 
            [NARUCITELJ_VAT] => 
            [NARUCITELJ_ZEMLJA] => HRV
            [DOSTAVA_IME_PREZIME] => Ivana Burić
            [DOSTAVA_ADRESA] => Giardini 3, Pula, caffe bar Dvojka
            [DOSTAVA_MJESTO] => Pula
            [DOSTAVA_POSTA] => 52100
            [NAPOMENA] => Order Comments: Molim napomenuti dostavljaču da je na adresi dostave caffe bar Dvojka, tako da lakše nađu. Hvala
            [VALUTA] => 191
            [IZNOS_UKUPNO] => 320.00
            [TECAJ] => 1
        )

    [stavke] => Array
        (
            [0] => Array
                (
                    [IDROBA] => US00000203
                    [KOLICINA] => 1
                    [CIJENA] => 0
                    [RABAT] => 0
                    [IZNOS] => 0
                )

            [1] => Array
                (
                    [IDROBA] => M5006L.XXL
                    [KOLICINA] => 1
                    [CIJENA] => 223.00
                    [RABAT] => 0
                    [IZNOS] => 223.00
                )

            [2] => Array
                (
                    [IDROBA] => M5007L.XXL
                    [KOLICINA] => 1
                    [CIJENA] => 177.00
                    [RABAT] => 0
                    [IZNOS] => 177.00
                )

        )

)

2021-03-16 15:28:00 - Illuminate\Support\Collection Object
(
    [items:protected] => Array
        (
            [creating] => start
            [ZAPIS] => Array
                (
                    [IDDOK] => NAW
                    [BROJDOK] => 48
                    [STAVAKA] => 3
                    [STAVKA] => 3
                    [KOLICINA_SIFRA] => 0
                    [DATUM] => 2021-03-16 00:00:00
                    [TEXT_GRESKE] => 
                    [KNJIZENO_KARTICA] => 
                    [KNJIZENO_GLKNJIGA] => 
                    [ZAKJUCANI_DN] => NE
                )

        )

)

