2021-03-05 14:42:56 - Array
(
    [order_id] => 280
    [invoice_no] => 0
    [invoice_prefix] => INV-2020-00
    [store_id] => 0
    [store_name] => KOZO UNDERWEAR
    [store_url] => https://www.kozo-underwear.hr/
    [customer_id] => 194
    [customer_group_id] => 1
    [firstname] => Branimir
    [lastname] => Hebrang
    [email] => branimir.hebrang@gmail.com
    [telephone] => +385992646525
    [fax] => 
    [custom_field] => 
    [payment_firstname] => Branimir
    [payment_lastname] => Hebrang
    [payment_company] => 
    [payment_address_1] => Palinovečka 19 N
    [payment_address_2] => 
    [payment_city] => Zagreb
    [payment_postcode] => 10000
    [payment_country] => Croatia
    [payment_country_id] => 53
    [payment_zone] => HR
    [payment_zone_id] => 848
    [payment_address_format] => 
    [payment_custom_field] => 
    [payment_method] => Kreditne kartice / Debitne Kartice (CorvusPay)
    [payment_code] => corvuspay
    [shipping_firstname] => Branimir
    [shipping_lastname] => Hebrang
    [shipping_company] => 
    [shipping_address_1] => Palinovečka 19 N
    [shipping_address_2] => 
    [shipping_city] => Zagreb
    [shipping_postcode] => 10000
    [shipping_country] => Croatia
    [shipping_country_id] => 53
    [shipping_zone] => HR
    [shipping_zone_id] => 848
    [shipping_address_format] => 
    [shipping_custom_field] => 
    [shipping_method] => Dostava Intereuropa Hrvatska - Besplatna dostava za narudžbe iznad 350kn
    [shipping_code] => ultimate_shipping.ultimate_shipping_0
    [comment] => 
    [total] => 171.8000
    [order_status_id] => 5
    [affiliate_id] => 0
    [commission] => 0.0000
    [marketing_id] => 0
    [tracking] => 
    [language_id] => 2
    [currency_id] => 4
    [currency_code] => HRK
    [currency_value] => 1.00000000
    [ip] => 195.29.161.70
    [forwarded_ip] => 
    [user_agent] => Mozilla/5.0 (Windows NT 10.0; Win64; x64) AppleWebKit/537.36 (KHTML, like Gecko) Chrome/88.0.4324.146 Safari/537.36
    [accept_language] => en-US,en;q=0.9,hr;q=0.8,ru;q=0.7,bs;q=0.6,de;q=0.5
    [paid_order] => 0
    [intereuropa] => 1
    [date_added] => 2021-03-02 10:35:45
    [date_modified] => 2021-03-02 10:38:33
    [products] => Array
        (
            [0] => Array
                (
                    [order_product_id] => 725
                    [order_id] => 280
                    [product_id] => 95
                    [name] => MUŠKE GAĆE SLIP TAMNO PLAVE
                    [model] => M7027
                    [quantity] => 1
                    [price] => 71.2000
                    [total] => 71.2000
                    [tax] => 0.0000
                    [reward] => 0
                    [option] => Array
                        (
                            [order_option_id] => 644
                            [order_id] => 280
                            [order_product_id] => 725
                            [product_option_id] => 258
                            [product_option_value_id] => 179
                            [name] => Veličina
                            [value] => XL
                            [type] => radio
                            [sku] => 
                            [option_data] => Array
                                (
                                    [product_option_value_id] => 179
                                    [product_option_id] => 258
                                    [product_id] => 95
                                    [option_id] => 13
                                    [option_value_id] => 49
                                    [quantity] => 16
                                    [subtract] => 1
                                    [price] => 0.0000
                                    [price_prefix] => 
                                    [points] => 0
                                    [points_prefix] => +
                                    [weight] => 0.00000000
                                    [weight_prefix] => +
                                    [sku] => M7027.XL
                                )

                        )

                )

            [1] => Array
                (
                    [order_product_id] => 726
                    [order_id] => 280
                    [product_id] => 144
                    [name] => MUŠKE GAĆE SLIP TAMNO PLAVE
                    [model] => M7075
                    [quantity] => 1
                    [price] => 65.6000
                    [total] => 65.6000
                    [tax] => 0.0000
                    [reward] => 0
                    [option] => Array
                        (
                            [order_option_id] => 645
                            [order_id] => 280
                            [order_product_id] => 726
                            [product_option_id] => 307
                            [product_option_value_id] => 431
                            [name] => Veličina
                            [value] => XL
                            [type] => radio
                            [sku] => 
                            [option_data] => Array
                                (
                                    [product_option_value_id] => 431
                                    [product_option_id] => 307
                                    [product_id] => 144
                                    [option_id] => 13
                                    [option_value_id] => 49
                                    [quantity] => 12
                                    [subtract] => 1
                                    [price] => 0.0000
                                    [price_prefix] => 
                                    [points] => 0
                                    [points_prefix] => +
                                    [weight] => 0.00000000
                                    [weight_prefix] => +
                                    [sku] => M7075.XL
                                )

                        )

                )

        )

    [totals] => Array
        (
            [0] => Array
                (
                    [order_total_id] => 914
                    [order_id] => 280
                    [code] => sub_total
                    [title] => Među suma
                    [value] => 136.8000
                    [sort_order] => 1
                )

            [1] => Array
                (
                    [order_total_id] => 915
                    [order_id] => 280
                    [code] => shipping
                    [title] => Dostava Intereuropa Hrvatska - Besplatna dostava za narudžbe iznad 350kn
                    [value] => 35.0000
                    [sort_order] => 3
                )

            [2] => Array
                (
                    [order_total_id] => 916
                    [order_id] => 280
                    [code] => total
                    [title] => Ukupno
                    [value] => 171.8000
                    [sort_order] => 9
                )

        )

    [status] => Array
        (
            [order_status_id] => 5
            [language_id] => 1
            [name] => Complete
        )

)

2021-03-05 14:42:56 - Array
(
    [narudzba] => Array
        (
            [CMS_ID] => KHR280
            [DATUM_VRIJEME] => 02.03.2021 10:38:33
            [NARUCITELJ_CMS_ID] => 1
            [NARUCITELJ_EMAIL] => branimir.hebrang@gmail.com
            [NARUCITELJ_IME] => Branimir
            [NARUCITELJ_PREZIME] => Hebrang
            [NARUCITELJ_ADRESA] => Palinovečka 19 N
            [NARUCITELJ_MJESTO] => Zagreb
            [NARUCITELJ_POSTA] => 10000
            [NARUCITELJ_TELEFON] => +385992646525
            [NARUCITELJ_NAZIV] => 
            [NARUCITELJ_OIB] => 
            [NARUCITELJ_VAT] => 
            [NARUCITELJ_ZEMLJA] => HRV
            [DOSTAVA_IME_PREZIME] => Branimir Hebrang
            [DOSTAVA_ADRESA] => Palinovečka 19 N
            [DOSTAVA_MJESTO] => Zagreb
            [DOSTAVA_POSTA] => 10000
            [NAPOMENA] => 
            [VALUTA] => 191
            [IZNOS_UKUPNO] => 171.80
            [TECAJ] => 1
        )

    [stavke] => Array
        (
            [0] => Array
                (
                    [IDROBA] => US00000203
                    [KOLICINA] => 1
                    [CIJENA] => 35
                    [RABAT] => 0
                    [IZNOS] => 35
                )

            [1] => Array
                (
                    [IDROBA] => M7027.XL
                    [KOLICINA] => 1
                    [CIJENA] => 71.20
                    [RABAT] => 0
                    [IZNOS] => 71.20
                )

            [2] => Array
                (
                    [IDROBA] => M7075.XL
                    [KOLICINA] => 1
                    [CIJENA] => 65.60
                    [RABAT] => 0
                    [IZNOS] => 65.60
                )

        )

)

2021-03-05 14:42:58 - Illuminate\Support\Collection Object
(
    [items:protected] => Array
        (
            [creating] => start
            [ZAPIS] => Array
                (
                    [IDDOK] => NAW
                    [BROJDOK] => 33
                    [STAVAKA] => 3
                    [STAVKA] => 3
                    [KOLICINA_SIFRA] => 0
                    [DATUM] => 2021-03-05 00:00:00
                    [TEXT_GRESKE] => 
                    [KNJIZENO_KARTICA] => 
                    [KNJIZENO_GLKNJIGA] => 
                    [ZAKJUCANI_DN] => NE
                )

        )

)

