2021-03-09 8:48:03 - Array
(
    [order_id] => 287
    [invoice_no] => 0
    [invoice_prefix] => INV-2020-00
    [store_id] => 0
    [store_name] => KOZO UNDERWEAR
    [store_url] => https://www.kozo-underwear.hr/
    [customer_id] => 81
    [customer_group_id] => 1
    [firstname] => Valentina
    [lastname] => Mihelić
    [email] => valentinamihelic01@gmail.com
    [telephone] => 0991961493
    [fax] => 
    [custom_field] => 
    [payment_firstname] => Valentina
    [payment_lastname] => Mihelić
    [payment_company] => 
    [payment_address_1] => Ante Starčevića 2/1
    [payment_address_2] => 
    [payment_city] => Bregana
    [payment_postcode] => 10432
    [payment_country] => Croatia
    [payment_country_id] => 53
    [payment_zone] => 
    [payment_zone_id] => 0
    [payment_address_format] => 
    [payment_custom_field] => 
    [payment_method] => Bankovna transakcija (internet bankarstvo)
    [payment_code] => bank_transfer
    [shipping_firstname] => Valentina
    [shipping_lastname] => Mihelić
    [shipping_company] => 
    [shipping_address_1] => Ante Starčevića 2/1
    [shipping_address_2] => 
    [shipping_city] => Bregana
    [shipping_postcode] => 10432
    [shipping_country] => Croatia
    [shipping_country_id] => 53
    [shipping_zone] => 
    [shipping_zone_id] => 0
    [shipping_address_format] => 
    [shipping_custom_field] => 
    [shipping_method] => Besplatna dostava Intereuropa Hrvatska
    [shipping_code] => ultimate_shipping.ultimate_shipping_0
    [comment] => 
    [total] => 368.0000
    [order_status_id] => 1
    [affiliate_id] => 0
    [commission] => 0.0000
    [marketing_id] => 0
    [tracking] => 
    [language_id] => 2
    [currency_id] => 4
    [currency_code] => HRK
    [currency_value] => 1.00000000
    [ip] => 93.138.130.185
    [forwarded_ip] => 
    [user_agent] => Mozilla/5.0 (Linux; U; Android 10; hr-hr; Mi 9 Lite Build/QKQ1.190828.002) AppleWebKit/537.36 (KHTML, like Gecko) Version/4.0 Chrome/79.0.3945.147 Mobile Safari/537.36 XiaoMi/MiuiBrowser/12.9.3-gn
    [accept_language] => hr-HR,hr;q=0.9,en-US;q=0.8,en;q=0.7
    [paid_order] => 0
    [intereuropa] => 1
    [date_added] => 2021-03-07 15:02:22
    [date_modified] => 2021-03-07 15:02:58
    [products] => Array
        (
            [0] => Array
                (
                    [order_product_id] => 741
                    [order_id] => 287
                    [product_id] => 138
                    [name] => MUŠKA MAJICA V IZREZ CRNA
                    [model] => M7070
                    [quantity] => 1
                    [price] => 104.0000
                    [total] => 104.0000
                    [tax] => 0.0000
                    [reward] => 0
                    [option] => Array
                        (
                            [order_option_id] => 658
                            [order_id] => 287
                            [order_product_id] => 741
                            [product_option_id] => 301
                            [product_option_value_id] => 400
                            [name] => Veličina
                            [value] => M
                            [type] => radio
                            [sku] => 
                            [option_data] => Array
                                (
                                    [product_option_value_id] => 400
                                    [product_option_id] => 301
                                    [product_id] => 138
                                    [option_id] => 13
                                    [option_value_id] => 51
                                    [quantity] => 8
                                    [subtract] => 1
                                    [price] => 0.0000
                                    [price_prefix] => 
                                    [points] => 0
                                    [points_prefix] => +
                                    [weight] => 0.00000000
                                    [weight_prefix] => +
                                    [sku] => M7070.M
                                )

                        )

                )

            [1] => Array
                (
                    [order_product_id] => 742
                    [order_id] => 287
                    [product_id] => 179
                    [name] => MUŠKA PIDŽAMA
                    [model] => M5011
                    [quantity] => 1
                    [price] => 264.0000
                    [total] => 264.0000
                    [tax] => 0.0000
                    [reward] => 0
                    [option] => Array
                        (
                            [order_option_id] => 659
                            [order_id] => 287
                            [order_product_id] => 742
                            [product_option_id] => 343
                            [product_option_value_id] => 567
                            [name] => Veličina
                            [value] => M
                            [type] => radio
                            [sku] => 
                            [option_data] => Array
                                (
                                    [product_option_value_id] => 567
                                    [product_option_id] => 343
                                    [product_id] => 179
                                    [option_id] => 13
                                    [option_value_id] => 51
                                    [quantity] => 17
                                    [subtract] => 1
                                    [price] => 0.0000
                                    [price_prefix] => +
                                    [points] => 0
                                    [points_prefix] => +
                                    [weight] => 0.00000000
                                    [weight_prefix] => +
                                    [sku] => M5011.M
                                )

                        )

                )

        )

    [totals] => Array
        (
            [0] => Array
                (
                    [order_total_id] => 937
                    [order_id] => 287
                    [code] => sub_total
                    [title] => Među suma
                    [value] => 368.0000
                    [sort_order] => 1
                )

            [1] => Array
                (
                    [order_total_id] => 938
                    [order_id] => 287
                    [code] => shipping
                    [title] => Besplatna dostava Intereuropa Hrvatska
                    [value] => 0.0000
                    [sort_order] => 3
                )

            [2] => Array
                (
                    [order_total_id] => 939
                    [order_id] => 287
                    [code] => total
                    [title] => Ukupno
                    [value] => 368.0000
                    [sort_order] => 9
                )

        )

    [status] => Array
        (
            [order_status_id] => 1
            [language_id] => 1
            [name] => Pending
        )

)

2021-03-09 8:48:03 - Array
(
    [narudzba] => Array
        (
            [CMS_ID] => KHR287
            [DATUM_VRIJEME] => 07.03.2021 15:02:58
            [NARUCITELJ_CMS_ID] => 1
            [NARUCITELJ_EMAIL] => valentinamihelic01@gmail.com
            [NARUCITELJ_IME] => Valentina
            [NARUCITELJ_PREZIME] => Mihelić
            [NARUCITELJ_ADRESA] => Ante Starčevića 2/1
            [NARUCITELJ_MJESTO] => Bregana
            [NARUCITELJ_POSTA] => 10432
            [NARUCITELJ_TELEFON] => 0991961493
            [NARUCITELJ_NAZIV] => 
            [NARUCITELJ_OIB] => 
            [NARUCITELJ_VAT] => 
            [NARUCITELJ_ZEMLJA] => HRV
            [DOSTAVA_IME_PREZIME] => Valentina Mihelić
            [DOSTAVA_ADRESA] => Ante Starčevića 2/1
            [DOSTAVA_MJESTO] => Bregana
            [DOSTAVA_POSTA] => 10432
            [NAPOMENA] => 
            [VALUTA] => 191
            [IZNOS_UKUPNO] => 368.00
            [TECAJ] => 1
        )

    [stavke] => Array
        (
            [0] => Array
                (
                    [IDROBA] => US00000203
                    [KOLICINA] => 1
                    [CIJENA] => 0
                    [RABAT] => 0
                    [IZNOS] => 0
                )

            [1] => Array
                (
                    [IDROBA] => M7070.M
                    [KOLICINA] => 1
                    [CIJENA] => 104.00
                    [RABAT] => 0
                    [IZNOS] => 104.00
                )

            [2] => Array
                (
                    [IDROBA] => M5011.M
                    [KOLICINA] => 1
                    [CIJENA] => 264.00
                    [RABAT] => 0
                    [IZNOS] => 264.00
                )

        )

)

2021-03-09 8:48:05 - Illuminate\Support\Collection Object
(
    [items:protected] => Array
        (
            [creating] => start
            [ZAPIS] => Array
                (
                    [IDDOK] => NAW
                    [BROJDOK] => 39
                    [STAVAKA] => 3
                    [STAVKA] => 3
                    [KOLICINA_SIFRA] => 0
                    [DATUM] => 2021-03-09 00:00:00
                    [TEXT_GRESKE] => 
                    [KNJIZENO_KARTICA] => 
                    [KNJIZENO_GLKNJIGA] => 
                    [ZAKJUCANI_DN] => NE
                )

        )

)

