2021-03-01 9:01:34 - &idfirma=1
2021-03-01 9:01:34 - Array
(
    [narudzba] => Array
        (
            [CMS_ID] => KHR276
            [DATUM_VRIJEME] => 26.02.2021 10:39:28
            [NARUCITELJ_CMS_ID] => 1
            [NARUCITELJ_EMAIL] => josipovic.sanja@gmail.com
            [NARUCITELJ_IME] => Sanja
            [NARUCITELJ_PREZIME] => savi
            [NARUCITELJ_ADRESA] => J.J.Strossmayera43
            [NARUCITELJ_MJESTO] => PAKRAC
            [NARUCITELJ_POSTA] => 34550
            [NARUCITELJ_TELEFON] => 0996274970
            [NARUCITELJ_NAZIV] => 
            [NARUCITELJ_OIB] => 
            [NARUCITELJ_VAT] => 
            [NARUCITELJ_ZEMLJA] => HRV
            [DOSTAVA_IME_PREZIME] => Sanja savi
            [DOSTAVA_ADRESA] => J.J.Strossmayera43
            [DOSTAVA_MJESTO] => PAKRAC
            [DOSTAVA_POSTA] => 34550
            [NAPOMENA] => 
            [VALUTA] => 191
            [IZNOS_UKUPNO] => 243.50
            [TECAJ] => 1
        )

    [stavke] => Array
        (
            [0] => Array
                (
                    [IDROBA] => US00000203
                    [KOLICINA] => 1
                    [CIJENA] => 35
                    [RABAT] => 0
                    [IZNOS] => 35
                )

            [1] => Array
                (
                    [IDROBA] => M7057.XXL
                    [KOLICINA] => 1
                    [CIJENA] => 110.00
                    [RABAT] => 0
                    [IZNOS] => 110.00
                )

            [2] => Array
                (
                    [IDROBA] => M7076.XXL
                    [KOLICINA] => 1
                    [CIJENA] => 98.50
                    [RABAT] => 0
                    [IZNOS] => 98.50
                )

        )

)

2021-03-01 9:01:36 - Array
(
    [creating] => start
    [ZAPIS] => Array
        (
            [IDDOK] => NAK
            [BROJDOK] => 142
            [STAVAKA] => 3
            [STAVKA] => 3
            [KOLICINA_SIFRA] => 0
            [DATUM] => 2021-03-01 00:00:00
            [TEXT_GRESKE] => 
            [KNJIZENO_KARTICA] => 
            [KNJIZENO_GLKNJIGA] => 
            [ZAKJUCANI_DN] => NE
        )

)

