2021-03-15 15:19:03 - Array
(
    [order_id] => 292
    [invoice_no] => 0
    [invoice_prefix] => INV-2020-00
    [store_id] => 0
    [store_name] => KOZO UNDERWEAR
    [store_url] => https://www.kozo-underwear.hr/
    [customer_id] => 20
    [customer_group_id] => 1
    [firstname] => Iva
    [lastname] => Pezer
    [email] => iva.pezer@krateks.hr
    [telephone] => 00 385 98 332 668
    [fax] => 
    [custom_field] => 
    [payment_firstname] => Iva
    [payment_lastname] => Pezer
    [payment_company] => 
    [payment_address_1] => Studeni breg 71
    [payment_address_2] => 
    [payment_city] => Zagreb
    [payment_postcode] => 10000
    [payment_country] => Croatia
    [payment_country_id] => 53
    [payment_zone] => 
    [payment_zone_id] => 0
    [payment_address_format] => 
    [payment_custom_field] => 
    [payment_method] => Kreditne kartice / Debitne Kartice (CorvusPay)
    [payment_code] => corvuspay
    [shipping_firstname] => Iva
    [shipping_lastname] => Pezer
    [shipping_company] => 
    [shipping_address_1] => Studeni breg 71
    [shipping_address_2] => 
    [shipping_city] => Zagreb
    [shipping_postcode] => 10000
    [shipping_country] => Croatia
    [shipping_country_id] => 53
    [shipping_zone] => 
    [shipping_zone_id] => 0
    [shipping_address_format] => 
    [shipping_custom_field] => 
    [shipping_method] => Besplatna dostava Intereuropa Hrvatska
    [shipping_code] => ultimate_shipping.ultimate_shipping_0
    [comment] => 
    [total] => 393.6000
    [order_status_id] => 5
    [affiliate_id] => 0
    [commission] => 0.0000
    [marketing_id] => 0
    [tracking] => 
    [language_id] => 2
    [currency_id] => 4
    [currency_code] => HRK
    [currency_value] => 1.00000000
    [ip] => 78.2.9.1
    [forwarded_ip] => 
    [user_agent] => Mozilla/5.0 (Windows NT 10.0; Win64; x64) AppleWebKit/537.36 (KHTML, like Gecko) Chrome/88.0.4324.190 Safari/537.36
    [accept_language] => en-GB,en-US;q=0.9,en;q=0.8
    [paid_order] => 0
    [intereuropa] => 1
    [date_added] => 2021-03-12 13:55:01
    [date_modified] => 2021-03-12 13:57:06
    [products] => Array
        (
            [0] => Array
                (
                    [order_product_id] => 749
                    [order_id] => 292
                    [product_id] => 126
                    [name] => MUŠKE GAĆE SLIP CRNE
                    [model] => M7061
                    [quantity] => 2
                    [price] => 65.6000
                    [total] => 131.2000
                    [tax] => 0.0000
                    [reward] => 0
                    [option] => Array
                        (
                            [order_option_id] => 665
                            [order_id] => 292
                            [order_product_id] => 749
                            [product_option_id] => 289
                            [product_option_value_id] => 333
                            [name] => Veličina
                            [value] => XL
                            [type] => radio
                            [sku] => 
                            [option_data] => Array
                                (
                                    [product_option_value_id] => 333
                                    [product_option_id] => 289
                                    [product_id] => 126
                                    [option_id] => 13
                                    [option_value_id] => 49
                                    [quantity] => 6
                                    [subtract] => 1
                                    [price] => 0.0000
                                    [price_prefix] => 
                                    [points] => 0
                                    [points_prefix] => +
                                    [weight] => 0.00000000
                                    [weight_prefix] => +
                                    [sku] => M7061.XL
                                )

                        )

                )

            [1] => Array
                (
                    [order_product_id] => 750
                    [order_id] => 292
                    [product_id] => 136
                    [name] => MUŠKE GAĆE SLIP SIVE
                    [model] => M7071
                    [quantity] => 2
                    [price] => 65.6000
                    [total] => 131.2000
                    [tax] => 0.0000
                    [reward] => 0
                    [option] => Array
                        (
                            [order_option_id] => 666
                            [order_id] => 292
                            [order_product_id] => 750
                            [product_option_id] => 299
                            [product_option_value_id] => 392
                            [name] => Veličina
                            [value] => XL
                            [type] => radio
                            [sku] => 
                            [option_data] => Array
                                (
                                    [product_option_value_id] => 392
                                    [product_option_id] => 299
                                    [product_id] => 136
                                    [option_id] => 13
                                    [option_value_id] => 49
                                    [quantity] => 6
                                    [subtract] => 1
                                    [price] => 0.0000
                                    [price_prefix] => 
                                    [points] => 0
                                    [points_prefix] => +
                                    [weight] => 0.00000000
                                    [weight_prefix] => +
                                    [sku] => M7071.XL
                                )

                        )

                )

            [2] => Array
                (
                    [order_product_id] => 751
                    [order_id] => 292
                    [product_id] => 144
                    [name] => MUŠKE GAĆE SLIP TAMNO PLAVE
                    [model] => M7075
                    [quantity] => 2
                    [price] => 65.6000
                    [total] => 131.2000
                    [tax] => 0.0000
                    [reward] => 0
                    [option] => Array
                        (
                            [order_option_id] => 667
                            [order_id] => 292
                            [order_product_id] => 751
                            [product_option_id] => 307
                            [product_option_value_id] => 431
                            [name] => Veličina
                            [value] => XL
                            [type] => radio
                            [sku] => 
                            [option_data] => Array
                                (
                                    [product_option_value_id] => 431
                                    [product_option_id] => 307
                                    [product_id] => 144
                                    [option_id] => 13
                                    [option_value_id] => 49
                                    [quantity] => 10
                                    [subtract] => 1
                                    [price] => 0.0000
                                    [price_prefix] => 
                                    [points] => 0
                                    [points_prefix] => +
                                    [weight] => 0.00000000
                                    [weight_prefix] => +
                                    [sku] => M7075.XL
                                )

                        )

                )

        )

    [totals] => Array
        (
            [0] => Array
                (
                    [order_total_id] => 953
                    [order_id] => 292
                    [code] => sub_total
                    [title] => Među suma
                    [value] => 393.6000
                    [sort_order] => 1
                )

            [1] => Array
                (
                    [order_total_id] => 954
                    [order_id] => 292
                    [code] => shipping
                    [title] => Besplatna dostava Intereuropa Hrvatska
                    [value] => 0.0000
                    [sort_order] => 3
                )

            [2] => Array
                (
                    [order_total_id] => 955
                    [order_id] => 292
                    [code] => total
                    [title] => Ukupno
                    [value] => 393.6000
                    [sort_order] => 9
                )

        )

    [status] => Array
        (
            [order_status_id] => 5
            [language_id] => 1
            [name] => Complete
        )

)

2021-03-15 15:19:03 - Array
(
    [narudzba] => Array
        (
            [CMS_ID] => KHR292
            [DATUM_VRIJEME] => 12.03.2021 13:57:06
            [NARUCITELJ_CMS_ID] => 1
            [NARUCITELJ_EMAIL] => iva.pezer@krateks.hr
            [NARUCITELJ_IME] => Iva
            [NARUCITELJ_PREZIME] => Pezer
            [NARUCITELJ_ADRESA] => Studeni breg 71
            [NARUCITELJ_MJESTO] => Zagreb
            [NARUCITELJ_POSTA] => 10000
            [NARUCITELJ_TELEFON] => 00 385 98 332 668
            [NARUCITELJ_NAZIV] => 
            [NARUCITELJ_OIB] => 
            [NARUCITELJ_VAT] => 
            [NARUCITELJ_ZEMLJA] => HRV
            [DOSTAVA_IME_PREZIME] => Iva Pezer
            [DOSTAVA_ADRESA] => Studeni breg 71
            [DOSTAVA_MJESTO] => Zagreb
            [DOSTAVA_POSTA] => 10000
            [NAPOMENA] => 
            [VALUTA] => 191
            [IZNOS_UKUPNO] => 393.60
            [TECAJ] => 1
        )

    [stavke] => Array
        (
            [0] => Array
                (
                    [IDROBA] => US00000203
                    [KOLICINA] => 1
                    [CIJENA] => 0
                    [RABAT] => 0
                    [IZNOS] => 0
                )

            [1] => Array
                (
                    [IDROBA] => M7061.XL
                    [KOLICINA] => 2
                    [CIJENA] => 65.60
                    [RABAT] => 0
                    [IZNOS] => 131.20
                )

            [2] => Array
                (
                    [IDROBA] => M7071.XL
                    [KOLICINA] => 2
                    [CIJENA] => 65.60
                    [RABAT] => 0
                    [IZNOS] => 131.20
                )

            [3] => Array
                (
                    [IDROBA] => M7075.XL
                    [KOLICINA] => 2
                    [CIJENA] => 65.60
                    [RABAT] => 0
                    [IZNOS] => 131.20
                )

        )

)

2021-03-15 15:19:04 - Illuminate\Support\Collection Object
(
    [items:protected] => Array
        (
            [creating] => start
            [ZAPIS] => Array
                (
                    [IDDOK] => NAW
                    [BROJDOK] => 45
                    [STAVAKA] => 4
                    [STAVKA] => 4
                    [KOLICINA_SIFRA] => 0
                    [DATUM] => 2021-03-15 00:00:00
                    [TEXT_GRESKE] => 
                    [KNJIZENO_KARTICA] => 
                    [KNJIZENO_GLKNJIGA] => 
                    [ZAKJUCANI_DN] => NE
                )

        )

)

