2021-03-01 9:01:46 - &idfirma=1
2021-03-01 9:01:46 - Array
(
    [narudzba] => Array
        (
            [CMS_ID] => KHR277
            [DATUM_VRIJEME] => 27.02.2021 22:20:42
            [NARUCITELJ_CMS_ID] => 1
            [NARUCITELJ_EMAIL] => goranmalis@gmail.com
            [NARUCITELJ_IME] => Goran 
            [NARUCITELJ_PREZIME] => Mališ 
            [NARUCITELJ_ADRESA] => Tina Ujevića 15
            [NARUCITELJ_MJESTO] => Varaždin 
            [NARUCITELJ_POSTA] => 42000
            [NARUCITELJ_TELEFON] => 095 373 0909 
            [NARUCITELJ_NAZIV] => 
            [NARUCITELJ_OIB] => 
            [NARUCITELJ_VAT] => 
            [NARUCITELJ_ZEMLJA] => HRV
            [DOSTAVA_IME_PREZIME] => Goran  Mališ 
            [DOSTAVA_ADRESA] => Tina Ujevića 15
            [DOSTAVA_MJESTO] => Varaždin 
            [DOSTAVA_POSTA] => 42000
            [NAPOMENA] => 
            [VALUTA] => 191
            [IZNOS_UKUPNO] => 177.40
            [TECAJ] => 1
        )

    [stavke] => Array
        (
            [0] => Array
                (
                    [IDROBA] => US00000203
                    [KOLICINA] => 1
                    [CIJENA] => 35
                    [RABAT] => 0
                    [IZNOS] => 35
                )

            [1] => Array
                (
                    [IDROBA] => M7027.L
                    [KOLICINA] => 2
                    [CIJENA] => 71.20
                    [RABAT] => 0
                    [IZNOS] => 142.40
                )

        )

)

2021-03-01 9:01:48 - Array
(
    [creating] => start
    [ZAPIS] => Array
        (
            [IDDOK] => NAK
            [BROJDOK] => 143
            [STAVAKA] => 2
            [STAVKA] => 2
            [KOLICINA_SIFRA] => 0
            [DATUM] => 2021-03-01 00:00:00
            [TEXT_GRESKE] => 
            [KNJIZENO_KARTICA] => 
            [KNJIZENO_GLKNJIGA] => 
            [ZAKJUCANI_DN] => NE
        )

)

