2021-03-01 9:01:55 - &idfirma=1
2021-03-01 9:01:55 - Array
(
    [narudzba] => Array
        (
            [CMS_ID] => KHR278
            [DATUM_VRIJEME] => 28.02.2021 20:21:37
            [NARUCITELJ_CMS_ID] => 1
            [NARUCITELJ_EMAIL] => ivan.sugar@gmail.com
            [NARUCITELJ_IME] => Ivan
            [NARUCITELJ_PREZIME] => Šugar
            [NARUCITELJ_ADRESA] => Ul. Ruže Petrović 5
            [NARUCITELJ_MJESTO] => Fažana
            [NARUCITELJ_POSTA] => 52212
            [NARUCITELJ_TELEFON] => 0918937443
            [NARUCITELJ_NAZIV] => 
            [NARUCITELJ_OIB] => 
            [NARUCITELJ_VAT] => 
            [NARUCITELJ_ZEMLJA] => HRV
            [DOSTAVA_IME_PREZIME] => Ivan Šugar
            [DOSTAVA_ADRESA] => Ul. Ruže Petrović 5
            [DOSTAVA_MJESTO] => Fažana
            [DOSTAVA_POSTA] => 52212
            [NAPOMENA] => 
            [VALUTA] => 191
            [IZNOS_UKUPNO] => 411.00
            [TECAJ] => 1
        )

    [stavke] => Array
        (
            [0] => Array
                (
                    [IDROBA] => US00000203
                    [KOLICINA] => 1
                    [CIJENA] => 0
                    [RABAT] => 0
                    [IZNOS] => 0
                )

            [1] => Array
                (
                    [IDROBA] => M7009.M
                    [KOLICINA] => 1
                    [CIJENA] => 112.00
                    [RABAT] => 0
                    [IZNOS] => 112.00
                )

            [2] => Array
                (
                    [IDROBA] => M7014.M
                    [KOLICINA] => 1
                    [CIJENA] => 87.50
                    [RABAT] => 0
                    [IZNOS] => 87.50
                )

            [3] => Array
                (
                    [IDROBA] => M7019.XXL
                    [KOLICINA] => 1
                    [CIJENA] => 124.00
                    [RABAT] => 0
                    [IZNOS] => 124.00
                )

            [4] => Array
                (
                    [IDROBA] => M7033.M
                    [KOLICINA] => 1
                    [CIJENA] => 87.50
                    [RABAT] => 0
                    [IZNOS] => 87.50
                )

        )

)

2021-03-01 9:01:56 - Array
(
    [creating] => start
    [ZAPIS] => Array
        (
            [IDDOK] => NAK
            [BROJDOK] => 144
            [STAVAKA] => 5
            [STAVKA] => 5
            [KOLICINA_SIFRA] => 0
            [DATUM] => 2021-03-01 00:00:00
            [TEXT_GRESKE] => 
            [KNJIZENO_KARTICA] => 
            [KNJIZENO_GLKNJIGA] => 
            [ZAKJUCANI_DN] => NE
        )

)

