2021-03-01 9:02:06 - Array
(
    [order_id] => 279
    [invoice_no] => 0
    [invoice_prefix] => INV-2020-00
    [store_id] => 0
    [store_name] => KOZO UNDERWEAR
    [store_url] => https://www.kozo-underwear.hr/
    [customer_id] => 179
    [customer_group_id] => 1
    [firstname] => Damir
    [lastname] => Leljak
    [email] => damir_leljak@a1net.hr
    [telephone] => 0913866026
    [fax] => 
    [custom_field] => 
    [payment_firstname] => Damir
    [payment_lastname] => Leljak
    [payment_company] => 
    [payment_address_1] => Antuna Šoljana 11
    [payment_address_2] => 
    [payment_city] => Zagreb
    [payment_postcode] => 10090
    [payment_country] => Croatia
    [payment_country_id] => 53
    [payment_zone] => HR
    [payment_zone_id] => 848
    [payment_address_format] => 
    [payment_custom_field] => 
    [payment_method] => Kreditne kartice / Debitne Kartice (CorvusPay)
    [payment_code] => corvuspay
    [shipping_firstname] => Damir
    [shipping_lastname] => Leljak
    [shipping_company] => 
    [shipping_address_1] => Antuna Šoljana 11
    [shipping_address_2] => 
    [shipping_city] => Zagreb
    [shipping_postcode] => 10090
    [shipping_country] => Croatia
    [shipping_country_id] => 53
    [shipping_zone] => HR
    [shipping_zone_id] => 848
    [shipping_address_format] => 
    [shipping_custom_field] => 
    [shipping_method] => Besplatna dostava Intereuropa Hrvatska
    [shipping_code] => ultimate_shipping.ultimate_shipping_0
    [comment] => 
    [total] => 528.3000
    [order_status_id] => 5
    [affiliate_id] => 0
    [commission] => 0.0000
    [marketing_id] => 0
    [tracking] => 
    [language_id] => 2
    [currency_id] => 4
    [currency_code] => HRK
    [currency_value] => 1.00000000
    [ip] => 88.207.41.160
    [forwarded_ip] => 
    [user_agent] => Mozilla/5.0 (Macintosh; Intel Mac OS X 10_15_6) AppleWebKit/605.1.15 (KHTML, like Gecko) Version/14.0.3 Safari/605.1.15
    [accept_language] => en-gb
    [paid_order] => 0
    [intereuropa] => 1
    [date_added] => 2021-03-01 00:05:30
    [date_modified] => 2021-03-01 00:06:24
    [products] => Array
        (
            [0] => Array
                (
                    [order_product_id] => 716
                    [order_id] => 279
                    [product_id] => 74
                    [name] => MUŠKA PIDŽAMA GORNJI DIO
                    [model] => M5004
                    [quantity] => 1
                    [price] => 140.0000
                    [total] => 140.0000
                    [tax] => 0.0000
                    [reward] => 0
                    [option] => Array
                        (
                            [order_option_id] => 641
                            [order_id] => 279
                            [order_product_id] => 716
                            [product_option_id] => 237
                            [product_option_value_id] => 62
                            [name] => Veličina
                            [value] => L
                            [type] => radio
                            [sku] => 
                            [option_data] => Array
                                (
                                    [product_option_value_id] => 62
                                    [product_option_id] => 237
                                    [product_id] => 74
                                    [option_id] => 13
                                    [option_value_id] => 50
                                    [quantity] => 30
                                    [subtract] => 1
                                    [price] => 0.0000
                                    [price_prefix] => 
                                    [points] => 0
                                    [points_prefix] => +
                                    [weight] => 0.00000000
                                    [weight_prefix] => +
                                    [sku] => M5004.L
                                )

                        )

                )

            [1] => Array
                (
                    [order_product_id] => 717
                    [order_id] => 279
                    [product_id] => 75
                    [name] => MUŠKA PIDŽAMA DONJI DIO
                    [model] => M5007
                    [quantity] => 1
                    [price] => 116.0000
                    [total] => 116.0000
                    [tax] => 0.0000
                    [reward] => 0
                    [option] => Array
                        (
                            [order_option_id] => 642
                            [order_id] => 279
                            [order_product_id] => 717
                            [product_option_id] => 238
                            [product_option_value_id] => 68
                            [name] => Veličina
                            [value] => L
                            [type] => radio
                            [sku] => 
                            [option_data] => Array
                                (
                                    [product_option_value_id] => 68
                                    [product_option_id] => 238
                                    [product_id] => 75
                                    [option_id] => 13
                                    [option_value_id] => 50
                                    [quantity] => 18
                                    [subtract] => 1
                                    [price] => 0.0000
                                    [price_prefix] => 
                                    [points] => 0
                                    [points_prefix] => +
                                    [weight] => 0.00000000
                                    [weight_prefix] => +
                                    [sku] => M5007.L
                                )

                        )

                )

            [2] => Array
                (
                    [order_product_id] => 718
                    [order_id] => 279
                    [product_id] => 84
                    [name] => MUŠKE BOKSERICE TRUNKS CRNE
                    [model] => M7014
                    [quantity] => 1
                    [price] => 87.5000
                    [total] => 87.5000
                    [tax] => 0.0000
                    [reward] => 0
                    [option] => Array
                        (
                            [order_option_id] => 643
                            [order_id] => 279
                            [order_product_id] => 718
                            [product_option_id] => 247
                            [product_option_value_id] => 122
                            [name] => Veličina
                            [value] => XL
                            [type] => radio
                            [sku] => 
                            [option_data] => Array
                                (
                                    [product_option_value_id] => 122
                                    [product_option_id] => 247
                                    [product_id] => 84
                                    [option_id] => 13
                                    [option_value_id] => 49
                                    [quantity] => 27
                                    [subtract] => 1
                                    [price] => 0.0000
                                    [price_prefix] => +
                                    [points] => 0
                                    [points_prefix] => +
                                    [weight] => 0.00000000
                                    [weight_prefix] => +
                                    [sku] => M7014.XL
                                )

                        )

                )

            [3] => Array
                (
                    [order_product_id] => 719
                    [order_id] => 279
                    [product_id] => 167
                    [name] => WEB MASKA ZA LICE
                    [model] => P8013
                    [quantity] => 1
                    [price] => 51.0000
                    [total] => 51.0000
                    [tax] => 0.0000
                    [reward] => 0
                    [option] => 
                )

            [4] => Array
                (
                    [order_product_id] => 720
                    [order_id] => 279
                    [product_id] => 192
                    [name] => SMILEY NAVLAKA ZA MEDICINSKU MASKU (FFP2)
                    [model] => B8024
                    [quantity] => 1
                    [price] => 42.0000
                    [total] => 42.0000
                    [tax] => 0.0000
                    [reward] => 0
                    [option] => 
                )

            [5] => Array
                (
                    [order_product_id] => 721
                    [order_id] => 279
                    [product_id] => 193
                    [name] => RED STRIPES NAVLAKA ZA MEDICINSKU MASKU (FFP2)
                    [model] => G8025
                    [quantity] => 1
                    [price] => 29.4000
                    [total] => 29.4000
                    [tax] => 0.0000
                    [reward] => 0
                    [option] => 
                )

            [6] => Array
                (
                    [order_product_id] => 722
                    [order_id] => 279
                    [product_id] => 202
                    [name] => WEB NAVLAKA ZA MEDICINSKU MASKU (FFP2)
                    [model] => P8022
                    [quantity] => 1
                    [price] => 42.0000
                    [total] => 42.0000
                    [tax] => 0.0000
                    [reward] => 0
                    [option] => 
                )

            [7] => Array
                (
                    [order_product_id] => 723
                    [order_id] => 279
                    [product_id] => 208
                    [name] => FOOTPRINT NAVLAKA ZA MEDICINSKU MASKU (FFP2)
                    [model] => U8029
                    [quantity] => 1
                    [price] => 29.4000
                    [total] => 29.4000
                    [tax] => 0.0000
                    [reward] => 0
                    [option] => 
                )

            [8] => Array
                (
                    [order_product_id] => 724
                    [order_id] => 279
                    [product_id] => 209
                    [name] => PANDA NAVLAKA ZA MEDICINSKU MASKU (FFP2)
                    [model] => U8030
                    [quantity] => 1
                    [price] => 42.0000
                    [total] => 42.0000
                    [tax] => 0.0000
                    [reward] => 0
                    [option] => 
                )

        )

    [totals] => Array
        (
            [0] => Array
                (
                    [order_total_id] => 910
                    [order_id] => 279
                    [code] => sub_total
                    [title] => Među suma
                    [value] => 579.3000
                    [sort_order] => 1
                )

            [1] => Array
                (
                    [order_total_id] => 911
                    [order_id] => 279
                    [code] => tieredgiftstotal
                    [title] => Besplatni poklon - WEB MASKA ZA LICE
                    [value] => -51.0000
                    [sort_order] => 2
                )

            [2] => Array
                (
                    [order_total_id] => 912
                    [order_id] => 279
                    [code] => shipping
                    [title] => Besplatna dostava Intereuropa Hrvatska
                    [value] => 0.0000
                    [sort_order] => 3
                )

            [3] => Array
                (
                    [order_total_id] => 913
                    [order_id] => 279
                    [code] => total
                    [title] => Ukupno
                    [value] => 528.3000
                    [sort_order] => 9
                )

        )

    [status] => Array
        (
            [order_status_id] => 5
            [language_id] => 1
            [name] => Complete
        )

)

2021-03-01 9:02:06 - Array
(
    [narudzba] => Array
        (
            [CMS_ID] => KHR279
            [DATUM_VRIJEME] => 01.03.2021 00:06:24
            [NARUCITELJ_CMS_ID] => 1
            [NARUCITELJ_EMAIL] => damir_leljak@a1net.hr
            [NARUCITELJ_IME] => Damir
            [NARUCITELJ_PREZIME] => Leljak
            [NARUCITELJ_ADRESA] => Antuna Šoljana 11
            [NARUCITELJ_MJESTO] => Zagreb
            [NARUCITELJ_POSTA] => 10090
            [NARUCITELJ_TELEFON] => 0913866026
            [NARUCITELJ_NAZIV] => 
            [NARUCITELJ_OIB] => 
            [NARUCITELJ_VAT] => 
            [NARUCITELJ_ZEMLJA] => HRV
            [DOSTAVA_IME_PREZIME] => Damir Leljak
            [DOSTAVA_ADRESA] => Antuna Šoljana 11
            [DOSTAVA_MJESTO] => Zagreb
            [DOSTAVA_POSTA] => 10090
            [NAPOMENA] => 
            [VALUTA] => 191
            [IZNOS_UKUPNO] => 528.30
            [TECAJ] => 1
        )

    [stavke] => Array
        (
            [0] => Array
                (
                    [IDROBA] => US00000203
                    [KOLICINA] => 1
                    [CIJENA] => 0
                    [RABAT] => 0
                    [IZNOS] => 0
                )

            [1] => Array
                (
                    [IDROBA] => M5004.L
                    [KOLICINA] => 1
                    [CIJENA] => 140.00
                    [RABAT] => 0
                    [IZNOS] => 140.00
                )

            [2] => Array
                (
                    [IDROBA] => M5007.L
                    [KOLICINA] => 1
                    [CIJENA] => 116.00
                    [RABAT] => 0
                    [IZNOS] => 116.00
                )

            [3] => Array
                (
                    [IDROBA] => M7014.XL
                    [KOLICINA] => 1
                    [CIJENA] => 87.50
                    [RABAT] => 0
                    [IZNOS] => 87.50
                )

            [4] => Array
                (
                    [IDROBA] => P8013
                    [KOLICINA] => 1
                    [CIJENA] => 51.00
                    [RABAT] => 0
                    [IZNOS] => 51.00
                )

            [5] => Array
                (
                    [IDROBA] => B8024
                    [KOLICINA] => 1
                    [CIJENA] => 42.00
                    [RABAT] => 0
                    [IZNOS] => 42.00
                )

            [6] => Array
                (
                    [IDROBA] => G8025
                    [KOLICINA] => 1
                    [CIJENA] => 29.40
                    [RABAT] => 0
                    [IZNOS] => 29.40
                )

            [7] => Array
                (
                    [IDROBA] => P8022
                    [KOLICINA] => 1
                    [CIJENA] => 42.00
                    [RABAT] => 0
                    [IZNOS] => 42.00
                )

            [8] => Array
                (
                    [IDROBA] => U8029
                    [KOLICINA] => 1
                    [CIJENA] => 29.40
                    [RABAT] => 0
                    [IZNOS] => 29.40
                )

            [9] => Array
                (
                    [IDROBA] => U8030
                    [KOLICINA] => 1
                    [CIJENA] => 42.00
                    [RABAT] => 0
                    [IZNOS] => 42.00
                )

        )

)

2021-03-01 9:02:07 - Illuminate\Support\Collection Object
(
    [items:protected] => Array
        (
            [creating] => start
            [ZAPIS] => Array
                (
                    [IDDOK] => NAK
                    [BROJDOK] => 145
                    [STAVAKA] => 10
                    [STAVKA] => 10
                    [KOLICINA_SIFRA] => 0
                    [DATUM] => 2021-03-01 00:00:00
                    [TEXT_GRESKE] => 
                    [KNJIZENO_KARTICA] => 
                    [KNJIZENO_GLKNJIGA] => 
                    [ZAKJUCANI_DN] => NE
                )

        )

)

