2021-02-25 8:21:16 - Array
(
    [order_id] => 274
    [invoice_no] => 0
    [invoice_prefix] => INV-2020-00
    [store_id] => 0
    [store_name] => KOZO UNDERWEAR
    [store_url] => https://www.kozo-underwear.hr/
    [customer_id] => 164
    [customer_group_id] => 1
    [firstname] => Bojan
    [lastname] => Peruško
    [email] => bojanperusko123@gmail.com
    [telephone] => 098535576
    [fax] => 
    [custom_field] => 
    [payment_firstname] => Bojan
    [payment_lastname] => Peruško
    [payment_company] => 
    [payment_address_1] => Peruški 52/A
    [payment_address_2] => 
    [payment_city] => Krnica
    [payment_postcode] => 52208
    [payment_country] => Croatia
    [payment_country_id] => 53
    [payment_zone] => HR
    [payment_zone_id] => 848
    [payment_address_format] => 
    [payment_custom_field] => 
    [payment_method] => Plaćanje pouzećem
    [payment_code] => cod
    [shipping_firstname] => Bojan
    [shipping_lastname] => Peruško
    [shipping_company] => 
    [shipping_address_1] => Peruški 52/A
    [shipping_address_2] => 
    [shipping_city] => Krnica
    [shipping_postcode] => 52208
    [shipping_country] => Croatia
    [shipping_country_id] => 53
    [shipping_zone] => HR
    [shipping_zone_id] => 848
    [shipping_address_format] => 
    [shipping_custom_field] => 
    [shipping_method] => Dostava Intereuropa Hrvatska - Besplatna dostava za narudžbe iznad 350kn
    [shipping_code] => ultimate_shipping.ultimate_shipping_0
    [comment] => 
    [total] => 190.4000
    [order_status_id] => 5
    [affiliate_id] => 0
    [commission] => 0.0000
    [marketing_id] => 0
    [tracking] => 
    [language_id] => 2
    [currency_id] => 4
    [currency_code] => HRK
    [currency_value] => 1.00000000
    [ip] => 31.217.7.254
    [forwarded_ip] => 
    [user_agent] => Mozilla/5.0 (Linux; Android 10; SM-G975F Build/QP1A.190711.020; wv) AppleWebKit/537.36 (KHTML, like Gecko) Version/4.0 Chrome/81.0.4044.138 Mobile Safari/537.36 [FB_IAB/FB4A;FBAV/300.2.0.58.129;]
    [accept_language] => hr-HR,hr;q=0.9,en-US;q=0.8,en;q=0.7
    [paid_order] => 0
    [intereuropa] => 1
    [date_added] => 2021-02-25 03:25:02
    [date_modified] => 2021-02-25 03:25:32
    [products] => Array
        (
            [0] => Array
                (
                    [order_product_id] => 704
                    [order_id] => 274
                    [product_id] => 115
                    [name] => MUŠKE GAĆE SLIP PRINT KOKOS
                    [model] => M7048
                    [quantity] => 1
                    [price] => 93.1000
                    [total] => 93.1000
                    [tax] => 0.0000
                    [reward] => 0
                    [option] => Array
                        (
                            [order_option_id] => 629
                            [order_id] => 274
                            [order_product_id] => 704
                            [product_option_id] => 278
                            [product_option_value_id] => 272
                            [name] => Veličina
                            [value] => XL
                            [type] => radio
                            [sku] => 
                            [option_data] => Array
                                (
                                    [product_option_value_id] => 272
                                    [product_option_id] => 278
                                    [product_id] => 115
                                    [option_id] => 13
                                    [option_value_id] => 49
                                    [quantity] => 16
                                    [subtract] => 1
                                    [price] => 0.0000
                                    [price_prefix] => +
                                    [points] => 0
                                    [points_prefix] => +
                                    [weight] => 0.00000000
                                    [weight_prefix] => +
                                    [sku] => M7048.XL
                                )

                        )

                )

            [1] => Array
                (
                    [order_product_id] => 705
                    [order_id] => 274
                    [product_id] => 150
                    [name] => MUŠKE GAĆE SLIP PRINT HOHOHO
                    [model] => M7083
                    [quantity] => 1
                    [price] => 62.3000
                    [total] => 62.3000
                    [tax] => 0.0000
                    [reward] => 0
                    [option] => Array
                        (
                            [order_option_id] => 630
                            [order_id] => 274
                            [order_product_id] => 705
                            [product_option_id] => 313
                            [product_option_value_id] => 461
                            [name] => Veličina
                            [value] => XL
                            [type] => radio
                            [sku] => 
                            [option_data] => Array
                                (
                                    [product_option_value_id] => 461
                                    [product_option_id] => 313
                                    [product_id] => 150
                                    [option_id] => 13
                                    [option_value_id] => 49
                                    [quantity] => 13
                                    [subtract] => 1
                                    [price] => 0.0000
                                    [price_prefix] => +
                                    [points] => 0
                                    [points_prefix] => +
                                    [weight] => 0.00000000
                                    [weight_prefix] => +
                                    [sku] => M7083.XL
                                )

                        )

                )

        )

    [totals] => Array
        (
            [0] => Array
                (
                    [order_total_id] => 895
                    [order_id] => 274
                    [code] => sub_total
                    [title] => Među suma
                    [value] => 155.4000
                    [sort_order] => 1
                )

            [1] => Array
                (
                    [order_total_id] => 896
                    [order_id] => 274
                    [code] => shipping
                    [title] => Dostava Intereuropa Hrvatska - Besplatna dostava za narudžbe iznad 350kn
                    [value] => 35.0000
                    [sort_order] => 3
                )

            [2] => Array
                (
                    [order_total_id] => 897
                    [order_id] => 274
                    [code] => total
                    [title] => Ukupno
                    [value] => 190.4000
                    [sort_order] => 9
                )

        )

    [status] => Array
        (
            [order_status_id] => 5
            [language_id] => 1
            [name] => Complete
        )

)

2021-02-25 8:21:16 - Array
(
    [narudzba] => Array
        (
            [CMS_ID] => KHR274
            [DATUM_VRIJEME] => 25.02.2021 03:25:32
            [NARUCITELJ_CMS_ID] => 1
            [NARUCITELJ_EMAIL] => bojanperusko123@gmail.com
            [NARUCITELJ_IME] => Bojan
            [NARUCITELJ_PREZIME] => Peruško
            [NARUCITELJ_ADRESA] => Peruški 52/A
            [NARUCITELJ_MJESTO] => Krnica
            [NARUCITELJ_POSTA] => 52208
            [NARUCITELJ_TELEFON] => 098535576
            [NARUCITELJ_NAZIV] => 
            [NARUCITELJ_OIB] => 
            [NARUCITELJ_VAT] => 
            [NARUCITELJ_ZEMLJA] => HRV
            [DOSTAVA_IME_PREZIME] => Bojan Peruško
            [DOSTAVA_ADRESA] => Peruški 52/A
            [DOSTAVA_MJESTO] => Krnica
            [DOSTAVA_POSTA] => 52208
            [NAPOMENA] => 
            [VALUTA] => 191
            [IZNOS_UKUPNO] => 190.40
            [TECAJ] => 1
        )

    [stavke] => Array
        (
            [0] => Array
                (
                    [IDROBA] => US00000203
                    [KOLICINA] => 1
                    [CIJENA] => 35
                    [RABAT] => 0
                    [IZNOS] => 35
                )

            [1] => Array
                (
                    [IDROBA] => M7048.XL
                    [KOLICINA] => 1
                    [CIJENA] => 93.10
                    [RABAT] => 0
                    [IZNOS] => 93.10
                )

            [2] => Array
                (
                    [IDROBA] => M7083.XL
                    [KOLICINA] => 1
                    [CIJENA] => 62.30
                    [RABAT] => 0
                    [IZNOS] => 62.30
                )

        )

)

2021-02-25 8:21:18 - Illuminate\Support\Collection Object
(
    [items:protected] => Array
        (
            [creating] => start
            [ZAPIS] => Array
                (
                    [IDDOK] => NAK
                    [BROJDOK] => 134
                    [STAVAKA] => 3
                    [STAVKA] => 3
                    [KOLICINA_SIFRA] => 0
                    [DATUM] => 2021-02-25 00:00:00
                    [TEXT_GRESKE] => 
                    [KNJIZENO_KARTICA] => 
                    [KNJIZENO_GLKNJIGA] => 
                    [ZAKJUCANI_DN] => NE
                )

        )

)

