2021-02-25 8:21:16 - &idfirma=1
2021-02-25 8:21:16 - Array
(
    [narudzba] => Array
        (
            [CMS_ID] => KHR274
            [DATUM_VRIJEME] => 25.02.2021 03:25:32
            [NARUCITELJ_CMS_ID] => 1
            [NARUCITELJ_EMAIL] => bojanperusko123@gmail.com
            [NARUCITELJ_IME] => Bojan
            [NARUCITELJ_PREZIME] => Peruško
            [NARUCITELJ_ADRESA] => Peruški 52/A
            [NARUCITELJ_MJESTO] => Krnica
            [NARUCITELJ_POSTA] => 52208
            [NARUCITELJ_TELEFON] => 098535576
            [NARUCITELJ_NAZIV] => 
            [NARUCITELJ_OIB] => 
            [NARUCITELJ_VAT] => 
            [NARUCITELJ_ZEMLJA] => HRV
            [DOSTAVA_IME_PREZIME] => Bojan Peruško
            [DOSTAVA_ADRESA] => Peruški 52/A
            [DOSTAVA_MJESTO] => Krnica
            [DOSTAVA_POSTA] => 52208
            [NAPOMENA] => 
            [VALUTA] => 191
            [IZNOS_UKUPNO] => 190.40
            [TECAJ] => 1
        )

    [stavke] => Array
        (
            [0] => Array
                (
                    [IDROBA] => US00000203
                    [KOLICINA] => 1
                    [CIJENA] => 35
                    [RABAT] => 0
                    [IZNOS] => 35
                )

            [1] => Array
                (
                    [IDROBA] => M7048.XL
                    [KOLICINA] => 1
                    [CIJENA] => 93.10
                    [RABAT] => 0
                    [IZNOS] => 93.10
                )

            [2] => Array
                (
                    [IDROBA] => M7083.XL
                    [KOLICINA] => 1
                    [CIJENA] => 62.30
                    [RABAT] => 0
                    [IZNOS] => 62.30
                )

        )

)

2021-02-25 8:21:18 - Array
(
    [creating] => start
    [ZAPIS] => Array
        (
            [IDDOK] => NAK
            [BROJDOK] => 134
            [STAVAKA] => 3
            [STAVKA] => 3
            [KOLICINA_SIFRA] => 0
            [DATUM] => 2021-02-25 00:00:00
            [TEXT_GRESKE] => 
            [KNJIZENO_KARTICA] => 
            [KNJIZENO_GLKNJIGA] => 
            [ZAKJUCANI_DN] => NE
        )

)

