2021-02-03 8:39:10 - Array
(
    [order_id] => 229
    [invoice_no] => 0
    [invoice_prefix] => INV-2020-00
    [store_id] => 0
    [store_name] => KOZO UNDERWEAR
    [store_url] => https://www.kozo-underwear.hr/
    [customer_id] => 24
    [customer_group_id] => 1
    [firstname] => Dario
    [lastname] => Nižetić
    [email] => dario.nizetic@gmail.com
    [telephone] => +385918985008
    [fax] => 
    [custom_field] => 
    [payment_firstname] => Dario
    [payment_lastname] => Nižetić
    [payment_company] => 
    [payment_address_1] => Dinka Simunovica 25
    [payment_address_2] => 
    [payment_city] => Split
    [payment_postcode] => 21000
    [payment_country] => Croatia
    [payment_country_id] => 53
    [payment_zone] => 
    [payment_zone_id] => 0
    [payment_address_format] => 
    [payment_custom_field] => 
    [payment_method] => Kreditne kartice / Debitne Kartice (CorvusPay)
    [payment_code] => corvuspay
    [shipping_firstname] => Dario
    [shipping_lastname] => Nižetić
    [shipping_company] => 
    [shipping_address_1] => Dinka Simunovica 25
    [shipping_address_2] => 
    [shipping_city] => Split
    [shipping_postcode] => 21000
    [shipping_country] => Croatia
    [shipping_country_id] => 53
    [shipping_zone] => 
    [shipping_zone_id] => 0
    [shipping_address_format] => 
    [shipping_custom_field] => 
    [shipping_method] => Besplatna dostava Intereuropa Hrvatska
    [shipping_code] => ultimate_shipping.ultimate_shipping_0
    [comment] => 
    [total] => 500.0000
    [order_status_id] => 5
    [affiliate_id] => 0
    [commission] => 0.0000
    [marketing_id] => 0
    [tracking] => 
    [language_id] => 2
    [currency_id] => 4
    [currency_code] => HRK
    [currency_value] => 1.00000000
    [ip] => 85.114.55.150
    [forwarded_ip] => 
    [user_agent] => Mozilla/5.0 (Macintosh; Intel Mac OS X 11_1_0) AppleWebKit/537.36 (KHTML, like Gecko) Chrome/87.0.4280.141 Safari/537.36
    [accept_language] => en-GB,en-US;q=0.9,en;q=0.8
    [paid_order] => 0
    [intereuropa] => 1
    [date_added] => 2021-02-02 15:09:49
    [date_modified] => 2021-02-02 15:10:22
    [products] => Array
        (
            [0] => Array
                (
                    [order_product_id] => 585
                    [order_id] => 229
                    [product_id] => 96
                    [name] => MUŠKE BOKSERICE HIPSTER TAMNO PLAVE
                    [model] => M7028
                    [quantity] => 1
                    [price] => 87.5000
                    [total] => 87.5000
                    [tax] => 0.0000
                    [reward] => 0
                    [option] => Array
                        (
                            [order_option_id] => 520
                            [order_id] => 229
                            [order_product_id] => 585
                            [product_option_id] => 259
                            [product_option_value_id] => 182
                            [name] => Veličina
                            [value] => L
                            [type] => radio
                            [sku] => 
                            [option_data] => Array
                                (
                                    [product_option_value_id] => 182
                                    [product_option_id] => 259
                                    [product_id] => 96
                                    [option_id] => 13
                                    [option_value_id] => 50
                                    [quantity] => 21
                                    [subtract] => 1
                                    [price] => 0.0000
                                    [price_prefix] => +
                                    [points] => 0
                                    [points_prefix] => +
                                    [weight] => 0.00000000
                                    [weight_prefix] => +
                                    [sku] => M7028.L
                                )

                        )

                )

            [1] => Array
                (
                    [order_product_id] => 586
                    [order_id] => 229
                    [product_id] => 108
                    [name] => MUŠKE BOKSERICE HIPSTER PRINT GEOMETRIC
                    [model] => M7040
                    [quantity] => 1
                    [price] => 94.5000
                    [total] => 94.5000
                    [tax] => 0.0000
                    [reward] => 0
                    [option] => Array
                        (
                            [order_option_id] => 521
                            [order_id] => 229
                            [order_product_id] => 586
                            [product_option_id] => 271
                            [product_option_value_id] => 239
                            [name] => Veličina
                            [value] => L
                            [type] => radio
                            [sku] => 
                            [option_data] => Array
                                (
                                    [product_option_value_id] => 239
                                    [product_option_id] => 271
                                    [product_id] => 108
                                    [option_id] => 13
                                    [option_value_id] => 50
                                    [quantity] => 34
                                    [subtract] => 1
                                    [price] => 0.0000
                                    [price_prefix] => +
                                    [points] => 0
                                    [points_prefix] => +
                                    [weight] => 0.00000000
                                    [weight_prefix] => +
                                    [sku] => M7040.L
                                )

                        )

                )

            [2] => Array
                (
                    [order_product_id] => 587
                    [order_id] => 229
                    [product_id] => 110
                    [name] => MUŠKE BOKSERICE HIPSTER PRINT WEB
                    [model] => M7043
                    [quantity] => 1
                    [price] => 94.5000
                    [total] => 94.5000
                    [tax] => 0.0000
                    [reward] => 0
                    [option] => Array
                        (
                            [order_option_id] => 522
                            [order_id] => 229
                            [order_product_id] => 587
                            [product_option_id] => 273
                            [product_option_value_id] => 247
                            [name] => Veličina
                            [value] => L
                            [type] => radio
                            [sku] => 
                            [option_data] => Array
                                (
                                    [product_option_value_id] => 247
                                    [product_option_id] => 273
                                    [product_id] => 110
                                    [option_id] => 13
                                    [option_value_id] => 50
                                    [quantity] => 29
                                    [subtract] => 1
                                    [price] => 0.0000
                                    [price_prefix] => +
                                    [points] => 0
                                    [points_prefix] => +
                                    [weight] => 0.00000000
                                    [weight_prefix] => +
                                    [sku] => M7043.L
                                )

                        )

                )

            [3] => Array
                (
                    [order_product_id] => 588
                    [order_id] => 229
                    [product_id] => 137
                    [name] => MUŠKA POTKOŠULJA UŽA RAMENICA CRNA
                    [model] => M7067
                    [quantity] => 1
                    [price] => 92.0000
                    [total] => 92.0000
                    [tax] => 0.0000
                    [reward] => 0
                    [option] => Array
                        (
                            [order_option_id] => 523
                            [order_id] => 229
                            [order_product_id] => 588
                            [product_option_id] => 300
                            [product_option_value_id] => 394
                            [name] => Veličina
                            [value] => M
                            [type] => radio
                            [sku] => 
                            [option_data] => Array
                                (
                                    [product_option_value_id] => 394
                                    [product_option_id] => 300
                                    [product_id] => 137
                                    [option_id] => 13
                                    [option_value_id] => 51
                                    [quantity] => 80
                                    [subtract] => 1
                                    [price] => 0.0000
                                    [price_prefix] => 
                                    [points] => 0
                                    [points_prefix] => +
                                    [weight] => 0.00000000
                                    [weight_prefix] => +
                                    [sku] => M7067.M
                                )

                        )

                )

            [4] => Array
                (
                    [order_product_id] => 589
                    [order_id] => 229
                    [product_id] => 142
                    [name] => MUŠKE BOKSERICE HIPSTER TAMNO PLAVE
                    [model] => M7076
                    [quantity] => 1
                    [price] => 80.5000
                    [total] => 80.5000
                    [tax] => 0.0000
                    [reward] => 0
                    [option] => Array
                        (
                            [order_option_id] => 524
                            [order_id] => 229
                            [order_product_id] => 589
                            [product_option_id] => 305
                            [product_option_value_id] => 419
                            [name] => Veličina
                            [value] => L
                            [type] => radio
                            [sku] => 
                            [option_data] => Array
                                (
                                    [product_option_value_id] => 419
                                    [product_option_id] => 305
                                    [product_id] => 142
                                    [option_id] => 13
                                    [option_value_id] => 50
                                    [quantity] => 21
                                    [subtract] => 1
                                    [price] => 0.0000
                                    [price_prefix] => +
                                    [points] => 0
                                    [points_prefix] => +
                                    [weight] => 0.00000000
                                    [weight_prefix] => +
                                    [sku] => M7076.L
                                )

                        )

                )

            [5] => Array
                (
                    [order_product_id] => 590
                    [order_id] => 229
                    [product_id] => 167
                    [name] => WEB MASKA ZA LICE
                    [model] => P8013
                    [quantity] => 1
                    [price] => 51.0000
                    [total] => 51.0000
                    [tax] => 0.0000
                    [reward] => 0
                    [option] => 
                )

            [6] => Array
                (
                    [order_product_id] => 591
                    [order_id] => 229
                    [product_id] => 168
                    [name] => GEOMETRIC MASKA ZA LICE
                    [model] => P8011
                    [quantity] => 1
                    [price] => 51.0000
                    [total] => 51.0000
                    [tax] => 0.0000
                    [reward] => 0
                    [option] => 
                )

        )

    [totals] => Array
        (
            [0] => Array
                (
                    [order_total_id] => 753
                    [order_id] => 229
                    [code] => sub_total
                    [title] => Među suma
                    [value] => 551.0000
                    [sort_order] => 1
                )

            [1] => Array
                (
                    [order_total_id] => 754
                    [order_id] => 229
                    [code] => tieredgiftstotal
                    [title] => Besplatni poklon - WEB MASKA ZA LICE
                    [value] => -51.0000
                    [sort_order] => 2
                )

            [2] => Array
                (
                    [order_total_id] => 755
                    [order_id] => 229
                    [code] => shipping
                    [title] => Besplatna dostava Intereuropa Hrvatska
                    [value] => 0.0000
                    [sort_order] => 3
                )

            [3] => Array
                (
                    [order_total_id] => 756
                    [order_id] => 229
                    [code] => total
                    [title] => Ukupno
                    [value] => 500.0000
                    [sort_order] => 9
                )

        )

    [status] => Array
        (
            [order_status_id] => 5
            [language_id] => 1
            [name] => Complete
        )

)

2021-02-03 8:39:10 - Array
(
    [narudzba] => Array
        (
            [CMS_ID] => KHR229
            [DATUM_VRIJEME] => 02.02.2021 15:10:22
            [NARUCITELJ_CMS_ID] => 1
            [NARUCITELJ_EMAIL] => dario.nizetic@gmail.com
            [NARUCITELJ_IME] => Dario
            [NARUCITELJ_PREZIME] => Nižetić
            [NARUCITELJ_ADRESA] => Dinka Simunovica 25
            [NARUCITELJ_MJESTO] => Split
            [NARUCITELJ_POSTA] => 21000
            [NARUCITELJ_TELEFON] => +385918985008
            [NARUCITELJ_NAZIV] => 
            [NARUCITELJ_OIB] => 
            [NARUCITELJ_VAT] => 
            [NARUCITELJ_ZEMLJA] => HRV
            [DOSTAVA_IME_PREZIME] => Dario Nižetić
            [DOSTAVA_ADRESA] => Dinka Simunovica 25
            [DOSTAVA_MJESTO] => Split
            [DOSTAVA_POSTA] => 21000
            [NAPOMENA] => 
            [VALUTA] => 191
            [IZNOS_UKUPNO] => 500.00
            [TECAJ] => 1
        )

    [stavke] => Array
        (
            [0] => Array
                (
                    [IDROBA] => US00000203
                    [KOLICINA] => 1
                    [CIJENA] => 0
                    [RABAT] => 0
                    [IZNOS] => 0
                )

            [1] => Array
                (
                    [IDROBA] => M7028.L
                    [KOLICINA] => 1
                    [CIJENA] => 87.50
                    [RABAT] => 0
                    [IZNOS] => 87.50
                )

            [2] => Array
                (
                    [IDROBA] => M7040.L
                    [KOLICINA] => 1
                    [CIJENA] => 94.50
                    [RABAT] => 0
                    [IZNOS] => 94.50
                )

            [3] => Array
                (
                    [IDROBA] => M7043.L
                    [KOLICINA] => 1
                    [CIJENA] => 94.50
                    [RABAT] => 0
                    [IZNOS] => 94.50
                )

            [4] => Array
                (
                    [IDROBA] => M7067.M
                    [KOLICINA] => 1
                    [CIJENA] => 92.00
                    [RABAT] => 0
                    [IZNOS] => 92.00
                )

            [5] => Array
                (
                    [IDROBA] => M7076.L
                    [KOLICINA] => 1
                    [CIJENA] => 80.50
                    [RABAT] => 0
                    [IZNOS] => 80.50
                )

            [6] => Array
                (
                    [IDROBA] => P8013
                    [KOLICINA] => 1
                    [CIJENA] => 51.00
                    [RABAT] => 0
                    [IZNOS] => 51.00
                )

            [7] => Array
                (
                    [IDROBA] => P8011
                    [KOLICINA] => 1
                    [CIJENA] => 51.00
                    [RABAT] => 0
                    [IZNOS] => 51.00
                )

        )

)

2021-02-03 8:39:11 - Illuminate\Support\Collection Object
(
    [items:protected] => Array
        (
            [creating] => start
            [ZAPIS] => Array
                (
                    [IDDOK] => NAK
                    [BROJDOK] => 74
                    [STAVAKA] => 8
                    [STAVKA] => 8
                    [KOLICINA_SIFRA] => 0
                    [DATUM] => 2021-02-03 00:00:00
                    [TEXT_GRESKE] => 
                    [KNJIZENO_KARTICA] => 
                    [KNJIZENO_GLKNJIGA] => 
                    [ZAKJUCANI_DN] => NE
                )

        )

)

