2021-02-17 13:25:46 - &idfirma=1
2021-02-17 13:25:46 - Array
(
    [narudzba] => Array
        (
            [CMS_ID] => KHR263
            [DATUM_VRIJEME] => 16.02.2021 22:14:51
            [NARUCITELJ_CMS_ID] => 1
            [NARUCITELJ_EMAIL] => ana.toplekk@gmail.com
            [NARUCITELJ_IME] => Ana
            [NARUCITELJ_PREZIME] => Toplek
            [NARUCITELJ_ADRESA] => Ivana plemenitog Zajca 47
            [NARUCITELJ_MJESTO] => Čakovec
            [NARUCITELJ_POSTA] => 40000
            [NARUCITELJ_TELEFON] => 0997425695
            [NARUCITELJ_NAZIV] => 
            [NARUCITELJ_OIB] => 
            [NARUCITELJ_VAT] => 
            [NARUCITELJ_ZEMLJA] => HRV
            [DOSTAVA_IME_PREZIME] => Ana Toplek
            [DOSTAVA_ADRESA] => Ivana plemenitog Zajca 47
            [DOSTAVA_MJESTO] => Čakovec
            [DOSTAVA_POSTA] => 40000
            [NAPOMENA] => 
            [VALUTA] => 191
            [IZNOS_UKUPNO] => 94.50
            [TECAJ] => 1
        )

    [stavke] => Array
        (
            [0] => Array
                (
                    [IDROBA] => US00000203
                    [KOLICINA] => 1
                    [CIJENA] => 0
                    [RABAT] => 0
                    [IZNOS] => 0
                )

            [1] => Array
                (
                    [IDROBA] => M7046.M
                    [KOLICINA] => 1
                    [CIJENA] => 94.50
                    [RABAT] => 0
                    [IZNOS] => 94.50
                )

        )

)

2021-02-17 13:25:47 - Array
(
    [creating] => start
    [ZAPIS] => Array
        (
            [IDDOK] => NAK
            [BROJDOK] => 112
            [STAVAKA] => 2
            [STAVKA] => 2
            [KOLICINA_SIFRA] => 0
            [DATUM] => 2021-02-17 00:00:00
            [TEXT_GRESKE] => 
            [KNJIZENO_KARTICA] => 
            [KNJIZENO_GLKNJIGA] => 
            [ZAKJUCANI_DN] => NE
        )

)

