2021-02-18 8:51:18 - Array
(
    [order_id] => 262
    [invoice_no] => 0
    [invoice_prefix] => INV-2020-00
    [store_id] => 0
    [store_name] => KOZO UNDERWEAR
    [store_url] => https://www.kozo-underwear.hr/
    [customer_id] => 81
    [customer_group_id] => 1
    [firstname] => Valentina
    [lastname] => Mihelić
    [email] => valentinamihelic01@gmail.com
    [telephone] => 0991961493
    [fax] => 
    [custom_field] => 
    [payment_firstname] => Valentina
    [payment_lastname] => Mihelić
    [payment_company] => 
    [payment_address_1] => Ante Starčevića 2/1
    [payment_address_2] => 
    [payment_city] => Bregana
    [payment_postcode] => 10432
    [payment_country] => Croatia
    [payment_country_id] => 53
    [payment_zone] => 
    [payment_zone_id] => 0
    [payment_address_format] => 
    [payment_custom_field] => 
    [payment_method] => Bankovna transakcija (internet bankarstvo)
    [payment_code] => bank_transfer
    [shipping_firstname] => Valentina
    [shipping_lastname] => Mihelić
    [shipping_company] => 
    [shipping_address_1] => Ante Starčevića 2/1
    [shipping_address_2] => 
    [shipping_city] => Bregana
    [shipping_postcode] => 10432
    [shipping_country] => Croatia
    [shipping_country_id] => 53
    [shipping_zone] => 
    [shipping_zone_id] => 0
    [shipping_address_format] => 
    [shipping_custom_field] => 
    [shipping_method] => Dostava Intereuropa Hrvatska - Besplatna dostava za narudžbe iznad 350kn
    [shipping_code] => ultimate_shipping.ultimate_shipping_0
    [comment] => 
    [total] => 370.2000
    [order_status_id] => 1
    [affiliate_id] => 0
    [commission] => 0.0000
    [marketing_id] => 0
    [tracking] => 
    [language_id] => 2
    [currency_id] => 4
    [currency_code] => HRK
    [currency_value] => 1.00000000
    [ip] => 93.138.40.199
    [forwarded_ip] => 
    [user_agent] => Mozilla/5.0 (Linux; U; Android 10; hr-hr; Mi 9 Lite Build/QKQ1.190828.002) AppleWebKit/537.36 (KHTML, like Gecko) Version/4.0 Chrome/71.0.3578.141 Mobile Safari/537.36 XiaoMi/MiuiBrowser/12.8.3-gn
    [accept_language] => hr-HR,en-US;q=0.9
    [paid_order] => 0
    [intereuropa] => 1
    [date_added] => 2021-02-16 17:48:29
    [date_modified] => 2021-02-16 17:49:09
    [products] => Array
        (
            [0] => Array
                (
                    [order_product_id] => 682
                    [order_id] => 262
                    [product_id] => 80
                    [name] => MUŠKE GAĆE SLIP CRNE
                    [model] => M7012
                    [quantity] => 1
                    [price] => 71.2000
                    [total] => 71.2000
                    [tax] => 0.0000
                    [reward] => 0
                    [option] => Array
                        (
                            [order_option_id] => 608
                            [order_id] => 262
                            [order_product_id] => 682
                            [product_option_id] => 243
                            [product_option_value_id] => 96
                            [name] => Veličina
                            [value] => L
                            [type] => radio
                            [sku] => 
                            [option_data] => Array
                                (
                                    [product_option_value_id] => 96
                                    [product_option_id] => 243
                                    [product_id] => 80
                                    [option_id] => 13
                                    [option_value_id] => 50
                                    [quantity] => 23
                                    [subtract] => 1
                                    [price] => 0.0000
                                    [price_prefix] => 
                                    [points] => 0
                                    [points_prefix] => +
                                    [weight] => 0.00000000
                                    [weight_prefix] => +
                                    [sku] => M7012.L
                                )

                        )

                )

            [1] => Array
                (
                    [order_product_id] => 683
                    [order_id] => 262
                    [product_id] => 180
                    [name] => MUŠKA PIDŽAMA
                    [model] => M5010
                    [quantity] => 1
                    [price] => 264.0000
                    [total] => 264.0000
                    [tax] => 0.0000
                    [reward] => 0
                    [option] => Array
                        (
                            [order_option_id] => 609
                            [order_id] => 262
                            [order_product_id] => 683
                            [product_option_id] => 344
                            [product_option_value_id] => 573
                            [name] => Veličina
                            [value] => M
                            [type] => radio
                            [sku] => 
                            [option_data] => Array
                                (
                                    [product_option_value_id] => 573
                                    [product_option_id] => 344
                                    [product_id] => 180
                                    [option_id] => 13
                                    [option_value_id] => 51
                                    [quantity] => 18
                                    [subtract] => 1
                                    [price] => 0.0000
                                    [price_prefix] => +
                                    [points] => 0
                                    [points_prefix] => +
                                    [weight] => 0.00000000
                                    [weight_prefix] => +
                                    [sku] => M5010.M
                                )

                        )

                )

        )

    [totals] => Array
        (
            [0] => Array
                (
                    [order_total_id] => 859
                    [order_id] => 262
                    [code] => sub_total
                    [title] => Među suma
                    [value] => 335.2000
                    [sort_order] => 1
                )

            [1] => Array
                (
                    [order_total_id] => 860
                    [order_id] => 262
                    [code] => shipping
                    [title] => Dostava Intereuropa Hrvatska - Besplatna dostava za narudžbe iznad 350kn
                    [value] => 35.0000
                    [sort_order] => 3
                )

            [2] => Array
                (
                    [order_total_id] => 861
                    [order_id] => 262
                    [code] => total
                    [title] => Ukupno
                    [value] => 370.2000
                    [sort_order] => 9
                )

        )

    [status] => Array
        (
            [order_status_id] => 1
            [language_id] => 1
            [name] => Pending
        )

)

2021-02-18 8:51:18 - Array
(
    [narudzba] => Array
        (
            [CMS_ID] => KHR262
            [DATUM_VRIJEME] => 16.02.2021 17:49:09
            [NARUCITELJ_CMS_ID] => 1
            [NARUCITELJ_EMAIL] => valentinamihelic01@gmail.com
            [NARUCITELJ_IME] => Valentina
            [NARUCITELJ_PREZIME] => Mihelić
            [NARUCITELJ_ADRESA] => Ante Starčevića 2/1
            [NARUCITELJ_MJESTO] => Bregana
            [NARUCITELJ_POSTA] => 10432
            [NARUCITELJ_TELEFON] => 0991961493
            [NARUCITELJ_NAZIV] => 
            [NARUCITELJ_OIB] => 
            [NARUCITELJ_VAT] => 
            [NARUCITELJ_ZEMLJA] => HRV
            [DOSTAVA_IME_PREZIME] => Valentina Mihelić
            [DOSTAVA_ADRESA] => Ante Starčevića 2/1
            [DOSTAVA_MJESTO] => Bregana
            [DOSTAVA_POSTA] => 10432
            [NAPOMENA] => 
            [VALUTA] => 191
            [IZNOS_UKUPNO] => 370.20
            [TECAJ] => 1
        )

    [stavke] => Array
        (
            [0] => Array
                (
                    [IDROBA] => US00000203
                    [KOLICINA] => 1
                    [CIJENA] => 35
                    [RABAT] => 0
                    [IZNOS] => 35
                )

            [1] => Array
                (
                    [IDROBA] => M7012.L
                    [KOLICINA] => 1
                    [CIJENA] => 71.20
                    [RABAT] => 0
                    [IZNOS] => 71.20
                )

            [2] => Array
                (
                    [IDROBA] => M5010.M
                    [KOLICINA] => 1
                    [CIJENA] => 264.00
                    [RABAT] => 0
                    [IZNOS] => 264.00
                )

        )

)

2021-02-18 8:51:23 - Illuminate\Support\Collection Object
(
    [items:protected] => Array
        (
            [creating] => start
            [ZAPIS] => Array
                (
                    [IDDOK] => NAK
                    [BROJDOK] => 113
                    [STAVAKA] => 3
                    [STAVKA] => 3
                    [KOLICINA_SIFRA] => 0
                    [DATUM] => 2021-02-18 00:00:00
                    [TEXT_GRESKE] => 
                    [KNJIZENO_KARTICA] => 
                    [KNJIZENO_GLKNJIGA] => 
                    [ZAKJUCANI_DN] => NE
                )

        )

)

