2021-02-25 8:21:05 - Array
(
    [order_id] => 273
    [invoice_no] => 0
    [invoice_prefix] => INV-2020-00
    [store_id] => 0
    [store_name] => KOZO UNDERWEAR
    [store_url] => https://www.kozo-underwear.hr/
    [customer_id] => 193
    [customer_group_id] => 1
    [firstname] => Danica
    [lastname] => David
    [email] => daviddanica55@gmail.com
    [telephone] => 0915809643
    [fax] => 
    [custom_field] => 
    [payment_firstname] => Danica
    [payment_lastname] => David
    [payment_company] => 
    [payment_address_1] => Zebanska 10 
    [payment_address_2] => 
    [payment_city] => Selnica
    [payment_postcode] => 40314
    [payment_country] => Croatia
    [payment_country_id] => 53
    [payment_zone] => HR
    [payment_zone_id] => 848
    [payment_address_format] => 
    [payment_custom_field] => 
    [payment_method] => Plaćanje pouzećem
    [payment_code] => cod
    [shipping_firstname] => Danica
    [shipping_lastname] => David
    [shipping_company] => 
    [shipping_address_1] => Zebanska 10 
    [shipping_address_2] => 
    [shipping_city] => Selnica
    [shipping_postcode] => 40314
    [shipping_country] => Croatia
    [shipping_country_id] => 53
    [shipping_zone] => HR
    [shipping_zone_id] => 848
    [shipping_address_format] => 
    [shipping_custom_field] => 
    [shipping_method] => Dostava Intereuropa Hrvatska - Besplatna dostava za narudžbe iznad 350kn
    [shipping_code] => ultimate_shipping.ultimate_shipping_0
    [comment] => 
    [total] => 211.5000
    [order_status_id] => 5
    [affiliate_id] => 0
    [commission] => 0.0000
    [marketing_id] => 0
    [tracking] => 
    [language_id] => 2
    [currency_id] => 4
    [currency_code] => HRK
    [currency_value] => 1.00000000
    [ip] => 89.201.184.121
    [forwarded_ip] => 
    [user_agent] => Mozilla/5.0 (Linux; Android 8.0.0; WAS-LX1) AppleWebKit/537.36 (KHTML, like Gecko) Chrome/88.0.4324.181 Mobile Safari/537.36
    [accept_language] => hr-HR,hr;q=0.9,en-GB;q=0.8,en;q=0.7,en-US;q=0.6
    [paid_order] => 0
    [intereuropa] => 1
    [date_added] => 2021-02-24 21:07:39
    [date_modified] => 2021-02-24 21:07:51
    [products] => Array
        (
            [0] => Array
                (
                    [order_product_id] => 702
                    [order_id] => 273
                    [product_id] => 131
                    [name] => MUŠKE BOKSERICE HIPSTER CRNE
                    [model] => M7062
                    [quantity] => 1
                    [price] => 80.5000
                    [total] => 80.5000
                    [tax] => 0.0000
                    [reward] => 0
                    [option] => Array
                        (
                            [order_option_id] => 627
                            [order_id] => 273
                            [order_product_id] => 702
                            [product_option_id] => 294
                            [product_option_value_id] => 363
                            [name] => Veličina
                            [value] => XL
                            [type] => radio
                            [sku] => 
                            [option_data] => Array
                                (
                                    [product_option_value_id] => 363
                                    [product_option_id] => 294
                                    [product_id] => 131
                                    [option_id] => 13
                                    [option_value_id] => 49
                                    [quantity] => 34
                                    [subtract] => 1
                                    [price] => 0.0000
                                    [price_prefix] => +
                                    [points] => 0
                                    [points_prefix] => +
                                    [weight] => 0.00000000
                                    [weight_prefix] => +
                                    [sku] => M7062.XL
                                )

                        )

                )

            [1] => Array
                (
                    [order_product_id] => 703
                    [order_id] => 273
                    [product_id] => 135
                    [name] => MUŠKA POTKOŠULJA ŠIRA RAMENICA CRNA
                    [model] => M7068
                    [quantity] => 1
                    [price] => 96.0000
                    [total] => 96.0000
                    [tax] => 0.0000
                    [reward] => 0
                    [option] => Array
                        (
                            [order_option_id] => 628
                            [order_id] => 273
                            [order_product_id] => 703
                            [product_option_id] => 298
                            [product_option_value_id] => 386
                            [name] => Veličina
                            [value] => XL
                            [type] => radio
                            [sku] => 
                            [option_data] => Array
                                (
                                    [product_option_value_id] => 386
                                    [product_option_id] => 298
                                    [product_id] => 135
                                    [option_id] => 13
                                    [option_value_id] => 49
                                    [quantity] => 43
                                    [subtract] => 1
                                    [price] => 0.0000
                                    [price_prefix] => 
                                    [points] => 0
                                    [points_prefix] => +
                                    [weight] => 0.00000000
                                    [weight_prefix] => +
                                    [sku] => M7068.XL
                                )

                        )

                )

        )

    [totals] => Array
        (
            [0] => Array
                (
                    [order_total_id] => 892
                    [order_id] => 273
                    [code] => sub_total
                    [title] => Među suma
                    [value] => 176.5000
                    [sort_order] => 1
                )

            [1] => Array
                (
                    [order_total_id] => 893
                    [order_id] => 273
                    [code] => shipping
                    [title] => Dostava Intereuropa Hrvatska - Besplatna dostava za narudžbe iznad 350kn
                    [value] => 35.0000
                    [sort_order] => 3
                )

            [2] => Array
                (
                    [order_total_id] => 894
                    [order_id] => 273
                    [code] => total
                    [title] => Ukupno
                    [value] => 211.5000
                    [sort_order] => 9
                )

        )

    [status] => Array
        (
            [order_status_id] => 5
            [language_id] => 1
            [name] => Complete
        )

)

2021-02-25 8:21:05 - Array
(
    [narudzba] => Array
        (
            [CMS_ID] => KHR273
            [DATUM_VRIJEME] => 24.02.2021 21:07:51
            [NARUCITELJ_CMS_ID] => 1
            [NARUCITELJ_EMAIL] => daviddanica55@gmail.com
            [NARUCITELJ_IME] => Danica
            [NARUCITELJ_PREZIME] => David
            [NARUCITELJ_ADRESA] => Zebanska 10 
            [NARUCITELJ_MJESTO] => Selnica
            [NARUCITELJ_POSTA] => 40314
            [NARUCITELJ_TELEFON] => 0915809643
            [NARUCITELJ_NAZIV] => 
            [NARUCITELJ_OIB] => 
            [NARUCITELJ_VAT] => 
            [NARUCITELJ_ZEMLJA] => HRV
            [DOSTAVA_IME_PREZIME] => Danica David
            [DOSTAVA_ADRESA] => Zebanska 10 
            [DOSTAVA_MJESTO] => Selnica
            [DOSTAVA_POSTA] => 40314
            [NAPOMENA] => 
            [VALUTA] => 191
            [IZNOS_UKUPNO] => 211.50
            [TECAJ] => 1
        )

    [stavke] => Array
        (
            [0] => Array
                (
                    [IDROBA] => US00000203
                    [KOLICINA] => 1
                    [CIJENA] => 35
                    [RABAT] => 0
                    [IZNOS] => 35
                )

            [1] => Array
                (
                    [IDROBA] => M7062.XL
                    [KOLICINA] => 1
                    [CIJENA] => 80.50
                    [RABAT] => 0
                    [IZNOS] => 80.50
                )

            [2] => Array
                (
                    [IDROBA] => M7068.XL
                    [KOLICINA] => 1
                    [CIJENA] => 96.00
                    [RABAT] => 0
                    [IZNOS] => 96.00
                )

        )

)

2021-02-25 8:21:07 - Illuminate\Support\Collection Object
(
    [items:protected] => Array
        (
            [creating] => start
            [ZAPIS] => Array
                (
                    [IDDOK] => NAK
                    [BROJDOK] => 133
                    [STAVAKA] => 3
                    [STAVKA] => 3
                    [KOLICINA_SIFRA] => 0
                    [DATUM] => 2021-02-25 00:00:00
                    [TEXT_GRESKE] => 
                    [KNJIZENO_KARTICA] => 
                    [KNJIZENO_GLKNJIGA] => 
                    [ZAKJUCANI_DN] => NE
                )

        )

)

