2021-02-09 9:17:31 - &idfirma=1
2021-02-09 9:17:31 - Array
(
    [narudzba] => Array
        (
            [CMS_ID] => KHR242
            [DATUM_VRIJEME] => 08.02.2021 15:54:35
            [NARUCITELJ_CMS_ID] => 1
            [NARUCITELJ_EMAIL] => sinisa@kvantum-gradnja.hr
            [NARUCITELJ_IME] => Sinisa
            [NARUCITELJ_PREZIME] => Haček
            [NARUCITELJ_ADRESA] => Domovinskih Žrtava 4
            [NARUCITELJ_MJESTO] => Čakovec
            [NARUCITELJ_POSTA] => 40000
            [NARUCITELJ_TELEFON] => 098 178 88 56
            [NARUCITELJ_NAZIV] => 
            [NARUCITELJ_OIB] => 
            [NARUCITELJ_VAT] => 
            [NARUCITELJ_ZEMLJA] => HRV
            [DOSTAVA_IME_PREZIME] => Sinisa Haček
            [DOSTAVA_ADRESA] => Domovinskih Žrtava 4
            [DOSTAVA_MJESTO] => Čakovec
            [DOSTAVA_POSTA] => 40000
            [NAPOMENA] => 
            [VALUTA] => 191
            [IZNOS_UKUPNO] => 0.30
            [TECAJ] => 1
        )

    [stavke] => Array
        (
            [0] => Array
                (
                    [IDROBA] => US00000203
                    [KOLICINA] => 1
                    [CIJENA] => 0
                    [RABAT] => 0
                    [IZNOS] => 0
                )

            [1] => Array
                (
                    [IDROBA] => M7032.XL
                    [KOLICINA] => 1
                    [CIJENA] => 87.50
                    [RABAT] => 0
                    [IZNOS] => 87.50
                )

            [2] => Array
                (
                    [IDROBA] => M7049.XL
                    [KOLICINA] => 1
                    [CIJENA] => 112.80
                    [RABAT] => 0
                    [IZNOS] => 112.80
                )

        )

)

2021-02-09 9:17:32 - Array
(
    [creating] => start
    [ZAPIS] => Array
        (
            [IDDOK] => NAK
            [BROJDOK] => 88
            [STAVAKA] => 3
            [STAVKA] => 3
            [KOLICINA_SIFRA] => 0
            [DATUM] => 2021-02-09 00:00:00
            [TEXT_GRESKE] => 
            [KNJIZENO_KARTICA] => 
            [KNJIZENO_GLKNJIGA] => 
            [ZAKJUCANI_DN] => NE
        )

)

