2021-02-08 8:07:59 - Array
(
    [order_id] => 236
    [invoice_no] => 0
    [invoice_prefix] => INV-2020-00
    [store_id] => 0
    [store_name] => KOZO UNDERWEAR
    [store_url] => https://www.kozo-underwear.hr/
    [customer_id] => 176
    [customer_group_id] => 1
    [firstname] => Matija
    [lastname] => Duić
    [email] => matijaduic4@gmail.com
    [telephone] => 0918988564
    [fax] => 
    [custom_field] => 
    [payment_firstname] => Matija
    [payment_lastname] => Duić
    [payment_company] => 
    [payment_address_1] => Breg Ivanovci 24G
    [payment_address_2] => 
    [payment_city] => Labin
    [payment_postcode] => 52 220
    [payment_country] => Croatia
    [payment_country_id] => 53
    [payment_zone] => HR
    [payment_zone_id] => 848
    [payment_address_format] => 
    [payment_custom_field] => 
    [payment_method] => Kreditne kartice / Debitne Kartice (CorvusPay)
    [payment_code] => corvuspay
    [shipping_firstname] => Ivan
    [shipping_lastname] => Dušić
    [shipping_company] => 
    [shipping_address_1] => Rudarska3,&quot;Termoing&quot;
    [shipping_address_2] => 
    [shipping_city] => Labin
    [shipping_postcode] => 52 220
    [shipping_country] => Croatia
    [shipping_country_id] => 53
    [shipping_zone] => 
    [shipping_zone_id] => 0
    [shipping_address_format] => 
    [shipping_custom_field] => 
    [shipping_method] => Besplatna dostava Intereuropa Hrvatska
    [shipping_code] => ultimate_shipping.ultimate_shipping_0
    [comment] => 
    [total] => 372.0000
    [order_status_id] => 5
    [affiliate_id] => 0
    [commission] => 0.0000
    [marketing_id] => 0
    [tracking] => 
    [language_id] => 2
    [currency_id] => 4
    [currency_code] => HRK
    [currency_value] => 1.00000000
    [ip] => 93.141.23.204
    [forwarded_ip] => 
    [user_agent] => Mozilla/5.0 (Linux; Android 7.1.1; Moto E (4) Plus Build/NMA26.42-162; wv) AppleWebKit/537.36 (KHTML, like Gecko) Version/4.0 Chrome/88.0.4324.141 Mobile Safari/537.36 [FB_IAB/FB4A;FBAV/304.0.0.39.118;]
    [accept_language] => hr-HR,hr;q=0.9,en-US;q=0.8,en;q=0.7
    [paid_order] => 0
    [intereuropa] => 1
    [date_added] => 2021-02-07 21:25:00
    [date_modified] => 2021-02-07 21:32:53
    [products] => Array
        (
            [0] => Array
                (
                    [order_product_id] => 609
                    [order_id] => 236
                    [product_id] => 96
                    [name] => MUŠKE BOKSERICE HIPSTER TAMNO PLAVE
                    [model] => M7028
                    [quantity] => 1
                    [price] => 87.5000
                    [total] => 87.5000
                    [tax] => 0.0000
                    [reward] => 0
                    [option] => Array
                        (
                            [order_option_id] => 540
                            [order_id] => 236
                            [order_product_id] => 609
                            [product_option_id] => 259
                            [product_option_value_id] => 185
                            [name] => Veličina
                            [value] => XL
                            [type] => radio
                            [sku] => 
                            [option_data] => Array
                                (
                                    [product_option_value_id] => 185
                                    [product_option_id] => 259
                                    [product_id] => 96
                                    [option_id] => 13
                                    [option_value_id] => 49
                                    [quantity] => 11
                                    [subtract] => 1
                                    [price] => 0.0000
                                    [price_prefix] => +
                                    [points] => 0
                                    [points_prefix] => +
                                    [weight] => 0.00000000
                                    [weight_prefix] => +
                                    [sku] => M7028.XL
                                )

                        )

                )

            [1] => Array
                (
                    [order_product_id] => 610
                    [order_id] => 236
                    [product_id] => 97
                    [name] => MUŠKA POTKOŠULJA UŽA RAMENICA TAMNO PLAVA
                    [model] => M7030
                    [quantity] => 1
                    [price] => 100.0000
                    [total] => 100.0000
                    [tax] => 0.0000
                    [reward] => 0
                    [option] => Array
                        (
                            [order_option_id] => 541
                            [order_id] => 236
                            [order_product_id] => 610
                            [product_option_id] => 260
                            [product_option_value_id] => 187
                            [name] => Veličina
                            [value] => L
                            [type] => radio
                            [sku] => 
                            [option_data] => Array
                                (
                                    [product_option_value_id] => 187
                                    [product_option_id] => 260
                                    [product_id] => 97
                                    [option_id] => 13
                                    [option_value_id] => 50
                                    [quantity] => 25
                                    [subtract] => 1
                                    [price] => 0.0000
                                    [price_prefix] => 
                                    [points] => 0
                                    [points_prefix] => +
                                    [weight] => 0.00000000
                                    [weight_prefix] => +
                                    [sku] => M7030.L
                                )

                        )

                )

            [2] => Array
                (
                    [order_product_id] => 611
                    [order_id] => 236
                    [product_id] => 138
                    [name] => MUŠKA MAJICA V IZREZ CRNA
                    [model] => M7070
                    [quantity] => 1
                    [price] => 104.0000
                    [total] => 104.0000
                    [tax] => 0.0000
                    [reward] => 0
                    [option] => Array
                        (
                            [order_option_id] => 542
                            [order_id] => 236
                            [order_product_id] => 611
                            [product_option_id] => 301
                            [product_option_value_id] => 399
                            [name] => Veličina
                            [value] => L
                            [type] => radio
                            [sku] => 
                            [option_data] => Array
                                (
                                    [product_option_value_id] => 399
                                    [product_option_id] => 301
                                    [product_id] => 138
                                    [option_id] => 13
                                    [option_value_id] => 50
                                    [quantity] => 7
                                    [subtract] => 1
                                    [price] => 0.0000
                                    [price_prefix] => 
                                    [points] => 0
                                    [points_prefix] => +
                                    [weight] => 0.00000000
                                    [weight_prefix] => +
                                    [sku] => M7070.L
                                )

                        )

                )

            [3] => Array
                (
                    [order_product_id] => 612
                    [order_id] => 236
                    [product_id] => 140
                    [name] => MUŠKE BOKSERICE HIPSTER SIVE
                    [model] => M7072
                    [quantity] => 1
                    [price] => 80.5000
                    [total] => 80.5000
                    [tax] => 0.0000
                    [reward] => 0
                    [option] => Array
                        (
                            [order_option_id] => 543
                            [order_id] => 236
                            [order_product_id] => 612
                            [product_option_id] => 303
                            [product_option_value_id] => 414
                            [name] => Veličina
                            [value] => XL
                            [type] => radio
                            [sku] => 
                            [option_data] => Array
                                (
                                    [product_option_value_id] => 414
                                    [product_option_id] => 303
                                    [product_id] => 140
                                    [option_id] => 13
                                    [option_value_id] => 49
                                    [quantity] => 12
                                    [subtract] => 1
                                    [price] => 0.0000
                                    [price_prefix] => +
                                    [points] => 0
                                    [points_prefix] => +
                                    [weight] => 0.00000000
                                    [weight_prefix] => +
                                    [sku] => M7072.XL
                                )

                        )

                )

        )

    [totals] => Array
        (
            [0] => Array
                (
                    [order_total_id] => 777
                    [order_id] => 236
                    [code] => sub_total
                    [title] => Među suma
                    [value] => 372.0000
                    [sort_order] => 1
                )

            [1] => Array
                (
                    [order_total_id] => 778
                    [order_id] => 236
                    [code] => shipping
                    [title] => Besplatna dostava Intereuropa Hrvatska
                    [value] => 0.0000
                    [sort_order] => 3
                )

            [2] => Array
                (
                    [order_total_id] => 779
                    [order_id] => 236
                    [code] => total
                    [title] => Ukupno
                    [value] => 372.0000
                    [sort_order] => 9
                )

        )

    [status] => Array
        (
            [order_status_id] => 5
            [language_id] => 1
            [name] => Complete
        )

)

2021-02-08 8:07:59 - Array
(
    [narudzba] => Array
        (
            [CMS_ID] => KHR236
            [DATUM_VRIJEME] => 07.02.2021 21:32:53
            [NARUCITELJ_CMS_ID] => 1
            [NARUCITELJ_EMAIL] => matijaduic4@gmail.com
            [NARUCITELJ_IME] => Matija
            [NARUCITELJ_PREZIME] => Duić
            [NARUCITELJ_ADRESA] => Breg Ivanovci 24G
            [NARUCITELJ_MJESTO] => Labin
            [NARUCITELJ_POSTA] => 52 220
            [NARUCITELJ_TELEFON] => 0918988564
            [NARUCITELJ_NAZIV] => 
            [NARUCITELJ_OIB] => 
            [NARUCITELJ_VAT] => 
            [NARUCITELJ_ZEMLJA] => HRV
            [DOSTAVA_IME_PREZIME] => Ivan Dušić
            [DOSTAVA_ADRESA] => Rudarska3,&quot;Termoing&quot;
            [DOSTAVA_MJESTO] => Labin
            [DOSTAVA_POSTA] => 52 220
            [NAPOMENA] => 
            [VALUTA] => 191
            [IZNOS_UKUPNO] => 372.00
            [TECAJ] => 1
        )

    [stavke] => Array
        (
            [0] => Array
                (
                    [IDROBA] => US00000203
                    [KOLICINA] => 1
                    [CIJENA] => 0
                    [RABAT] => 0
                    [IZNOS] => 0
                )

            [1] => Array
                (
                    [IDROBA] => M7028.XL
                    [KOLICINA] => 1
                    [CIJENA] => 87.50
                    [RABAT] => 0
                    [IZNOS] => 87.50
                )

            [2] => Array
                (
                    [IDROBA] => M7030.L
                    [KOLICINA] => 1
                    [CIJENA] => 100.00
                    [RABAT] => 0
                    [IZNOS] => 100.00
                )

            [3] => Array
                (
                    [IDROBA] => M7070.L
                    [KOLICINA] => 1
                    [CIJENA] => 104.00
                    [RABAT] => 0
                    [IZNOS] => 104.00
                )

            [4] => Array
                (
                    [IDROBA] => M7072.XL
                    [KOLICINA] => 1
                    [CIJENA] => 80.50
                    [RABAT] => 0
                    [IZNOS] => 80.50
                )

        )

)

2021-02-08 8:08:01 - Illuminate\Support\Collection Object
(
    [items:protected] => Array
        (
            [creating] => start
            [ZAPIS] => Array
                (
                    [IDDOK] => NAK
                    [BROJDOK] => 84
                    [STAVAKA] => 5
                    [STAVKA] => 5
                    [KOLICINA_SIFRA] => 0
                    [DATUM] => 2021-02-08 00:00:00
                    [TEXT_GRESKE] => 
                    [KNJIZENO_KARTICA] => 
                    [KNJIZENO_GLKNJIGA] => 
                    [ZAKJUCANI_DN] => NE
                )

        )

)

