2021-02-05 9:25:45 - &idfirma=1
2021-02-05 9:25:45 - Array
(
    [narudzba] => Array
        (
            [CMS_ID] => KHR233
            [DATUM_VRIJEME] => 04.02.2021 20:38:12
            [NARUCITELJ_CMS_ID] => 1
            [NARUCITELJ_EMAIL] => Jviskota@yahoo.com
            [NARUCITELJ_IME] => Jelena
            [NARUCITELJ_PREZIME] => Culic-viskota
            [NARUCITELJ_ADRESA] => Put znjana 44c
            [NARUCITELJ_MJESTO] => Split
            [NARUCITELJ_POSTA] => 21000
            [NARUCITELJ_TELEFON] => 098266322
            [NARUCITELJ_NAZIV] => 
            [NARUCITELJ_OIB] => 
            [NARUCITELJ_VAT] => 
            [NARUCITELJ_ZEMLJA] => HRV
            [DOSTAVA_IME_PREZIME] => Jelena Culic-viskota
            [DOSTAVA_ADRESA] => Put znjana 44c
            [DOSTAVA_MJESTO] => Split
            [DOSTAVA_POSTA] => 21000
            [NAPOMENA] => 
            [VALUTA] => 191
            [IZNOS_UKUPNO] => 587.80
            [TECAJ] => 1
        )

    [stavke] => Array
        (
            [0] => Array
                (
                    [IDROBA] => US00000203
                    [KOLICINA] => 1
                    [CIJENA] => 0
                    [RABAT] => 0
                    [IZNOS] => 0
                )

            [1] => Array
                (
                    [IDROBA] => M5003.XXXL
                    [KOLICINA] => 2
                    [CIJENA] => 141.40
                    [RABAT] => 0
                    [IZNOS] => 282.80
                )

            [2] => Array
                (
                    [IDROBA] => M5004.XXXL
                    [KOLICINA] => 1
                    [CIJENA] => 167.00
                    [RABAT] => 0
                    [IZNOS] => 167.00
                )

            [3] => Array
                (
                    [IDROBA] => M5007.XXXL
                    [KOLICINA] => 1
                    [CIJENA] => 138.00
                    [RABAT] => 0
                    [IZNOS] => 138.00
                )

            [4] => Array
                (
                    [IDROBA] => P8013
                    [KOLICINA] => 1
                    [CIJENA] => 51.00
                    [RABAT] => 0
                    [IZNOS] => 51.00
                )

        )

)

2021-02-05 9:25:47 - Array
(
    [creating] => start
    [ZAPIS] => Array
        (
            [IDDOK] => NAK
            [BROJDOK] => 79
            [STAVAKA] => 5
            [STAVKA] => 5
            [KOLICINA_SIFRA] => 0
            [DATUM] => 2021-02-05 00:00:00
            [TEXT_GRESKE] => 
            [KNJIZENO_KARTICA] => 
            [KNJIZENO_GLKNJIGA] => 
            [ZAKJUCANI_DN] => NE
        )

)

