2021-02-03 8:38:28 - Array
(
    [order_id] => 228
    [invoice_no] => 0
    [invoice_prefix] => INV-2020-00
    [store_id] => 0
    [store_name] => KOZO UNDERWEAR
    [store_url] => https://www.kozo-underwear.hr/
    [customer_id] => 167
    [customer_group_id] => 1
    [firstname] => Josip
    [lastname] => Rukavina
    [email] => josefrukavina@yahoo.de
    [telephone] => 098783135
    [fax] => 
    [custom_field] => 
    [payment_firstname] => Josip
    [payment_lastname] => Rukavina
    [payment_company] => 
    [payment_address_1] => Ivana Lenkovića 6
    [payment_address_2] => 
    [payment_city] => Senj
    [payment_postcode] => 53270
    [payment_country] => Croatia
    [payment_country_id] => 53
    [payment_zone] => HR
    [payment_zone_id] => 848
    [payment_address_format] => 
    [payment_custom_field] => 
    [payment_method] => Plaćanje pouzećem
    [payment_code] => cod
    [shipping_firstname] => Josip
    [shipping_lastname] => Rukavina
    [shipping_company] => 
    [shipping_address_1] => Ivana Lenkovića 6
    [shipping_address_2] => 
    [shipping_city] => Senj
    [shipping_postcode] => 53270
    [shipping_country] => Croatia
    [shipping_country_id] => 53
    [shipping_zone] => HR
    [shipping_zone_id] => 848
    [shipping_address_format] => 
    [shipping_custom_field] => 
    [shipping_method] => Dostava Intereuropa Hrvatska - Besplatna dostava za narudžbe iznad 350kn
    [shipping_code] => ultimate_shipping.ultimate_shipping_0
    [comment] => 
    [total] => 299.0000
    [order_status_id] => 5
    [affiliate_id] => 0
    [commission] => 0.0000
    [marketing_id] => 0
    [tracking] => 
    [language_id] => 2
    [currency_id] => 4
    [currency_code] => HRK
    [currency_value] => 1.00000000
    [ip] => 93.137.169.105
    [forwarded_ip] => 
    [user_agent] => Mozilla/5.0 (Windows NT 10.0; Win64; x64) AppleWebKit/537.36 (KHTML, like Gecko) Chrome/88.0.4324.104 Safari/537.36
    [accept_language] => hr-HR,hr;q=0.9,en-US;q=0.8,en;q=0.7
    [paid_order] => 0
    [intereuropa] => 1
    [date_added] => 2021-02-01 17:51:05
    [date_modified] => 2021-02-01 17:51:25
    [products] => Array
        (
            [0] => Array
                (
                    [order_product_id] => 584
                    [order_id] => 228
                    [product_id] => 179
                    [name] => MUŠKA PIDŽAMA
                    [model] => M5011
                    [quantity] => 1
                    [price] => 264.0000
                    [total] => 264.0000
                    [tax] => 0.0000
                    [reward] => 0
                    [option] => Array
                        (
                            [order_option_id] => 519
                            [order_id] => 228
                            [order_product_id] => 584
                            [product_option_id] => 343
                            [product_option_value_id] => 569
                            [name] => Veličina
                            [value] => XL
                            [type] => radio
                            [sku] => 
                            [option_data] => Array
                                (
                                    [product_option_value_id] => 569
                                    [product_option_id] => 343
                                    [product_id] => 179
                                    [option_id] => 13
                                    [option_value_id] => 49
                                    [quantity] => 19
                                    [subtract] => 1
                                    [price] => 0.0000
                                    [price_prefix] => +
                                    [points] => 0
                                    [points_prefix] => +
                                    [weight] => 0.00000000
                                    [weight_prefix] => +
                                    [sku] => M5011.XL
                                )

                        )

                )

        )

    [totals] => Array
        (
            [0] => Array
                (
                    [order_total_id] => 750
                    [order_id] => 228
                    [code] => sub_total
                    [title] => Među suma
                    [value] => 264.0000
                    [sort_order] => 1
                )

            [1] => Array
                (
                    [order_total_id] => 751
                    [order_id] => 228
                    [code] => shipping
                    [title] => Dostava Intereuropa Hrvatska - Besplatna dostava za narudžbe iznad 350kn
                    [value] => 35.0000
                    [sort_order] => 3
                )

            [2] => Array
                (
                    [order_total_id] => 752
                    [order_id] => 228
                    [code] => total
                    [title] => Ukupno
                    [value] => 299.0000
                    [sort_order] => 9
                )

        )

    [status] => Array
        (
            [order_status_id] => 5
            [language_id] => 1
            [name] => Complete
        )

)

2021-02-03 8:38:28 - Array
(
    [narudzba] => Array
        (
            [CMS_ID] => KHR228
            [DATUM_VRIJEME] => 01.02.2021 17:51:25
            [NARUCITELJ_CMS_ID] => 1
            [NARUCITELJ_EMAIL] => josefrukavina@yahoo.de
            [NARUCITELJ_IME] => Josip
            [NARUCITELJ_PREZIME] => Rukavina
            [NARUCITELJ_ADRESA] => Ivana Lenkovića 6
            [NARUCITELJ_MJESTO] => Senj
            [NARUCITELJ_POSTA] => 53270
            [NARUCITELJ_TELEFON] => 098783135
            [NARUCITELJ_NAZIV] => 
            [NARUCITELJ_OIB] => 
            [NARUCITELJ_VAT] => 
            [NARUCITELJ_ZEMLJA] => HRV
            [DOSTAVA_IME_PREZIME] => Josip Rukavina
            [DOSTAVA_ADRESA] => Ivana Lenkovića 6
            [DOSTAVA_MJESTO] => Senj
            [DOSTAVA_POSTA] => 53270
            [NAPOMENA] => 
            [VALUTA] => 191
            [IZNOS_UKUPNO] => 299.00
            [TECAJ] => 1
        )

    [stavke] => Array
        (
            [0] => Array
                (
                    [IDROBA] => US00000203
                    [KOLICINA] => 1
                    [CIJENA] => 35
                    [RABAT] => 0
                    [IZNOS] => 35
                )

            [1] => Array
                (
                    [IDROBA] => M5011.XL
                    [KOLICINA] => 1
                    [CIJENA] => 264.00
                    [RABAT] => 0
                    [IZNOS] => 264.00
                )

        )

)

2021-02-03 8:39:01 - Illuminate\Support\Collection Object
(
    [items:protected] => Array
        (
            [creating] => start
            [ZAPIS] => Array
                (
                    [IDDOK] => NAK
                    [BROJDOK] => 73
                    [STAVAKA] => 2
                    [STAVKA] => 2
                    [KOLICINA_SIFRA] => 0
                    [DATUM] => 2021-02-03 00:00:00
                    [TEXT_GRESKE] => 
                    [KNJIZENO_KARTICA] => 
                    [KNJIZENO_GLKNJIGA] => 
                    [ZAKJUCANI_DN] => NE
                )

        )

)

