2021-02-15 8:23:04 - &idfirma=1
2021-02-15 8:23:04 - Array
(
    [narudzba] => Array
        (
            [CMS_ID] => KHR259
            [DATUM_VRIJEME] => 14.02.2021 18:15:57
            [NARUCITELJ_CMS_ID] => 1
            [NARUCITELJ_EMAIL] => antema81@gmail.com
            [NARUCITELJ_IME] => ante
            [NARUCITELJ_PREZIME] => marinov
            [NARUCITELJ_ADRESA] => bana j. jelačića
            [NARUCITELJ_MJESTO] => PRIMOŠTEN
            [NARUCITELJ_POSTA] => 22202
            [NARUCITELJ_TELEFON] => 0915854026
            [NARUCITELJ_NAZIV] => 
            [NARUCITELJ_OIB] => 
            [NARUCITELJ_VAT] => 
            [NARUCITELJ_ZEMLJA] => HRV
            [DOSTAVA_IME_PREZIME] => ante marinov
            [DOSTAVA_ADRESA] => bana j. jelačića
            [DOSTAVA_MJESTO] => PRIMOŠTEN
            [DOSTAVA_POSTA] => 22202
            [NAPOMENA] => 
            [VALUTA] => 191
            [IZNOS_UKUPNO] => 388.50
            [TECAJ] => 1
        )

    [stavke] => Array
        (
            [0] => Array
                (
                    [IDROBA] => US00000203
                    [KOLICINA] => 1
                    [CIJENA] => 0
                    [RABAT] => 0
                    [IZNOS] => 0
                )

            [1] => Array
                (
                    [IDROBA] => M7005.XL
                    [KOLICINA] => 1
                    [CIJENA] => 87.50
                    [RABAT] => 0
                    [IZNOS] => 87.50
                )

            [2] => Array
                (
                    [IDROBA] => M7016.XL
                    [KOLICINA] => 1
                    [CIJENA] => 87.50
                    [RABAT] => 0
                    [IZNOS] => 87.50
                )

            [3] => Array
                (
                    [IDROBA] => M7029.XL
                    [KOLICINA] => 1
                    [CIJENA] => 87.50
                    [RABAT] => 0
                    [IZNOS] => 87.50
                )

            [4] => Array
                (
                    [IDROBA] => M7085.XL
                    [KOLICINA] => 1
                    [CIJENA] => 75.00
                    [RABAT] => 0
                    [IZNOS] => 75.00
                )

            [5] => Array
                (
                    [IDROBA] => P8010
                    [KOLICINA] => 1
                    [CIJENA] => 51.00
                    [RABAT] => 0
                    [IZNOS] => 51.00
                )

        )

)

2021-02-15 8:23:06 - Array
(
    [creating] => start
    [ZAPIS] => Array
        (
            [IDDOK] => NAK
            [BROJDOK] => 107
            [STAVAKA] => 6
            [STAVKA] => 6
            [KOLICINA_SIFRA] => 0
            [DATUM] => 2021-02-15 00:00:00
            [TEXT_GRESKE] => 
            [KNJIZENO_KARTICA] => 
            [KNJIZENO_GLKNJIGA] => 
            [ZAKJUCANI_DN] => NE
        )

)

