2021-02-08 8:07:50 - &idfirma=1
2021-02-08 8:07:50 - Array
(
    [narudzba] => Array
        (
            [CMS_ID] => KHR235
            [DATUM_VRIJEME] => 05.02.2021 21:42:45
            [NARUCITELJ_CMS_ID] => 1
            [NARUCITELJ_EMAIL] => miki.bajlo@gmail.com
            [NARUCITELJ_IME] => Michael
            [NARUCITELJ_PREZIME] => Bajlo
            [NARUCITELJ_ADRESA] => Kukljička 18
            [NARUCITELJ_MJESTO] => Zadar
            [NARUCITELJ_POSTA] => 23000
            [NARUCITELJ_TELEFON] => 0955509121
            [NARUCITELJ_NAZIV] => 
            [NARUCITELJ_OIB] => 
            [NARUCITELJ_VAT] => 
            [NARUCITELJ_ZEMLJA] => HRV
            [DOSTAVA_IME_PREZIME] => Michael Bajlo
            [DOSTAVA_ADRESA] => Kukljička 18
            [DOSTAVA_MJESTO] => Zadar
            [DOSTAVA_POSTA] => 23000
            [NAPOMENA] => Order Comments: Molim da me se kontaktira prije dostave...hvala
            [VALUTA] => 191
            [IZNOS_UKUPNO] => 100.60
            [TECAJ] => 1
        )

    [stavke] => Array
        (
            [0] => Array
                (
                    [IDROBA] => US00000203
                    [KOLICINA] => 1
                    [CIJENA] => 35
                    [RABAT] => 0
                    [IZNOS] => 35
                )

            [1] => Array
                (
                    [IDROBA] => M7079.L
                    [KOLICINA] => 1
                    [CIJENA] => 65.60
                    [RABAT] => 0
                    [IZNOS] => 65.60
                )

        )

)

2021-02-08 8:07:51 - Array
(
    [creating] => start
    [ZAPIS] => Array
        (
            [IDDOK] => NAK
            [BROJDOK] => 83
            [STAVAKA] => 2
            [STAVKA] => 2
            [KOLICINA_SIFRA] => 0
            [DATUM] => 2021-02-08 00:00:00
            [TEXT_GRESKE] => 
            [KNJIZENO_KARTICA] => 
            [KNJIZENO_GLKNJIGA] => 
            [ZAKJUCANI_DN] => NE
        )

)

