2021-02-15 8:23:04 - Array
(
    [order_id] => 259
    [invoice_no] => 0
    [invoice_prefix] => INV-2020-00
    [store_id] => 0
    [store_name] => KOZO UNDERWEAR
    [store_url] => https://www.kozo-underwear.hr/
    [customer_id] => 96
    [customer_group_id] => 1
    [firstname] => ante
    [lastname] => marinov
    [email] => antema81@gmail.com
    [telephone] => 0915854026
    [fax] => 
    [custom_field] => 
    [payment_firstname] => ante
    [payment_lastname] => marinov
    [payment_company] => 
    [payment_address_1] => bana j. jelačića
    [payment_address_2] => 
    [payment_city] => PRIMOŠTEN
    [payment_postcode] => 22202
    [payment_country] => Croatia
    [payment_country_id] => 53
    [payment_zone] => 
    [payment_zone_id] => 0
    [payment_address_format] => 
    [payment_custom_field] => 
    [payment_method] => Kreditne kartice / Debitne Kartice (CorvusPay)
    [payment_code] => corvuspay
    [shipping_firstname] => ante
    [shipping_lastname] => marinov
    [shipping_company] => 
    [shipping_address_1] => bana j. jelačića
    [shipping_address_2] => 
    [shipping_city] => PRIMOŠTEN
    [shipping_postcode] => 22202
    [shipping_country] => Croatia
    [shipping_country_id] => 53
    [shipping_zone] => 
    [shipping_zone_id] => 0
    [shipping_address_format] => 
    [shipping_custom_field] => 
    [shipping_method] => Besplatna dostava Intereuropa Hrvatska
    [shipping_code] => ultimate_shipping.ultimate_shipping_0
    [comment] => 
    [total] => 388.5000
    [order_status_id] => 5
    [affiliate_id] => 0
    [commission] => 0.0000
    [marketing_id] => 0
    [tracking] => 
    [language_id] => 2
    [currency_id] => 4
    [currency_code] => HRK
    [currency_value] => 1.00000000
    [ip] => 185.18.60.66
    [forwarded_ip] => 
    [user_agent] => Mozilla/5.0 (Windows NT 10.0; Win64; x64) AppleWebKit/537.36 (KHTML, like Gecko) Chrome/88.0.4324.150 Safari/537.36
    [accept_language] => hr-HR,hr;q=0.9,en-US;q=0.8,en;q=0.7,bs;q=0.6
    [paid_order] => 0
    [intereuropa] => 1
    [date_added] => 2021-02-14 18:11:02
    [date_modified] => 2021-02-14 18:15:57
    [products] => Array
        (
            [0] => Array
                (
                    [order_product_id] => 673
                    [order_id] => 259
                    [product_id] => 77
                    [name] => MUŠKE BOKSERICE BIJELE
                    [model] => M7005
                    [quantity] => 1
                    [price] => 87.5000
                    [total] => 87.5000
                    [tax] => 0.0000
                    [reward] => 0
                    [option] => Array
                        (
                            [order_option_id] => 601
                            [order_id] => 259
                            [order_product_id] => 673
                            [product_option_id] => 240
                            [product_option_value_id] => 83
                            [name] => Veličina
                            [value] => XL
                            [type] => radio
                            [sku] => 
                            [option_data] => Array
                                (
                                    [product_option_value_id] => 83
                                    [product_option_id] => 240
                                    [product_id] => 77
                                    [option_id] => 13
                                    [option_value_id] => 49
                                    [quantity] => 107
                                    [subtract] => 1
                                    [price] => 0.0000
                                    [price_prefix] => +
                                    [points] => 0
                                    [points_prefix] => +
                                    [weight] => 0.00000000
                                    [weight_prefix] => +
                                    [sku] => M7005.XL
                                )

                        )

                )

            [1] => Array
                (
                    [order_product_id] => 674
                    [order_id] => 259
                    [product_id] => 81
                    [name] => MUŠKE BOKSERICE CRNE
                    [model] => M7016
                    [quantity] => 1
                    [price] => 87.5000
                    [total] => 87.5000
                    [tax] => 0.0000
                    [reward] => 0
                    [option] => Array
                        (
                            [order_option_id] => 602
                            [order_id] => 259
                            [order_product_id] => 674
                            [product_option_id] => 244
                            [product_option_value_id] => 105
                            [name] => Veličina
                            [value] => XL
                            [type] => radio
                            [sku] => 
                            [option_data] => Array
                                (
                                    [product_option_value_id] => 105
                                    [product_option_id] => 244
                                    [product_id] => 81
                                    [option_id] => 13
                                    [option_value_id] => 49
                                    [quantity] => 71
                                    [subtract] => 1
                                    [price] => 0.0000
                                    [price_prefix] => +
                                    [points] => 0
                                    [points_prefix] => +
                                    [weight] => 0.00000000
                                    [weight_prefix] => +
                                    [sku] => M7016.XL
                                )

                        )

                )

            [2] => Array
                (
                    [order_product_id] => 675
                    [order_id] => 259
                    [product_id] => 98
                    [name] => MUŠKE BOKSERICE TAMNO PLAVE
                    [model] => M7029
                    [quantity] => 1
                    [price] => 87.5000
                    [total] => 87.5000
                    [tax] => 0.0000
                    [reward] => 0
                    [option] => Array
                        (
                            [order_option_id] => 603
                            [order_id] => 259
                            [order_product_id] => 675
                            [product_option_id] => 261
                            [product_option_value_id] => 196
                            [name] => Veličina
                            [value] => XL
                            [type] => radio
                            [sku] => 
                            [option_data] => Array
                                (
                                    [product_option_value_id] => 196
                                    [product_option_id] => 261
                                    [product_id] => 98
                                    [option_id] => 13
                                    [option_value_id] => 49
                                    [quantity] => 13
                                    [subtract] => 1
                                    [price] => 0.0000
                                    [price_prefix] => +
                                    [points] => 0
                                    [points_prefix] => +
                                    [weight] => 0.00000000
                                    [weight_prefix] => +
                                    [sku] => M7029.XL
                                )

                        )

                )

            [3] => Array
                (
                    [order_product_id] => 676
                    [order_id] => 259
                    [product_id] => 154
                    [name] => MUŠKE BOKSERICE PRINT HOHOHO
                    [model] => M7085
                    [quantity] => 1
                    [price] => 75.0000
                    [total] => 75.0000
                    [tax] => 0.0000
                    [reward] => 0
                    [option] => Array
                        (
                            [order_option_id] => 604
                            [order_id] => 259
                            [order_product_id] => 676
                            [product_option_id] => 317
                            [product_option_value_id] => 475
                            [name] => Veličina
                            [value] => XL
                            [type] => radio
                            [sku] => 
                            [option_data] => Array
                                (
                                    [product_option_value_id] => 475
                                    [product_option_id] => 317
                                    [product_id] => 154
                                    [option_id] => 13
                                    [option_value_id] => 49
                                    [quantity] => 18
                                    [subtract] => 1
                                    [price] => 0.0000
                                    [price_prefix] => +
                                    [points] => 0
                                    [points_prefix] => +
                                    [weight] => 0.00000000
                                    [weight_prefix] => +
                                    [sku] => M7085.XL
                                )

                        )

                )

            [4] => Array
                (
                    [order_product_id] => 677
                    [order_id] => 259
                    [product_id] => 170
                    [name] => NAVY MASKA ZA LICE
                    [model] => P8010
                    [quantity] => 1
                    [price] => 51.0000
                    [total] => 51.0000
                    [tax] => 0.0000
                    [reward] => 0
                    [option] => 
                )

        )

    [totals] => Array
        (
            [0] => Array
                (
                    [order_total_id] => 849
                    [order_id] => 259
                    [code] => sub_total
                    [title] => Među suma
                    [value] => 388.5000
                    [sort_order] => 1
                )

            [1] => Array
                (
                    [order_total_id] => 850
                    [order_id] => 259
                    [code] => shipping
                    [title] => Besplatna dostava Intereuropa Hrvatska
                    [value] => 0.0000
                    [sort_order] => 3
                )

            [2] => Array
                (
                    [order_total_id] => 851
                    [order_id] => 259
                    [code] => total
                    [title] => Ukupno
                    [value] => 388.5000
                    [sort_order] => 9
                )

        )

    [status] => Array
        (
            [order_status_id] => 5
            [language_id] => 1
            [name] => Complete
        )

)

2021-02-15 8:23:04 - Array
(
    [narudzba] => Array
        (
            [CMS_ID] => KHR259
            [DATUM_VRIJEME] => 14.02.2021 18:15:57
            [NARUCITELJ_CMS_ID] => 1
            [NARUCITELJ_EMAIL] => antema81@gmail.com
            [NARUCITELJ_IME] => ante
            [NARUCITELJ_PREZIME] => marinov
            [NARUCITELJ_ADRESA] => bana j. jelačića
            [NARUCITELJ_MJESTO] => PRIMOŠTEN
            [NARUCITELJ_POSTA] => 22202
            [NARUCITELJ_TELEFON] => 0915854026
            [NARUCITELJ_NAZIV] => 
            [NARUCITELJ_OIB] => 
            [NARUCITELJ_VAT] => 
            [NARUCITELJ_ZEMLJA] => HRV
            [DOSTAVA_IME_PREZIME] => ante marinov
            [DOSTAVA_ADRESA] => bana j. jelačića
            [DOSTAVA_MJESTO] => PRIMOŠTEN
            [DOSTAVA_POSTA] => 22202
            [NAPOMENA] => 
            [VALUTA] => 191
            [IZNOS_UKUPNO] => 388.50
            [TECAJ] => 1
        )

    [stavke] => Array
        (
            [0] => Array
                (
                    [IDROBA] => US00000203
                    [KOLICINA] => 1
                    [CIJENA] => 0
                    [RABAT] => 0
                    [IZNOS] => 0
                )

            [1] => Array
                (
                    [IDROBA] => M7005.XL
                    [KOLICINA] => 1
                    [CIJENA] => 87.50
                    [RABAT] => 0
                    [IZNOS] => 87.50
                )

            [2] => Array
                (
                    [IDROBA] => M7016.XL
                    [KOLICINA] => 1
                    [CIJENA] => 87.50
                    [RABAT] => 0
                    [IZNOS] => 87.50
                )

            [3] => Array
                (
                    [IDROBA] => M7029.XL
                    [KOLICINA] => 1
                    [CIJENA] => 87.50
                    [RABAT] => 0
                    [IZNOS] => 87.50
                )

            [4] => Array
                (
                    [IDROBA] => M7085.XL
                    [KOLICINA] => 1
                    [CIJENA] => 75.00
                    [RABAT] => 0
                    [IZNOS] => 75.00
                )

            [5] => Array
                (
                    [IDROBA] => P8010
                    [KOLICINA] => 1
                    [CIJENA] => 51.00
                    [RABAT] => 0
                    [IZNOS] => 51.00
                )

        )

)

2021-02-15 8:23:06 - Illuminate\Support\Collection Object
(
    [items:protected] => Array
        (
            [creating] => start
            [ZAPIS] => Array
                (
                    [IDDOK] => NAK
                    [BROJDOK] => 107
                    [STAVAKA] => 6
                    [STAVKA] => 6
                    [KOLICINA_SIFRA] => 0
                    [DATUM] => 2021-02-15 00:00:00
                    [TEXT_GRESKE] => 
                    [KNJIZENO_KARTICA] => 
                    [KNJIZENO_GLKNJIGA] => 
                    [ZAKJUCANI_DN] => NE
                )

        )

)

