2021-02-16 10:30:01 - &idfirma=1
2021-02-16 10:30:01 - Array
(
    [narudzba] => Array
        (
            [CMS_ID] => KHR260
            [DATUM_VRIJEME] => 15.02.2021 12:01:49
            [NARUCITELJ_CMS_ID] => 1
            [NARUCITELJ_EMAIL] => biserka@zvonarek.hr
            [NARUCITELJ_IME] => Biserka
            [NARUCITELJ_PREZIME] => Zvonarek
            [NARUCITELJ_ADRESA] => Trg bana J. Jelačića 6
            [NARUCITELJ_MJESTO] => Prelog
            [NARUCITELJ_POSTA] => 40323
            [NARUCITELJ_TELEFON] => 0989932123
            [NARUCITELJ_NAZIV] => 
            [NARUCITELJ_OIB] => 
            [NARUCITELJ_VAT] => 
            [NARUCITELJ_ZEMLJA] => HRV
            [DOSTAVA_IME_PREZIME] => Biserka Zvonarek
            [DOSTAVA_ADRESA] => Trg bana J. Jelačića 6
            [DOSTAVA_MJESTO] => Prelog
            [DOSTAVA_POSTA] => 40323
            [NAPOMENA] => 
            [VALUTA] => 191
            [IZNOS_UKUPNO] => 528.00
            [TECAJ] => 1
        )

    [stavke] => Array
        (
            [0] => Array
                (
                    [IDROBA] => US00000203
                    [KOLICINA] => 1
                    [CIJENA] => 0
                    [RABAT] => 0
                    [IZNOS] => 0
                )

            [1] => Array
                (
                    [IDROBA] => P8012
                    [KOLICINA] => 1
                    [CIJENA] => 51.00
                    [RABAT] => 0
                    [IZNOS] => 51.00
                )

            [2] => Array
                (
                    [IDROBA] => M5011.S
                    [KOLICINA] => 1
                    [CIJENA] => 264.00
                    [RABAT] => 0
                    [IZNOS] => 264.00
                )

            [3] => Array
                (
                    [IDROBA] => M5010.S
                    [KOLICINA] => 1
                    [CIJENA] => 264.00
                    [RABAT] => 0
                    [IZNOS] => 264.00
                )

        )

)

2021-02-16 10:30:02 - Array
(
    [creating] => start
    [ZAPIS] => Array
        (
            [IDDOK] => NAK
            [BROJDOK] => 109
            [STAVAKA] => 4
            [STAVKA] => 4
            [KOLICINA_SIFRA] => 0
            [DATUM] => 2021-02-16 00:00:00
            [TEXT_GRESKE] => 
            [KNJIZENO_KARTICA] => 
            [KNJIZENO_GLKNJIGA] => 
            [ZAKJUCANI_DN] => NE
        )

)

