2021-02-22 14:02:53 - Array
(
    [order_id] => 267
    [invoice_no] => 0
    [invoice_prefix] => INV-2020-00
    [store_id] => 0
    [store_name] => KOZO UNDERWEAR
    [store_url] => https://www.kozo-underwear.hr/
    [customer_id] => 182
    [customer_group_id] => 1
    [firstname] => Lucija
    [lastname] => Štefić
    [email] => stefic.lucijaa@gmail.com
    [telephone] => 0996688717
    [fax] => 
    [custom_field] => 
    [payment_firstname] => Lucija
    [payment_lastname] => Štefić
    [payment_company] => 
    [payment_address_1] => M. Pavleka Miškine 26
    [payment_address_2] => 
    [payment_city] => Donja Dubrava
    [payment_postcode] => 40328
    [payment_country] => Croatia
    [payment_country_id] => 53
    [payment_zone] => HR
    [payment_zone_id] => 848
    [payment_address_format] => 
    [payment_custom_field] => 
    [payment_method] => Bankovna transakcija (internet bankarstvo)
    [payment_code] => bank_transfer
    [shipping_firstname] => Lucija
    [shipping_lastname] => Štefić
    [shipping_company] => 
    [shipping_address_1] => M. Pavleka Miškine 26
    [shipping_address_2] => 
    [shipping_city] => Donja Dubrava
    [shipping_postcode] => 40328
    [shipping_country] => Croatia
    [shipping_country_id] => 53
    [shipping_zone] => HR
    [shipping_zone_id] => 848
    [shipping_address_format] => 
    [shipping_custom_field] => 
    [shipping_method] => Preuzmi kod nas - Trg republike 3, 40328 Donja Dubrava, Međimurska županija
    [shipping_code] => pickup.pickup
    [comment] => 
    [total] => 192.5000
    [order_status_id] => 1
    [affiliate_id] => 0
    [commission] => 0.0000
    [marketing_id] => 0
    [tracking] => 
    [language_id] => 2
    [currency_id] => 4
    [currency_code] => HRK
    [currency_value] => 1.00000000
    [ip] => 92.242.225.129
    [forwarded_ip] => 
    [user_agent] => Mozilla/5.0 (Linux; Android 9; FIG-LX1) AppleWebKit/537.36 (KHTML, like Gecko) Chrome/88.0.4324.181 Mobile Safari/537.36
    [accept_language] => hr-HR,hr;q=0.9,en-US;q=0.8,en;q=0.7,bs;q=0.6,de;q=0.5
    [paid_order] => 0
    [intereuropa] => 
    [date_added] => 2021-02-19 13:58:24
    [date_modified] => 2021-02-19 13:58:41
    [products] => Array
        (
            [0] => Array
                (
                    [order_product_id] => 692
                    [order_id] => 267
                    [product_id] => 146
                    [name] => MUŠKE BOKSERICE TAMNO PLAVE
                    [model] => M7077
                    [quantity] => 1
                    [price] => 80.5000
                    [total] => 80.5000
                    [tax] => 0.0000
                    [reward] => 0
                    [option] => Array
                        (
                            [order_option_id] => 618
                            [order_id] => 267
                            [order_product_id] => 692
                            [product_option_id] => 309
                            [product_option_value_id] => 438
                            [name] => Veličina
                            [value] => L
                            [type] => radio
                            [sku] => 
                            [option_data] => Array
                                (
                                    [product_option_value_id] => 438
                                    [product_option_id] => 309
                                    [product_id] => 146
                                    [option_id] => 13
                                    [option_value_id] => 50
                                    [quantity] => 25
                                    [subtract] => 1
                                    [price] => 0.0000
                                    [price_prefix] => +
                                    [points] => 0
                                    [points_prefix] => +
                                    [weight] => 0.00000000
                                    [weight_prefix] => +
                                    [sku] => M7077.L
                                )

                        )

                )

            [1] => Array
                (
                    [order_product_id] => 693
                    [order_id] => 267
                    [product_id] => 148
                    [name] => MUŠKA POTKOŠULJA UŽA RAMENICA TAMNO PLAVA
                    [model] => M7078
                    [quantity] => 1
                    [price] => 92.0000
                    [total] => 92.0000
                    [tax] => 0.0000
                    [reward] => 0
                    [option] => Array
                        (
                            [order_option_id] => 619
                            [order_id] => 267
                            [order_product_id] => 693
                            [product_option_id] => 311
                            [product_option_value_id] => 448
                            [name] => Veličina
                            [value] => L
                            [type] => radio
                            [sku] => 
                            [option_data] => Array
                                (
                                    [product_option_value_id] => 448
                                    [product_option_id] => 311
                                    [product_id] => 148
                                    [option_id] => 13
                                    [option_value_id] => 50
                                    [quantity] => 20
                                    [subtract] => 1
                                    [price] => 0.0000
                                    [price_prefix] => 
                                    [points] => 0
                                    [points_prefix] => +
                                    [weight] => 0.00000000
                                    [weight_prefix] => +
                                    [sku] => M7078.L
                                )

                        )

                )

            [2] => Array
                (
                    [order_product_id] => 694
                    [order_id] => 267
                    [product_id] => 181
                    [name] => KOZO POKLON VREĆICA MALA
                    [model] => P0018
                    [quantity] => 1
                    [price] => 20.0000
                    [total] => 20.0000
                    [tax] => 0.0000
                    [reward] => 0
                    [option] => 
                )

        )

    [totals] => Array
        (
            [0] => Array
                (
                    [order_total_id] => 874
                    [order_id] => 267
                    [code] => sub_total
                    [title] => Među suma
                    [value] => 192.5000
                    [sort_order] => 1
                )

            [1] => Array
                (
                    [order_total_id] => 875
                    [order_id] => 267
                    [code] => shipping
                    [title] => Preuzmi kod nas - Trg republike 3, 40328 Donja Dubrava, Međimurska županija
                    [value] => 0.0000
                    [sort_order] => 3
                )

            [2] => Array
                (
                    [order_total_id] => 876
                    [order_id] => 267
                    [code] => total
                    [title] => Ukupno
                    [value] => 192.5000
                    [sort_order] => 9
                )

        )

    [status] => Array
        (
            [order_status_id] => 1
            [language_id] => 1
            [name] => Pending
        )

)

2021-02-22 14:02:54 - Array
(
    [narudzba] => Array
        (
            [CMS_ID] => KHR267
            [DATUM_VRIJEME] => 19.02.2021 13:58:41
            [NARUCITELJ_CMS_ID] => 1
            [NARUCITELJ_EMAIL] => stefic.lucijaa@gmail.com
            [NARUCITELJ_IME] => Lucija
            [NARUCITELJ_PREZIME] => Štefić
            [NARUCITELJ_ADRESA] => M. Pavleka Miškine 26
            [NARUCITELJ_MJESTO] => Donja Dubrava
            [NARUCITELJ_POSTA] => 40328
            [NARUCITELJ_TELEFON] => 0996688717
            [NARUCITELJ_NAZIV] => 
            [NARUCITELJ_OIB] => 
            [NARUCITELJ_VAT] => 
            [NARUCITELJ_ZEMLJA] => HRV
            [DOSTAVA_IME_PREZIME] => Lucija Štefić
            [DOSTAVA_ADRESA] => M. Pavleka Miškine 26
            [DOSTAVA_MJESTO] => Donja Dubrava
            [DOSTAVA_POSTA] => 40328
            [NAPOMENA] => 
            [VALUTA] => 191
            [IZNOS_UKUPNO] => 192.50
            [TECAJ] => 1
        )

    [stavke] => Array
        (
            [0] => Array
                (
                    [IDROBA] => US00000203
                    [KOLICINA] => 1
                    [CIJENA] => 0
                    [RABAT] => 0
                    [IZNOS] => 0
                )

            [1] => Array
                (
                    [IDROBA] => M7077.L
                    [KOLICINA] => 1
                    [CIJENA] => 80.50
                    [RABAT] => 0
                    [IZNOS] => 80.50
                )

            [2] => Array
                (
                    [IDROBA] => M7078.L
                    [KOLICINA] => 1
                    [CIJENA] => 92.00
                    [RABAT] => 0
                    [IZNOS] => 92.00
                )

            [3] => Array
                (
                    [IDROBA] => P0018
                    [KOLICINA] => 1
                    [CIJENA] => 20.00
                    [RABAT] => 0
                    [IZNOS] => 20.00
                )

        )

)

2021-02-22 14:02:55 - Illuminate\Support\Collection Object
(
    [items:protected] => Array
        (
            [creating] => start
            [ZAPIS] => Array
                (
                    [IDDOK] => NAK
                    [BROJDOK] => 120
                    [STAVAKA] => 4
                    [STAVKA] => 4
                    [KOLICINA_SIFRA] => 0
                    [DATUM] => 2021-02-22 00:00:00
                    [TEXT_GRESKE] => 
                    [KNJIZENO_KARTICA] => 
                    [KNJIZENO_GLKNJIGA] => 
                    [ZAKJUCANI_DN] => NE
                )

        )

)

