2021-02-23 10:44:51 - &idfirma=1
2021-02-23 10:44:51 - Array
(
    [narudzba] => Array
        (
            [CMS_ID] => KHR270
            [DATUM_VRIJEME] => 22.02.2021 11:51:40
            [NARUCITELJ_CMS_ID] => 1
            [NARUCITELJ_EMAIL] => dajana.friscic@yahoo.com
            [NARUCITELJ_IME] => Branka
            [NARUCITELJ_PREZIME] => Miletić
            [NARUCITELJ_ADRESA] => Ante Starčevića 3
            [NARUCITELJ_MJESTO] => Zaprešić
            [NARUCITELJ_POSTA] => 10290
            [NARUCITELJ_TELEFON] => 0955783344
            [NARUCITELJ_NAZIV] => 
            [NARUCITELJ_OIB] => 
            [NARUCITELJ_VAT] => 
            [NARUCITELJ_ZEMLJA] => HRV
            [DOSTAVA_IME_PREZIME] => Branka Miletić
            [DOSTAVA_ADRESA] => Ante Starčevića 3
            [DOSTAVA_MJESTO] => Zaprešić
            [DOSTAVA_POSTA] => 10290
            [NAPOMENA] => 
            [VALUTA] => 191
            [IZNOS_UKUPNO] => 350.00
            [TECAJ] => 1
        )

    [stavke] => Array
        (
            [0] => Array
                (
                    [IDROBA] => US00000203
                    [KOLICINA] => 1
                    [CIJENA] => 0
                    [RABAT] => 0
                    [IZNOS] => 0
                )

            [1] => Array
                (
                    [IDROBA] => M7029.L
                    [KOLICINA] => 3
                    [CIJENA] => 87.50
                    [RABAT] => 0
                    [IZNOS] => 262.50
                )

            [2] => Array
                (
                    [IDROBA] => M7029.M
                    [KOLICINA] => 1
                    [CIJENA] => 87.50
                    [RABAT] => 0
                    [IZNOS] => 87.50
                )

        )

)

2021-02-23 10:44:56 - Array
(
    [creating] => start
    [ZAPIS] => Array
        (
            [IDDOK] => NAK
            [BROJDOK] => 126
            [STAVAKA] => 3
            [STAVKA] => 3
            [KOLICINA_SIFRA] => 0
            [DATUM] => 2021-02-23 00:00:00
            [TEXT_GRESKE] => 
            [KNJIZENO_KARTICA] => 
            [KNJIZENO_GLKNJIGA] => 
            [ZAKJUCANI_DN] => NE
        )

)

