2021-02-10 13:42:21 - &idfirma=1
2021-02-10 13:42:21 - Array
(
    [narudzba] => Array
        (
            [CMS_ID] => KHR250
            [DATUM_VRIJEME] => 10.02.2021 11:32:35
            [NARUCITELJ_CMS_ID] => 1
            [NARUCITELJ_EMAIL] => mirjana.tudan@gmail.com
            [NARUCITELJ_IME] => Mirjana
            [NARUCITELJ_PREZIME] => Tuđan
            [NARUCITELJ_ADRESA] => Nova 12 Nedeljanec
            [NARUCITELJ_MJESTO] => Vidovec
            [NARUCITELJ_POSTA] => 42205
            [NARUCITELJ_TELEFON] => 098395962
            [NARUCITELJ_NAZIV] => 
            [NARUCITELJ_OIB] => 
            [NARUCITELJ_VAT] => 
            [NARUCITELJ_ZEMLJA] => HRV
            [DOSTAVA_IME_PREZIME] => Mirjana Tuđan
            [DOSTAVA_ADRESA] => Nova 12 Nedeljanec
            [DOSTAVA_MJESTO] => Vidovec
            [DOSTAVA_POSTA] => 42205
            [NAPOMENA] => 
            [VALUTA] => 191
            [IZNOS_UKUPNO] => 87.50
            [TECAJ] => 1
        )

    [stavke] => Array
        (
            [0] => Array
                (
                    [IDROBA] => US00000203
                    [KOLICINA] => 1
                    [CIJENA] => 0
                    [RABAT] => 0
                    [IZNOS] => 0
                )

            [1] => Array
                (
                    [IDROBA] => M7032.M
                    [KOLICINA] => 1
                    [CIJENA] => 87.50
                    [RABAT] => 0
                    [IZNOS] => 87.50
                )

        )

)

2021-02-10 13:42:22 - Array
(
    [creating] => start
    [ZAPIS] => Array
        (
            [IDDOK] => NAK
            [BROJDOK] => 95
            [STAVAKA] => 2
            [STAVKA] => 2
            [KOLICINA_SIFRA] => 0
            [DATUM] => 2021-02-10 00:00:00
            [TEXT_GRESKE] => 
            [KNJIZENO_KARTICA] => 
            [KNJIZENO_GLKNJIGA] => 
            [ZAKJUCANI_DN] => NE
        )

)

