2021-02-12 10:06:45 - Array
(
    [order_id] => 253
    [invoice_no] => 0
    [invoice_prefix] => INV-2020-00
    [store_id] => 0
    [store_name] => KOZO UNDERWEAR
    [store_url] => https://www.kozo-underwear.hr/
    [customer_id] => 173
    [customer_group_id] => 1
    [firstname] => Jelena
    [lastname] => Culic-viskota
    [email] => Jviskota@yahoo.com
    [telephone] => 098266322
    [fax] => 
    [custom_field] => 
    [payment_firstname] => Jelena
    [payment_lastname] => Culic-viskota
    [payment_company] => 
    [payment_address_1] => Put znjana 44c
    [payment_address_2] => 
    [payment_city] => Split
    [payment_postcode] => 21000
    [payment_country] => Croatia
    [payment_country_id] => 53
    [payment_zone] => HR
    [payment_zone_id] => 848
    [payment_address_format] => 
    [payment_custom_field] => 
    [payment_method] => Kreditne kartice / Debitne Kartice (CorvusPay)
    [payment_code] => corvuspay
    [shipping_firstname] => Jelena
    [shipping_lastname] => Culic-viskota
    [shipping_company] => 
    [shipping_address_1] => Put znjana 44c
    [shipping_address_2] => 
    [shipping_city] => Split
    [shipping_postcode] => 21000
    [shipping_country] => Croatia
    [shipping_country_id] => 53
    [shipping_zone] => HR
    [shipping_zone_id] => 848
    [shipping_address_format] => 
    [shipping_custom_field] => 
    [shipping_method] => Besplatna dostava Intereuropa Hrvatska
    [shipping_code] => ultimate_shipping.ultimate_shipping_0
    [comment] => 
    [total] => 731.5000
    [order_status_id] => 5
    [affiliate_id] => 0
    [commission] => 0.0000
    [marketing_id] => 0
    [tracking] => 
    [language_id] => 2
    [currency_id] => 4
    [currency_code] => HRK
    [currency_value] => 1.00000000
    [ip] => 93.143.103.185
    [forwarded_ip] => 
    [user_agent] => Mozilla/5.0 (Linux; Android 9; SAMSUNG SM-G960U1) AppleWebKit/537.36 (KHTML, like Gecko) SamsungBrowser/13.2 Chrome/83.0.4103.106 Mobile Safari/537.36
    [accept_language] => en-US,en;q=0.9
    [paid_order] => 0
    [intereuropa] => 1
    [date_added] => 2021-02-11 21:16:21
    [date_modified] => 2021-02-11 21:17:15
    [products] => Array
        (
            [0] => Array
                (
                    [order_product_id] => 657
                    [order_id] => 253
                    [product_id] => 73
                    [name] => MUŠKA PIDŽAMA GORNJI DIO
                    [model] => M5006
                    [quantity] => 1
                    [price] => 176.0000
                    [total] => 176.0000
                    [tax] => 0.0000
                    [reward] => 0
                    [option] => Array
                        (
                            [order_option_id] => 587
                            [order_id] => 253
                            [order_product_id] => 657
                            [product_option_id] => 236
                            [product_option_value_id] => 61
                            [name] => Veličina
                            [value] => XXXL
                            [type] => radio
                            [sku] => 
                            [option_data] => Array
                                (
                                    [product_option_value_id] => 61
                                    [product_option_id] => 236
                                    [product_id] => 73
                                    [option_id] => 13
                                    [option_value_id] => 54
                                    [quantity] => 9
                                    [subtract] => 1
                                    [price] => 28.0000
                                    [price_prefix] => +
                                    [points] => 0
                                    [points_prefix] => +
                                    [weight] => 0.00000000
                                    [weight_prefix] => +
                                    [sku] => M5006.XXXL
                                )

                        )

                )

            [1] => Array
                (
                    [order_product_id] => 658
                    [order_id] => 253
                    [product_id] => 74
                    [name] => MUŠKA PIDŽAMA GORNJI DIO
                    [model] => M5004
                    [quantity] => 1
                    [price] => 167.0000
                    [total] => 167.0000
                    [tax] => 0.0000
                    [reward] => 0
                    [option] => Array
                        (
                            [order_option_id] => 588
                            [order_id] => 253
                            [order_product_id] => 658
                            [product_option_id] => 237
                            [product_option_value_id] => 67
                            [name] => Veličina
                            [value] => XXXL
                            [type] => radio
                            [sku] => 
                            [option_data] => Array
                                (
                                    [product_option_value_id] => 67
                                    [product_option_id] => 237
                                    [product_id] => 74
                                    [option_id] => 13
                                    [option_value_id] => 54
                                    [quantity] => 8
                                    [subtract] => 1
                                    [price] => 27.0000
                                    [price_prefix] => +
                                    [points] => 0
                                    [points_prefix] => +
                                    [weight] => 0.00000000
                                    [weight_prefix] => +
                                    [sku] => M5004.XXXL
                                )

                        )

                )

            [2] => Array
                (
                    [order_product_id] => 659
                    [order_id] => 253
                    [product_id] => 125
                    [name] => MUŠKA POTKOŠULJA UŽA RAMENICA BIJELA
                    [model] => M7057
                    [quantity] => 1
                    [price] => 92.0000
                    [total] => 92.0000
                    [tax] => 0.0000
                    [reward] => 0
                    [option] => Array
                        (
                            [order_option_id] => 589
                            [order_id] => 253
                            [order_product_id] => 659
                            [product_option_id] => 288
                            [product_option_value_id] => 324
                            [name] => Veličina
                            [value] => L
                            [type] => radio
                            [sku] => 
                            [option_data] => Array
                                (
                                    [product_option_value_id] => 324
                                    [product_option_id] => 288
                                    [product_id] => 125
                                    [option_id] => 13
                                    [option_value_id] => 50
                                    [quantity] => 70
                                    [subtract] => 1
                                    [price] => 0.0000
                                    [price_prefix] => 
                                    [points] => 0
                                    [points_prefix] => +
                                    [weight] => 0.00000000
                                    [weight_prefix] => +
                                    [sku] => M7057.L
                                )

                        )

                )

            [3] => Array
                (
                    [order_product_id] => 660
                    [order_id] => 253
                    [product_id] => 139
                    [name] => MUŠKA MAJICA OKRUGLI IZREZ CRNA
                    [model] => M7069
                    [quantity] => 1
                    [price] => 124.0000
                    [total] => 124.0000
                    [tax] => 0.0000
                    [reward] => 0
                    [option] => Array
                        (
                            [order_option_id] => 590
                            [order_id] => 253
                            [order_product_id] => 660
                            [product_option_id] => 302
                            [product_option_value_id] => 410
                            [name] => Veličina
                            [value] => XXXL
                            [type] => radio
                            [sku] => 
                            [option_data] => Array
                                (
                                    [product_option_value_id] => 410
                                    [product_option_id] => 302
                                    [product_id] => 139
                                    [option_id] => 13
                                    [option_value_id] => 54
                                    [quantity] => 7
                                    [subtract] => 1
                                    [price] => 20.0000
                                    [price_prefix] => +
                                    [points] => 0
                                    [points_prefix] => +
                                    [weight] => 0.00000000
                                    [weight_prefix] => +
                                    [sku] => M7069.XXXL
                                )

                        )

                )

            [4] => Array
                (
                    [order_product_id] => 661
                    [order_id] => 253
                    [product_id] => 142
                    [name] => MUŠKE BOKSERICE HIPSTER TAMNO PLAVE
                    [model] => M7076
                    [quantity] => 1
                    [price] => 80.5000
                    [total] => 80.5000
                    [tax] => 0.0000
                    [reward] => 0
                    [option] => Array
                        (
                            [order_option_id] => 591
                            [order_id] => 253
                            [order_product_id] => 661
                            [product_option_id] => 305
                            [product_option_value_id] => 419
                            [name] => Veličina
                            [value] => L
                            [type] => radio
                            [sku] => 
                            [option_data] => Array
                                (
                                    [product_option_value_id] => 419
                                    [product_option_id] => 305
                                    [product_id] => 142
                                    [option_id] => 13
                                    [option_value_id] => 50
                                    [quantity] => 20
                                    [subtract] => 1
                                    [price] => 0.0000
                                    [price_prefix] => +
                                    [points] => 0
                                    [points_prefix] => +
                                    [weight] => 0.00000000
                                    [weight_prefix] => +
                                    [sku] => M7076.L
                                )

                        )

                )

            [5] => Array
                (
                    [order_product_id] => 662
                    [order_id] => 253
                    [product_id] => 148
                    [name] => MUŠKA POTKOŠULJA UŽA RAMENICA TAMNO PLAVA
                    [model] => M7078
                    [quantity] => 1
                    [price] => 92.0000
                    [total] => 92.0000
                    [tax] => 0.0000
                    [reward] => 0
                    [option] => Array
                        (
                            [order_option_id] => 592
                            [order_id] => 253
                            [order_product_id] => 662
                            [product_option_id] => 311
                            [product_option_value_id] => 448
                            [name] => Veličina
                            [value] => L
                            [type] => radio
                            [sku] => 
                            [option_data] => Array
                                (
                                    [product_option_value_id] => 448
                                    [product_option_id] => 311
                                    [product_id] => 148
                                    [option_id] => 13
                                    [option_value_id] => 50
                                    [quantity] => 21
                                    [subtract] => 1
                                    [price] => 0.0000
                                    [price_prefix] => 
                                    [points] => 0
                                    [points_prefix] => +
                                    [weight] => 0.00000000
                                    [weight_prefix] => +
                                    [sku] => M7078.L
                                )

                        )

                )

            [6] => Array
                (
                    [order_product_id] => 663
                    [order_id] => 253
                    [product_id] => 169
                    [name] => SQUARES MASKA ZA LICE
                    [model] => P8012
                    [quantity] => 1
                    [price] => 51.0000
                    [total] => 51.0000
                    [tax] => 0.0000
                    [reward] => 0
                    [option] => 
                )

        )

    [totals] => Array
        (
            [0] => Array
                (
                    [order_total_id] => 830
                    [order_id] => 253
                    [code] => sub_total
                    [title] => Među suma
                    [value] => 782.5000
                    [sort_order] => 1
                )

            [1] => Array
                (
                    [order_total_id] => 831
                    [order_id] => 253
                    [code] => tieredgiftstotal
                    [title] => Besplatni poklon - SQUARES MASKA ZA LICE
                    [value] => -51.0000
                    [sort_order] => 2
                )

            [2] => Array
                (
                    [order_total_id] => 832
                    [order_id] => 253
                    [code] => shipping
                    [title] => Besplatna dostava Intereuropa Hrvatska
                    [value] => 0.0000
                    [sort_order] => 3
                )

            [3] => Array
                (
                    [order_total_id] => 833
                    [order_id] => 253
                    [code] => total
                    [title] => Ukupno
                    [value] => 731.5000
                    [sort_order] => 9
                )

        )

    [status] => Array
        (
            [order_status_id] => 5
            [language_id] => 1
            [name] => Complete
        )

)

2021-02-12 10:06:45 - Array
(
    [narudzba] => Array
        (
            [CMS_ID] => KHR253
            [DATUM_VRIJEME] => 11.02.2021 21:17:15
            [NARUCITELJ_CMS_ID] => 1
            [NARUCITELJ_EMAIL] => Jviskota@yahoo.com
            [NARUCITELJ_IME] => Jelena
            [NARUCITELJ_PREZIME] => Culic-viskota
            [NARUCITELJ_ADRESA] => Put znjana 44c
            [NARUCITELJ_MJESTO] => Split
            [NARUCITELJ_POSTA] => 21000
            [NARUCITELJ_TELEFON] => 098266322
            [NARUCITELJ_NAZIV] => 
            [NARUCITELJ_OIB] => 
            [NARUCITELJ_VAT] => 
            [NARUCITELJ_ZEMLJA] => HRV
            [DOSTAVA_IME_PREZIME] => Jelena Culic-viskota
            [DOSTAVA_ADRESA] => Put znjana 44c
            [DOSTAVA_MJESTO] => Split
            [DOSTAVA_POSTA] => 21000
            [NAPOMENA] => 
            [VALUTA] => 191
            [IZNOS_UKUPNO] => 731.50
            [TECAJ] => 1
        )

    [stavke] => Array
        (
            [0] => Array
                (
                    [IDROBA] => US00000203
                    [KOLICINA] => 1
                    [CIJENA] => 0
                    [RABAT] => 0
                    [IZNOS] => 0
                )

            [1] => Array
                (
                    [IDROBA] => M5006.XXXL
                    [KOLICINA] => 1
                    [CIJENA] => 176.00
                    [RABAT] => 0
                    [IZNOS] => 176.00
                )

            [2] => Array
                (
                    [IDROBA] => M5004.XXXL
                    [KOLICINA] => 1
                    [CIJENA] => 167.00
                    [RABAT] => 0
                    [IZNOS] => 167.00
                )

            [3] => Array
                (
                    [IDROBA] => M7057.L
                    [KOLICINA] => 1
                    [CIJENA] => 92.00
                    [RABAT] => 0
                    [IZNOS] => 92.00
                )

            [4] => Array
                (
                    [IDROBA] => M7069.XXXL
                    [KOLICINA] => 1
                    [CIJENA] => 124.00
                    [RABAT] => 0
                    [IZNOS] => 124.00
                )

            [5] => Array
                (
                    [IDROBA] => M7076.L
                    [KOLICINA] => 1
                    [CIJENA] => 80.50
                    [RABAT] => 0
                    [IZNOS] => 80.50
                )

            [6] => Array
                (
                    [IDROBA] => M7078.L
                    [KOLICINA] => 1
                    [CIJENA] => 92.00
                    [RABAT] => 0
                    [IZNOS] => 92.00
                )

            [7] => Array
                (
                    [IDROBA] => P8012
                    [KOLICINA] => 1
                    [CIJENA] => 51.00
                    [RABAT] => 0
                    [IZNOS] => 51.00
                )

        )

)

2021-02-12 10:06:52 - Illuminate\Support\Collection Object
(
    [items:protected] => Array
        (
            [creating] => start
            [ZAPIS] => Array
                (
                    [IDDOK] => NAK
                    [BROJDOK] => 100
                    [STAVAKA] => 8
                    [STAVKA] => 8
                    [KOLICINA_SIFRA] => 0
                    [DATUM] => 2021-02-12 00:00:00
                    [TEXT_GRESKE] => 
                    [KNJIZENO_KARTICA] => 
                    [KNJIZENO_GLKNJIGA] => 
                    [ZAKJUCANI_DN] => NE
                )

        )

)

