2021-02-15 8:22:55 - Array
(
    [order_id] => 257
    [invoice_no] => 0
    [invoice_prefix] => INV-2020-00
    [store_id] => 0
    [store_name] => KOZO UNDERWEAR
    [store_url] => https://www.kozo-underwear.hr/
    [customer_id] => 172
    [customer_group_id] => 1
    [firstname] => Martina
    [lastname] => Sedlar
    [email] => martina.sedlar.mag.art@gmail.com
    [telephone] => 0914411277
    [fax] => 
    [custom_field] => 
    [payment_firstname] => Martina 
    [payment_lastname] => Sedlar
    [payment_company] => 
    [payment_address_1] => Dudovec 53
    [payment_address_2] => 
    [payment_city] => Zagreb
    [payment_postcode] => 10090
    [payment_country] => Croatia
    [payment_country_id] => 53
    [payment_zone] => 
    [payment_zone_id] => 0
    [payment_address_format] => 
    [payment_custom_field] => 
    [payment_method] => Plaćanje pouzećem
    [payment_code] => cod
    [shipping_firstname] => Martina 
    [shipping_lastname] => Sedlar
    [shipping_company] => 
    [shipping_address_1] => Dudovec 53
    [shipping_address_2] => 
    [shipping_city] => Zagreb
    [shipping_postcode] => 10090
    [shipping_country] => Croatia
    [shipping_country_id] => 53
    [shipping_zone] => 
    [shipping_zone_id] => 0
    [shipping_address_format] => 
    [shipping_custom_field] => 
    [shipping_method] => Besplatna dostava Intereuropa Hrvatska
    [shipping_code] => ultimate_shipping.ultimate_shipping_0
    [comment] => 
    [total] => 368.0000
    [order_status_id] => 5
    [affiliate_id] => 0
    [commission] => 0.0000
    [marketing_id] => 0
    [tracking] => 
    [language_id] => 2
    [currency_id] => 4
    [currency_code] => HRK
    [currency_value] => 1.00000000
    [ip] => 31.217.37.172
    [forwarded_ip] => 
    [user_agent] => Mozilla/5.0 (iPhone; CPU iPhone OS 14_3 like Mac OS X) AppleWebKit/605.1.15 (KHTML, like Gecko) GSA/137.2.345735309 Mobile/15E148 Safari/604.1
    [accept_language] => hr-hr
    [paid_order] => 0
    [intereuropa] => 1
    [date_added] => 2021-02-14 09:44:33
    [date_modified] => 2021-02-14 09:44:37
    [products] => Array
        (
            [0] => Array
                (
                    [order_product_id] => 667
                    [order_id] => 257
                    [product_id] => 128
                    [name] => MUŠKA MAJICA OKRUGLI IZREZ BIJELA
                    [model] => M7059
                    [quantity] => 1
                    [price] => 104.0000
                    [total] => 104.0000
                    [tax] => 0.0000
                    [reward] => 0
                    [option] => Array
                        (
                            [order_option_id] => 596
                            [order_id] => 257
                            [order_product_id] => 667
                            [product_option_id] => 291
                            [product_option_value_id] => 344
                            [name] => Veličina
                            [value] => S
                            [type] => radio
                            [sku] => 
                            [option_data] => Array
                                (
                                    [product_option_value_id] => 344
                                    [product_option_id] => 291
                                    [product_id] => 128
                                    [option_id] => 13
                                    [option_value_id] => 52
                                    [quantity] => 10
                                    [subtract] => 1
                                    [price] => 0.0000
                                    [price_prefix] => 
                                    [points] => 0
                                    [points_prefix] => +
                                    [weight] => 0.00000000
                                    [weight_prefix] => +
                                    [sku] => M7059.S
                                )

                        )

                )

            [1] => Array
                (
                    [order_product_id] => 668
                    [order_id] => 257
                    [product_id] => 179
                    [name] => MUŠKA PIDŽAMA
                    [model] => M5011
                    [quantity] => 1
                    [price] => 264.0000
                    [total] => 264.0000
                    [tax] => 0.0000
                    [reward] => 0
                    [option] => Array
                        (
                            [order_option_id] => 597
                            [order_id] => 257
                            [order_product_id] => 668
                            [product_option_id] => 343
                            [product_option_value_id] => 568
                            [name] => Veličina
                            [value] => S
                            [type] => radio
                            [sku] => 
                            [option_data] => Array
                                (
                                    [product_option_value_id] => 568
                                    [product_option_id] => 343
                                    [product_id] => 179
                                    [option_id] => 13
                                    [option_value_id] => 52
                                    [quantity] => 19
                                    [subtract] => 1
                                    [price] => 0.0000
                                    [price_prefix] => +
                                    [points] => 0
                                    [points_prefix] => +
                                    [weight] => 0.00000000
                                    [weight_prefix] => +
                                    [sku] => M5011.S
                                )

                        )

                )

        )

    [totals] => Array
        (
            [0] => Array
                (
                    [order_total_id] => 843
                    [order_id] => 257
                    [code] => sub_total
                    [title] => Među suma
                    [value] => 368.0000
                    [sort_order] => 1
                )

            [1] => Array
                (
                    [order_total_id] => 844
                    [order_id] => 257
                    [code] => shipping
                    [title] => Besplatna dostava Intereuropa Hrvatska
                    [value] => 0.0000
                    [sort_order] => 3
                )

            [2] => Array
                (
                    [order_total_id] => 845
                    [order_id] => 257
                    [code] => total
                    [title] => Ukupno
                    [value] => 368.0000
                    [sort_order] => 9
                )

        )

    [status] => Array
        (
            [order_status_id] => 5
            [language_id] => 1
            [name] => Complete
        )

)

2021-02-15 8:22:55 - Array
(
    [narudzba] => Array
        (
            [CMS_ID] => KHR257
            [DATUM_VRIJEME] => 14.02.2021 09:44:37
            [NARUCITELJ_CMS_ID] => 1
            [NARUCITELJ_EMAIL] => martina.sedlar.mag.art@gmail.com
            [NARUCITELJ_IME] => Martina 
            [NARUCITELJ_PREZIME] => Sedlar
            [NARUCITELJ_ADRESA] => Dudovec 53
            [NARUCITELJ_MJESTO] => Zagreb
            [NARUCITELJ_POSTA] => 10090
            [NARUCITELJ_TELEFON] => 0914411277
            [NARUCITELJ_NAZIV] => 
            [NARUCITELJ_OIB] => 
            [NARUCITELJ_VAT] => 
            [NARUCITELJ_ZEMLJA] => HRV
            [DOSTAVA_IME_PREZIME] => Martina  Sedlar
            [DOSTAVA_ADRESA] => Dudovec 53
            [DOSTAVA_MJESTO] => Zagreb
            [DOSTAVA_POSTA] => 10090
            [NAPOMENA] => 
            [VALUTA] => 191
            [IZNOS_UKUPNO] => 368.00
            [TECAJ] => 1
        )

    [stavke] => Array
        (
            [0] => Array
                (
                    [IDROBA] => US00000203
                    [KOLICINA] => 1
                    [CIJENA] => 0
                    [RABAT] => 0
                    [IZNOS] => 0
                )

            [1] => Array
                (
                    [IDROBA] => M7059.S
                    [KOLICINA] => 1
                    [CIJENA] => 104.00
                    [RABAT] => 0
                    [IZNOS] => 104.00
                )

            [2] => Array
                (
                    [IDROBA] => M5011.S
                    [KOLICINA] => 1
                    [CIJENA] => 264.00
                    [RABAT] => 0
                    [IZNOS] => 264.00
                )

        )

)

2021-02-15 8:22:56 - Illuminate\Support\Collection Object
(
    [items:protected] => Array
        (
            [creating] => start
            [ZAPIS] => Array
                (
                    [IDDOK] => NAK
                    [BROJDOK] => 106
                    [STAVAKA] => 3
                    [STAVKA] => 3
                    [KOLICINA_SIFRA] => 0
                    [DATUM] => 2021-02-15 00:00:00
                    [TEXT_GRESKE] => 
                    [KNJIZENO_KARTICA] => 
                    [KNJIZENO_GLKNJIGA] => 
                    [ZAKJUCANI_DN] => NE
                )

        )

)

