2021-02-15 8:22:38 - Array
(
    [order_id] => 254
    [invoice_no] => 0
    [invoice_prefix] => INV-2020-00
    [store_id] => 0
    [store_name] => KOZO UNDERWEAR
    [store_url] => https://www.kozo-underwear.hr/
    [customer_id] => 186
    [customer_group_id] => 1
    [firstname] => Tanja
    [lastname] => Morovic
    [email] => tanja28rogic@gmail.com
    [telephone] => 0915847511
    [fax] => 
    [custom_field] => 
    [payment_firstname] => Tanja
    [payment_lastname] => Morovic
    [payment_company] => 
    [payment_address_1] => Put Venere Anzotike 1
    [payment_address_2] => 
    [payment_city] => Nin
    [payment_postcode] => 23232
    [payment_country] => Croatia
    [payment_country_id] => 53
    [payment_zone] => HR
    [payment_zone_id] => 848
    [payment_address_format] => 
    [payment_custom_field] => 
    [payment_method] => Plaćanje pouzećem
    [payment_code] => cod
    [shipping_firstname] => Tanja
    [shipping_lastname] => Morovic
    [shipping_company] => 
    [shipping_address_1] => Put Venere Anzotike 1
    [shipping_address_2] => 
    [shipping_city] => Nin
    [shipping_postcode] => 23232
    [shipping_country] => Croatia
    [shipping_country_id] => 53
    [shipping_zone] => HR
    [shipping_zone_id] => 848
    [shipping_address_format] => 
    [shipping_custom_field] => 
    [shipping_method] => Dostava Intereuropa Hrvatska - Besplatna dostava za narudžbe iznad 350kn
    [shipping_code] => ultimate_shipping.ultimate_shipping_0
    [comment] => 
    [total] => 196.0000
    [order_status_id] => 5
    [affiliate_id] => 0
    [commission] => 0.0000
    [marketing_id] => 0
    [tracking] => 
    [language_id] => 2
    [currency_id] => 4
    [currency_code] => HRK
    [currency_value] => 1.00000000
    [ip] => 93.143.25.57
    [forwarded_ip] => 
    [user_agent] => Mozilla/5.0 (Linux; Android 10; SM-A405FN) AppleWebKit/537.36 (KHTML, like Gecko) Chrome/81.0.4044.138 Mobile Safari/537.36
    [accept_language] => hr-HR,hr;q=0.9,en-US;q=0.8,en;q=0.7,bs;q=0.6
    [paid_order] => 0
    [intereuropa] => 1
    [date_added] => 2021-02-12 16:59:34
    [date_modified] => 2021-02-12 16:59:43
    [products] => Array
        (
            [0] => Array
                (
                    [order_product_id] => 664
                    [order_id] => 254
                    [product_id] => 130
                    [name] => MUŠKE BOKSERICE TRUNKS CRNE
                    [model] => M7063
                    [quantity] => 2
                    [price] => 80.5000
                    [total] => 161.0000
                    [tax] => 0.0000
                    [reward] => 0
                    [option] => Array
                        (
                            [order_option_id] => 593
                            [order_id] => 254
                            [order_product_id] => 664
                            [product_option_id] => 293
                            [product_option_value_id] => 354
                            [name] => Veličina
                            [value] => L
                            [type] => radio
                            [sku] => 
                            [option_data] => Array
                                (
                                    [product_option_value_id] => 354
                                    [product_option_id] => 293
                                    [product_id] => 130
                                    [option_id] => 13
                                    [option_value_id] => 50
                                    [quantity] => 34
                                    [subtract] => 1
                                    [price] => 0.0000
                                    [price_prefix] => +
                                    [points] => 0
                                    [points_prefix] => +
                                    [weight] => 0.00000000
                                    [weight_prefix] => +
                                    [sku] => M7063.L
                                )

                        )

                )

        )

    [totals] => Array
        (
            [0] => Array
                (
                    [order_total_id] => 834
                    [order_id] => 254
                    [code] => sub_total
                    [title] => Među suma
                    [value] => 161.0000
                    [sort_order] => 1
                )

            [1] => Array
                (
                    [order_total_id] => 835
                    [order_id] => 254
                    [code] => shipping
                    [title] => Dostava Intereuropa Hrvatska - Besplatna dostava za narudžbe iznad 350kn
                    [value] => 35.0000
                    [sort_order] => 3
                )

            [2] => Array
                (
                    [order_total_id] => 836
                    [order_id] => 254
                    [code] => total
                    [title] => Ukupno
                    [value] => 196.0000
                    [sort_order] => 9
                )

        )

    [status] => Array
        (
            [order_status_id] => 5
            [language_id] => 1
            [name] => Complete
        )

)

2021-02-15 8:22:38 - Array
(
    [narudzba] => Array
        (
            [CMS_ID] => KHR254
            [DATUM_VRIJEME] => 12.02.2021 16:59:43
            [NARUCITELJ_CMS_ID] => 1
            [NARUCITELJ_EMAIL] => tanja28rogic@gmail.com
            [NARUCITELJ_IME] => Tanja
            [NARUCITELJ_PREZIME] => Morovic
            [NARUCITELJ_ADRESA] => Put Venere Anzotike 1
            [NARUCITELJ_MJESTO] => Nin
            [NARUCITELJ_POSTA] => 23232
            [NARUCITELJ_TELEFON] => 0915847511
            [NARUCITELJ_NAZIV] => 
            [NARUCITELJ_OIB] => 
            [NARUCITELJ_VAT] => 
            [NARUCITELJ_ZEMLJA] => HRV
            [DOSTAVA_IME_PREZIME] => Tanja Morovic
            [DOSTAVA_ADRESA] => Put Venere Anzotike 1
            [DOSTAVA_MJESTO] => Nin
            [DOSTAVA_POSTA] => 23232
            [NAPOMENA] => 
            [VALUTA] => 191
            [IZNOS_UKUPNO] => 196.00
            [TECAJ] => 1
        )

    [stavke] => Array
        (
            [0] => Array
                (
                    [IDROBA] => US00000203
                    [KOLICINA] => 1
                    [CIJENA] => 35
                    [RABAT] => 0
                    [IZNOS] => 35
                )

            [1] => Array
                (
                    [IDROBA] => M7063.L
                    [KOLICINA] => 2
                    [CIJENA] => 80.50
                    [RABAT] => 0
                    [IZNOS] => 161.00
                )

        )

)

2021-02-15 8:22:39 - Illuminate\Support\Collection Object
(
    [items:protected] => Array
        (
            [creating] => start
            [ZAPIS] => Array
                (
                    [IDDOK] => NAK
                    [BROJDOK] => 104
                    [STAVAKA] => 2
                    [STAVKA] => 2
                    [KOLICINA_SIFRA] => 0
                    [DATUM] => 2021-02-15 00:00:00
                    [TEXT_GRESKE] => 
                    [KNJIZENO_KARTICA] => 
                    [KNJIZENO_GLKNJIGA] => 
                    [ZAKJUCANI_DN] => NE
                )

        )

)

