2021-02-16 10:29:34 - Array
(
    [order_id] => 252
    [invoice_no] => 0
    [invoice_prefix] => INV-2020-00
    [store_id] => 0
    [store_name] => KOZO UNDERWEAR
    [store_url] => https://www.kozo-underwear.hr/
    [customer_id] => 72
    [customer_group_id] => 1
    [firstname] => Zdravko
    [lastname] => Kolarić
    [email] => zdravkokolaric71@gmail.com
    [telephone] => 0992113879
    [fax] => 
    [custom_field] => 
    [payment_firstname] => Zdravko
    [payment_lastname] => Kolarić
    [payment_company] => 
    [payment_address_1] => Novo Selo Rok, rade Končara 84
    [payment_address_2] => 
    [payment_city] => Čakovec
    [payment_postcode] => 40000
    [payment_country] => Croatia
    [payment_country_id] => 53
    [payment_zone] => 
    [payment_zone_id] => 0
    [payment_address_format] => 
    [payment_custom_field] => 
    [payment_method] => Kreditne kartice / Debitne Kartice (CorvusPay)
    [payment_code] => corvuspay
    [shipping_firstname] => Zdravko
    [shipping_lastname] => Kolarić
    [shipping_company] => 
    [shipping_address_1] => Novo Selo Rok, rade Končara 84
    [shipping_address_2] => 
    [shipping_city] => Čakovec
    [shipping_postcode] => 40000
    [shipping_country] => Croatia
    [shipping_country_id] => 53
    [shipping_zone] => 
    [shipping_zone_id] => 0
    [shipping_address_format] => 
    [shipping_custom_field] => 
    [shipping_method] => Preuzmi kod nas - Trg republike 3, 40328 Donja Dubrava, Međimurska županija
    [shipping_code] => pickup.pickup
    [comment] => 
    [total] => 216.0000
    [order_status_id] => 5
    [affiliate_id] => 0
    [commission] => 0.0000
    [marketing_id] => 0
    [tracking] => 
    [language_id] => 2
    [currency_id] => 4
    [currency_code] => HRK
    [currency_value] => 1.00000000
    [ip] => 185.89.212.228
    [forwarded_ip] => 
    [user_agent] => Mozilla/5.0 (Windows NT 6.1) AppleWebKit/537.36 (KHTML, like Gecko) Chrome/77.0.3865.75 Safari/537.36
    [accept_language] => hr-HR,hr;q=0.9,en-US;q=0.8,en;q=0.7
    [paid_order] => 0
    [intereuropa] => 
    [date_added] => 2021-02-11 11:45:07
    [date_modified] => 2021-02-11 11:52:31
    [products] => Array
        (
            [0] => Array
                (
                    [order_product_id] => 655
                    [order_id] => 252
                    [product_id] => 66
                    [name] => MUŠKA MAJICA V IZREZ BIJELA
                    [model] => M7010
                    [quantity] => 1
                    [price] => 112.0000
                    [total] => 112.0000
                    [tax] => 0.0000
                    [reward] => 0
                    [option] => Array
                        (
                            [order_option_id] => 585
                            [order_id] => 252
                            [order_product_id] => 655
                            [product_option_id] => 228
                            [product_option_value_id] => 528
                            [name] => Veličina
                            [value] => L
                            [type] => radio
                            [sku] => 
                            [option_data] => Array
                                (
                                    [product_option_value_id] => 528
                                    [product_option_id] => 228
                                    [product_id] => 66
                                    [option_id] => 13
                                    [option_value_id] => 50
                                    [quantity] => 11
                                    [subtract] => 1
                                    [price] => 0.0000
                                    [price_prefix] => 
                                    [points] => 0
                                    [points_prefix] => +
                                    [weight] => 0.00000000
                                    [weight_prefix] => +
                                    [sku] => M7010.L
                                )

                        )

                )

            [1] => Array
                (
                    [order_product_id] => 656
                    [order_id] => 252
                    [product_id] => 127
                    [name] => MUŠKA MAJICA V IZREZ BIJELA
                    [model] => M7060
                    [quantity] => 1
                    [price] => 104.0000
                    [total] => 104.0000
                    [tax] => 0.0000
                    [reward] => 0
                    [option] => Array
                        (
                            [order_option_id] => 586
                            [order_id] => 252
                            [order_product_id] => 656
                            [product_option_id] => 290
                            [product_option_value_id] => 336
                            [name] => Veličina
                            [value] => L
                            [type] => radio
                            [sku] => 
                            [option_data] => Array
                                (
                                    [product_option_value_id] => 336
                                    [product_option_id] => 290
                                    [product_id] => 127
                                    [option_id] => 13
                                    [option_value_id] => 50
                                    [quantity] => 10
                                    [subtract] => 1
                                    [price] => 0.0000
                                    [price_prefix] => 
                                    [points] => 0
                                    [points_prefix] => +
                                    [weight] => 0.00000000
                                    [weight_prefix] => +
                                    [sku] => M7060.L
                                )

                        )

                )

        )

    [totals] => Array
        (
            [0] => Array
                (
                    [order_total_id] => 827
                    [order_id] => 252
                    [code] => sub_total
                    [title] => Među suma
                    [value] => 216.0000
                    [sort_order] => 1
                )

            [1] => Array
                (
                    [order_total_id] => 828
                    [order_id] => 252
                    [code] => shipping
                    [title] => Preuzmi kod nas - Trg republike 3, 40328 Donja Dubrava, Međimurska županija
                    [value] => 0.0000
                    [sort_order] => 3
                )

            [2] => Array
                (
                    [order_total_id] => 829
                    [order_id] => 252
                    [code] => total
                    [title] => Ukupno
                    [value] => 216.0000
                    [sort_order] => 9
                )

        )

    [status] => Array
        (
            [order_status_id] => 5
            [language_id] => 1
            [name] => Complete
        )

)

2021-02-16 10:29:34 - Array
(
    [narudzba] => Array
        (
            [CMS_ID] => KHR252
            [DATUM_VRIJEME] => 11.02.2021 11:52:31
            [NARUCITELJ_CMS_ID] => 1
            [NARUCITELJ_EMAIL] => zdravkokolaric71@gmail.com
            [NARUCITELJ_IME] => Zdravko
            [NARUCITELJ_PREZIME] => Kolarić
            [NARUCITELJ_ADRESA] => Novo Selo Rok, rade Končara 84
            [NARUCITELJ_MJESTO] => Čakovec
            [NARUCITELJ_POSTA] => 40000
            [NARUCITELJ_TELEFON] => 0992113879
            [NARUCITELJ_NAZIV] => 
            [NARUCITELJ_OIB] => 
            [NARUCITELJ_VAT] => 
            [NARUCITELJ_ZEMLJA] => HRV
            [DOSTAVA_IME_PREZIME] => Zdravko Kolarić
            [DOSTAVA_ADRESA] => Novo Selo Rok, rade Končara 84
            [DOSTAVA_MJESTO] => Čakovec
            [DOSTAVA_POSTA] => 40000
            [NAPOMENA] => 
            [VALUTA] => 191
            [IZNOS_UKUPNO] => 216.00
            [TECAJ] => 1
        )

    [stavke] => Array
        (
            [0] => Array
                (
                    [IDROBA] => US00000203
                    [KOLICINA] => 1
                    [CIJENA] => 0
                    [RABAT] => 0
                    [IZNOS] => 0
                )

            [1] => Array
                (
                    [IDROBA] => M7010.L
                    [KOLICINA] => 1
                    [CIJENA] => 112.00
                    [RABAT] => 0
                    [IZNOS] => 112.00
                )

            [2] => Array
                (
                    [IDROBA] => M7060.L
                    [KOLICINA] => 1
                    [CIJENA] => 104.00
                    [RABAT] => 0
                    [IZNOS] => 104.00
                )

        )

)

2021-02-16 10:29:44 - Illuminate\Support\Collection Object
(
    [items:protected] => Array
        (
            [creating] => start
            [ZAPIS] => Array
                (
                    [IDDOK] => NAK
                    [BROJDOK] => 108
                    [STAVAKA] => 3
                    [STAVKA] => 3
                    [KOLICINA_SIFRA] => 0
                    [DATUM] => 2021-02-16 00:00:00
                    [TEXT_GRESKE] => 
                    [KNJIZENO_KARTICA] => 
                    [KNJIZENO_GLKNJIGA] => 
                    [ZAKJUCANI_DN] => NE
                )

        )

)

