2021-02-10 13:41:41 - Array
(
    [order_id] => 246
    [invoice_no] => 0
    [invoice_prefix] => INV-2020-00
    [store_id] => 0
    [store_name] => KOZO UNDERWEAR
    [store_url] => https://www.kozo-underwear.hr/
    [customer_id] => 184
    [customer_group_id] => 1
    [firstname] => Mato
    [lastname] => Njavro
    [email] => njavro@gmail.com
    [telephone] => 0992158225
    [fax] => 
    [custom_field] => 
    [payment_firstname] => Mato
    [payment_lastname] => Njavro
    [payment_company] => 
    [payment_address_1] => Ulica Matije Jandrića 12
    [payment_address_2] => 
    [payment_city] => Zagreb
    [payment_postcode] => 10000
    [payment_country] => Croatia
    [payment_country_id] => 53
    [payment_zone] => HR
    [payment_zone_id] => 848
    [payment_address_format] => 
    [payment_custom_field] => 
    [payment_method] => Kreditne kartice / Debitne Kartice (CorvusPay)
    [payment_code] => corvuspay
    [shipping_firstname] => Mato
    [shipping_lastname] => Njavro
    [shipping_company] => 
    [shipping_address_1] => Ulica Matije Jandrića 12
    [shipping_address_2] => 
    [shipping_city] => Zagreb
    [shipping_postcode] => 10000
    [shipping_country] => Croatia
    [shipping_country_id] => 53
    [shipping_zone] => HR
    [shipping_zone_id] => 848
    [shipping_address_format] => 
    [shipping_custom_field] => 
    [shipping_method] => Besplatna dostava Intereuropa Hrvatska
    [shipping_code] => ultimate_shipping.ultimate_shipping_0
    [comment] => 
    [total] => 700.0000
    [order_status_id] => 5
    [affiliate_id] => 0
    [commission] => 0.0000
    [marketing_id] => 0
    [tracking] => 
    [language_id] => 2
    [currency_id] => 4
    [currency_code] => HRK
    [currency_value] => 1.00000000
    [ip] => 46.188.146.200
    [forwarded_ip] => 
    [user_agent] => Mozilla/5.0 (Windows NT 10.0; Win64; x64) AppleWebKit/537.36 (KHTML, like Gecko) Chrome/88.0.4324.150 Safari/537.36
    [accept_language] => hr-HR,hr;q=0.9,en-US;q=0.8,en;q=0.7
    [paid_order] => 0
    [intereuropa] => 1
    [date_added] => 2021-02-10 08:04:07
    [date_modified] => 2021-02-10 08:05:10
    [products] => Array
        (
            [0] => Array
                (
                    [order_product_id] => 641
                    [order_id] => 246
                    [product_id] => 77
                    [name] => MUŠKE BOKSERICE BIJELE
                    [model] => M7005
                    [quantity] => 4
                    [price] => 87.5000
                    [total] => 350.0000
                    [tax] => 0.0000
                    [reward] => 0
                    [option] => Array
                        (
                            [order_option_id] => 571
                            [order_id] => 246
                            [order_product_id] => 641
                            [product_option_id] => 240
                            [product_option_value_id] => 80
                            [name] => Veličina
                            [value] => L
                            [type] => radio
                            [sku] => 
                            [option_data] => Array
                                (
                                    [product_option_value_id] => 80
                                    [product_option_id] => 240
                                    [product_id] => 77
                                    [option_id] => 13
                                    [option_value_id] => 50
                                    [quantity] => 166
                                    [subtract] => 1
                                    [price] => 0.0000
                                    [price_prefix] => +
                                    [points] => 0
                                    [points_prefix] => +
                                    [weight] => 0.00000000
                                    [weight_prefix] => +
                                    [sku] => M7005.L
                                )

                        )

                )

            [1] => Array
                (
                    [order_product_id] => 642
                    [order_id] => 246
                    [product_id] => 81
                    [name] => MUŠKE BOKSERICE CRNE
                    [model] => M7016
                    [quantity] => 4
                    [price] => 87.5000
                    [total] => 350.0000
                    [tax] => 0.0000
                    [reward] => 0
                    [option] => Array
                        (
                            [order_option_id] => 572
                            [order_id] => 246
                            [order_product_id] => 642
                            [product_option_id] => 244
                            [product_option_value_id] => 102
                            [name] => Veličina
                            [value] => L
                            [type] => radio
                            [sku] => 
                            [option_data] => Array
                                (
                                    [product_option_value_id] => 102
                                    [product_option_id] => 244
                                    [product_id] => 81
                                    [option_id] => 13
                                    [option_value_id] => 50
                                    [quantity] => 99
                                    [subtract] => 1
                                    [price] => 0.0000
                                    [price_prefix] => +
                                    [points] => 0
                                    [points_prefix] => +
                                    [weight] => 0.00000000
                                    [weight_prefix] => +
                                    [sku] => M7016.L
                                )

                        )

                )

        )

    [totals] => Array
        (
            [0] => Array
                (
                    [order_total_id] => 809
                    [order_id] => 246
                    [code] => sub_total
                    [title] => Među suma
                    [value] => 700.0000
                    [sort_order] => 1
                )

            [1] => Array
                (
                    [order_total_id] => 810
                    [order_id] => 246
                    [code] => shipping
                    [title] => Besplatna dostava Intereuropa Hrvatska
                    [value] => 0.0000
                    [sort_order] => 3
                )

            [2] => Array
                (
                    [order_total_id] => 811
                    [order_id] => 246
                    [code] => total
                    [title] => Ukupno
                    [value] => 700.0000
                    [sort_order] => 9
                )

        )

    [status] => Array
        (
            [order_status_id] => 5
            [language_id] => 1
            [name] => Complete
        )

)

2021-02-10 13:41:41 - Array
(
    [narudzba] => Array
        (
            [CMS_ID] => KHR246
            [DATUM_VRIJEME] => 10.02.2021 08:05:10
            [NARUCITELJ_CMS_ID] => 1
            [NARUCITELJ_EMAIL] => njavro@gmail.com
            [NARUCITELJ_IME] => Mato
            [NARUCITELJ_PREZIME] => Njavro
            [NARUCITELJ_ADRESA] => Ulica Matije Jandrića 12
            [NARUCITELJ_MJESTO] => Zagreb
            [NARUCITELJ_POSTA] => 10000
            [NARUCITELJ_TELEFON] => 0992158225
            [NARUCITELJ_NAZIV] => 
            [NARUCITELJ_OIB] => 
            [NARUCITELJ_VAT] => 
            [NARUCITELJ_ZEMLJA] => HRV
            [DOSTAVA_IME_PREZIME] => Mato Njavro
            [DOSTAVA_ADRESA] => Ulica Matije Jandrića 12
            [DOSTAVA_MJESTO] => Zagreb
            [DOSTAVA_POSTA] => 10000
            [NAPOMENA] => 
            [VALUTA] => 191
            [IZNOS_UKUPNO] => 700.00
            [TECAJ] => 1
        )

    [stavke] => Array
        (
            [0] => Array
                (
                    [IDROBA] => US00000203
                    [KOLICINA] => 1
                    [CIJENA] => 0
                    [RABAT] => 0
                    [IZNOS] => 0
                )

            [1] => Array
                (
                    [IDROBA] => M7005.L
                    [KOLICINA] => 4
                    [CIJENA] => 87.50
                    [RABAT] => 0
                    [IZNOS] => 350.00
                )

            [2] => Array
                (
                    [IDROBA] => M7016.L
                    [KOLICINA] => 4
                    [CIJENA] => 87.50
                    [RABAT] => 0
                    [IZNOS] => 350.00
                )

        )

)

2021-02-10 13:41:46 - Illuminate\Support\Collection Object
(
    [items:protected] => Array
        (
            [creating] => start
            [ZAPIS] => Array
                (
                    [IDDOK] => NAK
                    [BROJDOK] => 93
                    [STAVAKA] => 3
                    [STAVKA] => 3
                    [KOLICINA_SIFRA] => 0
                    [DATUM] => 2021-02-10 00:00:00
                    [TEXT_GRESKE] => 
                    [KNJIZENO_KARTICA] => 
                    [KNJIZENO_GLKNJIGA] => 
                    [ZAKJUCANI_DN] => NE
                )

        )

)

