2021-02-18 8:51:31 - Array
(
    [order_id] => 264
    [invoice_no] => 0
    [invoice_prefix] => INV-2020-00
    [store_id] => 0
    [store_name] => KOZO UNDERWEAR
    [store_url] => https://www.kozo-underwear.hr/
    [customer_id] => 161
    [customer_group_id] => 1
    [firstname] => IGOR
    [lastname] => BABIĆ
    [email] => edindzk@gmail.com
    [telephone] => 0913612468
    [fax] => 
    [custom_field] => 
    [payment_firstname] => IGOR
    [payment_lastname] => BABIĆ
    [payment_company] => 
    [payment_address_1] => BARUNA TRENKA 164
    [payment_address_2] => 
    [payment_city] => NOVA GRADIŠKA
    [payment_postcode] => 35400
    [payment_country] => Croatia
    [payment_country_id] => 53
    [payment_zone] => HR
    [payment_zone_id] => 848
    [payment_address_format] => 
    [payment_custom_field] => 
    [payment_method] => Kreditne kartice / Debitne Kartice (CorvusPay)
    [payment_code] => corvuspay
    [shipping_firstname] => IGOR
    [shipping_lastname] => BABIĆ
    [shipping_company] => 
    [shipping_address_1] => BARUNA TRENKA 164
    [shipping_address_2] => 
    [shipping_city] => NOVA GRADIŠKA
    [shipping_postcode] => 35400
    [shipping_country] => Croatia
    [shipping_country_id] => 53
    [shipping_zone] => HR
    [shipping_zone_id] => 848
    [shipping_address_format] => 
    [shipping_custom_field] => 
    [shipping_method] => Dostava Intereuropa Hrvatska - Besplatna dostava za narudžbe iznad 350kn
    [shipping_code] => ultimate_shipping.ultimate_shipping_0
    [comment] => 
    [total] => 122.5000
    [order_status_id] => 5
    [affiliate_id] => 0
    [commission] => 0.0000
    [marketing_id] => 0
    [tracking] => 
    [language_id] => 2
    [currency_id] => 4
    [currency_code] => HRK
    [currency_value] => 1.00000000
    [ip] => 141.136.184.209
    [forwarded_ip] => 
    [user_agent] => Mozilla/5.0 (Windows NT 10.0; Win64; x64) AppleWebKit/537.36 (KHTML, like Gecko) Chrome/88.0.4324.150 Safari/537.36
    [accept_language] => en-US,en;q=0.9,hr;q=0.8
    [paid_order] => 0
    [intereuropa] => 1
    [date_added] => 2021-02-17 17:02:18
    [date_modified] => 2021-02-17 17:03:34
    [products] => Array
        (
            [0] => Array
                (
                    [order_product_id] => 685
                    [order_id] => 264
                    [product_id] => 100
                    [name] => MUŠKE BOKSERICE HIPSTER CRVENE
                    [model] => M7032
                    [quantity] => 1
                    [price] => 87.5000
                    [total] => 87.5000
                    [tax] => 0.0000
                    [reward] => 0
                    [option] => Array
                        (
                            [order_option_id] => 611
                            [order_id] => 264
                            [order_product_id] => 685
                            [product_option_id] => 263
                            [product_option_value_id] => 206
                            [name] => Veličina
                            [value] => XL
                            [type] => radio
                            [sku] => 
                            [option_data] => Array
                                (
                                    [product_option_value_id] => 206
                                    [product_option_id] => 263
                                    [product_id] => 100
                                    [option_id] => 13
                                    [option_value_id] => 49
                                    [quantity] => 21
                                    [subtract] => 1
                                    [price] => 0.0000
                                    [price_prefix] => +
                                    [points] => 0
                                    [points_prefix] => +
                                    [weight] => 0.00000000
                                    [weight_prefix] => +
                                    [sku] => M7032.XL
                                )

                        )

                )

        )

    [totals] => Array
        (
            [0] => Array
                (
                    [order_total_id] => 865
                    [order_id] => 264
                    [code] => sub_total
                    [title] => Među suma
                    [value] => 87.5000
                    [sort_order] => 1
                )

            [1] => Array
                (
                    [order_total_id] => 866
                    [order_id] => 264
                    [code] => shipping
                    [title] => Dostava Intereuropa Hrvatska - Besplatna dostava za narudžbe iznad 350kn
                    [value] => 35.0000
                    [sort_order] => 3
                )

            [2] => Array
                (
                    [order_total_id] => 867
                    [order_id] => 264
                    [code] => total
                    [title] => Ukupno
                    [value] => 122.5000
                    [sort_order] => 9
                )

        )

    [status] => Array
        (
            [order_status_id] => 5
            [language_id] => 1
            [name] => Complete
        )

)

2021-02-18 8:51:31 - Array
(
    [narudzba] => Array
        (
            [CMS_ID] => KHR264
            [DATUM_VRIJEME] => 17.02.2021 17:03:34
            [NARUCITELJ_CMS_ID] => 1
            [NARUCITELJ_EMAIL] => edindzk@gmail.com
            [NARUCITELJ_IME] => IGOR
            [NARUCITELJ_PREZIME] => BABIĆ
            [NARUCITELJ_ADRESA] => BARUNA TRENKA 164
            [NARUCITELJ_MJESTO] => NOVA GRADIŠKA
            [NARUCITELJ_POSTA] => 35400
            [NARUCITELJ_TELEFON] => 0913612468
            [NARUCITELJ_NAZIV] => 
            [NARUCITELJ_OIB] => 
            [NARUCITELJ_VAT] => 
            [NARUCITELJ_ZEMLJA] => HRV
            [DOSTAVA_IME_PREZIME] => IGOR BABIĆ
            [DOSTAVA_ADRESA] => BARUNA TRENKA 164
            [DOSTAVA_MJESTO] => NOVA GRADIŠKA
            [DOSTAVA_POSTA] => 35400
            [NAPOMENA] => 
            [VALUTA] => 191
            [IZNOS_UKUPNO] => 122.50
            [TECAJ] => 1
        )

    [stavke] => Array
        (
            [0] => Array
                (
                    [IDROBA] => US00000203
                    [KOLICINA] => 1
                    [CIJENA] => 35
                    [RABAT] => 0
                    [IZNOS] => 35
                )

            [1] => Array
                (
                    [IDROBA] => M7032.XL
                    [KOLICINA] => 1
                    [CIJENA] => 87.50
                    [RABAT] => 0
                    [IZNOS] => 87.50
                )

        )

)

2021-02-18 8:51:32 - Illuminate\Support\Collection Object
(
    [items:protected] => Array
        (
            [creating] => start
            [ZAPIS] => Array
                (
                    [IDDOK] => NAK
                    [BROJDOK] => 114
                    [STAVAKA] => 2
                    [STAVKA] => 2
                    [KOLICINA_SIFRA] => 0
                    [DATUM] => 2021-02-18 00:00:00
                    [TEXT_GRESKE] => 
                    [KNJIZENO_KARTICA] => 
                    [KNJIZENO_GLKNJIGA] => 
                    [ZAKJUCANI_DN] => NE
                )

        )

)

