2021-02-18 8:51:18 - &idfirma=1
2021-02-18 8:51:18 - Array
(
    [narudzba] => Array
        (
            [CMS_ID] => KHR262
            [DATUM_VRIJEME] => 16.02.2021 17:49:09
            [NARUCITELJ_CMS_ID] => 1
            [NARUCITELJ_EMAIL] => valentinamihelic01@gmail.com
            [NARUCITELJ_IME] => Valentina
            [NARUCITELJ_PREZIME] => Mihelić
            [NARUCITELJ_ADRESA] => Ante Starčevića 2/1
            [NARUCITELJ_MJESTO] => Bregana
            [NARUCITELJ_POSTA] => 10432
            [NARUCITELJ_TELEFON] => 0991961493
            [NARUCITELJ_NAZIV] => 
            [NARUCITELJ_OIB] => 
            [NARUCITELJ_VAT] => 
            [NARUCITELJ_ZEMLJA] => HRV
            [DOSTAVA_IME_PREZIME] => Valentina Mihelić
            [DOSTAVA_ADRESA] => Ante Starčevića 2/1
            [DOSTAVA_MJESTO] => Bregana
            [DOSTAVA_POSTA] => 10432
            [NAPOMENA] => 
            [VALUTA] => 191
            [IZNOS_UKUPNO] => 370.20
            [TECAJ] => 1
        )

    [stavke] => Array
        (
            [0] => Array
                (
                    [IDROBA] => US00000203
                    [KOLICINA] => 1
                    [CIJENA] => 35
                    [RABAT] => 0
                    [IZNOS] => 35
                )

            [1] => Array
                (
                    [IDROBA] => M7012.L
                    [KOLICINA] => 1
                    [CIJENA] => 71.20
                    [RABAT] => 0
                    [IZNOS] => 71.20
                )

            [2] => Array
                (
                    [IDROBA] => M5010.M
                    [KOLICINA] => 1
                    [CIJENA] => 264.00
                    [RABAT] => 0
                    [IZNOS] => 264.00
                )

        )

)

2021-02-18 8:51:23 - Array
(
    [creating] => start
    [ZAPIS] => Array
        (
            [IDDOK] => NAK
            [BROJDOK] => 113
            [STAVAKA] => 3
            [STAVKA] => 3
            [KOLICINA_SIFRA] => 0
            [DATUM] => 2021-02-18 00:00:00
            [TEXT_GRESKE] => 
            [KNJIZENO_KARTICA] => 
            [KNJIZENO_GLKNJIGA] => 
            [ZAKJUCANI_DN] => NE
        )

)

