2021-02-23 10:44:51 - Array
(
    [order_id] => 270
    [invoice_no] => 0
    [invoice_prefix] => INV-2020-00
    [store_id] => 0
    [store_name] => KOZO UNDERWEAR
    [store_url] => https://www.kozo-underwear.hr/
    [customer_id] => 0
    [customer_group_id] => 1
    [firstname] => Branka
    [lastname] => Miletić
    [email] => dajana.friscic@yahoo.com
    [telephone] => 0955783344
    [fax] => 
    [custom_field] => []
    [payment_firstname] => Branka
    [payment_lastname] => Miletić
    [payment_company] => 
    [payment_address_1] => Ante Starčevića 3
    [payment_address_2] => 
    [payment_city] => Zaprešić
    [payment_postcode] => 10290
    [payment_country] => Croatia
    [payment_country_id] => 53
    [payment_zone] => HR
    [payment_zone_id] => 848
    [payment_address_format] => 
    [payment_custom_field] => []
    [payment_method] => Plaćanje pouzećem
    [payment_code] => cod
    [shipping_firstname] => Branka
    [shipping_lastname] => Miletić
    [shipping_company] => 
    [shipping_address_1] => Ante Starčevića 3
    [shipping_address_2] => 
    [shipping_city] => Zaprešić
    [shipping_postcode] => 10290
    [shipping_country] => Croatia
    [shipping_country_id] => 53
    [shipping_zone] => HR
    [shipping_zone_id] => 848
    [shipping_address_format] => 
    [shipping_custom_field] => []
    [shipping_method] => Besplatna dostava Intereuropa Hrvatska
    [shipping_code] => ultimate_shipping.ultimate_shipping_0
    [comment] => 
    [total] => 350.0000
    [order_status_id] => 1
    [affiliate_id] => 0
    [commission] => 0.0000
    [marketing_id] => 0
    [tracking] => 
    [language_id] => 2
    [currency_id] => 4
    [currency_code] => HRK
    [currency_value] => 1.00000000
    [ip] => 93.139.132.151
    [forwarded_ip] => 
    [user_agent] => Mozilla/5.0 (Windows NT 10.0; Win64; x64) AppleWebKit/537.36 (KHTML, like Gecko) Chrome/88.0.4324.182 Safari/537.36
    [accept_language] => hr-HR,hr;q=0.9,en-US;q=0.8,en;q=0.7
    [paid_order] => 0
    [intereuropa] => 1
    [date_added] => 2021-02-22 11:51:38
    [date_modified] => 2021-02-22 11:51:40
    [products] => Array
        (
            [0] => Array
                (
                    [order_product_id] => 697
                    [order_id] => 270
                    [product_id] => 98
                    [name] => MUŠKE BOKSERICE TAMNO PLAVE
                    [model] => M7029
                    [quantity] => 3
                    [price] => 87.5000
                    [total] => 262.5000
                    [tax] => 0.0000
                    [reward] => 0
                    [option] => Array
                        (
                            [order_option_id] => 622
                            [order_id] => 270
                            [order_product_id] => 697
                            [product_option_id] => 261
                            [product_option_value_id] => 193
                            [name] => Veličina
                            [value] => L
                            [type] => radio
                            [sku] => M7029.L
                            [option_data] => Array
                                (
                                    [product_option_value_id] => 193
                                    [product_option_id] => 261
                                    [product_id] => 98
                                    [option_id] => 13
                                    [option_value_id] => 50
                                    [quantity] => 23
                                    [subtract] => 1
                                    [price] => 0.0000
                                    [price_prefix] => +
                                    [points] => 0
                                    [points_prefix] => +
                                    [weight] => 0.00000000
                                    [weight_prefix] => +
                                    [sku] => M7029.L
                                )

                        )

                )

            [1] => Array
                (
                    [order_product_id] => 698
                    [order_id] => 270
                    [product_id] => 98
                    [name] => MUŠKE BOKSERICE TAMNO PLAVE
                    [model] => M7029
                    [quantity] => 1
                    [price] => 87.5000
                    [total] => 87.5000
                    [tax] => 0.0000
                    [reward] => 0
                    [option] => Array
                        (
                            [order_option_id] => 623
                            [order_id] => 270
                            [order_product_id] => 698
                            [product_option_id] => 261
                            [product_option_value_id] => 194
                            [name] => Veličina
                            [value] => M
                            [type] => radio
                            [sku] => M7029.M
                            [option_data] => Array
                                (
                                    [product_option_value_id] => 194
                                    [product_option_id] => 261
                                    [product_id] => 98
                                    [option_id] => 13
                                    [option_value_id] => 51
                                    [quantity] => 28
                                    [subtract] => 1
                                    [price] => 0.0000
                                    [price_prefix] => +
                                    [points] => 0
                                    [points_prefix] => +
                                    [weight] => 0.00000000
                                    [weight_prefix] => +
                                    [sku] => M7029.M
                                )

                        )

                )

        )

    [totals] => Array
        (
            [0] => Array
                (
                    [order_total_id] => 883
                    [order_id] => 270
                    [code] => sub_total
                    [title] => Među suma
                    [value] => 350.0000
                    [sort_order] => 1
                )

            [1] => Array
                (
                    [order_total_id] => 884
                    [order_id] => 270
                    [code] => shipping
                    [title] => Besplatna dostava Intereuropa Hrvatska
                    [value] => 0.0000
                    [sort_order] => 3
                )

            [2] => Array
                (
                    [order_total_id] => 885
                    [order_id] => 270
                    [code] => total
                    [title] => Ukupno
                    [value] => 350.0000
                    [sort_order] => 9
                )

        )

    [status] => Array
        (
            [order_status_id] => 1
            [language_id] => 1
            [name] => Pending
        )

)

2021-02-23 10:44:51 - Array
(
    [narudzba] => Array
        (
            [CMS_ID] => KHR270
            [DATUM_VRIJEME] => 22.02.2021 11:51:40
            [NARUCITELJ_CMS_ID] => 1
            [NARUCITELJ_EMAIL] => dajana.friscic@yahoo.com
            [NARUCITELJ_IME] => Branka
            [NARUCITELJ_PREZIME] => Miletić
            [NARUCITELJ_ADRESA] => Ante Starčevića 3
            [NARUCITELJ_MJESTO] => Zaprešić
            [NARUCITELJ_POSTA] => 10290
            [NARUCITELJ_TELEFON] => 0955783344
            [NARUCITELJ_NAZIV] => 
            [NARUCITELJ_OIB] => 
            [NARUCITELJ_VAT] => 
            [NARUCITELJ_ZEMLJA] => HRV
            [DOSTAVA_IME_PREZIME] => Branka Miletić
            [DOSTAVA_ADRESA] => Ante Starčevića 3
            [DOSTAVA_MJESTO] => Zaprešić
            [DOSTAVA_POSTA] => 10290
            [NAPOMENA] => 
            [VALUTA] => 191
            [IZNOS_UKUPNO] => 350.00
            [TECAJ] => 1
        )

    [stavke] => Array
        (
            [0] => Array
                (
                    [IDROBA] => US00000203
                    [KOLICINA] => 1
                    [CIJENA] => 0
                    [RABAT] => 0
                    [IZNOS] => 0
                )

            [1] => Array
                (
                    [IDROBA] => M7029.L
                    [KOLICINA] => 3
                    [CIJENA] => 87.50
                    [RABAT] => 0
                    [IZNOS] => 262.50
                )

            [2] => Array
                (
                    [IDROBA] => M7029.M
                    [KOLICINA] => 1
                    [CIJENA] => 87.50
                    [RABAT] => 0
                    [IZNOS] => 87.50
                )

        )

)

2021-02-23 10:44:56 - Illuminate\Support\Collection Object
(
    [items:protected] => Array
        (
            [creating] => start
            [ZAPIS] => Array
                (
                    [IDDOK] => NAK
                    [BROJDOK] => 126
                    [STAVAKA] => 3
                    [STAVKA] => 3
                    [KOLICINA_SIFRA] => 0
                    [DATUM] => 2021-02-23 00:00:00
                    [TEXT_GRESKE] => 
                    [KNJIZENO_KARTICA] => 
                    [KNJIZENO_GLKNJIGA] => 
                    [ZAKJUCANI_DN] => NE
                )

        )

)

