2021-02-22 14:03:42 - &idfirma=1
2021-02-22 14:03:42 - Array
(
    [narudzba] => Array
        (
            [CMS_ID] => KHR269
            [DATUM_VRIJEME] => 21.02.2021 22:26:04
            [NARUCITELJ_CMS_ID] => 1
            [NARUCITELJ_EMAIL] => Hanja.miler@gmail.com
            [NARUCITELJ_IME] => Hanja
            [NARUCITELJ_PREZIME] => Miler
            [NARUCITELJ_ADRESA] => Andrije Hebranga 6/15
            [NARUCITELJ_MJESTO] => Pakrac
            [NARUCITELJ_POSTA] => 34550
            [NARUCITELJ_TELEFON] => 0989363023
            [NARUCITELJ_NAZIV] => 
            [NARUCITELJ_OIB] => 
            [NARUCITELJ_VAT] => 
            [NARUCITELJ_ZEMLJA] => HRV
            [DOSTAVA_IME_PREZIME] => Hanja Miler
            [DOSTAVA_ADRESA] => Andrije Hebranga 6/15
            [DOSTAVA_MJESTO] => Pakrac
            [DOSTAVA_POSTA] => 34550
            [NAPOMENA] => 
            [VALUTA] => 191
            [IZNOS_UKUPNO] => 371.00
            [TECAJ] => 1
        )

    [stavke] => Array
        (
            [0] => Array
                (
                    [IDROBA] => US00000203
                    [KOLICINA] => 1
                    [CIJENA] => 35
                    [RABAT] => 0
                    [IZNOS] => 35
                )

            [1] => Array
                (
                    [IDROBA] => M7020.L
                    [KOLICINA] => 3
                    [CIJENA] => 112.00
                    [RABAT] => 0
                    [IZNOS] => 336.00
                )

        )

)

2021-02-22 14:03:43 - Array
(
    [creating] => start
    [ZAPIS] => Array
        (
            [IDDOK] => NAK
            [BROJDOK] => 121
            [STAVAKA] => 2
            [STAVKA] => 2
            [KOLICINA_SIFRA] => 0
            [DATUM] => 2021-02-22 00:00:00
            [TEXT_GRESKE] => 
            [KNJIZENO_KARTICA] => 
            [KNJIZENO_GLKNJIGA] => 
            [ZAKJUCANI_DN] => NE
        )

)

