2021-02-08 8:07:38 - &idfirma=1
2021-02-08 8:07:38 - Array
(
    [narudzba] => Array
        (
            [CMS_ID] => KHR234
            [DATUM_VRIJEME] => 05.02.2021 14:37:34
            [NARUCITELJ_CMS_ID] => 1
            [NARUCITELJ_EMAIL] => kristijan.brcic@gmail.com
            [NARUCITELJ_IME] => Kristijan
            [NARUCITELJ_PREZIME] => Brčić
            [NARUCITELJ_ADRESA] => 8. dalmatinske udarne brigade br. 4
            [NARUCITELJ_MJESTO] => Šibenik
            [NARUCITELJ_POSTA] => 22000
            [NARUCITELJ_TELEFON] => 0917882605
            [NARUCITELJ_NAZIV] => 
            [NARUCITELJ_OIB] => 
            [NARUCITELJ_VAT] => 
            [NARUCITELJ_ZEMLJA] => HRV
            [DOSTAVA_IME_PREZIME] => Adriatic osiguranje d.d.
            [DOSTAVA_ADRESA] => Put Bioca 27
            [DOSTAVA_MJESTO] => Šibenik
            [DOSTAVA_POSTA] => 22000
            [NAPOMENA] => 
            [VALUTA] => 191
            [IZNOS_UKUPNO] => 256.00
            [TECAJ] => 1
        )

    [stavke] => Array
        (
            [0] => Array
                (
                    [IDROBA] => US00000203
                    [KOLICINA] => 1
                    [CIJENA] => 35
                    [RABAT] => 0
                    [IZNOS] => 35
                )

            [1] => Array
                (
                    [IDROBA] => M7048.XL
                    [KOLICINA] => 1
                    [CIJENA] => 93.10
                    [RABAT] => 0
                    [IZNOS] => 93.10
                )

            [2] => Array
                (
                    [IDROBA] => M7079.XL
                    [KOLICINA] => 1
                    [CIJENA] => 65.60
                    [RABAT] => 0
                    [IZNOS] => 65.60
                )

            [3] => Array
                (
                    [IDROBA] => M7083.XL
                    [KOLICINA] => 1
                    [CIJENA] => 62.30
                    [RABAT] => 0
                    [IZNOS] => 62.30
                )

        )

)

2021-02-08 8:07:39 - Array
(
    [creating] => start
    [ZAPIS] => Array
        (
            [IDDOK] => NAK
            [BROJDOK] => 82
            [STAVAKA] => 4
            [STAVKA] => 4
            [KOLICINA_SIFRA] => 0
            [DATUM] => 2021-02-08 00:00:00
            [TEXT_GRESKE] => 
            [KNJIZENO_KARTICA] => 
            [KNJIZENO_GLKNJIGA] => 
            [ZAKJUCANI_DN] => NE
        )

)

