2021-02-10 13:41:41 - &idfirma=1
2021-02-10 13:41:41 - Array
(
    [narudzba] => Array
        (
            [CMS_ID] => KHR246
            [DATUM_VRIJEME] => 10.02.2021 08:05:10
            [NARUCITELJ_CMS_ID] => 1
            [NARUCITELJ_EMAIL] => njavro@gmail.com
            [NARUCITELJ_IME] => Mato
            [NARUCITELJ_PREZIME] => Njavro
            [NARUCITELJ_ADRESA] => Ulica Matije Jandrića 12
            [NARUCITELJ_MJESTO] => Zagreb
            [NARUCITELJ_POSTA] => 10000
            [NARUCITELJ_TELEFON] => 0992158225
            [NARUCITELJ_NAZIV] => 
            [NARUCITELJ_OIB] => 
            [NARUCITELJ_VAT] => 
            [NARUCITELJ_ZEMLJA] => HRV
            [DOSTAVA_IME_PREZIME] => Mato Njavro
            [DOSTAVA_ADRESA] => Ulica Matije Jandrića 12
            [DOSTAVA_MJESTO] => Zagreb
            [DOSTAVA_POSTA] => 10000
            [NAPOMENA] => 
            [VALUTA] => 191
            [IZNOS_UKUPNO] => 700.00
            [TECAJ] => 1
        )

    [stavke] => Array
        (
            [0] => Array
                (
                    [IDROBA] => US00000203
                    [KOLICINA] => 1
                    [CIJENA] => 0
                    [RABAT] => 0
                    [IZNOS] => 0
                )

            [1] => Array
                (
                    [IDROBA] => M7005.L
                    [KOLICINA] => 4
                    [CIJENA] => 87.50
                    [RABAT] => 0
                    [IZNOS] => 350.00
                )

            [2] => Array
                (
                    [IDROBA] => M7016.L
                    [KOLICINA] => 4
                    [CIJENA] => 87.50
                    [RABAT] => 0
                    [IZNOS] => 350.00
                )

        )

)

2021-02-10 13:41:46 - Array
(
    [creating] => start
    [ZAPIS] => Array
        (
            [IDDOK] => NAK
            [BROJDOK] => 93
            [STAVAKA] => 3
            [STAVKA] => 3
            [KOLICINA_SIFRA] => 0
            [DATUM] => 2021-02-10 00:00:00
            [TEXT_GRESKE] => 
            [KNJIZENO_KARTICA] => 
            [KNJIZENO_GLKNJIGA] => 
            [ZAKJUCANI_DN] => NE
        )

)

