2021-02-10 8:46:27 - Array
(
    [order_id] => 238
    [invoice_no] => 0
    [invoice_prefix] => INV-2020-00
    [store_id] => 0
    [store_name] => KOZO UNDERWEAR
    [store_url] => https://www.kozo-underwear.hr/
    [customer_id] => 178
    [customer_group_id] => 1
    [firstname] => Iva 
    [lastname] => Križe Šibenik 
    [email] => ivakrize@gmail.com
    [telephone] => 0981910127
    [fax] => 
    [custom_field] => 
    [payment_firstname] => Iva 
    [payment_lastname] => Križe Šibenik 
    [payment_company] => 
    [payment_address_1] => Stari Topolovac 218 
    [payment_address_2] => 
    [payment_city] => Sisak 
    [payment_postcode] => 44202 
    [payment_country] => Croatia
    [payment_country_id] => 53
    [payment_zone] => HR
    [payment_zone_id] => 848
    [payment_address_format] => 
    [payment_custom_field] => 
    [payment_method] => Bankovna transakcija (internet bankarstvo)
    [payment_code] => bank_transfer
    [shipping_firstname] => Iva 
    [shipping_lastname] => Križe Šibenik 
    [shipping_company] => 
    [shipping_address_1] => Stari Topolovac 218 
    [shipping_address_2] => 
    [shipping_city] => Sisak 
    [shipping_postcode] => 44202 
    [shipping_country] => Croatia
    [shipping_country_id] => 53
    [shipping_zone] => HR
    [shipping_zone_id] => 848
    [shipping_address_format] => 
    [shipping_custom_field] => 
    [shipping_method] => Dostava Intereuropa Hrvatska - Besplatna dostava za narudžbe iznad 350kn
    [shipping_code] => ultimate_shipping.ultimate_shipping_0
    [comment] => 
    [total] => 307.1000
    [order_status_id] => 1
    [affiliate_id] => 0
    [commission] => 0.0000
    [marketing_id] => 0
    [tracking] => 
    [language_id] => 2
    [currency_id] => 4
    [currency_code] => HRK
    [currency_value] => 1.00000000
    [ip] => 78.3.4.161
    [forwarded_ip] => 
    [user_agent] => Mozilla/5.0 (Linux; Android 10; VOG-L29 Build/HUAWEIVOG-L29; wv) AppleWebKit/537.36 (KHTML, like Gecko) Version/4.0 Chrome/88.0.4324.141 Mobile Safari/537.36 [FB_IAB/FB4A;FBAV/304.0.0.39.118;]
    [accept_language] => hr-HR,hr;q=0.9,en-US;q=0.8,en;q=0.7
    [paid_order] => 0
    [intereuropa] => 1
    [date_added] => 2021-02-08 10:28:35
    [date_modified] => 2021-02-08 10:28:49
    [products] => Array
        (
            [0] => Array
                (
                    [order_product_id] => 616
                    [order_id] => 238
                    [product_id] => 70
                    [name] => MUŠKA PIDŽAMA GORNJI DIO
                    [model] => M5002
                    [quantity] => 1
                    [price] => 177.6000
                    [total] => 177.6000
                    [tax] => 0.0000
                    [reward] => 0
                    [option] => Array
                        (
                            [order_option_id] => 547
                            [order_id] => 238
                            [order_product_id] => 616
                            [product_option_id] => 233
                            [product_option_value_id] => 38
                            [name] => Veličina
                            [value] => L
                            [type] => radio
                            [sku] => 
                            [option_data] => Array
                                (
                                    [product_option_value_id] => 38
                                    [product_option_id] => 233
                                    [product_id] => 70
                                    [option_id] => 13
                                    [option_value_id] => 50
                                    [quantity] => 20
                                    [subtract] => 1
                                    [price] => 0.0000
                                    [price_prefix] => 
                                    [points] => 0
                                    [points_prefix] => +
                                    [weight] => 0.00000000
                                    [weight_prefix] => +
                                    [sku] => M5002.L
                                )

                        )

                )

            [1] => Array
                (
                    [order_product_id] => 617
                    [order_id] => 238
                    [product_id] => 108
                    [name] => MUŠKE BOKSERICE HIPSTER PRINT GEOMETRIC
                    [model] => M7040
                    [quantity] => 1
                    [price] => 94.5000
                    [total] => 94.5000
                    [tax] => 0.0000
                    [reward] => 0
                    [option] => Array
                        (
                            [order_option_id] => 548
                            [order_id] => 238
                            [order_product_id] => 617
                            [product_option_id] => 271
                            [product_option_value_id] => 240
                            [name] => Veličina
                            [value] => M
                            [type] => radio
                            [sku] => 
                            [option_data] => Array
                                (
                                    [product_option_value_id] => 240
                                    [product_option_id] => 271
                                    [product_id] => 108
                                    [option_id] => 13
                                    [option_value_id] => 51
                                    [quantity] => 29
                                    [subtract] => 1
                                    [price] => 0.0000
                                    [price_prefix] => +
                                    [points] => 0
                                    [points_prefix] => +
                                    [weight] => 0.00000000
                                    [weight_prefix] => +
                                    [sku] => M7040.M
                                )

                        )

                )

        )

    [totals] => Array
        (
            [0] => Array
                (
                    [order_total_id] => 783
                    [order_id] => 238
                    [code] => sub_total
                    [title] => Među suma
                    [value] => 272.1000
                    [sort_order] => 1
                )

            [1] => Array
                (
                    [order_total_id] => 784
                    [order_id] => 238
                    [code] => shipping
                    [title] => Dostava Intereuropa Hrvatska - Besplatna dostava za narudžbe iznad 350kn
                    [value] => 35.0000
                    [sort_order] => 3
                )

            [2] => Array
                (
                    [order_total_id] => 785
                    [order_id] => 238
                    [code] => total
                    [title] => Ukupno
                    [value] => 307.1000
                    [sort_order] => 9
                )

        )

    [status] => Array
        (
            [order_status_id] => 1
            [language_id] => 1
            [name] => Pending
        )

)

2021-02-10 8:46:27 - Array
(
    [narudzba] => Array
        (
            [CMS_ID] => KHR238
            [DATUM_VRIJEME] => 08.02.2021 10:28:49
            [NARUCITELJ_CMS_ID] => 1
            [NARUCITELJ_EMAIL] => ivakrize@gmail.com
            [NARUCITELJ_IME] => Iva 
            [NARUCITELJ_PREZIME] => Križe Šibenik 
            [NARUCITELJ_ADRESA] => Stari Topolovac 218 
            [NARUCITELJ_MJESTO] => Sisak 
            [NARUCITELJ_POSTA] => 44202 
            [NARUCITELJ_TELEFON] => 0981910127
            [NARUCITELJ_NAZIV] => 
            [NARUCITELJ_OIB] => 
            [NARUCITELJ_VAT] => 
            [NARUCITELJ_ZEMLJA] => HRV
            [DOSTAVA_IME_PREZIME] => Iva  Križe Šibenik 
            [DOSTAVA_ADRESA] => Stari Topolovac 218 
            [DOSTAVA_MJESTO] => Sisak 
            [DOSTAVA_POSTA] => 44202 
            [NAPOMENA] => 
            [VALUTA] => 191
            [IZNOS_UKUPNO] => 307.10
            [TECAJ] => 1
        )

    [stavke] => Array
        (
            [0] => Array
                (
                    [IDROBA] => US00000203
                    [KOLICINA] => 1
                    [CIJENA] => 35
                    [RABAT] => 0
                    [IZNOS] => 35
                )

            [1] => Array
                (
                    [IDROBA] => M5002.L
                    [KOLICINA] => 1
                    [CIJENA] => 177.60
                    [RABAT] => 0
                    [IZNOS] => 177.60
                )

            [2] => Array
                (
                    [IDROBA] => M7040.M
                    [KOLICINA] => 1
                    [CIJENA] => 94.50
                    [RABAT] => 0
                    [IZNOS] => 94.50
                )

        )

)

2021-02-10 8:46:29 - Illuminate\Support\Collection Object
(
    [items:protected] => Array
        (
            [creating] => start
            [ZAPIS] => Array
                (
                    [IDDOK] => NAK
                    [BROJDOK] => 91
                    [STAVAKA] => 3
                    [STAVKA] => 3
                    [KOLICINA_SIFRA] => 0
                    [DATUM] => 2021-02-10 00:00:00
                    [TEXT_GRESKE] => 
                    [KNJIZENO_KARTICA] => 
                    [KNJIZENO_GLKNJIGA] => 
                    [ZAKJUCANI_DN] => NE
                )

        )

)

