2021-02-18 8:51:49 - Array
(
    [order_id] => 265
    [invoice_no] => 0
    [invoice_prefix] => INV-2020-00
    [store_id] => 0
    [store_name] => KOZO UNDERWEAR
    [store_url] => https://www.kozo-underwear.hr/
    [customer_id] => 13
    [customer_group_id] => 1
    [firstname] => Gordan
    [lastname] => Očić
    [email] => gordan.ocic@gmail.com
    [telephone] => 0958901637
    [fax] => 
    [custom_field] => 
    [payment_firstname] => Gordan
    [payment_lastname] => Očić
    [payment_company] => 
    [payment_address_1] => K.Š.Đalskog 18
    [payment_address_2] => 
    [payment_city] => Zaprešić
    [payment_postcode] => 10290
    [payment_country] => Croatia
    [payment_country_id] => 53
    [payment_zone] => 
    [payment_zone_id] => 0
    [payment_address_format] => 
    [payment_custom_field] => 
    [payment_method] => Kreditne kartice / Debitne Kartice (CorvusPay)
    [payment_code] => corvuspay
    [shipping_firstname] => Gordan
    [shipping_lastname] => Očić
    [shipping_company] => 
    [shipping_address_1] => K.Š.Đalskog 18
    [shipping_address_2] => 
    [shipping_city] => Zaprešić
    [shipping_postcode] => 10290
    [shipping_country] => Croatia
    [shipping_country_id] => 53
    [shipping_zone] => 
    [shipping_zone_id] => 0
    [shipping_address_format] => 
    [shipping_custom_field] => 
    [shipping_method] => Dostava Intereuropa Hrvatska - Besplatna dostava za narudžbe iznad 350kn
    [shipping_code] => ultimate_shipping.ultimate_shipping_0
    [comment] => 
    [total] => 203.0000
    [order_status_id] => 5
    [affiliate_id] => 0
    [commission] => 0.0000
    [marketing_id] => 0
    [tracking] => 
    [language_id] => 2
    [currency_id] => 4
    [currency_code] => HRK
    [currency_value] => 1.00000000
    [ip] => 188.252.198.255
    [forwarded_ip] => 
    [user_agent] => Mozilla/5.0 (Windows NT 10.0; Win64; x64) AppleWebKit/537.36 (KHTML, like Gecko) Chrome/88.0.4324.150 Safari/537.36
    [accept_language] => hr-HR,hr;q=0.9,en-US;q=0.8,en;q=0.7,bs;q=0.6
    [paid_order] => 0
    [intereuropa] => 1
    [date_added] => 2021-02-17 21:12:29
    [date_modified] => 2021-02-17 21:13:10
    [products] => Array
        (
            [0] => Array
                (
                    [order_product_id] => 686
                    [order_id] => 265
                    [product_id] => 84
                    [name] => MUŠKE BOKSERICE TRUNKS CRNE
                    [model] => M7014
                    [quantity] => 1
                    [price] => 87.5000
                    [total] => 87.5000
                    [tax] => 0.0000
                    [reward] => 0
                    [option] => Array
                        (
                            [order_option_id] => 612
                            [order_id] => 265
                            [order_product_id] => 686
                            [product_option_id] => 247
                            [product_option_value_id] => 122
                            [name] => Veličina
                            [value] => XL
                            [type] => radio
                            [sku] => 
                            [option_data] => Array
                                (
                                    [product_option_value_id] => 122
                                    [product_option_id] => 247
                                    [product_id] => 84
                                    [option_id] => 13
                                    [option_value_id] => 49
                                    [quantity] => 28
                                    [subtract] => 1
                                    [price] => 0.0000
                                    [price_prefix] => +
                                    [points] => 0
                                    [points_prefix] => +
                                    [weight] => 0.00000000
                                    [weight_prefix] => +
                                    [sku] => M7014.XL
                                )

                        )

                )

            [1] => Array
                (
                    [order_product_id] => 687
                    [order_id] => 265
                    [product_id] => 130
                    [name] => MUŠKE BOKSERICE TRUNKS CRNE
                    [model] => M7063
                    [quantity] => 1
                    [price] => 80.5000
                    [total] => 80.5000
                    [tax] => 0.0000
                    [reward] => 0
                    [option] => Array
                        (
                            [order_option_id] => 613
                            [order_id] => 265
                            [order_product_id] => 687
                            [product_option_id] => 293
                            [product_option_value_id] => 357
                            [name] => Veličina
                            [value] => XL
                            [type] => radio
                            [sku] => 
                            [option_data] => Array
                                (
                                    [product_option_value_id] => 357
                                    [product_option_id] => 293
                                    [product_id] => 130
                                    [option_id] => 13
                                    [option_value_id] => 49
                                    [quantity] => 12
                                    [subtract] => 1
                                    [price] => 0.0000
                                    [price_prefix] => +
                                    [points] => 0
                                    [points_prefix] => +
                                    [weight] => 0.00000000
                                    [weight_prefix] => +
                                    [sku] => M7063.XL
                                )

                        )

                )

        )

    [totals] => Array
        (
            [0] => Array
                (
                    [order_total_id] => 868
                    [order_id] => 265
                    [code] => sub_total
                    [title] => Među suma
                    [value] => 168.0000
                    [sort_order] => 1
                )

            [1] => Array
                (
                    [order_total_id] => 869
                    [order_id] => 265
                    [code] => shipping
                    [title] => Dostava Intereuropa Hrvatska - Besplatna dostava za narudžbe iznad 350kn
                    [value] => 35.0000
                    [sort_order] => 3
                )

            [2] => Array
                (
                    [order_total_id] => 870
                    [order_id] => 265
                    [code] => total
                    [title] => Ukupno
                    [value] => 203.0000
                    [sort_order] => 9
                )

        )

    [status] => Array
        (
            [order_status_id] => 5
            [language_id] => 1
            [name] => Complete
        )

)

2021-02-18 8:51:49 - Array
(
    [narudzba] => Array
        (
            [CMS_ID] => KHR265
            [DATUM_VRIJEME] => 17.02.2021 21:13:10
            [NARUCITELJ_CMS_ID] => 1
            [NARUCITELJ_EMAIL] => gordan.ocic@gmail.com
            [NARUCITELJ_IME] => Gordan
            [NARUCITELJ_PREZIME] => Očić
            [NARUCITELJ_ADRESA] => K.Š.Đalskog 18
            [NARUCITELJ_MJESTO] => Zaprešić
            [NARUCITELJ_POSTA] => 10290
            [NARUCITELJ_TELEFON] => 0958901637
            [NARUCITELJ_NAZIV] => 
            [NARUCITELJ_OIB] => 
            [NARUCITELJ_VAT] => 
            [NARUCITELJ_ZEMLJA] => HRV
            [DOSTAVA_IME_PREZIME] => Gordan Očić
            [DOSTAVA_ADRESA] => K.Š.Đalskog 18
            [DOSTAVA_MJESTO] => Zaprešić
            [DOSTAVA_POSTA] => 10290
            [NAPOMENA] => 
            [VALUTA] => 191
            [IZNOS_UKUPNO] => 203.00
            [TECAJ] => 1
        )

    [stavke] => Array
        (
            [0] => Array
                (
                    [IDROBA] => US00000203
                    [KOLICINA] => 1
                    [CIJENA] => 35
                    [RABAT] => 0
                    [IZNOS] => 35
                )

            [1] => Array
                (
                    [IDROBA] => M7014.XL
                    [KOLICINA] => 1
                    [CIJENA] => 87.50
                    [RABAT] => 0
                    [IZNOS] => 87.50
                )

            [2] => Array
                (
                    [IDROBA] => M7063.XL
                    [KOLICINA] => 1
                    [CIJENA] => 80.50
                    [RABAT] => 0
                    [IZNOS] => 80.50
                )

        )

)

2021-02-18 8:51:50 - Illuminate\Support\Collection Object
(
    [items:protected] => Array
        (
            [creating] => start
            [ZAPIS] => Array
                (
                    [IDDOK] => NAK
                    [BROJDOK] => 115
                    [STAVAKA] => 3
                    [STAVKA] => 3
                    [KOLICINA_SIFRA] => 0
                    [DATUM] => 2021-02-18 00:00:00
                    [TEXT_GRESKE] => 
                    [KNJIZENO_KARTICA] => 
                    [KNJIZENO_GLKNJIGA] => 
                    [ZAKJUCANI_DN] => NE
                )

        )

)

