2021-02-24 8:45:50 - Array
(
    [order_id] => 272
    [invoice_no] => 0
    [invoice_prefix] => INV-2020-00
    [store_id] => 0
    [store_name] => KOZO UNDERWEAR
    [store_url] => https://www.kozo-underwear.hr/
    [customer_id] => 190
    [customer_group_id] => 1
    [firstname] => Martina
    [lastname] => Lovaković
    [email] => llolla.82@gmail.com
    [telephone] => 0994170040
    [fax] => 
    [custom_field] => 
    [payment_firstname] => Martina
    [payment_lastname] => Lovaković
    [payment_company] => 
    [payment_address_1] => Vankina 8, 7. kat
    [payment_address_2] => 
    [payment_city] => Zagreb
    [payment_postcode] => 10020
    [payment_country] => Croatia
    [payment_country_id] => 53
    [payment_zone] => 
    [payment_zone_id] => 0
    [payment_address_format] => 
    [payment_custom_field] => 
    [payment_method] => Kreditne kartice / Debitne Kartice (CorvusPay)
    [payment_code] => corvuspay
    [shipping_firstname] => Martina
    [shipping_lastname] => Lovaković
    [shipping_company] => 
    [shipping_address_1] => Vankina 8, 7. kat
    [shipping_address_2] => 
    [shipping_city] => Zagreb
    [shipping_postcode] => 10020
    [shipping_country] => Croatia
    [shipping_country_id] => 53
    [shipping_zone] => 
    [shipping_zone_id] => 0
    [shipping_address_format] => 
    [shipping_custom_field] => 
    [shipping_method] => Besplatna dostava Intereuropa Hrvatska
    [shipping_code] => ultimate_shipping.ultimate_shipping_0
    [comment] => 
    [total] => 394.0000
    [order_status_id] => 5
    [affiliate_id] => 0
    [commission] => 0.0000
    [marketing_id] => 0
    [tracking] => 
    [language_id] => 2
    [currency_id] => 4
    [currency_code] => HRK
    [currency_value] => 1.00000000
    [ip] => 109.60.101.105
    [forwarded_ip] => 
    [user_agent] => Mozilla/5.0 (Windows NT 10.0; Win64; x64) AppleWebKit/537.36 (KHTML, like Gecko) Chrome/88.0.4324.182 Safari/537.36
    [accept_language] => hr-HR,hr;q=0.9,en-US;q=0.8,en;q=0.7
    [paid_order] => 0
    [intereuropa] => 1
    [date_added] => 2021-02-23 17:33:59
    [date_modified] => 2021-02-23 17:35:58
    [products] => Array
        (
            [0] => Array
                (
                    [order_product_id] => 701
                    [order_id] => 272
                    [product_id] => 130
                    [name] => MUŠKE BOKSERICE TRUNKS CRNE
                    [model] => M7063
                    [quantity] => 4
                    [price] => 98.5000
                    [total] => 394.0000
                    [tax] => 0.0000
                    [reward] => 0
                    [option] => Array
                        (
                            [order_option_id] => 626
                            [order_id] => 272
                            [order_product_id] => 701
                            [product_option_id] => 293
                            [product_option_value_id] => 359
                            [name] => Veličina
                            [value] => XXXL
                            [type] => radio
                            [sku] => 
                            [option_data] => Array
                                (
                                    [product_option_value_id] => 359
                                    [product_option_id] => 293
                                    [product_id] => 130
                                    [option_id] => 13
                                    [option_value_id] => 54
                                    [quantity] => 2
                                    [subtract] => 1
                                    [price] => 18.0000
                                    [price_prefix] => +
                                    [points] => 0
                                    [points_prefix] => +
                                    [weight] => 0.00000000
                                    [weight_prefix] => +
                                    [sku] => M7063.XXXL
                                )

                        )

                )

        )

    [totals] => Array
        (
            [0] => Array
                (
                    [order_total_id] => 889
                    [order_id] => 272
                    [code] => sub_total
                    [title] => Među suma
                    [value] => 394.0000
                    [sort_order] => 1
                )

            [1] => Array
                (
                    [order_total_id] => 890
                    [order_id] => 272
                    [code] => shipping
                    [title] => Besplatna dostava Intereuropa Hrvatska
                    [value] => 0.0000
                    [sort_order] => 3
                )

            [2] => Array
                (
                    [order_total_id] => 891
                    [order_id] => 272
                    [code] => total
                    [title] => Ukupno
                    [value] => 394.0000
                    [sort_order] => 9
                )

        )

    [status] => Array
        (
            [order_status_id] => 5
            [language_id] => 1
            [name] => Complete
        )

)

2021-02-24 8:45:50 - Array
(
    [narudzba] => Array
        (
            [CMS_ID] => KHR272
            [DATUM_VRIJEME] => 23.02.2021 17:35:58
            [NARUCITELJ_CMS_ID] => 1
            [NARUCITELJ_EMAIL] => llolla.82@gmail.com
            [NARUCITELJ_IME] => Martina
            [NARUCITELJ_PREZIME] => Lovaković
            [NARUCITELJ_ADRESA] => Vankina 8, 7. kat
            [NARUCITELJ_MJESTO] => Zagreb
            [NARUCITELJ_POSTA] => 10020
            [NARUCITELJ_TELEFON] => 0994170040
            [NARUCITELJ_NAZIV] => 
            [NARUCITELJ_OIB] => 
            [NARUCITELJ_VAT] => 
            [NARUCITELJ_ZEMLJA] => HRV
            [DOSTAVA_IME_PREZIME] => Martina Lovaković
            [DOSTAVA_ADRESA] => Vankina 8, 7. kat
            [DOSTAVA_MJESTO] => Zagreb
            [DOSTAVA_POSTA] => 10020
            [NAPOMENA] => 
            [VALUTA] => 191
            [IZNOS_UKUPNO] => 394.00
            [TECAJ] => 1
        )

    [stavke] => Array
        (
            [0] => Array
                (
                    [IDROBA] => US00000203
                    [KOLICINA] => 1
                    [CIJENA] => 0
                    [RABAT] => 0
                    [IZNOS] => 0
                )

            [1] => Array
                (
                    [IDROBA] => M7063.XXXL
                    [KOLICINA] => 4
                    [CIJENA] => 98.50
                    [RABAT] => 0
                    [IZNOS] => 394.00
                )

        )

)

2021-02-24 8:45:52 - Illuminate\Support\Collection Object
(
    [items:protected] => Array
        (
            [creating] => start
            [ZAPIS] => Array
                (
                    [IDDOK] => NAK
                    [BROJDOK] => 130
                    [STAVAKA] => 2
                    [STAVKA] => 2
                    [KOLICINA_SIFRA] => 0
                    [DATUM] => 2021-02-24 00:00:00
                    [TEXT_GRESKE] => 
                    [KNJIZENO_KARTICA] => 
                    [KNJIZENO_GLKNJIGA] => 
                    [ZAKJUCANI_DN] => NE
                )

        )

)

