2021-02-08 8:08:09 - Array
(
    [order_id] => 237
    [invoice_no] => 0
    [invoice_prefix] => INV-2020-00
    [store_id] => 0
    [store_name] => KOZO UNDERWEAR
    [store_url] => https://www.kozo-underwear.hr/
    [customer_id] => 177
    [customer_group_id] => 1
    [firstname] => Mihovil
    [lastname] => Lucic
    [email] => miho.lucic@gmail.com
    [telephone] => +385918829483
    [fax] => 
    [custom_field] => 
    [payment_firstname] => Mihovil
    [payment_lastname] => Lucic
    [payment_company] => 
    [payment_address_1] => Galovićeva 8
    [payment_address_2] => 
    [payment_city] => Zagreb
    [payment_postcode] => 10000
    [payment_country] => Croatia
    [payment_country_id] => 53
    [payment_zone] => HR
    [payment_zone_id] => 848
    [payment_address_format] => 
    [payment_custom_field] => 
    [payment_method] => Kreditne kartice / Debitne Kartice (CorvusPay)
    [payment_code] => corvuspay
    [shipping_firstname] => Mihovil
    [shipping_lastname] => Lucic
    [shipping_company] => 
    [shipping_address_1] => Galovićeva 8
    [shipping_address_2] => 
    [shipping_city] => Zagreb
    [shipping_postcode] => 10000
    [shipping_country] => Croatia
    [shipping_country_id] => 53
    [shipping_zone] => HR
    [shipping_zone_id] => 848
    [shipping_address_format] => 
    [shipping_custom_field] => 
    [shipping_method] => Besplatna dostava Intereuropa Hrvatska
    [shipping_code] => ultimate_shipping.ultimate_shipping_0
    [comment] => 
    [total] => 416.5000
    [order_status_id] => 5
    [affiliate_id] => 0
    [commission] => 0.0000
    [marketing_id] => 0
    [tracking] => 
    [language_id] => 2
    [currency_id] => 4
    [currency_code] => HRK
    [currency_value] => 1.00000000
    [ip] => 93.138.100.28
    [forwarded_ip] => 
    [user_agent] => Mozilla/5.0 (Windows NT 10.0; Win64; x64) AppleWebKit/537.36 (KHTML, like Gecko) Chrome/88.0.4324.152 Safari/537.36
    [accept_language] => hr-HR,hr;q=0.9,en-US;q=0.8,en;q=0.7
    [paid_order] => 0
    [intereuropa] => 1
    [date_added] => 2021-02-07 22:47:01
    [date_modified] => 2021-02-07 22:48:23
    [products] => Array
        (
            [0] => Array
                (
                    [order_product_id] => 613
                    [order_id] => 237
                    [product_id] => 111
                    [name] => MUŠKE BOKSERICE HIPSTER PRINT SQUARES
                    [model] => M7046
                    [quantity] => 1
                    [price] => 94.5000
                    [total] => 94.5000
                    [tax] => 0.0000
                    [reward] => 0
                    [option] => Array
                        (
                            [order_option_id] => 544
                            [order_id] => 237
                            [order_product_id] => 613
                            [product_option_id] => 274
                            [product_option_value_id] => 252
                            [name] => Veličina
                            [value] => M
                            [type] => radio
                            [sku] => 
                            [option_data] => Array
                                (
                                    [product_option_value_id] => 252
                                    [product_option_id] => 274
                                    [product_id] => 111
                                    [option_id] => 13
                                    [option_value_id] => 51
                                    [quantity] => 29
                                    [subtract] => 1
                                    [price] => 0.0000
                                    [price_prefix] => +
                                    [points] => 0
                                    [points_prefix] => +
                                    [weight] => 0.00000000
                                    [weight_prefix] => +
                                    [sku] => M7046.M
                                )

                        )

                )

            [1] => Array
                (
                    [order_product_id] => 614
                    [order_id] => 237
                    [product_id] => 131
                    [name] => MUŠKE BOKSERICE HIPSTER CRNE
                    [model] => M7062
                    [quantity] => 2
                    [price] => 80.5000
                    [total] => 161.0000
                    [tax] => 0.0000
                    [reward] => 0
                    [option] => Array
                        (
                            [order_option_id] => 545
                            [order_id] => 237
                            [order_product_id] => 614
                            [product_option_id] => 294
                            [product_option_value_id] => 361
                            [name] => Veličina
                            [value] => M
                            [type] => radio
                            [sku] => 
                            [option_data] => Array
                                (
                                    [product_option_value_id] => 361
                                    [product_option_id] => 294
                                    [product_id] => 131
                                    [option_id] => 13
                                    [option_value_id] => 51
                                    [quantity] => 51
                                    [subtract] => 1
                                    [price] => 0.0000
                                    [price_prefix] => +
                                    [points] => 0
                                    [points_prefix] => +
                                    [weight] => 0.00000000
                                    [weight_prefix] => +
                                    [sku] => M7062.M
                                )

                        )

                )

            [2] => Array
                (
                    [order_product_id] => 615
                    [order_id] => 237
                    [product_id] => 145
                    [name] => MUŠKE BOKSERICE HIPSTER CRVENE
                    [model] => M7080
                    [quantity] => 2
                    [price] => 80.5000
                    [total] => 161.0000
                    [tax] => 0.0000
                    [reward] => 0
                    [option] => Array
                        (
                            [order_option_id] => 546
                            [order_id] => 237
                            [order_product_id] => 615
                            [product_option_id] => 308
                            [product_option_value_id] => 435
                            [name] => Veličina
                            [value] => M
                            [type] => radio
                            [sku] => 
                            [option_data] => Array
                                (
                                    [product_option_value_id] => 435
                                    [product_option_id] => 308
                                    [product_id] => 145
                                    [option_id] => 13
                                    [option_value_id] => 51
                                    [quantity] => 19
                                    [subtract] => 1
                                    [price] => 0.0000
                                    [price_prefix] => +
                                    [points] => 0
                                    [points_prefix] => +
                                    [weight] => 0.00000000
                                    [weight_prefix] => +
                                    [sku] => M7080.M
                                )

                        )

                )

        )

    [totals] => Array
        (
            [0] => Array
                (
                    [order_total_id] => 780
                    [order_id] => 237
                    [code] => sub_total
                    [title] => Među suma
                    [value] => 416.5000
                    [sort_order] => 1
                )

            [1] => Array
                (
                    [order_total_id] => 781
                    [order_id] => 237
                    [code] => shipping
                    [title] => Besplatna dostava Intereuropa Hrvatska
                    [value] => 0.0000
                    [sort_order] => 3
                )

            [2] => Array
                (
                    [order_total_id] => 782
                    [order_id] => 237
                    [code] => total
                    [title] => Ukupno
                    [value] => 416.5000
                    [sort_order] => 9
                )

        )

    [status] => Array
        (
            [order_status_id] => 5
            [language_id] => 1
            [name] => Complete
        )

)

2021-02-08 8:08:09 - Array
(
    [narudzba] => Array
        (
            [CMS_ID] => KHR237
            [DATUM_VRIJEME] => 07.02.2021 22:48:23
            [NARUCITELJ_CMS_ID] => 1
            [NARUCITELJ_EMAIL] => miho.lucic@gmail.com
            [NARUCITELJ_IME] => Mihovil
            [NARUCITELJ_PREZIME] => Lucic
            [NARUCITELJ_ADRESA] => Galovićeva 8
            [NARUCITELJ_MJESTO] => Zagreb
            [NARUCITELJ_POSTA] => 10000
            [NARUCITELJ_TELEFON] => +385918829483
            [NARUCITELJ_NAZIV] => 
            [NARUCITELJ_OIB] => 
            [NARUCITELJ_VAT] => 
            [NARUCITELJ_ZEMLJA] => HRV
            [DOSTAVA_IME_PREZIME] => Mihovil Lucic
            [DOSTAVA_ADRESA] => Galovićeva 8
            [DOSTAVA_MJESTO] => Zagreb
            [DOSTAVA_POSTA] => 10000
            [NAPOMENA] => 
            [VALUTA] => 191
            [IZNOS_UKUPNO] => 416.50
            [TECAJ] => 1
        )

    [stavke] => Array
        (
            [0] => Array
                (
                    [IDROBA] => US00000203
                    [KOLICINA] => 1
                    [CIJENA] => 0
                    [RABAT] => 0
                    [IZNOS] => 0
                )

            [1] => Array
                (
                    [IDROBA] => M7046.M
                    [KOLICINA] => 1
                    [CIJENA] => 94.50
                    [RABAT] => 0
                    [IZNOS] => 94.50
                )

            [2] => Array
                (
                    [IDROBA] => M7062.M
                    [KOLICINA] => 2
                    [CIJENA] => 80.50
                    [RABAT] => 0
                    [IZNOS] => 161.00
                )

            [3] => Array
                (
                    [IDROBA] => M7080.M
                    [KOLICINA] => 2
                    [CIJENA] => 80.50
                    [RABAT] => 0
                    [IZNOS] => 161.00
                )

        )

)

2021-02-08 8:08:10 - Illuminate\Support\Collection Object
(
    [items:protected] => Array
        (
            [creating] => start
            [ZAPIS] => Array
                (
                    [IDDOK] => NAK
                    [BROJDOK] => 85
                    [STAVAKA] => 4
                    [STAVKA] => 4
                    [KOLICINA_SIFRA] => 0
                    [DATUM] => 2021-02-08 00:00:00
                    [TEXT_GRESKE] => 
                    [KNJIZENO_KARTICA] => 
                    [KNJIZENO_GLKNJIGA] => 
                    [ZAKJUCANI_DN] => NE
                )

        )

)

