2021-02-24 8:45:50 - &idfirma=1
2021-02-24 8:45:50 - Array
(
    [narudzba] => Array
        (
            [CMS_ID] => KHR272
            [DATUM_VRIJEME] => 23.02.2021 17:35:58
            [NARUCITELJ_CMS_ID] => 1
            [NARUCITELJ_EMAIL] => llolla.82@gmail.com
            [NARUCITELJ_IME] => Martina
            [NARUCITELJ_PREZIME] => Lovaković
            [NARUCITELJ_ADRESA] => Vankina 8, 7. kat
            [NARUCITELJ_MJESTO] => Zagreb
            [NARUCITELJ_POSTA] => 10020
            [NARUCITELJ_TELEFON] => 0994170040
            [NARUCITELJ_NAZIV] => 
            [NARUCITELJ_OIB] => 
            [NARUCITELJ_VAT] => 
            [NARUCITELJ_ZEMLJA] => HRV
            [DOSTAVA_IME_PREZIME] => Martina Lovaković
            [DOSTAVA_ADRESA] => Vankina 8, 7. kat
            [DOSTAVA_MJESTO] => Zagreb
            [DOSTAVA_POSTA] => 10020
            [NAPOMENA] => 
            [VALUTA] => 191
            [IZNOS_UKUPNO] => 394.00
            [TECAJ] => 1
        )

    [stavke] => Array
        (
            [0] => Array
                (
                    [IDROBA] => US00000203
                    [KOLICINA] => 1
                    [CIJENA] => 0
                    [RABAT] => 0
                    [IZNOS] => 0
                )

            [1] => Array
                (
                    [IDROBA] => M7063.XXXL
                    [KOLICINA] => 4
                    [CIJENA] => 98.50
                    [RABAT] => 0
                    [IZNOS] => 394.00
                )

        )

)

2021-02-24 8:45:52 - Array
(
    [creating] => start
    [ZAPIS] => Array
        (
            [IDDOK] => NAK
            [BROJDOK] => 130
            [STAVAKA] => 2
            [STAVKA] => 2
            [KOLICINA_SIFRA] => 0
            [DATUM] => 2021-02-24 00:00:00
            [TEXT_GRESKE] => 
            [KNJIZENO_KARTICA] => 
            [KNJIZENO_GLKNJIGA] => 
            [ZAKJUCANI_DN] => NE
        )

)

