2021-02-10 8:47:15 - Array
(
    [order_id] => 243
    [invoice_no] => 0
    [invoice_prefix] => INV-2020-00
    [store_id] => 0
    [store_name] => KOZO UNDERWEAR
    [store_url] => https://www.kozo-underwear.hr/
    [customer_id] => 182
    [customer_group_id] => 1
    [firstname] => Lucija
    [lastname] => Štefić
    [email] => stefic.lucijaa@gmail.com
    [telephone] => 0996688717
    [fax] => 
    [custom_field] => 
    [payment_firstname] => Lucija
    [payment_lastname] => Štefić
    [payment_company] => 
    [payment_address_1] => M. Pavleka Miškine 26
    [payment_address_2] => 
    [payment_city] => Donja Dubrava
    [payment_postcode] => 40328
    [payment_country] => Croatia
    [payment_country_id] => 53
    [payment_zone] => HR
    [payment_zone_id] => 848
    [payment_address_format] => 
    [payment_custom_field] => 
    [payment_method] => Bankovna transakcija (internet bankarstvo)
    [payment_code] => bank_transfer
    [shipping_firstname] => Lucija
    [shipping_lastname] => Štefić
    [shipping_company] => 
    [shipping_address_1] => M. Pavleka Miškine 26
    [shipping_address_2] => 
    [shipping_city] => Donja Dubrava
    [shipping_postcode] => 40328
    [shipping_country] => Croatia
    [shipping_country_id] => 53
    [shipping_zone] => HR
    [shipping_zone_id] => 848
    [shipping_address_format] => 
    [shipping_custom_field] => 
    [shipping_method] => Preuzmi kod nas - Trg republike 3, 40328 Donja Dubrava, Međimurska županija
    [shipping_code] => pickup.pickup
    [comment] => 
    [total] => 200.0000
    [order_status_id] => 1
    [affiliate_id] => 0
    [commission] => 0.0000
    [marketing_id] => 0
    [tracking] => 
    [language_id] => 2
    [currency_id] => 4
    [currency_code] => HRK
    [currency_value] => 1.00000000
    [ip] => 92.242.225.129
    [forwarded_ip] => 
    [user_agent] => Mozilla/5.0 (Windows NT 10.0; Win64; x64) AppleWebKit/537.36 (KHTML, like Gecko) Chrome/88.0.4324.146 Safari/537.36
    [accept_language] => hr-HR,hr;q=0.9
    [paid_order] => 0
    [intereuropa] => 
    [date_added] => 2021-02-09 08:04:44
    [date_modified] => 2021-02-09 08:06:32
    [products] => Array
        (
            [0] => Array
                (
                    [order_product_id] => 632
                    [order_id] => 243
                    [product_id] => 118
                    [name] => MUŠKE BOKSERICE PRINT SQUARES
                    [model] => M7047
                    [quantity] => 1
                    [price] => 94.5000
                    [total] => 94.5000
                    [tax] => 0.0000
                    [reward] => 0
                    [option] => Array
                        (
                            [order_option_id] => 563
                            [order_id] => 243
                            [order_product_id] => 632
                            [product_option_id] => 281
                            [product_option_value_id] => 286
                            [name] => Veličina
                            [value] => XL
                            [type] => radio
                            [sku] => 
                            [option_data] => Array
                                (
                                    [product_option_value_id] => 286
                                    [product_option_id] => 281
                                    [product_id] => 118
                                    [option_id] => 13
                                    [option_value_id] => 49
                                    [quantity] => 34
                                    [subtract] => 1
                                    [price] => 0.0000
                                    [price_prefix] => +
                                    [points] => 0
                                    [points_prefix] => +
                                    [weight] => 0.00000000
                                    [weight_prefix] => +
                                    [sku] => M7047.XL
                                )

                        )

                )

            [1] => Array
                (
                    [order_product_id] => 633
                    [order_id] => 243
                    [product_id] => 145
                    [name] => MUŠKE BOKSERICE HIPSTER CRVENE
                    [model] => M7080
                    [quantity] => 1
                    [price] => 80.5000
                    [total] => 80.5000
                    [tax] => 0.0000
                    [reward] => 0
                    [option] => Array
                        (
                            [order_option_id] => 564
                            [order_id] => 243
                            [order_product_id] => 633
                            [product_option_id] => 308
                            [product_option_value_id] => 437
                            [name] => Veličina
                            [value] => XL
                            [type] => radio
                            [sku] => 
                            [option_data] => Array
                                (
                                    [product_option_value_id] => 437
                                    [product_option_id] => 308
                                    [product_id] => 145
                                    [option_id] => 13
                                    [option_value_id] => 49
                                    [quantity] => 12
                                    [subtract] => 1
                                    [price] => 0.0000
                                    [price_prefix] => +
                                    [points] => 0
                                    [points_prefix] => +
                                    [weight] => 0.00000000
                                    [weight_prefix] => +
                                    [sku] => M7080.XL
                                )

                        )

                )

            [2] => Array
                (
                    [order_product_id] => 634
                    [order_id] => 243
                    [product_id] => 182
                    [name] => KOZO POKLON VREĆICA VELIKA
                    [model] => P0019
                    [quantity] => 1
                    [price] => 25.0000
                    [total] => 25.0000
                    [tax] => 0.0000
                    [reward] => 0
                    [option] => 
                )

        )

    [totals] => Array
        (
            [0] => Array
                (
                    [order_total_id] => 800
                    [order_id] => 243
                    [code] => sub_total
                    [title] => Među suma
                    [value] => 200.0000
                    [sort_order] => 1
                )

            [1] => Array
                (
                    [order_total_id] => 801
                    [order_id] => 243
                    [code] => shipping
                    [title] => Preuzmi kod nas - Trg republike 3, 40328 Donja Dubrava, Međimurska županija
                    [value] => 0.0000
                    [sort_order] => 3
                )

            [2] => Array
                (
                    [order_total_id] => 802
                    [order_id] => 243
                    [code] => total
                    [title] => Ukupno
                    [value] => 200.0000
                    [sort_order] => 9
                )

        )

    [status] => Array
        (
            [order_status_id] => 1
            [language_id] => 1
            [name] => Pending
        )

)

2021-02-10 8:47:15 - Array
(
    [narudzba] => Array
        (
            [CMS_ID] => KHR243
            [DATUM_VRIJEME] => 09.02.2021 08:06:32
            [NARUCITELJ_CMS_ID] => 1
            [NARUCITELJ_EMAIL] => stefic.lucijaa@gmail.com
            [NARUCITELJ_IME] => Lucija
            [NARUCITELJ_PREZIME] => Štefić
            [NARUCITELJ_ADRESA] => M. Pavleka Miškine 26
            [NARUCITELJ_MJESTO] => Donja Dubrava
            [NARUCITELJ_POSTA] => 40328
            [NARUCITELJ_TELEFON] => 0996688717
            [NARUCITELJ_NAZIV] => 
            [NARUCITELJ_OIB] => 
            [NARUCITELJ_VAT] => 
            [NARUCITELJ_ZEMLJA] => HRV
            [DOSTAVA_IME_PREZIME] => Lucija Štefić
            [DOSTAVA_ADRESA] => M. Pavleka Miškine 26
            [DOSTAVA_MJESTO] => Donja Dubrava
            [DOSTAVA_POSTA] => 40328
            [NAPOMENA] => 
            [VALUTA] => 191
            [IZNOS_UKUPNO] => 200.00
            [TECAJ] => 1
        )

    [stavke] => Array
        (
            [0] => Array
                (
                    [IDROBA] => US00000203
                    [KOLICINA] => 1
                    [CIJENA] => 0
                    [RABAT] => 0
                    [IZNOS] => 0
                )

            [1] => Array
                (
                    [IDROBA] => M7047.XL
                    [KOLICINA] => 1
                    [CIJENA] => 94.50
                    [RABAT] => 0
                    [IZNOS] => 94.50
                )

            [2] => Array
                (
                    [IDROBA] => M7080.XL
                    [KOLICINA] => 1
                    [CIJENA] => 80.50
                    [RABAT] => 0
                    [IZNOS] => 80.50
                )

            [3] => Array
                (
                    [IDROBA] => P0019
                    [KOLICINA] => 1
                    [CIJENA] => 25.00
                    [RABAT] => 0
                    [IZNOS] => 25.00
                )

        )

)

2021-02-10 8:47:16 - Illuminate\Support\Collection Object
(
    [items:protected] => Array
        (
            [creating] => start
            [ZAPIS] => Array
                (
                    [IDDOK] => NAK
                    [BROJDOK] => 92
                    [STAVAKA] => 4
                    [STAVKA] => 4
                    [KOLICINA_SIFRA] => 0
                    [DATUM] => 2021-02-10 00:00:00
                    [TEXT_GRESKE] => 
                    [KNJIZENO_KARTICA] => 
                    [KNJIZENO_GLKNJIGA] => 
                    [ZAKJUCANI_DN] => NE
                )

        )

)

