2021-02-03 8:38:28 - &idfirma=1
2021-02-03 8:38:28 - Array
(
    [narudzba] => Array
        (
            [CMS_ID] => KHR228
            [DATUM_VRIJEME] => 01.02.2021 17:51:25
            [NARUCITELJ_CMS_ID] => 1
            [NARUCITELJ_EMAIL] => josefrukavina@yahoo.de
            [NARUCITELJ_IME] => Josip
            [NARUCITELJ_PREZIME] => Rukavina
            [NARUCITELJ_ADRESA] => Ivana Lenkovića 6
            [NARUCITELJ_MJESTO] => Senj
            [NARUCITELJ_POSTA] => 53270
            [NARUCITELJ_TELEFON] => 098783135
            [NARUCITELJ_NAZIV] => 
            [NARUCITELJ_OIB] => 
            [NARUCITELJ_VAT] => 
            [NARUCITELJ_ZEMLJA] => HRV
            [DOSTAVA_IME_PREZIME] => Josip Rukavina
            [DOSTAVA_ADRESA] => Ivana Lenkovića 6
            [DOSTAVA_MJESTO] => Senj
            [DOSTAVA_POSTA] => 53270
            [NAPOMENA] => 
            [VALUTA] => 191
            [IZNOS_UKUPNO] => 299.00
            [TECAJ] => 1
        )

    [stavke] => Array
        (
            [0] => Array
                (
                    [IDROBA] => US00000203
                    [KOLICINA] => 1
                    [CIJENA] => 35
                    [RABAT] => 0
                    [IZNOS] => 35
                )

            [1] => Array
                (
                    [IDROBA] => M5011.XL
                    [KOLICINA] => 1
                    [CIJENA] => 264.00
                    [RABAT] => 0
                    [IZNOS] => 264.00
                )

        )

)

2021-02-03 8:39:01 - Array
(
    [creating] => start
    [ZAPIS] => Array
        (
            [IDDOK] => NAK
            [BROJDOK] => 73
            [STAVAKA] => 2
            [STAVKA] => 2
            [KOLICINA_SIFRA] => 0
            [DATUM] => 2021-02-03 00:00:00
            [TEXT_GRESKE] => 
            [KNJIZENO_KARTICA] => 
            [KNJIZENO_GLKNJIGA] => 
            [ZAKJUCANI_DN] => NE
        )

)

