2021-02-10 13:42:21 - Array
(
    [order_id] => 250
    [invoice_no] => 0
    [invoice_prefix] => INV-2020-00
    [store_id] => 0
    [store_name] => KOZO UNDERWEAR
    [store_url] => https://www.kozo-underwear.hr/
    [customer_id] => 185
    [customer_group_id] => 1
    [firstname] => Mirjana
    [lastname] => Tuđan
    [email] => mirjana.tudan@gmail.com
    [telephone] => 098395962
    [fax] => 
    [custom_field] => 
    [payment_firstname] => Mirjana
    [payment_lastname] => Tuđan
    [payment_company] => 
    [payment_address_1] => Nova 12 Nedeljanec
    [payment_address_2] => 
    [payment_city] => Vidovec
    [payment_postcode] => 42205
    [payment_country] => Croatia
    [payment_country_id] => 53
    [payment_zone] => HR
    [payment_zone_id] => 848
    [payment_address_format] => 
    [payment_custom_field] => 
    [payment_method] => Kreditne kartice / Debitne Kartice (CorvusPay)
    [payment_code] => corvuspay
    [shipping_firstname] => Mirjana
    [shipping_lastname] => Tuđan
    [shipping_company] => 
    [shipping_address_1] => Nova 12 Nedeljanec
    [shipping_address_2] => 
    [shipping_city] => Vidovec
    [shipping_postcode] => 42205
    [shipping_country] => Croatia
    [shipping_country_id] => 53
    [shipping_zone] => HR
    [shipping_zone_id] => 848
    [shipping_address_format] => 
    [shipping_custom_field] => 
    [shipping_method] => Preuzmi kod nas - Trg republike 3, 40328 Donja Dubrava, Međimurska županija
    [shipping_code] => pickup.pickup
    [comment] => 
    [total] => 87.5000
    [order_status_id] => 5
    [affiliate_id] => 0
    [commission] => 0.0000
    [marketing_id] => 0
    [tracking] => 
    [language_id] => 2
    [currency_id] => 4
    [currency_code] => HRK
    [currency_value] => 1.00000000
    [ip] => 78.2.61.236
    [forwarded_ip] => 
    [user_agent] => Mozilla/5.0 (Linux; Android 10; M2004J19C) AppleWebKit/537.36 (KHTML, like Gecko) Chrome/88.0.4324.152 Mobile Safari/537.36
    [accept_language] => hr-HR,hr;q=0.9,en-US;q=0.8,en;q=0.7
    [paid_order] => 0
    [intereuropa] => 
    [date_added] => 2021-02-10 11:22:25
    [date_modified] => 2021-02-10 11:32:35
    [products] => Array
        (
            [0] => Array
                (
                    [order_product_id] => 652
                    [order_id] => 250
                    [product_id] => 100
                    [name] => MUŠKE BOKSERICE HIPSTER CRVENE
                    [model] => M7032
                    [quantity] => 1
                    [price] => 87.5000
                    [total] => 87.5000
                    [tax] => 0.0000
                    [reward] => 0
                    [option] => Array
                        (
                            [order_option_id] => 582
                            [order_id] => 250
                            [order_product_id] => 652
                            [product_option_id] => 263
                            [product_option_value_id] => 204
                            [name] => Veličina
                            [value] => M
                            [type] => radio
                            [sku] => 
                            [option_data] => Array
                                (
                                    [product_option_value_id] => 204
                                    [product_option_id] => 263
                                    [product_id] => 100
                                    [option_id] => 13
                                    [option_value_id] => 51
                                    [quantity] => 28
                                    [subtract] => 1
                                    [price] => 0.0000
                                    [price_prefix] => +
                                    [points] => 0
                                    [points_prefix] => +
                                    [weight] => 0.00000000
                                    [weight_prefix] => +
                                    [sku] => M7032.M
                                )

                        )

                )

        )

    [totals] => Array
        (
            [0] => Array
                (
                    [order_total_id] => 821
                    [order_id] => 250
                    [code] => sub_total
                    [title] => Među suma
                    [value] => 87.5000
                    [sort_order] => 1
                )

            [1] => Array
                (
                    [order_total_id] => 822
                    [order_id] => 250
                    [code] => shipping
                    [title] => Preuzmi kod nas - Trg republike 3, 40328 Donja Dubrava, Međimurska županija
                    [value] => 0.0000
                    [sort_order] => 3
                )

            [2] => Array
                (
                    [order_total_id] => 823
                    [order_id] => 250
                    [code] => total
                    [title] => Ukupno
                    [value] => 87.5000
                    [sort_order] => 9
                )

        )

    [status] => Array
        (
            [order_status_id] => 5
            [language_id] => 1
            [name] => Complete
        )

)

2021-02-10 13:42:21 - Array
(
    [narudzba] => Array
        (
            [CMS_ID] => KHR250
            [DATUM_VRIJEME] => 10.02.2021 11:32:35
            [NARUCITELJ_CMS_ID] => 1
            [NARUCITELJ_EMAIL] => mirjana.tudan@gmail.com
            [NARUCITELJ_IME] => Mirjana
            [NARUCITELJ_PREZIME] => Tuđan
            [NARUCITELJ_ADRESA] => Nova 12 Nedeljanec
            [NARUCITELJ_MJESTO] => Vidovec
            [NARUCITELJ_POSTA] => 42205
            [NARUCITELJ_TELEFON] => 098395962
            [NARUCITELJ_NAZIV] => 
            [NARUCITELJ_OIB] => 
            [NARUCITELJ_VAT] => 
            [NARUCITELJ_ZEMLJA] => HRV
            [DOSTAVA_IME_PREZIME] => Mirjana Tuđan
            [DOSTAVA_ADRESA] => Nova 12 Nedeljanec
            [DOSTAVA_MJESTO] => Vidovec
            [DOSTAVA_POSTA] => 42205
            [NAPOMENA] => 
            [VALUTA] => 191
            [IZNOS_UKUPNO] => 87.50
            [TECAJ] => 1
        )

    [stavke] => Array
        (
            [0] => Array
                (
                    [IDROBA] => US00000203
                    [KOLICINA] => 1
                    [CIJENA] => 0
                    [RABAT] => 0
                    [IZNOS] => 0
                )

            [1] => Array
                (
                    [IDROBA] => M7032.M
                    [KOLICINA] => 1
                    [CIJENA] => 87.50
                    [RABAT] => 0
                    [IZNOS] => 87.50
                )

        )

)

2021-02-10 13:42:22 - Illuminate\Support\Collection Object
(
    [items:protected] => Array
        (
            [creating] => start
            [ZAPIS] => Array
                (
                    [IDDOK] => NAK
                    [BROJDOK] => 95
                    [STAVAKA] => 2
                    [STAVKA] => 2
                    [KOLICINA_SIFRA] => 0
                    [DATUM] => 2021-02-10 00:00:00
                    [TEXT_GRESKE] => 
                    [KNJIZENO_KARTICA] => 
                    [KNJIZENO_GLKNJIGA] => 
                    [ZAKJUCANI_DN] => NE
                )

        )

)

