2021-02-09 9:17:13 - Array
(
    [order_id] => 239
    [invoice_no] => 0
    [invoice_prefix] => INV-2020-00
    [store_id] => 0
    [store_name] => KOZO UNDERWEAR
    [store_url] => https://www.kozo-underwear.hr/
    [customer_id] => 179
    [customer_group_id] => 1
    [firstname] => Damir
    [lastname] => Leljak
    [email] => damir_leljak@a1net.hr
    [telephone] => 0913866026
    [fax] => 
    [custom_field] => 
    [payment_firstname] => Damir
    [payment_lastname] => Leljak
    [payment_company] => 
    [payment_address_1] => Antuna Šoljana 11
    [payment_address_2] => 
    [payment_city] => Zagreb
    [payment_postcode] => 10090
    [payment_country] => Croatia
    [payment_country_id] => 53
    [payment_zone] => HR
    [payment_zone_id] => 848
    [payment_address_format] => 
    [payment_custom_field] => 
    [payment_method] => Kreditne kartice / Debitne Kartice (CorvusPay)
    [payment_code] => corvuspay
    [shipping_firstname] => Damir
    [shipping_lastname] => Leljak
    [shipping_company] => 
    [shipping_address_1] => Antuna Šoljana 11
    [shipping_address_2] => 
    [shipping_city] => Zagreb
    [shipping_postcode] => 10090
    [shipping_country] => Croatia
    [shipping_country_id] => 53
    [shipping_zone] => HR
    [shipping_zone_id] => 848
    [shipping_address_format] => 
    [shipping_custom_field] => 
    [shipping_method] => Besplatna dostava Intereuropa Hrvatska
    [shipping_code] => ultimate_shipping.ultimate_shipping_0
    [comment] => 
    [total] => 824.0000
    [order_status_id] => 5
    [affiliate_id] => 0
    [commission] => 0.0000
    [marketing_id] => 0
    [tracking] => 
    [language_id] => 2
    [currency_id] => 4
    [currency_code] => HRK
    [currency_value] => 1.00000000
    [ip] => 88.207.42.128
    [forwarded_ip] => 
    [user_agent] => Mozilla/5.0 (Macintosh; Intel Mac OS X 10_15_6) AppleWebKit/605.1.15 (KHTML, like Gecko) Version/14.0.3 Safari/605.1.15
    [accept_language] => en-gb
    [paid_order] => 0
    [intereuropa] => 1
    [date_added] => 2021-02-08 11:48:39
    [date_modified] => 2021-02-08 11:49:47
    [products] => Array
        (
            [0] => Array
                (
                    [order_product_id] => 618
                    [order_id] => 239
                    [product_id] => 70
                    [name] => MUŠKA PIDŽAMA GORNJI DIO
                    [model] => M5002
                    [quantity] => 1
                    [price] => 177.6000
                    [total] => 177.6000
                    [tax] => 0.0000
                    [reward] => 0
                    [option] => Array
                        (
                            [order_option_id] => 549
                            [order_id] => 239
                            [order_product_id] => 618
                            [product_option_id] => 233
                            [product_option_value_id] => 38
                            [name] => Veličina
                            [value] => L
                            [type] => radio
                            [sku] => 
                            [option_data] => Array
                                (
                                    [product_option_value_id] => 38
                                    [product_option_id] => 233
                                    [product_id] => 70
                                    [option_id] => 13
                                    [option_value_id] => 50
                                    [quantity] => 20
                                    [subtract] => 1
                                    [price] => 0.0000
                                    [price_prefix] => 
                                    [points] => 0
                                    [points_prefix] => +
                                    [weight] => 0.00000000
                                    [weight_prefix] => +
                                    [sku] => M5002.L
                                )

                        )

                )

            [1] => Array
                (
                    [order_product_id] => 619
                    [order_id] => 239
                    [product_id] => 71
                    [name] => MUŠKA PIDŽAMA DONJI DIO
                    [model] => M5005
                    [quantity] => 1
                    [price] => 124.0000
                    [total] => 124.0000
                    [tax] => 0.0000
                    [reward] => 0
                    [option] => Array
                        (
                            [order_option_id] => 550
                            [order_id] => 239
                            [order_product_id] => 619
                            [product_option_id] => 234
                            [product_option_value_id] => 44
                            [name] => Veličina
                            [value] => L
                            [type] => radio
                            [sku] => 
                            [option_data] => Array
                                (
                                    [product_option_value_id] => 44
                                    [product_option_id] => 234
                                    [product_id] => 71
                                    [option_id] => 13
                                    [option_value_id] => 50
                                    [quantity] => 31
                                    [subtract] => 1
                                    [price] => 0.0000
                                    [price_prefix] => 
                                    [points] => 0
                                    [points_prefix] => +
                                    [weight] => 0.00000000
                                    [weight_prefix] => +
                                    [sku] => M5005.L
                                )

                        )

                )

            [2] => Array
                (
                    [order_product_id] => 620
                    [order_id] => 239
                    [product_id] => 72
                    [name] => MUŠKA PIDŽAMA DONJI DIO
                    [model] => M5003
                    [quantity] => 1
                    [price] => 118.4000
                    [total] => 118.4000
                    [tax] => 0.0000
                    [reward] => 0
                    [option] => Array
                        (
                            [order_option_id] => 551
                            [order_id] => 239
                            [order_product_id] => 620
                            [product_option_id] => 235
                            [product_option_value_id] => 50
                            [name] => Veličina
                            [value] => L
                            [type] => radio
                            [sku] => 
                            [option_data] => Array
                                (
                                    [product_option_value_id] => 50
                                    [product_option_id] => 235
                                    [product_id] => 72
                                    [option_id] => 13
                                    [option_value_id] => 50
                                    [quantity] => 23
                                    [subtract] => 1
                                    [price] => 0.0000
                                    [price_prefix] => 
                                    [points] => 0
                                    [points_prefix] => +
                                    [weight] => 0.00000000
                                    [weight_prefix] => +
                                    [sku] => M5003.L
                                )

                        )

                )

            [3] => Array
                (
                    [order_product_id] => 621
                    [order_id] => 239
                    [product_id] => 73
                    [name] => MUŠKA PIDŽAMA GORNJI DIO
                    [model] => M5006
                    [quantity] => 1
                    [price] => 148.0000
                    [total] => 148.0000
                    [tax] => 0.0000
                    [reward] => 0
                    [option] => Array
                        (
                            [order_option_id] => 552
                            [order_id] => 239
                            [order_product_id] => 621
                            [product_option_id] => 236
                            [product_option_value_id] => 53
                            [name] => Veličina
                            [value] => L
                            [type] => radio
                            [sku] => 
                            [option_data] => Array
                                (
                                    [product_option_value_id] => 53
                                    [product_option_id] => 236
                                    [product_id] => 73
                                    [option_id] => 13
                                    [option_value_id] => 50
                                    [quantity] => 26
                                    [subtract] => 1
                                    [price] => 0.0000
                                    [price_prefix] => 
                                    [points] => 0
                                    [points_prefix] => +
                                    [weight] => 0.00000000
                                    [weight_prefix] => +
                                    [sku] => M5006.L
                                )

                        )

                )

            [4] => Array
                (
                    [order_product_id] => 622
                    [order_id] => 239
                    [product_id] => 74
                    [name] => MUŠKA PIDŽAMA GORNJI DIO
                    [model] => M5004
                    [quantity] => 1
                    [price] => 140.0000
                    [total] => 140.0000
                    [tax] => 0.0000
                    [reward] => 0
                    [option] => Array
                        (
                            [order_option_id] => 553
                            [order_id] => 239
                            [order_product_id] => 622
                            [product_option_id] => 237
                            [product_option_value_id] => 62
                            [name] => Veličina
                            [value] => L
                            [type] => radio
                            [sku] => 
                            [option_data] => Array
                                (
                                    [product_option_value_id] => 62
                                    [product_option_id] => 237
                                    [product_id] => 74
                                    [option_id] => 13
                                    [option_value_id] => 50
                                    [quantity] => 31
                                    [subtract] => 1
                                    [price] => 0.0000
                                    [price_prefix] => 
                                    [points] => 0
                                    [points_prefix] => +
                                    [weight] => 0.00000000
                                    [weight_prefix] => +
                                    [sku] => M5004.L
                                )

                        )

                )

            [5] => Array
                (
                    [order_product_id] => 623
                    [order_id] => 239
                    [product_id] => 75
                    [name] => MUŠKA PIDŽAMA DONJI DIO
                    [model] => M5007
                    [quantity] => 1
                    [price] => 116.0000
                    [total] => 116.0000
                    [tax] => 0.0000
                    [reward] => 0
                    [option] => Array
                        (
                            [order_option_id] => 554
                            [order_id] => 239
                            [order_product_id] => 623
                            [product_option_id] => 238
                            [product_option_value_id] => 68
                            [name] => Veličina
                            [value] => L
                            [type] => radio
                            [sku] => 
                            [option_data] => Array
                                (
                                    [product_option_value_id] => 68
                                    [product_option_id] => 238
                                    [product_id] => 75
                                    [option_id] => 13
                                    [option_value_id] => 50
                                    [quantity] => 19
                                    [subtract] => 1
                                    [price] => 0.0000
                                    [price_prefix] => 
                                    [points] => 0
                                    [points_prefix] => +
                                    [weight] => 0.00000000
                                    [weight_prefix] => +
                                    [sku] => M5007.L
                                )

                        )

                )

            [6] => Array
                (
                    [order_product_id] => 624
                    [order_id] => 239
                    [product_id] => 154
                    [name] => MUŠKE BOKSERICE PRINT HOHOHO
                    [model] => M7085
                    [quantity] => 1
                    [price] => 75.0000
                    [total] => 75.0000
                    [tax] => 0.0000
                    [reward] => 0
                    [option] => Array
                        (
                            [order_option_id] => 555
                            [order_id] => 239
                            [order_product_id] => 624
                            [product_option_id] => 317
                            [product_option_value_id] => 475
                            [name] => Veličina
                            [value] => XL
                            [type] => radio
                            [sku] => 
                            [option_data] => Array
                                (
                                    [product_option_value_id] => 475
                                    [product_option_id] => 317
                                    [product_id] => 154
                                    [option_id] => 13
                                    [option_value_id] => 49
                                    [quantity] => 19
                                    [subtract] => 1
                                    [price] => 0.0000
                                    [price_prefix] => +
                                    [points] => 0
                                    [points_prefix] => +
                                    [weight] => 0.00000000
                                    [weight_prefix] => +
                                    [sku] => M7085.XL
                                )

                        )

                )

        )

    [totals] => Array
        (
            [0] => Array
                (
                    [order_total_id] => 786
                    [order_id] => 239
                    [code] => sub_total
                    [title] => Među suma
                    [value] => 899.0000
                    [sort_order] => 1
                )

            [1] => Array
                (
                    [order_total_id] => 787
                    [order_id] => 239
                    [code] => tieredgiftstotal
                    [title] => Besplatni poklon - MUŠKE BOKSERICE PRINT HOHOHO
                    [value] => -75.0000
                    [sort_order] => 2
                )

            [2] => Array
                (
                    [order_total_id] => 788
                    [order_id] => 239
                    [code] => shipping
                    [title] => Besplatna dostava Intereuropa Hrvatska
                    [value] => 0.0000
                    [sort_order] => 3
                )

            [3] => Array
                (
                    [order_total_id] => 789
                    [order_id] => 239
                    [code] => total
                    [title] => Ukupno
                    [value] => 824.0000
                    [sort_order] => 9
                )

        )

    [status] => Array
        (
            [order_status_id] => 5
            [language_id] => 1
            [name] => Complete
        )

)

2021-02-09 9:17:13 - Array
(
    [narudzba] => Array
        (
            [CMS_ID] => KHR239
            [DATUM_VRIJEME] => 08.02.2021 11:49:47
            [NARUCITELJ_CMS_ID] => 1
            [NARUCITELJ_EMAIL] => damir_leljak@a1net.hr
            [NARUCITELJ_IME] => Damir
            [NARUCITELJ_PREZIME] => Leljak
            [NARUCITELJ_ADRESA] => Antuna Šoljana 11
            [NARUCITELJ_MJESTO] => Zagreb
            [NARUCITELJ_POSTA] => 10090
            [NARUCITELJ_TELEFON] => 0913866026
            [NARUCITELJ_NAZIV] => 
            [NARUCITELJ_OIB] => 
            [NARUCITELJ_VAT] => 
            [NARUCITELJ_ZEMLJA] => HRV
            [DOSTAVA_IME_PREZIME] => Damir Leljak
            [DOSTAVA_ADRESA] => Antuna Šoljana 11
            [DOSTAVA_MJESTO] => Zagreb
            [DOSTAVA_POSTA] => 10090
            [NAPOMENA] => 
            [VALUTA] => 191
            [IZNOS_UKUPNO] => 824.00
            [TECAJ] => 1
        )

    [stavke] => Array
        (
            [0] => Array
                (
                    [IDROBA] => US00000203
                    [KOLICINA] => 1
                    [CIJENA] => 0
                    [RABAT] => 0
                    [IZNOS] => 0
                )

            [1] => Array
                (
                    [IDROBA] => M5002.L
                    [KOLICINA] => 1
                    [CIJENA] => 177.60
                    [RABAT] => 0
                    [IZNOS] => 177.60
                )

            [2] => Array
                (
                    [IDROBA] => M5005.L
                    [KOLICINA] => 1
                    [CIJENA] => 124.00
                    [RABAT] => 0
                    [IZNOS] => 124.00
                )

            [3] => Array
                (
                    [IDROBA] => M5003.L
                    [KOLICINA] => 1
                    [CIJENA] => 118.40
                    [RABAT] => 0
                    [IZNOS] => 118.40
                )

            [4] => Array
                (
                    [IDROBA] => M5006.L
                    [KOLICINA] => 1
                    [CIJENA] => 148.00
                    [RABAT] => 0
                    [IZNOS] => 148.00
                )

            [5] => Array
                (
                    [IDROBA] => M5004.L
                    [KOLICINA] => 1
                    [CIJENA] => 140.00
                    [RABAT] => 0
                    [IZNOS] => 140.00
                )

            [6] => Array
                (
                    [IDROBA] => M5007.L
                    [KOLICINA] => 1
                    [CIJENA] => 116.00
                    [RABAT] => 0
                    [IZNOS] => 116.00
                )

            [7] => Array
                (
                    [IDROBA] => M7085.XL
                    [KOLICINA] => 1
                    [CIJENA] => 75.00
                    [RABAT] => 0
                    [IZNOS] => 75.00
                )

        )

)

2021-02-09 9:17:15 - Illuminate\Support\Collection Object
(
    [items:protected] => Array
        (
            [creating] => start
            [ZAPIS] => Array
                (
                    [IDDOK] => NAK
                    [BROJDOK] => 87
                    [STAVAKA] => 8
                    [STAVKA] => 8
                    [KOLICINA_SIFRA] => 0
                    [DATUM] => 2021-02-09 00:00:00
                    [TEXT_GRESKE] => 
                    [KNJIZENO_KARTICA] => 
                    [KNJIZENO_GLKNJIGA] => 
                    [ZAKJUCANI_DN] => NE
                )

        )

)

