2021-02-15 8:22:55 - &idfirma=1
2021-02-15 8:22:55 - Array
(
    [narudzba] => Array
        (
            [CMS_ID] => KHR257
            [DATUM_VRIJEME] => 14.02.2021 09:44:37
            [NARUCITELJ_CMS_ID] => 1
            [NARUCITELJ_EMAIL] => martina.sedlar.mag.art@gmail.com
            [NARUCITELJ_IME] => Martina 
            [NARUCITELJ_PREZIME] => Sedlar
            [NARUCITELJ_ADRESA] => Dudovec 53
            [NARUCITELJ_MJESTO] => Zagreb
            [NARUCITELJ_POSTA] => 10090
            [NARUCITELJ_TELEFON] => 0914411277
            [NARUCITELJ_NAZIV] => 
            [NARUCITELJ_OIB] => 
            [NARUCITELJ_VAT] => 
            [NARUCITELJ_ZEMLJA] => HRV
            [DOSTAVA_IME_PREZIME] => Martina  Sedlar
            [DOSTAVA_ADRESA] => Dudovec 53
            [DOSTAVA_MJESTO] => Zagreb
            [DOSTAVA_POSTA] => 10090
            [NAPOMENA] => 
            [VALUTA] => 191
            [IZNOS_UKUPNO] => 368.00
            [TECAJ] => 1
        )

    [stavke] => Array
        (
            [0] => Array
                (
                    [IDROBA] => US00000203
                    [KOLICINA] => 1
                    [CIJENA] => 0
                    [RABAT] => 0
                    [IZNOS] => 0
                )

            [1] => Array
                (
                    [IDROBA] => M7059.S
                    [KOLICINA] => 1
                    [CIJENA] => 104.00
                    [RABAT] => 0
                    [IZNOS] => 104.00
                )

            [2] => Array
                (
                    [IDROBA] => M5011.S
                    [KOLICINA] => 1
                    [CIJENA] => 264.00
                    [RABAT] => 0
                    [IZNOS] => 264.00
                )

        )

)

2021-02-15 8:22:56 - Array
(
    [creating] => start
    [ZAPIS] => Array
        (
            [IDDOK] => NAK
            [BROJDOK] => 106
            [STAVAKA] => 3
            [STAVKA] => 3
            [KOLICINA_SIFRA] => 0
            [DATUM] => 2021-02-15 00:00:00
            [TEXT_GRESKE] => 
            [KNJIZENO_KARTICA] => 
            [KNJIZENO_GLKNJIGA] => 
            [ZAKJUCANI_DN] => NE
        )

)

