2021-02-17 13:25:46 - Array
(
    [order_id] => 263
    [invoice_no] => 0
    [invoice_prefix] => INV-2020-00
    [store_id] => 0
    [store_name] => KOZO UNDERWEAR
    [store_url] => https://www.kozo-underwear.hr/
    [customer_id] => 189
    [customer_group_id] => 1
    [firstname] => Ana
    [lastname] => Toplek
    [email] => ana.toplekk@gmail.com
    [telephone] => 0997425695
    [fax] => 
    [custom_field] => 
    [payment_firstname] => Ana
    [payment_lastname] => Toplek
    [payment_company] => 
    [payment_address_1] => Ivana plemenitog Zajca 47
    [payment_address_2] => 
    [payment_city] => Čakovec
    [payment_postcode] => 40000
    [payment_country] => Croatia
    [payment_country_id] => 53
    [payment_zone] => HR
    [payment_zone_id] => 848
    [payment_address_format] => 
    [payment_custom_field] => 
    [payment_method] => Bankovna transakcija (internet bankarstvo)
    [payment_code] => bank_transfer
    [shipping_firstname] => Ana
    [shipping_lastname] => Toplek
    [shipping_company] => 
    [shipping_address_1] => Ivana plemenitog Zajca 47
    [shipping_address_2] => 
    [shipping_city] => Čakovec
    [shipping_postcode] => 40000
    [shipping_country] => Croatia
    [shipping_country_id] => 53
    [shipping_zone] => HR
    [shipping_zone_id] => 848
    [shipping_address_format] => 
    [shipping_custom_field] => 
    [shipping_method] => Preuzmi kod nas - Trg republike 3, 40328 Donja Dubrava, Međimurska županija
    [shipping_code] => pickup.pickup
    [comment] => 
    [total] => 94.5000
    [order_status_id] => 1
    [affiliate_id] => 0
    [commission] => 0.0000
    [marketing_id] => 0
    [tracking] => 
    [language_id] => 2
    [currency_id] => 4
    [currency_code] => HRK
    [currency_value] => 1.00000000
    [ip] => 141.136.177.204
    [forwarded_ip] => 
    [user_agent] => Mozilla/5.0 (Linux; Android 8.1.0; Redmi 5 Plus Build/OPM1.171019.019; wv) AppleWebKit/537.36 (KHTML, like Gecko) Version/4.0 Chrome/88.0.4324.152 Mobile Safari/537.36 [FB_IAB/FB4A;FBAV/305.1.0.40.120;]
    [accept_language] => hr-HR,hr;q=0.9,en-US;q=0.8,en;q=0.7
    [paid_order] => 0
    [intereuropa] => 
    [date_added] => 2021-02-16 22:12:37
    [date_modified] => 2021-02-16 22:14:51
    [products] => Array
        (
            [0] => Array
                (
                    [order_product_id] => 684
                    [order_id] => 263
                    [product_id] => 111
                    [name] => MUŠKE BOKSERICE HIPSTER PRINT SQUARES
                    [model] => M7046
                    [quantity] => 1
                    [price] => 94.5000
                    [total] => 94.5000
                    [tax] => 0.0000
                    [reward] => 0
                    [option] => Array
                        (
                            [order_option_id] => 610
                            [order_id] => 263
                            [order_product_id] => 684
                            [product_option_id] => 274
                            [product_option_value_id] => 252
                            [name] => Veličina
                            [value] => M
                            [type] => radio
                            [sku] => 
                            [option_data] => Array
                                (
                                    [product_option_value_id] => 252
                                    [product_option_id] => 274
                                    [product_id] => 111
                                    [option_id] => 13
                                    [option_value_id] => 51
                                    [quantity] => 28
                                    [subtract] => 1
                                    [price] => 0.0000
                                    [price_prefix] => +
                                    [points] => 0
                                    [points_prefix] => +
                                    [weight] => 0.00000000
                                    [weight_prefix] => +
                                    [sku] => M7046.M
                                )

                        )

                )

        )

    [totals] => Array
        (
            [0] => Array
                (
                    [order_total_id] => 862
                    [order_id] => 263
                    [code] => sub_total
                    [title] => Među suma
                    [value] => 94.5000
                    [sort_order] => 1
                )

            [1] => Array
                (
                    [order_total_id] => 863
                    [order_id] => 263
                    [code] => shipping
                    [title] => Preuzmi kod nas - Trg republike 3, 40328 Donja Dubrava, Međimurska županija
                    [value] => 0.0000
                    [sort_order] => 3
                )

            [2] => Array
                (
                    [order_total_id] => 864
                    [order_id] => 263
                    [code] => total
                    [title] => Ukupno
                    [value] => 94.5000
                    [sort_order] => 9
                )

        )

    [status] => Array
        (
            [order_status_id] => 1
            [language_id] => 1
            [name] => Pending
        )

)

2021-02-17 13:25:46 - Array
(
    [narudzba] => Array
        (
            [CMS_ID] => KHR263
            [DATUM_VRIJEME] => 16.02.2021 22:14:51
            [NARUCITELJ_CMS_ID] => 1
            [NARUCITELJ_EMAIL] => ana.toplekk@gmail.com
            [NARUCITELJ_IME] => Ana
            [NARUCITELJ_PREZIME] => Toplek
            [NARUCITELJ_ADRESA] => Ivana plemenitog Zajca 47
            [NARUCITELJ_MJESTO] => Čakovec
            [NARUCITELJ_POSTA] => 40000
            [NARUCITELJ_TELEFON] => 0997425695
            [NARUCITELJ_NAZIV] => 
            [NARUCITELJ_OIB] => 
            [NARUCITELJ_VAT] => 
            [NARUCITELJ_ZEMLJA] => HRV
            [DOSTAVA_IME_PREZIME] => Ana Toplek
            [DOSTAVA_ADRESA] => Ivana plemenitog Zajca 47
            [DOSTAVA_MJESTO] => Čakovec
            [DOSTAVA_POSTA] => 40000
            [NAPOMENA] => 
            [VALUTA] => 191
            [IZNOS_UKUPNO] => 94.50
            [TECAJ] => 1
        )

    [stavke] => Array
        (
            [0] => Array
                (
                    [IDROBA] => US00000203
                    [KOLICINA] => 1
                    [CIJENA] => 0
                    [RABAT] => 0
                    [IZNOS] => 0
                )

            [1] => Array
                (
                    [IDROBA] => M7046.M
                    [KOLICINA] => 1
                    [CIJENA] => 94.50
                    [RABAT] => 0
                    [IZNOS] => 94.50
                )

        )

)

2021-02-17 13:25:47 - Illuminate\Support\Collection Object
(
    [items:protected] => Array
        (
            [creating] => start
            [ZAPIS] => Array
                (
                    [IDDOK] => NAK
                    [BROJDOK] => 112
                    [STAVAKA] => 2
                    [STAVKA] => 2
                    [KOLICINA_SIFRA] => 0
                    [DATUM] => 2021-02-17 00:00:00
                    [TEXT_GRESKE] => 
                    [KNJIZENO_KARTICA] => 
                    [KNJIZENO_GLKNJIGA] => 
                    [ZAKJUCANI_DN] => NE
                )

        )

)

