2021-02-10 13:42:01 - Array
(
    [order_id] => 247
    [invoice_no] => 0
    [invoice_prefix] => INV-2020-00
    [store_id] => 0
    [store_name] => KOZO UNDERWEAR
    [store_url] => https://www.kozo-underwear.hr/
    [customer_id] => 183
    [customer_group_id] => 1
    [firstname] => Ana
    [lastname] => Budiscak
    [email] => ana.budiscak@gmail.com
    [telephone] => 098746911
    [fax] => 
    [custom_field] => 
    [payment_firstname] => Ana
    [payment_lastname] => Budiscak
    [payment_company] => 
    [payment_address_1] => Petra Svacica 4, Donja Zdencina
    [payment_address_2] => 
    [payment_city] => Klinca Sela
    [payment_postcode] => 10452
    [payment_country] => Croatia
    [payment_country_id] => 53
    [payment_zone] => 
    [payment_zone_id] => 0
    [payment_address_format] => 
    [payment_custom_field] => 
    [payment_method] => Kreditne kartice / Debitne Kartice (CorvusPay)
    [payment_code] => corvuspay
    [shipping_firstname] => Ana
    [shipping_lastname] => Budiscak
    [shipping_company] => 
    [shipping_address_1] => Petra Svacica 4, Donja Zdencina
    [shipping_address_2] => 
    [shipping_city] => Klinca Sela
    [shipping_postcode] => 10452
    [shipping_country] => Croatia
    [shipping_country_id] => 53
    [shipping_zone] => 
    [shipping_zone_id] => 0
    [shipping_address_format] => 
    [shipping_custom_field] => 
    [shipping_method] => Dostava Intereuropa Hrvatska - Besplatna dostava za narudžbe iznad 350kn
    [shipping_code] => ultimate_shipping.ultimate_shipping_0
    [comment] => 
    [total] => 276.5000
    [order_status_id] => 5
    [affiliate_id] => 0
    [commission] => 0.0000
    [marketing_id] => 0
    [tracking] => 
    [language_id] => 2
    [currency_id] => 4
    [currency_code] => HRK
    [currency_value] => 1.00000000
    [ip] => 93.141.10.234
    [forwarded_ip] => 
    [user_agent] => Mozilla/5.0 (Linux; Android 9; VTR-L09) AppleWebKit/537.36 (KHTML, like Gecko) Chrome/88.0.4324.152 Mobile Safari/537.36
    [accept_language] => hr-HR,hr;q=0.9,en-US;q=0.8,en;q=0.7,bs;q=0.6
    [paid_order] => 0
    [intereuropa] => 1
    [date_added] => 2021-02-10 10:28:57
    [date_modified] => 2021-02-10 10:31:13
    [products] => Array
        (
            [0] => Array
                (
                    [order_product_id] => 643
                    [order_id] => 247
                    [product_id] => 131
                    [name] => MUŠKE BOKSERICE HIPSTER CRNE
                    [model] => M7062
                    [quantity] => 1
                    [price] => 80.5000
                    [total] => 80.5000
                    [tax] => 0.0000
                    [reward] => 0
                    [option] => Array
                        (
                            [order_option_id] => 573
                            [order_id] => 247
                            [order_product_id] => 643
                            [product_option_id] => 294
                            [product_option_value_id] => 363
                            [name] => Veličina
                            [value] => XL
                            [type] => radio
                            [sku] => 
                            [option_data] => Array
                                (
                                    [product_option_value_id] => 363
                                    [product_option_id] => 294
                                    [product_id] => 131
                                    [option_id] => 13
                                    [option_value_id] => 49
                                    [quantity] => 35
                                    [subtract] => 1
                                    [price] => 0.0000
                                    [price_prefix] => +
                                    [points] => 0
                                    [points_prefix] => +
                                    [weight] => 0.00000000
                                    [weight_prefix] => +
                                    [sku] => M7062.XL
                                )

                        )

                )

            [1] => Array
                (
                    [order_product_id] => 644
                    [order_id] => 247
                    [product_id] => 140
                    [name] => MUŠKE BOKSERICE HIPSTER SIVE
                    [model] => M7072
                    [quantity] => 1
                    [price] => 80.5000
                    [total] => 80.5000
                    [tax] => 0.0000
                    [reward] => 0
                    [option] => Array
                        (
                            [order_option_id] => 574
                            [order_id] => 247
                            [order_product_id] => 644
                            [product_option_id] => 303
                            [product_option_value_id] => 414
                            [name] => Veličina
                            [value] => XL
                            [type] => radio
                            [sku] => 
                            [option_data] => Array
                                (
                                    [product_option_value_id] => 414
                                    [product_option_id] => 303
                                    [product_id] => 140
                                    [option_id] => 13
                                    [option_value_id] => 49
                                    [quantity] => 11
                                    [subtract] => 1
                                    [price] => 0.0000
                                    [price_prefix] => +
                                    [points] => 0
                                    [points_prefix] => +
                                    [weight] => 0.00000000
                                    [weight_prefix] => +
                                    [sku] => M7072.XL
                                )

                        )

                )

            [2] => Array
                (
                    [order_product_id] => 645
                    [order_id] => 247
                    [product_id] => 142
                    [name] => MUŠKE BOKSERICE HIPSTER TAMNO PLAVE
                    [model] => M7076
                    [quantity] => 1
                    [price] => 80.5000
                    [total] => 80.5000
                    [tax] => 0.0000
                    [reward] => 0
                    [option] => Array
                        (
                            [order_option_id] => 575
                            [order_id] => 247
                            [order_product_id] => 645
                            [product_option_id] => 305
                            [product_option_value_id] => 422
                            [name] => Veličina
                            [value] => XL
                            [type] => radio
                            [sku] => 
                            [option_data] => Array
                                (
                                    [product_option_value_id] => 422
                                    [product_option_id] => 305
                                    [product_id] => 142
                                    [option_id] => 13
                                    [option_value_id] => 49
                                    [quantity] => 7
                                    [subtract] => 1
                                    [price] => 0.0000
                                    [price_prefix] => +
                                    [points] => 0
                                    [points_prefix] => +
                                    [weight] => 0.00000000
                                    [weight_prefix] => +
                                    [sku] => M7076.XL
                                )

                        )

                )

        )

    [totals] => Array
        (
            [0] => Array
                (
                    [order_total_id] => 812
                    [order_id] => 247
                    [code] => sub_total
                    [title] => Među suma
                    [value] => 241.5000
                    [sort_order] => 1
                )

            [1] => Array
                (
                    [order_total_id] => 813
                    [order_id] => 247
                    [code] => shipping
                    [title] => Dostava Intereuropa Hrvatska - Besplatna dostava za narudžbe iznad 350kn
                    [value] => 35.0000
                    [sort_order] => 3
                )

            [2] => Array
                (
                    [order_total_id] => 814
                    [order_id] => 247
                    [code] => total
                    [title] => Ukupno
                    [value] => 276.5000
                    [sort_order] => 9
                )

        )

    [status] => Array
        (
            [order_status_id] => 5
            [language_id] => 1
            [name] => Complete
        )

)

2021-02-10 13:42:01 - Array
(
    [narudzba] => Array
        (
            [CMS_ID] => KHR247
            [DATUM_VRIJEME] => 10.02.2021 10:31:13
            [NARUCITELJ_CMS_ID] => 1
            [NARUCITELJ_EMAIL] => ana.budiscak@gmail.com
            [NARUCITELJ_IME] => Ana
            [NARUCITELJ_PREZIME] => Budiscak
            [NARUCITELJ_ADRESA] => Petra Svacica 4, Donja Zdencina
            [NARUCITELJ_MJESTO] => Klinca Sela
            [NARUCITELJ_POSTA] => 10452
            [NARUCITELJ_TELEFON] => 098746911
            [NARUCITELJ_NAZIV] => 
            [NARUCITELJ_OIB] => 
            [NARUCITELJ_VAT] => 
            [NARUCITELJ_ZEMLJA] => HRV
            [DOSTAVA_IME_PREZIME] => Ana Budiscak
            [DOSTAVA_ADRESA] => Petra Svacica 4, Donja Zdencina
            [DOSTAVA_MJESTO] => Klinca Sela
            [DOSTAVA_POSTA] => 10452
            [NAPOMENA] => 
            [VALUTA] => 191
            [IZNOS_UKUPNO] => 276.50
            [TECAJ] => 1
        )

    [stavke] => Array
        (
            [0] => Array
                (
                    [IDROBA] => US00000203
                    [KOLICINA] => 1
                    [CIJENA] => 35
                    [RABAT] => 0
                    [IZNOS] => 35
                )

            [1] => Array
                (
                    [IDROBA] => M7062.XL
                    [KOLICINA] => 1
                    [CIJENA] => 80.50
                    [RABAT] => 0
                    [IZNOS] => 80.50
                )

            [2] => Array
                (
                    [IDROBA] => M7072.XL
                    [KOLICINA] => 1
                    [CIJENA] => 80.50
                    [RABAT] => 0
                    [IZNOS] => 80.50
                )

            [3] => Array
                (
                    [IDROBA] => M7076.XL
                    [KOLICINA] => 1
                    [CIJENA] => 80.50
                    [RABAT] => 0
                    [IZNOS] => 80.50
                )

        )

)

2021-02-10 13:42:02 - Illuminate\Support\Collection Object
(
    [items:protected] => Array
        (
            [creating] => start
            [ZAPIS] => Array
                (
                    [IDDOK] => NAK
                    [BROJDOK] => 94
                    [STAVAKA] => 4
                    [STAVKA] => 4
                    [KOLICINA_SIFRA] => 0
                    [DATUM] => 2021-02-10 00:00:00
                    [TEXT_GRESKE] => 
                    [KNJIZENO_KARTICA] => 
                    [KNJIZENO_GLKNJIGA] => 
                    [ZAKJUCANI_DN] => NE
                )

        )

)

