2021-02-26 7:38:29 - Array
(
    [order_id] => 275
    [invoice_no] => 0
    [invoice_prefix] => INV-2020-00
    [store_id] => 0
    [store_name] => KOZO UNDERWEAR
    [store_url] => https://www.kozo-underwear.hr/
    [customer_id] => 72
    [customer_group_id] => 1
    [firstname] => Zdravko
    [lastname] => Kolarić
    [email] => zdravkokolaric71@gmail.com
    [telephone] => 0992113879
    [fax] => 
    [custom_field] => 
    [payment_firstname] => Zdravko
    [payment_lastname] => Kolarić
    [payment_company] => 
    [payment_address_1] => Novo Selo Rok, rade Končara 84
    [payment_address_2] => 
    [payment_city] => Čakovec
    [payment_postcode] => 40000
    [payment_country] => Croatia
    [payment_country_id] => 53
    [payment_zone] => 
    [payment_zone_id] => 0
    [payment_address_format] => 
    [payment_custom_field] => 
    [payment_method] => Kreditne kartice / Debitne Kartice (CorvusPay)
    [payment_code] => corvuspay
    [shipping_firstname] => Zdravko
    [shipping_lastname] => Kolarić
    [shipping_company] => 
    [shipping_address_1] => Novo Selo Rok, rade Končara 84
    [shipping_address_2] => 
    [shipping_city] => Čakovec
    [shipping_postcode] => 40000
    [shipping_country] => Croatia
    [shipping_country_id] => 53
    [shipping_zone] => 
    [shipping_zone_id] => 0
    [shipping_address_format] => 
    [shipping_custom_field] => 
    [shipping_method] => Preuzmi kod nas - Trg republike 3, 40328 Donja Dubrava, Međimurska županija
    [shipping_code] => pickup.pickup
    [comment] => 
    [total] => 320.0000
    [order_status_id] => 5
    [affiliate_id] => 0
    [commission] => 0.0000
    [marketing_id] => 0
    [tracking] => 
    [language_id] => 2
    [currency_id] => 4
    [currency_code] => HRK
    [currency_value] => 1.00000000
    [ip] => 185.89.212.228
    [forwarded_ip] => 
    [user_agent] => Mozilla/5.0 (Windows NT 6.1) AppleWebKit/537.36 (KHTML, like Gecko) Chrome/77.0.3865.75 Safari/537.36
    [accept_language] => hr-HR,hr;q=0.9,en-US;q=0.8,en;q=0.7
    [paid_order] => 0
    [intereuropa] => 
    [date_added] => 2021-02-25 12:54:27
    [date_modified] => 2021-02-25 12:56:43
    [products] => Array
        (
            [0] => Array
                (
                    [order_product_id] => 706
                    [order_id] => 275
                    [product_id] => 67
                    [name] => MUŠKA MAJICA OKRUGLI IZREZ BIJELA
                    [model] => M7009
                    [quantity] => 1
                    [price] => 112.0000
                    [total] => 112.0000
                    [tax] => 0.0000
                    [reward] => 0
                    [option] => Array
                        (
                            [order_option_id] => 631
                            [order_id] => 275
                            [order_product_id] => 706
                            [product_option_id] => 336
                            [product_option_value_id] => 522
                            [name] => Veličina
                            [value] => L
                            [type] => radio
                            [sku] => 
                            [option_data] => Array
                                (
                                    [product_option_value_id] => 522
                                    [product_option_id] => 336
                                    [product_id] => 67
                                    [option_id] => 13
                                    [option_value_id] => 50
                                    [quantity] => 8
                                    [subtract] => 1
                                    [price] => 0.0000
                                    [price_prefix] => 
                                    [points] => 0
                                    [points_prefix] => +
                                    [weight] => 0.00000000
                                    [weight_prefix] => +
                                    [sku] => M7009.L
                                )

                        )

                )

            [1] => Array
                (
                    [order_product_id] => 707
                    [order_id] => 275
                    [product_id] => 128
                    [name] => MUŠKA MAJICA OKRUGLI IZREZ BIJELA
                    [model] => M7059
                    [quantity] => 1
                    [price] => 104.0000
                    [total] => 104.0000
                    [tax] => 0.0000
                    [reward] => 0
                    [option] => Array
                        (
                            [order_option_id] => 632
                            [order_id] => 275
                            [order_product_id] => 707
                            [product_option_id] => 291
                            [product_option_value_id] => 342
                            [name] => Veličina
                            [value] => L
                            [type] => radio
                            [sku] => 
                            [option_data] => Array
                                (
                                    [product_option_value_id] => 342
                                    [product_option_id] => 291
                                    [product_id] => 128
                                    [option_id] => 13
                                    [option_value_id] => 50
                                    [quantity] => 8
                                    [subtract] => 1
                                    [price] => 0.0000
                                    [price_prefix] => 
                                    [points] => 0
                                    [points_prefix] => +
                                    [weight] => 0.00000000
                                    [weight_prefix] => +
                                    [sku] => M7059.L
                                )

                        )

                )

            [2] => Array
                (
                    [order_product_id] => 708
                    [order_id] => 275
                    [product_id] => 139
                    [name] => MUŠKA MAJICA OKRUGLI IZREZ CRNA
                    [model] => M7069
                    [quantity] => 1
                    [price] => 104.0000
                    [total] => 104.0000
                    [tax] => 0.0000
                    [reward] => 0
                    [option] => Array
                        (
                            [order_option_id] => 633
                            [order_id] => 275
                            [order_product_id] => 708
                            [product_option_id] => 302
                            [product_option_value_id] => 405
                            [name] => Veličina
                            [value] => L
                            [type] => radio
                            [sku] => 
                            [option_data] => Array
                                (
                                    [product_option_value_id] => 405
                                    [product_option_id] => 302
                                    [product_id] => 139
                                    [option_id] => 13
                                    [option_value_id] => 50
                                    [quantity] => 8
                                    [subtract] => 1
                                    [price] => 0.0000
                                    [price_prefix] => 
                                    [points] => 0
                                    [points_prefix] => +
                                    [weight] => 0.00000000
                                    [weight_prefix] => +
                                    [sku] => M7069.L
                                )

                        )

                )

        )

    [totals] => Array
        (
            [0] => Array
                (
                    [order_total_id] => 898
                    [order_id] => 275
                    [code] => sub_total
                    [title] => Među suma
                    [value] => 320.0000
                    [sort_order] => 1
                )

            [1] => Array
                (
                    [order_total_id] => 899
                    [order_id] => 275
                    [code] => shipping
                    [title] => Preuzmi kod nas - Trg republike 3, 40328 Donja Dubrava, Međimurska županija
                    [value] => 0.0000
                    [sort_order] => 3
                )

            [2] => Array
                (
                    [order_total_id] => 900
                    [order_id] => 275
                    [code] => total
                    [title] => Ukupno
                    [value] => 320.0000
                    [sort_order] => 9
                )

        )

    [status] => Array
        (
            [order_status_id] => 5
            [language_id] => 1
            [name] => Complete
        )

)

2021-02-26 7:38:29 - Array
(
    [narudzba] => Array
        (
            [CMS_ID] => KHR275
            [DATUM_VRIJEME] => 25.02.2021 12:56:43
            [NARUCITELJ_CMS_ID] => 1
            [NARUCITELJ_EMAIL] => zdravkokolaric71@gmail.com
            [NARUCITELJ_IME] => Zdravko
            [NARUCITELJ_PREZIME] => Kolarić
            [NARUCITELJ_ADRESA] => Novo Selo Rok, rade Končara 84
            [NARUCITELJ_MJESTO] => Čakovec
            [NARUCITELJ_POSTA] => 40000
            [NARUCITELJ_TELEFON] => 0992113879
            [NARUCITELJ_NAZIV] => 
            [NARUCITELJ_OIB] => 
            [NARUCITELJ_VAT] => 
            [NARUCITELJ_ZEMLJA] => HRV
            [DOSTAVA_IME_PREZIME] => Zdravko Kolarić
            [DOSTAVA_ADRESA] => Novo Selo Rok, rade Končara 84
            [DOSTAVA_MJESTO] => Čakovec
            [DOSTAVA_POSTA] => 40000
            [NAPOMENA] => 
            [VALUTA] => 191
            [IZNOS_UKUPNO] => 320.00
            [TECAJ] => 1
        )

    [stavke] => Array
        (
            [0] => Array
                (
                    [IDROBA] => US00000203
                    [KOLICINA] => 1
                    [CIJENA] => 0
                    [RABAT] => 0
                    [IZNOS] => 0
                )

            [1] => Array
                (
                    [IDROBA] => M7009.L
                    [KOLICINA] => 1
                    [CIJENA] => 112.00
                    [RABAT] => 0
                    [IZNOS] => 112.00
                )

            [2] => Array
                (
                    [IDROBA] => M7059.L
                    [KOLICINA] => 1
                    [CIJENA] => 104.00
                    [RABAT] => 0
                    [IZNOS] => 104.00
                )

            [3] => Array
                (
                    [IDROBA] => M7069.L
                    [KOLICINA] => 1
                    [CIJENA] => 104.00
                    [RABAT] => 0
                    [IZNOS] => 104.00
                )

        )

)

2021-02-26 7:38:42 - Illuminate\Support\Collection Object
(
    [items:protected] => Array
        (
            [creating] => start
            [ZAPIS] => Array
                (
                    [IDDOK] => NAK
                    [BROJDOK] => 135
                    [STAVAKA] => 4
                    [STAVKA] => 4
                    [KOLICINA_SIFRA] => 0
                    [DATUM] => 2021-02-26 00:00:00
                    [TEXT_GRESKE] => 
                    [KNJIZENO_KARTICA] => 
                    [KNJIZENO_GLKNJIGA] => 
                    [ZAKJUCANI_DN] => NE
                )

        )

)

