2021-01-15 8:12:53 - &idfirma=1
2021-01-15 8:12:53 - Array
(
    [narudzba] => Array
        (
            [CMS_ID] => KHR206
            [DATUM_VRIJEME] => 15.01.2021 00:10:43
            [NARUCITELJ_CMS_ID] => 1
            [NARUCITELJ_EMAIL] => deazeba5@gmail.com
            [NARUCITELJ_IME] => Dea
            [NARUCITELJ_PREZIME] => Zeba
            [NARUCITELJ_ADRESA] => Pavlovićka 2c
            [NARUCITELJ_MJESTO] => Gornji Stupnik
            [NARUCITELJ_POSTA] => 10255
            [NARUCITELJ_TELEFON] => 0995509605
            [NARUCITELJ_NAZIV] => 
            [NARUCITELJ_OIB] => 
            [NARUCITELJ_VAT] => 
            [NARUCITELJ_ZEMLJA] => HRV
            [DOSTAVA_IME_PREZIME] => Dea Zeba
            [DOSTAVA_ADRESA] => Pavlovićka 2c
            [DOSTAVA_MJESTO] => Gornji Stupnik
            [DOSTAVA_POSTA] => 10255
            [NAPOMENA] => 
            [VALUTA] => 191
            [IZNOS_UKUPNO] => 175.00
            [TECAJ] => 1
        )

    [stavke] => Array
        (
            [0] => Array
                (
                    [IDROBA] => US00000203
                    [KOLICINA] => 1
                    [CIJENA] => 35
                    [RABAT] => 0
                    [IZNOS] => 35
                )

            [1] => Array
                (
                    [IDROBA] => M5004.S
                    [KOLICINA] => 1
                    [CIJENA] => 140.00
                    [RABAT] => 0
                    [IZNOS] => 140.00
                )

        )

)

2021-01-15 8:12:54 - Array
(
    [creating] => start
    [ZAPIS] => Array
        (
            [IDDOK] => NAW
            [BROJDOK] => 23
            [STAVAKA] => 2
            [STAVKA] => 2
            [KOLICINA_SIFRA] => 0
            [DATUM] => 2021-01-15 00:00:00
            [TEXT_GRESKE] => 
            [KNJIZENO_KARTICA] => 
            [KNJIZENO_GLKNJIGA] => 
            [ZAKJUCANI_DN] => NE
        )

)

