2021-01-18 9:42:39 - Array
(
    [order_id] => 208
    [invoice_no] => 0
    [invoice_prefix] => INV-2020-00
    [store_id] => 0
    [store_name] => KOZO UNDERWEAR
    [store_url] => https://www.kozo-underwear.hr/
    [customer_id] => 136
    [customer_group_id] => 1
    [firstname] => Mario
    [lastname] => Furač
    [email] => mfurac@gmail.com
    [telephone] => 0919002199
    [fax] => 
    [custom_field] => 
    [payment_firstname] => Mario
    [payment_lastname] => Furač
    [payment_company] => 
    [payment_address_1] => Trsje 19
    [payment_address_2] => 
    [payment_city] => Zagreb
    [payment_postcode] => 10000
    [payment_country] => Croatia
    [payment_country_id] => 53
    [payment_zone] => 
    [payment_zone_id] => 0
    [payment_address_format] => 
    [payment_custom_field] => 
    [payment_method] => Kreditne kartice / Debitne Kartice (CorvusPay)
    [payment_code] => corvuspay
    [shipping_firstname] => Mario
    [shipping_lastname] => Furač
    [shipping_company] => 
    [shipping_address_1] => Ljudevita Gaja 18B
    [shipping_address_2] => 
    [shipping_city] => Pojatno
    [shipping_postcode] => 10294
    [shipping_country] => Croatia
    [shipping_country_id] => 53
    [shipping_zone] => 
    [shipping_zone_id] => 0
    [shipping_address_format] => 
    [shipping_custom_field] => 
    [shipping_method] => Dostava Intereuropa Hrvatska - Besplatna dostava za narudžbe iznad 350kn
    [shipping_code] => ultimate_shipping.ultimate_shipping_0
    [comment] => 
    [total] => 219.5000
    [order_status_id] => 5
    [affiliate_id] => 0
    [commission] => 0.0000
    [marketing_id] => 0
    [tracking] => 
    [language_id] => 2
    [currency_id] => 4
    [currency_code] => HRK
    [currency_value] => 1.00000000
    [ip] => 95.168.120.216
    [forwarded_ip] => 
    [user_agent] => Mozilla/5.0 (Macintosh; Intel Mac OS X 10_12_6) AppleWebKit/605.1.15 (KHTML, like Gecko) Version/12.1.2 Safari/605.1.15
    [accept_language] => en-us
    [paid_order] => 0
    [intereuropa] => 1
    [date_added] => 2021-01-17 11:12:07
    [date_modified] => 2021-01-17 11:14:34
    [products] => Array
        (
            [0] => Array
                (
                    [order_product_id] => 533
                    [order_id] => 208
                    [product_id] => 130
                    [name] => MUŠKE BOKSERICE TRUNKS CRNE
                    [model] => M7063
                    [quantity] => 1
                    [price] => 80.5000
                    [total] => 80.5000
                    [tax] => 0.0000
                    [reward] => 0
                    [option] => Array
                        (
                            [order_option_id] => 473
                            [order_id] => 208
                            [order_product_id] => 533
                            [product_option_id] => 293
                            [product_option_value_id] => 356
                            [name] => Veličina
                            [value] => S
                            [type] => radio
                            [sku] => 
                            [option_data] => Array
                                (
                                    [product_option_value_id] => 356
                                    [product_option_id] => 293
                                    [product_id] => 130
                                    [option_id] => 13
                                    [option_value_id] => 52
                                    [quantity] => 17
                                    [subtract] => 1
                                    [price] => 0.0000
                                    [price_prefix] => +
                                    [points] => 0
                                    [points_prefix] => +
                                    [weight] => 0.00000000
                                    [weight_prefix] => +
                                    [sku] => M7063.S
                                )

                        )

                )

            [1] => Array
                (
                    [order_product_id] => 534
                    [order_id] => 208
                    [product_id] => 139
                    [name] => MUŠKA MAJICA OKRUGLI IZREZ CRNA
                    [model] => M7069
                    [quantity] => 1
                    [price] => 104.0000
                    [total] => 104.0000
                    [tax] => 0.0000
                    [reward] => 0
                    [option] => Array
                        (
                            [order_option_id] => 474
                            [order_id] => 208
                            [order_product_id] => 534
                            [product_option_id] => 302
                            [product_option_value_id] => 407
                            [name] => Veličina
                            [value] => S
                            [type] => radio
                            [sku] => 
                            [option_data] => Array
                                (
                                    [product_option_value_id] => 407
                                    [product_option_id] => 302
                                    [product_id] => 139
                                    [option_id] => 13
                                    [option_value_id] => 52
                                    [quantity] => 9
                                    [subtract] => 1
                                    [price] => 0.0000
                                    [price_prefix] => 
                                    [points] => 0
                                    [points_prefix] => +
                                    [weight] => 0.00000000
                                    [weight_prefix] => +
                                    [sku] => M7069.S
                                )

                        )

                )

        )

    [totals] => Array
        (
            [0] => Array
                (
                    [order_total_id] => 685
                    [order_id] => 208
                    [code] => sub_total
                    [title] => Među suma
                    [value] => 184.5000
                    [sort_order] => 1
                )

            [1] => Array
                (
                    [order_total_id] => 686
                    [order_id] => 208
                    [code] => shipping
                    [title] => Dostava Intereuropa Hrvatska - Besplatna dostava za narudžbe iznad 350kn
                    [value] => 35.0000
                    [sort_order] => 3
                )

            [2] => Array
                (
                    [order_total_id] => 687
                    [order_id] => 208
                    [code] => total
                    [title] => Ukupno
                    [value] => 219.5000
                    [sort_order] => 9
                )

        )

    [status] => Array
        (
            [order_status_id] => 5
            [language_id] => 1
            [name] => Complete
        )

)

2021-01-18 9:42:39 - Array
(
    [narudzba] => Array
        (
            [CMS_ID] => KHR208
            [DATUM_VRIJEME] => 17.01.2021 11:14:34
            [NARUCITELJ_CMS_ID] => 1
            [NARUCITELJ_EMAIL] => mfurac@gmail.com
            [NARUCITELJ_IME] => Mario
            [NARUCITELJ_PREZIME] => Furač
            [NARUCITELJ_ADRESA] => Trsje 19
            [NARUCITELJ_MJESTO] => Zagreb
            [NARUCITELJ_POSTA] => 10000
            [NARUCITELJ_TELEFON] => 0919002199
            [NARUCITELJ_NAZIV] => 
            [NARUCITELJ_OIB] => 
            [NARUCITELJ_VAT] => 
            [NARUCITELJ_ZEMLJA] => HRV
            [DOSTAVA_IME_PREZIME] => Mario Furač
            [DOSTAVA_ADRESA] => Ljudevita Gaja 18B
            [DOSTAVA_MJESTO] => Pojatno
            [DOSTAVA_POSTA] => 10294
            [NAPOMENA] => 
            [VALUTA] => 191
            [IZNOS_UKUPNO] => 219.50
            [TECAJ] => 1
        )

    [stavke] => Array
        (
            [0] => Array
                (
                    [IDROBA] => US00000203
                    [KOLICINA] => 1
                    [CIJENA] => 35
                    [RABAT] => 0
                    [IZNOS] => 35
                )

            [1] => Array
                (
                    [IDROBA] => M7063.S
                    [KOLICINA] => 1
                    [CIJENA] => 80.50
                    [RABAT] => 0
                    [IZNOS] => 80.50
                )

            [2] => Array
                (
                    [IDROBA] => M7069.S
                    [KOLICINA] => 1
                    [CIJENA] => 104.00
                    [RABAT] => 0
                    [IZNOS] => 104.00
                )

        )

)

2021-01-18 9:42:40 - Illuminate\Support\Collection Object
(
    [items:protected] => Array
        (
            [creating] => start
            [ZAPIS] => Array
                (
                    [IDDOK] => NAW
                    [BROJDOK] => 25
                    [STAVAKA] => 3
                    [STAVKA] => 3
                    [KOLICINA_SIFRA] => 0
                    [DATUM] => 2021-01-18 00:00:00
                    [TEXT_GRESKE] => 
                    [KNJIZENO_KARTICA] => 
                    [KNJIZENO_GLKNJIGA] => 
                    [ZAKJUCANI_DN] => NE
                )

        )

)

