2021-01-18 9:43:55 - &idfirma=1
2021-01-18 9:43:55 - Array
(
    [narudzba] => Array
        (
            [CMS_ID] => KHR211
            [DATUM_VRIJEME] => 18.01.2021 09:34:43
            [NARUCITELJ_CMS_ID] => 1
            [NARUCITELJ_EMAIL] => josipa.pintaric94@gmail.com
            [NARUCITELJ_IME] => Josipa
            [NARUCITELJ_PREZIME] => Jambrović
            [NARUCITELJ_ADRESA] => Čakovečka 61
            [NARUCITELJ_MJESTO] => Prelog, 40323
            [NARUCITELJ_POSTA] => 40323
            [NARUCITELJ_TELEFON] => 0981984435
            [NARUCITELJ_NAZIV] => 
            [NARUCITELJ_OIB] => 
            [NARUCITELJ_VAT] => 
            [NARUCITELJ_ZEMLJA] => HRV
            [DOSTAVA_IME_PREZIME] => Josipa Jambrović
            [DOSTAVA_ADRESA] => Čakovečka 61
            [DOSTAVA_MJESTO] => Prelog, 40323
            [DOSTAVA_POSTA] => 40323
            [NAPOMENA] => 
            [VALUTA] => 191
            [IZNOS_UKUPNO] => 210.00
            [TECAJ] => 1
        )

    [stavke] => Array
        (
            [0] => Array
                (
                    [IDROBA] => US00000203
                    [KOLICINA] => 1
                    [CIJENA] => 35
                    [RABAT] => 0
                    [IZNOS] => 35
                )

            [1] => Array
                (
                    [IDROBA] => M7029.XL
                    [KOLICINA] => 1
                    [CIJENA] => 87.50
                    [RABAT] => 0
                    [IZNOS] => 87.50
                )

            [2] => Array
                (
                    [IDROBA] => M7032.XL
                    [KOLICINA] => 1
                    [CIJENA] => 87.50
                    [RABAT] => 0
                    [IZNOS] => 87.50
                )

        )

)

2021-01-18 9:43:57 - Array
(
    [creating] => start
    [ZAPIS] => Array
        (
            [IDDOK] => NAW
            [BROJDOK] => 27
            [STAVAKA] => 3
            [STAVKA] => 3
            [KOLICINA_SIFRA] => 0
            [DATUM] => 2021-01-18 00:00:00
            [TEXT_GRESKE] => 
            [KNJIZENO_KARTICA] => 
            [KNJIZENO_GLKNJIGA] => 
            [ZAKJUCANI_DN] => NE
        )

)

