2021-01-12 8:13:35 - Array
(
    [order_id] => 190
    [invoice_no] => 0
    [invoice_prefix] => INV-2020-00
    [store_id] => 0
    [store_name] => KOZO UNDERWEAR
    [store_url] => https://www.kozo-underwear.hr/
    [customer_id] => 137
    [customer_group_id] => 1
    [firstname] => Alen
    [lastname] => Perhat
    [email] => alen@fastmail.com
    [telephone] => 099 456 3040
    [fax] => 
    [custom_field] => 
    [payment_firstname] => Alen
    [payment_lastname] => Perhat
    [payment_company] => 
    [payment_address_1] => Sušik 8
    [payment_address_2] => 
    [payment_city] => Tribalj
    [payment_postcode] => 51243
    [payment_country] => Croatia
    [payment_country_id] => 53
    [payment_zone] => HR
    [payment_zone_id] => 848
    [payment_address_format] => 
    [payment_custom_field] => 
    [payment_method] => Bankovna transakcija (internet bankarstvo)
    [payment_code] => bank_transfer
    [shipping_firstname] => Alen
    [shipping_lastname] => Perhat
    [shipping_company] => 
    [shipping_address_1] => Sušik 8
    [shipping_address_2] => 
    [shipping_city] => Tribalj
    [shipping_postcode] => 51243
    [shipping_country] => Croatia
    [shipping_country_id] => 53
    [shipping_zone] => HR
    [shipping_zone_id] => 848
    [shipping_address_format] => 
    [shipping_custom_field] => 
    [shipping_method] => Dostava Intereuropa Hrvatska - Besplatna dostava za narudžbe iznad 350kn
    [shipping_code] => ultimate_shipping.ultimate_shipping_0
    [comment] => 
    [total] => 371.0000
    [order_status_id] => 1
    [affiliate_id] => 0
    [commission] => 0.0000
    [marketing_id] => 0
    [tracking] => 
    [language_id] => 2
    [currency_id] => 4
    [currency_code] => HRK
    [currency_value] => 1.00000000
    [ip] => 78.0.47.178
    [forwarded_ip] => 
    [user_agent] => Mozilla/5.0 (Windows NT 10.0; Win64; x64; rv:84.0) Gecko/20100101 Firefox/84.0
    [accept_language] => en-US,en;q=0.5
    [paid_order] => 0
    [intereuropa] => 1
    [date_added] => 2021-01-09 11:54:28
    [date_modified] => 2021-01-09 11:54:44
    [products] => Array
        (
            [0] => Array
                (
                    [order_product_id] => 483
                    [order_id] => 190
                    [product_id] => 66
                    [name] => MUŠKA MAJICA V IZREZ BIJELA
                    [model] => M7010
                    [quantity] => 3
                    [price] => 112.0000
                    [total] => 336.0000
                    [tax] => 0.0000
                    [reward] => 0
                    [option] => Array
                        (
                            [order_option_id] => 427
                            [order_id] => 190
                            [order_product_id] => 483
                            [product_option_id] => 228
                            [product_option_value_id] => 20
                            [name] => Veličina
                            [value] => XL
                            [type] => radio
                            [sku] => 
                            [option_data] => Array
                                (
                                    [product_option_value_id] => 20
                                    [product_option_id] => 228
                                    [product_id] => 66
                                    [option_id] => 13
                                    [option_value_id] => 49
                                    [quantity] => 5
                                    [subtract] => 1
                                    [price] => 0.0000
                                    [price_prefix] => 
                                    [points] => 0
                                    [points_prefix] => +
                                    [weight] => 0.00000000
                                    [weight_prefix] => +
                                    [sku] => M7010.XL
                                )

                        )

                )

        )

    [totals] => Array
        (
            [0] => Array
                (
                    [order_total_id] => 618
                    [order_id] => 190
                    [code] => sub_total
                    [title] => Među suma
                    [value] => 336.0000
                    [sort_order] => 1
                )

            [1] => Array
                (
                    [order_total_id] => 619
                    [order_id] => 190
                    [code] => shipping
                    [title] => Dostava Intereuropa Hrvatska - Besplatna dostava za narudžbe iznad 350kn
                    [value] => 35.0000
                    [sort_order] => 3
                )

            [2] => Array
                (
                    [order_total_id] => 620
                    [order_id] => 190
                    [code] => total
                    [title] => Ukupno
                    [value] => 371.0000
                    [sort_order] => 9
                )

        )

    [status] => Array
        (
            [order_status_id] => 1
            [language_id] => 1
            [name] => Pending
        )

)

2021-01-12 8:13:36 - Array
(
    [narudzba] => Array
        (
            [CMS_ID] => KHR190
            [DATUM_VRIJEME] => 09.01.2021 11:54:44
            [NARUCITELJ_CMS_ID] => 1
            [NARUCITELJ_EMAIL] => alen@fastmail.com
            [NARUCITELJ_IME] => Alen
            [NARUCITELJ_PREZIME] => Perhat
            [NARUCITELJ_ADRESA] => Sušik 8
            [NARUCITELJ_MJESTO] => Tribalj
            [NARUCITELJ_POSTA] => 51243
            [NARUCITELJ_TELEFON] => 099 456 3040
            [NARUCITELJ_NAZIV] => 
            [NARUCITELJ_OIB] => 
            [NARUCITELJ_VAT] => 
            [NARUCITELJ_ZEMLJA] => HRV
            [DOSTAVA_IME_PREZIME] => Alen Perhat
            [DOSTAVA_ADRESA] => Sušik 8
            [DOSTAVA_MJESTO] => Tribalj
            [DOSTAVA_POSTA] => 51243
            [NAPOMENA] => 
            [VALUTA] => 191
            [IZNOS_UKUPNO] => 371.00
            [TECAJ] => 1
        )

    [stavke] => Array
        (
            [0] => Array
                (
                    [IDROBA] => US00000203
                    [KOLICINA] => 1
                    [CIJENA] => 35
                    [RABAT] => 0
                    [IZNOS] => 35
                )

            [1] => Array
                (
                    [IDROBA] => M7010.XL
                    [KOLICINA] => 3
                    [CIJENA] => 112.00
                    [RABAT] => 0
                    [IZNOS] => 336.00
                )

        )

)

2021-01-12 8:13:37 - Illuminate\Support\Collection Object
(
    [items:protected] => Array
        (
            [creating] => start
            [ZAPIS] => Array
                (
                    [IDDOK] => NAW
                    [BROJDOK] => 13
                    [STAVAKA] => 2
                    [STAVKA] => 2
                    [KOLICINA_SIFRA] => 0
                    [DATUM] => 2021-01-12 00:00:00
                    [TEXT_GRESKE] => 
                    [KNJIZENO_KARTICA] => 
                    [KNJIZENO_GLKNJIGA] => 
                    [ZAKJUCANI_DN] => NE
                )

        )

)

