2021-01-07 13:53:09 - &idfirma=1
2021-01-07 13:53:09 - Array
(
    [narudzba] => Array
        (
            [CMS_ID] => KHR176
            [DATUM_VRIJEME] => 06.01.2021 13:52:48
            [NARUCITELJ_CMS_ID] => 1
            [NARUCITELJ_EMAIL] => jopy982@gmail.com
            [NARUCITELJ_IME] => Josip
            [NARUCITELJ_PREZIME] => Filipović
            [NARUCITELJ_ADRESA] => Janka Polić Kamova 95B
            [NARUCITELJ_MJESTO] => Rijeka
            [NARUCITELJ_POSTA] => 51000
            [NARUCITELJ_TELEFON] => 095 366 1526
            [NARUCITELJ_NAZIV] => 
            [NARUCITELJ_OIB] => 
            [NARUCITELJ_VAT] => 
            [NARUCITELJ_ZEMLJA] => HRV
            [DOSTAVA_IME_PREZIME] => Josip Filipović
            [DOSTAVA_ADRESA] => Janka Polić Kamova 95B
            [DOSTAVA_MJESTO] => Rijeka
            [DOSTAVA_POSTA] => 51000
            [NAPOMENA] => 
            [VALUTA] => 191
            [IZNOS_UKUPNO] => 208.60
            [TECAJ] => 1
        )

    [stavke] => Array
        (
            [0] => Array
                (
                    [IDROBA] => US00000203
                    [KOLICINA] => 1
                    [CIJENA] => 35
                    [RABAT] => 0
                    [IZNOS] => 35
                )

            [1] => Array
                (
                    [IDROBA] => M7042.L
                    [KOLICINA] => 2
                    [CIJENA] => 76.80
                    [RABAT] => 0
                    [IZNOS] => 153.60
                )

            [2] => Array
                (
                    [IDROBA] => P0018
                    [KOLICINA] => 1
                    [CIJENA] => 20.00
                    [RABAT] => 0
                    [IZNOS] => 20.00
                )

        )

)

2021-01-07 13:53:10 - Array
(
    [creating] => start
    [ZAPIS] => Array
        (
            [IDDOK] => NAW
            [BROJDOK] => 7
            [STAVAKA] => 3
            [STAVKA] => 3
            [KOLICINA_SIFRA] => 0
            [DATUM] => 2021-01-07 00:00:00
            [TEXT_GRESKE] => 
            [KNJIZENO_KARTICA] => 
            [KNJIZENO_GLKNJIGA] => 
            [ZAKJUCANI_DN] => NE
        )

)

