2021-01-18 9:42:29 - Array
(
    [order_id] => 207
    [invoice_no] => 0
    [invoice_prefix] => INV-2020-00
    [store_id] => 0
    [store_name] => KOZO UNDERWEAR
    [store_url] => https://www.kozo-underwear.hr/
    [customer_id] => 150
    [customer_group_id] => 1
    [firstname] => Nikolina
    [lastname] => Vincek
    [email] => nikolina.magdalenic@gmail.com
    [telephone] => 0919283867
    [fax] => 
    [custom_field] => 
    [payment_firstname] => Nikolina
    [payment_lastname] => Vincek
    [payment_company] => 
    [payment_address_1] => Vrtna 4
    [payment_address_2] => 
    [payment_city] => Trnovec B
    [payment_postcode] => 42202
    [payment_country] => Croatia
    [payment_country_id] => 53
    [payment_zone] => HR
    [payment_zone_id] => 848
    [payment_address_format] => 
    [payment_custom_field] => 
    [payment_method] => Plaćanje pouzećem
    [payment_code] => cod
    [shipping_firstname] => Nikolina
    [shipping_lastname] => Vincek
    [shipping_company] => 
    [shipping_address_1] => Vrtna 4
    [shipping_address_2] => 
    [shipping_city] => Trnovec B
    [shipping_postcode] => 42202
    [shipping_country] => Croatia
    [shipping_country_id] => 53
    [shipping_zone] => HR
    [shipping_zone_id] => 848
    [shipping_address_format] => 
    [shipping_custom_field] => 
    [shipping_method] => Dostava Intereuropa Hrvatska - Besplatna dostava za narudžbe iznad 350kn
    [shipping_code] => ultimate_shipping.ultimate_shipping_0
    [comment] => 
    [total] => 299.0000
    [order_status_id] => 5
    [affiliate_id] => 0
    [commission] => 0.0000
    [marketing_id] => 0
    [tracking] => 
    [language_id] => 2
    [currency_id] => 4
    [currency_code] => HRK
    [currency_value] => 1.00000000
    [ip] => 212.15.177.7
    [forwarded_ip] => 
    [user_agent] => Mozilla/5.0 (Linux; Android 8.0.0; SM-G935F Build/R16NW; wv) AppleWebKit/537.36 (KHTML, like Gecko) Version/4.0 Chrome/87.0.4280.141 Mobile Safari/537.36 [FB_IAB/FB4A;FBAV/301.0.0.37.477;]
    [accept_language] => hr-HR,hr;q=0.9,bs-BA;q=0.8,bs;q=0.7,en-US;q=0.6,en;q=0.5
    [paid_order] => 0
    [intereuropa] => 1
    [date_added] => 2021-01-16 13:52:09
    [date_modified] => 2021-01-16 13:52:17
    [products] => Array
        (
            [0] => Array
                (
                    [order_product_id] => 532
                    [order_id] => 207
                    [product_id] => 179
                    [name] => MUŠKA PIDŽAMA
                    [model] => M5011
                    [quantity] => 1
                    [price] => 264.0000
                    [total] => 264.0000
                    [tax] => 0.0000
                    [reward] => 0
                    [option] => Array
                        (
                            [order_option_id] => 472
                            [order_id] => 207
                            [order_product_id] => 532
                            [product_option_id] => 343
                            [product_option_value_id] => 568
                            [name] => Veličina
                            [value] => S
                            [type] => radio
                            [sku] => 
                            [option_data] => Array
                                (
                                    [product_option_value_id] => 568
                                    [product_option_id] => 343
                                    [product_id] => 179
                                    [option_id] => 13
                                    [option_value_id] => 52
                                    [quantity] => 20
                                    [subtract] => 1
                                    [price] => 0.0000
                                    [price_prefix] => +
                                    [points] => 0
                                    [points_prefix] => +
                                    [weight] => 0.00000000
                                    [weight_prefix] => +
                                    [sku] => M5011.S
                                )

                        )

                )

        )

    [totals] => Array
        (
            [0] => Array
                (
                    [order_total_id] => 682
                    [order_id] => 207
                    [code] => sub_total
                    [title] => Među suma
                    [value] => 264.0000
                    [sort_order] => 1
                )

            [1] => Array
                (
                    [order_total_id] => 683
                    [order_id] => 207
                    [code] => shipping
                    [title] => Dostava Intereuropa Hrvatska - Besplatna dostava za narudžbe iznad 350kn
                    [value] => 35.0000
                    [sort_order] => 3
                )

            [2] => Array
                (
                    [order_total_id] => 684
                    [order_id] => 207
                    [code] => total
                    [title] => Ukupno
                    [value] => 299.0000
                    [sort_order] => 9
                )

        )

    [status] => Array
        (
            [order_status_id] => 5
            [language_id] => 1
            [name] => Complete
        )

)

2021-01-18 9:42:29 - Array
(
    [narudzba] => Array
        (
            [CMS_ID] => KHR207
            [DATUM_VRIJEME] => 16.01.2021 13:52:17
            [NARUCITELJ_CMS_ID] => 1
            [NARUCITELJ_EMAIL] => nikolina.magdalenic@gmail.com
            [NARUCITELJ_IME] => Nikolina
            [NARUCITELJ_PREZIME] => Vincek
            [NARUCITELJ_ADRESA] => Vrtna 4
            [NARUCITELJ_MJESTO] => Trnovec B
            [NARUCITELJ_POSTA] => 42202
            [NARUCITELJ_TELEFON] => 0919283867
            [NARUCITELJ_NAZIV] => 
            [NARUCITELJ_OIB] => 
            [NARUCITELJ_VAT] => 
            [NARUCITELJ_ZEMLJA] => HRV
            [DOSTAVA_IME_PREZIME] => Nikolina Vincek
            [DOSTAVA_ADRESA] => Vrtna 4
            [DOSTAVA_MJESTO] => Trnovec B
            [DOSTAVA_POSTA] => 42202
            [NAPOMENA] => 
            [VALUTA] => 191
            [IZNOS_UKUPNO] => 299.00
            [TECAJ] => 1
        )

    [stavke] => Array
        (
            [0] => Array
                (
                    [IDROBA] => US00000203
                    [KOLICINA] => 1
                    [CIJENA] => 35
                    [RABAT] => 0
                    [IZNOS] => 35
                )

            [1] => Array
                (
                    [IDROBA] => M5011.S
                    [KOLICINA] => 1
                    [CIJENA] => 264.00
                    [RABAT] => 0
                    [IZNOS] => 264.00
                )

        )

)

2021-01-18 9:42:31 - Illuminate\Support\Collection Object
(
    [items:protected] => Array
        (
            [creating] => start
            [ZAPIS] => Array
                (
                    [IDDOK] => NAW
                    [BROJDOK] => 24
                    [STAVAKA] => 2
                    [STAVKA] => 2
                    [KOLICINA_SIFRA] => 0
                    [DATUM] => 2021-01-18 00:00:00
                    [TEXT_GRESKE] => 
                    [KNJIZENO_KARTICA] => 
                    [KNJIZENO_GLKNJIGA] => 
                    [ZAKJUCANI_DN] => NE
                )

        )

)

