2021-01-18 9:43:55 - Array
(
    [order_id] => 211
    [invoice_no] => 0
    [invoice_prefix] => INV-2020-00
    [store_id] => 0
    [store_name] => KOZO UNDERWEAR
    [store_url] => https://www.kozo-underwear.hr/
    [customer_id] => 154
    [customer_group_id] => 1
    [firstname] => Josipa
    [lastname] => Jambrović
    [email] => josipa.pintaric94@gmail.com
    [telephone] => 0981984435
    [fax] => 
    [custom_field] => 
    [payment_firstname] => Josipa
    [payment_lastname] => Jambrović
    [payment_company] => 
    [payment_address_1] => Čakovečka 61
    [payment_address_2] => 
    [payment_city] => Prelog, 40323
    [payment_postcode] => 40323
    [payment_country] => Croatia
    [payment_country_id] => 53
    [payment_zone] => HR
    [payment_zone_id] => 848
    [payment_address_format] => 
    [payment_custom_field] => 
    [payment_method] => Plaćanje pouzećem
    [payment_code] => cod
    [shipping_firstname] => Josipa
    [shipping_lastname] => Jambrović
    [shipping_company] => 
    [shipping_address_1] => Čakovečka 61
    [shipping_address_2] => 
    [shipping_city] => Prelog, 40323
    [shipping_postcode] => 40323
    [shipping_country] => Croatia
    [shipping_country_id] => 53
    [shipping_zone] => HR
    [shipping_zone_id] => 848
    [shipping_address_format] => 
    [shipping_custom_field] => 
    [shipping_method] => Dostava Intereuropa Hrvatska - Besplatna dostava za narudžbe iznad 350kn
    [shipping_code] => ultimate_shipping.ultimate_shipping_0
    [comment] => 
    [total] => 210.0000
    [order_status_id] => 5
    [affiliate_id] => 0
    [commission] => 0.0000
    [marketing_id] => 0
    [tracking] => 
    [language_id] => 2
    [currency_id] => 4
    [currency_code] => HRK
    [currency_value] => 1.00000000
    [ip] => 5.43.168.206
    [forwarded_ip] => 
    [user_agent] => Mozilla/5.0 (Linux; Android 10; CLT-L29) AppleWebKit/537.36 (KHTML, like Gecko) Chrome/87.0.4280.141 Mobile Safari/537.36
    [accept_language] => hr-HR,hr;q=0.9,en-US;q=0.8,en;q=0.7,bs;q=0.6
    [paid_order] => 0
    [intereuropa] => 1
    [date_added] => 2021-01-18 09:34:22
    [date_modified] => 2021-01-18 09:34:43
    [products] => Array
        (
            [0] => Array
                (
                    [order_product_id] => 539
                    [order_id] => 211
                    [product_id] => 98
                    [name] => MUŠKE BOKSERICE TAMNO PLAVE TAMNO PLAVE
                    [model] => M7029
                    [quantity] => 1
                    [price] => 87.5000
                    [total] => 87.5000
                    [tax] => 0.0000
                    [reward] => 0
                    [option] => Array
                        (
                            [order_option_id] => 479
                            [order_id] => 211
                            [order_product_id] => 539
                            [product_option_id] => 261
                            [product_option_value_id] => 196
                            [name] => Veličina
                            [value] => XL
                            [type] => radio
                            [sku] => 
                            [option_data] => Array
                                (
                                    [product_option_value_id] => 196
                                    [product_option_id] => 261
                                    [product_id] => 98
                                    [option_id] => 13
                                    [option_value_id] => 49
                                    [quantity] => 15
                                    [subtract] => 1
                                    [price] => 0.0000
                                    [price_prefix] => +
                                    [points] => 0
                                    [points_prefix] => +
                                    [weight] => 0.00000000
                                    [weight_prefix] => +
                                    [sku] => M7029.XL
                                )

                        )

                )

            [1] => Array
                (
                    [order_product_id] => 540
                    [order_id] => 211
                    [product_id] => 100
                    [name] => MUŠKE BOKSERICE HIPSTER CRVENE
                    [model] => M7032
                    [quantity] => 1
                    [price] => 87.5000
                    [total] => 87.5000
                    [tax] => 0.0000
                    [reward] => 0
                    [option] => Array
                        (
                            [order_option_id] => 480
                            [order_id] => 211
                            [order_product_id] => 540
                            [product_option_id] => 263
                            [product_option_value_id] => 206
                            [name] => Veličina
                            [value] => XL
                            [type] => radio
                            [sku] => 
                            [option_data] => Array
                                (
                                    [product_option_value_id] => 206
                                    [product_option_id] => 263
                                    [product_id] => 100
                                    [option_id] => 13
                                    [option_value_id] => 49
                                    [quantity] => 23
                                    [subtract] => 1
                                    [price] => 0.0000
                                    [price_prefix] => +
                                    [points] => 0
                                    [points_prefix] => +
                                    [weight] => 0.00000000
                                    [weight_prefix] => +
                                    [sku] => M7032.XL
                                )

                        )

                )

        )

    [totals] => Array
        (
            [0] => Array
                (
                    [order_total_id] => 694
                    [order_id] => 211
                    [code] => sub_total
                    [title] => Među suma
                    [value] => 175.0000
                    [sort_order] => 1
                )

            [1] => Array
                (
                    [order_total_id] => 695
                    [order_id] => 211
                    [code] => shipping
                    [title] => Dostava Intereuropa Hrvatska - Besplatna dostava za narudžbe iznad 350kn
                    [value] => 35.0000
                    [sort_order] => 3
                )

            [2] => Array
                (
                    [order_total_id] => 696
                    [order_id] => 211
                    [code] => total
                    [title] => Ukupno
                    [value] => 210.0000
                    [sort_order] => 9
                )

        )

    [status] => Array
        (
            [order_status_id] => 5
            [language_id] => 1
            [name] => Complete
        )

)

2021-01-18 9:43:55 - Array
(
    [narudzba] => Array
        (
            [CMS_ID] => KHR211
            [DATUM_VRIJEME] => 18.01.2021 09:34:43
            [NARUCITELJ_CMS_ID] => 1
            [NARUCITELJ_EMAIL] => josipa.pintaric94@gmail.com
            [NARUCITELJ_IME] => Josipa
            [NARUCITELJ_PREZIME] => Jambrović
            [NARUCITELJ_ADRESA] => Čakovečka 61
            [NARUCITELJ_MJESTO] => Prelog, 40323
            [NARUCITELJ_POSTA] => 40323
            [NARUCITELJ_TELEFON] => 0981984435
            [NARUCITELJ_NAZIV] => 
            [NARUCITELJ_OIB] => 
            [NARUCITELJ_VAT] => 
            [NARUCITELJ_ZEMLJA] => HRV
            [DOSTAVA_IME_PREZIME] => Josipa Jambrović
            [DOSTAVA_ADRESA] => Čakovečka 61
            [DOSTAVA_MJESTO] => Prelog, 40323
            [DOSTAVA_POSTA] => 40323
            [NAPOMENA] => 
            [VALUTA] => 191
            [IZNOS_UKUPNO] => 210.00
            [TECAJ] => 1
        )

    [stavke] => Array
        (
            [0] => Array
                (
                    [IDROBA] => US00000203
                    [KOLICINA] => 1
                    [CIJENA] => 35
                    [RABAT] => 0
                    [IZNOS] => 35
                )

            [1] => Array
                (
                    [IDROBA] => M7029.XL
                    [KOLICINA] => 1
                    [CIJENA] => 87.50
                    [RABAT] => 0
                    [IZNOS] => 87.50
                )

            [2] => Array
                (
                    [IDROBA] => M7032.XL
                    [KOLICINA] => 1
                    [CIJENA] => 87.50
                    [RABAT] => 0
                    [IZNOS] => 87.50
                )

        )

)

2021-01-18 9:43:57 - Illuminate\Support\Collection Object
(
    [items:protected] => Array
        (
            [creating] => start
            [ZAPIS] => Array
                (
                    [IDDOK] => NAW
                    [BROJDOK] => 27
                    [STAVAKA] => 3
                    [STAVKA] => 3
                    [KOLICINA_SIFRA] => 0
                    [DATUM] => 2021-01-18 00:00:00
                    [TEXT_GRESKE] => 
                    [KNJIZENO_KARTICA] => 
                    [KNJIZENO_GLKNJIGA] => 
                    [ZAKJUCANI_DN] => NE
                )

        )

)

