2021-01-15 8:12:53 - Array
(
    [order_id] => 206
    [invoice_no] => 0
    [invoice_prefix] => INV-2020-00
    [store_id] => 0
    [store_name] => KOZO UNDERWEAR
    [store_url] => https://www.kozo-underwear.hr/
    [customer_id] => 120
    [customer_group_id] => 1
    [firstname] => Dea 
    [lastname] => Zeba
    [email] => deazeba5@gmail.com
    [telephone] => 0995509605
    [fax] => 
    [custom_field] => 
    [payment_firstname] => Dea
    [payment_lastname] => Zeba
    [payment_company] => 
    [payment_address_1] => Pavlovićka 2c
    [payment_address_2] => 
    [payment_city] => Gornji Stupnik
    [payment_postcode] => 10255
    [payment_country] => Croatia
    [payment_country_id] => 53
    [payment_zone] => 
    [payment_zone_id] => 0
    [payment_address_format] => 
    [payment_custom_field] => 
    [payment_method] => Plaćanje pouzećem
    [payment_code] => cod
    [shipping_firstname] => Dea
    [shipping_lastname] => Zeba
    [shipping_company] => 
    [shipping_address_1] => Pavlovićka 2c
    [shipping_address_2] => 
    [shipping_city] => Gornji Stupnik
    [shipping_postcode] => 10255
    [shipping_country] => Croatia
    [shipping_country_id] => 53
    [shipping_zone] => 
    [shipping_zone_id] => 0
    [shipping_address_format] => 
    [shipping_custom_field] => 
    [shipping_method] => Dostava Intereuropa Hrvatska - Besplatna dostava za narudžbe iznad 350kn
    [shipping_code] => ultimate_shipping.ultimate_shipping_0
    [comment] => 
    [total] => 175.0000
    [order_status_id] => 5
    [affiliate_id] => 0
    [commission] => 0.0000
    [marketing_id] => 0
    [tracking] => 
    [language_id] => 2
    [currency_id] => 4
    [currency_code] => HRK
    [currency_value] => 1.00000000
    [ip] => 91.131.197.204
    [forwarded_ip] => 
    [user_agent] => Mozilla/5.0 (Linux; Android 8.1.0; CLT-L29 Build/HUAWEICLT-L29; wv) AppleWebKit/537.36 (KHTML, like Gecko) Version/4.0 Chrome/87.0.4280.141 Mobile Safari/537.36 [FB_IAB/FB4A;FBAV/300.2.0.58.129;]
    [accept_language] => hr-HR,hr;q=0.9,en-US;q=0.8,en;q=0.7
    [paid_order] => 0
    [intereuropa] => 1
    [date_added] => 2021-01-15 00:10:36
    [date_modified] => 2021-01-15 00:10:43
    [products] => Array
        (
            [0] => Array
                (
                    [order_product_id] => 525
                    [order_id] => 206
                    [product_id] => 74
                    [name] => MUŠKA PIDŽAMA GORNJI DIO
                    [model] => M5004
                    [quantity] => 1
                    [price] => 140.0000
                    [total] => 140.0000
                    [tax] => 0.0000
                    [reward] => 0
                    [option] => Array
                        (
                            [order_option_id] => 466
                            [order_id] => 206
                            [order_product_id] => 525
                            [product_option_id] => 237
                            [product_option_value_id] => 64
                            [name] => Veličina
                            [value] => S
                            [type] => radio
                            [sku] => 
                            [option_data] => Array
                                (
                                    [product_option_value_id] => 64
                                    [product_option_id] => 237
                                    [product_id] => 74
                                    [option_id] => 13
                                    [option_value_id] => 52
                                    [quantity] => 16
                                    [subtract] => 1
                                    [price] => 0.0000
                                    [price_prefix] => 
                                    [points] => 0
                                    [points_prefix] => +
                                    [weight] => 0.00000000
                                    [weight_prefix] => +
                                    [sku] => M5004.S
                                )

                        )

                )

        )

    [totals] => Array
        (
            [0] => Array
                (
                    [order_total_id] => 675
                    [order_id] => 206
                    [code] => sub_total
                    [title] => Među suma
                    [value] => 140.0000
                    [sort_order] => 1
                )

            [1] => Array
                (
                    [order_total_id] => 676
                    [order_id] => 206
                    [code] => shipping
                    [title] => Dostava Intereuropa Hrvatska - Besplatna dostava za narudžbe iznad 350kn
                    [value] => 35.0000
                    [sort_order] => 3
                )

            [2] => Array
                (
                    [order_total_id] => 677
                    [order_id] => 206
                    [code] => total
                    [title] => Ukupno
                    [value] => 175.0000
                    [sort_order] => 9
                )

        )

    [status] => Array
        (
            [order_status_id] => 5
            [language_id] => 1
            [name] => Complete
        )

)

2021-01-15 8:12:53 - Array
(
    [narudzba] => Array
        (
            [CMS_ID] => KHR206
            [DATUM_VRIJEME] => 15.01.2021 00:10:43
            [NARUCITELJ_CMS_ID] => 1
            [NARUCITELJ_EMAIL] => deazeba5@gmail.com
            [NARUCITELJ_IME] => Dea
            [NARUCITELJ_PREZIME] => Zeba
            [NARUCITELJ_ADRESA] => Pavlovićka 2c
            [NARUCITELJ_MJESTO] => Gornji Stupnik
            [NARUCITELJ_POSTA] => 10255
            [NARUCITELJ_TELEFON] => 0995509605
            [NARUCITELJ_NAZIV] => 
            [NARUCITELJ_OIB] => 
            [NARUCITELJ_VAT] => 
            [NARUCITELJ_ZEMLJA] => HRV
            [DOSTAVA_IME_PREZIME] => Dea Zeba
            [DOSTAVA_ADRESA] => Pavlovićka 2c
            [DOSTAVA_MJESTO] => Gornji Stupnik
            [DOSTAVA_POSTA] => 10255
            [NAPOMENA] => 
            [VALUTA] => 191
            [IZNOS_UKUPNO] => 175.00
            [TECAJ] => 1
        )

    [stavke] => Array
        (
            [0] => Array
                (
                    [IDROBA] => US00000203
                    [KOLICINA] => 1
                    [CIJENA] => 35
                    [RABAT] => 0
                    [IZNOS] => 35
                )

            [1] => Array
                (
                    [IDROBA] => M5004.S
                    [KOLICINA] => 1
                    [CIJENA] => 140.00
                    [RABAT] => 0
                    [IZNOS] => 140.00
                )

        )

)

2021-01-15 8:12:54 - Illuminate\Support\Collection Object
(
    [items:protected] => Array
        (
            [creating] => start
            [ZAPIS] => Array
                (
                    [IDDOK] => NAW
                    [BROJDOK] => 23
                    [STAVAKA] => 2
                    [STAVKA] => 2
                    [KOLICINA_SIFRA] => 0
                    [DATUM] => 2021-01-15 00:00:00
                    [TEXT_GRESKE] => 
                    [KNJIZENO_KARTICA] => 
                    [KNJIZENO_GLKNJIGA] => 
                    [ZAKJUCANI_DN] => NE
                )

        )

)

