2021-01-13 8:24:15 - Array
(
    [order_id] => 198
    [invoice_no] => 0
    [invoice_prefix] => INV-2020-00
    [store_id] => 0
    [store_name] => KOZO UNDERWEAR
    [store_url] => https://www.kozo-underwear.hr/
    [customer_id] => 110
    [customer_group_id] => 1
    [firstname] => Kristina
    [lastname] => Hujs
    [email] => hujs@net.hr
    [telephone] => 0981306806
    [fax] => 
    [custom_field] => 
    [payment_firstname] => Kristina
    [payment_lastname] => Hujs
    [payment_company] => 
    [payment_address_1] => Matije Gupca 116
    [payment_address_2] => 
    [payment_city] => Donji Vidovec
    [payment_postcode] => 40327
    [payment_country] => Croatia
    [payment_country_id] => 53
    [payment_zone] => HR
    [payment_zone_id] => 848
    [payment_address_format] => 
    [payment_custom_field] => 
    [payment_method] => Bankovna transakcija (internet bankarstvo)
    [payment_code] => bank_transfer
    [shipping_firstname] => Kristina
    [shipping_lastname] => Hujs
    [shipping_company] => 
    [shipping_address_1] => Matije Gupca 116
    [shipping_address_2] => 
    [shipping_city] => Donji Vidovec
    [shipping_postcode] => 40327
    [shipping_country] => Croatia
    [shipping_country_id] => 53
    [shipping_zone] => HR
    [shipping_zone_id] => 848
    [shipping_address_format] => 
    [shipping_custom_field] => 
    [shipping_method] => Preuzmi kod nas - Trg republike 3, 40328 Donja Dubrava, Međimurska županija
    [shipping_code] => pickup.pickup
    [comment] => Order Comments: Poštovani

Molimo javite kad je roba spremna ,pa podignemo kod Vas i platimo pouzećem u gotovini..
Hvala

Lp
Kristina
    [total] => 243.5000
    [order_status_id] => 1
    [affiliate_id] => 0
    [commission] => 0.0000
    [marketing_id] => 0
    [tracking] => 
    [language_id] => 2
    [currency_id] => 4
    [currency_code] => HRK
    [currency_value] => 1.00000000
    [ip] => 78.2.37.63
    [forwarded_ip] => 
    [user_agent] => Mozilla/5.0 (iPhone; CPU iPhone OS 14_2 like Mac OS X) AppleWebKit/605.1.15 (KHTML, like Gecko) Mobile/15E148 [FBAN/FBIOS;FBDV/iPhone11,8;FBMD/iPhone;FBSN/iOS;FBSV/14.2;FBSS/2;FBID/phone;FBLC/hr_HR;FBOP/5]
    [accept_language] => hr-hr
    [paid_order] => 0
    [intereuropa] => 
    [date_added] => 2021-01-12 19:45:49
    [date_modified] => 2021-01-12 19:46:08
    [products] => Array
        (
            [0] => Array
                (
                    [order_product_id] => 508
                    [order_id] => 198
                    [product_id] => 79
                    [name] => MUŠKA PIDŽAMA DONJI DIO
                    [model] => M5008
                    [quantity] => 1
                    [price] => 156.0000
                    [total] => 156.0000
                    [tax] => 0.0000
                    [reward] => 0
                    [option] => Array
                        (
                            [order_option_id] => 450
                            [order_id] => 198
                            [order_product_id] => 508
                            [product_option_id] => 242
                            [product_option_value_id] => 92
                            [name] => Veličina
                            [value] => M
                            [type] => radio
                            [sku] => 
                            [option_data] => Array
                                (
                                    [product_option_value_id] => 92
                                    [product_option_id] => 242
                                    [product_id] => 79
                                    [option_id] => 13
                                    [option_value_id] => 51
                                    [quantity] => 24
                                    [subtract] => 1
                                    [price] => 0.0000
                                    [price_prefix] => 
                                    [points] => 0
                                    [points_prefix] => +
                                    [weight] => 0.00000000
                                    [weight_prefix] => +
                                    [sku] => M5008.M
                                )

                        )

                )

            [1] => Array
                (
                    [order_product_id] => 509
                    [order_id] => 198
                    [product_id] => 100
                    [name] => MUŠKE BOKSERICE HIPSTER CRVENE
                    [model] => M7032
                    [quantity] => 1
                    [price] => 87.5000
                    [total] => 87.5000
                    [tax] => 0.0000
                    [reward] => 0
                    [option] => Array
                        (
                            [order_option_id] => 451
                            [order_id] => 198
                            [order_product_id] => 509
                            [product_option_id] => 263
                            [product_option_value_id] => 205
                            [name] => Veličina
                            [value] => S
                            [type] => radio
                            [sku] => 
                            [option_data] => Array
                                (
                                    [product_option_value_id] => 205
                                    [product_option_id] => 263
                                    [product_id] => 100
                                    [option_id] => 13
                                    [option_value_id] => 52
                                    [quantity] => 21
                                    [subtract] => 1
                                    [price] => 0.0000
                                    [price_prefix] => +
                                    [points] => 0
                                    [points_prefix] => +
                                    [weight] => 0.00000000
                                    [weight_prefix] => +
                                    [sku] => M7032.S
                                )

                        )

                )

        )

    [totals] => Array
        (
            [0] => Array
                (
                    [order_total_id] => 650
                    [order_id] => 198
                    [code] => sub_total
                    [title] => Među suma
                    [value] => 243.5000
                    [sort_order] => 1
                )

            [1] => Array
                (
                    [order_total_id] => 651
                    [order_id] => 198
                    [code] => shipping
                    [title] => Preuzmi kod nas - Trg republike 3, 40328 Donja Dubrava, Međimurska županija
                    [value] => 0.0000
                    [sort_order] => 3
                )

            [2] => Array
                (
                    [order_total_id] => 652
                    [order_id] => 198
                    [code] => total
                    [title] => Ukupno
                    [value] => 243.5000
                    [sort_order] => 9
                )

        )

    [status] => Array
        (
            [order_status_id] => 1
            [language_id] => 1
            [name] => Pending
        )

)

2021-01-13 8:24:15 - Array
(
    [narudzba] => Array
        (
            [CMS_ID] => KHR198
            [DATUM_VRIJEME] => 12.01.2021 19:46:08
            [NARUCITELJ_CMS_ID] => 1
            [NARUCITELJ_EMAIL] => hujs@net.hr
            [NARUCITELJ_IME] => Kristina
            [NARUCITELJ_PREZIME] => Hujs
            [NARUCITELJ_ADRESA] => Matije Gupca 116
            [NARUCITELJ_MJESTO] => Donji Vidovec
            [NARUCITELJ_POSTA] => 40327
            [NARUCITELJ_TELEFON] => 0981306806
            [NARUCITELJ_NAZIV] => 
            [NARUCITELJ_OIB] => 
            [NARUCITELJ_VAT] => 
            [NARUCITELJ_ZEMLJA] => HRV
            [DOSTAVA_IME_PREZIME] => Kristina Hujs
            [DOSTAVA_ADRESA] => Matije Gupca 116
            [DOSTAVA_MJESTO] => Donji Vidovec
            [DOSTAVA_POSTA] => 40327
            [NAPOMENA] => Order Comments: Poštovani

Molimo javite kad je roba spremna ,pa podignemo kod Vas i platimo pouzećem u gotovini..
Hvala

Lp
Kristina
            [VALUTA] => 191
            [IZNOS_UKUPNO] => 243.50
            [TECAJ] => 1
        )

    [stavke] => Array
        (
            [0] => Array
                (
                    [IDROBA] => US00000203
                    [KOLICINA] => 1
                    [CIJENA] => 0
                    [RABAT] => 0
                    [IZNOS] => 0
                )

            [1] => Array
                (
                    [IDROBA] => M5008.M
                    [KOLICINA] => 1
                    [CIJENA] => 156.00
                    [RABAT] => 0
                    [IZNOS] => 156.00
                )

            [2] => Array
                (
                    [IDROBA] => M7032.S
                    [KOLICINA] => 1
                    [CIJENA] => 87.50
                    [RABAT] => 0
                    [IZNOS] => 87.50
                )

        )

)

2021-01-13 8:24:29 - Illuminate\Support\Collection Object
(
    [items:protected] => Array
        (
            [creating] => start
            [ZAPIS] => Array
                (
                    [IDDOK] => NAW
                    [BROJDOK] => 17
                    [STAVAKA] => 3
                    [STAVKA] => 3
                    [KOLICINA_SIFRA] => 0
                    [DATUM] => 2021-01-13 00:00:00
                    [TEXT_GRESKE] => 
                    [KNJIZENO_KARTICA] => 
                    [KNJIZENO_GLKNJIGA] => 
                    [ZAKJUCANI_DN] => NE
                )

        )

)

