2021-01-14 8:53:13 - &idfirma=1
2021-01-14 8:53:13 - Array
(
    [narudzba] => Array
        (
            [CMS_ID] => KHR199
            [DATUM_VRIJEME] => 13.01.2021 20:07:52
            [NARUCITELJ_CMS_ID] => 1
            [NARUCITELJ_EMAIL] => Bino@In-con.hr
            [NARUCITELJ_IME] => Bino 
            [NARUCITELJ_PREZIME] => Vlahovic 
            [NARUCITELJ_ADRESA] => Remetinečka cesta 112C 
            [NARUCITELJ_MJESTO] => Zagreb 
            [NARUCITELJ_POSTA] => 10000
            [NARUCITELJ_TELEFON] => 098/9808042
            [NARUCITELJ_NAZIV] => 
            [NARUCITELJ_OIB] => 
            [NARUCITELJ_VAT] => 
            [NARUCITELJ_ZEMLJA] => HRV
            [DOSTAVA_IME_PREZIME] => In-con doo Vlahovic Bino 
            [DOSTAVA_ADRESA] => Jaruščica 1 d
            [DOSTAVA_MJESTO] => Zagreb 
            [DOSTAVA_POSTA] => 10000
            [NAPOMENA] => 
            [VALUTA] => 191
            [IZNOS_UKUPNO] => 376.00
            [TECAJ] => 1
        )

    [stavke] => Array
        (
            [0] => Array
                (
                    [IDROBA] => US00000203
                    [KOLICINA] => 1
                    [CIJENA] => 0
                    [RABAT] => 0
                    [IZNOS] => 0
                )

            [1] => Array
                (
                    [IDROBA] => M7009.XL
                    [KOLICINA] => 1
                    [CIJENA] => 112.00
                    [RABAT] => 0
                    [IZNOS] => 112.00
                )

            [2] => Array
                (
                    [IDROBA] => M5010.XL
                    [KOLICINA] => 1
                    [CIJENA] => 264.00
                    [RABAT] => 0
                    [IZNOS] => 264.00
                )

        )

)

2021-01-14 8:53:15 - Array
(
    [creating] => start
    [ZAPIS] => Array
        (
            [IDDOK] => NAW
            [BROJDOK] => 18
            [STAVAKA] => 3
            [STAVKA] => 3
            [KOLICINA_SIFRA] => 0
            [DATUM] => 2021-01-14 00:00:00
            [TEXT_GRESKE] => 
            [KNJIZENO_KARTICA] => 
            [KNJIZENO_GLKNJIGA] => 
            [ZAKJUCANI_DN] => NE
        )

)

