2021-01-19 9:43:19 - Array
(
    [order_id] => 212
    [invoice_no] => 0
    [invoice_prefix] => INV-2020-00
    [store_id] => 0
    [store_name] => KOZO UNDERWEAR
    [store_url] => https://www.kozo-underwear.hr/
    [customer_id] => 155
    [customer_group_id] => 1
    [firstname] => Damira
    [lastname] => Bilandžić
    [email] => damiraskare@gmail.com
    [telephone] => 0915627746
    [fax] => 
    [custom_field] => 
    [payment_firstname] => Damira
    [payment_lastname] => Bilandžić
    [payment_company] => 
    [payment_address_1] => Ante Katunarića 12 
    [payment_address_2] => 
    [payment_city] => Split
    [payment_postcode] => 21000
    [payment_country] => Croatia
    [payment_country_id] => 53
    [payment_zone] => HR
    [payment_zone_id] => 848
    [payment_address_format] => 
    [payment_custom_field] => 
    [payment_method] => Plaćanje pouzećem
    [payment_code] => cod
    [shipping_firstname] => Damira
    [shipping_lastname] => Bilandžić
    [shipping_company] => 
    [shipping_address_1] => Ante Katunarića 12 
    [shipping_address_2] => 
    [shipping_city] => Split
    [shipping_postcode] => 21000
    [shipping_country] => Croatia
    [shipping_country_id] => 53
    [shipping_zone] => HR
    [shipping_zone_id] => 848
    [shipping_address_format] => 
    [shipping_custom_field] => 
    [shipping_method] => Dostava Intereuropa Hrvatska - Besplatna dostava za narudžbe iznad 350kn
    [shipping_code] => ultimate_shipping.ultimate_shipping_0
    [comment] => 
    [total] => 243.0000
    [order_status_id] => 5
    [affiliate_id] => 0
    [commission] => 0.0000
    [marketing_id] => 0
    [tracking] => 
    [language_id] => 2
    [currency_id] => 4
    [currency_code] => HRK
    [currency_value] => 1.00000000
    [ip] => 213.149.61.182
    [forwarded_ip] => 
    [user_agent] => Mozilla/5.0 (Linux; Android 8.1.0; SNE-LX1 Build/HUAWEISNE-LX1; wv) AppleWebKit/537.36 (KHTML, like Gecko) Version/4.0 Chrome/87.0.4280.141 Mobile Safari/537.36 [FB_IAB/FB4A;FBAV/301.0.0.37.477;]
    [accept_language] => hr-HR,hr;q=0.9,en-US;q=0.8,en;q=0.7
    [paid_order] => 0
    [intereuropa] => 1
    [date_added] => 2021-01-18 22:24:02
    [date_modified] => 2021-01-18 22:24:10
    [products] => Array
        (
            [0] => Array
                (
                    [order_product_id] => 541
                    [order_id] => 212
                    [product_id] => 114
                    [name] => MUŠKE GAĆE SLIP PRINT SQUARES
                    [model] => M7045
                    [quantity] => 1
                    [price] => 76.8000
                    [total] => 76.8000
                    [tax] => 0.0000
                    [reward] => 0
                    [option] => Array
                        (
                            [order_option_id] => 481
                            [order_id] => 212
                            [order_product_id] => 541
                            [product_option_id] => 277
                            [product_option_value_id] => 263
                            [name] => Veličina
                            [value] => L
                            [type] => radio
                            [sku] => 
                            [option_data] => Array
                                (
                                    [product_option_value_id] => 263
                                    [product_option_id] => 277
                                    [product_id] => 114
                                    [option_id] => 13
                                    [option_value_id] => 50
                                    [quantity] => 25
                                    [subtract] => 1
                                    [price] => 0.0000
                                    [price_prefix] => 
                                    [points] => 0
                                    [points_prefix] => +
                                    [weight] => 0.00000000
                                    [weight_prefix] => +
                                    [sku] => M7045.L
                                )

                        )

                )

            [1] => Array
                (
                    [order_product_id] => 542
                    [order_id] => 212
                    [product_id] => 126
                    [name] => MUŠKE GAĆE SLIP CRNE
                    [model] => M7061
                    [quantity] => 1
                    [price] => 65.6000
                    [total] => 65.6000
                    [tax] => 0.0000
                    [reward] => 0
                    [option] => Array
                        (
                            [order_option_id] => 482
                            [order_id] => 212
                            [order_product_id] => 542
                            [product_option_id] => 289
                            [product_option_value_id] => 330
                            [name] => Veličina
                            [value] => L
                            [type] => radio
                            [sku] => 
                            [option_data] => Array
                                (
                                    [product_option_value_id] => 330
                                    [product_option_id] => 289
                                    [product_id] => 126
                                    [option_id] => 13
                                    [option_value_id] => 50
                                    [quantity] => 9
                                    [subtract] => 1
                                    [price] => 0.0000
                                    [price_prefix] => 
                                    [points] => 0
                                    [points_prefix] => +
                                    [weight] => 0.00000000
                                    [weight_prefix] => +
                                    [sku] => M7061.L
                                )

                        )

                )

            [2] => Array
                (
                    [order_product_id] => 543
                    [order_id] => 212
                    [product_id] => 144
                    [name] => MUŠKE GAĆE SLIP TAMNO PLAVE
                    [model] => M7075
                    [quantity] => 1
                    [price] => 65.6000
                    [total] => 65.6000
                    [tax] => 0.0000
                    [reward] => 0
                    [option] => Array
                        (
                            [order_option_id] => 483
                            [order_id] => 212
                            [order_product_id] => 543
                            [product_option_id] => 307
                            [product_option_value_id] => 428
                            [name] => Veličina
                            [value] => L
                            [type] => radio
                            [sku] => 
                            [option_data] => Array
                                (
                                    [product_option_value_id] => 428
                                    [product_option_id] => 307
                                    [product_id] => 144
                                    [option_id] => 13
                                    [option_value_id] => 50
                                    [quantity] => 22
                                    [subtract] => 1
                                    [price] => 0.0000
                                    [price_prefix] => 
                                    [points] => 0
                                    [points_prefix] => +
                                    [weight] => 0.00000000
                                    [weight_prefix] => +
                                    [sku] => M7075.L
                                )

                        )

                )

        )

    [totals] => Array
        (
            [0] => Array
                (
                    [order_total_id] => 697
                    [order_id] => 212
                    [code] => sub_total
                    [title] => Među suma
                    [value] => 208.0000
                    [sort_order] => 1
                )

            [1] => Array
                (
                    [order_total_id] => 698
                    [order_id] => 212
                    [code] => shipping
                    [title] => Dostava Intereuropa Hrvatska - Besplatna dostava za narudžbe iznad 350kn
                    [value] => 35.0000
                    [sort_order] => 3
                )

            [2] => Array
                (
                    [order_total_id] => 699
                    [order_id] => 212
                    [code] => total
                    [title] => Ukupno
                    [value] => 243.0000
                    [sort_order] => 9
                )

        )

    [status] => Array
        (
            [order_status_id] => 5
            [language_id] => 1
            [name] => Complete
        )

)

2021-01-19 9:43:19 - Array
(
    [narudzba] => Array
        (
            [CMS_ID] => KHR212
            [DATUM_VRIJEME] => 18.01.2021 22:24:10
            [NARUCITELJ_CMS_ID] => 1
            [NARUCITELJ_EMAIL] => damiraskare@gmail.com
            [NARUCITELJ_IME] => Damira
            [NARUCITELJ_PREZIME] => Bilandžić
            [NARUCITELJ_ADRESA] => Ante Katunarića 12 
            [NARUCITELJ_MJESTO] => Split
            [NARUCITELJ_POSTA] => 21000
            [NARUCITELJ_TELEFON] => 0915627746
            [NARUCITELJ_NAZIV] => 
            [NARUCITELJ_OIB] => 
            [NARUCITELJ_VAT] => 
            [NARUCITELJ_ZEMLJA] => HRV
            [DOSTAVA_IME_PREZIME] => Damira Bilandžić
            [DOSTAVA_ADRESA] => Ante Katunarića 12 
            [DOSTAVA_MJESTO] => Split
            [DOSTAVA_POSTA] => 21000
            [NAPOMENA] => 
            [VALUTA] => 191
            [IZNOS_UKUPNO] => 243.00
            [TECAJ] => 1
        )

    [stavke] => Array
        (
            [0] => Array
                (
                    [IDROBA] => US00000203
                    [KOLICINA] => 1
                    [CIJENA] => 35
                    [RABAT] => 0
                    [IZNOS] => 35
                )

            [1] => Array
                (
                    [IDROBA] => M7045.L
                    [KOLICINA] => 1
                    [CIJENA] => 76.80
                    [RABAT] => 0
                    [IZNOS] => 76.80
                )

            [2] => Array
                (
                    [IDROBA] => M7061.L
                    [KOLICINA] => 1
                    [CIJENA] => 65.60
                    [RABAT] => 0
                    [IZNOS] => 65.60
                )

            [3] => Array
                (
                    [IDROBA] => M7075.L
                    [KOLICINA] => 1
                    [CIJENA] => 65.60
                    [RABAT] => 0
                    [IZNOS] => 65.60
                )

        )

)

2021-01-19 9:43:20 - Illuminate\Support\Collection Object
(
    [items:protected] => Array
        (
            [creating] => start
            [ZAPIS] => Array
                (
                    [IDDOK] => NAW
                    [BROJDOK] => 29
                    [STAVAKA] => 4
                    [STAVKA] => 4
                    [KOLICINA_SIFRA] => 0
                    [DATUM] => 2021-01-19 00:00:00
                    [TEXT_GRESKE] => 
                    [KNJIZENO_KARTICA] => 
                    [KNJIZENO_GLKNJIGA] => 
                    [ZAKJUCANI_DN] => NE
                )

        )

)

