2021-01-12 8:14:05 - Array
(
    [order_id] => 196
    [invoice_no] => 0
    [invoice_prefix] => INV-2020-00
    [store_id] => 0
    [store_name] => KOZO UNDERWEAR
    [store_url] => https://www.kozo-underwear.hr/
    [customer_id] => 142
    [customer_group_id] => 1
    [firstname] => Smiljan
    [lastname] => Petohlep
    [email] => spetohlep@gmail.com
    [telephone] => 0916672091
    [fax] => 
    [custom_field] => 
    [payment_firstname] => Smiljan
    [payment_lastname] => Petohlep
    [payment_company] => 
    [payment_address_1] => Vrh 1/1
    [payment_address_2] => 
    [payment_city] => Buzet
    [payment_postcode] => 52420
    [payment_country] => Croatia
    [payment_country_id] => 53
    [payment_zone] => HR
    [payment_zone_id] => 848
    [payment_address_format] => 
    [payment_custom_field] => 
    [payment_method] => Plaćanje pouzećem
    [payment_code] => cod
    [shipping_firstname] => Smiljan
    [shipping_lastname] => Petohlep
    [shipping_company] => 
    [shipping_address_1] => Vrh 1/1
    [shipping_address_2] => 
    [shipping_city] => Buzet
    [shipping_postcode] => 52420
    [shipping_country] => Croatia
    [shipping_country_id] => 53
    [shipping_zone] => HR
    [shipping_zone_id] => 848
    [shipping_address_format] => 
    [shipping_custom_field] => 
    [shipping_method] => Besplatna dostava Intereuropa Hrvatska
    [shipping_code] => ultimate_shipping.ultimate_shipping_0
    [comment] => 
    [total] => 368.0000
    [order_status_id] => 5
    [affiliate_id] => 0
    [commission] => 0.0000
    [marketing_id] => 0
    [tracking] => 
    [language_id] => 2
    [currency_id] => 4
    [currency_code] => HRK
    [currency_value] => 1.00000000
    [ip] => 78.2.121.244
    [forwarded_ip] => 
    [user_agent] => Mozilla/5.0 (Linux; Android 11; SM-G985F) AppleWebKit/537.36 (KHTML, like Gecko) Chrome/87.0.4280.101 Mobile Safari/537.36
    [accept_language] => hr-HR,hr;q=0.9,en-US;q=0.8,en;q=0.7,bs;q=0.6,it;q=0.5
    [paid_order] => 0
    [intereuropa] => 1
    [date_added] => 2021-01-11 19:25:21
    [date_modified] => 2021-01-11 19:25:28
    [products] => Array
        (
            [0] => Array
                (
                    [order_product_id] => 505
                    [order_id] => 196
                    [product_id] => 125
                    [name] => MUŠKA POTKOŠULJA UŽA RAMENICA BIJELA
                    [model] => M7057
                    [quantity] => 4
                    [price] => 92.0000
                    [total] => 368.0000
                    [tax] => 0.0000
                    [reward] => 0
                    [option] => Array
                        (
                            [order_option_id] => 449
                            [order_id] => 196
                            [order_product_id] => 505
                            [product_option_id] => 288
                            [product_option_value_id] => 324
                            [name] => Veličina
                            [value] => L
                            [type] => radio
                            [sku] => 
                            [option_data] => Array
                                (
                                    [product_option_value_id] => 324
                                    [product_option_id] => 288
                                    [product_id] => 125
                                    [option_id] => 13
                                    [option_value_id] => 50
                                    [quantity] => 71
                                    [subtract] => 1
                                    [price] => 0.0000
                                    [price_prefix] => 
                                    [points] => 0
                                    [points_prefix] => +
                                    [weight] => 0.00000000
                                    [weight_prefix] => +
                                    [sku] => M7057.L
                                )

                        )

                )

        )

    [totals] => Array
        (
            [0] => Array
                (
                    [order_total_id] => 644
                    [order_id] => 196
                    [code] => sub_total
                    [title] => Među suma
                    [value] => 368.0000
                    [sort_order] => 1
                )

            [1] => Array
                (
                    [order_total_id] => 645
                    [order_id] => 196
                    [code] => shipping
                    [title] => Besplatna dostava Intereuropa Hrvatska
                    [value] => 0.0000
                    [sort_order] => 3
                )

            [2] => Array
                (
                    [order_total_id] => 646
                    [order_id] => 196
                    [code] => total
                    [title] => Ukupno
                    [value] => 368.0000
                    [sort_order] => 9
                )

        )

    [status] => Array
        (
            [order_status_id] => 5
            [language_id] => 1
            [name] => Complete
        )

)

2021-01-12 8:14:05 - Array
(
    [narudzba] => Array
        (
            [CMS_ID] => KHR196
            [DATUM_VRIJEME] => 11.01.2021 19:25:28
            [NARUCITELJ_CMS_ID] => 1
            [NARUCITELJ_EMAIL] => spetohlep@gmail.com
            [NARUCITELJ_IME] => Smiljan
            [NARUCITELJ_PREZIME] => Petohlep
            [NARUCITELJ_ADRESA] => Vrh 1/1
            [NARUCITELJ_MJESTO] => Buzet
            [NARUCITELJ_POSTA] => 52420
            [NARUCITELJ_TELEFON] => 0916672091
            [NARUCITELJ_NAZIV] => 
            [NARUCITELJ_OIB] => 
            [NARUCITELJ_VAT] => 
            [NARUCITELJ_ZEMLJA] => HRV
            [DOSTAVA_IME_PREZIME] => Smiljan Petohlep
            [DOSTAVA_ADRESA] => Vrh 1/1
            [DOSTAVA_MJESTO] => Buzet
            [DOSTAVA_POSTA] => 52420
            [NAPOMENA] => 
            [VALUTA] => 191
            [IZNOS_UKUPNO] => 368.00
            [TECAJ] => 1
        )

    [stavke] => Array
        (
            [0] => Array
                (
                    [IDROBA] => US00000203
                    [KOLICINA] => 1
                    [CIJENA] => 0
                    [RABAT] => 0
                    [IZNOS] => 0
                )

            [1] => Array
                (
                    [IDROBA] => M7057.L
                    [KOLICINA] => 4
                    [CIJENA] => 92.00
                    [RABAT] => 0
                    [IZNOS] => 368.00
                )

        )

)

2021-01-12 8:14:06 - Illuminate\Support\Collection Object
(
    [items:protected] => Array
        (
            [creating] => start
            [ZAPIS] => Array
                (
                    [IDDOK] => NAW
                    [BROJDOK] => 15
                    [STAVAKA] => 2
                    [STAVKA] => 2
                    [KOLICINA_SIFRA] => 0
                    [DATUM] => 2021-01-12 00:00:00
                    [TEXT_GRESKE] => 
                    [KNJIZENO_KARTICA] => 
                    [KNJIZENO_GLKNJIGA] => 
                    [ZAKJUCANI_DN] => NE
                )

        )

)

