2021-01-29 14:16:03 - &idfirma=1
2021-01-29 14:16:03 - Array
(
    [narudzba] => Array
        (
            [CMS_ID] => KHR227
            [DATUM_VRIJEME] => 29.01.2021 11:35:34
            [NARUCITELJ_CMS_ID] => 1
            [NARUCITELJ_EMAIL] => marijana@ciglenecki.com
            [NARUCITELJ_IME] => Marijana
            [NARUCITELJ_PREZIME] => Ciglenečki
            [NARUCITELJ_ADRESA] => Ciglenica Zagorska 24D
            [NARUCITELJ_MJESTO] => Sveti Križ Začretje
            [NARUCITELJ_POSTA] => 49223
            [NARUCITELJ_TELEFON] => +4998491103
            [NARUCITELJ_NAZIV] => 
            [NARUCITELJ_OIB] => 
            [NARUCITELJ_VAT] => 
            [NARUCITELJ_ZEMLJA] => HRV
            [DOSTAVA_IME_PREZIME] => Marijana Ciglenečki
            [DOSTAVA_ADRESA] => Ciglenica Zagorska 24D
            [DOSTAVA_MJESTO] => Sveti Križ Začretje
            [DOSTAVA_POSTA] => 49223
            [NAPOMENA] => 
            [VALUTA] => 191
            [IZNOS_UKUPNO] => 391.00
            [TECAJ] => 1
        )

    [stavke] => Array
        (
            [0] => Array
                (
                    [IDROBA] => US00000203
                    [KOLICINA] => 1
                    [CIJENA] => 0
                    [RABAT] => 0
                    [IZNOS] => 0
                )

            [1] => Array
                (
                    [IDROBA] => M7009.XL
                    [KOLICINA] => 1
                    [CIJENA] => 112.00
                    [RABAT] => 0
                    [IZNOS] => 112.00
                )

            [2] => Array
                (
                    [IDROBA] => M7011.XL
                    [KOLICINA] => 1
                    [CIJENA] => 104.00
                    [RABAT] => 0
                    [IZNOS] => 104.00
                )

            [3] => Array
                (
                    [IDROBA] => M7005.XL
                    [KOLICINA] => 1
                    [CIJENA] => 87.50
                    [RABAT] => 0
                    [IZNOS] => 87.50
                )

            [4] => Array
                (
                    [IDROBA] => M7029.XL
                    [KOLICINA] => 1
                    [CIJENA] => 87.50
                    [RABAT] => 0
                    [IZNOS] => 87.50
                )

        )

)

2021-01-29 14:16:05 - Array
(
    [creating] => start
    [ZAPIS] => Array
        (
            [IDDOK] => NAK
            [BROJDOK] => 61
            [STAVAKA] => 5
            [STAVKA] => 5
            [KOLICINA_SIFRA] => 0
            [DATUM] => 2021-01-29 00:00:00
            [TEXT_GRESKE] => 
            [KNJIZENO_KARTICA] => 
            [KNJIZENO_GLKNJIGA] => 
            [ZAKJUCANI_DN] => NE
        )

)

