2021-01-12 8:13:52 - Array
(
    [order_id] => 195
    [invoice_no] => 0
    [invoice_prefix] => INV-2020-00
    [store_id] => 0
    [store_name] => KOZO UNDERWEAR
    [store_url] => https://www.kozo-underwear.hr/
    [customer_id] => 141
    [customer_group_id] => 1
    [firstname] => Marina
    [lastname] => Horvat
    [email] => mhorvat1703@yahoo.com
    [telephone] => 098/560-855
    [fax] => 
    [custom_field] => 
    [payment_firstname] => Marina
    [payment_lastname] => Horvat
    [payment_company] => 
    [payment_address_1] => Međimurske čete16
    [payment_address_2] => 
    [payment_city] => DONJA DUBRAVA
    [payment_postcode] => 40328
    [payment_country] => Croatia
    [payment_country_id] => 53
    [payment_zone] => HR
    [payment_zone_id] => 848
    [payment_address_format] => 
    [payment_custom_field] => 
    [payment_method] => Kreditne kartice / Debitne Kartice (CorvusPay)
    [payment_code] => corvuspay
    [shipping_firstname] => Marina
    [shipping_lastname] => Horvat
    [shipping_company] => 
    [shipping_address_1] => Međimurske čete16
    [shipping_address_2] => 
    [shipping_city] => DONJA DUBRAVA
    [shipping_postcode] => 40328
    [shipping_country] => Croatia
    [shipping_country_id] => 53
    [shipping_zone] => HR
    [shipping_zone_id] => 848
    [shipping_address_format] => 
    [shipping_custom_field] => 
    [shipping_method] => Preuzmi kod nas - Trg republike 3, 40328 Donja Dubrava, Međimurska županija
    [shipping_code] => pickup.pickup
    [comment] => 
    [total] => 296.5000
    [order_status_id] => 5
    [affiliate_id] => 0
    [commission] => 0.0000
    [marketing_id] => 0
    [tracking] => 
    [language_id] => 2
    [currency_id] => 4
    [currency_code] => HRK
    [currency_value] => 1.00000000
    [ip] => 93.142.13.61
    [forwarded_ip] => 
    [user_agent] => Mozilla/5.0 (Windows NT 10.0; Win64; x64) AppleWebKit/537.36 (KHTML, like Gecko) Chrome/87.0.4280.141 Safari/537.36
    [accept_language] => hr-HR,hr;q=0.9,en-US;q=0.8,en;q=0.7
    [paid_order] => 0
    [intereuropa] => 
    [date_added] => 2021-01-11 14:22:06
    [date_modified] => 2021-01-11 14:32:16
    [products] => Array
        (
            [0] => Array
                (
                    [order_product_id] => 502
                    [order_id] => 195
                    [product_id] => 87
                    [name] => MUŠKA MAJICA OKRUGLI IZREZ CRNA
                    [model] => M7020
                    [quantity] => 1
                    [price] => 112.0000
                    [total] => 112.0000
                    [tax] => 0.0000
                    [reward] => 0
                    [option] => Array
                        (
                            [order_option_id] => 446
                            [order_id] => 195
                            [order_product_id] => 502
                            [product_option_id] => 250
                            [product_option_value_id] => 136
                            [name] => Veličina
                            [value] => L
                            [type] => radio
                            [sku] => 
                            [option_data] => Array
                                (
                                    [product_option_value_id] => 136
                                    [product_option_id] => 250
                                    [product_id] => 87
                                    [option_id] => 13
                                    [option_value_id] => 50
                                    [quantity] => 3
                                    [subtract] => 1
                                    [price] => 0.0000
                                    [price_prefix] => 
                                    [points] => 0
                                    [points_prefix] => +
                                    [weight] => 0.00000000
                                    [weight_prefix] => +
                                    [sku] => M7020.L
                                )

                        )

                )

            [1] => Array
                (
                    [order_product_id] => 503
                    [order_id] => 195
                    [product_id] => 128
                    [name] => MUŠKA MAJICA OKRUGLI IZREZ BIJELA
                    [model] => M7059
                    [quantity] => 1
                    [price] => 104.0000
                    [total] => 104.0000
                    [tax] => 0.0000
                    [reward] => 0
                    [option] => Array
                        (
                            [order_option_id] => 447
                            [order_id] => 195
                            [order_product_id] => 503
                            [product_option_id] => 291
                            [product_option_value_id] => 342
                            [name] => Veličina
                            [value] => L
                            [type] => radio
                            [sku] => 
                            [option_data] => Array
                                (
                                    [product_option_value_id] => 342
                                    [product_option_id] => 291
                                    [product_id] => 128
                                    [option_id] => 13
                                    [option_value_id] => 50
                                    [quantity] => 9
                                    [subtract] => 1
                                    [price] => 0.0000
                                    [price_prefix] => 
                                    [points] => 0
                                    [points_prefix] => +
                                    [weight] => 0.00000000
                                    [weight_prefix] => +
                                    [sku] => M7059.L
                                )

                        )

                )

            [2] => Array
                (
                    [order_product_id] => 504
                    [order_id] => 195
                    [product_id] => 142
                    [name] => MUŠKE BOKSERICE HIPSTER TAMNO PLAVE
                    [model] => M7076
                    [quantity] => 1
                    [price] => 80.5000
                    [total] => 80.5000
                    [tax] => 0.0000
                    [reward] => 0
                    [option] => Array
                        (
                            [order_option_id] => 448
                            [order_id] => 195
                            [order_product_id] => 504
                            [product_option_id] => 305
                            [product_option_value_id] => 422
                            [name] => Veličina
                            [value] => XL
                            [type] => radio
                            [sku] => 
                            [option_data] => Array
                                (
                                    [product_option_value_id] => 422
                                    [product_option_id] => 305
                                    [product_id] => 142
                                    [option_id] => 13
                                    [option_value_id] => 49
                                    [quantity] => 10
                                    [subtract] => 1
                                    [price] => 0.0000
                                    [price_prefix] => +
                                    [points] => 0
                                    [points_prefix] => +
                                    [weight] => 0.00000000
                                    [weight_prefix] => +
                                    [sku] => M7076.XL
                                )

                        )

                )

        )

    [totals] => Array
        (
            [0] => Array
                (
                    [order_total_id] => 641
                    [order_id] => 195
                    [code] => sub_total
                    [title] => Među suma
                    [value] => 296.5000
                    [sort_order] => 1
                )

            [1] => Array
                (
                    [order_total_id] => 642
                    [order_id] => 195
                    [code] => shipping
                    [title] => Preuzmi kod nas - Trg republike 3, 40328 Donja Dubrava, Međimurska županija
                    [value] => 0.0000
                    [sort_order] => 3
                )

            [2] => Array
                (
                    [order_total_id] => 643
                    [order_id] => 195
                    [code] => total
                    [title] => Ukupno
                    [value] => 296.5000
                    [sort_order] => 9
                )

        )

    [status] => Array
        (
            [order_status_id] => 5
            [language_id] => 1
            [name] => Complete
        )

)

2021-01-12 8:13:52 - Array
(
    [narudzba] => Array
        (
            [CMS_ID] => KHR195
            [DATUM_VRIJEME] => 11.01.2021 14:32:16
            [NARUCITELJ_CMS_ID] => 1
            [NARUCITELJ_EMAIL] => mhorvat1703@yahoo.com
            [NARUCITELJ_IME] => Marina
            [NARUCITELJ_PREZIME] => Horvat
            [NARUCITELJ_ADRESA] => Međimurske čete16
            [NARUCITELJ_MJESTO] => DONJA DUBRAVA
            [NARUCITELJ_POSTA] => 40328
            [NARUCITELJ_TELEFON] => 098/560-855
            [NARUCITELJ_NAZIV] => 
            [NARUCITELJ_OIB] => 
            [NARUCITELJ_VAT] => 
            [NARUCITELJ_ZEMLJA] => HRV
            [DOSTAVA_IME_PREZIME] => Marina Horvat
            [DOSTAVA_ADRESA] => Međimurske čete16
            [DOSTAVA_MJESTO] => DONJA DUBRAVA
            [DOSTAVA_POSTA] => 40328
            [NAPOMENA] => 
            [VALUTA] => 191
            [IZNOS_UKUPNO] => 296.50
            [TECAJ] => 1
        )

    [stavke] => Array
        (
            [0] => Array
                (
                    [IDROBA] => US00000203
                    [KOLICINA] => 1
                    [CIJENA] => 0
                    [RABAT] => 0
                    [IZNOS] => 0
                )

            [1] => Array
                (
                    [IDROBA] => M7020.L
                    [KOLICINA] => 1
                    [CIJENA] => 112.00
                    [RABAT] => 0
                    [IZNOS] => 112.00
                )

            [2] => Array
                (
                    [IDROBA] => M7059.L
                    [KOLICINA] => 1
                    [CIJENA] => 104.00
                    [RABAT] => 0
                    [IZNOS] => 104.00
                )

            [3] => Array
                (
                    [IDROBA] => M7076.XL
                    [KOLICINA] => 1
                    [CIJENA] => 80.50
                    [RABAT] => 0
                    [IZNOS] => 80.50
                )

        )

)

2021-01-12 8:13:54 - Illuminate\Support\Collection Object
(
    [items:protected] => Array
        (
            [creating] => start
            [ZAPIS] => Array
                (
                    [IDDOK] => NAW
                    [BROJDOK] => 14
                    [STAVAKA] => 4
                    [STAVKA] => 4
                    [KOLICINA_SIFRA] => 0
                    [DATUM] => 2021-01-12 00:00:00
                    [TEXT_GRESKE] => 
                    [KNJIZENO_KARTICA] => 
                    [KNJIZENO_GLKNJIGA] => 
                    [ZAKJUCANI_DN] => NE
                )

        )

)

