2021-01-27 9:28:49 - &idfirma=1
2021-01-27 9:28:49 - Array
(
    [narudzba] => Array
        (
            [CMS_ID] => KHR220
            [DATUM_VRIJEME] => 26.01.2021 22:40:22
            [NARUCITELJ_CMS_ID] => 1
            [NARUCITELJ_EMAIL] => Ivan.markovic@chromos.eu
            [NARUCITELJ_IME] => Ivan
            [NARUCITELJ_PREZIME] => Markovic
            [NARUCITELJ_ADRESA] => Radicev odvojak 13
            [NARUCITELJ_MJESTO] => Velika Gorica
            [NARUCITELJ_POSTA] => 10410
            [NARUCITELJ_TELEFON] => 0914777213
            [NARUCITELJ_NAZIV] => 
            [NARUCITELJ_OIB] => 
            [NARUCITELJ_VAT] => 
            [NARUCITELJ_ZEMLJA] => HRV
            [DOSTAVA_IME_PREZIME] => Ivan Markovic
            [DOSTAVA_ADRESA] => Radicev odvojak 13
            [DOSTAVA_MJESTO] => Velika Gorica
            [DOSTAVA_POSTA] => 10410
            [NAPOMENA] => 
            [VALUTA] => 191
            [IZNOS_UKUPNO] => 624.00
            [TECAJ] => 1
        )

    [stavke] => Array
        (
            [0] => Array
                (
                    [IDROBA] => US00000203
                    [KOLICINA] => 1
                    [CIJENA] => 0
                    [RABAT] => 0
                    [IZNOS] => 0
                )

            [1] => Array
                (
                    [IDROBA] => M7008.XL
                    [KOLICINA] => 6
                    [CIJENA] => 104.00
                    [RABAT] => 0
                    [IZNOS] => 624.00
                )

            [2] => Array
                (
                    [IDROBA] => P8010
                    [KOLICINA] => 1
                    [CIJENA] => 51.00
                    [RABAT] => 0
                    [IZNOS] => 51.00
                )

        )

)

2021-01-27 9:28:50 - Array
(
    [creating] => start
    [ZAPIS] => Array
        (
            [IDDOK] => NAK
            [BROJDOK] => 54
            [STAVAKA] => 3
            [STAVKA] => 3
            [KOLICINA_SIFRA] => 0
            [DATUM] => 2021-01-27 00:00:00
            [TEXT_GRESKE] => 
            [KNJIZENO_KARTICA] => 
            [KNJIZENO_GLKNJIGA] => 
            [ZAKJUCANI_DN] => NE
        )

)

