2021-01-11 14:27:16 - &idfirma=1
2021-01-11 14:27:16 - Array
(
    [narudzba] => Array
        (
            [CMS_ID] => KHR191
            [DATUM_VRIJEME] => 09.01.2021 20:18:58
            [NARUCITELJ_CMS_ID] => 1
            [NARUCITELJ_EMAIL] => grgo.rados@3003gmail.com
            [NARUCITELJ_IME] => Grgo
            [NARUCITELJ_PREZIME] => Radoš
            [NARUCITELJ_ADRESA] => Krste Frankopana 56A
            [NARUCITELJ_MJESTO] => BJELOVAR
            [NARUCITELJ_POSTA] => 43000
            [NARUCITELJ_TELEFON] => +38598700701
            [NARUCITELJ_NAZIV] => 
            [NARUCITELJ_OIB] => 
            [NARUCITELJ_VAT] => 
            [NARUCITELJ_ZEMLJA] => HRV
            [DOSTAVA_IME_PREZIME] => Grgo Radoš
            [DOSTAVA_ADRESA] => Antuna Mihanovića 8
            [DOSTAVA_MJESTO] => BJELOVAR
            [DOSTAVA_POSTA] => 43000
            [NAPOMENA] => 
            [VALUTA] => 191
            [IZNOS_UKUPNO] => 243.00
            [TECAJ] => 1
        )

    [stavke] => Array
        (
            [0] => Array
                (
                    [IDROBA] => US00000203
                    [KOLICINA] => 1
                    [CIJENA] => 35
                    [RABAT] => 0
                    [IZNOS] => 35
                )

            [1] => Array
                (
                    [IDROBA] => M7075.XL
                    [KOLICINA] => 1
                    [CIJENA] => 65.60
                    [RABAT] => 0
                    [IZNOS] => 65.60
                )

            [2] => Array
                (
                    [IDROBA] => M7023.XL
                    [KOLICINA] => 1
                    [CIJENA] => 71.20
                    [RABAT] => 0
                    [IZNOS] => 71.20
                )

            [3] => Array
                (
                    [IDROBA] => M7035.XL
                    [KOLICINA] => 1
                    [CIJENA] => 71.20
                    [RABAT] => 0
                    [IZNOS] => 71.20
                )

        )

)

2021-01-11 14:27:18 - Array
(
    [creating] => start
    [ZAPIS] => Array
        (
            [IDDOK] => NAW
            [BROJDOK] => 10
            [STAVAKA] => 4
            [STAVKA] => 4
            [KOLICINA_SIFRA] => 0
            [DATUM] => 2021-01-11 00:00:00
            [TEXT_GRESKE] => 
            [KNJIZENO_KARTICA] => 
            [KNJIZENO_GLKNJIGA] => 
            [ZAKJUCANI_DN] => NE
        )

)

