2021-01-05 10:25:32 - Array
(
    [order_id] => 173
    [invoice_no] => 0
    [invoice_prefix] => INV-2020-00
    [store_id] => 0
    [store_name] => KOZO UNDERWEAR
    [store_url] => https://www.kozo-underwear.hr/
    [customer_id] => 134
    [customer_group_id] => 1
    [firstname] => Dragica
    [lastname] => Baraban
    [email] => baraban.dragica@gmail.com
    [telephone] => 0989958094
    [fax] => 
    [custom_field] => 
    [payment_firstname] => Dragica
    [payment_lastname] => Baraban
    [payment_company] => 
    [payment_address_1] => Otokara Keršovanija 40a
    [payment_address_2] => 
    [payment_city] => Zadar
    [payment_postcode] => 23000
    [payment_country] => Croatia
    [payment_country_id] => 53
    [payment_zone] => HR
    [payment_zone_id] => 848
    [payment_address_format] => 
    [payment_custom_field] => 
    [payment_method] => Plaćanje pouzećem
    [payment_code] => cod
    [shipping_firstname] => Dragica
    [shipping_lastname] => Baraban
    [shipping_company] => 
    [shipping_address_1] => Otokara Keršovanija 40a
    [shipping_address_2] => 
    [shipping_city] => Zadar
    [shipping_postcode] => 23000
    [shipping_country] => Croatia
    [shipping_country_id] => 53
    [shipping_zone] => HR
    [shipping_zone_id] => 848
    [shipping_address_format] => 
    [shipping_custom_field] => 
    [shipping_method] => Besplatna dostava Intereuropa Hrvatska
    [shipping_code] => ultimate_shipping.ultimate_shipping_0
    [comment] => Order Comments: Molim vas da budu sve crne gacice, ne vidim sta sam narucila.hvala
    [total] => 550.0000
    [order_status_id] => 5
    [affiliate_id] => 0
    [commission] => 0.0000
    [marketing_id] => 0
    [tracking] => 
    [language_id] => 2
    [currency_id] => 4
    [currency_code] => HRK
    [currency_value] => 1.00000000
    [ip] => 95.178.155.220
    [forwarded_ip] => 
    [user_agent] => Mozilla/5.0 (Linux; Android 10; SM-A600FN Build/QP1A.190711.020; wv) AppleWebKit/537.36 (KHTML, like Gecko) Version/4.0 Chrome/87.0.4280.101 Mobile Safari/537.36 [FB_IAB/FB4A;FBAV/300.2.0.58.129;]
    [accept_language] => hr-HR,hr;q=0.9,en-US;q=0.8,en;q=0.7
    [paid_order] => 0
    [intereuropa] => 1
    [date_added] => 2021-01-04 15:30:33
    [date_modified] => 2021-01-04 15:30:51
    [products] => Array
        (
            [0] => Array
                (
                    [order_product_id] => 447
                    [order_id] => 173
                    [product_id] => 131
                    [name] => MUŠKE BOKSERICE HIPSTER CRNE
                    [model] => M7062
                    [quantity] => 5
                    [price] => 110.0000
                    [total] => 550.0000
                    [tax] => 0.0000
                    [reward] => 0
                    [option] => Array
                        (
                            [order_option_id] => 404
                            [order_id] => 173
                            [order_product_id] => 447
                            [product_option_id] => 294
                            [product_option_value_id] => 364
                            [name] => Veličina
                            [value] => XXL
                            [type] => radio
                            [sku] => 
                            [option_data] => Array
                                (
                                    [product_option_value_id] => 364
                                    [product_option_id] => 294
                                    [product_id] => 131
                                    [option_id] => 13
                                    [option_value_id] => 53
                                    [quantity] => 0
                                    [subtract] => 1
                                    [price] => 18.0000
                                    [price_prefix] => +
                                    [points] => 0
                                    [points_prefix] => +
                                    [weight] => 0.00000000
                                    [weight_prefix] => +
                                    [sku] => M7062.XXL
                                )

                        )

                )

            [1] => Array
                (
                    [order_product_id] => 448
                    [order_id] => 173
                    [product_id] => 167
                    [name] => WEB MASKA ZA LICE
                    [model] => P8013
                    [quantity] => 1
                    [price] => 51.0000
                    [total] => 51.0000
                    [tax] => 0.0000
                    [reward] => 0
                    [option] => 
                )

        )

    [totals] => Array
        (
            [0] => Array
                (
                    [order_total_id] => 565
                    [order_id] => 173
                    [code] => sub_total
                    [title] => Među suma
                    [value] => 601.0000
                    [sort_order] => 1
                )

            [1] => Array
                (
                    [order_total_id] => 566
                    [order_id] => 173
                    [code] => tieredgiftstotal
                    [title] => Besplatni poklon - WEB MASKA ZA LICE
                    [value] => -51.0000
                    [sort_order] => 2
                )

            [2] => Array
                (
                    [order_total_id] => 567
                    [order_id] => 173
                    [code] => shipping
                    [title] => Besplatna dostava Intereuropa Hrvatska
                    [value] => 0.0000
                    [sort_order] => 3
                )

            [3] => Array
                (
                    [order_total_id] => 568
                    [order_id] => 173
                    [code] => total
                    [title] => Ukupno
                    [value] => 550.0000
                    [sort_order] => 9
                )

        )

    [status] => Array
        (
            [order_status_id] => 5
            [language_id] => 1
            [name] => Complete
        )

)

2021-01-05 10:25:32 - Array
(
    [narudzba] => Array
        (
            [CMS_ID] => KHR173
            [DATUM_VRIJEME] => 04.01.2021 15:30:51
            [NARUCITELJ_CMS_ID] => 1
            [NARUCITELJ_EMAIL] => baraban.dragica@gmail.com
            [NARUCITELJ_IME] => Dragica
            [NARUCITELJ_PREZIME] => Baraban
            [NARUCITELJ_ADRESA] => Otokara Keršovanija 40a
            [NARUCITELJ_MJESTO] => Zadar
            [NARUCITELJ_POSTA] => 23000
            [NARUCITELJ_TELEFON] => 0989958094
            [NARUCITELJ_NAZIV] => 
            [NARUCITELJ_OIB] => 
            [NARUCITELJ_VAT] => 
            [NARUCITELJ_ZEMLJA] => HRV
            [DOSTAVA_IME_PREZIME] => Dragica Baraban
            [DOSTAVA_ADRESA] => Otokara Keršovanija 40a
            [DOSTAVA_MJESTO] => Zadar
            [DOSTAVA_POSTA] => 23000
            [NAPOMENA] => Order Comments: Molim vas da budu sve crne gacice, ne vidim sta sam narucila.hvala
            [VALUTA] => 191
            [IZNOS_UKUPNO] => 550.00
            [TECAJ] => 1
        )

    [stavke] => Array
        (
            [0] => Array
                (
                    [IDROBA] => US00000203
                    [KOLICINA] => 1
                    [CIJENA] => 0
                    [RABAT] => 0
                    [IZNOS] => 0
                )

            [1] => Array
                (
                    [IDROBA] => M7062.XXL
                    [KOLICINA] => 5
                    [CIJENA] => 110.00
                    [RABAT] => 0
                    [IZNOS] => 550.00
                )

            [2] => Array
                (
                    [IDROBA] => P8013
                    [KOLICINA] => 1
                    [CIJENA] => 51.00
                    [RABAT] => 0
                    [IZNOS] => 51.00
                )

        )

)

2021-01-05 10:25:33 - Illuminate\Support\Collection Object
(
    [items:protected] => Array
        (
            [creating] => start
            [ZAPIS] => Array
                (
                    [IDDOK] => NAW
                    [BROJDOK] => 4
                    [STAVAKA] => 3
                    [STAVKA] => 3
                    [KOLICINA_SIFRA] => 0
                    [DATUM] => 2021-01-05 00:00:00
                    [TEXT_GRESKE] => 
                    [KNJIZENO_KARTICA] => 
                    [KNJIZENO_GLKNJIGA] => 
                    [ZAKJUCANI_DN] => NE
                )

        )

)

