2021-01-27 8:52:35 - &idfirma=1
2021-01-27 8:52:35 - Array
(
    [narudzba] => Array
        (
            [CMS_ID] => KHR218
            [DATUM_VRIJEME] => 26.01.2021 17:07:47
            [NARUCITELJ_CMS_ID] => 1
            [NARUCITELJ_EMAIL] => tibor.ivanovic@baumit.hr
            [NARUCITELJ_IME] => Tibor
            [NARUCITELJ_PREZIME] => Ivanović
            [NARUCITELJ_ADRESA] => FRANKOPANSKA 9
            [NARUCITELJ_MJESTO] => Lipik
            [NARUCITELJ_POSTA] => 34551
            [NARUCITELJ_TELEFON] => 098577476
            [NARUCITELJ_NAZIV] => 
            [NARUCITELJ_OIB] => 
            [NARUCITELJ_VAT] => 
            [NARUCITELJ_ZEMLJA] => HRV
            [DOSTAVA_IME_PREZIME] => Tibor Ivanović
            [DOSTAVA_ADRESA] => FRANKOPANSKA 9
            [DOSTAVA_MJESTO] => Lipik
            [DOSTAVA_POSTA] => 34551
            [NAPOMENA] => 
            [VALUTA] => 191
            [IZNOS_UKUPNO] => 248.60
            [TECAJ] => 1
        )

    [stavke] => Array
        (
            [0] => Array
                (
                    [IDROBA] => US00000203
                    [KOLICINA] => 1
                    [CIJENA] => 35
                    [RABAT] => 0
                    [IZNOS] => 35
                )

            [1] => Array
                (
                    [IDROBA] => M7012.L
                    [KOLICINA] => 3
                    [CIJENA] => 71.20
                    [RABAT] => 0
                    [IZNOS] => 213.60
                )

        )

)

2021-01-27 8:52:36 - Array
(
    [creating] => start
    [ZAPIS] => Array
        (
            [IDDOK] => NAK
            [BROJDOK] => 53
            [STAVAKA] => 2
            [STAVKA] => 2
            [KOLICINA_SIFRA] => 0
            [DATUM] => 2021-01-27 00:00:00
            [TEXT_GRESKE] => 
            [KNJIZENO_KARTICA] => 
            [KNJIZENO_GLKNJIGA] => 
            [ZAKJUCANI_DN] => NE
        )

)

