2021-01-21 11:01:36 - Array
(
    [order_id] => 216
    [invoice_no] => 0
    [invoice_prefix] => INV-2020-00
    [store_id] => 0
    [store_name] => KOZO UNDERWEAR
    [store_url] => https://www.kozo-underwear.hr/
    [customer_id] => 157
    [customer_group_id] => 1
    [firstname] => Taki
    [lastname] => Rudić
    [email] => taki.rudic@gmail.com
    [telephone] => 0981664735
    [fax] => 
    [custom_field] => 
    [payment_firstname] => Taki
    [payment_lastname] => Rudić
    [payment_company] => 
    [payment_address_1] => Mulina 6
    [payment_address_2] => 
    [payment_city] => Tkon
    [payment_postcode] => 23212
    [payment_country] => Croatia
    [payment_country_id] => 53
    [payment_zone] => 
    [payment_zone_id] => 0
    [payment_address_format] => 
    [payment_custom_field] => 
    [payment_method] => Plaćanje pouzećem
    [payment_code] => cod
    [shipping_firstname] => Taki
    [shipping_lastname] => Rudić
    [shipping_company] => 
    [shipping_address_1] => Mulina 6
    [shipping_address_2] => 
    [shipping_city] => Tkon
    [shipping_postcode] => 23212
    [shipping_country] => Croatia
    [shipping_country_id] => 53
    [shipping_zone] => 
    [shipping_zone_id] => 0
    [shipping_address_format] => 
    [shipping_custom_field] => 
    [shipping_method] => Dostava Intereuropa Hrvatska - Besplatna dostava za narudžbe iznad 350kn
    [shipping_code] => ultimate_shipping.ultimate_shipping_0
    [comment] => 
    [total] => 312.0000
    [order_status_id] => 5
    [affiliate_id] => 0
    [commission] => 0.0000
    [marketing_id] => 0
    [tracking] => 
    [language_id] => 2
    [currency_id] => 4
    [currency_code] => HRK
    [currency_value] => 1.00000000
    [ip] => 89.164.13.28
    [forwarded_ip] => 
    [user_agent] => Mozilla/5.0 (Windows NT 10.0; Win64; x64) AppleWebKit/537.36 (KHTML, like Gecko) Chrome/87.0.4280.141 Safari/537.36
    [accept_language] => hr-HR,hr;q=0.9,en-US;q=0.8,en;q=0.7
    [paid_order] => 0
    [intereuropa] => 1
    [date_added] => 2021-01-20 17:55:49
    [date_modified] => 2021-01-20 17:56:15
    [products] => Array
        (
            [0] => Array
                (
                    [order_product_id] => 551
                    [order_id] => 216
                    [product_id] => 75
                    [name] => MUŠKA PIDŽAMA DONJI DIO
                    [model] => M5007
                    [quantity] => 1
                    [price] => 116.0000
                    [total] => 116.0000
                    [tax] => 0.0000
                    [reward] => 0
                    [option] => Array
                        (
                            [order_option_id] => 490
                            [order_id] => 216
                            [order_product_id] => 551
                            [product_option_id] => 238
                            [product_option_value_id] => 71
                            [name] => Veličina
                            [value] => XL
                            [type] => radio
                            [sku] => 
                            [option_data] => Array
                                (
                                    [product_option_value_id] => 71
                                    [product_option_id] => 238
                                    [product_id] => 75
                                    [option_id] => 13
                                    [option_value_id] => 49
                                    [quantity] => 12
                                    [subtract] => 1
                                    [price] => 0.0000
                                    [price_prefix] => 
                                    [points] => 0
                                    [points_prefix] => +
                                    [weight] => 0.00000000
                                    [weight_prefix] => +
                                    [sku] => M5007.XL
                                )

                        )

                )

            [1] => Array
                (
                    [order_product_id] => 552
                    [order_id] => 216
                    [product_id] => 141
                    [name] => MUŠKE BOKSERICE SIVE
                    [model] => M7073
                    [quantity] => 1
                    [price] => 80.5000
                    [total] => 80.5000
                    [tax] => 0.0000
                    [reward] => 0
                    [option] => Array
                        (
                            [order_option_id] => 491
                            [order_id] => 216
                            [order_product_id] => 552
                            [product_option_id] => 304
                            [product_option_value_id] => 418
                            [name] => Veličina
                            [value] => XL
                            [type] => radio
                            [sku] => 
                            [option_data] => Array
                                (
                                    [product_option_value_id] => 418
                                    [product_option_id] => 304
                                    [product_id] => 141
                                    [option_id] => 13
                                    [option_value_id] => 49
                                    [quantity] => 14
                                    [subtract] => 1
                                    [price] => 0.0000
                                    [price_prefix] => +
                                    [points] => 0
                                    [points_prefix] => +
                                    [weight] => 0.00000000
                                    [weight_prefix] => +
                                    [sku] => M7073.XL
                                )

                        )

                )

            [2] => Array
                (
                    [order_product_id] => 553
                    [order_id] => 216
                    [product_id] => 146
                    [name] => MUŠKE BOKSERICE TAMNO PLAVE
                    [model] => M7077
                    [quantity] => 1
                    [price] => 80.5000
                    [total] => 80.5000
                    [tax] => 0.0000
                    [reward] => 0
                    [option] => Array
                        (
                            [order_option_id] => 492
                            [order_id] => 216
                            [order_product_id] => 553
                            [product_option_id] => 309
                            [product_option_value_id] => 441
                            [name] => Veličina
                            [value] => XL
                            [type] => radio
                            [sku] => 
                            [option_data] => Array
                                (
                                    [product_option_value_id] => 441
                                    [product_option_id] => 309
                                    [product_id] => 146
                                    [option_id] => 13
                                    [option_value_id] => 49
                                    [quantity] => 14
                                    [subtract] => 1
                                    [price] => 0.0000
                                    [price_prefix] => +
                                    [points] => 0
                                    [points_prefix] => +
                                    [weight] => 0.00000000
                                    [weight_prefix] => +
                                    [sku] => M7077.XL
                                )

                        )

                )

        )

    [totals] => Array
        (
            [0] => Array
                (
                    [order_total_id] => 710
                    [order_id] => 216
                    [code] => sub_total
                    [title] => Među suma
                    [value] => 277.0000
                    [sort_order] => 1
                )

            [1] => Array
                (
                    [order_total_id] => 711
                    [order_id] => 216
                    [code] => shipping
                    [title] => Dostava Intereuropa Hrvatska - Besplatna dostava za narudžbe iznad 350kn
                    [value] => 35.0000
                    [sort_order] => 3
                )

            [2] => Array
                (
                    [order_total_id] => 712
                    [order_id] => 216
                    [code] => total
                    [title] => Ukupno
                    [value] => 312.0000
                    [sort_order] => 9
                )

        )

    [status] => Array
        (
            [order_status_id] => 5
            [language_id] => 1
            [name] => Complete
        )

)

2021-01-21 11:01:36 - Array
(
    [narudzba] => Array
        (
            [CMS_ID] => KHR216
            [DATUM_VRIJEME] => 20.01.2021 17:56:15
            [NARUCITELJ_CMS_ID] => 1
            [NARUCITELJ_EMAIL] => taki.rudic@gmail.com
            [NARUCITELJ_IME] => Taki
            [NARUCITELJ_PREZIME] => Rudić
            [NARUCITELJ_ADRESA] => Mulina 6
            [NARUCITELJ_MJESTO] => Tkon
            [NARUCITELJ_POSTA] => 23212
            [NARUCITELJ_TELEFON] => 0981664735
            [NARUCITELJ_NAZIV] => 
            [NARUCITELJ_OIB] => 
            [NARUCITELJ_VAT] => 
            [NARUCITELJ_ZEMLJA] => HRV
            [DOSTAVA_IME_PREZIME] => Taki Rudić
            [DOSTAVA_ADRESA] => Mulina 6
            [DOSTAVA_MJESTO] => Tkon
            [DOSTAVA_POSTA] => 23212
            [NAPOMENA] => 
            [VALUTA] => 191
            [IZNOS_UKUPNO] => 312.00
            [TECAJ] => 1
        )

    [stavke] => Array
        (
            [0] => Array
                (
                    [IDROBA] => US00000203
                    [KOLICINA] => 1
                    [CIJENA] => 35
                    [RABAT] => 0
                    [IZNOS] => 35
                )

            [1] => Array
                (
                    [IDROBA] => M5007.XL
                    [KOLICINA] => 1
                    [CIJENA] => 116.00
                    [RABAT] => 0
                    [IZNOS] => 116.00
                )

            [2] => Array
                (
                    [IDROBA] => M7073.XL
                    [KOLICINA] => 1
                    [CIJENA] => 80.50
                    [RABAT] => 0
                    [IZNOS] => 80.50
                )

            [3] => Array
                (
                    [IDROBA] => M7077.XL
                    [KOLICINA] => 1
                    [CIJENA] => 80.50
                    [RABAT] => 0
                    [IZNOS] => 80.50
                )

        )

)

2021-01-21 11:01:38 - Illuminate\Support\Collection Object
(
    [items:protected] => Array
        (
            [creating] => start
            [ZAPIS] => Array
                (
                    [IDDOK] => NAW
                    [BROJDOK] => 32
                    [STAVAKA] => 4
                    [STAVKA] => 4
                    [KOLICINA_SIFRA] => 0
                    [DATUM] => 2021-01-21 00:00:00
                    [TEXT_GRESKE] => 
                    [KNJIZENO_KARTICA] => 
                    [KNJIZENO_GLKNJIGA] => 
                    [ZAKJUCANI_DN] => NE
                )

        )

)

