2021-01-25 10:09:36 - Array
(
    [order_id] => 205
    [invoice_no] => 0
    [invoice_prefix] => INV-2020-00
    [store_id] => 0
    [store_name] => KOZO UNDERWEAR
    [store_url] => https://www.kozo-underwear.hr/
    [customer_id] => 149
    [customer_group_id] => 1
    [firstname] => Emil
    [lastname] => Kuzmić
    [email] => emil.kuzmicdv@gmail.com
    [telephone] => +989528375
    [fax] => 
    [custom_field] => []
    [payment_firstname] => Emil
    [payment_lastname] => Kuzmić
    [payment_company] => 
    [payment_address_1] => Nikole Tesle 7
    [payment_address_2] => 
    [payment_city] => DONJI VIDOVEC
    [payment_postcode] => 40 327
    [payment_country] => Croatia
    [payment_country_id] => 53
    [payment_zone] => HR
    [payment_zone_id] => 848
    [payment_address_format] => 
    [payment_custom_field] => []
    [payment_method] => Bankovna transakcija (internet bankarstvo)
    [payment_code] => bank_transfer
    [shipping_firstname] => Emil
    [shipping_lastname] => Kuzmić
    [shipping_company] => 
    [shipping_address_1] => Nikole Tesle 7
    [shipping_address_2] => 
    [shipping_city] => DONJI VIDOVEC
    [shipping_postcode] => 40 327
    [shipping_country] => Croatia
    [shipping_country_id] => 53
    [shipping_zone] => HR
    [shipping_zone_id] => 848
    [shipping_address_format] => 
    [shipping_custom_field] => []
    [shipping_method] => Preuzmi kod nas - Trg republike 3, 40328 Donja Dubrava, Međimurska županija
    [shipping_code] => pickup.pickup
    [comment] => Order Comments: Pozdrav, plaćanje ćemo izvršiti kad preuzmemo robu kod vas, ako može?
    [total] => 504.5000
    [order_status_id] => 7
    [affiliate_id] => 0
    [commission] => 0.0000
    [marketing_id] => 0
    [tracking] => 
    [language_id] => 2
    [currency_id] => 4
    [currency_code] => HRK
    [currency_value] => 1.00000000
    [ip] => 93.139.190.4
    [forwarded_ip] => 
    [user_agent] => Mozilla/5.0 (Windows NT 10.0; Win64; x64) AppleWebKit/537.36 (KHTML, like Gecko) Chrome/87.0.4280.141 Safari/537.36 Edg/87.0.664.75
    [accept_language] => hr,en;q=0.9,en-GB;q=0.8,en-US;q=0.7
    [paid_order] => 0
    [intereuropa] => 
    [date_added] => 2021-01-14 20:55:09
    [date_modified] => 2021-01-15 13:08:01
    [products] => Array
        (
            [0] => Array
                (
                    [order_product_id] => 530
                    [order_id] => 205
                    [product_id] => 128
                    [name] => MUŠKA MAJICA OKRUGLI IZREZ BIJELA
                    [model] => M7059
                    [quantity] => 1
                    [price] => 104.0000
                    [total] => 104.0000
                    [tax] => 0.0000
                    [reward] => 0
                    [option] => Array
                        (
                            [order_option_id] => 471
                            [order_id] => 205
                            [order_product_id] => 530
                            [product_option_id] => 291
                            [product_option_value_id] => 342
                            [name] => Veličina
                            [value] => L
                            [type] => radio
                            [sku] => M7059.L
                            [option_data] => Array
                                (
                                    [product_option_value_id] => 342
                                    [product_option_id] => 291
                                    [product_id] => 128
                                    [option_id] => 13
                                    [option_value_id] => 50
                                    [quantity] => 9
                                    [subtract] => 1
                                    [price] => 0.0000
                                    [price_prefix] => 
                                    [points] => 0
                                    [points_prefix] => +
                                    [weight] => 0.00000000
                                    [weight_prefix] => +
                                    [sku] => M7059.L
                                )

                        )

                )

            [1] => Array
                (
                    [order_product_id] => 529
                    [order_id] => 205
                    [product_id] => 118
                    [name] => MUŠKE BOKSERICE PRINT SQUARES
                    [model] => M7047
                    [quantity] => 1
                    [price] => 94.5000
                    [total] => 94.5000
                    [tax] => 0.0000
                    [reward] => 0
                    [option] => Array
                        (
                            [order_option_id] => 470
                            [order_id] => 205
                            [order_product_id] => 529
                            [product_option_id] => 281
                            [product_option_value_id] => 282
                            [name] => Veličina
                            [value] => M
                            [type] => radio
                            [sku] => M7047.M
                            [option_data] => Array
                                (
                                    [product_option_value_id] => 282
                                    [product_option_id] => 281
                                    [product_id] => 118
                                    [option_id] => 13
                                    [option_value_id] => 51
                                    [quantity] => 47
                                    [subtract] => 1
                                    [price] => 0.0000
                                    [price_prefix] => +
                                    [points] => 0
                                    [points_prefix] => +
                                    [weight] => 0.00000000
                                    [weight_prefix] => +
                                    [sku] => M7047.M
                                )

                        )

                )

            [2] => Array
                (
                    [order_product_id] => 528
                    [order_id] => 205
                    [product_id] => 113
                    [name] => MUŠKE BOKSERICE PRINT WEB
                    [model] => M7044
                    [quantity] => 1
                    [price] => 94.5000
                    [total] => 94.5000
                    [tax] => 0.0000
                    [reward] => 0
                    [option] => Array
                        (
                            [order_option_id] => 469
                            [order_id] => 205
                            [order_product_id] => 528
                            [product_option_id] => 276
                            [product_option_value_id] => 259
                            [name] => Veličina
                            [value] => L
                            [type] => radio
                            [sku] => M7044.L
                            [option_data] => Array
                                (
                                    [product_option_value_id] => 259
                                    [product_option_id] => 276
                                    [product_id] => 113
                                    [option_id] => 13
                                    [option_value_id] => 50
                                    [quantity] => 33
                                    [subtract] => 1
                                    [price] => 0.0000
                                    [price_prefix] => +
                                    [points] => 0
                                    [points_prefix] => +
                                    [weight] => 0.00000000
                                    [weight_prefix] => +
                                    [sku] => M7044.L
                                )

                        )

                )

            [3] => Array
                (
                    [order_product_id] => 527
                    [order_id] => 205
                    [product_id] => 101
                    [name] => MUŠKE BOKSERICE CRVENE
                    [model] => M7033
                    [quantity] => 1
                    [price] => 87.5000
                    [total] => 87.5000
                    [tax] => 0.0000
                    [reward] => 0
                    [option] => Array
                        (
                            [order_option_id] => 468
                            [order_id] => 205
                            [order_product_id] => 527
                            [product_option_id] => 264
                            [product_option_value_id] => 208
                            [name] => Veličina
                            [value] => M
                            [type] => radio
                            [sku] => M7033.M
                            [option_data] => Array
                                (
                                    [product_option_value_id] => 208
                                    [product_option_id] => 264
                                    [product_id] => 101
                                    [option_id] => 13
                                    [option_value_id] => 51
                                    [quantity] => 53
                                    [subtract] => 1
                                    [price] => 0.0000
                                    [price_prefix] => +
                                    [points] => 0
                                    [points_prefix] => +
                                    [weight] => 0.00000000
                                    [weight_prefix] => +
                                    [sku] => M7033.M
                                )

                        )

                )

            [4] => Array
                (
                    [order_product_id] => 526
                    [order_id] => 205
                    [product_id] => 71
                    [name] => MUŠKA PIDŽAMA DONJI DIO
                    [model] => M5005
                    [quantity] => 1
                    [price] => 124.0000
                    [total] => 124.0000
                    [tax] => 0.0000
                    [reward] => 0
                    [option] => Array
                        (
                            [order_option_id] => 467
                            [order_id] => 205
                            [order_product_id] => 526
                            [product_option_id] => 234
                            [product_option_value_id] => 45
                            [name] => Veličina
                            [value] => M
                            [type] => radio
                            [sku] => M5005.M
                            [option_data] => Array
                                (
                                    [product_option_value_id] => 45
                                    [product_option_id] => 234
                                    [product_id] => 71
                                    [option_id] => 13
                                    [option_value_id] => 51
                                    [quantity] => 43
                                    [subtract] => 1
                                    [price] => 0.0000
                                    [price_prefix] => 
                                    [points] => 0
                                    [points_prefix] => +
                                    [weight] => 0.00000000
                                    [weight_prefix] => +
                                    [sku] => M5005.M
                                )

                        )

                )

            [5] => Array
                (
                    [order_product_id] => 531
                    [order_id] => 205
                    [product_id] => 169
                    [name] => SQUARES MASKA ZA LICE
                    [model] => P8012
                    [quantity] => 1
                    [price] => 51.0000
                    [total] => 51.0000
                    [tax] => 0.0000
                    [reward] => 0
                    [option] => 
                )

        )

    [totals] => Array
        (
            [0] => Array
                (
                    [order_total_id] => 678
                    [order_id] => 205
                    [code] => sub_total
                    [title] => Među suma
                    [value] => 555.5000
                    [sort_order] => 1
                )

            [1] => Array
                (
                    [order_total_id] => 679
                    [order_id] => 205
                    [code] => tieredgiftstotal
                    [title] => Besplatni poklon - SQUARES MASKA ZA LICE
                    [value] => -51.0000
                    [sort_order] => 2
                )

            [2] => Array
                (
                    [order_total_id] => 680
                    [order_id] => 205
                    [code] => shipping
                    [title] => Preuzmi kod nas - Trg republike 3, 40328 Donja Dubrava, Međimurska županija
                    [value] => 0.0000
                    [sort_order] => 3
                )

            [3] => Array
                (
                    [order_total_id] => 681
                    [order_id] => 205
                    [code] => total
                    [title] => Ukupno
                    [value] => 504.5000
                    [sort_order] => 9
                )

        )

    [status] => Array
        (
            [order_status_id] => 7
            [language_id] => 1
            [name] => Canceled
        )

)

2021-01-25 10:09:36 - Array
(
    [narudzba] => Array
        (
            [CMS_ID] => KHR205
            [DATUM_VRIJEME] => 15.01.2021 13:08:01
            [NARUCITELJ_CMS_ID] => 1
            [NARUCITELJ_EMAIL] => emil.kuzmicdv@gmail.com
            [NARUCITELJ_IME] => Emil
            [NARUCITELJ_PREZIME] => Kuzmić
            [NARUCITELJ_ADRESA] => Nikole Tesle 7
            [NARUCITELJ_MJESTO] => DONJI VIDOVEC
            [NARUCITELJ_POSTA] => 40 327
            [NARUCITELJ_TELEFON] => +989528375
            [NARUCITELJ_NAZIV] => 
            [NARUCITELJ_OIB] => 
            [NARUCITELJ_VAT] => 
            [NARUCITELJ_ZEMLJA] => HRV
            [DOSTAVA_IME_PREZIME] => Emil Kuzmić
            [DOSTAVA_ADRESA] => Nikole Tesle 7
            [DOSTAVA_MJESTO] => DONJI VIDOVEC
            [DOSTAVA_POSTA] => 40 327
            [NAPOMENA] => Order Comments: Pozdrav, plaćanje ćemo izvršiti kad preuzmemo robu kod vas, ako može?
            [VALUTA] => 191
            [IZNOS_UKUPNO] => 504.50
            [TECAJ] => 1
        )

    [stavke] => Array
        (
            [0] => Array
                (
                    [IDROBA] => US00000203
                    [KOLICINA] => 1
                    [CIJENA] => 0
                    [RABAT] => 0
                    [IZNOS] => 0
                )

            [1] => Array
                (
                    [IDROBA] => M7059.L
                    [KOLICINA] => 1
                    [CIJENA] => 104.00
                    [RABAT] => 0
                    [IZNOS] => 104.00
                )

            [2] => Array
                (
                    [IDROBA] => M7047.M
                    [KOLICINA] => 1
                    [CIJENA] => 94.50
                    [RABAT] => 0
                    [IZNOS] => 94.50
                )

            [3] => Array
                (
                    [IDROBA] => M7044.L
                    [KOLICINA] => 1
                    [CIJENA] => 94.50
                    [RABAT] => 0
                    [IZNOS] => 94.50
                )

            [4] => Array
                (
                    [IDROBA] => M7033.M
                    [KOLICINA] => 1
                    [CIJENA] => 87.50
                    [RABAT] => 0
                    [IZNOS] => 87.50
                )

            [5] => Array
                (
                    [IDROBA] => M5005.M
                    [KOLICINA] => 1
                    [CIJENA] => 124.00
                    [RABAT] => 0
                    [IZNOS] => 124.00
                )

            [6] => Array
                (
                    [IDROBA] => P8012
                    [KOLICINA] => 1
                    [CIJENA] => 51.00
                    [RABAT] => 0
                    [IZNOS] => 51.00
                )

        )

)

2021-01-25 10:09:38 - Illuminate\Support\Collection Object
(
    [items:protected] => Array
        (
            [creating] => start
            [ZAPIS] => Array
                (
                    [IDDOK] => NAK
                    [BROJDOK] => 46
                    [STAVAKA] => 7
                    [STAVKA] => 7
                    [KOLICINA_SIFRA] => 0
                    [DATUM] => 2021-01-25 00:00:00
                    [TEXT_GRESKE] => 
                    [KNJIZENO_KARTICA] => 
                    [KNJIZENO_GLKNJIGA] => 
                    [ZAKJUCANI_DN] => NE
                )

        )

)

