2021-01-07 13:52:58 - &idfirma=1
2021-01-07 13:52:58 - Array
(
    [narudzba] => Array
        (
            [CMS_ID] => KHR175
            [DATUM_VRIJEME] => 06.01.2021 13:32:50
            [NARUCITELJ_CMS_ID] => 1
            [NARUCITELJ_EMAIL] => anita.cepanec@gmail.com
            [NARUCITELJ_IME] => Anita
            [NARUCITELJ_PREZIME] => Cepanec
            [NARUCITELJ_ADRESA] => Zagreba훾ka 19
            [NARUCITELJ_MJESTO] => Vara탑din
            [NARUCITELJ_POSTA] => 42000
            [NARUCITELJ_TELEFON] => 0915189545
            [NARUCITELJ_NAZIV] => 
            [NARUCITELJ_OIB] => 
            [NARUCITELJ_VAT] => 
            [NARUCITELJ_ZEMLJA] => HRV
            [DOSTAVA_IME_PREZIME] => Anita Cepanec
            [DOSTAVA_ADRESA] => Zagreba훾ka 19
            [DOSTAVA_MJESTO] => Vara탑din
            [DOSTAVA_POSTA] => 42000
            [NAPOMENA] => 
            [VALUTA] => 191
            [IZNOS_UKUPNO] => 337.40
            [TECAJ] => 1
        )

    [stavke] => Array
        (
            [0] => Array
                (
                    [IDROBA] => US00000203
                    [KOLICINA] => 1
                    [CIJENA] => 35
                    [RABAT] => 0
                    [IZNOS] => 35
                )

            [1] => Array
                (
                    [IDROBA] => M5005.XL
                    [KOLICINA] => 1
                    [CIJENA] => 124.00
                    [RABAT] => 0
                    [IZNOS] => 124.00
                )

            [2] => Array
                (
                    [IDROBA] => M5007.XL
                    [KOLICINA] => 1
                    [CIJENA] => 116.00
                    [RABAT] => 0
                    [IZNOS] => 116.00
                )

            [3] => Array
                (
                    [IDROBA] => M7064.L
                    [KOLICINA] => 1
                    [CIJENA] => 62.40
                    [RABAT] => 0
                    [IZNOS] => 62.40
                )

        )

)

2021-01-07 13:53:01 - Array
(
    [creating] => start
    [ZAPIS] => Array
        (
            [IDDOK] => NAW
            [BROJDOK] => 6
            [STAVAKA] => 4
            [STAVKA] => 4
            [KOLICINA_SIFRA] => 0
            [DATUM] => 2021-01-07 00:00:00
            [TEXT_GRESKE] => 
            [KNJIZENO_KARTICA] => 
            [KNJIZENO_GLKNJIGA] => 
            [ZAKJUCANI_DN] => NE
        )

)

