2021-01-04 12:09:22 - &idfirma=1
2021-01-04 12:09:22 - Array
(
    [narudzba] => Array
        (
            [CMS_ID] => KHR170
            [DATUM_VRIJEME] => 30.12.2020 22:54:03
            [NARUCITELJ_CMS_ID] => 1
            [NARUCITELJ_EMAIL] => stevetaliaferro@yahoo.com
            [NARUCITELJ_IME] => Steven
            [NARUCITELJ_PREZIME] => Taliaferro
            [NARUCITELJ_ADRESA] => Ivanska ulica 57, Jagnjić dol
            [NARUCITELJ_MJESTO] => Sveta Nedelja
            [NARUCITELJ_POSTA] => 10431
            [NARUCITELJ_TELEFON] => 0911555161
            [NARUCITELJ_NAZIV] => 
            [NARUCITELJ_OIB] => 
            [NARUCITELJ_VAT] => 
            [NARUCITELJ_ZEMLJA] => HRV
            [DOSTAVA_IME_PREZIME] => Steven Taliaferro
            [DOSTAVA_ADRESA] => Ivanska ulica 57, Jagnjić dol
            [DOSTAVA_MJESTO] => Sveta Nedelja
            [DOSTAVA_POSTA] => 10431
            [NAPOMENA] => 
            [VALUTA] => 191
            [IZNOS_UKUPNO] => 177.40
            [TECAJ] => 1
        )

    [stavke] => Array
        (
            [0] => Array
                (
                    [IDROBA] => US00000203
                    [KOLICINA] => 1
                    [CIJENA] => 35
                    [RABAT] => 0
                    [IZNOS] => 35
                )

            [1] => Array
                (
                    [IDROBA] => M7012.M
                    [KOLICINA] => 2
                    [CIJENA] => 71.20
                    [RABAT] => 0
                    [IZNOS] => 142.40
                )

        )

)

2021-01-04 12:09:23 - Array
(
    [creating] => start
    [ZAPIS] => Array
        (
            [IDDOK] => NAW
            [BROJDOK] => 1
            [STAVAKA] => 2
            [STAVKA] => 2
            [KOLICINA_SIFRA] => 0
            [DATUM] => 2021-01-04 00:00:00
            [TEXT_GRESKE] => 
            [KNJIZENO_KARTICA] => 
            [KNJIZENO_GLKNJIGA] => 
            [ZAKJUCANI_DN] => NE
        )

)

