2021-01-04 12:09:39 - &idfirma=1
2021-01-04 12:09:39 - Array
(
    [narudzba] => Array
        (
            [CMS_ID] => KHR171
            [DATUM_VRIJEME] => 01.01.2021 00:55:46
            [NARUCITELJ_CMS_ID] => 1
            [NARUCITELJ_EMAIL] => tomislav.brajdic@gmail.com
            [NARUCITELJ_IME] => Tomislav
            [NARUCITELJ_PREZIME] => Brajdić
            [NARUCITELJ_ADRESA] => Ante Starčevića 26
            [NARUCITELJ_MJESTO] => Kutina
            [NARUCITELJ_POSTA] => 44320
            [NARUCITELJ_TELEFON] => 0919300391
            [NARUCITELJ_NAZIV] => 
            [NARUCITELJ_OIB] => 
            [NARUCITELJ_VAT] => 
            [NARUCITELJ_ZEMLJA] => HRV
            [DOSTAVA_IME_PREZIME] => Tomislav Brajdić
            [DOSTAVA_ADRESA] => Ante Starčevića 26
            [DOSTAVA_MJESTO] => Kutina 
            [DOSTAVA_POSTA] => 44320
            [NAPOMENA] => 
            [VALUTA] => 191
            [IZNOS_UKUPNO] => 150.00
            [TECAJ] => 1
        )

    [stavke] => Array
        (
            [0] => Array
                (
                    [IDROBA] => US00000203
                    [KOLICINA] => 1
                    [CIJENA] => 35
                    [RABAT] => 0
                    [IZNOS] => 35
                )

            [1] => Array
                (
                    [IDROBA] => M7080.M
                    [KOLICINA] => 1
                    [CIJENA] => 115.00
                    [RABAT] => 0
                    [IZNOS] => 115.00
                )

        )

)

2021-01-04 12:09:40 - Array
(
    [creating] => start
    [ZAPIS] => Array
        (
            [IDDOK] => NAW
            [BROJDOK] => 2
            [STAVAKA] => 2
            [STAVKA] => 2
            [KOLICINA_SIFRA] => 0
            [DATUM] => 2021-01-04 00:00:00
            [TEXT_GRESKE] => 
            [KNJIZENO_KARTICA] => 
            [KNJIZENO_GLKNJIGA] => 
            [ZAKJUCANI_DN] => NE
        )

)

