2021-01-15 8:12:29 - Array
(
    [order_id] => 202
    [invoice_no] => 0
    [invoice_prefix] => INV-2020-00
    [store_id] => 0
    [store_name] => KOZO UNDERWEAR
    [store_url] => https://www.kozo-underwear.hr/
    [customer_id] => 147
    [customer_group_id] => 1
    [firstname] => Lea
    [lastname] => Vrhovac
    [email] => leacrnic@yahoo.com
    [telephone] => 091 4004 959
    [fax] => 
    [custom_field] => 
    [payment_firstname] => Lea
    [payment_lastname] => Vrhovac
    [payment_company] => 
    [payment_address_1] => Sisačka 72, 10417 Buševec
    [payment_address_2] => 
    [payment_city] => Velika Gorica
    [payment_postcode] => 10417
    [payment_country] => Croatia
    [payment_country_id] => 53
    [payment_zone] => HR
    [payment_zone_id] => 848
    [payment_address_format] => 
    [payment_custom_field] => 
    [payment_method] => Kreditne kartice / Debitne Kartice (CorvusPay)
    [payment_code] => corvuspay
    [shipping_firstname] => Lea
    [shipping_lastname] => Vrhovac
    [shipping_company] => 
    [shipping_address_1] => Sisačka 72, 10417 Buševec
    [shipping_address_2] => 
    [shipping_city] => Velika Gorica
    [shipping_postcode] => 10417
    [shipping_country] => Croatia
    [shipping_country_id] => 53
    [shipping_zone] => HR
    [shipping_zone_id] => 848
    [shipping_address_format] => 
    [shipping_custom_field] => 
    [shipping_method] => Dostava Intereuropa Hrvatska - Besplatna dostava za narudžbe iznad 350kn
    [shipping_code] => ultimate_shipping.ultimate_shipping_0
    [comment] => 
    [total] => 151.0000
    [order_status_id] => 5
    [affiliate_id] => 0
    [commission] => 0.0000
    [marketing_id] => 0
    [tracking] => 
    [language_id] => 2
    [currency_id] => 4
    [currency_code] => HRK
    [currency_value] => 1.00000000
    [ip] => 185.18.61.8
    [forwarded_ip] => 
    [user_agent] => Mozilla/5.0 (Linux; Android 8.1.0; DUB-LX1 Build/HUAWEIDUB-LX1; wv) AppleWebKit/537.36 (KHTML, like Gecko) Version/4.0 Chrome/87.0.4280.141 Mobile Safari/537.36 [FB_IAB/FB4A;FBAV/300.2.0.58.129;]
    [accept_language] => hr-HR,hr;q=0.9,en-US;q=0.8,en;q=0.7
    [paid_order] => 0
    [intereuropa] => 1
    [date_added] => 2021-01-14 11:38:35
    [date_modified] => 2021-01-14 11:39:59
    [products] => Array
        (
            [0] => Array
                (
                    [order_product_id] => 515
                    [order_id] => 202
                    [product_id] => 75
                    [name] => MUŠKA PIDŽAMA DONJI DIO
                    [model] => M5007
                    [quantity] => 1
                    [price] => 116.0000
                    [total] => 116.0000
                    [tax] => 0.0000
                    [reward] => 0
                    [option] => Array
                        (
                            [order_option_id] => 457
                            [order_id] => 202
                            [order_product_id] => 515
                            [product_option_id] => 238
                            [product_option_value_id] => 68
                            [name] => Veličina
                            [value] => L
                            [type] => radio
                            [sku] => 
                            [option_data] => Array
                                (
                                    [product_option_value_id] => 68
                                    [product_option_id] => 238
                                    [product_id] => 75
                                    [option_id] => 13
                                    [option_value_id] => 50
                                    [quantity] => 20
                                    [subtract] => 1
                                    [price] => 0.0000
                                    [price_prefix] => 
                                    [points] => 0
                                    [points_prefix] => +
                                    [weight] => 0.00000000
                                    [weight_prefix] => +
                                    [sku] => M5007.L
                                )

                        )

                )

        )

    [totals] => Array
        (
            [0] => Array
                (
                    [order_total_id] => 662
                    [order_id] => 202
                    [code] => sub_total
                    [title] => Među suma
                    [value] => 116.0000
                    [sort_order] => 1
                )

            [1] => Array
                (
                    [order_total_id] => 663
                    [order_id] => 202
                    [code] => shipping
                    [title] => Dostava Intereuropa Hrvatska - Besplatna dostava za narudžbe iznad 350kn
                    [value] => 35.0000
                    [sort_order] => 3
                )

            [2] => Array
                (
                    [order_total_id] => 664
                    [order_id] => 202
                    [code] => total
                    [title] => Ukupno
                    [value] => 151.0000
                    [sort_order] => 9
                )

        )

    [status] => Array
        (
            [order_status_id] => 5
            [language_id] => 1
            [name] => Complete
        )

)

2021-01-15 8:12:29 - Array
(
    [narudzba] => Array
        (
            [CMS_ID] => KHR202
            [DATUM_VRIJEME] => 14.01.2021 11:39:59
            [NARUCITELJ_CMS_ID] => 1
            [NARUCITELJ_EMAIL] => leacrnic@yahoo.com
            [NARUCITELJ_IME] => Lea
            [NARUCITELJ_PREZIME] => Vrhovac
            [NARUCITELJ_ADRESA] => Sisačka 72, 10417 Buševec
            [NARUCITELJ_MJESTO] => Velika Gorica
            [NARUCITELJ_POSTA] => 10417
            [NARUCITELJ_TELEFON] => 091 4004 959
            [NARUCITELJ_NAZIV] => 
            [NARUCITELJ_OIB] => 
            [NARUCITELJ_VAT] => 
            [NARUCITELJ_ZEMLJA] => HRV
            [DOSTAVA_IME_PREZIME] => Lea Vrhovac
            [DOSTAVA_ADRESA] => Sisačka 72, 10417 Buševec
            [DOSTAVA_MJESTO] => Velika Gorica
            [DOSTAVA_POSTA] => 10417
            [NAPOMENA] => 
            [VALUTA] => 191
            [IZNOS_UKUPNO] => 151.00
            [TECAJ] => 1
        )

    [stavke] => Array
        (
            [0] => Array
                (
                    [IDROBA] => US00000203
                    [KOLICINA] => 1
                    [CIJENA] => 35
                    [RABAT] => 0
                    [IZNOS] => 35
                )

            [1] => Array
                (
                    [IDROBA] => M5007.L
                    [KOLICINA] => 1
                    [CIJENA] => 116.00
                    [RABAT] => 0
                    [IZNOS] => 116.00
                )

        )

)

2021-01-15 8:12:31 - Illuminate\Support\Collection Object
(
    [items:protected] => Array
        (
            [creating] => start
            [ZAPIS] => Array
                (
                    [IDDOK] => NAW
                    [BROJDOK] => 21
                    [STAVAKA] => 2
                    [STAVKA] => 2
                    [KOLICINA_SIFRA] => 0
                    [DATUM] => 2021-01-15 00:00:00
                    [TEXT_GRESKE] => 
                    [KNJIZENO_KARTICA] => 
                    [KNJIZENO_GLKNJIGA] => 
                    [ZAKJUCANI_DN] => NE
                )

        )

)

