2021-01-25 10:09:36 - &idfirma=1
2021-01-25 10:09:36 - Array
(
    [narudzba] => Array
        (
            [CMS_ID] => KHR205
            [DATUM_VRIJEME] => 15.01.2021 13:08:01
            [NARUCITELJ_CMS_ID] => 1
            [NARUCITELJ_EMAIL] => emil.kuzmicdv@gmail.com
            [NARUCITELJ_IME] => Emil
            [NARUCITELJ_PREZIME] => Kuzmić
            [NARUCITELJ_ADRESA] => Nikole Tesle 7
            [NARUCITELJ_MJESTO] => DONJI VIDOVEC
            [NARUCITELJ_POSTA] => 40 327
            [NARUCITELJ_TELEFON] => +989528375
            [NARUCITELJ_NAZIV] => 
            [NARUCITELJ_OIB] => 
            [NARUCITELJ_VAT] => 
            [NARUCITELJ_ZEMLJA] => HRV
            [DOSTAVA_IME_PREZIME] => Emil Kuzmić
            [DOSTAVA_ADRESA] => Nikole Tesle 7
            [DOSTAVA_MJESTO] => DONJI VIDOVEC
            [DOSTAVA_POSTA] => 40 327
            [NAPOMENA] => Order Comments: Pozdrav, plaćanje ćemo izvršiti kad preuzmemo robu kod vas, ako može?
            [VALUTA] => 191
            [IZNOS_UKUPNO] => 504.50
            [TECAJ] => 1
        )

    [stavke] => Array
        (
            [0] => Array
                (
                    [IDROBA] => US00000203
                    [KOLICINA] => 1
                    [CIJENA] => 0
                    [RABAT] => 0
                    [IZNOS] => 0
                )

            [1] => Array
                (
                    [IDROBA] => M7059.L
                    [KOLICINA] => 1
                    [CIJENA] => 104.00
                    [RABAT] => 0
                    [IZNOS] => 104.00
                )

            [2] => Array
                (
                    [IDROBA] => M7047.M
                    [KOLICINA] => 1
                    [CIJENA] => 94.50
                    [RABAT] => 0
                    [IZNOS] => 94.50
                )

            [3] => Array
                (
                    [IDROBA] => M7044.L
                    [KOLICINA] => 1
                    [CIJENA] => 94.50
                    [RABAT] => 0
                    [IZNOS] => 94.50
                )

            [4] => Array
                (
                    [IDROBA] => M7033.M
                    [KOLICINA] => 1
                    [CIJENA] => 87.50
                    [RABAT] => 0
                    [IZNOS] => 87.50
                )

            [5] => Array
                (
                    [IDROBA] => M5005.M
                    [KOLICINA] => 1
                    [CIJENA] => 124.00
                    [RABAT] => 0
                    [IZNOS] => 124.00
                )

            [6] => Array
                (
                    [IDROBA] => P8012
                    [KOLICINA] => 1
                    [CIJENA] => 51.00
                    [RABAT] => 0
                    [IZNOS] => 51.00
                )

        )

)

2021-01-25 10:09:38 - Array
(
    [creating] => start
    [ZAPIS] => Array
        (
            [IDDOK] => NAK
            [BROJDOK] => 46
            [STAVAKA] => 7
            [STAVKA] => 7
            [KOLICINA_SIFRA] => 0
            [DATUM] => 2021-01-25 00:00:00
            [TEXT_GRESKE] => 
            [KNJIZENO_KARTICA] => 
            [KNJIZENO_GLKNJIGA] => 
            [ZAKJUCANI_DN] => NE
        )

)

