2021-01-13 8:24:15 - &idfirma=1
2021-01-13 8:24:15 - Array
(
    [narudzba] => Array
        (
            [CMS_ID] => KHR198
            [DATUM_VRIJEME] => 12.01.2021 19:46:08
            [NARUCITELJ_CMS_ID] => 1
            [NARUCITELJ_EMAIL] => hujs@net.hr
            [NARUCITELJ_IME] => Kristina
            [NARUCITELJ_PREZIME] => Hujs
            [NARUCITELJ_ADRESA] => Matije Gupca 116
            [NARUCITELJ_MJESTO] => Donji Vidovec
            [NARUCITELJ_POSTA] => 40327
            [NARUCITELJ_TELEFON] => 0981306806
            [NARUCITELJ_NAZIV] => 
            [NARUCITELJ_OIB] => 
            [NARUCITELJ_VAT] => 
            [NARUCITELJ_ZEMLJA] => HRV
            [DOSTAVA_IME_PREZIME] => Kristina Hujs
            [DOSTAVA_ADRESA] => Matije Gupca 116
            [DOSTAVA_MJESTO] => Donji Vidovec
            [DOSTAVA_POSTA] => 40327
            [NAPOMENA] => Order Comments: Poštovani

Molimo javite kad je roba spremna ,pa podignemo kod Vas i platimo pouzećem u gotovini..
Hvala

Lp
Kristina
            [VALUTA] => 191
            [IZNOS_UKUPNO] => 243.50
            [TECAJ] => 1
        )

    [stavke] => Array
        (
            [0] => Array
                (
                    [IDROBA] => US00000203
                    [KOLICINA] => 1
                    [CIJENA] => 0
                    [RABAT] => 0
                    [IZNOS] => 0
                )

            [1] => Array
                (
                    [IDROBA] => M5008.M
                    [KOLICINA] => 1
                    [CIJENA] => 156.00
                    [RABAT] => 0
                    [IZNOS] => 156.00
                )

            [2] => Array
                (
                    [IDROBA] => M7032.S
                    [KOLICINA] => 1
                    [CIJENA] => 87.50
                    [RABAT] => 0
                    [IZNOS] => 87.50
                )

        )

)

2021-01-13 8:24:29 - Array
(
    [creating] => start
    [ZAPIS] => Array
        (
            [IDDOK] => NAW
            [BROJDOK] => 17
            [STAVAKA] => 3
            [STAVKA] => 3
            [KOLICINA_SIFRA] => 0
            [DATUM] => 2021-01-13 00:00:00
            [TEXT_GRESKE] => 
            [KNJIZENO_KARTICA] => 
            [KNJIZENO_GLKNJIGA] => 
            [ZAKJUCANI_DN] => NE
        )

)

