2021-01-12 8:14:05 - &idfirma=1
2021-01-12 8:14:05 - Array
(
    [narudzba] => Array
        (
            [CMS_ID] => KHR196
            [DATUM_VRIJEME] => 11.01.2021 19:25:28
            [NARUCITELJ_CMS_ID] => 1
            [NARUCITELJ_EMAIL] => spetohlep@gmail.com
            [NARUCITELJ_IME] => Smiljan
            [NARUCITELJ_PREZIME] => Petohlep
            [NARUCITELJ_ADRESA] => Vrh 1/1
            [NARUCITELJ_MJESTO] => Buzet
            [NARUCITELJ_POSTA] => 52420
            [NARUCITELJ_TELEFON] => 0916672091
            [NARUCITELJ_NAZIV] => 
            [NARUCITELJ_OIB] => 
            [NARUCITELJ_VAT] => 
            [NARUCITELJ_ZEMLJA] => HRV
            [DOSTAVA_IME_PREZIME] => Smiljan Petohlep
            [DOSTAVA_ADRESA] => Vrh 1/1
            [DOSTAVA_MJESTO] => Buzet
            [DOSTAVA_POSTA] => 52420
            [NAPOMENA] => 
            [VALUTA] => 191
            [IZNOS_UKUPNO] => 368.00
            [TECAJ] => 1
        )

    [stavke] => Array
        (
            [0] => Array
                (
                    [IDROBA] => US00000203
                    [KOLICINA] => 1
                    [CIJENA] => 0
                    [RABAT] => 0
                    [IZNOS] => 0
                )

            [1] => Array
                (
                    [IDROBA] => M7057.L
                    [KOLICINA] => 4
                    [CIJENA] => 92.00
                    [RABAT] => 0
                    [IZNOS] => 368.00
                )

        )

)

2021-01-12 8:14:06 - Array
(
    [creating] => start
    [ZAPIS] => Array
        (
            [IDDOK] => NAW
            [BROJDOK] => 15
            [STAVAKA] => 2
            [STAVKA] => 2
            [KOLICINA_SIFRA] => 0
            [DATUM] => 2021-01-12 00:00:00
            [TEXT_GRESKE] => 
            [KNJIZENO_KARTICA] => 
            [KNJIZENO_GLKNJIGA] => 
            [ZAKJUCANI_DN] => NE
        )

)

