2021-01-29 14:15:52 - Array
(
    [order_id] => 226
    [invoice_no] => 0
    [invoice_prefix] => INV-2020-00
    [store_id] => 0
    [store_name] => KOZO UNDERWEAR
    [store_url] => https://www.kozo-underwear.hr/
    [customer_id] => 165
    [customer_group_id] => 1
    [firstname] => Ivica
    [lastname] => Čakširan
    [email] => icchuck@gmail.com
    [telephone] => 0955902803
    [fax] => 
    [custom_field] => 
    [payment_firstname] => Ivica
    [payment_lastname] => Čakširan
    [payment_company] => 
    [payment_address_1] => Obala Ruđera Boškovića 2
    [payment_address_2] => 
    [payment_city] => Sisak
    [payment_postcode] => 44000
    [payment_country] => Croatia
    [payment_country_id] => 53
    [payment_zone] => HR
    [payment_zone_id] => 848
    [payment_address_format] => 
    [payment_custom_field] => 
    [payment_method] => Kreditne kartice / Debitne Kartice (CorvusPay)
    [payment_code] => corvuspay
    [shipping_firstname] => Ivica
    [shipping_lastname] => Čakširan
    [shipping_company] => 
    [shipping_address_1] => Obala Ruđera Boškovića 2
    [shipping_address_2] => 
    [shipping_city] => Sisak
    [shipping_postcode] => 44000
    [shipping_country] => Croatia
    [shipping_country_id] => 53
    [shipping_zone] => HR
    [shipping_zone_id] => 848
    [shipping_address_format] => 
    [shipping_custom_field] => 
    [shipping_method] => Besplatna dostava Intereuropa Hrvatska
    [shipping_code] => ultimate_shipping.ultimate_shipping_0
    [comment] => 
    [total] => 416.0000
    [order_status_id] => 5
    [affiliate_id] => 0
    [commission] => 0.0000
    [marketing_id] => 0
    [tracking] => 
    [language_id] => 2
    [currency_id] => 4
    [currency_code] => HRK
    [currency_value] => 1.00000000
    [ip] => 95.178.231.229
    [forwarded_ip] => 
    [user_agent] => Mozilla/5.0 (Windows NT 10.0; Win64; x64) AppleWebKit/537.36 (KHTML, like Gecko) Chrome/88.0.4324.104 Safari/537.36
    [accept_language] => en-US,en;q=0.9,it-IT;q=0.8,it;q=0.7,hr;q=0.6,mk;q=0.5
    [paid_order] => 0
    [intereuropa] => 1
    [date_added] => 2021-01-29 09:30:23
    [date_modified] => 2021-01-29 09:31:33
    [products] => Array
        (
            [0] => Array
                (
                    [order_product_id] => 579
                    [order_id] => 226
                    [product_id] => 92
                    [name] => MUŠKA POTKOŠULJA REBRASTA CRNA
                    [model] => M7022
                    [quantity] => 4
                    [price] => 104.0000
                    [total] => 416.0000
                    [tax] => 0.0000
                    [reward] => 0
                    [option] => Array
                        (
                            [order_option_id] => 514
                            [order_id] => 226
                            [order_product_id] => 579
                            [product_option_id] => 255
                            [product_option_value_id] => 165
                            [name] => Veličina
                            [value] => XL
                            [type] => radio
                            [sku] => 
                            [option_data] => Array
                                (
                                    [product_option_value_id] => 165
                                    [product_option_id] => 255
                                    [product_id] => 92
                                    [option_id] => 13
                                    [option_value_id] => 49
                                    [quantity] => 26
                                    [subtract] => 1
                                    [price] => 0.0000
                                    [price_prefix] => 
                                    [points] => 0
                                    [points_prefix] => +
                                    [weight] => 0.00000000
                                    [weight_prefix] => +
                                    [sku] => M7022.XL
                                )

                        )

                )

        )

    [totals] => Array
        (
            [0] => Array
                (
                    [order_total_id] => 744
                    [order_id] => 226
                    [code] => sub_total
                    [title] => Među suma
                    [value] => 416.0000
                    [sort_order] => 1
                )

            [1] => Array
                (
                    [order_total_id] => 745
                    [order_id] => 226
                    [code] => shipping
                    [title] => Besplatna dostava Intereuropa Hrvatska
                    [value] => 0.0000
                    [sort_order] => 3
                )

            [2] => Array
                (
                    [order_total_id] => 746
                    [order_id] => 226
                    [code] => total
                    [title] => Ukupno
                    [value] => 416.0000
                    [sort_order] => 9
                )

        )

    [status] => Array
        (
            [order_status_id] => 5
            [language_id] => 1
            [name] => Complete
        )

)

2021-01-29 14:15:53 - Array
(
    [narudzba] => Array
        (
            [CMS_ID] => KHR226
            [DATUM_VRIJEME] => 29.01.2021 09:31:33
            [NARUCITELJ_CMS_ID] => 1
            [NARUCITELJ_EMAIL] => icchuck@gmail.com
            [NARUCITELJ_IME] => Ivica
            [NARUCITELJ_PREZIME] => Čakširan
            [NARUCITELJ_ADRESA] => Obala Ruđera Boškovića 2
            [NARUCITELJ_MJESTO] => Sisak
            [NARUCITELJ_POSTA] => 44000
            [NARUCITELJ_TELEFON] => 0955902803
            [NARUCITELJ_NAZIV] => 
            [NARUCITELJ_OIB] => 
            [NARUCITELJ_VAT] => 
            [NARUCITELJ_ZEMLJA] => HRV
            [DOSTAVA_IME_PREZIME] => Ivica Čakširan
            [DOSTAVA_ADRESA] => Obala Ruđera Boškovića 2
            [DOSTAVA_MJESTO] => Sisak
            [DOSTAVA_POSTA] => 44000
            [NAPOMENA] => 
            [VALUTA] => 191
            [IZNOS_UKUPNO] => 416.00
            [TECAJ] => 1
        )

    [stavke] => Array
        (
            [0] => Array
                (
                    [IDROBA] => US00000203
                    [KOLICINA] => 1
                    [CIJENA] => 0
                    [RABAT] => 0
                    [IZNOS] => 0
                )

            [1] => Array
                (
                    [IDROBA] => M7022.XL
                    [KOLICINA] => 4
                    [CIJENA] => 104.00
                    [RABAT] => 0
                    [IZNOS] => 416.00
                )

        )

)

2021-01-29 14:15:55 - Illuminate\Support\Collection Object
(
    [items:protected] => Array
        (
            [creating] => start
            [ZAPIS] => Array
                (
                    [IDDOK] => NAK
                    [BROJDOK] => 60
                    [STAVAKA] => 2
                    [STAVKA] => 2
                    [KOLICINA_SIFRA] => 0
                    [DATUM] => 2021-01-29 00:00:00
                    [TEXT_GRESKE] => 
                    [KNJIZENO_KARTICA] => 
                    [KNJIZENO_GLKNJIGA] => 
                    [ZAKJUCANI_DN] => NE
                )

        )

)

