2021-01-29 7:33:37 - &idfirma=1
2021-01-29 7:33:37 - Array
(
    [narudzba] => Array
        (
            [CMS_ID] => KHR225
            [DATUM_VRIJEME] => 28.01.2021 04:18:45
            [NARUCITELJ_CMS_ID] => 1
            [NARUCITELJ_EMAIL] => bojanperusko123@gmail.com
            [NARUCITELJ_IME] => Bojan
            [NARUCITELJ_PREZIME] => Peruško
            [NARUCITELJ_ADRESA] => Peruški 52/A
            [NARUCITELJ_MJESTO] => Krnica
            [NARUCITELJ_POSTA] => 52208
            [NARUCITELJ_TELEFON] => 098535576
            [NARUCITELJ_NAZIV] => 
            [NARUCITELJ_OIB] => 
            [NARUCITELJ_VAT] => 
            [NARUCITELJ_ZEMLJA] => HRV
            [DOSTAVA_IME_PREZIME] => Bojan Peruško
            [DOSTAVA_ADRESA] => Peruški 52/A
            [DOSTAVA_MJESTO] => Krnica
            [DOSTAVA_POSTA] => 52208
            [NAPOMENA] => 
            [VALUTA] => 191
            [IZNOS_UKUPNO] => 218.60
            [TECAJ] => 1
        )

    [stavke] => Array
        (
            [0] => Array
                (
                    [IDROBA] => US00000203
                    [KOLICINA] => 1
                    [CIJENA] => 35
                    [RABAT] => 0
                    [IZNOS] => 35
                )

            [1] => Array
                (
                    [IDROBA] => M7039.XXL
                    [KOLICINA] => 1
                    [CIJENA] => 91.80
                    [RABAT] => 0
                    [IZNOS] => 91.80
                )

            [2] => Array
                (
                    [IDROBA] => M7045.XXL
                    [KOLICINA] => 1
                    [CIJENA] => 91.80
                    [RABAT] => 0
                    [IZNOS] => 91.80
                )

        )

)

2021-01-29 7:33:38 - Array
(
    [creating] => start
    [ZAPIS] => Array
        (
            [IDDOK] => NAK
            [BROJDOK] => 58
            [STAVAKA] => 3
            [STAVKA] => 3
            [KOLICINA_SIFRA] => 0
            [DATUM] => 2021-01-29 00:00:00
            [TEXT_GRESKE] => 
            [KNJIZENO_KARTICA] => 
            [KNJIZENO_GLKNJIGA] => 
            [ZAKJUCANI_DN] => NE
        )

)

