2021-01-18 9:42:52 - Array
(
    [order_id] => 209
    [invoice_no] => 0
    [invoice_prefix] => INV-2020-00
    [store_id] => 0
    [store_name] => KOZO UNDERWEAR
    [store_url] => https://www.kozo-underwear.hr/
    [customer_id] => 152
    [customer_group_id] => 1
    [firstname] => Mirna
    [lastname] => Šrajer
    [email] => mirna_schreyer@yahoo.com
    [telephone] => 0953833773
    [fax] => 
    [custom_field] => 
    [payment_firstname] => Mirna
    [payment_lastname] => Šrajer
    [payment_company] => 
    [payment_address_1] => Franje Franceva 43
    [payment_address_2] => 
    [payment_city] => Zadar
    [payment_postcode] => 23000
    [payment_country] => Croatia
    [payment_country_id] => 53
    [payment_zone] => 
    [payment_zone_id] => 0
    [payment_address_format] => 
    [payment_custom_field] => 
    [payment_method] => Kreditne kartice / Debitne Kartice (CorvusPay)
    [payment_code] => corvuspay
    [shipping_firstname] => Marino
    [shipping_lastname] => Kopričanec
    [shipping_company] => 
    [shipping_address_1] => Franje Franceva 43
    [shipping_address_2] => 
    [shipping_city] => Zadar
    [shipping_postcode] => 23000
    [shipping_country] => Croatia
    [shipping_country_id] => 53
    [shipping_zone] => 
    [shipping_zone_id] => 0
    [shipping_address_format] => 
    [shipping_custom_field] => 
    [shipping_method] => Dostava Intereuropa Hrvatska - Besplatna dostava za narudžbe iznad 350kn
    [shipping_code] => ultimate_shipping.ultimate_shipping_0
    [comment] => 
    [total] => 299.0000
    [order_status_id] => 5
    [affiliate_id] => 0
    [commission] => 0.0000
    [marketing_id] => 0
    [tracking] => 
    [language_id] => 2
    [currency_id] => 4
    [currency_code] => HRK
    [currency_value] => 1.00000000
    [ip] => 88.207.45.84
    [forwarded_ip] => 
    [user_agent] => Mozilla/5.0 (Linux; Android 9; HTC U11) AppleWebKit/537.36 (KHTML, like Gecko) Chrome/86.0.4240.99 Mobile Safari/537.36
    [accept_language] => hr,en-US;q=0.9,en;q=0.8,en-GB;q=0.7,de;q=0.6
    [paid_order] => 0
    [intereuropa] => 1
    [date_added] => 2021-01-17 16:47:40
    [date_modified] => 2021-01-17 16:50:28
    [products] => Array
        (
            [0] => Array
                (
                    [order_product_id] => 535
                    [order_id] => 209
                    [product_id] => 179
                    [name] => MUŠKA PIDŽAMA
                    [model] => M5011
                    [quantity] => 1
                    [price] => 264.0000
                    [total] => 264.0000
                    [tax] => 0.0000
                    [reward] => 0
                    [option] => Array
                        (
                            [order_option_id] => 475
                            [order_id] => 209
                            [order_product_id] => 535
                            [product_option_id] => 343
                            [product_option_value_id] => 567
                            [name] => Veličina
                            [value] => M
                            [type] => radio
                            [sku] => 
                            [option_data] => Array
                                (
                                    [product_option_value_id] => 567
                                    [product_option_id] => 343
                                    [product_id] => 179
                                    [option_id] => 13
                                    [option_value_id] => 51
                                    [quantity] => 18
                                    [subtract] => 1
                                    [price] => 0.0000
                                    [price_prefix] => +
                                    [points] => 0
                                    [points_prefix] => +
                                    [weight] => 0.00000000
                                    [weight_prefix] => +
                                    [sku] => M5011.M
                                )

                        )

                )

        )

    [totals] => Array
        (
            [0] => Array
                (
                    [order_total_id] => 688
                    [order_id] => 209
                    [code] => sub_total
                    [title] => Među suma
                    [value] => 264.0000
                    [sort_order] => 1
                )

            [1] => Array
                (
                    [order_total_id] => 689
                    [order_id] => 209
                    [code] => shipping
                    [title] => Dostava Intereuropa Hrvatska - Besplatna dostava za narudžbe iznad 350kn
                    [value] => 35.0000
                    [sort_order] => 3
                )

            [2] => Array
                (
                    [order_total_id] => 690
                    [order_id] => 209
                    [code] => total
                    [title] => Ukupno
                    [value] => 299.0000
                    [sort_order] => 9
                )

        )

    [status] => Array
        (
            [order_status_id] => 5
            [language_id] => 1
            [name] => Complete
        )

)

2021-01-18 9:42:52 - Array
(
    [narudzba] => Array
        (
            [CMS_ID] => KHR209
            [DATUM_VRIJEME] => 17.01.2021 16:50:28
            [NARUCITELJ_CMS_ID] => 1
            [NARUCITELJ_EMAIL] => mirna_schreyer@yahoo.com
            [NARUCITELJ_IME] => Mirna
            [NARUCITELJ_PREZIME] => Šrajer
            [NARUCITELJ_ADRESA] => Franje Franceva 43
            [NARUCITELJ_MJESTO] => Zadar
            [NARUCITELJ_POSTA] => 23000
            [NARUCITELJ_TELEFON] => 0953833773
            [NARUCITELJ_NAZIV] => 
            [NARUCITELJ_OIB] => 
            [NARUCITELJ_VAT] => 
            [NARUCITELJ_ZEMLJA] => HRV
            [DOSTAVA_IME_PREZIME] => Marino Kopričanec
            [DOSTAVA_ADRESA] => Franje Franceva 43
            [DOSTAVA_MJESTO] => Zadar
            [DOSTAVA_POSTA] => 23000
            [NAPOMENA] => 
            [VALUTA] => 191
            [IZNOS_UKUPNO] => 299.00
            [TECAJ] => 1
        )

    [stavke] => Array
        (
            [0] => Array
                (
                    [IDROBA] => US00000203
                    [KOLICINA] => 1
                    [CIJENA] => 35
                    [RABAT] => 0
                    [IZNOS] => 35
                )

            [1] => Array
                (
                    [IDROBA] => M5011.M
                    [KOLICINA] => 1
                    [CIJENA] => 264.00
                    [RABAT] => 0
                    [IZNOS] => 264.00
                )

        )

)

2021-01-18 9:42:53 - Illuminate\Support\Collection Object
(
    [items:protected] => Array
        (
            [creating] => start
            [ZAPIS] => Array
                (
                    [IDDOK] => NAW
                    [BROJDOK] => 26
                    [STAVAKA] => 2
                    [STAVKA] => 2
                    [KOLICINA_SIFRA] => 0
                    [DATUM] => 2021-01-18 00:00:00
                    [TEXT_GRESKE] => 
                    [KNJIZENO_KARTICA] => 
                    [KNJIZENO_GLKNJIGA] => 
                    [ZAKJUCANI_DN] => NE
                )

        )

)

