2021-01-27 9:28:49 - Array
(
    [order_id] => 220
    [invoice_no] => 0
    [invoice_prefix] => INV-2020-00
    [store_id] => 0
    [store_name] => KOZO UNDERWEAR
    [store_url] => https://www.kozo-underwear.hr/
    [customer_id] => 160
    [customer_group_id] => 1
    [firstname] => Ivan
    [lastname] => Markovic
    [email] => Ivan.markovic@chromos.eu
    [telephone] => 0914777213
    [fax] => 
    [custom_field] => 
    [payment_firstname] => Ivan
    [payment_lastname] => Markovic
    [payment_company] => 
    [payment_address_1] => Radicev odvojak 13
    [payment_address_2] => 
    [payment_city] => Velika Gorica
    [payment_postcode] => 10410
    [payment_country] => Croatia
    [payment_country_id] => 53
    [payment_zone] => HR
    [payment_zone_id] => 848
    [payment_address_format] => 
    [payment_custom_field] => 
    [payment_method] => Kreditne kartice / Debitne Kartice (CorvusPay)
    [payment_code] => corvuspay
    [shipping_firstname] => Ivan
    [shipping_lastname] => Markovic
    [shipping_company] => 
    [shipping_address_1] => Radicev odvojak 13
    [shipping_address_2] => 
    [shipping_city] => Velika Gorica
    [shipping_postcode] => 10410
    [shipping_country] => Croatia
    [shipping_country_id] => 53
    [shipping_zone] => HR
    [shipping_zone_id] => 848
    [shipping_address_format] => 
    [shipping_custom_field] => 
    [shipping_method] => Besplatna dostava Intereuropa Hrvatska
    [shipping_code] => ultimate_shipping.ultimate_shipping_0
    [comment] => 
    [total] => 624.0000
    [order_status_id] => 5
    [affiliate_id] => 0
    [commission] => 0.0000
    [marketing_id] => 0
    [tracking] => 
    [language_id] => 2
    [currency_id] => 4
    [currency_code] => HRK
    [currency_value] => 1.00000000
    [ip] => 93.138.83.215
    [forwarded_ip] => 
    [user_agent] => Mozilla/5.0 (iPhone; CPU iPhone OS 14_3 like Mac OS X) AppleWebKit/605.1.15 (KHTML, like Gecko) Version/14.0.2 Mobile/15E148 Safari/604.1
    [accept_language] => en-us
    [paid_order] => 0
    [intereuropa] => 1
    [date_added] => 2021-01-26 22:35:03
    [date_modified] => 2021-01-26 22:40:22
    [products] => Array
        (
            [0] => Array
                (
                    [order_product_id] => 560
                    [order_id] => 220
                    [product_id] => 62
                    [name] => MUŠKA POTKOŠULJA ŠIRA RAMENICA BIJELA
                    [model] => M7008
                    [quantity] => 6
                    [price] => 104.0000
                    [total] => 624.0000
                    [tax] => 0.0000
                    [reward] => 0
                    [option] => Array
                        (
                            [order_option_id] => 498
                            [order_id] => 220
                            [order_product_id] => 560
                            [product_option_id] => 335
                            [product_option_value_id] => 517
                            [name] => Veličina
                            [value] => XL
                            [type] => radio
                            [sku] => 
                            [option_data] => Array
                                (
                                    [product_option_value_id] => 517
                                    [product_option_id] => 335
                                    [product_id] => 62
                                    [option_id] => 13
                                    [option_value_id] => 49
                                    [quantity] => 105
                                    [subtract] => 1
                                    [price] => 0.0000
                                    [price_prefix] => 
                                    [points] => 0
                                    [points_prefix] => +
                                    [weight] => 0.00000000
                                    [weight_prefix] => +
                                    [sku] => M7008.XL
                                )

                        )

                )

            [1] => Array
                (
                    [order_product_id] => 561
                    [order_id] => 220
                    [product_id] => 170
                    [name] => NAVY MASKA ZA LICE
                    [model] => P8010
                    [quantity] => 1
                    [price] => 51.0000
                    [total] => 51.0000
                    [tax] => 0.0000
                    [reward] => 0
                    [option] => 
                )

        )

    [totals] => Array
        (
            [0] => Array
                (
                    [order_total_id] => 723
                    [order_id] => 220
                    [code] => sub_total
                    [title] => Među suma
                    [value] => 675.0000
                    [sort_order] => 1
                )

            [1] => Array
                (
                    [order_total_id] => 724
                    [order_id] => 220
                    [code] => tieredgiftstotal
                    [title] => Besplatni poklon - NAVY MASKA ZA LICE
                    [value] => -51.0000
                    [sort_order] => 2
                )

            [2] => Array
                (
                    [order_total_id] => 725
                    [order_id] => 220
                    [code] => shipping
                    [title] => Besplatna dostava Intereuropa Hrvatska
                    [value] => 0.0000
                    [sort_order] => 3
                )

            [3] => Array
                (
                    [order_total_id] => 726
                    [order_id] => 220
                    [code] => total
                    [title] => Ukupno
                    [value] => 624.0000
                    [sort_order] => 9
                )

        )

    [status] => Array
        (
            [order_status_id] => 5
            [language_id] => 1
            [name] => Complete
        )

)

2021-01-27 9:28:49 - Array
(
    [narudzba] => Array
        (
            [CMS_ID] => KHR220
            [DATUM_VRIJEME] => 26.01.2021 22:40:22
            [NARUCITELJ_CMS_ID] => 1
            [NARUCITELJ_EMAIL] => Ivan.markovic@chromos.eu
            [NARUCITELJ_IME] => Ivan
            [NARUCITELJ_PREZIME] => Markovic
            [NARUCITELJ_ADRESA] => Radicev odvojak 13
            [NARUCITELJ_MJESTO] => Velika Gorica
            [NARUCITELJ_POSTA] => 10410
            [NARUCITELJ_TELEFON] => 0914777213
            [NARUCITELJ_NAZIV] => 
            [NARUCITELJ_OIB] => 
            [NARUCITELJ_VAT] => 
            [NARUCITELJ_ZEMLJA] => HRV
            [DOSTAVA_IME_PREZIME] => Ivan Markovic
            [DOSTAVA_ADRESA] => Radicev odvojak 13
            [DOSTAVA_MJESTO] => Velika Gorica
            [DOSTAVA_POSTA] => 10410
            [NAPOMENA] => 
            [VALUTA] => 191
            [IZNOS_UKUPNO] => 624.00
            [TECAJ] => 1
        )

    [stavke] => Array
        (
            [0] => Array
                (
                    [IDROBA] => US00000203
                    [KOLICINA] => 1
                    [CIJENA] => 0
                    [RABAT] => 0
                    [IZNOS] => 0
                )

            [1] => Array
                (
                    [IDROBA] => M7008.XL
                    [KOLICINA] => 6
                    [CIJENA] => 104.00
                    [RABAT] => 0
                    [IZNOS] => 624.00
                )

            [2] => Array
                (
                    [IDROBA] => P8010
                    [KOLICINA] => 1
                    [CIJENA] => 51.00
                    [RABAT] => 0
                    [IZNOS] => 51.00
                )

        )

)

2021-01-27 9:28:50 - Illuminate\Support\Collection Object
(
    [items:protected] => Array
        (
            [creating] => start
            [ZAPIS] => Array
                (
                    [IDDOK] => NAK
                    [BROJDOK] => 54
                    [STAVAKA] => 3
                    [STAVKA] => 3
                    [KOLICINA_SIFRA] => 0
                    [DATUM] => 2021-01-27 00:00:00
                    [TEXT_GRESKE] => 
                    [KNJIZENO_KARTICA] => 
                    [KNJIZENO_GLKNJIGA] => 
                    [ZAKJUCANI_DN] => NE
                )

        )

)

