2021-01-18 9:42:29 - &idfirma=1
2021-01-18 9:42:29 - Array
(
    [narudzba] => Array
        (
            [CMS_ID] => KHR207
            [DATUM_VRIJEME] => 16.01.2021 13:52:17
            [NARUCITELJ_CMS_ID] => 1
            [NARUCITELJ_EMAIL] => nikolina.magdalenic@gmail.com
            [NARUCITELJ_IME] => Nikolina
            [NARUCITELJ_PREZIME] => Vincek
            [NARUCITELJ_ADRESA] => Vrtna 4
            [NARUCITELJ_MJESTO] => Trnovec B
            [NARUCITELJ_POSTA] => 42202
            [NARUCITELJ_TELEFON] => 0919283867
            [NARUCITELJ_NAZIV] => 
            [NARUCITELJ_OIB] => 
            [NARUCITELJ_VAT] => 
            [NARUCITELJ_ZEMLJA] => HRV
            [DOSTAVA_IME_PREZIME] => Nikolina Vincek
            [DOSTAVA_ADRESA] => Vrtna 4
            [DOSTAVA_MJESTO] => Trnovec B
            [DOSTAVA_POSTA] => 42202
            [NAPOMENA] => 
            [VALUTA] => 191
            [IZNOS_UKUPNO] => 299.00
            [TECAJ] => 1
        )

    [stavke] => Array
        (
            [0] => Array
                (
                    [IDROBA] => US00000203
                    [KOLICINA] => 1
                    [CIJENA] => 35
                    [RABAT] => 0
                    [IZNOS] => 35
                )

            [1] => Array
                (
                    [IDROBA] => M5011.S
                    [KOLICINA] => 1
                    [CIJENA] => 264.00
                    [RABAT] => 0
                    [IZNOS] => 264.00
                )

        )

)

2021-01-18 9:42:31 - Array
(
    [creating] => start
    [ZAPIS] => Array
        (
            [IDDOK] => NAW
            [BROJDOK] => 24
            [STAVAKA] => 2
            [STAVKA] => 2
            [KOLICINA_SIFRA] => 0
            [DATUM] => 2021-01-18 00:00:00
            [TEXT_GRESKE] => 
            [KNJIZENO_KARTICA] => 
            [KNJIZENO_GLKNJIGA] => 
            [ZAKJUCANI_DN] => NE
        )

)

