2021-01-07 13:53:09 - Array
(
    [order_id] => 176
    [invoice_no] => 0
    [invoice_prefix] => INV-2020-00
    [store_id] => 0
    [store_name] => KOZO UNDERWEAR
    [store_url] => https://www.kozo-underwear.hr/
    [customer_id] => 135
    [customer_group_id] => 1
    [firstname] => Josip
    [lastname] => Filipović
    [email] => jopy982@gmail.com
    [telephone] => 095 366 1526
    [fax] => 
    [custom_field] => 
    [payment_firstname] => Josip
    [payment_lastname] => Filipović
    [payment_company] => 
    [payment_address_1] => Janka Polić Kamova 95B
    [payment_address_2] => 
    [payment_city] => Rijeka
    [payment_postcode] => 51000
    [payment_country] => Croatia
    [payment_country_id] => 53
    [payment_zone] => HR
    [payment_zone_id] => 848
    [payment_address_format] => 
    [payment_custom_field] => 
    [payment_method] => Plaćanje pouzećem
    [payment_code] => cod
    [shipping_firstname] => Josip
    [shipping_lastname] => Filipović
    [shipping_company] => 
    [shipping_address_1] => Janka Polić Kamova 95B
    [shipping_address_2] => 
    [shipping_city] => Rijeka
    [shipping_postcode] => 51000
    [shipping_country] => Croatia
    [shipping_country_id] => 53
    [shipping_zone] => HR
    [shipping_zone_id] => 848
    [shipping_address_format] => 
    [shipping_custom_field] => 
    [shipping_method] => Dostava Intereuropa Hrvatska - Besplatna dostava za narudžbe iznad 350kn
    [shipping_code] => ultimate_shipping.ultimate_shipping_0
    [comment] => 
    [total] => 208.6000
    [order_status_id] => 5
    [affiliate_id] => 0
    [commission] => 0.0000
    [marketing_id] => 0
    [tracking] => 
    [language_id] => 2
    [currency_id] => 4
    [currency_code] => HRK
    [currency_value] => 1.00000000
    [ip] => 95.168.116.2
    [forwarded_ip] => 
    [user_agent] => Mozilla/5.0 (Linux; Android 10; M2007J20CG Build/QKQ1.200512.002; wv) AppleWebKit/537.36 (KHTML, like Gecko) Version/4.0 Chrome/87.0.4280.101 Mobile Safari/537.36 [FB_IAB/FB4A;FBAV/300.2.0.58.129;]
    [accept_language] => hr-HR,hr;q=0.9,en-US;q=0.8,en;q=0.7
    [paid_order] => 0
    [intereuropa] => 1
    [date_added] => 2021-01-06 13:52:31
    [date_modified] => 2021-01-06 13:52:48
    [products] => Array
        (
            [0] => Array
                (
                    [order_product_id] => 458
                    [order_id] => 176
                    [product_id] => 112
                    [name] => MUŠKE GAĆE SLIP PRINT WEB
                    [model] => M7042
                    [quantity] => 2
                    [price] => 76.8000
                    [total] => 153.6000
                    [tax] => 0.0000
                    [reward] => 0
                    [option] => Array
                        (
                            [order_option_id] => 413
                            [order_id] => 176
                            [order_product_id] => 458
                            [product_option_id] => 275
                            [product_option_value_id] => 255
                            [name] => Veličina
                            [value] => L
                            [type] => radio
                            [sku] => 
                            [option_data] => Array
                                (
                                    [product_option_value_id] => 255
                                    [product_option_id] => 275
                                    [product_id] => 112
                                    [option_id] => 13
                                    [option_value_id] => 50
                                    [quantity] => 21
                                    [subtract] => 1
                                    [price] => 0.0000
                                    [price_prefix] => 
                                    [points] => 0
                                    [points_prefix] => +
                                    [weight] => 0.00000000
                                    [weight_prefix] => +
                                    [sku] => M7042.L
                                )

                        )

                )

            [1] => Array
                (
                    [order_product_id] => 459
                    [order_id] => 176
                    [product_id] => 181
                    [name] => KOZO POKLON VREĆICA MALA
                    [model] => P0018
                    [quantity] => 1
                    [price] => 20.0000
                    [total] => 20.0000
                    [tax] => 0.0000
                    [reward] => 0
                    [option] => 
                )

        )

    [totals] => Array
        (
            [0] => Array
                (
                    [order_total_id] => 576
                    [order_id] => 176
                    [code] => sub_total
                    [title] => Među suma
                    [value] => 173.6000
                    [sort_order] => 1
                )

            [1] => Array
                (
                    [order_total_id] => 577
                    [order_id] => 176
                    [code] => shipping
                    [title] => Dostava Intereuropa Hrvatska - Besplatna dostava za narudžbe iznad 350kn
                    [value] => 35.0000
                    [sort_order] => 3
                )

            [2] => Array
                (
                    [order_total_id] => 578
                    [order_id] => 176
                    [code] => total
                    [title] => Ukupno
                    [value] => 208.6000
                    [sort_order] => 9
                )

        )

    [status] => Array
        (
            [order_status_id] => 5
            [language_id] => 1
            [name] => Complete
        )

)

2021-01-07 13:53:09 - Array
(
    [narudzba] => Array
        (
            [CMS_ID] => KHR176
            [DATUM_VRIJEME] => 06.01.2021 13:52:48
            [NARUCITELJ_CMS_ID] => 1
            [NARUCITELJ_EMAIL] => jopy982@gmail.com
            [NARUCITELJ_IME] => Josip
            [NARUCITELJ_PREZIME] => Filipović
            [NARUCITELJ_ADRESA] => Janka Polić Kamova 95B
            [NARUCITELJ_MJESTO] => Rijeka
            [NARUCITELJ_POSTA] => 51000
            [NARUCITELJ_TELEFON] => 095 366 1526
            [NARUCITELJ_NAZIV] => 
            [NARUCITELJ_OIB] => 
            [NARUCITELJ_VAT] => 
            [NARUCITELJ_ZEMLJA] => HRV
            [DOSTAVA_IME_PREZIME] => Josip Filipović
            [DOSTAVA_ADRESA] => Janka Polić Kamova 95B
            [DOSTAVA_MJESTO] => Rijeka
            [DOSTAVA_POSTA] => 51000
            [NAPOMENA] => 
            [VALUTA] => 191
            [IZNOS_UKUPNO] => 208.60
            [TECAJ] => 1
        )

    [stavke] => Array
        (
            [0] => Array
                (
                    [IDROBA] => US00000203
                    [KOLICINA] => 1
                    [CIJENA] => 35
                    [RABAT] => 0
                    [IZNOS] => 35
                )

            [1] => Array
                (
                    [IDROBA] => M7042.L
                    [KOLICINA] => 2
                    [CIJENA] => 76.80
                    [RABAT] => 0
                    [IZNOS] => 153.60
                )

            [2] => Array
                (
                    [IDROBA] => P0018
                    [KOLICINA] => 1
                    [CIJENA] => 20.00
                    [RABAT] => 0
                    [IZNOS] => 20.00
                )

        )

)

2021-01-07 13:53:10 - Illuminate\Support\Collection Object
(
    [items:protected] => Array
        (
            [creating] => start
            [ZAPIS] => Array
                (
                    [IDDOK] => NAW
                    [BROJDOK] => 7
                    [STAVAKA] => 3
                    [STAVKA] => 3
                    [KOLICINA_SIFRA] => 0
                    [DATUM] => 2021-01-07 00:00:00
                    [TEXT_GRESKE] => 
                    [KNJIZENO_KARTICA] => 
                    [KNJIZENO_GLKNJIGA] => 
                    [ZAKJUCANI_DN] => NE
                )

        )

)

