2021-01-25 9:54:14 - Array
(
    [order_id] => 217
    [invoice_no] => 0
    [invoice_prefix] => INV-2020-00
    [store_id] => 0
    [store_name] => KOZO UNDERWEAR
    [store_url] => https://www.kozo-underwear.hr/
    [customer_id] => 158
    [customer_group_id] => 1
    [firstname] => Goran
    [lastname] => Pristaš
    [email] => sergej@badco.hr
    [telephone] => 098317586
    [fax] => 
    [custom_field] => 
    [payment_firstname] => Goran
    [payment_lastname] => Pristaš
    [payment_company] => 
    [payment_address_1] => Kozarčeva 28
    [payment_address_2] => 
    [payment_city] => Zagreb
    [payment_postcode] => 10000
    [payment_country] => Croatia
    [payment_country_id] => 53
    [payment_zone] => HR
    [payment_zone_id] => 848
    [payment_address_format] => 
    [payment_custom_field] => 
    [payment_method] => Kreditne kartice / Debitne Kartice (CorvusPay)
    [payment_code] => corvuspay
    [shipping_firstname] => Goran
    [shipping_lastname] => Pristaš
    [shipping_company] => 
    [shipping_address_1] => Kozarčeva 28
    [shipping_address_2] => 
    [shipping_city] => Zagreb
    [shipping_postcode] => 10000
    [shipping_country] => Croatia
    [shipping_country_id] => 53
    [shipping_zone] => HR
    [shipping_zone_id] => 848
    [shipping_address_format] => 
    [shipping_custom_field] => 
    [shipping_method] => Dostava Intereuropa Hrvatska - Besplatna dostava za narudžbe iznad 350kn
    [shipping_code] => ultimate_shipping.ultimate_shipping_0
    [comment] => 
    [total] => 335.0000
    [order_status_id] => 5
    [affiliate_id] => 0
    [commission] => 0.0000
    [marketing_id] => 0
    [tracking] => 
    [language_id] => 2
    [currency_id] => 4
    [currency_code] => HRK
    [currency_value] => 1.00000000
    [ip] => 188.252.198.251
    [forwarded_ip] => 
    [user_agent] => Mozilla/5.0 (Windows NT 10.0; Win64; x64; rv:84.0) Gecko/20100101 Firefox/84.0
    [accept_language] => hr,hr-HR;q=0.8,en-US;q=0.5,en;q=0.3
    [paid_order] => 0
    [intereuropa] => 1
    [date_added] => 2021-01-24 11:32:57
    [date_modified] => 2021-01-24 11:35:17
    [products] => Array
        (
            [0] => Array
                (
                    [order_product_id] => 554
                    [order_id] => 217
                    [product_id] => 60
                    [name] => MUŠKA POTKOŠULJA UŽA RAMENICA BIJELA
                    [model] => M7007
                    [quantity] => 1
                    [price] => 100.0000
                    [total] => 100.0000
                    [tax] => 0.0000
                    [reward] => 0
                    [option] => Array
                        (
                            [order_option_id] => 493
                            [order_id] => 217
                            [order_product_id] => 554
                            [product_option_id] => 230
                            [product_option_value_id] => 24
                            [name] => Veličina
                            [value] => M
                            [type] => radio
                            [sku] => 
                            [option_data] => Array
                                (
                                    [product_option_value_id] => 24
                                    [product_option_id] => 230
                                    [product_id] => 60
                                    [option_id] => 13
                                    [option_value_id] => 51
                                    [quantity] => 348
                                    [subtract] => 0
                                    [price] => 0.0000
                                    [price_prefix] => 
                                    [points] => 0
                                    [points_prefix] => +
                                    [weight] => 0.00000000
                                    [weight_prefix] => +
                                    [sku] => M7007.M
                                )

                        )

                )

            [1] => Array
                (
                    [order_product_id] => 555
                    [order_id] => 217
                    [product_id] => 91
                    [name] => MUŠKA POTKOŠULJA UŽA RAMENICA SIVA
                    [model] => M7026
                    [quantity] => 1
                    [price] => 100.0000
                    [total] => 100.0000
                    [tax] => 0.0000
                    [reward] => 0
                    [option] => Array
                        (
                            [order_option_id] => 494
                            [order_id] => 217
                            [order_product_id] => 555
                            [product_option_id] => 254
                            [product_option_value_id] => 159
                            [name] => Veličina
                            [value] => M
                            [type] => radio
                            [sku] => 
                            [option_data] => Array
                                (
                                    [product_option_value_id] => 159
                                    [product_option_id] => 254
                                    [product_id] => 91
                                    [option_id] => 13
                                    [option_value_id] => 51
                                    [quantity] => 23
                                    [subtract] => 1
                                    [price] => 0.0000
                                    [price_prefix] => 
                                    [points] => 0
                                    [points_prefix] => +
                                    [weight] => 0.00000000
                                    [weight_prefix] => +
                                    [sku] => M7026.M
                                )

                        )

                )

            [2] => Array
                (
                    [order_product_id] => 556
                    [order_id] => 217
                    [product_id] => 106
                    [name] => MUŠKA POTKOŠULJA UŽA RAMENICA BOJA KOŽE
                    [model] => M7038
                    [quantity] => 1
                    [price] => 100.0000
                    [total] => 100.0000
                    [tax] => 0.0000
                    [reward] => 0
                    [option] => Array
                        (
                            [order_option_id] => 495
                            [order_id] => 217
                            [order_product_id] => 556
                            [product_option_id] => 269
                            [product_option_value_id] => 230
                            [name] => Veličina
                            [value] => M
                            [type] => radio
                            [sku] => 
                            [option_data] => Array
                                (
                                    [product_option_value_id] => 230
                                    [product_option_id] => 269
                                    [product_id] => 106
                                    [option_id] => 13
                                    [option_value_id] => 51
                                    [quantity] => 20
                                    [subtract] => 1
                                    [price] => 0.0000
                                    [price_prefix] => 
                                    [points] => 0
                                    [points_prefix] => +
                                    [weight] => 0.00000000
                                    [weight_prefix] => +
                                    [sku] => M7038.M
                                )

                        )

                )

        )

    [totals] => Array
        (
            [0] => Array
                (
                    [order_total_id] => 713
                    [order_id] => 217
                    [code] => sub_total
                    [title] => Među suma
                    [value] => 300.0000
                    [sort_order] => 1
                )

            [1] => Array
                (
                    [order_total_id] => 714
                    [order_id] => 217
                    [code] => shipping
                    [title] => Dostava Intereuropa Hrvatska - Besplatna dostava za narudžbe iznad 350kn
                    [value] => 35.0000
                    [sort_order] => 3
                )

            [2] => Array
                (
                    [order_total_id] => 715
                    [order_id] => 217
                    [code] => total
                    [title] => Ukupno
                    [value] => 335.0000
                    [sort_order] => 9
                )

        )

    [status] => Array
        (
            [order_status_id] => 5
            [language_id] => 1
            [name] => Complete
        )

)

2021-01-25 9:54:15 - Array
(
    [narudzba] => Array
        (
            [CMS_ID] => KHR217
            [DATUM_VRIJEME] => 24.01.2021 11:35:17
            [NARUCITELJ_CMS_ID] => 1
            [NARUCITELJ_EMAIL] => sergej@badco.hr
            [NARUCITELJ_IME] => Goran
            [NARUCITELJ_PREZIME] => Pristaš
            [NARUCITELJ_ADRESA] => Kozarčeva 28
            [NARUCITELJ_MJESTO] => Zagreb
            [NARUCITELJ_POSTA] => 10000
            [NARUCITELJ_TELEFON] => 098317586
            [NARUCITELJ_NAZIV] => 
            [NARUCITELJ_OIB] => 
            [NARUCITELJ_VAT] => 
            [NARUCITELJ_ZEMLJA] => HRV
            [DOSTAVA_IME_PREZIME] => Goran Pristaš
            [DOSTAVA_ADRESA] => Kozarčeva 28
            [DOSTAVA_MJESTO] => Zagreb
            [DOSTAVA_POSTA] => 10000
            [NAPOMENA] => 
            [VALUTA] => 191
            [IZNOS_UKUPNO] => 335.00
            [TECAJ] => 1
        )

    [stavke] => Array
        (
            [0] => Array
                (
                    [IDROBA] => US00000203
                    [KOLICINA] => 1
                    [CIJENA] => 35
                    [RABAT] => 0
                    [IZNOS] => 35
                )

            [1] => Array
                (
                    [IDROBA] => M7007.M
                    [KOLICINA] => 1
                    [CIJENA] => 100.00
                    [RABAT] => 0
                    [IZNOS] => 100.00
                )

            [2] => Array
                (
                    [IDROBA] => M7026.M
                    [KOLICINA] => 1
                    [CIJENA] => 100.00
                    [RABAT] => 0
                    [IZNOS] => 100.00
                )

            [3] => Array
                (
                    [IDROBA] => M7038.M
                    [KOLICINA] => 1
                    [CIJENA] => 100.00
                    [RABAT] => 0
                    [IZNOS] => 100.00
                )

        )

)

2021-01-25 9:54:16 - Illuminate\Support\Collection Object
(
    [items:protected] => Array
        (
            [creating] => start
            [ZAPIS] => Array
                (
                    [IDDOK] => NAK
                    [BROJDOK] => 45
                    [STAVAKA] => 4
                    [STAVKA] => 4
                    [KOLICINA_SIFRA] => 0
                    [DATUM] => 2021-01-25 00:00:00
                    [TEXT_GRESKE] => 
                    [KNJIZENO_KARTICA] => 
                    [KNJIZENO_GLKNJIGA] => 
                    [ZAKJUCANI_DN] => NE
                )

        )

)

