2021-01-15 8:12:41 - Array
(
    [order_id] => 203
    [invoice_no] => 0
    [invoice_prefix] => INV-2020-00
    [store_id] => 0
    [store_name] => KOZO UNDERWEAR
    [store_url] => https://www.kozo-underwear.hr/
    [customer_id] => 148
    [customer_group_id] => 1
    [firstname] => Ivica
    [lastname] => Šitum
    [email] => ivositum@gmail.com
    [telephone] => 0981471675
    [fax] => 
    [custom_field] => 
    [payment_firstname] => Ivica
    [payment_lastname] => Šitum
    [payment_company] => 
    [payment_address_1] => Sv Petra 7
    [payment_address_2] => 
    [payment_city] => Cista Provo
    [payment_postcode] => 21256
    [payment_country] => Croatia
    [payment_country_id] => 53
    [payment_zone] => HR
    [payment_zone_id] => 848
    [payment_address_format] => 
    [payment_custom_field] => 
    [payment_method] => Plaćanje pouzećem
    [payment_code] => cod
    [shipping_firstname] => Ivica
    [shipping_lastname] => Šitum
    [shipping_company] => 
    [shipping_address_1] => Sv Petra 7
    [shipping_address_2] => 
    [shipping_city] => Cista Provo
    [shipping_postcode] => 21256
    [shipping_country] => Croatia
    [shipping_country_id] => 53
    [shipping_zone] => HR
    [shipping_zone_id] => 848
    [shipping_address_format] => 
    [shipping_custom_field] => 
    [shipping_method] => Dostava Intereuropa Hrvatska - Besplatna dostava za narudžbe iznad 350kn
    [shipping_code] => ultimate_shipping.ultimate_shipping_0
    [comment] => 
    [total] => 299.0000
    [order_status_id] => 5
    [affiliate_id] => 0
    [commission] => 0.0000
    [marketing_id] => 0
    [tracking] => 
    [language_id] => 2
    [currency_id] => 4
    [currency_code] => HRK
    [currency_value] => 1.00000000
    [ip] => 78.0.185.204
    [forwarded_ip] => 
    [user_agent] => Mozilla/5.0 (Linux; Android 10; Redmi Note 8 Pro) AppleWebKit/537.36 (KHTML, like Gecko) Chrome/87.0.4280.141 Mobile Safari/537.36
    [accept_language] => hr-HR,hr;q=0.9,en-US;q=0.8,en;q=0.7
    [paid_order] => 0
    [intereuropa] => 1
    [date_added] => 2021-01-14 12:41:17
    [date_modified] => 2021-01-14 12:41:46
    [products] => Array
        (
            [0] => Array
                (
                    [order_product_id] => 516
                    [order_id] => 203
                    [product_id] => 179
                    [name] => MUŠKA PIDŽAMA
                    [model] => M5011
                    [quantity] => 1
                    [price] => 264.0000
                    [total] => 264.0000
                    [tax] => 0.0000
                    [reward] => 0
                    [option] => Array
                        (
                            [order_option_id] => 458
                            [order_id] => 203
                            [order_product_id] => 516
                            [product_option_id] => 343
                            [product_option_value_id] => 567
                            [name] => Veličina
                            [value] => M
                            [type] => radio
                            [sku] => 
                            [option_data] => Array
                                (
                                    [product_option_value_id] => 567
                                    [product_option_id] => 343
                                    [product_id] => 179
                                    [option_id] => 13
                                    [option_value_id] => 51
                                    [quantity] => 19
                                    [subtract] => 1
                                    [price] => 0.0000
                                    [price_prefix] => +
                                    [points] => 0
                                    [points_prefix] => +
                                    [weight] => 0.00000000
                                    [weight_prefix] => +
                                    [sku] => M5011.M
                                )

                        )

                )

        )

    [totals] => Array
        (
            [0] => Array
                (
                    [order_total_id] => 665
                    [order_id] => 203
                    [code] => sub_total
                    [title] => Među suma
                    [value] => 264.0000
                    [sort_order] => 1
                )

            [1] => Array
                (
                    [order_total_id] => 666
                    [order_id] => 203
                    [code] => shipping
                    [title] => Dostava Intereuropa Hrvatska - Besplatna dostava za narudžbe iznad 350kn
                    [value] => 35.0000
                    [sort_order] => 3
                )

            [2] => Array
                (
                    [order_total_id] => 667
                    [order_id] => 203
                    [code] => total
                    [title] => Ukupno
                    [value] => 299.0000
                    [sort_order] => 9
                )

        )

    [status] => Array
        (
            [order_status_id] => 5
            [language_id] => 1
            [name] => Complete
        )

)

2021-01-15 8:12:41 - Array
(
    [narudzba] => Array
        (
            [CMS_ID] => KHR203
            [DATUM_VRIJEME] => 14.01.2021 12:41:46
            [NARUCITELJ_CMS_ID] => 1
            [NARUCITELJ_EMAIL] => ivositum@gmail.com
            [NARUCITELJ_IME] => Ivica
            [NARUCITELJ_PREZIME] => Šitum
            [NARUCITELJ_ADRESA] => Sv Petra 7
            [NARUCITELJ_MJESTO] => Cista Provo
            [NARUCITELJ_POSTA] => 21256
            [NARUCITELJ_TELEFON] => 0981471675
            [NARUCITELJ_NAZIV] => 
            [NARUCITELJ_OIB] => 
            [NARUCITELJ_VAT] => 
            [NARUCITELJ_ZEMLJA] => HRV
            [DOSTAVA_IME_PREZIME] => Ivica Šitum
            [DOSTAVA_ADRESA] => Sv Petra 7
            [DOSTAVA_MJESTO] => Cista Provo
            [DOSTAVA_POSTA] => 21256
            [NAPOMENA] => 
            [VALUTA] => 191
            [IZNOS_UKUPNO] => 299.00
            [TECAJ] => 1
        )

    [stavke] => Array
        (
            [0] => Array
                (
                    [IDROBA] => US00000203
                    [KOLICINA] => 1
                    [CIJENA] => 35
                    [RABAT] => 0
                    [IZNOS] => 35
                )

            [1] => Array
                (
                    [IDROBA] => M5011.M
                    [KOLICINA] => 1
                    [CIJENA] => 264.00
                    [RABAT] => 0
                    [IZNOS] => 264.00
                )

        )

)

2021-01-15 8:12:43 - Illuminate\Support\Collection Object
(
    [items:protected] => Array
        (
            [creating] => start
            [ZAPIS] => Array
                (
                    [IDDOK] => NAW
                    [BROJDOK] => 22
                    [STAVAKA] => 2
                    [STAVKA] => 2
                    [KOLICINA_SIFRA] => 0
                    [DATUM] => 2021-01-15 00:00:00
                    [TEXT_GRESKE] => 
                    [KNJIZENO_KARTICA] => 
                    [KNJIZENO_GLKNJIGA] => 
                    [ZAKJUCANI_DN] => NE
                )

        )

)

