2021-01-14 8:53:13 - Array
(
    [order_id] => 199
    [invoice_no] => 0
    [invoice_prefix] => INV-2020-00
    [store_id] => 0
    [store_name] => KOZO UNDERWEAR
    [store_url] => https://www.kozo-underwear.hr/
    [customer_id] => 144
    [customer_group_id] => 1
    [firstname] => Bino 
    [lastname] => Vlahović
    [email] => Bino@In-con.hr
    [telephone] => 098/9808042
    [fax] => 
    [custom_field] => 
    [payment_firstname] => Bino 
    [payment_lastname] => Vlahovic 
    [payment_company] => 
    [payment_address_1] => Remetinečka cesta 112C 
    [payment_address_2] => 
    [payment_city] => Zagreb 
    [payment_postcode] => 10000
    [payment_country] => Croatia
    [payment_country_id] => 53
    [payment_zone] => 
    [payment_zone_id] => 0
    [payment_address_format] => 
    [payment_custom_field] => 
    [payment_method] => Kreditne kartice / Debitne Kartice (CorvusPay)
    [payment_code] => corvuspay
    [shipping_firstname] => In-con doo
    [shipping_lastname] => Vlahovic Bino 
    [shipping_company] => 
    [shipping_address_1] => Jaruščica 1 d
    [shipping_address_2] => 
    [shipping_city] => Zagreb 
    [shipping_postcode] => 10000
    [shipping_country] => Croatia
    [shipping_country_id] => 53
    [shipping_zone] => 
    [shipping_zone_id] => 0
    [shipping_address_format] => 
    [shipping_custom_field] => 
    [shipping_method] => Besplatna dostava Intereuropa Hrvatska
    [shipping_code] => ultimate_shipping.ultimate_shipping_0
    [comment] => 
    [total] => 376.0000
    [order_status_id] => 5
    [affiliate_id] => 0
    [commission] => 0.0000
    [marketing_id] => 0
    [tracking] => 
    [language_id] => 2
    [currency_id] => 4
    [currency_code] => HRK
    [currency_value] => 1.00000000
    [ip] => 188.252.129.174
    [forwarded_ip] => 
    [user_agent] => Mozilla/5.0 (Linux; Android 10; ELE-L29) AppleWebKit/537.36 (KHTML, like Gecko) Chrome/87.0.4280.141 Mobile Safari/537.36
    [accept_language] => hr-HR,hr;q=0.9,en-US;q=0.8,en;q=0.7
    [paid_order] => 0
    [intereuropa] => 1
    [date_added] => 2021-01-13 20:04:40
    [date_modified] => 2021-01-13 20:07:52
    [products] => Array
        (
            [0] => Array
                (
                    [order_product_id] => 510
                    [order_id] => 199
                    [product_id] => 67
                    [name] => MUŠKA MAJICA OKRUGLI IZREZ BIJELA
                    [model] => M7009
                    [quantity] => 1
                    [price] => 112.0000
                    [total] => 112.0000
                    [tax] => 0.0000
                    [reward] => 0
                    [option] => Array
                        (
                            [order_option_id] => 452
                            [order_id] => 199
                            [order_product_id] => 510
                            [product_option_id] => 336
                            [product_option_value_id] => 523
                            [name] => Veličina
                            [value] => XL
                            [type] => radio
                            [sku] => 
                            [option_data] => Array
                                (
                                    [product_option_value_id] => 523
                                    [product_option_id] => 336
                                    [product_id] => 67
                                    [option_id] => 13
                                    [option_value_id] => 49
                                    [quantity] => 4
                                    [subtract] => 1
                                    [price] => 0.0000
                                    [price_prefix] => 
                                    [points] => 0
                                    [points_prefix] => +
                                    [weight] => 0.00000000
                                    [weight_prefix] => +
                                    [sku] => M7009.XL
                                )

                        )

                )

            [1] => Array
                (
                    [order_product_id] => 511
                    [order_id] => 199
                    [product_id] => 180
                    [name] => MUŠKA PIDŽAMA
                    [model] => M5010
                    [quantity] => 1
                    [price] => 264.0000
                    [total] => 264.0000
                    [tax] => 0.0000
                    [reward] => 0
                    [option] => Array
                        (
                            [order_option_id] => 453
                            [order_id] => 199
                            [order_product_id] => 511
                            [product_option_id] => 344
                            [product_option_value_id] => 575
                            [name] => Veličina
                            [value] => XL
                            [type] => radio
                            [sku] => 
                            [option_data] => Array
                                (
                                    [product_option_value_id] => 575
                                    [product_option_id] => 344
                                    [product_id] => 180
                                    [option_id] => 13
                                    [option_value_id] => 49
                                    [quantity] => 19
                                    [subtract] => 1
                                    [price] => 0.0000
                                    [price_prefix] => +
                                    [points] => 0
                                    [points_prefix] => +
                                    [weight] => 0.00000000
                                    [weight_prefix] => +
                                    [sku] => M5010.XL
                                )

                        )

                )

        )

    [totals] => Array
        (
            [0] => Array
                (
                    [order_total_id] => 653
                    [order_id] => 199
                    [code] => sub_total
                    [title] => Među suma
                    [value] => 376.0000
                    [sort_order] => 1
                )

            [1] => Array
                (
                    [order_total_id] => 654
                    [order_id] => 199
                    [code] => shipping
                    [title] => Besplatna dostava Intereuropa Hrvatska
                    [value] => 0.0000
                    [sort_order] => 3
                )

            [2] => Array
                (
                    [order_total_id] => 655
                    [order_id] => 199
                    [code] => total
                    [title] => Ukupno
                    [value] => 376.0000
                    [sort_order] => 9
                )

        )

    [status] => Array
        (
            [order_status_id] => 5
            [language_id] => 1
            [name] => Complete
        )

)

2021-01-14 8:53:13 - Array
(
    [narudzba] => Array
        (
            [CMS_ID] => KHR199
            [DATUM_VRIJEME] => 13.01.2021 20:07:52
            [NARUCITELJ_CMS_ID] => 1
            [NARUCITELJ_EMAIL] => Bino@In-con.hr
            [NARUCITELJ_IME] => Bino 
            [NARUCITELJ_PREZIME] => Vlahovic 
            [NARUCITELJ_ADRESA] => Remetinečka cesta 112C 
            [NARUCITELJ_MJESTO] => Zagreb 
            [NARUCITELJ_POSTA] => 10000
            [NARUCITELJ_TELEFON] => 098/9808042
            [NARUCITELJ_NAZIV] => 
            [NARUCITELJ_OIB] => 
            [NARUCITELJ_VAT] => 
            [NARUCITELJ_ZEMLJA] => HRV
            [DOSTAVA_IME_PREZIME] => In-con doo Vlahovic Bino 
            [DOSTAVA_ADRESA] => Jaruščica 1 d
            [DOSTAVA_MJESTO] => Zagreb 
            [DOSTAVA_POSTA] => 10000
            [NAPOMENA] => 
            [VALUTA] => 191
            [IZNOS_UKUPNO] => 376.00
            [TECAJ] => 1
        )

    [stavke] => Array
        (
            [0] => Array
                (
                    [IDROBA] => US00000203
                    [KOLICINA] => 1
                    [CIJENA] => 0
                    [RABAT] => 0
                    [IZNOS] => 0
                )

            [1] => Array
                (
                    [IDROBA] => M7009.XL
                    [KOLICINA] => 1
                    [CIJENA] => 112.00
                    [RABAT] => 0
                    [IZNOS] => 112.00
                )

            [2] => Array
                (
                    [IDROBA] => M5010.XL
                    [KOLICINA] => 1
                    [CIJENA] => 264.00
                    [RABAT] => 0
                    [IZNOS] => 264.00
                )

        )

)

2021-01-14 8:53:15 - Illuminate\Support\Collection Object
(
    [items:protected] => Array
        (
            [creating] => start
            [ZAPIS] => Array
                (
                    [IDDOK] => NAW
                    [BROJDOK] => 18
                    [STAVAKA] => 3
                    [STAVKA] => 3
                    [KOLICINA_SIFRA] => 0
                    [DATUM] => 2021-01-14 00:00:00
                    [TEXT_GRESKE] => 
                    [KNJIZENO_KARTICA] => 
                    [KNJIZENO_GLKNJIGA] => 
                    [ZAKJUCANI_DN] => NE
                )

        )

)

