2021-01-11 14:27:40 - Array
(
    [order_id] => 193
    [invoice_no] => 0
    [invoice_prefix] => INV-2020-00
    [store_id] => 0
    [store_name] => KOZO UNDERWEAR
    [store_url] => https://www.kozo-underwear.hr/
    [customer_id] => 140
    [customer_group_id] => 1
    [firstname] => Katarina
    [lastname] => Pavlović Njire
    [email] => katarina.pavlovic10@gmail.com
    [telephone] => +385 91 356 1045
    [fax] => 
    [custom_field] => 
    [payment_firstname] => Katarina
    [payment_lastname] => Pavlović Njire
    [payment_company] => 
    [payment_address_1] => Vatroslava Lisinskog 15A
    [payment_address_2] => 
    [payment_city] => Dubrovnik
    [payment_postcode] => 20000
    [payment_country] => Croatia
    [payment_country_id] => 53
    [payment_zone] => HR
    [payment_zone_id] => 848
    [payment_address_format] => 
    [payment_custom_field] => 
    [payment_method] => Kreditne kartice / Debitne Kartice (CorvusPay)
    [payment_code] => corvuspay
    [shipping_firstname] => Katarina
    [shipping_lastname] => Pavlović Njire
    [shipping_company] => 
    [shipping_address_1] => Vatroslava Lisinskog 15A
    [shipping_address_2] => 
    [shipping_city] => Dubrovnik
    [shipping_postcode] => 20000
    [shipping_country] => Croatia
    [shipping_country_id] => 53
    [shipping_zone] => HR
    [shipping_zone_id] => 848
    [shipping_address_format] => 
    [shipping_custom_field] => 
    [shipping_method] => Dostava Intereuropa Hrvatska - Besplatna dostava za narudžbe iznad 350kn
    [shipping_code] => ultimate_shipping.ultimate_shipping_0
    [comment] => 
    [total] => 271.0000
    [order_status_id] => 5
    [affiliate_id] => 0
    [commission] => 0.0000
    [marketing_id] => 0
    [tracking] => 
    [language_id] => 2
    [currency_id] => 4
    [currency_code] => HRK
    [currency_value] => 1.00000000
    [ip] => 195.29.126.14
    [forwarded_ip] => 
    [user_agent] => Mozilla/5.0 (Windows NT 10.0; Win64; x64) AppleWebKit/537.36 (KHTML, like Gecko) Chrome/87.0.4280.141 Safari/537.36
    [accept_language] => en-US,en;q=0.9
    [paid_order] => 0
    [intereuropa] => 1
    [date_added] => 2021-01-11 10:12:20
    [date_modified] => 2021-01-11 10:16:12
    [products] => Array
        (
            [0] => Array
                (
                    [order_product_id] => 498
                    [order_id] => 193
                    [product_id] => 151
                    [name] => MUŠKE BOKSERICE HIPSTER PRINT HOHOHO
                    [model] => M7084
                    [quantity] => 1
                    [price] => 75.0000
                    [total] => 75.0000
                    [tax] => 0.0000
                    [reward] => 0
                    [option] => Array
                        (
                            [order_option_id] => 442
                            [order_id] => 193
                            [order_product_id] => 498
                            [product_option_id] => 314
                            [product_option_value_id] => 463
                            [name] => Veličina
                            [value] => M
                            [type] => radio
                            [sku] => 
                            [option_data] => Array
                                (
                                    [product_option_value_id] => 463
                                    [product_option_id] => 314
                                    [product_id] => 151
                                    [option_id] => 13
                                    [option_value_id] => 51
                                    [quantity] => 33
                                    [subtract] => 1
                                    [price] => 0.0000
                                    [price_prefix] => +
                                    [points] => 0
                                    [points_prefix] => +
                                    [weight] => 0.00000000
                                    [weight_prefix] => +
                                    [sku] => M7084.M
                                )

                        )

                )

            [1] => Array
                (
                    [order_product_id] => 497
                    [order_id] => 193
                    [product_id] => 142
                    [name] => MUŠKE BOKSERICE HIPSTER TAMNO PLAVE
                    [model] => M7076
                    [quantity] => 1
                    [price] => 80.5000
                    [total] => 80.5000
                    [tax] => 0.0000
                    [reward] => 0
                    [option] => Array
                        (
                            [order_option_id] => 441
                            [order_id] => 193
                            [order_product_id] => 497
                            [product_option_id] => 305
                            [product_option_value_id] => 420
                            [name] => Veličina
                            [value] => M
                            [type] => radio
                            [sku] => 
                            [option_data] => Array
                                (
                                    [product_option_value_id] => 420
                                    [product_option_id] => 305
                                    [product_id] => 142
                                    [option_id] => 13
                                    [option_value_id] => 51
                                    [quantity] => 28
                                    [subtract] => 1
                                    [price] => 0.0000
                                    [price_prefix] => +
                                    [points] => 0
                                    [points_prefix] => +
                                    [weight] => 0.00000000
                                    [weight_prefix] => +
                                    [sku] => M7076.M
                                )

                        )

                )

            [2] => Array
                (
                    [order_product_id] => 496
                    [order_id] => 193
                    [product_id] => 131
                    [name] => MUŠKE BOKSERICE HIPSTER CRNE
                    [model] => M7062
                    [quantity] => 1
                    [price] => 80.5000
                    [total] => 80.5000
                    [tax] => 0.0000
                    [reward] => 0
                    [option] => Array
                        (
                            [order_option_id] => 440
                            [order_id] => 193
                            [order_product_id] => 496
                            [product_option_id] => 294
                            [product_option_value_id] => 361
                            [name] => Veličina
                            [value] => M
                            [type] => radio
                            [sku] => 
                            [option_data] => Array
                                (
                                    [product_option_value_id] => 361
                                    [product_option_id] => 294
                                    [product_id] => 131
                                    [option_id] => 13
                                    [option_value_id] => 51
                                    [quantity] => 53
                                    [subtract] => 1
                                    [price] => 0.0000
                                    [price_prefix] => +
                                    [points] => 0
                                    [points_prefix] => +
                                    [weight] => 0.00000000
                                    [weight_prefix] => +
                                    [sku] => M7062.M
                                )

                        )

                )

        )

    [totals] => Array
        (
            [0] => Array
                (
                    [order_total_id] => 635
                    [order_id] => 193
                    [code] => sub_total
                    [title] => Među suma
                    [value] => 236.0000
                    [sort_order] => 1
                )

            [1] => Array
                (
                    [order_total_id] => 636
                    [order_id] => 193
                    [code] => shipping
                    [title] => Dostava Intereuropa Hrvatska - Besplatna dostava za narudžbe iznad 350kn
                    [value] => 35.0000
                    [sort_order] => 3
                )

            [2] => Array
                (
                    [order_total_id] => 637
                    [order_id] => 193
                    [code] => total
                    [title] => Ukupno
                    [value] => 271.0000
                    [sort_order] => 9
                )

        )

    [status] => Array
        (
            [order_status_id] => 5
            [language_id] => 1
            [name] => Complete
        )

)

2021-01-11 14:27:40 - Array
(
    [narudzba] => Array
        (
            [CMS_ID] => KHR193
            [DATUM_VRIJEME] => 11.01.2021 10:16:12
            [NARUCITELJ_CMS_ID] => 1
            [NARUCITELJ_EMAIL] => katarina.pavlovic10@gmail.com
            [NARUCITELJ_IME] => Katarina
            [NARUCITELJ_PREZIME] => Pavlović Njire
            [NARUCITELJ_ADRESA] => Vatroslava Lisinskog 15A
            [NARUCITELJ_MJESTO] => Dubrovnik
            [NARUCITELJ_POSTA] => 20000
            [NARUCITELJ_TELEFON] => +385 91 356 1045
            [NARUCITELJ_NAZIV] => 
            [NARUCITELJ_OIB] => 
            [NARUCITELJ_VAT] => 
            [NARUCITELJ_ZEMLJA] => HRV
            [DOSTAVA_IME_PREZIME] => Katarina Pavlović Njire
            [DOSTAVA_ADRESA] => Vatroslava Lisinskog 15A
            [DOSTAVA_MJESTO] => Dubrovnik
            [DOSTAVA_POSTA] => 20000
            [NAPOMENA] => 
            [VALUTA] => 191
            [IZNOS_UKUPNO] => 271.00
            [TECAJ] => 1
        )

    [stavke] => Array
        (
            [0] => Array
                (
                    [IDROBA] => US00000203
                    [KOLICINA] => 1
                    [CIJENA] => 35
                    [RABAT] => 0
                    [IZNOS] => 35
                )

            [1] => Array
                (
                    [IDROBA] => M7084.M
                    [KOLICINA] => 1
                    [CIJENA] => 75.00
                    [RABAT] => 0
                    [IZNOS] => 75.00
                )

            [2] => Array
                (
                    [IDROBA] => M7076.M
                    [KOLICINA] => 1
                    [CIJENA] => 80.50
                    [RABAT] => 0
                    [IZNOS] => 80.50
                )

            [3] => Array
                (
                    [IDROBA] => M7062.M
                    [KOLICINA] => 1
                    [CIJENA] => 80.50
                    [RABAT] => 0
                    [IZNOS] => 80.50
                )

        )

)

2021-01-11 14:27:41 - Illuminate\Support\Collection Object
(
    [items:protected] => Array
        (
            [creating] => start
            [ZAPIS] => Array
                (
                    [IDDOK] => NAW
                    [BROJDOK] => 12
                    [STAVAKA] => 4
                    [STAVKA] => 4
                    [KOLICINA_SIFRA] => 0
                    [DATUM] => 2021-01-11 00:00:00
                    [TEXT_GRESKE] => 
                    [KNJIZENO_KARTICA] => 
                    [KNJIZENO_GLKNJIGA] => 
                    [ZAKJUCANI_DN] => NE
                )

        )

)

