2021-01-07 13:52:58 - Array
(
    [order_id] => 175
    [invoice_no] => 0
    [invoice_prefix] => INV-2020-00
    [store_id] => 0
    [store_name] => KOZO UNDERWEAR
    [store_url] => https://www.kozo-underwear.hr/
    [customer_id] => 129
    [customer_group_id] => 1
    [firstname] => Anita
    [lastname] => Cepanec
    [email] => anita.cepanec@gmail.com
    [telephone] => 0915189545
    [fax] => 
    [custom_field] => 
    [payment_firstname] => Anita
    [payment_lastname] => Cepanec
    [payment_company] => 
    [payment_address_1] => Zagrebačka 19
    [payment_address_2] => 
    [payment_city] => Varaždin
    [payment_postcode] => 42000
    [payment_country] => Croatia
    [payment_country_id] => 53
    [payment_zone] => HR
    [payment_zone_id] => 848
    [payment_address_format] => 
    [payment_custom_field] => 
    [payment_method] => Plaćanje pouzećem
    [payment_code] => cod
    [shipping_firstname] => Anita
    [shipping_lastname] => Cepanec
    [shipping_company] => 
    [shipping_address_1] => Zagrebačka 19
    [shipping_address_2] => 
    [shipping_city] => Varaždin
    [shipping_postcode] => 42000
    [shipping_country] => Croatia
    [shipping_country_id] => 53
    [shipping_zone] => HR
    [shipping_zone_id] => 848
    [shipping_address_format] => 
    [shipping_custom_field] => 
    [shipping_method] => Dostava Intereuropa Hrvatska - Besplatna dostava za narudžbe iznad 350kn
    [shipping_code] => ultimate_shipping.ultimate_shipping_0
    [comment] => 
    [total] => 337.4000
    [order_status_id] => 5
    [affiliate_id] => 0
    [commission] => 0.0000
    [marketing_id] => 0
    [tracking] => 
    [language_id] => 2
    [currency_id] => 4
    [currency_code] => HRK
    [currency_value] => 1.00000000
    [ip] => 85.114.39.66
    [forwarded_ip] => 
    [user_agent] => Mozilla/5.0 (Windows NT 10.0; Win64; x64; rv:84.0) Gecko/20100101 Firefox/84.0
    [accept_language] => en-US,en;q=0.5
    [paid_order] => 0
    [intereuropa] => 1
    [date_added] => 2021-01-06 13:32:35
    [date_modified] => 2021-01-06 13:32:50
    [products] => Array
        (
            [0] => Array
                (
                    [order_product_id] => 455
                    [order_id] => 175
                    [product_id] => 71
                    [name] => MUŠKA PIDŽAMA DONJI DIO
                    [model] => M5005
                    [quantity] => 1
                    [price] => 124.0000
                    [total] => 124.0000
                    [tax] => 0.0000
                    [reward] => 0
                    [option] => Array
                        (
                            [order_option_id] => 410
                            [order_id] => 175
                            [order_product_id] => 455
                            [product_option_id] => 234
                            [product_option_value_id] => 47
                            [name] => Veličina
                            [value] => XL
                            [type] => radio
                            [sku] => 
                            [option_data] => Array
                                (
                                    [product_option_value_id] => 47
                                    [product_option_id] => 234
                                    [product_id] => 71
                                    [option_id] => 13
                                    [option_value_id] => 49
                                    [quantity] => 18
                                    [subtract] => 1
                                    [price] => 0.0000
                                    [price_prefix] => 
                                    [points] => 0
                                    [points_prefix] => +
                                    [weight] => 0.00000000
                                    [weight_prefix] => +
                                    [sku] => M5005.XL
                                )

                        )

                )

            [1] => Array
                (
                    [order_product_id] => 456
                    [order_id] => 175
                    [product_id] => 75
                    [name] => MUŠKA PIDŽAMA DONJI DIO
                    [model] => M5007
                    [quantity] => 1
                    [price] => 116.0000
                    [total] => 116.0000
                    [tax] => 0.0000
                    [reward] => 0
                    [option] => Array
                        (
                            [order_option_id] => 411
                            [order_id] => 175
                            [order_product_id] => 456
                            [product_option_id] => 238
                            [product_option_value_id] => 71
                            [name] => Veličina
                            [value] => XL
                            [type] => radio
                            [sku] => 
                            [option_data] => Array
                                (
                                    [product_option_value_id] => 71
                                    [product_option_id] => 238
                                    [product_id] => 75
                                    [option_id] => 13
                                    [option_value_id] => 49
                                    [quantity] => 13
                                    [subtract] => 1
                                    [price] => 0.0000
                                    [price_prefix] => 
                                    [points] => 0
                                    [points_prefix] => +
                                    [weight] => 0.00000000
                                    [weight_prefix] => +
                                    [sku] => M5007.XL
                                )

                        )

                )

            [2] => Array
                (
                    [order_product_id] => 457
                    [order_id] => 175
                    [product_id] => 134
                    [name] => MUŠKE GAĆE SLIP CRNE
                    [model] => M7064
                    [quantity] => 1
                    [price] => 62.4000
                    [total] => 62.4000
                    [tax] => 0.0000
                    [reward] => 0
                    [option] => Array
                        (
                            [order_option_id] => 412
                            [order_id] => 175
                            [order_product_id] => 457
                            [product_option_id] => 297
                            [product_option_value_id] => 377
                            [name] => Veličina
                            [value] => L
                            [type] => radio
                            [sku] => 
                            [option_data] => Array
                                (
                                    [product_option_value_id] => 377
                                    [product_option_id] => 297
                                    [product_id] => 134
                                    [option_id] => 13
                                    [option_value_id] => 50
                                    [quantity] => 37
                                    [subtract] => 1
                                    [price] => 0.0000
                                    [price_prefix] => 
                                    [points] => 0
                                    [points_prefix] => +
                                    [weight] => 0.00000000
                                    [weight_prefix] => +
                                    [sku] => M7064.L
                                )

                        )

                )

        )

    [totals] => Array
        (
            [0] => Array
                (
                    [order_total_id] => 573
                    [order_id] => 175
                    [code] => sub_total
                    [title] => Među suma
                    [value] => 302.4000
                    [sort_order] => 1
                )

            [1] => Array
                (
                    [order_total_id] => 574
                    [order_id] => 175
                    [code] => shipping
                    [title] => Dostava Intereuropa Hrvatska - Besplatna dostava za narudžbe iznad 350kn
                    [value] => 35.0000
                    [sort_order] => 3
                )

            [2] => Array
                (
                    [order_total_id] => 575
                    [order_id] => 175
                    [code] => total
                    [title] => Ukupno
                    [value] => 337.4000
                    [sort_order] => 9
                )

        )

    [status] => Array
        (
            [order_status_id] => 5
            [language_id] => 1
            [name] => Complete
        )

)

2021-01-07 13:52:58 - Array
(
    [narudzba] => Array
        (
            [CMS_ID] => KHR175
            [DATUM_VRIJEME] => 06.01.2021 13:32:50
            [NARUCITELJ_CMS_ID] => 1
            [NARUCITELJ_EMAIL] => anita.cepanec@gmail.com
            [NARUCITELJ_IME] => Anita
            [NARUCITELJ_PREZIME] => Cepanec
            [NARUCITELJ_ADRESA] => Zagrebačka 19
            [NARUCITELJ_MJESTO] => Varaždin
            [NARUCITELJ_POSTA] => 42000
            [NARUCITELJ_TELEFON] => 0915189545
            [NARUCITELJ_NAZIV] => 
            [NARUCITELJ_OIB] => 
            [NARUCITELJ_VAT] => 
            [NARUCITELJ_ZEMLJA] => HRV
            [DOSTAVA_IME_PREZIME] => Anita Cepanec
            [DOSTAVA_ADRESA] => Zagrebačka 19
            [DOSTAVA_MJESTO] => Varaždin
            [DOSTAVA_POSTA] => 42000
            [NAPOMENA] => 
            [VALUTA] => 191
            [IZNOS_UKUPNO] => 337.40
            [TECAJ] => 1
        )

    [stavke] => Array
        (
            [0] => Array
                (
                    [IDROBA] => US00000203
                    [KOLICINA] => 1
                    [CIJENA] => 35
                    [RABAT] => 0
                    [IZNOS] => 35
                )

            [1] => Array
                (
                    [IDROBA] => M5005.XL
                    [KOLICINA] => 1
                    [CIJENA] => 124.00
                    [RABAT] => 0
                    [IZNOS] => 124.00
                )

            [2] => Array
                (
                    [IDROBA] => M5007.XL
                    [KOLICINA] => 1
                    [CIJENA] => 116.00
                    [RABAT] => 0
                    [IZNOS] => 116.00
                )

            [3] => Array
                (
                    [IDROBA] => M7064.L
                    [KOLICINA] => 1
                    [CIJENA] => 62.40
                    [RABAT] => 0
                    [IZNOS] => 62.40
                )

        )

)

2021-01-07 13:53:01 - Illuminate\Support\Collection Object
(
    [items:protected] => Array
        (
            [creating] => start
            [ZAPIS] => Array
                (
                    [IDDOK] => NAW
                    [BROJDOK] => 6
                    [STAVAKA] => 4
                    [STAVKA] => 4
                    [KOLICINA_SIFRA] => 0
                    [DATUM] => 2021-01-07 00:00:00
                    [TEXT_GRESKE] => 
                    [KNJIZENO_KARTICA] => 
                    [KNJIZENO_GLKNJIGA] => 
                    [ZAKJUCANI_DN] => NE
                )

        )

)

