2021-01-04 12:09:39 - Array
(
    [order_id] => 171
    [invoice_no] => 0
    [invoice_prefix] => INV-2020-00
    [store_id] => 0
    [store_name] => KOZO UNDERWEAR
    [store_url] => https://www.kozo-underwear.hr/
    [customer_id] => 131
    [customer_group_id] => 1
    [firstname] => Tomislav
    [lastname] => Brajdić 
    [email] => tomislav.brajdic@gmail.com
    [telephone] => 0919300391
    [fax] => 
    [custom_field] => 
    [payment_firstname] => Tomislav
    [payment_lastname] => Brajdić
    [payment_company] => 
    [payment_address_1] => Ante Starčevića 26
    [payment_address_2] => 
    [payment_city] => Kutina
    [payment_postcode] => 44320
    [payment_country] => Croatia
    [payment_country_id] => 53
    [payment_zone] => 
    [payment_zone_id] => 0
    [payment_address_format] => 
    [payment_custom_field] => 
    [payment_method] => Plaćanje pouzećem
    [payment_code] => cod
    [shipping_firstname] => Tomislav
    [shipping_lastname] => Brajdić
    [shipping_company] => 
    [shipping_address_1] => Ante Starčevića 26
    [shipping_address_2] => 
    [shipping_city] => Kutina 
    [shipping_postcode] => 44320
    [shipping_country] => Croatia
    [shipping_country_id] => 53
    [shipping_zone] => 
    [shipping_zone_id] => 0
    [shipping_address_format] => 
    [shipping_custom_field] => 
    [shipping_method] => Dostava Intereuropa Hrvatska - Besplatna dostava za narudžbe iznad 350kn
    [shipping_code] => ultimate_shipping.ultimate_shipping_0
    [comment] => 
    [total] => 150.0000
    [order_status_id] => 1
    [affiliate_id] => 0
    [commission] => 0.0000
    [marketing_id] => 0
    [tracking] => 
    [language_id] => 2
    [currency_id] => 4
    [currency_code] => HRK
    [currency_value] => 1.00000000
    [ip] => 95.168.120.16
    [forwarded_ip] => 
    [user_agent] => Mozilla/5.0 (Linux; Android 9; SM-G950F Build/PPR1.180610.011; wv) AppleWebKit/537.36 (KHTML, like Gecko) Version/4.0 Chrome/87.0.4280.101 Mobile Safari/537.36 [FB_IAB/FB4A;FBAV/300.1.0.57.129;]
    [accept_language] => hr-HR,hr;q=0.9,en-US;q=0.8,en;q=0.7
    [paid_order] => 0
    [intereuropa] => 1
    [date_added] => 2021-01-01 00:55:38
    [date_modified] => 2021-01-01 00:55:46
    [products] => Array
        (
            [0] => Array
                (
                    [order_product_id] => 445
                    [order_id] => 171
                    [product_id] => 145
                    [name] => MUŠKE BOKSERICE HIPSTER CRVENE
                    [model] => M7080
                    [quantity] => 1
                    [price] => 115.0000
                    [total] => 115.0000
                    [tax] => 0.0000
                    [reward] => 0
                    [option] => Array
                        (
                            [order_option_id] => 402
                            [order_id] => 171
                            [order_product_id] => 445
                            [product_option_id] => 308
                            [product_option_value_id] => 435
                            [name] => Veličina
                            [value] => M
                            [type] => radio
                            [sku] => 
                            [option_data] => Array
                                (
                                    [product_option_value_id] => 435
                                    [product_option_id] => 308
                                    [product_id] => 145
                                    [option_id] => 13
                                    [option_value_id] => 51
                                    [quantity] => 21
                                    [subtract] => 1
                                    [price] => 0.0000
                                    [price_prefix] => 
                                    [points] => 0
                                    [points_prefix] => +
                                    [weight] => 0.00000000
                                    [weight_prefix] => +
                                    [sku] => M7080.M
                                )

                        )

                )

        )

    [totals] => Array
        (
            [0] => Array
                (
                    [order_total_id] => 559
                    [order_id] => 171
                    [code] => sub_total
                    [title] => Među suma
                    [value] => 115.0000
                    [sort_order] => 1
                )

            [1] => Array
                (
                    [order_total_id] => 560
                    [order_id] => 171
                    [code] => shipping
                    [title] => Dostava Intereuropa Hrvatska - Besplatna dostava za narudžbe iznad 350kn
                    [value] => 35.0000
                    [sort_order] => 3
                )

            [2] => Array
                (
                    [order_total_id] => 561
                    [order_id] => 171
                    [code] => total
                    [title] => Ukupno
                    [value] => 150.0000
                    [sort_order] => 9
                )

        )

    [status] => Array
        (
            [order_status_id] => 1
            [language_id] => 1
            [name] => Pending
        )

)

2021-01-04 12:09:39 - Array
(
    [narudzba] => Array
        (
            [CMS_ID] => KHR171
            [DATUM_VRIJEME] => 01.01.2021 00:55:46
            [NARUCITELJ_CMS_ID] => 1
            [NARUCITELJ_EMAIL] => tomislav.brajdic@gmail.com
            [NARUCITELJ_IME] => Tomislav
            [NARUCITELJ_PREZIME] => Brajdić
            [NARUCITELJ_ADRESA] => Ante Starčevića 26
            [NARUCITELJ_MJESTO] => Kutina
            [NARUCITELJ_POSTA] => 44320
            [NARUCITELJ_TELEFON] => 0919300391
            [NARUCITELJ_NAZIV] => 
            [NARUCITELJ_OIB] => 
            [NARUCITELJ_VAT] => 
            [NARUCITELJ_ZEMLJA] => HRV
            [DOSTAVA_IME_PREZIME] => Tomislav Brajdić
            [DOSTAVA_ADRESA] => Ante Starčevića 26
            [DOSTAVA_MJESTO] => Kutina 
            [DOSTAVA_POSTA] => 44320
            [NAPOMENA] => 
            [VALUTA] => 191
            [IZNOS_UKUPNO] => 150.00
            [TECAJ] => 1
        )

    [stavke] => Array
        (
            [0] => Array
                (
                    [IDROBA] => US00000203
                    [KOLICINA] => 1
                    [CIJENA] => 35
                    [RABAT] => 0
                    [IZNOS] => 35
                )

            [1] => Array
                (
                    [IDROBA] => M7080.M
                    [KOLICINA] => 1
                    [CIJENA] => 115.00
                    [RABAT] => 0
                    [IZNOS] => 115.00
                )

        )

)

2021-01-04 12:09:40 - Illuminate\Support\Collection Object
(
    [items:protected] => Array
        (
            [creating] => start
            [ZAPIS] => Array
                (
                    [IDDOK] => NAW
                    [BROJDOK] => 2
                    [STAVAKA] => 2
                    [STAVKA] => 2
                    [KOLICINA_SIFRA] => 0
                    [DATUM] => 2021-01-04 00:00:00
                    [TEXT_GRESKE] => 
                    [KNJIZENO_KARTICA] => 
                    [KNJIZENO_GLKNJIGA] => 
                    [ZAKJUCANI_DN] => NE
                )

        )

)

