2021-01-14 8:53:22 - &idfirma=1
2021-01-14 8:53:22 - Array
(
    [narudzba] => Array
        (
            [CMS_ID] => KHR200
            [DATUM_VRIJEME] => 13.01.2021 23:31:22
            [NARUCITELJ_CMS_ID] => 1
            [NARUCITELJ_EMAIL] => kikimatovina51@gmail.com
            [NARUCITELJ_IME] => Kristian 
            [NARUCITELJ_PREZIME] => Matovina
            [NARUCITELJ_ADRESA] => Poljanak 34
            [NARUCITELJ_MJESTO] => Plitvicka Jezera
            [NARUCITELJ_POSTA] => 53231
            [NARUCITELJ_TELEFON] => 0997665841
            [NARUCITELJ_NAZIV] => 
            [NARUCITELJ_OIB] => 
            [NARUCITELJ_VAT] => 
            [NARUCITELJ_ZEMLJA] => HRV
            [DOSTAVA_IME_PREZIME] => Kristian  Matovina
            [DOSTAVA_ADRESA] => Poljanak 34
            [DOSTAVA_MJESTO] => Plitvicka Jezera
            [DOSTAVA_POSTA] => 53231
            [NAPOMENA] => 
            [VALUTA] => 191
            [IZNOS_UKUPNO] => 196.00
            [TECAJ] => 1
        )

    [stavke] => Array
        (
            [0] => Array
                (
                    [IDROBA] => US00000203
                    [KOLICINA] => 1
                    [CIJENA] => 35
                    [RABAT] => 0
                    [IZNOS] => 35
                )

            [1] => Array
                (
                    [IDROBA] => M7063.XL
                    [KOLICINA] => 2
                    [CIJENA] => 80.50
                    [RABAT] => 0
                    [IZNOS] => 161.00
                )

        )

)

2021-01-14 8:53:23 - Array
(
    [creating] => start
    [ZAPIS] => Array
        (
            [IDDOK] => NAW
            [BROJDOK] => 19
            [STAVAKA] => 2
            [STAVKA] => 2
            [KOLICINA_SIFRA] => 0
            [DATUM] => 2021-01-14 00:00:00
            [TEXT_GRESKE] => 
            [KNJIZENO_KARTICA] => 
            [KNJIZENO_GLKNJIGA] => 
            [ZAKJUCANI_DN] => NE
        )

)

