2021-01-04 12:09:47 - &idfirma=1
2021-01-04 12:09:47 - Array
(
    [narudzba] => Array
        (
            [CMS_ID] => KHR172
            [DATUM_VRIJEME] => 03.01.2021 09:16:58
            [NARUCITELJ_CMS_ID] => 1
            [NARUCITELJ_EMAIL] => lobodapula@gmail.com
            [NARUCITELJ_IME] => Gianfranco
            [NARUCITELJ_PREZIME] => Božac
            [NARUCITELJ_ADRESA] => Bastianova 36
            [NARUCITELJ_MJESTO] => Pula
            [NARUCITELJ_POSTA] => 52100
            [NARUCITELJ_TELEFON] => 0981634655
            [NARUCITELJ_NAZIV] => 
            [NARUCITELJ_OIB] => 
            [NARUCITELJ_VAT] => 
            [NARUCITELJ_ZEMLJA] => HRV
            [DOSTAVA_IME_PREZIME] => Gianfranco Božac
            [DOSTAVA_ADRESA] => Bastianova 36
            [DOSTAVA_MJESTO] => Pula
            [DOSTAVA_POSTA] => 52100
            [NAPOMENA] => 
            [VALUTA] => 191
            [IZNOS_UKUPNO] => 410.00
            [TECAJ] => 1
        )

    [stavke] => Array
        (
            [0] => Array
                (
                    [IDROBA] => US00000203
                    [KOLICINA] => 1
                    [CIJENA] => 0
                    [RABAT] => 0
                    [IZNOS] => 0
                )

            [1] => Array
                (
                    [IDROBA] => M7051.XL
                    [KOLICINA] => 5
                    [CIJENA] => 82.00
                    [RABAT] => 0
                    [IZNOS] => 410.00
                )

        )

)

2021-01-04 12:09:48 - Array
(
    [creating] => start
    [ZAPIS] => Array
        (
            [IDDOK] => NAW
            [BROJDOK] => 3
            [STAVAKA] => 2
            [STAVKA] => 2
            [KOLICINA_SIFRA] => 0
            [DATUM] => 2021-01-04 00:00:00
            [TEXT_GRESKE] => 
            [KNJIZENO_KARTICA] => 
            [KNJIZENO_GLKNJIGA] => 
            [ZAKJUCANI_DN] => NE
        )

)

