2020-12-07 6:10:18 - &idfirma=1
2020-12-07 6:10:18 - Array
(
    [narudzba] => Array
        (
            [CMS_ID] => KHR67
            [DATUM_VRIJEME] => 04.12.2020 06:43:42
            [NARUCITELJ_CMS_ID] => 1
            [NARUCITELJ_EMAIL] => dijacic.ivana@gmail.com
            [NARUCITELJ_IME] => IVANA
            [NARUCITELJ_PREZIME] => DIJAČIĆ
            [NARUCITELJ_ADRESA] => Sveti Martin 22
            [NARUCITELJ_MJESTO] => Križevci
            [NARUCITELJ_POSTA] => 48260
            [NARUCITELJ_TELEFON] => 098803128
            [NARUCITELJ_NAZIV] => 
            [NARUCITELJ_OIB] => 
            [NARUCITELJ_VAT] => 
            [NARUCITELJ_ZEMLJA] => HRV
            [DOSTAVA_IME_PREZIME] => IVANA DIJAČIĆ
            [DOSTAVA_ADRESA] => Sveti Martin 22
            [DOSTAVA_MJESTO] => Križevci
            [DOSTAVA_POSTA] => 48260
            [NAPOMENA] => 
            [VALUTA] => 191
            [IZNOS_UKUPNO] => 518.40
            [TECAJ] => 1
        )

    [stavke] => Array
        (
            [0] => Array
                (
                    [IDROBA] => US00000203
                    [KOLICINA] => 1
                    [CIJENA] => 0
                    [RABAT] => 0
                    [IZNOS] => 0
                )

            [1] => Array
                (
                    [IDROBA] => M5003.L
                    [KOLICINA] => 1
                    [CIJENA] => 118.40
                    [RABAT] => 0
                    [IZNOS] => 118.40
                )

            [2] => Array
                (
                    [IDROBA] => M7013.M
                    [KOLICINA] => 1
                    [CIJENA] => 100.00
                    [RABAT] => 0
                    [IZNOS] => 100.00
                )

            [3] => Array
                (
                    [IDROBA] => M7024.S
                    [KOLICINA] => 1
                    [CIJENA] => 100.00
                    [RABAT] => 0
                    [IZNOS] => 100.00
                )

            [4] => Array
                (
                    [IDROBA] => M7028.L
                    [KOLICINA] => 1
                    [CIJENA] => 100.00
                    [RABAT] => 0
                    [IZNOS] => 100.00
                )

            [5] => Array
                (
                    [IDROBA] => M7028.M
                    [KOLICINA] => 1
                    [CIJENA] => 100.00
                    [RABAT] => 0
                    [IZNOS] => 100.00
                )

            [6] => Array
                (
                    [IDROBA] => P8013
                    [KOLICINA] => 1
                    [CIJENA] => 51.00
                    [RABAT] => 0
                    [IZNOS] => 51.00
                )

        )

)

2020-12-07 6:10:19 - Array
(
    [creating] => start
    [ZAPIS] => Array
        (
            [IDDOK] => NAW
            [BROJDOK] => 47
            [STAVAKA] => 7
            [STAVKA] => 7
            [KOLICINA_SIFRA] => 0
            [DATUM] => 2020-12-07 00:00:00
            [TEXT_GRESKE] => 
            [KNJIZENO_KARTICA] => 
            [KNJIZENO_GLKNJIGA] => 
            [ZAKJUCANI_DN] => NE
        )

)

