2020-12-17 13:06:09 - &idfirma=1
2020-12-17 13:06:09 - Array
(
    [narudzba] => Array
        (
            [CMS_ID] => KHR123
            [DATUM_VRIJEME] => 16.12.2020 16:25:56
            [NARUCITELJ_CMS_ID] => 1
            [NARUCITELJ_EMAIL] => antema81@gmail.com
            [NARUCITELJ_IME] => ante
            [NARUCITELJ_PREZIME] => marinov
            [NARUCITELJ_ADRESA] => bana j. jelačića
            [NARUCITELJ_MJESTO] => PRIMOŠTEN
            [NARUCITELJ_POSTA] => 22202
            [NARUCITELJ_TELEFON] => 0915854026
            [NARUCITELJ_NAZIV] => 
            [NARUCITELJ_OIB] => 
            [NARUCITELJ_VAT] => 
            [NARUCITELJ_ZEMLJA] => HRV
            [DOSTAVA_IME_PREZIME] => ante marinov
            [DOSTAVA_ADRESA] => bana j. jelačića 37
            [DOSTAVA_MJESTO] => PRIMOŠTEN
            [DOSTAVA_POSTA] => 22202
            [NAPOMENA] => 
            [VALUTA] => 191
            [IZNOS_UKUPNO] => 385.40
            [TECAJ] => 1
        )

    [stavke] => Array
        (
            [0] => Array
                (
                    [IDROBA] => US00000203
                    [KOLICINA] => 1
                    [CIJENA] => 0
                    [RABAT] => 0
                    [IZNOS] => 0
                )

            [1] => Array
                (
                    [IDROBA] => M5005.L
                    [KOLICINA] => 1
                    [CIJENA] => 124.00
                    [RABAT] => 0
                    [IZNOS] => 124.00
                )

            [2] => Array
                (
                    [IDROBA] => M5003.L
                    [KOLICINA] => 1
                    [CIJENA] => 118.40
                    [RABAT] => 0
                    [IZNOS] => 118.40
                )

            [3] => Array
                (
                    [IDROBA] => M7080.XL
                    [KOLICINA] => 1
                    [CIJENA] => 92.00
                    [RABAT] => 0
                    [IZNOS] => 92.00
                )

            [4] => Array
                (
                    [IDROBA] => P8012
                    [KOLICINA] => 1
                    [CIJENA] => 51.00
                    [RABAT] => 0
                    [IZNOS] => 51.00
                )

        )

)

2020-12-17 13:06:14 - Array
(
    [creating] => start
    [ZAPIS] => Array
        (
            [IDDOK] => NAW
            [BROJDOK] => 100
            [STAVAKA] => 5
            [STAVKA] => 5
            [KOLICINA_SIFRA] => 0
            [DATUM] => 2020-12-17 00:00:00
            [TEXT_GRESKE] => 
            [KNJIZENO_KARTICA] => 
            [KNJIZENO_GLKNJIGA] => 
            [ZAKJUCANI_DN] => NE
        )

)

