2020-12-28 12:54:47 - Array
(
    [order_id] => 161
    [invoice_no] => 0
    [invoice_prefix] => INV-2020-00
    [store_id] => 0
    [store_name] => KOZO UNDERWEAR
    [store_url] => https://www.kozo-underwear.hr/
    [customer_id] => 121
    [customer_group_id] => 1
    [firstname] => Ines
    [lastname] => Stojak
    [email] => ines.stojak@gmail.com
    [telephone] => 0917235982
    [fax] => 
    [custom_field] => 
    [payment_firstname] => Ines
    [payment_lastname] => Stojak
    [payment_company] => 
    [payment_address_1] => Uz stari put 13
    [payment_address_2] => 
    [payment_city] => Cavtat
    [payment_postcode] => 20210
    [payment_country] => Croatia
    [payment_country_id] => 53
    [payment_zone] => 
    [payment_zone_id] => 0
    [payment_address_format] => 
    [payment_custom_field] => 
    [payment_method] => Plaćanje pouzećem
    [payment_code] => cod
    [shipping_firstname] => Ines
    [shipping_lastname] => Stojak
    [shipping_company] => 
    [shipping_address_1] => Uz stari put 13
    [shipping_address_2] => 
    [shipping_city] => Cavtat
    [shipping_postcode] => 20210
    [shipping_country] => Croatia
    [shipping_country_id] => 53
    [shipping_zone] => 
    [shipping_zone_id] => 0
    [shipping_address_format] => 
    [shipping_custom_field] => 
    [shipping_method] => Dostava Intereuropa Hrvatska - Besplatna dostava za narudžbe iznad 350kn
    [shipping_code] => ultimate_shipping.ultimate_shipping_0
    [comment] => 
    [total] => 171.8000
    [order_status_id] => 1
    [affiliate_id] => 0
    [commission] => 0.0000
    [marketing_id] => 0
    [tracking] => 
    [language_id] => 2
    [currency_id] => 4
    [currency_code] => HRK
    [currency_value] => 1.00000000
    [ip] => 93.142.149.42
    [forwarded_ip] => 
    [user_agent] => Mozilla/5.0 (Linux; Android 9; SAMSUNG SM-G960F) AppleWebKit/537.36 (KHTML, like Gecko) SamsungBrowser/11.1 Chrome/75.0.3770.143 Mobile Safari/537.36
    [accept_language] => hr-HR,hr;q=0.9,en-US;q=0.8,en;q=0.7
    [paid_order] => 0
    [intereuropa] => 1
    [date_added] => 2020-12-23 23:00:26
    [date_modified] => 2020-12-23 23:00:34
    [products] => Array
        (
            [0] => Array
                (
                    [order_product_id] => 420
                    [order_id] => 161
                    [product_id] => 99
                    [name] => MUŠKE GAĆE SLIP CRVENE
                    [model] => M7031
                    [quantity] => 1
                    [price] => 71.2000
                    [total] => 71.2000
                    [tax] => 0.0000
                    [reward] => 0
                    [option] => Array
                        (
                            [order_option_id] => 378
                            [order_id] => 161
                            [order_product_id] => 420
                            [product_option_id] => 262
                            [product_option_value_id] => 202
                            [name] => Veličina
                            [value] => XL
                            [type] => radio
                            [sku] => 
                            [option_data] => Array
                                (
                                    [product_option_value_id] => 202
                                    [product_option_id] => 262
                                    [product_id] => 99
                                    [option_id] => 13
                                    [option_value_id] => 49
                                    [quantity] => 19
                                    [subtract] => 1
                                    [price] => 0.0000
                                    [price_prefix] => 
                                    [points] => 0
                                    [points_prefix] => +
                                    [weight] => 0.00000000
                                    [weight_prefix] => +
                                    [sku] => M7031.XL
                                )

                        )

                )

            [1] => Array
                (
                    [order_product_id] => 421
                    [order_id] => 161
                    [product_id] => 126
                    [name] => MUŠKE GAĆE SLIP CRNE
                    [model] => M7061
                    [quantity] => 1
                    [price] => 65.6000
                    [total] => 65.6000
                    [tax] => 0.0000
                    [reward] => 0
                    [option] => Array
                        (
                            [order_option_id] => 379
                            [order_id] => 161
                            [order_product_id] => 421
                            [product_option_id] => 289
                            [product_option_value_id] => 333
                            [name] => Veličina
                            [value] => XL
                            [type] => radio
                            [sku] => 
                            [option_data] => Array
                                (
                                    [product_option_value_id] => 333
                                    [product_option_id] => 289
                                    [product_id] => 126
                                    [option_id] => 13
                                    [option_value_id] => 49
                                    [quantity] => 8
                                    [subtract] => 1
                                    [price] => 0.0000
                                    [price_prefix] => 
                                    [points] => 0
                                    [points_prefix] => +
                                    [weight] => 0.00000000
                                    [weight_prefix] => +
                                    [sku] => M7061.XL
                                )

                        )

                )

        )

    [totals] => Array
        (
            [0] => Array
                (
                    [order_total_id] => 528
                    [order_id] => 161
                    [code] => sub_total
                    [title] => Među suma
                    [value] => 136.8000
                    [sort_order] => 1
                )

            [1] => Array
                (
                    [order_total_id] => 529
                    [order_id] => 161
                    [code] => shipping
                    [title] => Dostava Intereuropa Hrvatska - Besplatna dostava za narudžbe iznad 350kn
                    [value] => 35.0000
                    [sort_order] => 3
                )

            [2] => Array
                (
                    [order_total_id] => 530
                    [order_id] => 161
                    [code] => total
                    [title] => Ukupno
                    [value] => 171.8000
                    [sort_order] => 9
                )

        )

    [status] => Array
        (
            [order_status_id] => 1
            [language_id] => 1
            [name] => Pending
        )

)

2020-12-28 12:54:47 - Array
(
    [narudzba] => Array
        (
            [CMS_ID] => KHR161
            [DATUM_VRIJEME] => 23.12.2020 23:00:34
            [NARUCITELJ_CMS_ID] => 1
            [NARUCITELJ_EMAIL] => ines.stojak@gmail.com
            [NARUCITELJ_IME] => Ines
            [NARUCITELJ_PREZIME] => Stojak
            [NARUCITELJ_ADRESA] => Uz stari put 13
            [NARUCITELJ_MJESTO] => Cavtat
            [NARUCITELJ_POSTA] => 20210
            [NARUCITELJ_TELEFON] => 0917235982
            [NARUCITELJ_NAZIV] => 
            [NARUCITELJ_OIB] => 
            [NARUCITELJ_VAT] => 
            [NARUCITELJ_ZEMLJA] => HRV
            [DOSTAVA_IME_PREZIME] => Ines Stojak
            [DOSTAVA_ADRESA] => Uz stari put 13
            [DOSTAVA_MJESTO] => Cavtat
            [DOSTAVA_POSTA] => 20210
            [NAPOMENA] => 
            [VALUTA] => 191
            [IZNOS_UKUPNO] => 171.80
            [TECAJ] => 1
        )

    [stavke] => Array
        (
            [0] => Array
                (
                    [IDROBA] => US00000203
                    [KOLICINA] => 1
                    [CIJENA] => 35
                    [RABAT] => 0
                    [IZNOS] => 35
                )

            [1] => Array
                (
                    [IDROBA] => M7031.XL
                    [KOLICINA] => 1
                    [CIJENA] => 71.20
                    [RABAT] => 0
                    [IZNOS] => 71.20
                )

            [2] => Array
                (
                    [IDROBA] => M7061.XL
                    [KOLICINA] => 1
                    [CIJENA] => 65.60
                    [RABAT] => 0
                    [IZNOS] => 65.60
                )

        )

)

2020-12-28 12:54:48 - Illuminate\Support\Collection Object
(
    [items:protected] => Array
        (
            [creating] => start
            [ZAPIS] => Array
                (
                    [IDDOK] => NAW
                    [BROJDOK] => 123
                    [STAVAKA] => 3
                    [STAVKA] => 3
                    [KOLICINA_SIFRA] => 0
                    [DATUM] => 2020-12-28 00:00:00
                    [TEXT_GRESKE] => 
                    [KNJIZENO_KARTICA] => 
                    [KNJIZENO_GLKNJIGA] => 
                    [ZAKJUCANI_DN] => NE
                )

        )

)

