2020-12-11 13:28:15 - Array
(
    [order_id] => 97
    [invoice_no] => 0
    [invoice_prefix] => INV-2020-00
    [store_id] => 0
    [store_name] => KOZO UNDERWEAR
    [store_url] => https://www.kozo-underwear.hr/
    [customer_id] => 75
    [customer_group_id] => 1
    [firstname] => Goran 
    [lastname] => Stjepanović 
    [email] => stjepanovicg@gmail.com
    [telephone] => 0992179862
    [fax] => 
    [custom_field] => 
    [payment_firstname] => Goran 
    [payment_lastname] => Stjepanović 
    [payment_company] => 
    [payment_address_1] => Novo Svibje 54
    [payment_address_2] => 
    [payment_city] => Sesvetski Kraljevec 
    [payment_postcode] => 10361
    [payment_country] => Croatia
    [payment_country_id] => 53
    [payment_zone] => Bjelovarsko-bilogorska
    [payment_zone_id] => 847
    [payment_address_format] => 
    [payment_custom_field] => 
    [payment_method] => Plaćanje pouzećem
    [payment_code] => cod
    [shipping_firstname] => Goran 
    [shipping_lastname] => Stjepanović 
    [shipping_company] => 
    [shipping_address_1] => Novo Svibje 54
    [shipping_address_2] => 
    [shipping_city] => Sesvetski Kraljevec 
    [shipping_postcode] => 10361
    [shipping_country] => Croatia
    [shipping_country_id] => 53
    [shipping_zone] => Bjelovarsko-bilogorska
    [shipping_zone_id] => 847
    [shipping_address_format] => 
    [shipping_custom_field] => 
    [shipping_method] => Dostava Intereuropa Hrvatska - Besplatna dostava za narudžbe iznad 350kn
    [shipping_code] => ultimate_shipping.ultimate_shipping_0
    [comment] => 
    [total] => 227.0000
    [order_status_id] => 1
    [affiliate_id] => 0
    [commission] => 0.0000
    [marketing_id] => 0
    [tracking] => 
    [language_id] => 2
    [currency_id] => 4
    [currency_code] => HRK
    [currency_value] => 1.00000000
    [ip] => 93.141.19.151
    [forwarded_ip] => 
    [user_agent] => Mozilla/5.0 (Linux; Android 10; SAMSUNG SM-G973F) AppleWebKit/537.36 (KHTML, like Gecko) SamsungBrowser/13.0 Chrome/83.0.4103.106 Mobile Safari/537.36
    [accept_language] => hr-HR,hr;q=0.9,en-US;q=0.8,en;q=0.7
    [paid_order] => 0
    [intereuropa] => 1
    [date_added] => 2020-12-10 22:00:13
    [date_modified] => 2020-12-10 22:00:35
    [products] => Array
        (
            [0] => Array
                (
                    [order_product_id] => 262
                    [order_id] => 97
                    [product_id] => 102
                    [name] => MUŠKE BOKSERICE HIPSTER BOJA KOŽE
                    [model] => M7036
                    [quantity] => 1
                    [price] => 100.0000
                    [total] => 100.0000
                    [tax] => 0.0000
                    [reward] => 0
                    [option] => Array
                        (
                            [order_option_id] => 231
                            [order_id] => 97
                            [order_product_id] => 262
                            [product_option_id] => 265
                            [product_option_value_id] => 211
                            [name] => Veličina
                            [value] => L
                            [type] => radio
                            [sku] => 
                            [option_data] => Array
                                (
                                    [product_option_value_id] => 211
                                    [product_option_id] => 265
                                    [product_id] => 102
                                    [option_id] => 13
                                    [option_value_id] => 50
                                    [quantity] => 99
                                    [subtract] => 1
                                    [price] => 0.0000
                                    [price_prefix] => 
                                    [points] => 0
                                    [points_prefix] => +
                                    [weight] => 0.00000000
                                    [weight_prefix] => +
                                    [sku] => M7036.L
                                )

                        )

                )

            [1] => Array
                (
                    [order_product_id] => 263
                    [order_id] => 97
                    [product_id] => 145
                    [name] => MUŠKE BOKSERICE HIPSTER CRVENE
                    [model] => M7080
                    [quantity] => 1
                    [price] => 92.0000
                    [total] => 92.0000
                    [tax] => 0.0000
                    [reward] => 0
                    [option] => Array
                        (
                            [order_option_id] => 232
                            [order_id] => 97
                            [order_product_id] => 263
                            [product_option_id] => 308
                            [product_option_value_id] => 434
                            [name] => Veličina
                            [value] => L
                            [type] => radio
                            [sku] => 
                            [option_data] => Array
                                (
                                    [product_option_value_id] => 434
                                    [product_option_id] => 308
                                    [product_id] => 145
                                    [option_id] => 13
                                    [option_value_id] => 50
                                    [quantity] => 98
                                    [subtract] => 1
                                    [price] => 0.0000
                                    [price_prefix] => 
                                    [points] => 0
                                    [points_prefix] => +
                                    [weight] => 0.00000000
                                    [weight_prefix] => +
                                    [sku] => M7080.L
                                )

                        )

                )

        )

    [totals] => Array
        (
            [0] => Array
                (
                    [order_total_id] => 323
                    [order_id] => 97
                    [code] => sub_total
                    [title] => Među suma
                    [value] => 192.0000
                    [sort_order] => 1
                )

            [1] => Array
                (
                    [order_total_id] => 324
                    [order_id] => 97
                    [code] => shipping
                    [title] => Dostava Intereuropa Hrvatska - Besplatna dostava za narudžbe iznad 350kn
                    [value] => 35.0000
                    [sort_order] => 3
                )

            [2] => Array
                (
                    [order_total_id] => 325
                    [order_id] => 97
                    [code] => total
                    [title] => Ukupno
                    [value] => 227.0000
                    [sort_order] => 9
                )

        )

    [status] => Array
        (
            [order_status_id] => 1
            [language_id] => 1
            [name] => Pending
        )

)

2020-12-11 13:28:15 - Array
(
    [narudzba] => Array
        (
            [CMS_ID] => KHR97
            [DATUM_VRIJEME] => 10.12.2020 22:00:35
            [NARUCITELJ_CMS_ID] => 1
            [NARUCITELJ_EMAIL] => stjepanovicg@gmail.com
            [NARUCITELJ_IME] => Goran 
            [NARUCITELJ_PREZIME] => Stjepanović 
            [NARUCITELJ_ADRESA] => Novo Svibje 54
            [NARUCITELJ_MJESTO] => Sesvetski Kraljevec 
            [NARUCITELJ_POSTA] => 10361
            [NARUCITELJ_TELEFON] => 0992179862
            [NARUCITELJ_NAZIV] => 
            [NARUCITELJ_OIB] => 
            [NARUCITELJ_VAT] => 
            [NARUCITELJ_ZEMLJA] => HRV
            [DOSTAVA_IME_PREZIME] => Goran  Stjepanović 
            [DOSTAVA_ADRESA] => Novo Svibje 54
            [DOSTAVA_MJESTO] => Sesvetski Kraljevec 
            [DOSTAVA_POSTA] => 10361
            [NAPOMENA] => 
            [VALUTA] => 191
            [IZNOS_UKUPNO] => 227.00
            [TECAJ] => 1
        )

    [stavke] => Array
        (
            [0] => Array
                (
                    [IDROBA] => US00000203
                    [KOLICINA] => 1
                    [CIJENA] => 35
                    [RABAT] => 0
                    [IZNOS] => 35
                )

            [1] => Array
                (
                    [IDROBA] => M7036.L
                    [KOLICINA] => 1
                    [CIJENA] => 100.00
                    [RABAT] => 0
                    [IZNOS] => 100.00
                )

            [2] => Array
                (
                    [IDROBA] => M7080.L
                    [KOLICINA] => 1
                    [CIJENA] => 92.00
                    [RABAT] => 0
                    [IZNOS] => 92.00
                )

        )

)

2020-12-11 13:28:16 - Illuminate\Support\Collection Object
(
    [items:protected] => Array
        (
            [creating] => start
            [ZAPIS] => Array
                (
                    [IDDOK] => NAW
                    [BROJDOK] => 75
                    [STAVAKA] => 3
                    [STAVKA] => 3
                    [KOLICINA_SIFRA] => 0
                    [DATUM] => 2020-12-11 00:00:00
                    [TEXT_GRESKE] => 
                    [KNJIZENO_KARTICA] => 
                    [KNJIZENO_GLKNJIGA] => 
                    [ZAKJUCANI_DN] => NE
                )

        )

)

