2020-12-02 11:49:23 - Array
(
    [order_id] => 60
    [invoice_no] => 0
    [invoice_prefix] => INV-2020-00
    [store_id] => 0
    [store_name] => KOZO UNDERWEAR
    [store_url] => https://www.kozo-underwear.hr/
    [customer_id] => 37
    [customer_group_id] => 1
    [firstname] => draženka
    [lastname] => pavišić
    [email] => dr_pavisic@yahoo.com
    [telephone] => +38598735899
    [fax] => 
    [custom_field] => 
    [payment_firstname] => draženka
    [payment_lastname] => pavišić
    [payment_company] => 
    [payment_address_1] => trstenjakova 14 A
    [payment_address_2] => 
    [payment_city] => varaždin
    [payment_postcode] => 42000
    [payment_country] => Croatia
    [payment_country_id] => 53
    [payment_zone] => Bjelovarsko-bilogorska
    [payment_zone_id] => 847
    [payment_address_format] => 
    [payment_custom_field] => 
    [payment_method] => Plaćanje pouzećem
    [payment_code] => cod
    [shipping_firstname] => draženka
    [shipping_lastname] => pavišić
    [shipping_company] => 
    [shipping_address_1] => trstenjakova 14 A
    [shipping_address_2] => 
    [shipping_city] => varaždin
    [shipping_postcode] => 42000
    [shipping_country] => Croatia
    [shipping_country_id] => 53
    [shipping_zone] => Bjelovarsko-bilogorska
    [shipping_zone_id] => 847
    [shipping_address_format] => 
    [shipping_custom_field] => 
    [shipping_method] => Besplatna dostava Intereuropa Hrvatska
    [shipping_code] => ultimate_shipping.ultimate_shipping_0
    [comment] => 
    [total] => 1084.0000
    [order_status_id] => 1
    [affiliate_id] => 0
    [commission] => 0.0000
    [marketing_id] => 0
    [tracking] => 
    [language_id] => 2
    [currency_id] => 4
    [currency_code] => HRK
    [currency_value] => 1.00000000
    [ip] => 93.140.54.146
    [forwarded_ip] => 
    [user_agent] => Mozilla/5.0 (Windows NT 6.1; Win64; x64) AppleWebKit/537.36 (KHTML, like Gecko) Chrome/87.0.4280.66 Safari/537.36
    [accept_language] => hr-HR,hr;q=0.9,en-US;q=0.8,en;q=0.7
    [paid_order] => 0
    [intereuropa] => 1
    [date_added] => 2020-12-01 11:06:00
    [date_modified] => 2020-12-01 11:06:11
    [products] => Array
        (
            [0] => Array
                (
                    [order_product_id] => 147
                    [order_id] => 60
                    [product_id] => 64
                    [name] => MUŠKE BOKSERICE HIPSTER BIJELE
                    [model] => M7002
                    [quantity] => 1
                    [price] => 100.0000
                    [total] => 100.0000
                    [tax] => 0.0000
                    [reward] => 0
                    [option] => Array
                        (
                            [order_option_id] => 132
                            [order_id] => 60
                            [order_product_id] => 147
                            [product_option_id] => 332
                            [product_option_value_id] => 493
                            [name] => Veličina
                            [value] => L
                            [type] => radio
                            [sku] => 
                            [option_data] => Array
                                (
                                    [product_option_value_id] => 493
                                    [product_option_id] => 332
                                    [product_id] => 64
                                    [option_id] => 13
                                    [option_value_id] => 50
                                    [quantity] => 97
                                    [subtract] => 1
                                    [price] => 0.0000
                                    [price_prefix] => +
                                    [points] => 0
                                    [points_prefix] => +
                                    [weight] => 0.00000000
                                    [weight_prefix] => +
                                    [sku] => M7002.L
                                )

                        )

                )

            [1] => Array
                (
                    [order_product_id] => 148
                    [order_id] => 60
                    [product_id] => 67
                    [name] => MUŠKA MAJICA OKRUGLI IZREZ BIJELA
                    [model] => M7009
                    [quantity] => 1
                    [price] => 112.0000
                    [total] => 112.0000
                    [tax] => 0.0000
                    [reward] => 0
                    [option] => Array
                        (
                            [order_option_id] => 133
                            [order_id] => 60
                            [order_product_id] => 148
                            [product_option_id] => 336
                            [product_option_value_id] => 522
                            [name] => Veličina
                            [value] => L
                            [type] => radio
                            [sku] => 
                            [option_data] => Array
                                (
                                    [product_option_value_id] => 522
                                    [product_option_id] => 336
                                    [product_id] => 67
                                    [option_id] => 13
                                    [option_value_id] => 50
                                    [quantity] => 98
                                    [subtract] => 1
                                    [price] => 0.0000
                                    [price_prefix] => +
                                    [points] => 0
                                    [points_prefix] => +
                                    [weight] => 0.00000000
                                    [weight_prefix] => +
                                    [sku] => M7009.L
                                )

                        )

                )

            [2] => Array
                (
                    [order_product_id] => 149
                    [order_id] => 60
                    [product_id] => 67
                    [name] => MUŠKA MAJICA OKRUGLI IZREZ BIJELA
                    [model] => M7009
                    [quantity] => 1
                    [price] => 112.0000
                    [total] => 112.0000
                    [tax] => 0.0000
                    [reward] => 0
                    [option] => Array
                        (
                            [order_option_id] => 134
                            [order_id] => 60
                            [order_product_id] => 149
                            [product_option_id] => 336
                            [product_option_value_id] => 523
                            [name] => Veličina
                            [value] => XL
                            [type] => radio
                            [sku] => 
                            [option_data] => Array
                                (
                                    [product_option_value_id] => 523
                                    [product_option_id] => 336
                                    [product_id] => 67
                                    [option_id] => 13
                                    [option_value_id] => 49
                                    [quantity] => 99
                                    [subtract] => 1
                                    [price] => 0.0000
                                    [price_prefix] => +
                                    [points] => 0
                                    [points_prefix] => +
                                    [weight] => 0.00000000
                                    [weight_prefix] => +
                                    [sku] => M7009.XL
                                )

                        )

                )

            [3] => Array
                (
                    [order_product_id] => 150
                    [order_id] => 60
                    [product_id] => 77
                    [name] => MUŠKE BOKSERICE BIJELE
                    [model] => M7005
                    [quantity] => 1
                    [price] => 100.0000
                    [total] => 100.0000
                    [tax] => 0.0000
                    [reward] => 0
                    [option] => Array
                        (
                            [order_option_id] => 135
                            [order_id] => 60
                            [order_product_id] => 150
                            [product_option_id] => 240
                            [product_option_value_id] => 83
                            [name] => Veličina
                            [value] => XL
                            [type] => radio
                            [sku] => 
                            [option_data] => Array
                                (
                                    [product_option_value_id] => 83
                                    [product_option_id] => 240
                                    [product_id] => 77
                                    [option_id] => 13
                                    [option_value_id] => 49
                                    [quantity] => 99
                                    [subtract] => 1
                                    [price] => 0.0000
                                    [price_prefix] => +
                                    [points] => 0
                                    [points_prefix] => +
                                    [weight] => 0.00000000
                                    [weight_prefix] => +
                                    [sku] => M7005.XL
                                )

                        )

                )

            [4] => Array
                (
                    [order_product_id] => 151
                    [order_id] => 60
                    [product_id] => 87
                    [name] => MUŠKA MAJICA OKRUGLI IZREZ CRNA
                    [model] => M7020
                    [quantity] => 3
                    [price] => 112.0000
                    [total] => 336.0000
                    [tax] => 0.0000
                    [reward] => 0
                    [option] => Array
                        (
                            [order_option_id] => 136
                            [order_id] => 60
                            [order_product_id] => 151
                            [product_option_id] => 250
                            [product_option_value_id] => 137
                            [name] => Veličina
                            [value] => M
                            [type] => radio
                            [sku] => 
                            [option_data] => Array
                                (
                                    [product_option_value_id] => 137
                                    [product_option_id] => 250
                                    [product_id] => 87
                                    [option_id] => 13
                                    [option_value_id] => 51
                                    [quantity] => 97
                                    [subtract] => 1
                                    [price] => 0.0000
                                    [price_prefix] => +
                                    [points] => 0
                                    [points_prefix] => +
                                    [weight] => 0.00000000
                                    [weight_prefix] => +
                                    [sku] => M7020.M
                                )

                        )

                )

            [5] => Array
                (
                    [order_product_id] => 152
                    [order_id] => 60
                    [product_id] => 110
                    [name] => MUŠKE BOKSERICE HIPSTER PRINT WEB
                    [model] => M7043
                    [quantity] => 3
                    [price] => 108.0000
                    [total] => 324.0000
                    [tax] => 0.0000
                    [reward] => 0
                    [option] => Array
                        (
                            [order_option_id] => 137
                            [order_id] => 60
                            [order_product_id] => 152
                            [product_option_id] => 273
                            [product_option_value_id] => 248
                            [name] => Veličina
                            [value] => M
                            [type] => radio
                            [sku] => 
                            [option_data] => Array
                                (
                                    [product_option_value_id] => 248
                                    [product_option_id] => 273
                                    [product_id] => 110
                                    [option_id] => 13
                                    [option_value_id] => 51
                                    [quantity] => 96
                                    [subtract] => 1
                                    [price] => 0.0000
                                    [price_prefix] => +
                                    [points] => 0
                                    [points_prefix] => +
                                    [weight] => 0.00000000
                                    [weight_prefix] => +
                                    [sku] => M7043.M
                                )

                        )

                )

            [6] => Array
                (
                    [order_product_id] => 153
                    [order_id] => 60
                    [product_id] => 167
                    [name] => WEB MASKA ZA LICE
                    [model] => P8013
                    [quantity] => 1
                    [price] => 40.8000
                    [total] => 40.8000
                    [tax] => 0.0000
                    [reward] => 0
                    [option] => 
                )

        )

    [totals] => Array
        (
            [0] => Array
                (
                    [order_total_id] => 195
                    [order_id] => 60
                    [code] => sub_total
                    [title] => Među suma
                    [value] => 1124.8000
                    [sort_order] => 1
                )

            [1] => Array
                (
                    [order_total_id] => 196
                    [order_id] => 60
                    [code] => tieredgiftstotal
                    [title] => Besplatni poklon - WEB MASKA ZA LICE
                    [value] => -40.8000
                    [sort_order] => 2
                )

            [2] => Array
                (
                    [order_total_id] => 197
                    [order_id] => 60
                    [code] => shipping
                    [title] => Besplatna dostava Intereuropa Hrvatska
                    [value] => 0.0000
                    [sort_order] => 3
                )

            [3] => Array
                (
                    [order_total_id] => 198
                    [order_id] => 60
                    [code] => total
                    [title] => Ukupno
                    [value] => 1084.0000
                    [sort_order] => 9
                )

        )

    [status] => Array
        (
            [order_status_id] => 1
            [language_id] => 1
            [name] => Pending
        )

)

2020-12-02 11:49:23 - Array
(
    [narudzba] => Array
        (
            [CMS_ID] => KHR60
            [DATUM_VRIJEME] => 01.12.2020 11:06:11
            [NARUCITELJ_CMS_ID] => 1
            [NARUCITELJ_EMAIL] => dr_pavisic@yahoo.com
            [NARUCITELJ_IME] => draženka
            [NARUCITELJ_PREZIME] => pavišić
            [NARUCITELJ_ADRESA] => trstenjakova 14 A
            [NARUCITELJ_MJESTO] => varaždin
            [NARUCITELJ_POSTA] => 42000
            [NARUCITELJ_TELEFON] => +38598735899
            [NARUCITELJ_NAZIV] => 
            [NARUCITELJ_OIB] => 
            [NARUCITELJ_VAT] => 
            [NARUCITELJ_ZEMLJA] => HRV
            [DOSTAVA_IME_PREZIME] => draženka pavišić
            [DOSTAVA_ADRESA] => trstenjakova 14 A
            [DOSTAVA_MJESTO] => varaždin
            [DOSTAVA_POSTA] => 42000
            [NAPOMENA] => 
            [VALUTA] => 191
            [IZNOS_UKUPNO] => 1084.00
            [TECAJ] => 1
        )

    [stavke] => Array
        (
            [0] => Array
                (
                    [IDROBA] => US00000203
                    [KOLICINA] => 1
                    [CIJENA] => 0
                    [RABAT] => 0
                    [IZNOS] => 0
                )

            [1] => Array
                (
                    [IDROBA] => M7002.L
                    [KOLICINA] => 1
                    [CIJENA] => 100.00
                    [RABAT] => 0
                    [IZNOS] => 100.00
                )

            [2] => Array
                (
                    [IDROBA] => M7009.L
                    [KOLICINA] => 1
                    [CIJENA] => 112.00
                    [RABAT] => 0
                    [IZNOS] => 112.00
                )

            [3] => Array
                (
                    [IDROBA] => M7009.XL
                    [KOLICINA] => 1
                    [CIJENA] => 112.00
                    [RABAT] => 0
                    [IZNOS] => 112.00
                )

            [4] => Array
                (
                    [IDROBA] => M7005.XL
                    [KOLICINA] => 1
                    [CIJENA] => 100.00
                    [RABAT] => 0
                    [IZNOS] => 100.00
                )

            [5] => Array
                (
                    [IDROBA] => M7020.M
                    [KOLICINA] => 3
                    [CIJENA] => 112.00
                    [RABAT] => 0
                    [IZNOS] => 336.00
                )

            [6] => Array
                (
                    [IDROBA] => M7043.M
                    [KOLICINA] => 3
                    [CIJENA] => 108.00
                    [RABAT] => 0
                    [IZNOS] => 324.00
                )

            [7] => Array
                (
                    [IDROBA] => P8013
                    [KOLICINA] => 1
                    [CIJENA] => 40.80
                    [RABAT] => 0
                    [IZNOS] => 40.80
                )

        )

)

2020-12-02 11:49:25 - Illuminate\Support\Collection Object
(
    [items:protected] => Array
        (
            [creating] => start
            [ZAPIS] => Array
                (
                    [IDDOK] => NAW
                    [BROJDOK] => 40
                    [STAVAKA] => 8
                    [STAVKA] => 8
                    [KOLICINA_SIFRA] => 0
                    [DATUM] => 2020-12-02 00:00:00
                    [TEXT_GRESKE] => 
                    [KNJIZENO_KARTICA] => 
                    [KNJIZENO_GLKNJIGA] => 
                    [ZAKJUCANI_DN] => NE
                )

        )

)

