2020-12-14 12:22:08 - &idfirma=1
2020-12-14 12:22:08 - Array
(
    [narudzba] => Array
        (
            [CMS_ID] => KHR111
            [DATUM_VRIJEME] => 13.12.2020 19:29:46
            [NARUCITELJ_CMS_ID] => 1
            [NARUCITELJ_EMAIL] => alexander.ostojic@gmail.com
            [NARUCITELJ_IME] => Aleksandar
            [NARUCITELJ_PREZIME] => Ostojić
            [NARUCITELJ_ADRESA] => Ante Starčevića 21
            [NARUCITELJ_MJESTO] => Budimci
            [NARUCITELJ_POSTA] => 31432
            [NARUCITELJ_TELEFON] => 0916004233
            [NARUCITELJ_NAZIV] => 
            [NARUCITELJ_OIB] => 
            [NARUCITELJ_VAT] => 
            [NARUCITELJ_ZEMLJA] => HRV
            [DOSTAVA_IME_PREZIME] => Ljekarna Abel &amp; Aleksandar Ostojić
            [DOSTAVA_ADRESA] => Fra Grge Martića 60
            [DOSTAVA_MJESTO] => Zagreb
            [DOSTAVA_POSTA] => 10000
            [NAPOMENA] => 
            [VALUTA] => 191
            [IZNOS_UKUPNO] => 424.00
            [TECAJ] => 1
        )

    [stavke] => Array
        (
            [0] => Array
                (
                    [IDROBA] => US00000203
                    [KOLICINA] => 1
                    [CIJENA] => 0
                    [RABAT] => 0
                    [IZNOS] => 0
                )

            [1] => Array
                (
                    [IDROBA] => M5005.M
                    [KOLICINA] => 1
                    [CIJENA] => 124.00
                    [RABAT] => 0
                    [IZNOS] => 124.00
                )

            [2] => Array
                (
                    [IDROBA] => M7043.S
                    [KOLICINA] => 1
                    [CIJENA] => 108.00
                    [RABAT] => 0
                    [IZNOS] => 108.00
                )

            [3] => Array
                (
                    [IDROBA] => M7076.M
                    [KOLICINA] => 1
                    [CIJENA] => 92.00
                    [RABAT] => 0
                    [IZNOS] => 92.00
                )

            [4] => Array
                (
                    [IDROBA] => M7084.M
                    [KOLICINA] => 1
                    [CIJENA] => 100.00
                    [RABAT] => 0
                    [IZNOS] => 100.00
                )

        )

)

2020-12-14 12:22:09 - Array
(
    [creating] => start
    [ZAPIS] => Array
        (
            [IDDOK] => NAW
            [BROJDOK] => 83
            [STAVAKA] => 5
            [STAVKA] => 5
            [KOLICINA_SIFRA] => 0
            [DATUM] => 2020-12-14 00:00:00
            [TEXT_GRESKE] => 
            [KNJIZENO_KARTICA] => 
            [KNJIZENO_GLKNJIGA] => 
            [ZAKJUCANI_DN] => NE
        )

)

