2020-12-28 12:54:37 - Array
(
    [order_id] => 159
    [invoice_no] => 0
    [invoice_prefix] => INV-2020-00
    [store_id] => 0
    [store_name] => KOZO UNDERWEAR
    [store_url] => https://www.kozo-underwear.hr/
    [customer_id] => 61
    [customer_group_id] => 1
    [firstname] => Melvin 
    [lastname] => Barešić 
    [email] => mbaresic01@gmail.com
    [telephone] => 0916350002
    [fax] => 
    [custom_field] => 
    [payment_firstname] => Melvin 
    [payment_lastname] => Barešić 
    [payment_company] => 
    [payment_address_1] => Brune Busica 34
    [payment_address_2] => 
    [payment_city] => Drage
    [payment_postcode] => 23211
    [payment_country] => Croatia
    [payment_country_id] => 53
    [payment_zone] => 
    [payment_zone_id] => 0
    [payment_address_format] => 
    [payment_custom_field] => 
    [payment_method] => Kreditne kartice / Debitne Kartice (CorvusPay)
    [payment_code] => corvuspay
    [shipping_firstname] => Melvin 
    [shipping_lastname] => Barešić 
    [shipping_company] => 
    [shipping_address_1] => Brune Busica 34
    [shipping_address_2] => 
    [shipping_city] => Drage
    [shipping_postcode] => 23211
    [shipping_country] => Croatia
    [shipping_country_id] => 53
    [shipping_zone] => 
    [shipping_zone_id] => 0
    [shipping_address_format] => 
    [shipping_custom_field] => 
    [shipping_method] => Dostava Intereuropa Hrvatska - Besplatna dostava za narudžbe iznad 350kn
    [shipping_code] => ultimate_shipping.ultimate_shipping_0
    [comment] => 
    [total] => 271.0000
    [order_status_id] => 5
    [affiliate_id] => 0
    [commission] => 0.0000
    [marketing_id] => 0
    [tracking] => 
    [language_id] => 2
    [currency_id] => 4
    [currency_code] => HRK
    [currency_value] => 1.00000000
    [ip] => 93.142.174.60
    [forwarded_ip] => 
    [user_agent] => Mozilla/5.0 (Linux; Android 10; SM-N986B) AppleWebKit/537.36 (KHTML, like Gecko) Chrome/87.0.4280.101 Mobile Safari/537.36
    [accept_language] => hr-HR,hr;q=0.9,en-US;q=0.8,en;q=0.7,sr;q=0.6,bs;q=0.5,fr;q=0.4,sl;q=0.3,de;q=0.2,it;q=0.1,pt;q=0.1,es;q=0.1,cs;q=0.1,pl;q=0.1
    [paid_order] => 0
    [intereuropa] => 1
    [date_added] => 2020-12-23 16:41:20
    [date_modified] => 2020-12-23 16:45:23
    [products] => Array
        (
            [0] => Array
                (
                    [order_product_id] => 416
                    [order_id] => 159
                    [product_id] => 71
                    [name] => MUŠKA PIDŽAMA DONJI DIO
                    [model] => M5005
                    [quantity] => 1
                    [price] => 124.0000
                    [total] => 124.0000
                    [tax] => 0.0000
                    [reward] => 0
                    [option] => Array
                        (
                            [order_option_id] => 374
                            [order_id] => 159
                            [order_product_id] => 416
                            [product_option_id] => 234
                            [product_option_value_id] => 47
                            [name] => Veličina
                            [value] => XL
                            [type] => radio
                            [sku] => 
                            [option_data] => Array
                                (
                                    [product_option_value_id] => 47
                                    [product_option_id] => 234
                                    [product_id] => 71
                                    [option_id] => 13
                                    [option_value_id] => 49
                                    [quantity] => 20
                                    [subtract] => 1
                                    [price] => 0.0000
                                    [price_prefix] => 
                                    [points] => 0
                                    [points_prefix] => +
                                    [weight] => 0.00000000
                                    [weight_prefix] => +
                                    [sku] => M5005.XL
                                )

                        )

                )

            [1] => Array
                (
                    [order_product_id] => 417
                    [order_id] => 159
                    [product_id] => 85
                    [name] => MUŠKA MAJICA V IZREZ CRNA
                    [model] => M7021
                    [quantity] => 1
                    [price] => 112.0000
                    [total] => 112.0000
                    [tax] => 0.0000
                    [reward] => 0
                    [option] => Array
                        (
                            [order_option_id] => 375
                            [order_id] => 159
                            [order_product_id] => 417
                            [product_option_id] => 248
                            [product_option_value_id] => 127
                            [name] => Veličina
                            [value] => XL
                            [type] => radio
                            [sku] => 
                            [option_data] => Array
                                (
                                    [product_option_value_id] => 127
                                    [product_option_id] => 248
                                    [product_id] => 85
                                    [option_id] => 13
                                    [option_value_id] => 49
                                    [quantity] => 4
                                    [subtract] => 1
                                    [price] => 0.0000
                                    [price_prefix] => 
                                    [points] => 0
                                    [points_prefix] => +
                                    [weight] => 0.00000000
                                    [weight_prefix] => +
                                    [sku] => M7021.XL
                                )

                        )

                )

        )

    [totals] => Array
        (
            [0] => Array
                (
                    [order_total_id] => 522
                    [order_id] => 159
                    [code] => sub_total
                    [title] => Među suma
                    [value] => 236.0000
                    [sort_order] => 1
                )

            [1] => Array
                (
                    [order_total_id] => 523
                    [order_id] => 159
                    [code] => shipping
                    [title] => Dostava Intereuropa Hrvatska - Besplatna dostava za narudžbe iznad 350kn
                    [value] => 35.0000
                    [sort_order] => 3
                )

            [2] => Array
                (
                    [order_total_id] => 524
                    [order_id] => 159
                    [code] => total
                    [title] => Ukupno
                    [value] => 271.0000
                    [sort_order] => 9
                )

        )

    [status] => Array
        (
            [order_status_id] => 5
            [language_id] => 1
            [name] => Complete
        )

)

2020-12-28 12:54:37 - Array
(
    [narudzba] => Array
        (
            [CMS_ID] => KHR159
            [DATUM_VRIJEME] => 23.12.2020 16:45:23
            [NARUCITELJ_CMS_ID] => 1
            [NARUCITELJ_EMAIL] => mbaresic01@gmail.com
            [NARUCITELJ_IME] => Melvin 
            [NARUCITELJ_PREZIME] => Barešić 
            [NARUCITELJ_ADRESA] => Brune Busica 34
            [NARUCITELJ_MJESTO] => Drage
            [NARUCITELJ_POSTA] => 23211
            [NARUCITELJ_TELEFON] => 0916350002
            [NARUCITELJ_NAZIV] => 
            [NARUCITELJ_OIB] => 
            [NARUCITELJ_VAT] => 
            [NARUCITELJ_ZEMLJA] => HRV
            [DOSTAVA_IME_PREZIME] => Melvin  Barešić 
            [DOSTAVA_ADRESA] => Brune Busica 34
            [DOSTAVA_MJESTO] => Drage
            [DOSTAVA_POSTA] => 23211
            [NAPOMENA] => 
            [VALUTA] => 191
            [IZNOS_UKUPNO] => 271.00
            [TECAJ] => 1
        )

    [stavke] => Array
        (
            [0] => Array
                (
                    [IDROBA] => US00000203
                    [KOLICINA] => 1
                    [CIJENA] => 35
                    [RABAT] => 0
                    [IZNOS] => 35
                )

            [1] => Array
                (
                    [IDROBA] => M5005.XL
                    [KOLICINA] => 1
                    [CIJENA] => 124.00
                    [RABAT] => 0
                    [IZNOS] => 124.00
                )

            [2] => Array
                (
                    [IDROBA] => M7021.XL
                    [KOLICINA] => 1
                    [CIJENA] => 112.00
                    [RABAT] => 0
                    [IZNOS] => 112.00
                )

        )

)

2020-12-28 12:54:39 - Illuminate\Support\Collection Object
(
    [items:protected] => Array
        (
            [creating] => start
            [ZAPIS] => Array
                (
                    [IDDOK] => NAW
                    [BROJDOK] => 122
                    [STAVAKA] => 3
                    [STAVKA] => 3
                    [KOLICINA_SIFRA] => 0
                    [DATUM] => 2020-12-28 00:00:00
                    [TEXT_GRESKE] => 
                    [KNJIZENO_KARTICA] => 
                    [KNJIZENO_GLKNJIGA] => 
                    [ZAKJUCANI_DN] => NE
                )

        )

)

