2020-12-22 11:33:02 - &idfirma=1
2020-12-22 11:33:02 - Array
(
    [narudzba] => Array
        (
            [CMS_ID] => KHR150
            [DATUM_VRIJEME] => 21.12.2020 12:15:12
            [NARUCITELJ_CMS_ID] => 1
            [NARUCITELJ_EMAIL] => darkocro73@gmail.com
            [NARUCITELJ_IME] => Darko
            [NARUCITELJ_PREZIME] => Kesteli
            [NARUCITELJ_ADRESA] => Tarašćice 17a
            [NARUCITELJ_MJESTO] => Koprivnica
            [NARUCITELJ_POSTA] => 48000
            [NARUCITELJ_TELEFON] => 0915158381
            [NARUCITELJ_NAZIV] => 
            [NARUCITELJ_OIB] => 
            [NARUCITELJ_VAT] => 
            [NARUCITELJ_ZEMLJA] => HRV
            [DOSTAVA_IME_PREZIME] => Darko Kesteli
            [DOSTAVA_ADRESA] => Tarašćice 17a
            [DOSTAVA_MJESTO] => Koprivnica
            [DOSTAVA_POSTA] => 48000
            [NAPOMENA] => 
            [VALUTA] => 191
            [IZNOS_UKUPNO] => 370.40
            [TECAJ] => 1
        )

    [stavke] => Array
        (
            [0] => Array
                (
                    [IDROBA] => US00000203
                    [KOLICINA] => 1
                    [CIJENA] => 0
                    [RABAT] => 0
                    [IZNOS] => 0
                )

            [1] => Array
                (
                    [IDROBA] => M7045.M
                    [KOLICINA] => 1
                    [CIJENA] => 76.80
                    [RABAT] => 0
                    [IZNOS] => 76.80
                )

            [2] => Array
                (
                    [IDROBA] => M7048.M
                    [KOLICINA] => 1
                    [CIJENA] => 106.40
                    [RABAT] => 0
                    [IZNOS] => 106.40
                )

            [3] => Array
                (
                    [IDROBA] => M7064.M
                    [KOLICINA] => 3
                    [CIJENA] => 62.40
                    [RABAT] => 0
                    [IZNOS] => 187.20
                )

        )

)

2020-12-22 11:33:04 - Array
(
    [creating] => start
    [ZAPIS] => Array
        (
            [IDDOK] => NAW
            [BROJDOK] => 116
            [STAVAKA] => 4
            [STAVKA] => 4
            [KOLICINA_SIFRA] => 0
            [DATUM] => 2020-12-22 00:00:00
            [TEXT_GRESKE] => 
            [KNJIZENO_KARTICA] => 
            [KNJIZENO_GLKNJIGA] => 
            [ZAKJUCANI_DN] => NE
        )

)

