2020-12-28 12:54:59 - &idfirma=1
2020-12-28 12:54:59 - Array
(
    [narudzba] => Array
        (
            [CMS_ID] => KHR162
            [DATUM_VRIJEME] => 24.12.2020 11:21:35
            [NARUCITELJ_CMS_ID] => 1
            [NARUCITELJ_EMAIL] => vrcan1@gmail.com
            [NARUCITELJ_IME] => Milodrag
            [NARUCITELJ_PREZIME] => Vrcan
            [NARUCITELJ_ADRESA] => Ivana Gundulića 28
            [NARUCITELJ_MJESTO] => Osijek
            [NARUCITELJ_POSTA] => 31000
            [NARUCITELJ_TELEFON] => 098223987
            [NARUCITELJ_NAZIV] => 
            [NARUCITELJ_OIB] => 
            [NARUCITELJ_VAT] => 
            [NARUCITELJ_ZEMLJA] => HRV
            [DOSTAVA_IME_PREZIME] => Milodrag Vrcan
            [DOSTAVA_ADRESA] => Ivana Gundulića 28
            [DOSTAVA_MJESTO] => Osijek
            [DOSTAVA_POSTA] => 31000
            [NAPOMENA] => Order Comments: poštovani,
Molim prilikom dostave da me dostavljač nazove na mobitel kako bi se dogovorili o preuzimanju robe,hvala lp Vrcan
            [VALUTA] => 191
            [IZNOS_UKUPNO] => 354.00
            [TECAJ] => 1
        )

    [stavke] => Array
        (
            [0] => Array
                (
                    [IDROBA] => US00000203
                    [KOLICINA] => 1
                    [CIJENA] => 35
                    [RABAT] => 0
                    [IZNOS] => 35
                )

            [1] => Array
                (
                    [IDROBA] => M7016.XXXL
                    [KOLICINA] => 1
                    [CIJENA] => 119.00
                    [RABAT] => 0
                    [IZNOS] => 119.00
                )

            [2] => Array
                (
                    [IDROBA] => M7015.XXXL
                    [KOLICINA] => 1
                    [CIJENA] => 81.00
                    [RABAT] => 0
                    [IZNOS] => 81.00
                )

            [3] => Array
                (
                    [IDROBA] => M7029.XXXL
                    [KOLICINA] => 1
                    [CIJENA] => 119.00
                    [RABAT] => 0
                    [IZNOS] => 119.00
                )

        )

)

2020-12-28 12:55:00 - Array
(
    [creating] => start
    [ZAPIS] => Array
        (
            [IDDOK] => NAW
            [BROJDOK] => 124
            [STAVAKA] => 4
            [STAVKA] => 4
            [KOLICINA_SIFRA] => 0
            [DATUM] => 2020-12-28 00:00:00
            [TEXT_GRESKE] => 
            [KNJIZENO_KARTICA] => 
            [KNJIZENO_GLKNJIGA] => 
            [ZAKJUCANI_DN] => NE
        )

)

