2020-12-21 12:21:37 - &idfirma=1
2020-12-21 12:21:37 - Array
(
    [narudzba] => Array
        (
            [CMS_ID] => KHR143
            [DATUM_VRIJEME] => 20.12.2020 10:05:18
            [NARUCITELJ_CMS_ID] => 1
            [NARUCITELJ_EMAIL] => novicagajic@yahoo.com
            [NARUCITELJ_IME] => Novica
            [NARUCITELJ_PREZIME] => Gajić
            [NARUCITELJ_ADRESA] => Gajićeva 30
            [NARUCITELJ_MJESTO] => Borovo
            [NARUCITELJ_POSTA] => 32227
            [NARUCITELJ_TELEFON] => 00 385 98 914 6326
            [NARUCITELJ_NAZIV] => 
            [NARUCITELJ_OIB] => 
            [NARUCITELJ_VAT] => 
            [NARUCITELJ_ZEMLJA] => HRV
            [DOSTAVA_IME_PREZIME] => Novica Gajić
            [DOSTAVA_ADRESA] => Gajićeva 30
            [DOSTAVA_MJESTO] => Borovo
            [DOSTAVA_POSTA] => 32227
            [NAPOMENA] => Order Comments: Pozvati prije uručivanja dostave.
            [VALUTA] => 191
            [IZNOS_UKUPNO] => 390.40
            [TECAJ] => 1
        )

    [stavke] => Array
        (
            [0] => Array
                (
                    [IDROBA] => US00000203
                    [KOLICINA] => 1
                    [CIJENA] => 0
                    [RABAT] => 0
                    [IZNOS] => 0
                )

            [1] => Array
                (
                    [IDROBA] => M5003.M
                    [KOLICINA] => 1
                    [CIJENA] => 118.40
                    [RABAT] => 0
                    [IZNOS] => 118.40
                )

            [2] => Array
                (
                    [IDROBA] => M5007.M
                    [KOLICINA] => 1
                    [CIJENA] => 116.00
                    [RABAT] => 0
                    [IZNOS] => 116.00
                )

            [3] => Array
                (
                    [IDROBA] => M5008.M
                    [KOLICINA] => 1
                    [CIJENA] => 156.00
                    [RABAT] => 0
                    [IZNOS] => 156.00
                )

        )

)

2020-12-21 12:21:38 - Array
(
    [creating] => start
    [ZAPIS] => Array
        (
            [IDDOK] => NAW
            [BROJDOK] => 114
            [STAVAKA] => 4
            [STAVKA] => 4
            [KOLICINA_SIFRA] => 0
            [DATUM] => 2020-12-21 00:00:00
            [TEXT_GRESKE] => 
            [KNJIZENO_KARTICA] => 
            [KNJIZENO_GLKNJIGA] => 
            [ZAKJUCANI_DN] => NE
        )

)

