2020-12-18 12:25:40 - &idfirma=1
2020-12-18 12:25:40 - Array
(
    [narudzba] => Array
        (
            [CMS_ID] => KHR128
            [DATUM_VRIJEME] => 17.12.2020 12:39:26
            [NARUCITELJ_CMS_ID] => 1
            [NARUCITELJ_EMAIL] => darkocro73@gmail.com
            [NARUCITELJ_IME] => Darko
            [NARUCITELJ_PREZIME] => Kesteli
            [NARUCITELJ_ADRESA] => Tarašćice 17a
            [NARUCITELJ_MJESTO] => Koprivnica
            [NARUCITELJ_POSTA] => 48000
            [NARUCITELJ_TELEFON] => 0915158381
            [NARUCITELJ_NAZIV] => 
            [NARUCITELJ_OIB] => 
            [NARUCITELJ_VAT] => 
            [NARUCITELJ_ZEMLJA] => HRV
            [DOSTAVA_IME_PREZIME] => Darko Kesteli
            [DOSTAVA_ADRESA] => Tarašćice 17a
            [DOSTAVA_MJESTO] => Koprivnica
            [DOSTAVA_POSTA] => 48000
            [NAPOMENA] => 
            [VALUTA] => 191
            [IZNOS_UKUPNO] => 141.40
            [TECAJ] => 1
        )

    [stavke] => Array
        (
            [0] => Array
                (
                    [IDROBA] => US00000203
                    [KOLICINA] => 1
                    [CIJENA] => 35
                    [RABAT] => 0
                    [IZNOS] => 35
                )

            [1] => Array
                (
                    [IDROBA] => M7048.M
                    [KOLICINA] => 1
                    [CIJENA] => 106.40
                    [RABAT] => 0
                    [IZNOS] => 106.40
                )

        )

)

2020-12-18 12:25:41 - Array
(
    [creating] => start
    [ZAPIS] => Array
        (
            [IDDOK] => NAW
            [BROJDOK] => 107
            [STAVAKA] => 2
            [STAVKA] => 2
            [KOLICINA_SIFRA] => 0
            [DATUM] => 2020-12-18 00:00:00
            [TEXT_GRESKE] => 
            [KNJIZENO_KARTICA] => 
            [KNJIZENO_GLKNJIGA] => 
            [ZAKJUCANI_DN] => NE
        )

)

