2020-12-17 13:06:38 - Array
(
    [order_id] => 125
    [invoice_no] => 0
    [invoice_prefix] => INV-2020-00
    [store_id] => 0
    [store_name] => KOZO UNDERWEAR
    [store_url] => https://www.kozo-underwear.hr/
    [customer_id] => 98
    [customer_group_id] => 1
    [firstname] => Željko
    [lastname] => Kutnjak
    [email] => rayan1967@op.pl
    [telephone] => 0977602757
    [fax] => 
    [custom_field] => 
    [payment_firstname] => Željko
    [payment_lastname] => Kutnjak
    [payment_company] => 
    [payment_address_1] => Pobjenik 210
    [payment_address_2] => 
    [payment_city] => Ćazma
    [payment_postcode] => 43-240
    [payment_country] => Croatia
    [payment_country_id] => 53
    [payment_zone] => HR
    [payment_zone_id] => 848
    [payment_address_format] => 
    [payment_custom_field] => 
    [payment_method] => Plaćanje pouzećem
    [payment_code] => cod
    [shipping_firstname] => Željko
    [shipping_lastname] => Kutnjak
    [shipping_company] => 
    [shipping_address_1] => Pobjenik 210
    [shipping_address_2] => 
    [shipping_city] => Ćazma
    [shipping_postcode] => 43-240
    [shipping_country] => Croatia
    [shipping_country_id] => 53
    [shipping_zone] => HR
    [shipping_zone_id] => 848
    [shipping_address_format] => 
    [shipping_custom_field] => 
    [shipping_method] => Dostava Intereuropa Hrvatska - Besplatna dostava za narudžbe iznad 350kn
    [shipping_code] => ultimate_shipping.ultimate_shipping_0
    [comment] => 
    [total] => 208.0000
    [order_status_id] => 1
    [affiliate_id] => 0
    [commission] => 0.0000
    [marketing_id] => 0
    [tracking] => 
    [language_id] => 2
    [currency_id] => 4
    [currency_code] => HRK
    [currency_value] => 1.00000000
    [ip] => 95.168.121.207
    [forwarded_ip] => 
    [user_agent] => Mozilla/5.0 (Linux; Android 6.0; HAMMER_ENERGY Build/MRA58K; wv) AppleWebKit/537.36 (KHTML, like Gecko) Version/4.0 Chrome/87.0.4280.101 Mobile Safari/537.36 [FB_IAB/FB4A;FBAV/299.0.0.51.236;]
    [accept_language] => pl-PL,pl;q=0.9,en-US;q=0.8,en;q=0.7
    [paid_order] => 0
    [intereuropa] => 1
    [date_added] => 2020-12-17 00:35:24
    [date_modified] => 2020-12-17 00:35:33
    [products] => Array
        (
            [0] => Array
                (
                    [order_product_id] => 344
                    [order_id] => 125
                    [product_id] => 145
                    [name] => MUŠKE BOKSERICE HIPSTER CRVENE
                    [model] => M7080
                    [quantity] => 1
                    [price] => 92.0000
                    [total] => 92.0000
                    [tax] => 0.0000
                    [reward] => 0
                    [option] => Array
                        (
                            [order_option_id] => 305
                            [order_id] => 125
                            [order_product_id] => 344
                            [product_option_id] => 308
                            [product_option_value_id] => 437
                            [name] => Veličina
                            [value] => XL
                            [type] => radio
                            [sku] => 
                            [option_data] => Array
                                (
                                    [product_option_value_id] => 437
                                    [product_option_id] => 308
                                    [product_id] => 145
                                    [option_id] => 13
                                    [option_value_id] => 49
                                    [quantity] => 98
                                    [subtract] => 1
                                    [price] => 0.0000
                                    [price_prefix] => 
                                    [points] => 0
                                    [points_prefix] => +
                                    [weight] => 0.00000000
                                    [weight_prefix] => +
                                    [sku] => M7080.XL
                                )

                        )

                )

            [1] => Array
                (
                    [order_product_id] => 345
                    [order_id] => 125
                    [product_id] => 151
                    [name] => MUŠKE BOKSERICE HIPSTER PRINT HOHOHO
                    [model] => M7084
                    [quantity] => 1
                    [price] => 81.0000
                    [total] => 81.0000
                    [tax] => 0.0000
                    [reward] => 0
                    [option] => Array
                        (
                            [order_option_id] => 306
                            [order_id] => 125
                            [order_product_id] => 345
                            [product_option_id] => 314
                            [product_option_value_id] => 465
                            [name] => Veličina
                            [value] => XL
                            [type] => radio
                            [sku] => 
                            [option_data] => Array
                                (
                                    [product_option_value_id] => 465
                                    [product_option_id] => 314
                                    [product_id] => 151
                                    [option_id] => 13
                                    [option_value_id] => 49
                                    [quantity] => 99
                                    [subtract] => 1
                                    [price] => 0.0000
                                    [price_prefix] => +
                                    [points] => 0
                                    [points_prefix] => +
                                    [weight] => 0.00000000
                                    [weight_prefix] => +
                                    [sku] => M7084.XL
                                )

                        )

                )

        )

    [totals] => Array
        (
            [0] => Array
                (
                    [order_total_id] => 417
                    [order_id] => 125
                    [code] => sub_total
                    [title] => Među suma
                    [value] => 173.0000
                    [sort_order] => 1
                )

            [1] => Array
                (
                    [order_total_id] => 418
                    [order_id] => 125
                    [code] => shipping
                    [title] => Dostava Intereuropa Hrvatska - Besplatna dostava za narudžbe iznad 350kn
                    [value] => 35.0000
                    [sort_order] => 3
                )

            [2] => Array
                (
                    [order_total_id] => 419
                    [order_id] => 125
                    [code] => total
                    [title] => Ukupno
                    [value] => 208.0000
                    [sort_order] => 9
                )

        )

    [status] => Array
        (
            [order_status_id] => 1
            [language_id] => 1
            [name] => Pending
        )

)

2020-12-17 13:06:38 - Array
(
    [narudzba] => Array
        (
            [CMS_ID] => KHR125
            [DATUM_VRIJEME] => 17.12.2020 00:35:33
            [NARUCITELJ_CMS_ID] => 1
            [NARUCITELJ_EMAIL] => rayan1967@op.pl
            [NARUCITELJ_IME] => Željko
            [NARUCITELJ_PREZIME] => Kutnjak
            [NARUCITELJ_ADRESA] => Pobjenik 210
            [NARUCITELJ_MJESTO] => Ćazma
            [NARUCITELJ_POSTA] => 43-240
            [NARUCITELJ_TELEFON] => 0977602757
            [NARUCITELJ_NAZIV] => 
            [NARUCITELJ_OIB] => 
            [NARUCITELJ_VAT] => 
            [NARUCITELJ_ZEMLJA] => HRV
            [DOSTAVA_IME_PREZIME] => Željko Kutnjak
            [DOSTAVA_ADRESA] => Pobjenik 210
            [DOSTAVA_MJESTO] => Ćazma
            [DOSTAVA_POSTA] => 43-240
            [NAPOMENA] => 
            [VALUTA] => 191
            [IZNOS_UKUPNO] => 208.00
            [TECAJ] => 1
        )

    [stavke] => Array
        (
            [0] => Array
                (
                    [IDROBA] => US00000203
                    [KOLICINA] => 1
                    [CIJENA] => 35
                    [RABAT] => 0
                    [IZNOS] => 35
                )

            [1] => Array
                (
                    [IDROBA] => M7080.XL
                    [KOLICINA] => 1
                    [CIJENA] => 92.00
                    [RABAT] => 0
                    [IZNOS] => 92.00
                )

            [2] => Array
                (
                    [IDROBA] => M7084.XL
                    [KOLICINA] => 1
                    [CIJENA] => 81.00
                    [RABAT] => 0
                    [IZNOS] => 81.00
                )

        )

)

2020-12-17 13:06:39 - Illuminate\Support\Collection Object
(
    [items:protected] => Array
        (
            [creating] => start
            [ZAPIS] => Array
                (
                    [IDDOK] => NAW
                    [BROJDOK] => 102
                    [STAVAKA] => 3
                    [STAVKA] => 3
                    [KOLICINA_SIFRA] => 0
                    [DATUM] => 2020-12-17 00:00:00
                    [TEXT_GRESKE] => 
                    [KNJIZENO_KARTICA] => 
                    [KNJIZENO_GLKNJIGA] => 
                    [ZAKJUCANI_DN] => NE
                )

        )

)

