2020-12-10 11:57:08 - Array
(
    [order_id] => 84
    [invoice_no] => 0
    [invoice_prefix] => INV-2020-00
    [store_id] => 0
    [store_name] => KOZO UNDERWEAR
    [store_url] => https://www.kozo-underwear.hr/
    [customer_id] => 65
    [customer_group_id] => 1
    [firstname] => Kristijan
    [lastname] => Brčić
    [email] => kristijan.brcic@gmail.com
    [telephone] => 0917882605
    [fax] => 
    [custom_field] => 
    [payment_firstname] => Kristijan
    [payment_lastname] => Brčić
    [payment_company] => 
    [payment_address_1] => 8. dalmatinske udarne brigade br. 4
    [payment_address_2] => 
    [payment_city] => Šibenik
    [payment_postcode] => 22000
    [payment_country] => Croatia
    [payment_country_id] => 53
    [payment_zone] => Bjelovarsko-bilogorska
    [payment_zone_id] => 847
    [payment_address_format] => 
    [payment_custom_field] => 
    [payment_method] => Plaćanje pouzećem
    [payment_code] => cod
    [shipping_firstname] => Kristijan
    [shipping_lastname] => Brčić
    [shipping_company] => 
    [shipping_address_1] => 8. dalmatinske udarne brigade br. 4
    [shipping_address_2] => 
    [shipping_city] => Šibenik
    [shipping_postcode] => 22000
    [shipping_country] => Croatia
    [shipping_country_id] => 53
    [shipping_zone] => Bjelovarsko-bilogorska
    [shipping_zone_id] => 847
    [shipping_address_format] => 
    [shipping_custom_field] => 
    [shipping_method] => Dostava Intereuropa Hrvatska - Besplatna dostava za narudžbe iznad 350kn
    [shipping_code] => ultimate_shipping.ultimate_shipping_0
    [comment] => 
    [total] => 283.8000
    [order_status_id] => 1
    [affiliate_id] => 0
    [commission] => 0.0000
    [marketing_id] => 0
    [tracking] => 
    [language_id] => 2
    [currency_id] => 4
    [currency_code] => HRK
    [currency_value] => 1.00000000
    [ip] => 91.212.44.254
    [forwarded_ip] => 
    [user_agent] => Mozilla/5.0 (Windows NT 10.0; Win64; x64) AppleWebKit/537.36 (KHTML, like Gecko) Chrome/70.0.3538.102 Safari/537.36 Edge/18.18363
    [accept_language] => hr-HR,hr;q=0.5
    [paid_order] => 0
    [intereuropa] => 1
    [date_added] => 2020-12-09 13:19:46
    [date_modified] => 2020-12-09 13:20:00
    [products] => Array
        (
            [0] => Array
                (
                    [order_product_id] => 213
                    [order_id] => 84
                    [product_id] => 114
                    [name] => MUŠKE GAĆE SLIP PRINT SQUARES
                    [model] => M7045
                    [quantity] => 1
                    [price] => 76.8000
                    [total] => 76.8000
                    [tax] => 0.0000
                    [reward] => 0
                    [option] => Array
                        (
                            [order_option_id] => 190
                            [order_id] => 84
                            [order_product_id] => 213
                            [product_option_id] => 277
                            [product_option_value_id] => 266
                            [name] => Veličina
                            [value] => XL
                            [type] => radio
                            [sku] => 
                            [option_data] => Array
                                (
                                    [product_option_value_id] => 266
                                    [product_option_id] => 277
                                    [product_id] => 114
                                    [option_id] => 13
                                    [option_value_id] => 49
                                    [quantity] => 99
                                    [subtract] => 1
                                    [price] => 0.0000
                                    [price_prefix] => 
                                    [points] => 0
                                    [points_prefix] => +
                                    [weight] => 0.00000000
                                    [weight_prefix] => +
                                    [sku] => M7045.XL
                                )

                        )

                )

            [1] => Array
                (
                    [order_product_id] => 214
                    [order_id] => 84
                    [product_id] => 115
                    [name] => MUŠKE GAĆE SLIP PRINT KOKOS
                    [model] => M7048
                    [quantity] => 1
                    [price] => 106.4000
                    [total] => 106.4000
                    [tax] => 0.0000
                    [reward] => 0
                    [option] => Array
                        (
                            [order_option_id] => 191
                            [order_id] => 84
                            [order_product_id] => 214
                            [product_option_id] => 278
                            [product_option_value_id] => 272
                            [name] => Veličina
                            [value] => XL
                            [type] => radio
                            [sku] => 
                            [option_data] => Array
                                (
                                    [product_option_value_id] => 272
                                    [product_option_id] => 278
                                    [product_id] => 115
                                    [option_id] => 13
                                    [option_value_id] => 49
                                    [quantity] => 99
                                    [subtract] => 1
                                    [price] => 0.0000
                                    [price_prefix] => 
                                    [points] => 0
                                    [points_prefix] => +
                                    [weight] => 0.00000000
                                    [weight_prefix] => +
                                    [sku] => M7048.XL
                                )

                        )

                )

            [2] => Array
                (
                    [order_product_id] => 215
                    [order_id] => 84
                    [product_id] => 144
                    [name] => MUŠKE GAĆE SLIP TAMNO PLAVE
                    [model] => M7075
                    [quantity] => 1
                    [price] => 65.6000
                    [total] => 65.6000
                    [tax] => 0.0000
                    [reward] => 0
                    [option] => Array
                        (
                            [order_option_id] => 192
                            [order_id] => 84
                            [order_product_id] => 215
                            [product_option_id] => 307
                            [product_option_value_id] => 431
                            [name] => Veličina
                            [value] => XL
                            [type] => radio
                            [sku] => 
                            [option_data] => Array
                                (
                                    [product_option_value_id] => 431
                                    [product_option_id] => 307
                                    [product_id] => 144
                                    [option_id] => 13
                                    [option_value_id] => 49
                                    [quantity] => 99
                                    [subtract] => 1
                                    [price] => 0.0000
                                    [price_prefix] => 
                                    [points] => 0
                                    [points_prefix] => +
                                    [weight] => 0.00000000
                                    [weight_prefix] => +
                                    [sku] => M7075.XL
                                )

                        )

                )

        )

    [totals] => Array
        (
            [0] => Array
                (
                    [order_total_id] => 274
                    [order_id] => 84
                    [code] => sub_total
                    [title] => Među suma
                    [value] => 248.8000
                    [sort_order] => 1
                )

            [1] => Array
                (
                    [order_total_id] => 275
                    [order_id] => 84
                    [code] => shipping
                    [title] => Dostava Intereuropa Hrvatska - Besplatna dostava za narudžbe iznad 350kn
                    [value] => 35.0000
                    [sort_order] => 3
                )

            [2] => Array
                (
                    [order_total_id] => 276
                    [order_id] => 84
                    [code] => total
                    [title] => Ukupno
                    [value] => 283.8000
                    [sort_order] => 9
                )

        )

    [status] => Array
        (
            [order_status_id] => 1
            [language_id] => 1
            [name] => Pending
        )

)

2020-12-10 11:57:08 - Array
(
    [narudzba] => Array
        (
            [CMS_ID] => KHR84
            [DATUM_VRIJEME] => 09.12.2020 13:20:00
            [NARUCITELJ_CMS_ID] => 1
            [NARUCITELJ_EMAIL] => kristijan.brcic@gmail.com
            [NARUCITELJ_IME] => Kristijan
            [NARUCITELJ_PREZIME] => Brčić
            [NARUCITELJ_ADRESA] => 8. dalmatinske udarne brigade br. 4
            [NARUCITELJ_MJESTO] => Šibenik
            [NARUCITELJ_POSTA] => 22000
            [NARUCITELJ_TELEFON] => 0917882605
            [NARUCITELJ_NAZIV] => 
            [NARUCITELJ_OIB] => 
            [NARUCITELJ_VAT] => 
            [NARUCITELJ_ZEMLJA] => HRV
            [DOSTAVA_IME_PREZIME] => Kristijan Brčić
            [DOSTAVA_ADRESA] => 8. dalmatinske udarne brigade br. 4
            [DOSTAVA_MJESTO] => Šibenik
            [DOSTAVA_POSTA] => 22000
            [NAPOMENA] => 
            [VALUTA] => 191
            [IZNOS_UKUPNO] => 283.80
            [TECAJ] => 1
        )

    [stavke] => Array
        (
            [0] => Array
                (
                    [IDROBA] => US00000203
                    [KOLICINA] => 1
                    [CIJENA] => 35
                    [RABAT] => 0
                    [IZNOS] => 35
                )

            [1] => Array
                (
                    [IDROBA] => M7045.XL
                    [KOLICINA] => 1
                    [CIJENA] => 76.80
                    [RABAT] => 0
                    [IZNOS] => 76.80
                )

            [2] => Array
                (
                    [IDROBA] => M7048.XL
                    [KOLICINA] => 1
                    [CIJENA] => 106.40
                    [RABAT] => 0
                    [IZNOS] => 106.40
                )

            [3] => Array
                (
                    [IDROBA] => M7075.XL
                    [KOLICINA] => 1
                    [CIJENA] => 65.60
                    [RABAT] => 0
                    [IZNOS] => 65.60
                )

        )

)

2020-12-10 11:57:09 - Illuminate\Support\Collection Object
(
    [items:protected] => Array
        (
            [creating] => start
            [ZAPIS] => Array
                (
                    [IDDOK] => NAW
                    [BROJDOK] => 65
                    [STAVAKA] => 4
                    [STAVKA] => 4
                    [KOLICINA_SIFRA] => 0
                    [DATUM] => 2020-12-10 00:00:00
                    [TEXT_GRESKE] => 
                    [KNJIZENO_KARTICA] => 
                    [KNJIZENO_GLKNJIGA] => 
                    [ZAKJUCANI_DN] => NE
                )

        )

)

