2020-12-11 13:27:59 - &idfirma=1
2020-12-11 13:27:59 - Array
(
    [narudzba] => Array
        (
            [CMS_ID] => KHR94
            [DATUM_VRIJEME] => 10.12.2020 12:34:37
            [NARUCITELJ_CMS_ID] => 1
            [NARUCITELJ_EMAIL] => mara2701@yahoo.com
            [NARUCITELJ_IME] => Mara
            [NARUCITELJ_PREZIME] => Barišić
            [NARUCITELJ_ADRESA] => Ulica hrvatskih branitelja 20
            [NARUCITELJ_MJESTO] => Ugljan
            [NARUCITELJ_POSTA] => 23275
            [NARUCITELJ_TELEFON] => 0977633610
            [NARUCITELJ_NAZIV] => 
            [NARUCITELJ_OIB] => 
            [NARUCITELJ_VAT] => 
            [NARUCITELJ_ZEMLJA] => HRV
            [DOSTAVA_IME_PREZIME] => Mara Barišić
            [DOSTAVA_ADRESA] => Ulica hrvatskih branitelja 20
            [DOSTAVA_MJESTO] => Ugljan
            [DOSTAVA_POSTA] => 23275
            [NAPOMENA] => 
            [VALUTA] => 191
            [IZNOS_UKUPNO] => 504.00
            [TECAJ] => 1
        )

    [stavke] => Array
        (
            [0] => Array
                (
                    [IDROBA] => US00000203
                    [KOLICINA] => 1
                    [CIJENA] => 0
                    [RABAT] => 0
                    [IZNOS] => 0
                )

            [1] => Array
                (
                    [IDROBA] => M5007.L
                    [KOLICINA] => 1
                    [CIJENA] => 116.00
                    [RABAT] => 0
                    [IZNOS] => 116.00
                )

            [2] => Array
                (
                    [IDROBA] => M7062.L
                    [KOLICINA] => 1
                    [CIJENA] => 92.00
                    [RABAT] => 0
                    [IZNOS] => 92.00
                )

            [3] => Array
                (
                    [IDROBA] => M7069.L
                    [KOLICINA] => 1
                    [CIJENA] => 104.00
                    [RABAT] => 0
                    [IZNOS] => 104.00
                )

            [4] => Array
                (
                    [IDROBA] => M7076.L
                    [KOLICINA] => 1
                    [CIJENA] => 92.00
                    [RABAT] => 0
                    [IZNOS] => 92.00
                )

            [5] => Array
                (
                    [IDROBA] => M7084.L
                    [KOLICINA] => 1
                    [CIJENA] => 100.00
                    [RABAT] => 0
                    [IZNOS] => 100.00
                )

            [6] => Array
                (
                    [IDROBA] => P8013
                    [KOLICINA] => 1
                    [CIJENA] => 51.00
                    [RABAT] => 0
                    [IZNOS] => 51.00
                )

        )

)

2020-12-11 13:28:01 - Array
(
    [creating] => start
    [ZAPIS] => Array
        (
            [IDDOK] => NAW
            [BROJDOK] => 74
            [STAVAKA] => 7
            [STAVKA] => 7
            [KOLICINA_SIFRA] => 0
            [DATUM] => 2020-12-11 00:00:00
            [TEXT_GRESKE] => 
            [KNJIZENO_KARTICA] => 
            [KNJIZENO_GLKNJIGA] => 
            [ZAKJUCANI_DN] => NE
        )

)

