2020-12-09 13:39:49 - &idfirma=1
2020-12-09 13:39:49 - Array
(
    [narudzba] => Array
        (
            [CMS_ID] => KHR78
            [DATUM_VRIJEME] => 08.12.2020 13:09:22
            [NARUCITELJ_CMS_ID] => 1
            [NARUCITELJ_EMAIL] => slavija.stanic@gmail.com
            [NARUCITELJ_IME] => Slavija
            [NARUCITELJ_PREZIME] =>  Čutura
            [NARUCITELJ_ADRESA] => Lazinska 73
            [NARUCITELJ_MJESTO] => Zagreb
            [NARUCITELJ_POSTA] => 10000
            [NARUCITELJ_TELEFON] => 0989723708
            [NARUCITELJ_NAZIV] => 
            [NARUCITELJ_OIB] => 
            [NARUCITELJ_VAT] => 
            [NARUCITELJ_ZEMLJA] => HRV
            [DOSTAVA_IME_PREZIME] => Slavija  Čutura
            [DOSTAVA_ADRESA] => Lazinska 73
            [DOSTAVA_MJESTO] => Zagreb
            [DOSTAVA_POSTA] => 10000
            [NAPOMENA] => 
            [VALUTA] => 191
            [IZNOS_UKUPNO] => 168.60
            [TECAJ] => 1
        )

    [stavke] => Array
        (
            [0] => Array
                (
                    [IDROBA] => US00000203
                    [KOLICINA] => 1
                    [CIJENA] => 35
                    [RABAT] => 0
                    [IZNOS] => 35
                )

            [1] => Array
                (
                    [IDROBA] => M7023.L
                    [KOLICINA] => 1
                    [CIJENA] => 71.20
                    [RABAT] => 0
                    [IZNOS] => 71.20
                )

            [2] => Array
                (
                    [IDROBA] => M7064.L
                    [KOLICINA] => 1
                    [CIJENA] => 62.40
                    [RABAT] => 0
                    [IZNOS] => 62.40
                )

        )

)

2020-12-09 13:39:50 - Array
(
    [creating] => start
    [ZAPIS] => Array
        (
            [IDDOK] => NAW
            [BROJDOK] => 61
            [STAVAKA] => 3
            [STAVKA] => 3
            [KOLICINA_SIFRA] => 0
            [DATUM] => 2020-12-09 00:00:00
            [TEXT_GRESKE] => 
            [KNJIZENO_KARTICA] => 
            [KNJIZENO_GLKNJIGA] => 
            [ZAKJUCANI_DN] => NE
        )

)

