2020-12-14 12:23:24 - Array
(
    [order_id] => 107
    [invoice_no] => 0
    [invoice_prefix] => INV-2020-00
    [store_id] => 0
    [store_name] => KOZO UNDERWEAR
    [store_url] => https://www.kozo-underwear.hr/
    [customer_id] => 83
    [customer_group_id] => 1
    [firstname] => Elizabeta
    [lastname] => Ozimec
    [email] => oelizabeta@yahoo.com
    [telephone] => 0915628415
    [fax] => 
    [custom_field] => 
    [payment_firstname] => Elizabeta
    [payment_lastname] => Ozimec
    [payment_company] => 
    [payment_address_1] => Vrbik 15
    [payment_address_2] => 
    [payment_city] => Zagreb
    [payment_postcode] => 10000
    [payment_country] => Croatia
    [payment_country_id] => 53
    [payment_zone] => HR
    [payment_zone_id] => 848
    [payment_address_format] => 
    [payment_custom_field] => 
    [payment_method] => Plaćanje pouzećem
    [payment_code] => cod
    [shipping_firstname] => Elizabeta
    [shipping_lastname] => Ozimec
    [shipping_company] => 
    [shipping_address_1] => Vrbik 15
    [shipping_address_2] => 
    [shipping_city] => Zagreb
    [shipping_postcode] => 10000
    [shipping_country] => Croatia
    [shipping_country_id] => 53
    [shipping_zone] => HR
    [shipping_zone_id] => 848
    [shipping_address_format] => 
    [shipping_custom_field] => 
    [shipping_method] => Besplatna dostava Intereuropa Hrvatska
    [shipping_code] => ultimate_shipping.ultimate_shipping_0
    [comment] => 
    [total] => 358.0000
    [order_status_id] => 1
    [affiliate_id] => 0
    [commission] => 0.0000
    [marketing_id] => 0
    [tracking] => 
    [language_id] => 2
    [currency_id] => 4
    [currency_code] => HRK
    [currency_value] => 1.00000000
    [ip] => 188.252.190.166
    [forwarded_ip] => 
    [user_agent] => Mozilla/5.0 (Windows NT 10.0; Win64; x64) AppleWebKit/537.36 (KHTML, like Gecko) Chrome/87.0.4280.88 Safari/537.36
    [accept_language] => hr-HR,hr;q=0.9,en-US;q=0.8,en;q=0.7
    [paid_order] => 0
    [intereuropa] => 1
    [date_added] => 2020-12-12 02:25:09
    [date_modified] => 2020-12-12 02:25:20
    [products] => Array
        (
            [0] => Array
                (
                    [order_product_id] => 298
                    [order_id] => 107
                    [product_id] => 128
                    [name] => MUŠKA MAJICA OKRUGLI IZREZ BIJELA
                    [model] => M7059
                    [quantity] => 2
                    [price] => 124.0000
                    [total] => 248.0000
                    [tax] => 0.0000
                    [reward] => 0
                    [option] => Array
                        (
                            [order_option_id] => 264
                            [order_id] => 107
                            [order_product_id] => 298
                            [product_option_id] => 291
                            [product_option_value_id] => 346
                            [name] => Veličina
                            [value] => XXL
                            [type] => radio
                            [sku] => 
                            [option_data] => Array
                                (
                                    [product_option_value_id] => 346
                                    [product_option_id] => 291
                                    [product_id] => 128
                                    [option_id] => 13
                                    [option_value_id] => 53
                                    [quantity] => 98
                                    [subtract] => 1
                                    [price] => 20.0000
                                    [price_prefix] => +
                                    [points] => 0
                                    [points_prefix] => +
                                    [weight] => 0.00000000
                                    [weight_prefix] => +
                                    [sku] => M7059.XXL
                                )

                        )

                )

            [1] => Array
                (
                    [order_product_id] => 299
                    [order_id] => 107
                    [product_id] => 132
                    [name] => MUŠKE BOKSERICE CRNE
                    [model] => M7065
                    [quantity] => 1
                    [price] => 110.0000
                    [total] => 110.0000
                    [tax] => 0.0000
                    [reward] => 0
                    [option] => Array
                        (
                            [order_option_id] => 265
                            [order_id] => 107
                            [order_product_id] => 299
                            [product_option_id] => 295
                            [product_option_value_id] => 369
                            [name] => Veličina
                            [value] => XXL
                            [type] => radio
                            [sku] => 
                            [option_data] => Array
                                (
                                    [product_option_value_id] => 369
                                    [product_option_id] => 295
                                    [product_id] => 132
                                    [option_id] => 13
                                    [option_value_id] => 53
                                    [quantity] => 99
                                    [subtract] => 1
                                    [price] => 18.0000
                                    [price_prefix] => +
                                    [points] => 0
                                    [points_prefix] => +
                                    [weight] => 0.00000000
                                    [weight_prefix] => +
                                    [sku] => M7065.XXL
                                )

                        )

                )

        )

    [totals] => Array
        (
            [0] => Array
                (
                    [order_total_id] => 360
                    [order_id] => 107
                    [code] => sub_total
                    [title] => Među suma
                    [value] => 358.0000
                    [sort_order] => 1
                )

            [1] => Array
                (
                    [order_total_id] => 361
                    [order_id] => 107
                    [code] => shipping
                    [title] => Besplatna dostava Intereuropa Hrvatska
                    [value] => 0.0000
                    [sort_order] => 3
                )

            [2] => Array
                (
                    [order_total_id] => 362
                    [order_id] => 107
                    [code] => total
                    [title] => Ukupno
                    [value] => 358.0000
                    [sort_order] => 9
                )

        )

    [status] => Array
        (
            [order_status_id] => 1
            [language_id] => 1
            [name] => Pending
        )

)

2020-12-14 12:23:24 - Array
(
    [narudzba] => Array
        (
            [CMS_ID] => KHR107
            [DATUM_VRIJEME] => 12.12.2020 02:25:20
            [NARUCITELJ_CMS_ID] => 1
            [NARUCITELJ_EMAIL] => oelizabeta@yahoo.com
            [NARUCITELJ_IME] => Elizabeta
            [NARUCITELJ_PREZIME] => Ozimec
            [NARUCITELJ_ADRESA] => Vrbik 15
            [NARUCITELJ_MJESTO] => Zagreb
            [NARUCITELJ_POSTA] => 10000
            [NARUCITELJ_TELEFON] => 0915628415
            [NARUCITELJ_NAZIV] => 
            [NARUCITELJ_OIB] => 
            [NARUCITELJ_VAT] => 
            [NARUCITELJ_ZEMLJA] => HRV
            [DOSTAVA_IME_PREZIME] => Elizabeta Ozimec
            [DOSTAVA_ADRESA] => Vrbik 15
            [DOSTAVA_MJESTO] => Zagreb
            [DOSTAVA_POSTA] => 10000
            [NAPOMENA] => 
            [VALUTA] => 191
            [IZNOS_UKUPNO] => 358.00
            [TECAJ] => 1
        )

    [stavke] => Array
        (
            [0] => Array
                (
                    [IDROBA] => US00000203
                    [KOLICINA] => 1
                    [CIJENA] => 0
                    [RABAT] => 0
                    [IZNOS] => 0
                )

            [1] => Array
                (
                    [IDROBA] => M7059.XXL
                    [KOLICINA] => 2
                    [CIJENA] => 124.00
                    [RABAT] => 0
                    [IZNOS] => 248.00
                )

            [2] => Array
                (
                    [IDROBA] => M7065.XXL
                    [KOLICINA] => 1
                    [CIJENA] => 110.00
                    [RABAT] => 0
                    [IZNOS] => 110.00
                )

        )

)

2020-12-14 12:23:25 - Illuminate\Support\Collection Object
(
    [items:protected] => Array
        (
            [creating] => start
            [ZAPIS] => Array
                (
                    [IDDOK] => NAW
                    [BROJDOK] => 91
                    [STAVAKA] => 3
                    [STAVKA] => 3
                    [KOLICINA_SIFRA] => 0
                    [DATUM] => 2020-12-14 00:00:00
                    [TEXT_GRESKE] => 
                    [KNJIZENO_KARTICA] => 
                    [KNJIZENO_GLKNJIGA] => 
                    [ZAKJUCANI_DN] => NE
                )

        )

)

