2020-12-22 12:31:14 - Array
(
    [order_id] => 155
    [invoice_no] => 0
    [invoice_prefix] => INV-2020-00
    [store_id] => 0
    [store_name] => KOZO UNDERWEAR
    [store_url] => https://www.kozo-underwear.hr/
    [customer_id] => 117
    [customer_group_id] => 1
    [firstname] => Lucia
    [lastname] => Kulusic
    [email] => kulusiclucia@gmail.com
    [telephone] => +385913022049
    [fax] => 
    [custom_field] => 
    [payment_firstname] => Lucia
    [payment_lastname] => Kulusic
    [payment_company] => 
    [payment_address_1] => Prokljanska 20
    [payment_address_2] => 
    [payment_city] => Šibenik
    [payment_postcode] => 22000
    [payment_country] => Croatia
    [payment_country_id] => 53
    [payment_zone] => HR
    [payment_zone_id] => 848
    [payment_address_format] => 
    [payment_custom_field] => 
    [payment_method] => Plaćanje pouzećem
    [payment_code] => cod
    [shipping_firstname] => Lucia
    [shipping_lastname] => Kulusic
    [shipping_company] => 
    [shipping_address_1] => Prokljanska 20
    [shipping_address_2] => 
    [shipping_city] => Šibenik
    [shipping_postcode] => 22000
    [shipping_country] => Croatia
    [shipping_country_id] => 53
    [shipping_zone] => HR
    [shipping_zone_id] => 848
    [shipping_address_format] => 
    [shipping_custom_field] => 
    [shipping_method] => Dostava Intereuropa Hrvatska - Besplatna dostava za narudžbe iznad 350kn
    [shipping_code] => ultimate_shipping.ultimate_shipping_0
    [comment] => 
    [total] => 291.0000
    [order_status_id] => 1
    [affiliate_id] => 0
    [commission] => 0.0000
    [marketing_id] => 0
    [tracking] => 
    [language_id] => 2
    [currency_id] => 4
    [currency_code] => HRK
    [currency_value] => 1.00000000
    [ip] => 93.138.231.216
    [forwarded_ip] => 
    [user_agent] => Mozilla/5.0 (iPhone; CPU iPhone OS 14_2 like Mac OS X) AppleWebKit/605.1.15 (KHTML, like Gecko) Version/14.0.1 Mobile/15E148 Safari/604.1
    [accept_language] => hr-hr
    [paid_order] => 0
    [intereuropa] => 1
    [date_added] => 2020-12-22 11:47:30
    [date_modified] => 2020-12-22 11:47:36
    [products] => Array
        (
            [0] => Array
                (
                    [order_product_id] => 411
                    [order_id] => 155
                    [product_id] => 74
                    [name] => MUŠKA PIDŽAMA GORNJI DIO
                    [model] => M5004
                    [quantity] => 1
                    [price] => 140.0000
                    [total] => 140.0000
                    [tax] => 0.0000
                    [reward] => 0
                    [option] => Array
                        (
                            [order_option_id] => 369
                            [order_id] => 155
                            [order_product_id] => 411
                            [product_option_id] => 237
                            [product_option_value_id] => 62
                            [name] => Veličina
                            [value] => L
                            [type] => radio
                            [sku] => 
                            [option_data] => Array
                                (
                                    [product_option_value_id] => 62
                                    [product_option_id] => 237
                                    [product_id] => 74
                                    [option_id] => 13
                                    [option_value_id] => 50
                                    [quantity] => 98
                                    [subtract] => 1
                                    [price] => 0.0000
                                    [price_prefix] => 
                                    [points] => 0
                                    [points_prefix] => +
                                    [weight] => 0.00000000
                                    [weight_prefix] => +
                                    [sku] => M5004.L
                                )

                        )

                )

            [1] => Array
                (
                    [order_product_id] => 412
                    [order_id] => 155
                    [product_id] => 75
                    [name] => MUŠKA PIDŽAMA DONJI DIO
                    [model] => M5007
                    [quantity] => 1
                    [price] => 116.0000
                    [total] => 116.0000
                    [tax] => 0.0000
                    [reward] => 0
                    [option] => Array
                        (
                            [order_option_id] => 370
                            [order_id] => 155
                            [order_product_id] => 412
                            [product_option_id] => 238
                            [product_option_value_id] => 68
                            [name] => Veličina
                            [value] => L
                            [type] => radio
                            [sku] => 
                            [option_data] => Array
                                (
                                    [product_option_value_id] => 68
                                    [product_option_id] => 238
                                    [product_id] => 75
                                    [option_id] => 13
                                    [option_value_id] => 50
                                    [quantity] => 97
                                    [subtract] => 1
                                    [price] => 0.0000
                                    [price_prefix] => 
                                    [points] => 0
                                    [points_prefix] => +
                                    [weight] => 0.00000000
                                    [weight_prefix] => +
                                    [sku] => M5007.L
                                )

                        )

                )

        )

    [totals] => Array
        (
            [0] => Array
                (
                    [order_total_id] => 510
                    [order_id] => 155
                    [code] => sub_total
                    [title] => Među suma
                    [value] => 256.0000
                    [sort_order] => 1
                )

            [1] => Array
                (
                    [order_total_id] => 511
                    [order_id] => 155
                    [code] => shipping
                    [title] => Dostava Intereuropa Hrvatska - Besplatna dostava za narudžbe iznad 350kn
                    [value] => 35.0000
                    [sort_order] => 3
                )

            [2] => Array
                (
                    [order_total_id] => 512
                    [order_id] => 155
                    [code] => total
                    [title] => Ukupno
                    [value] => 291.0000
                    [sort_order] => 9
                )

        )

    [status] => Array
        (
            [order_status_id] => 1
            [language_id] => 1
            [name] => Pending
        )

)

2020-12-22 12:31:14 - Array
(
    [narudzba] => Array
        (
            [CMS_ID] => KHR155
            [DATUM_VRIJEME] => 22.12.2020 11:47:36
            [NARUCITELJ_CMS_ID] => 1
            [NARUCITELJ_EMAIL] => kulusiclucia@gmail.com
            [NARUCITELJ_IME] => Lucia
            [NARUCITELJ_PREZIME] => Kulusic
            [NARUCITELJ_ADRESA] => Prokljanska 20
            [NARUCITELJ_MJESTO] => Šibenik
            [NARUCITELJ_POSTA] => 22000
            [NARUCITELJ_TELEFON] => +385913022049
            [NARUCITELJ_NAZIV] => 
            [NARUCITELJ_OIB] => 
            [NARUCITELJ_VAT] => 
            [NARUCITELJ_ZEMLJA] => HRV
            [DOSTAVA_IME_PREZIME] => Lucia Kulusic
            [DOSTAVA_ADRESA] => Prokljanska 20
            [DOSTAVA_MJESTO] => Šibenik
            [DOSTAVA_POSTA] => 22000
            [NAPOMENA] => 
            [VALUTA] => 191
            [IZNOS_UKUPNO] => 291.00
            [TECAJ] => 1
        )

    [stavke] => Array
        (
            [0] => Array
                (
                    [IDROBA] => US00000203
                    [KOLICINA] => 1
                    [CIJENA] => 35
                    [RABAT] => 0
                    [IZNOS] => 35
                )

            [1] => Array
                (
                    [IDROBA] => M5004.L
                    [KOLICINA] => 1
                    [CIJENA] => 140.00
                    [RABAT] => 0
                    [IZNOS] => 140.00
                )

            [2] => Array
                (
                    [IDROBA] => M5007.L
                    [KOLICINA] => 1
                    [CIJENA] => 116.00
                    [RABAT] => 0
                    [IZNOS] => 116.00
                )

        )

)

2020-12-22 12:31:15 - Illuminate\Support\Collection Object
(
    [items:protected] => Array
        (
            [creating] => start
            [ZAPIS] => Array
                (
                    [IDDOK] => NAW
                    [BROJDOK] => 118
                    [STAVAKA] => 3
                    [STAVKA] => 3
                    [KOLICINA_SIFRA] => 0
                    [DATUM] => 2020-12-22 00:00:00
                    [TEXT_GRESKE] => 
                    [KNJIZENO_KARTICA] => 
                    [KNJIZENO_GLKNJIGA] => 
                    [ZAKJUCANI_DN] => NE
                )

        )

)

