2020-12-10 11:57:00 - Array
(
    [order_id] => 88
    [invoice_no] => 0
    [invoice_prefix] => INV-2020-00
    [store_id] => 0
    [store_name] => KOZO UNDERWEAR
    [store_url] => https://www.kozo-underwear.hr/
    [customer_id] => 69
    [customer_group_id] => 1
    [firstname] => Krste
    [lastname] => čveljo
    [email] => krste.cveljo7@gmail.com
    [telephone] => 091 20 50 623
    [fax] => 
    [custom_field] => []
    [payment_firstname] => Krste
    [payment_lastname] => čveljo
    [payment_company] => 
    [payment_address_1] => Molatska 75
    [payment_address_2] => 
    [payment_city] => Zadar
    [payment_postcode] => 23 000
    [payment_country] => Croatia
    [payment_country_id] => 53
    [payment_zone] => Bjelovarsko-bilogorska
    [payment_zone_id] => 847
    [payment_address_format] => 
    [payment_custom_field] => []
    [payment_method] => Plaćanje pouzećem
    [payment_code] => cod
    [shipping_firstname] => Krste
    [shipping_lastname] => čveljo
    [shipping_company] => 
    [shipping_address_1] => Molatska 75
    [shipping_address_2] => 
    [shipping_city] => Zadar
    [shipping_postcode] => 23 000
    [shipping_country] => Croatia
    [shipping_country_id] => 53
    [shipping_zone] => Bjelovarsko-bilogorska
    [shipping_zone_id] => 847
    [shipping_address_format] => 
    [shipping_custom_field] => []
    [shipping_method] => Dostava Intereuropa Hrvatska - Besplatna dostava za narudžbe iznad 350kn
    [shipping_code] => ultimate_shipping.ultimate_shipping_0
    [comment] => 
    [total] => 202.4000
    [order_status_id] => 1
    [affiliate_id] => 0
    [commission] => 0.0000
    [marketing_id] => 0
    [tracking] => 
    [language_id] => 2
    [currency_id] => 4
    [currency_code] => HRK
    [currency_value] => 1.00000000
    [ip] => 93.142.178.237
    [forwarded_ip] => 
    [user_agent] => Mozilla/5.0 (Windows NT 10.0; Win64; x64; rv:83.0) Gecko/20100101 Firefox/83.0
    [accept_language] => hr,hr-HR;q=0.8,en-US;q=0.5,en;q=0.3
    [paid_order] => 0
    [intereuropa] => 1
    [date_added] => 2020-12-09 17:44:27
    [date_modified] => 2020-12-09 17:53:50
    [products] => Array
        (
            [0] => Array
                (
                    [order_product_id] => 231
                    [order_id] => 88
                    [product_id] => 126
                    [name] => MUŠKE GAĆE SLIP CRNE
                    [model] => M7061
                    [quantity] => 2
                    [price] => 65.6000
                    [total] => 131.2000
                    [tax] => 0.0000
                    [reward] => 0
                    [option] => Array
                        (
                            [order_option_id] => 204
                            [order_id] => 88
                            [order_product_id] => 231
                            [product_option_id] => 289
                            [product_option_value_id] => 330
                            [name] => Veličina
                            [value] => L
                            [type] => radio
                            [sku] => M7061.L
                            [option_data] => Array
                                (
                                    [product_option_value_id] => 330
                                    [product_option_id] => 289
                                    [product_id] => 126
                                    [option_id] => 13
                                    [option_value_id] => 50
                                    [quantity] => 98
                                    [subtract] => 1
                                    [price] => 0.0000
                                    [price_prefix] => 
                                    [points] => 0
                                    [points_prefix] => +
                                    [weight] => 0.00000000
                                    [weight_prefix] => +
                                    [sku] => M7061.L
                                )

                        )

                )

            [1] => Array
                (
                    [order_product_id] => 230
                    [order_id] => 88
                    [product_id] => 80
                    [name] => MUŠKE GAĆE SLIP CRNE
                    [model] => M7012
                    [quantity] => 1
                    [price] => 71.2000
                    [total] => 71.2000
                    [tax] => 0.0000
                    [reward] => 0
                    [option] => Array
                        (
                            [order_option_id] => 203
                            [order_id] => 88
                            [order_product_id] => 230
                            [product_option_id] => 243
                            [product_option_value_id] => 96
                            [name] => Veličina
                            [value] => L
                            [type] => radio
                            [sku] => M7012.L
                            [option_data] => Array
                                (
                                    [product_option_value_id] => 96
                                    [product_option_id] => 243
                                    [product_id] => 80
                                    [option_id] => 13
                                    [option_value_id] => 50
                                    [quantity] => 99
                                    [subtract] => 1
                                    [price] => 0.0000
                                    [price_prefix] => 
                                    [points] => 0
                                    [points_prefix] => +
                                    [weight] => 0.00000000
                                    [weight_prefix] => +
                                    [sku] => M7012.L
                                )

                        )

                )

        )

    [totals] => Array
        (
            [0] => Array
                (
                    [order_total_id] => 291
                    [order_id] => 88
                    [code] => sub_total
                    [title] => Među suma
                    [value] => 202.4000
                    [sort_order] => 1
                )

            [1] => Array
                (
                    [order_total_id] => 292
                    [order_id] => 88
                    [code] => shipping
                    [title] => Dostava Intereuropa Hrvatska - Besplatna dostava za narudžbe iznad 350kn
                    [value] => 35.0000
                    [sort_order] => 3
                )

            [2] => Array
                (
                    [order_total_id] => 293
                    [order_id] => 88
                    [code] => coupon
                    [title] => Kupon za popust (INTER35)
                    [value] => -35.0000
                    [sort_order] => 4
                )

            [3] => Array
                (
                    [order_total_id] => 294
                    [order_id] => 88
                    [code] => total
                    [title] => Ukupno
                    [value] => 202.4000
                    [sort_order] => 9
                )

        )

    [status] => Array
        (
            [order_status_id] => 1
            [language_id] => 1
            [name] => Pending
        )

)

2020-12-10 11:57:00 - Array
(
    [narudzba] => Array
        (
            [CMS_ID] => KHR88
            [DATUM_VRIJEME] => 09.12.2020 17:53:50
            [NARUCITELJ_CMS_ID] => 1
            [NARUCITELJ_EMAIL] => krste.cveljo7@gmail.com
            [NARUCITELJ_IME] => Krste
            [NARUCITELJ_PREZIME] => čveljo
            [NARUCITELJ_ADRESA] => Molatska 75
            [NARUCITELJ_MJESTO] => Zadar
            [NARUCITELJ_POSTA] => 23 000
            [NARUCITELJ_TELEFON] => 091 20 50 623
            [NARUCITELJ_NAZIV] => 
            [NARUCITELJ_OIB] => 
            [NARUCITELJ_VAT] => 
            [NARUCITELJ_ZEMLJA] => HRV
            [DOSTAVA_IME_PREZIME] => Krste čveljo
            [DOSTAVA_ADRESA] => Molatska 75
            [DOSTAVA_MJESTO] => Zadar
            [DOSTAVA_POSTA] => 23 000
            [NAPOMENA] => 
            [VALUTA] => 191
            [IZNOS_UKUPNO] => 202.40
            [TECAJ] => 1
        )

    [stavke] => Array
        (
            [0] => Array
                (
                    [IDROBA] => US00000203
                    [KOLICINA] => 1
                    [CIJENA] => 35
                    [RABAT] => 0
                    [IZNOS] => 35
                )

            [1] => Array
                (
                    [IDROBA] => M7061.L
                    [KOLICINA] => 2
                    [CIJENA] => 65.60
                    [RABAT] => 0
                    [IZNOS] => 131.20
                )

            [2] => Array
                (
                    [IDROBA] => M7012.L
                    [KOLICINA] => 1
                    [CIJENA] => 71.20
                    [RABAT] => 0
                    [IZNOS] => 71.20
                )

        )

)

2020-12-10 11:57:01 - Illuminate\Support\Collection Object
(
    [items:protected] => Array
        (
            [creating] => start
            [ZAPIS] => Array
                (
                    [IDDOK] => NAW
                    [BROJDOK] => 64
                    [STAVAKA] => 3
                    [STAVKA] => 3
                    [KOLICINA_SIFRA] => 0
                    [DATUM] => 2020-12-10 00:00:00
                    [TEXT_GRESKE] => 
                    [KNJIZENO_KARTICA] => 
                    [KNJIZENO_GLKNJIGA] => 
                    [ZAKJUCANI_DN] => NE
                )

        )

)

