2020-12-16 12:23:24 - &idfirma=1
2020-12-16 12:23:24 - Array
(
    [narudzba] => Array
        (
            [CMS_ID] => KHR122
            [DATUM_VRIJEME] => 16.12.2020 07:52:05
            [NARUCITELJ_CMS_ID] => 1
            [NARUCITELJ_EMAIL] => darkovlahovic5@gmail.com
            [NARUCITELJ_IME] => Darko
            [NARUCITELJ_PREZIME] => Vlahović
            [NARUCITELJ_ADRESA] => Draga 12
            [NARUCITELJ_MJESTO] => POREČ
            [NARUCITELJ_POSTA] => 52440
            [NARUCITELJ_TELEFON] => 0912521760
            [NARUCITELJ_NAZIV] => 
            [NARUCITELJ_OIB] => 
            [NARUCITELJ_VAT] => 
            [NARUCITELJ_ZEMLJA] => HRV
            [DOSTAVA_IME_PREZIME] => Darko Vlahović
            [DOSTAVA_ADRESA] => Draga 12
            [DOSTAVA_MJESTO] => POREČ
            [DOSTAVA_POSTA] => 52440
            [NAPOMENA] => 
            [VALUTA] => 191
            [IZNOS_UKUPNO] => 393.00
            [TECAJ] => 1
        )

    [stavke] => Array
        (
            [0] => Array
                (
                    [IDROBA] => US00000203
                    [KOLICINA] => 1
                    [CIJENA] => 0
                    [RABAT] => 0
                    [IZNOS] => 0
                )

            [1] => Array
                (
                    [IDROBA] => M7061.XXXL
                    [KOLICINA] => 5
                    [CIJENA] => 78.60
                    [RABAT] => 0
                    [IZNOS] => 393.00
                )

        )

)

2020-12-16 12:23:25 - Array
(
    [creating] => start
    [ZAPIS] => Array
        (
            [IDDOK] => NAW
            [BROJDOK] => 94
            [STAVAKA] => 2
            [STAVKA] => 2
            [KOLICINA_SIFRA] => 0
            [DATUM] => 2020-12-16 00:00:00
            [TEXT_GRESKE] => 
            [KNJIZENO_KARTICA] => 
            [KNJIZENO_GLKNJIGA] => 
            [ZAKJUCANI_DN] => NE
        )

)

