2020-12-14 12:23:16 - Array
(
    [order_id] => 114
    [invoice_no] => 0
    [invoice_prefix] => INV-2020-00
    [store_id] => 0
    [store_name] => KOZO UNDERWEAR
    [store_url] => https://www.kozo-underwear.hr/
    [customer_id] => 90
    [customer_group_id] => 1
    [firstname] => Jasenka
    [lastname] => Maloseja
    [email] => jmaloseja@gmail.com
    [telephone] => 098414658
    [fax] => 
    [custom_field] => 
    [payment_firstname] => Jasenka
    [payment_lastname] => Maloseja
    [payment_company] => 
    [payment_address_1] => Albaharijeva 7
    [payment_address_2] => 
    [payment_city] => Zagreb
    [payment_postcode] => 10000
    [payment_country] => Croatia
    [payment_country_id] => 53
    [payment_zone] => 
    [payment_zone_id] => 0
    [payment_address_format] => 
    [payment_custom_field] => 
    [payment_method] => Plaćanje pouzećem
    [payment_code] => cod
    [shipping_firstname] => Jasenka
    [shipping_lastname] => Maloseja
    [shipping_company] => 
    [shipping_address_1] => Albaharijeva 7
    [shipping_address_2] => 
    [shipping_city] => Zagreb
    [shipping_postcode] => 10000
    [shipping_country] => Croatia
    [shipping_country_id] => 53
    [shipping_zone] => 
    [shipping_zone_id] => 0
    [shipping_address_format] => 
    [shipping_custom_field] => 
    [shipping_method] => Dostava Intereuropa Hrvatska - Besplatna dostava za narudžbe iznad 350kn
    [shipping_code] => ultimate_shipping.ultimate_shipping_0
    [comment] => 
    [total] => 368.6000
    [order_status_id] => 1
    [affiliate_id] => 0
    [commission] => 0.0000
    [marketing_id] => 0
    [tracking] => 
    [language_id] => 2
    [currency_id] => 4
    [currency_code] => HRK
    [currency_value] => 1.00000000
    [ip] => 188.252.198.232
    [forwarded_ip] => 
    [user_agent] => Mozilla/5.0 (Windows NT 10.0; Win64; x64; rv:83.0) Gecko/20100101 Firefox/83.0
    [accept_language] => en-US,en;q=0.5
    [paid_order] => 0
    [intereuropa] => 1
    [date_added] => 2020-12-14 08:09:36
    [date_modified] => 2020-12-14 08:09:57
    [products] => Array
        (
            [0] => Array
                (
                    [order_product_id] => 319
                    [order_id] => 114
                    [product_id] => 81
                    [name] => MUŠKE BOKSERICE CRNE
                    [model] => M7016
                    [quantity] => 1
                    [price] => 100.0000
                    [total] => 100.0000
                    [tax] => 0.0000
                    [reward] => 0
                    [option] => Array
                        (
                            [order_option_id] => 283
                            [order_id] => 114
                            [order_product_id] => 319
                            [product_option_id] => 244
                            [product_option_value_id] => 104
                            [name] => Veličina
                            [value] => S
                            [type] => radio
                            [sku] => 
                            [option_data] => Array
                                (
                                    [product_option_value_id] => 104
                                    [product_option_id] => 244
                                    [product_id] => 81
                                    [option_id] => 13
                                    [option_value_id] => 52
                                    [quantity] => 99
                                    [subtract] => 1
                                    [price] => 0.0000
                                    [price_prefix] => 
                                    [points] => 0
                                    [points_prefix] => +
                                    [weight] => 0.00000000
                                    [weight_prefix] => +
                                    [sku] => M7016.S
                                )

                        )

                )

            [1] => Array
                (
                    [order_product_id] => 320
                    [order_id] => 114
                    [product_id] => 81
                    [name] => MUŠKE BOKSERICE CRNE
                    [model] => M7016
                    [quantity] => 1
                    [price] => 100.0000
                    [total] => 100.0000
                    [tax] => 0.0000
                    [reward] => 0
                    [option] => Array
                        (
                            [order_option_id] => 284
                            [order_id] => 114
                            [order_product_id] => 320
                            [product_option_id] => 244
                            [product_option_value_id] => 102
                            [name] => Veličina
                            [value] => L
                            [type] => radio
                            [sku] => 
                            [option_data] => Array
                                (
                                    [product_option_value_id] => 102
                                    [product_option_id] => 244
                                    [product_id] => 81
                                    [option_id] => 13
                                    [option_value_id] => 50
                                    [quantity] => 99
                                    [subtract] => 1
                                    [price] => 0.0000
                                    [price_prefix] => 
                                    [points] => 0
                                    [points_prefix] => +
                                    [weight] => 0.00000000
                                    [weight_prefix] => +
                                    [sku] => M7016.L
                                )

                        )

                )

            [2] => Array
                (
                    [order_product_id] => 321
                    [order_id] => 114
                    [product_id] => 83
                    [name] => MUŠKE SLIP GAĆE CRNE
                    [model] => M7015
                    [quantity] => 1
                    [price] => 68.0000
                    [total] => 68.0000
                    [tax] => 0.0000
                    [reward] => 0
                    [option] => Array
                        (
                            [order_option_id] => 285
                            [order_id] => 114
                            [order_product_id] => 321
                            [product_option_id] => 246
                            [product_option_value_id] => 113
                            [name] => Veličina
                            [value] => L
                            [type] => radio
                            [sku] => 
                            [option_data] => Array
                                (
                                    [product_option_value_id] => 113
                                    [product_option_id] => 246
                                    [product_id] => 83
                                    [option_id] => 13
                                    [option_value_id] => 50
                                    [quantity] => 99
                                    [subtract] => 1
                                    [price] => 0.0000
                                    [price_prefix] => 
                                    [points] => 0
                                    [points_prefix] => +
                                    [weight] => 0.00000000
                                    [weight_prefix] => +
                                    [sku] => M7015.L
                                )

                        )

                )

            [3] => Array
                (
                    [order_product_id] => 322
                    [order_id] => 114
                    [product_id] => 126
                    [name] => MUŠKE GAĆE SLIP CRNE
                    [model] => M7061
                    [quantity] => 1
                    [price] => 65.6000
                    [total] => 65.6000
                    [tax] => 0.0000
                    [reward] => 0
                    [option] => Array
                        (
                            [order_option_id] => 286
                            [order_id] => 114
                            [order_product_id] => 322
                            [product_option_id] => 289
                            [product_option_value_id] => 330
                            [name] => Veličina
                            [value] => L
                            [type] => radio
                            [sku] => 
                            [option_data] => Array
                                (
                                    [product_option_value_id] => 330
                                    [product_option_id] => 289
                                    [product_id] => 126
                                    [option_id] => 13
                                    [option_value_id] => 50
                                    [quantity] => 97
                                    [subtract] => 1
                                    [price] => 0.0000
                                    [price_prefix] => 
                                    [points] => 0
                                    [points_prefix] => +
                                    [weight] => 0.00000000
                                    [weight_prefix] => +
                                    [sku] => M7061.L
                                )

                        )

                )

        )

    [totals] => Array
        (
            [0] => Array
                (
                    [order_total_id] => 383
                    [order_id] => 114
                    [code] => sub_total
                    [title] => Među suma
                    [value] => 333.6000
                    [sort_order] => 1
                )

            [1] => Array
                (
                    [order_total_id] => 384
                    [order_id] => 114
                    [code] => shipping
                    [title] => Dostava Intereuropa Hrvatska - Besplatna dostava za narudžbe iznad 350kn
                    [value] => 35.0000
                    [sort_order] => 3
                )

            [2] => Array
                (
                    [order_total_id] => 385
                    [order_id] => 114
                    [code] => total
                    [title] => Ukupno
                    [value] => 368.6000
                    [sort_order] => 9
                )

        )

    [status] => Array
        (
            [order_status_id] => 1
            [language_id] => 1
            [name] => Pending
        )

)

2020-12-14 12:23:16 - Array
(
    [narudzba] => Array
        (
            [CMS_ID] => KHR114
            [DATUM_VRIJEME] => 14.12.2020 08:09:57
            [NARUCITELJ_CMS_ID] => 1
            [NARUCITELJ_EMAIL] => jmaloseja@gmail.com
            [NARUCITELJ_IME] => Jasenka
            [NARUCITELJ_PREZIME] => Maloseja
            [NARUCITELJ_ADRESA] => Albaharijeva 7
            [NARUCITELJ_MJESTO] => Zagreb
            [NARUCITELJ_POSTA] => 10000
            [NARUCITELJ_TELEFON] => 098414658
            [NARUCITELJ_NAZIV] => 
            [NARUCITELJ_OIB] => 
            [NARUCITELJ_VAT] => 
            [NARUCITELJ_ZEMLJA] => HRV
            [DOSTAVA_IME_PREZIME] => Jasenka Maloseja
            [DOSTAVA_ADRESA] => Albaharijeva 7
            [DOSTAVA_MJESTO] => Zagreb
            [DOSTAVA_POSTA] => 10000
            [NAPOMENA] => 
            [VALUTA] => 191
            [IZNOS_UKUPNO] => 368.60
            [TECAJ] => 1
        )

    [stavke] => Array
        (
            [0] => Array
                (
                    [IDROBA] => US00000203
                    [KOLICINA] => 1
                    [CIJENA] => 35
                    [RABAT] => 0
                    [IZNOS] => 35
                )

            [1] => Array
                (
                    [IDROBA] => M7016.S
                    [KOLICINA] => 1
                    [CIJENA] => 100.00
                    [RABAT] => 0
                    [IZNOS] => 100.00
                )

            [2] => Array
                (
                    [IDROBA] => M7016.L
                    [KOLICINA] => 1
                    [CIJENA] => 100.00
                    [RABAT] => 0
                    [IZNOS] => 100.00
                )

            [3] => Array
                (
                    [IDROBA] => M7015.L
                    [KOLICINA] => 1
                    [CIJENA] => 68.00
                    [RABAT] => 0
                    [IZNOS] => 68.00
                )

            [4] => Array
                (
                    [IDROBA] => M7061.L
                    [KOLICINA] => 1
                    [CIJENA] => 65.60
                    [RABAT] => 0
                    [IZNOS] => 65.60
                )

        )

)

2020-12-14 12:23:17 - Illuminate\Support\Collection Object
(
    [items:protected] => Array
        (
            [creating] => start
            [ZAPIS] => Array
                (
                    [IDDOK] => NAW
                    [BROJDOK] => 90
                    [STAVAKA] => 5
                    [STAVKA] => 5
                    [KOLICINA_SIFRA] => 0
                    [DATUM] => 2020-12-14 00:00:00
                    [TEXT_GRESKE] => 
                    [KNJIZENO_KARTICA] => 
                    [KNJIZENO_GLKNJIGA] => 
                    [ZAKJUCANI_DN] => NE
                )

        )

)

