2020-12-08 11:51:31 - Array
(
    [order_id] => 76
    [invoice_no] => 0
    [invoice_prefix] => INV-2020-00
    [store_id] => 0
    [store_name] => KOZO UNDERWEAR
    [store_url] => https://www.kozo-underwear.hr/
    [customer_id] => 57
    [customer_group_id] => 1
    [firstname] => Mate 
    [lastname] => Cetina 
    [email] => mato.1974cetina@gmail.com
    [telephone] => 0951962004 
    [fax] => 
    [custom_field] => 
    [payment_firstname] => Mate 
    [payment_lastname] => Cetina 
    [payment_company] => 
    [payment_address_1] => Ivice lovinčića 25 
    [payment_address_2] => 
    [payment_city] => Sesvete
    [payment_postcode] => 10360
    [payment_country] => Croatia
    [payment_country_id] => 53
    [payment_zone] => Bjelovarsko-bilogorska
    [payment_zone_id] => 847
    [payment_address_format] => 
    [payment_custom_field] => 
    [payment_method] => Plaćanje pouzećem
    [payment_code] => cod
    [shipping_firstname] => Mate 
    [shipping_lastname] => Cetina 
    [shipping_company] => 
    [shipping_address_1] => Ivice lovinčića 25 
    [shipping_address_2] => 
    [shipping_city] => Sesvete
    [shipping_postcode] => 10360
    [shipping_country] => Croatia
    [shipping_country_id] => 53
    [shipping_zone] => Bjelovarsko-bilogorska
    [shipping_zone_id] => 847
    [shipping_address_format] => 
    [shipping_custom_field] => 
    [shipping_method] => Dostava Intereuropa Hrvatska - Besplatna dostava za narudžbe iznad 350kn
    [shipping_code] => ultimate_shipping.ultimate_shipping_0
    [comment] => 
    [total] => 335.0000
    [order_status_id] => 1
    [affiliate_id] => 0
    [commission] => 0.0000
    [marketing_id] => 0
    [tracking] => 
    [language_id] => 2
    [currency_id] => 4
    [currency_code] => HRK
    [currency_value] => 1.00000000
    [ip] => 109.60.106.99
    [forwarded_ip] => 
    [user_agent] => Mozilla/5.0 (Linux; Android 8.0.0; RNE-L21 Build/HUAWEIRNE-L21; wv) AppleWebKit/537.36 (KHTML, like Gecko) Version/4.0 Chrome/86.0.4240.198 Mobile Safari/537.36[FBAN/EMA;FBLC/hr_HR;FBAV/227.0.0.5.115;]
    [accept_language] => hr-HR,hr;q=0.9,en-US;q=0.8,en;q=0.7
    [paid_order] => 0
    [intereuropa] => 1
    [date_added] => 2020-12-08 11:05:59
    [date_modified] => 2020-12-08 11:06:10
    [products] => Array
        (
            [0] => Array
                (
                    [order_product_id] => 188
                    [order_id] => 76
                    [product_id] => 64
                    [name] => MUŠKE BOKSERICE HIPSTER BIJELE
                    [model] => M7002
                    [quantity] => 1
                    [price] => 100.0000
                    [total] => 100.0000
                    [tax] => 0.0000
                    [reward] => 0
                    [option] => Array
                        (
                            [order_option_id] => 167
                            [order_id] => 76
                            [order_product_id] => 188
                            [product_option_id] => 332
                            [product_option_value_id] => 494
                            [name] => Veličina
                            [value] => XL
                            [type] => radio
                            [sku] => 
                            [option_data] => Array
                                (
                                    [product_option_value_id] => 494
                                    [product_option_id] => 332
                                    [product_id] => 64
                                    [option_id] => 13
                                    [option_value_id] => 49
                                    [quantity] => 57
                                    [subtract] => 1
                                    [price] => 0.0000
                                    [price_prefix] => 
                                    [points] => 0
                                    [points_prefix] => +
                                    [weight] => 0.00000000
                                    [weight_prefix] => +
                                    [sku] => M7002.XL
                                )

                        )

                )

            [1] => Array
                (
                    [order_product_id] => 189
                    [order_id] => 76
                    [product_id] => 82
                    [name] => MUŠKE BOKSERICE HIPSTER CRNE
                    [model] => M7013
                    [quantity] => 1
                    [price] => 100.0000
                    [total] => 100.0000
                    [tax] => 0.0000
                    [reward] => 0
                    [option] => Array
                        (
                            [order_option_id] => 168
                            [order_id] => 76
                            [order_product_id] => 189
                            [product_option_id] => 245
                            [product_option_value_id] => 111
                            [name] => Veličina
                            [value] => XL
                            [type] => radio
                            [sku] => 
                            [option_data] => Array
                                (
                                    [product_option_value_id] => 111
                                    [product_option_id] => 245
                                    [product_id] => 82
                                    [option_id] => 13
                                    [option_value_id] => 49
                                    [quantity] => 55
                                    [subtract] => 1
                                    [price] => 0.0000
                                    [price_prefix] => 
                                    [points] => 0
                                    [points_prefix] => +
                                    [weight] => 0.00000000
                                    [weight_prefix] => +
                                    [sku] => M7013.XL
                                )

                        )

                )

            [2] => Array
                (
                    [order_product_id] => 190
                    [order_id] => 76
                    [product_id] => 96
                    [name] => MUŠKE BOKSERICE HIPSTER TAMNO PLAVE
                    [model] => M7028
                    [quantity] => 1
                    [price] => 100.0000
                    [total] => 100.0000
                    [tax] => 0.0000
                    [reward] => 0
                    [option] => Array
                        (
                            [order_option_id] => 169
                            [order_id] => 76
                            [order_product_id] => 190
                            [product_option_id] => 259
                            [product_option_value_id] => 185
                            [name] => Veličina
                            [value] => XL
                            [type] => radio
                            [sku] => 
                            [option_data] => Array
                                (
                                    [product_option_value_id] => 185
                                    [product_option_id] => 259
                                    [product_id] => 96
                                    [option_id] => 13
                                    [option_value_id] => 49
                                    [quantity] => 17
                                    [subtract] => 1
                                    [price] => 0.0000
                                    [price_prefix] => 
                                    [points] => 0
                                    [points_prefix] => +
                                    [weight] => 0.00000000
                                    [weight_prefix] => +
                                    [sku] => M7028.XL
                                )

                        )

                )

        )

    [totals] => Array
        (
            [0] => Array
                (
                    [order_total_id] => 249
                    [order_id] => 76
                    [code] => sub_total
                    [title] => Među suma
                    [value] => 300.0000
                    [sort_order] => 1
                )

            [1] => Array
                (
                    [order_total_id] => 250
                    [order_id] => 76
                    [code] => shipping
                    [title] => Dostava Intereuropa Hrvatska - Besplatna dostava za narudžbe iznad 350kn
                    [value] => 35.0000
                    [sort_order] => 3
                )

            [2] => Array
                (
                    [order_total_id] => 251
                    [order_id] => 76
                    [code] => total
                    [title] => Ukupno
                    [value] => 335.0000
                    [sort_order] => 9
                )

        )

    [status] => Array
        (
            [order_status_id] => 1
            [language_id] => 1
            [name] => Pending
        )

)

2020-12-08 11:51:31 - Array
(
    [narudzba] => Array
        (
            [CMS_ID] => KHR76
            [DATUM_VRIJEME] => 08.12.2020 11:06:10
            [NARUCITELJ_CMS_ID] => 1
            [NARUCITELJ_EMAIL] => mato.1974cetina@gmail.com
            [NARUCITELJ_IME] => Mate 
            [NARUCITELJ_PREZIME] => Cetina 
            [NARUCITELJ_ADRESA] => Ivice lovinčića 25 
            [NARUCITELJ_MJESTO] => Sesvete
            [NARUCITELJ_POSTA] => 10360
            [NARUCITELJ_TELEFON] => 0951962004 
            [NARUCITELJ_NAZIV] => 
            [NARUCITELJ_OIB] => 
            [NARUCITELJ_VAT] => 
            [NARUCITELJ_ZEMLJA] => HRV
            [DOSTAVA_IME_PREZIME] => Mate  Cetina 
            [DOSTAVA_ADRESA] => Ivice lovinčića 25 
            [DOSTAVA_MJESTO] => Sesvete
            [DOSTAVA_POSTA] => 10360
            [NAPOMENA] => 
            [VALUTA] => 191
            [IZNOS_UKUPNO] => 335.00
            [TECAJ] => 1
        )

    [stavke] => Array
        (
            [0] => Array
                (
                    [IDROBA] => US00000203
                    [KOLICINA] => 1
                    [CIJENA] => 35
                    [RABAT] => 0
                    [IZNOS] => 35
                )

            [1] => Array
                (
                    [IDROBA] => M7002.XL
                    [KOLICINA] => 1
                    [CIJENA] => 100.00
                    [RABAT] => 0
                    [IZNOS] => 100.00
                )

            [2] => Array
                (
                    [IDROBA] => M7013.XL
                    [KOLICINA] => 1
                    [CIJENA] => 100.00
                    [RABAT] => 0
                    [IZNOS] => 100.00
                )

            [3] => Array
                (
                    [IDROBA] => M7028.XL
                    [KOLICINA] => 1
                    [CIJENA] => 100.00
                    [RABAT] => 0
                    [IZNOS] => 100.00
                )

        )

)

2020-12-08 11:51:32 - Illuminate\Support\Collection Object
(
    [items:protected] => Array
        (
            [creating] => start
            [ZAPIS] => Array
                (
                    [IDDOK] => NAW
                    [BROJDOK] => 56
                    [STAVAKA] => 4
                    [STAVKA] => 4
                    [KOLICINA_SIFRA] => 0
                    [DATUM] => 2020-12-08 00:00:00
                    [TEXT_GRESKE] => 
                    [KNJIZENO_KARTICA] => 
                    [KNJIZENO_GLKNJIGA] => 
                    [ZAKJUCANI_DN] => NE
                )

        )

)

