2020-12-28 12:55:29 - &idfirma=1
2020-12-28 12:55:29 - Array
(
    [narudzba] => Array
        (
            [CMS_ID] => KHR165
            [DATUM_VRIJEME] => 28.12.2020 09:31:53
            [NARUCITELJ_CMS_ID] => 1
            [NARUCITELJ_EMAIL] => neva.slani@gmail.com
            [NARUCITELJ_IME] => Neva
            [NARUCITELJ_PREZIME] => Slani
            [NARUCITELJ_ADRESA] => M. Tita 210
            [NARUCITELJ_MJESTO] => Opatija
            [NARUCITELJ_POSTA] => 51410
            [NARUCITELJ_TELEFON] => 098 425 050
            [NARUCITELJ_NAZIV] => 
            [NARUCITELJ_OIB] => 
            [NARUCITELJ_VAT] => 
            [NARUCITELJ_ZEMLJA] => HRV
            [DOSTAVA_IME_PREZIME] => Neva Slani
            [DOSTAVA_ADRESA] => M. Tita 210
            [DOSTAVA_MJESTO] => Opatija
            [DOSTAVA_POSTA] => 51410
            [NAPOMENA] => 
            [VALUTA] => 191
            [IZNOS_UKUPNO] => 368.00
            [TECAJ] => 1
        )

    [stavke] => Array
        (
            [0] => Array
                (
                    [IDROBA] => US00000203
                    [KOLICINA] => 1
                    [CIJENA] => 0
                    [RABAT] => 0
                    [IZNOS] => 0
                )

            [1] => Array
                (
                    [IDROBA] => M5006.L
                    [KOLICINA] => 1
                    [CIJENA] => 148.00
                    [RABAT] => 0
                    [IZNOS] => 148.00
                )

            [2] => Array
                (
                    [IDROBA] => M5007.L
                    [KOLICINA] => 1
                    [CIJENA] => 116.00
                    [RABAT] => 0
                    [IZNOS] => 116.00
                )

            [3] => Array
                (
                    [IDROBA] => M7069.L
                    [KOLICINA] => 1
                    [CIJENA] => 104.00
                    [RABAT] => 0
                    [IZNOS] => 104.00
                )

        )

)

2020-12-28 12:55:30 - Array
(
    [creating] => start
    [ZAPIS] => Array
        (
            [IDDOK] => NAW
            [BROJDOK] => 127
            [STAVAKA] => 4
            [STAVKA] => 4
            [KOLICINA_SIFRA] => 0
            [DATUM] => 2020-12-28 00:00:00
            [TEXT_GRESKE] => 
            [KNJIZENO_KARTICA] => 
            [KNJIZENO_GLKNJIGA] => 
            [ZAKJUCANI_DN] => NE
        )

)

