2020-12-10 11:57:29 - Array
(
    [order_id] => 87
    [invoice_no] => 0
    [invoice_prefix] => INV-2020-00
    [store_id] => 0
    [store_name] => KOZO UNDERWEAR
    [store_url] => https://www.kozo-underwear.hr/
    [customer_id] => 67
    [customer_group_id] => 1
    [firstname] => Milka Matijević 
    [lastname] => Matijević 
    [email] => apartmanimilka@gmaiil.com
    [telephone] => 0919038931 
    [fax] => 
    [custom_field] => 
    [payment_firstname] => Milka Matijević 
    [payment_lastname] => Matijević 
    [payment_company] => 
    [payment_address_1] => Ivana Buzolića 5
    [payment_address_2] => 
    [payment_city] => Hvar 
    [payment_postcode] => 21450 
    [payment_country] => Croatia
    [payment_country_id] => 53
    [payment_zone] => Bjelovarsko-bilogorska
    [payment_zone_id] => 847
    [payment_address_format] => 
    [payment_custom_field] => 
    [payment_method] => Plaćanje pouzećem
    [payment_code] => cod
    [shipping_firstname] => Milka Matijević 
    [shipping_lastname] => Matijević 
    [shipping_company] => 
    [shipping_address_1] => Ivana Buzolića 5
    [shipping_address_2] => 
    [shipping_city] => Hvar 
    [shipping_postcode] => 21450 
    [shipping_country] => Croatia
    [shipping_country_id] => 53
    [shipping_zone] => Bjelovarsko-bilogorska
    [shipping_zone_id] => 847
    [shipping_address_format] => 
    [shipping_custom_field] => 
    [shipping_method] => Besplatna dostava Intereuropa Hrvatska
    [shipping_code] => ultimate_shipping.ultimate_shipping_0
    [comment] => 
    [total] => 698.0000
    [order_status_id] => 1
    [affiliate_id] => 0
    [commission] => 0.0000
    [marketing_id] => 0
    [tracking] => 
    [language_id] => 2
    [currency_id] => 4
    [currency_code] => HRK
    [currency_value] => 1.00000000
    [ip] => 78.0.178.142
    [forwarded_ip] => 
    [user_agent] => Mozilla/5.0 (Linux; Android 10; SNE-LX1) AppleWebKit/537.36 (KHTML, like Gecko) Chrome/86.0.4240.198 Mobile Safari/537.36
    [accept_language] => hr-HR,hr;q=0.9,en-US;q=0.8,en;q=0.7,bs;q=0.6
    [paid_order] => 0
    [intereuropa] => 1
    [date_added] => 2020-12-09 14:40:59
    [date_modified] => 2020-12-09 14:41:26
    [products] => Array
        (
            [0] => Array
                (
                    [order_product_id] => 221
                    [order_id] => 87
                    [product_id] => 75
                    [name] => MUŠKA PIDŽAMA DONJI DIO
                    [model] => M5007
                    [quantity] => 1
                    [price] => 116.0000
                    [total] => 116.0000
                    [tax] => 0.0000
                    [reward] => 0
                    [option] => Array
                        (
                            [order_option_id] => 197
                            [order_id] => 87
                            [order_product_id] => 221
                            [product_option_id] => 238
                            [product_option_value_id] => 68
                            [name] => Veličina
                            [value] => L
                            [type] => radio
                            [sku] => 
                            [option_data] => Array
                                (
                                    [product_option_value_id] => 68
                                    [product_option_id] => 238
                                    [product_id] => 75
                                    [option_id] => 13
                                    [option_value_id] => 50
                                    [quantity] => 98
                                    [subtract] => 1
                                    [price] => 0.0000
                                    [price_prefix] => 
                                    [points] => 0
                                    [points_prefix] => +
                                    [weight] => 0.00000000
                                    [weight_prefix] => +
                                    [sku] => M5007.L
                                )

                        )

                )

            [1] => Array
                (
                    [order_product_id] => 222
                    [order_id] => 87
                    [product_id] => 75
                    [name] => MUŠKA PIDŽAMA DONJI DIO
                    [model] => M5007
                    [quantity] => 1
                    [price] => 116.0000
                    [total] => 116.0000
                    [tax] => 0.0000
                    [reward] => 0
                    [option] => Array
                        (
                            [order_option_id] => 198
                            [order_id] => 87
                            [order_product_id] => 222
                            [product_option_id] => 238
                            [product_option_value_id] => 71
                            [name] => Veličina
                            [value] => XL
                            [type] => radio
                            [sku] => 
                            [option_data] => Array
                                (
                                    [product_option_value_id] => 71
                                    [product_option_id] => 238
                                    [product_id] => 75
                                    [option_id] => 13
                                    [option_value_id] => 49
                                    [quantity] => 99
                                    [subtract] => 1
                                    [price] => 0.0000
                                    [price_prefix] => 
                                    [points] => 0
                                    [points_prefix] => +
                                    [weight] => 0.00000000
                                    [weight_prefix] => +
                                    [sku] => M5007.XL
                                )

                        )

                )

            [2] => Array
                (
                    [order_product_id] => 223
                    [order_id] => 87
                    [product_id] => 151
                    [name] => MUŠKE BOKSERICE HIPSTER PRINT HOHOHO
                    [model] => M7084
                    [quantity] => 1
                    [price] => 100.0000
                    [total] => 100.0000
                    [tax] => 0.0000
                    [reward] => 0
                    [option] => Array
                        (
                            [order_option_id] => 199
                            [order_id] => 87
                            [order_product_id] => 223
                            [product_option_id] => 314
                            [product_option_value_id] => 462
                            [name] => Veličina
                            [value] => L
                            [type] => radio
                            [sku] => 
                            [option_data] => Array
                                (
                                    [product_option_value_id] => 462
                                    [product_option_id] => 314
                                    [product_id] => 151
                                    [option_id] => 13
                                    [option_value_id] => 50
                                    [quantity] => 98
                                    [subtract] => 1
                                    [price] => 0.0000
                                    [price_prefix] => 
                                    [points] => 0
                                    [points_prefix] => +
                                    [weight] => 0.00000000
                                    [weight_prefix] => +
                                    [sku] => M7084.L
                                )

                        )

                )

            [3] => Array
                (
                    [order_product_id] => 224
                    [order_id] => 87
                    [product_id] => 167
                    [name] => WEB MASKA ZA LICE
                    [model] => P8013
                    [quantity] => 1
                    [price] => 51.0000
                    [total] => 51.0000
                    [tax] => 0.0000
                    [reward] => 0
                    [option] => 
                )

            [4] => Array
                (
                    [order_product_id] => 225
                    [order_id] => 87
                    [product_id] => 168
                    [name] => GEOMETRIC MASKA ZA LICE
                    [model] => P8011
                    [quantity] => 1
                    [price] => 51.0000
                    [total] => 51.0000
                    [tax] => 0.0000
                    [reward] => 0
                    [option] => 
                )

            [5] => Array
                (
                    [order_product_id] => 226
                    [order_id] => 87
                    [product_id] => 169
                    [name] => SQUARES MASKA ZA LICE
                    [model] => P8012
                    [quantity] => 1
                    [price] => 51.0000
                    [total] => 51.0000
                    [tax] => 0.0000
                    [reward] => 0
                    [option] => 
                )

            [6] => Array
                (
                    [order_product_id] => 227
                    [order_id] => 87
                    [product_id] => 180
                    [name] => M5010 MUŠKA PIDŽAMA
                    [model] => M5010
                    [quantity] => 1
                    [price] => 264.0000
                    [total] => 264.0000
                    [tax] => 0.0000
                    [reward] => 0
                    [option] => Array
                        (
                            [order_option_id] => 200
                            [order_id] => 87
                            [order_product_id] => 227
                            [product_option_id] => 344
                            [product_option_value_id] => 575
                            [name] => Veličina
                            [value] => XL
                            [type] => radio
                            [sku] => 
                            [option_data] => Array
                                (
                                    [product_option_value_id] => 575
                                    [product_option_id] => 344
                                    [product_id] => 180
                                    [option_id] => 13
                                    [option_value_id] => 49
                                    [quantity] => 99
                                    [subtract] => 1
                                    [price] => 0.0000
                                    [price_prefix] => 
                                    [points] => 0
                                    [points_prefix] => +
                                    [weight] => 0.00000000
                                    [weight_prefix] => +
                                    [sku] => M5010.XL
                                )

                        )

                )

        )

    [totals] => Array
        (
            [0] => Array
                (
                    [order_total_id] => 284
                    [order_id] => 87
                    [code] => sub_total
                    [title] => Među suma
                    [value] => 749.0000
                    [sort_order] => 1
                )

            [1] => Array
                (
                    [order_total_id] => 285
                    [order_id] => 87
                    [code] => tieredgiftstotal
                    [title] => Besplatni poklon - WEB MASKA ZA LICE
                    [value] => -51.0000
                    [sort_order] => 2
                )

            [2] => Array
                (
                    [order_total_id] => 286
                    [order_id] => 87
                    [code] => shipping
                    [title] => Besplatna dostava Intereuropa Hrvatska
                    [value] => 0.0000
                    [sort_order] => 3
                )

            [3] => Array
                (
                    [order_total_id] => 287
                    [order_id] => 87
                    [code] => total
                    [title] => Ukupno
                    [value] => 698.0000
                    [sort_order] => 9
                )

        )

    [status] => Array
        (
            [order_status_id] => 1
            [language_id] => 1
            [name] => Pending
        )

)

2020-12-10 11:57:29 - Array
(
    [narudzba] => Array
        (
            [CMS_ID] => KHR87
            [DATUM_VRIJEME] => 09.12.2020 14:41:26
            [NARUCITELJ_CMS_ID] => 1
            [NARUCITELJ_EMAIL] => apartmanimilka@gmaiil.com
            [NARUCITELJ_IME] => Milka Matijević 
            [NARUCITELJ_PREZIME] => Matijević 
            [NARUCITELJ_ADRESA] => Ivana Buzolića 5
            [NARUCITELJ_MJESTO] => Hvar 
            [NARUCITELJ_POSTA] => 21450 
            [NARUCITELJ_TELEFON] => 0919038931 
            [NARUCITELJ_NAZIV] => 
            [NARUCITELJ_OIB] => 
            [NARUCITELJ_VAT] => 
            [NARUCITELJ_ZEMLJA] => HRV
            [DOSTAVA_IME_PREZIME] => Milka Matijević  Matijević 
            [DOSTAVA_ADRESA] => Ivana Buzolića 5
            [DOSTAVA_MJESTO] => Hvar 
            [DOSTAVA_POSTA] => 21450 
            [NAPOMENA] => 
            [VALUTA] => 191
            [IZNOS_UKUPNO] => 698.00
            [TECAJ] => 1
        )

    [stavke] => Array
        (
            [0] => Array
                (
                    [IDROBA] => US00000203
                    [KOLICINA] => 1
                    [CIJENA] => 0
                    [RABAT] => 0
                    [IZNOS] => 0
                )

            [1] => Array
                (
                    [IDROBA] => M5007.L
                    [KOLICINA] => 1
                    [CIJENA] => 116.00
                    [RABAT] => 0
                    [IZNOS] => 116.00
                )

            [2] => Array
                (
                    [IDROBA] => M5007.XL
                    [KOLICINA] => 1
                    [CIJENA] => 116.00
                    [RABAT] => 0
                    [IZNOS] => 116.00
                )

            [3] => Array
                (
                    [IDROBA] => M7084.L
                    [KOLICINA] => 1
                    [CIJENA] => 100.00
                    [RABAT] => 0
                    [IZNOS] => 100.00
                )

            [4] => Array
                (
                    [IDROBA] => P8013
                    [KOLICINA] => 1
                    [CIJENA] => 51.00
                    [RABAT] => 0
                    [IZNOS] => 51.00
                )

            [5] => Array
                (
                    [IDROBA] => P8011
                    [KOLICINA] => 1
                    [CIJENA] => 51.00
                    [RABAT] => 0
                    [IZNOS] => 51.00
                )

            [6] => Array
                (
                    [IDROBA] => P8012
                    [KOLICINA] => 1
                    [CIJENA] => 51.00
                    [RABAT] => 0
                    [IZNOS] => 51.00
                )

            [7] => Array
                (
                    [IDROBA] => M5010.XL
                    [KOLICINA] => 1
                    [CIJENA] => 264.00
                    [RABAT] => 0
                    [IZNOS] => 264.00
                )

        )

)

2020-12-10 11:57:30 - Illuminate\Support\Collection Object
(
    [items:protected] => Array
        (
            [creating] => start
            [ZAPIS] => Array
                (
                    [IDDOK] => NAW
                    [BROJDOK] => 67
                    [STAVAKA] => 8
                    [STAVKA] => 8
                    [KOLICINA_SIFRA] => 0
                    [DATUM] => 2020-12-10 00:00:00
                    [TEXT_GRESKE] => 
                    [KNJIZENO_KARTICA] => 
                    [KNJIZENO_GLKNJIGA] => 
                    [ZAKJUCANI_DN] => NE
                )

        )

)

