2020-12-09 13:39:49 - Array
(
    [order_id] => 78
    [invoice_no] => 0
    [invoice_prefix] => INV-2020-00
    [store_id] => 0
    [store_name] => KOZO UNDERWEAR
    [store_url] => https://www.kozo-underwear.hr/
    [customer_id] => 59
    [customer_group_id] => 1
    [firstname] => Slavija
    [lastname] =>  Čutura
    [email] => slavija.stanic@gmail.com
    [telephone] => 0989723708
    [fax] => 
    [custom_field] => 
    [payment_firstname] => Slavija
    [payment_lastname] =>  Čutura
    [payment_company] => 
    [payment_address_1] => Lazinska 73
    [payment_address_2] => 
    [payment_city] => Zagreb
    [payment_postcode] => 10000
    [payment_country] => Croatia
    [payment_country_id] => 53
    [payment_zone] => 
    [payment_zone_id] => 0
    [payment_address_format] => 
    [payment_custom_field] => 
    [payment_method] => Bankovna transakcija (internet bankarstvo)
    [payment_code] => bank_transfer
    [shipping_firstname] => Slavija
    [shipping_lastname] =>  Čutura
    [shipping_company] => 
    [shipping_address_1] => Lazinska 73
    [shipping_address_2] => 
    [shipping_city] => Zagreb
    [shipping_postcode] => 10000
    [shipping_country] => Croatia
    [shipping_country_id] => 53
    [shipping_zone] => 
    [shipping_zone_id] => 0
    [shipping_address_format] => 
    [shipping_custom_field] => 
    [shipping_method] => Dostava Intereuropa Hrvatska - Besplatna dostava za narudžbe iznad 350kn
    [shipping_code] => ultimate_shipping.ultimate_shipping_0
    [comment] => 
    [total] => 168.6000
    [order_status_id] => 1
    [affiliate_id] => 0
    [commission] => 0.0000
    [marketing_id] => 0
    [tracking] => 
    [language_id] => 2
    [currency_id] => 4
    [currency_code] => HRK
    [currency_value] => 1.00000000
    [ip] => 93.136.63.188
    [forwarded_ip] => 
    [user_agent] => Mozilla/5.0 (Linux; Android 7.0; SM-G925F) AppleWebKit/537.36 (KHTML, like Gecko) Chrome/86.0.4240.185 Mobile Safari/537.36
    [accept_language] => hr-HR,hr;q=0.9,en-US;q=0.8,en;q=0.7,bs;q=0.6
    [paid_order] => 0
    [intereuropa] => 1
    [date_added] => 2020-12-08 13:09:07
    [date_modified] => 2020-12-08 13:09:22
    [products] => Array
        (
            [0] => Array
                (
                    [order_product_id] => 193
                    [order_id] => 78
                    [product_id] => 93
                    [name] => MUŠKE GAĆE SLIP SIVE
                    [model] => M7023
                    [quantity] => 1
                    [price] => 71.2000
                    [total] => 71.2000
                    [tax] => 0.0000
                    [reward] => 0
                    [option] => Array
                        (
                            [order_option_id] => 172
                            [order_id] => 78
                            [order_product_id] => 193
                            [product_option_id] => 256
                            [product_option_value_id] => 168
                            [name] => Veličina
                            [value] => L
                            [type] => radio
                            [sku] => 
                            [option_data] => Array
                                (
                                    [product_option_value_id] => 168
                                    [product_option_id] => 256
                                    [product_id] => 93
                                    [option_id] => 13
                                    [option_value_id] => 50
                                    [quantity] => 100
                                    [subtract] => 1
                                    [price] => 0.0000
                                    [price_prefix] => 
                                    [points] => 0
                                    [points_prefix] => +
                                    [weight] => 0.00000000
                                    [weight_prefix] => +
                                    [sku] => M7023.L
                                )

                        )

                )

            [1] => Array
                (
                    [order_product_id] => 194
                    [order_id] => 78
                    [product_id] => 134
                    [name] => MUŠKE GAĆE SLIP CRNE
                    [model] => M7064
                    [quantity] => 1
                    [price] => 62.4000
                    [total] => 62.4000
                    [tax] => 0.0000
                    [reward] => 0
                    [option] => Array
                        (
                            [order_option_id] => 173
                            [order_id] => 78
                            [order_product_id] => 194
                            [product_option_id] => 297
                            [product_option_value_id] => 377
                            [name] => Veličina
                            [value] => L
                            [type] => radio
                            [sku] => 
                            [option_data] => Array
                                (
                                    [product_option_value_id] => 377
                                    [product_option_id] => 297
                                    [product_id] => 134
                                    [option_id] => 13
                                    [option_value_id] => 50
                                    [quantity] => 100
                                    [subtract] => 1
                                    [price] => 0.0000
                                    [price_prefix] => 
                                    [points] => 0
                                    [points_prefix] => +
                                    [weight] => 0.00000000
                                    [weight_prefix] => +
                                    [sku] => M7064.L
                                )

                        )

                )

        )

    [totals] => Array
        (
            [0] => Array
                (
                    [order_total_id] => 255
                    [order_id] => 78
                    [code] => sub_total
                    [title] => Među suma
                    [value] => 133.6000
                    [sort_order] => 1
                )

            [1] => Array
                (
                    [order_total_id] => 256
                    [order_id] => 78
                    [code] => shipping
                    [title] => Dostava Intereuropa Hrvatska - Besplatna dostava za narudžbe iznad 350kn
                    [value] => 35.0000
                    [sort_order] => 3
                )

            [2] => Array
                (
                    [order_total_id] => 257
                    [order_id] => 78
                    [code] => total
                    [title] => Ukupno
                    [value] => 168.6000
                    [sort_order] => 9
                )

        )

    [status] => Array
        (
            [order_status_id] => 1
            [language_id] => 1
            [name] => Pending
        )

)

2020-12-09 13:39:49 - Array
(
    [narudzba] => Array
        (
            [CMS_ID] => KHR78
            [DATUM_VRIJEME] => 08.12.2020 13:09:22
            [NARUCITELJ_CMS_ID] => 1
            [NARUCITELJ_EMAIL] => slavija.stanic@gmail.com
            [NARUCITELJ_IME] => Slavija
            [NARUCITELJ_PREZIME] =>  Čutura
            [NARUCITELJ_ADRESA] => Lazinska 73
            [NARUCITELJ_MJESTO] => Zagreb
            [NARUCITELJ_POSTA] => 10000
            [NARUCITELJ_TELEFON] => 0989723708
            [NARUCITELJ_NAZIV] => 
            [NARUCITELJ_OIB] => 
            [NARUCITELJ_VAT] => 
            [NARUCITELJ_ZEMLJA] => HRV
            [DOSTAVA_IME_PREZIME] => Slavija  Čutura
            [DOSTAVA_ADRESA] => Lazinska 73
            [DOSTAVA_MJESTO] => Zagreb
            [DOSTAVA_POSTA] => 10000
            [NAPOMENA] => 
            [VALUTA] => 191
            [IZNOS_UKUPNO] => 168.60
            [TECAJ] => 1
        )

    [stavke] => Array
        (
            [0] => Array
                (
                    [IDROBA] => US00000203
                    [KOLICINA] => 1
                    [CIJENA] => 35
                    [RABAT] => 0
                    [IZNOS] => 35
                )

            [1] => Array
                (
                    [IDROBA] => M7023.L
                    [KOLICINA] => 1
                    [CIJENA] => 71.20
                    [RABAT] => 0
                    [IZNOS] => 71.20
                )

            [2] => Array
                (
                    [IDROBA] => M7064.L
                    [KOLICINA] => 1
                    [CIJENA] => 62.40
                    [RABAT] => 0
                    [IZNOS] => 62.40
                )

        )

)

2020-12-09 13:39:50 - Illuminate\Support\Collection Object
(
    [items:protected] => Array
        (
            [creating] => start
            [ZAPIS] => Array
                (
                    [IDDOK] => NAW
                    [BROJDOK] => 61
                    [STAVAKA] => 3
                    [STAVKA] => 3
                    [KOLICINA_SIFRA] => 0
                    [DATUM] => 2020-12-09 00:00:00
                    [TEXT_GRESKE] => 
                    [KNJIZENO_KARTICA] => 
                    [KNJIZENO_GLKNJIGA] => 
                    [ZAKJUCANI_DN] => NE
                )

        )

)

