2020-12-03 12:51:43 - Array
(
    [order_id] => 44
    [invoice_no] => 0
    [invoice_prefix] => INV-2020-00
    [store_id] => 0
    [store_name] => KOZO UNDERWEAR
    [store_url] => https://www.kozo-underwear.hr/
    [customer_id] => 31
    [customer_group_id] => 1
    [firstname] => Martina 
    [lastname] => Trstenjak 
    [email] => martinatrstenjak1@gmail.com
    [telephone] => 0981625767
    [fax] => 
    [custom_field] => 
    [payment_firstname] => Martina 
    [payment_lastname] => Trstenjak 
    [payment_company] => 
    [payment_address_1] => Ivana Mažuranića 11
    [payment_address_2] => 
    [payment_city] => Kotoriba 
    [payment_postcode] => 40329
    [payment_country] => Croatia
    [payment_country_id] => 53
    [payment_zone] => Bjelovarsko-bilogorska
    [payment_zone_id] => 847
    [payment_address_format] => 
    [payment_custom_field] => 
    [payment_method] => Kreditne kartice / Debitne Kartice (CorvusPay)
    [payment_code] => corvuspay
    [shipping_firstname] => Martina 
    [shipping_lastname] => Trstenjak 
    [shipping_company] => 
    [shipping_address_1] => Ivana Mažuranića 11
    [shipping_address_2] => 
    [shipping_city] => Kotoriba 
    [shipping_postcode] => 40329
    [shipping_country] => Croatia
    [shipping_country_id] => 53
    [shipping_zone] => Bjelovarsko-bilogorska
    [shipping_zone_id] => 847
    [shipping_address_format] => 
    [shipping_custom_field] => 
    [shipping_method] => Preuzmi kod nas - Trg republike 3, 40328 Donja Dubrava, Međimurska županija
    [shipping_code] => pickup.pickup
    [comment] => 
    [total] => 1136.8000
    [order_status_id] => 5
    [affiliate_id] => 0
    [commission] => 0.0000
    [marketing_id] => 0
    [tracking] => 
    [language_id] => 2
    [currency_id] => 4
    [currency_code] => HRK
    [currency_value] => 1.00000000
    [ip] => 46.188.131.212
    [forwarded_ip] => 
    [user_agent] => Mozilla/5.0 (Linux; Android 9; MRD-LX1) AppleWebKit/537.36 (KHTML, like Gecko) Chrome/84.0.4147.125 Mobile Safari/537.36
    [accept_language] => hr-HR,hr;q=0.9,en-US;q=0.8,en;q=0.7,de;q=0.6,sr;q=0.5
    [paid_order] => 0
    [intereuropa] => 
    [date_added] => 2020-11-28 08:17:18
    [date_modified] => 2020-11-28 08:25:01
    [products] => Array
        (
            [0] => Array
                (
                    [order_product_id] => 87
                    [order_id] => 44
                    [product_id] => 108
                    [name] => MUŠKE BOKSERICE HIPSTER PRINT GEOMETRIC
                    [model] => M7040
                    [quantity] => 2
                    [price] => 108.0000
                    [total] => 216.0000
                    [tax] => 0.0000
                    [reward] => 0
                    [option] => Array
                        (
                            [order_option_id] => 81
                            [order_id] => 44
                            [order_product_id] => 87
                            [product_option_id] => 271
                            [product_option_value_id] => 240
                            [name] => Veličina
                            [value] => M
                            [type] => radio
                            [sku] => 
                            [option_data] => Array
                                (
                                    [product_option_value_id] => 240
                                    [product_option_id] => 271
                                    [product_id] => 108
                                    [option_id] => 13
                                    [option_value_id] => 51
                                    [quantity] => 98
                                    [subtract] => 1
                                    [price] => 0.0000
                                    [price_prefix] => +
                                    [points] => 0
                                    [points_prefix] => +
                                    [weight] => 0.00000000
                                    [weight_prefix] => +
                                    [sku] => M7040.M
                                )

                        )

                )

            [1] => Array
                (
                    [order_product_id] => 88
                    [order_id] => 44
                    [product_id] => 108
                    [name] => MUŠKE BOKSERICE HIPSTER PRINT GEOMETRIC
                    [model] => M7040
                    [quantity] => 1
                    [price] => 108.0000
                    [total] => 108.0000
                    [tax] => 0.0000
                    [reward] => 0
                    [option] => Array
                        (
                            [order_option_id] => 82
                            [order_id] => 44
                            [order_product_id] => 88
                            [product_option_id] => 271
                            [product_option_value_id] => 241
                            [name] => Veličina
                            [value] => S
                            [type] => radio
                            [sku] => 
                            [option_data] => Array
                                (
                                    [product_option_value_id] => 241
                                    [product_option_id] => 271
                                    [product_id] => 108
                                    [option_id] => 13
                                    [option_value_id] => 52
                                    [quantity] => 99
                                    [subtract] => 1
                                    [price] => 0.0000
                                    [price_prefix] => +
                                    [points] => 0
                                    [points_prefix] => +
                                    [weight] => 0.00000000
                                    [weight_prefix] => +
                                    [sku] => M7040.S
                                )

                        )

                )

            [2] => Array
                (
                    [order_product_id] => 89
                    [order_id] => 44
                    [product_id] => 110
                    [name] => MUŠKE BOKSERICE HIPSTER PRINT WEB
                    [model] => M7043
                    [quantity] => 1
                    [price] => 108.0000
                    [total] => 108.0000
                    [tax] => 0.0000
                    [reward] => 0
                    [option] => Array
                        (
                            [order_option_id] => 83
                            [order_id] => 44
                            [order_product_id] => 89
                            [product_option_id] => 273
                            [product_option_value_id] => 249
                            [name] => Veličina
                            [value] => S
                            [type] => radio
                            [sku] => 
                            [option_data] => Array
                                (
                                    [product_option_value_id] => 249
                                    [product_option_id] => 273
                                    [product_id] => 110
                                    [option_id] => 13
                                    [option_value_id] => 52
                                    [quantity] => 98
                                    [subtract] => 1
                                    [price] => 0.0000
                                    [price_prefix] => +
                                    [points] => 0
                                    [points_prefix] => +
                                    [weight] => 0.00000000
                                    [weight_prefix] => +
                                    [sku] => M7043.S
                                )

                        )

                )

            [3] => Array
                (
                    [order_product_id] => 90
                    [order_id] => 44
                    [product_id] => 111
                    [name] => MUŠKE BOKSERICE HIPSTER PRINT SQUARES
                    [model] => M7046
                    [quantity] => 1
                    [price] => 108.0000
                    [total] => 108.0000
                    [tax] => 0.0000
                    [reward] => 0
                    [option] => Array
                        (
                            [order_option_id] => 84
                            [order_id] => 44
                            [order_product_id] => 90
                            [product_option_id] => 274
                            [product_option_value_id] => 253
                            [name] => Veličina
                            [value] => S
                            [type] => radio
                            [sku] => 
                            [option_data] => Array
                                (
                                    [product_option_value_id] => 253
                                    [product_option_id] => 274
                                    [product_id] => 111
                                    [option_id] => 13
                                    [option_value_id] => 52
                                    [quantity] => 99
                                    [subtract] => 1
                                    [price] => 0.0000
                                    [price_prefix] => +
                                    [points] => 0
                                    [points_prefix] => +
                                    [weight] => 0.00000000
                                    [weight_prefix] => +
                                    [sku] => M7046.S
                                )

                        )

                )

            [4] => Array
                (
                    [order_product_id] => 91
                    [order_id] => 44
                    [product_id] => 117
                    [name] => MUŠKE BOKSERICE HIPSTER PRINT KOKOS
                    [model] => M7049
                    [quantity] => 2
                    [price] => 150.4000
                    [total] => 300.8000
                    [tax] => 0.0000
                    [reward] => 0
                    [option] => Array
                        (
                            [order_option_id] => 85
                            [order_id] => 44
                            [order_product_id] => 91
                            [product_option_id] => 280
                            [product_option_value_id] => 281
                            [name] => Veličina
                            [value] => M
                            [type] => radio
                            [sku] => 
                            [option_data] => Array
                                (
                                    [product_option_value_id] => 281
                                    [product_option_id] => 280
                                    [product_id] => 117
                                    [option_id] => 13
                                    [option_value_id] => 51
                                    [quantity] => 98
                                    [subtract] => 1
                                    [price] => 0.0000
                                    [price_prefix] => +
                                    [points] => 0
                                    [points_prefix] => +
                                    [weight] => 0.00000000
                                    [weight_prefix] => +
                                    [sku] => M7049.M
                                )

                        )

                )

            [5] => Array
                (
                    [order_product_id] => 92
                    [order_id] => 44
                    [product_id] => 168
                    [name] => GEOMETRIC MASKA ZA LICE
                    [model] => P8011
                    [quantity] => 1
                    [price] => 40.8000
                    [total] => 40.8000
                    [tax] => 0.0000
                    [reward] => 0
                    [option] => 
                )

            [6] => Array
                (
                    [order_product_id] => 93
                    [order_id] => 44
                    [product_id] => 183
                    [name] => MUŠKA PIDŽAMA
                    [model] => M5009
                    [quantity] => 1
                    [price] => 296.0000
                    [total] => 296.0000
                    [tax] => 0.0000
                    [reward] => 0
                    [option] => Array
                        (
                            [order_option_id] => 86
                            [order_id] => 44
                            [order_product_id] => 93
                            [product_option_id] => 345
                            [product_option_value_id] => 580
                            [name] => Veličina
                            [value] => S
                            [type] => radio
                            [sku] => 
                            [option_data] => Array
                                (
                                    [product_option_value_id] => 580
                                    [product_option_id] => 345
                                    [product_id] => 183
                                    [option_id] => 13
                                    [option_value_id] => 52
                                    [quantity] => 99
                                    [subtract] => 1
                                    [price] => 0.0000
                                    [price_prefix] => +
                                    [points] => 0
                                    [points_prefix] => +
                                    [weight] => 0.00000000
                                    [weight_prefix] => +
                                    [sku] => M5009.S
                                )

                        )

                )

        )

    [totals] => Array
        (
            [0] => Array
                (
                    [order_total_id] => 139
                    [order_id] => 44
                    [code] => sub_total
                    [title] => Među suma
                    [value] => 1177.6000
                    [sort_order] => 1
                )

            [1] => Array
                (
                    [order_total_id] => 140
                    [order_id] => 44
                    [code] => tieredgiftstotal
                    [title] => Besplatni poklon - GEOMETRIC MASKA ZA LICE
                    [value] => -40.8000
                    [sort_order] => 2
                )

            [2] => Array
                (
                    [order_total_id] => 141
                    [order_id] => 44
                    [code] => shipping
                    [title] => Preuzmi kod nas - Trg republike 3, 40328 Donja Dubrava, Međimurska županija
                    [value] => 0.0000
                    [sort_order] => 3
                )

            [3] => Array
                (
                    [order_total_id] => 142
                    [order_id] => 44
                    [code] => total
                    [title] => Ukupno
                    [value] => 1136.8000
                    [sort_order] => 9
                )

        )

    [status] => Array
        (
            [order_status_id] => 5
            [language_id] => 1
            [name] => Complete
        )

)

2020-12-03 12:51:43 - Array
(
    [narudzba] => Array
        (
            [CMS_ID] => KHR44
            [DATUM_VRIJEME] => 28.11.2020 08:25:01
            [NARUCITELJ_CMS_ID] => 1
            [NARUCITELJ_EMAIL] => martinatrstenjak1@gmail.com
            [NARUCITELJ_IME] => Martina 
            [NARUCITELJ_PREZIME] => Trstenjak 
            [NARUCITELJ_ADRESA] => Ivana Mažuranića 11
            [NARUCITELJ_MJESTO] => Kotoriba 
            [NARUCITELJ_POSTA] => 40329
            [NARUCITELJ_TELEFON] => 0981625767
            [NARUCITELJ_NAZIV] => 
            [NARUCITELJ_OIB] => 
            [NARUCITELJ_VAT] => 
            [NARUCITELJ_ZEMLJA] => HRV
            [DOSTAVA_IME_PREZIME] => Martina  Trstenjak 
            [DOSTAVA_ADRESA] => Ivana Mažuranića 11
            [DOSTAVA_MJESTO] => Kotoriba 
            [DOSTAVA_POSTA] => 40329
            [NAPOMENA] => 
            [VALUTA] => 191
            [IZNOS_UKUPNO] => 1136.80
            [TECAJ] => 1
        )

    [stavke] => Array
        (
            [0] => Array
                (
                    [IDROBA] => US00000203
                    [KOLICINA] => 1
                    [CIJENA] => 0
                    [RABAT] => 0
                    [IZNOS] => 0
                )

            [1] => Array
                (
                    [IDROBA] => M7040.M
                    [KOLICINA] => 2
                    [CIJENA] => 108.00
                    [RABAT] => 0
                    [IZNOS] => 216.00
                )

            [2] => Array
                (
                    [IDROBA] => M7040.S
                    [KOLICINA] => 1
                    [CIJENA] => 108.00
                    [RABAT] => 0
                    [IZNOS] => 108.00
                )

            [3] => Array
                (
                    [IDROBA] => M7043.S
                    [KOLICINA] => 1
                    [CIJENA] => 108.00
                    [RABAT] => 0
                    [IZNOS] => 108.00
                )

            [4] => Array
                (
                    [IDROBA] => M7046.S
                    [KOLICINA] => 1
                    [CIJENA] => 108.00
                    [RABAT] => 0
                    [IZNOS] => 108.00
                )

            [5] => Array
                (
                    [IDROBA] => M7049.M
                    [KOLICINA] => 2
                    [CIJENA] => 150.40
                    [RABAT] => 0
                    [IZNOS] => 300.80
                )

            [6] => Array
                (
                    [IDROBA] => P8011
                    [KOLICINA] => 1
                    [CIJENA] => 40.80
                    [RABAT] => 0
                    [IZNOS] => 40.80
                )

            [7] => Array
                (
                    [IDROBA] => M5009.S
                    [KOLICINA] => 1
                    [CIJENA] => 296.00
                    [RABAT] => 0
                    [IZNOS] => 296.00
                )

        )

)

2020-12-03 12:51:44 - Illuminate\Support\Collection Object
(
    [items:protected] => Array
        (
            [creating] => start
            [ZAPIS] => Array
                (
                    [IDDOK] => NAW
                    [BROJDOK] => 44
                    [STAVAKA] => 8
                    [STAVKA] => 8
                    [KOLICINA_SIFRA] => 0
                    [DATUM] => 2020-12-03 00:00:00
                    [TEXT_GRESKE] => 
                    [KNJIZENO_KARTICA] => 
                    [KNJIZENO_GLKNJIGA] => 
                    [ZAKJUCANI_DN] => NE
                )

        )

)

