2020-12-01 12:43:10 - &idfirma=1
2020-12-01 12:43:10 - Array
(
    [narudzba] => Array
        (
            [CMS_ID] => KHR59
            [DATUM_VRIJEME] => 30.11.2020 22:52:23
            [NARUCITELJ_CMS_ID] => 1
            [NARUCITELJ_EMAIL] => vladimir.bakic@visitdubrovnik.hr
            [NARUCITELJ_IME] => Vladimir
            [NARUCITELJ_PREZIME] => Bakić
            [NARUCITELJ_ADRESA] => RIJECKA 14A
            [NARUCITELJ_MJESTO] => DUBROVNIK
            [NARUCITELJ_POSTA] => 20000
            [NARUCITELJ_TELEFON] => 098243148
            [NARUCITELJ_NAZIV] => 
            [NARUCITELJ_OIB] => 
            [NARUCITELJ_VAT] => 
            [NARUCITELJ_ZEMLJA] => HRV
            [DOSTAVA_IME_PREZIME] => Vladimir Bakić
            [DOSTAVA_ADRESA] => RIJECKA 14A
            [DOSTAVA_MJESTO] => DUBROVNIK
            [DOSTAVA_POSTA] => 20000
            [NAPOMENA] => 
            [VALUTA] => 191
            [IZNOS_UKUPNO] => 596.00
            [TECAJ] => 1
        )

    [stavke] => Array
        (
            [0] => Array
                (
                    [IDROBA] => US00000203
                    [KOLICINA] => 1
                    [CIJENA] => 0
                    [RABAT] => 0
                    [IZNOS] => 0
                )

            [1] => Array
                (
                    [IDROBA] => M7007.L
                    [KOLICINA] => 2
                    [CIJENA] => 100.00
                    [RABAT] => 0
                    [IZNOS] => 200.00
                )

            [2] => Array
                (
                    [IDROBA] => M7002.L
                    [KOLICINA] => 1
                    [CIJENA] => 100.00
                    [RABAT] => 0
                    [IZNOS] => 100.00
                )

            [3] => Array
                (
                    [IDROBA] => P8011
                    [KOLICINA] => 1
                    [CIJENA] => 40.80
                    [RABAT] => 0
                    [IZNOS] => 40.80
                )

            [4] => Array
                (
                    [IDROBA] => M5009.L
                    [KOLICINA] => 1
                    [CIJENA] => 296.00
                    [RABAT] => 0
                    [IZNOS] => 296.00
                )

        )

)

2020-12-01 12:43:11 - Array
(
    [creating] => start
    [ZAPIS] => Array
        (
            [IDDOK] => NAW
            [BROJDOK] => 35
            [STAVAKA] => 5
            [STAVKA] => 5
            [KOLICINA_SIFRA] => 0
            [DATUM] => 2020-12-01 00:00:00
            [TEXT_GRESKE] => 
            [KNJIZENO_KARTICA] => 
            [KNJIZENO_GLKNJIGA] => 
            [ZAKJUCANI_DN] => NE
        )

)

