2020-12-21 12:20:57 - &idfirma=1
2020-12-21 12:20:57 - Array
(
    [narudzba] => Array
        (
            [CMS_ID] => KHR139
            [DATUM_VRIJEME] => 18.12.2020 10:45:16
            [NARUCITELJ_CMS_ID] => 1
            [NARUCITELJ_EMAIL] => vicebudimir@gmail.com
            [NARUCITELJ_IME] => vice
            [NARUCITELJ_PREZIME] => budimir
            [NARUCITELJ_ADRESA] => cosin potok 31b
            [NARUCITELJ_MJESTO] => sinj
            [NARUCITELJ_POSTA] => 21230
            [NARUCITELJ_TELEFON] => 0953334434
            [NARUCITELJ_NAZIV] => 
            [NARUCITELJ_OIB] => 
            [NARUCITELJ_VAT] => 
            [NARUCITELJ_ZEMLJA] => HRV
            [DOSTAVA_IME_PREZIME] => vice budimir
            [DOSTAVA_ADRESA] => cosin potok 31b
            [DOSTAVA_MJESTO] => sinj
            [DOSTAVA_POSTA] => 21230
            [NAPOMENA] => 
            [VALUTA] => 191
            [IZNOS_UKUPNO] => 359.20
            [TECAJ] => 1
        )

    [stavke] => Array
        (
            [0] => Array
                (
                    [IDROBA] => US00000203
                    [KOLICINA] => 1
                    [CIJENA] => 0
                    [RABAT] => 0
                    [IZNOS] => 0
                )

            [1] => Array
                (
                    [IDROBA] => M7001.L
                    [KOLICINA] => 1
                    [CIJENA] => 71.20
                    [RABAT] => 0
                    [IZNOS] => 71.20
                )

            [2] => Array
                (
                    [IDROBA] => M5006.L
                    [KOLICINA] => 1
                    [CIJENA] => 148.00
                    [RABAT] => 0
                    [IZNOS] => 148.00
                )

            [3] => Array
                (
                    [IDROBA] => M5004.L
                    [KOLICINA] => 1
                    [CIJENA] => 140.00
                    [RABAT] => 0
                    [IZNOS] => 140.00
                )

        )

)

2020-12-21 12:20:58 - Array
(
    [creating] => start
    [ZAPIS] => Array
        (
            [IDDOK] => NAW
            [BROJDOK] => 112
            [STAVAKA] => 4
            [STAVKA] => 4
            [KOLICINA_SIFRA] => 0
            [DATUM] => 2020-12-21 00:00:00
            [TEXT_GRESKE] => 
            [KNJIZENO_KARTICA] => 
            [KNJIZENO_GLKNJIGA] => 
            [ZAKJUCANI_DN] => NE
        )

)

