2020-12-10 11:56:48 - &idfirma=1
2020-12-10 11:56:48 - Array
(
    [narudzba] => Array
        (
            [CMS_ID] => KHR86
            [DATUM_VRIJEME] => 09.12.2020 13:40:43
            [NARUCITELJ_CMS_ID] => 1
            [NARUCITELJ_EMAIL] => matija.jerkovic.jerac@gmail.com
            [NARUCITELJ_IME] => Matija
            [NARUCITELJ_PREZIME] => Jerkovic
            [NARUCITELJ_ADRESA] => Ede Murtica 7
            [NARUCITELJ_MJESTO] => Zagreb
            [NARUCITELJ_POSTA] => 10000 
            [NARUCITELJ_TELEFON] => 099 6074742
            [NARUCITELJ_NAZIV] => 
            [NARUCITELJ_OIB] => 
            [NARUCITELJ_VAT] => 
            [NARUCITELJ_ZEMLJA] => HRV
            [DOSTAVA_IME_PREZIME] => Matija Jerkovic
            [DOSTAVA_ADRESA] => Ede Murtica 7
            [DOSTAVA_MJESTO] => Zagreb
            [DOSTAVA_POSTA] => 10000 
            [NAPOMENA] => 
            [VALUTA] => 191
            [IZNOS_UKUPNO] => 1064.00
            [TECAJ] => 1
        )

    [stavke] => Array
        (
            [0] => Array
                (
                    [IDROBA] => US00000203
                    [KOLICINA] => 1
                    [CIJENA] => 0
                    [RABAT] => 0
                    [IZNOS] => 0
                )

            [1] => Array
                (
                    [IDROBA] => M7010.M
                    [KOLICINA] => 3
                    [CIJENA] => 112.00
                    [RABAT] => 0
                    [IZNOS] => 336.00
                )

            [2] => Array
                (
                    [IDROBA] => M7060.M
                    [KOLICINA] => 4
                    [CIJENA] => 104.00
                    [RABAT] => 0
                    [IZNOS] => 416.00
                )

            [3] => Array
                (
                    [IDROBA] => M7070.M
                    [KOLICINA] => 3
                    [CIJENA] => 104.00
                    [RABAT] => 0
                    [IZNOS] => 312.00
                )

            [4] => Array
                (
                    [IDROBA] => P8010
                    [KOLICINA] => 1
                    [CIJENA] => 51.00
                    [RABAT] => 0
                    [IZNOS] => 51.00
                )

        )

)

2020-12-10 11:56:49 - Array
(
    [creating] => start
    [ZAPIS] => Array
        (
            [IDDOK] => NAW
            [BROJDOK] => 63
            [STAVAKA] => 5
            [STAVKA] => 5
            [KOLICINA_SIFRA] => 0
            [DATUM] => 2020-12-10 00:00:00
            [TEXT_GRESKE] => 
            [KNJIZENO_KARTICA] => 
            [KNJIZENO_GLKNJIGA] => 
            [ZAKJUCANI_DN] => NE
        )

)

