2020-12-21 12:20:27 - &idfirma=1
2020-12-21 12:20:27 - Array
(
    [narudzba] => Array
        (
            [CMS_ID] => KHR142
            [DATUM_VRIJEME] => 19.12.2020 16:18:09
            [NARUCITELJ_CMS_ID] => 1
            [NARUCITELJ_EMAIL] => tatakruno@gmail.com
            [NARUCITELJ_IME] => Krunoslav
            [NARUCITELJ_PREZIME] => Vojković
            [NARUCITELJ_ADRESA] => Vrbani 19
            [NARUCITELJ_MJESTO] => Zagreb
            [NARUCITELJ_POSTA] => 10000
            [NARUCITELJ_TELEFON] => 098255466
            [NARUCITELJ_NAZIV] => 
            [NARUCITELJ_OIB] => 
            [NARUCITELJ_VAT] => 
            [NARUCITELJ_ZEMLJA] => HRV
            [DOSTAVA_IME_PREZIME] => Krunoslav Vojković
            [DOSTAVA_ADRESA] => Vrbani 19
            [DOSTAVA_MJESTO] => Zagreb
            [DOSTAVA_POSTA] => 10000
            [NAPOMENA] => 
            [VALUTA] => 191
            [IZNOS_UKUPNO] => 526.40
            [TECAJ] => 1
        )

    [stavke] => Array
        (
            [0] => Array
                (
                    [IDROBA] => US00000203
                    [KOLICINA] => 1
                    [CIJENA] => 0
                    [RABAT] => 0
                    [IZNOS] => 0
                )

            [1] => Array
                (
                    [IDROBA] => M7055.M
                    [KOLICINA] => 1
                    [CIJENA] => 92.00
                    [RABAT] => 0
                    [IZNOS] => 92.00
                )

            [2] => Array
                (
                    [IDROBA] => M7055.L
                    [KOLICINA] => 1
                    [CIJENA] => 92.00
                    [RABAT] => 0
                    [IZNOS] => 92.00
                )

            [3] => Array
                (
                    [IDROBA] => M7054.L
                    [KOLICINA] => 1
                    [CIJENA] => 62.40
                    [RABAT] => 0
                    [IZNOS] => 62.40
                )

            [4] => Array
                (
                    [IDROBA] => M7057.M
                    [KOLICINA] => 1
                    [CIJENA] => 92.00
                    [RABAT] => 0
                    [IZNOS] => 92.00
                )

            [5] => Array
                (
                    [IDROBA] => M7058.L
                    [KOLICINA] => 1
                    [CIJENA] => 96.00
                    [RABAT] => 0
                    [IZNOS] => 96.00
                )

            [6] => Array
                (
                    [IDROBA] => M7065.M
                    [KOLICINA] => 1
                    [CIJENA] => 92.00
                    [RABAT] => 0
                    [IZNOS] => 92.00
                )

            [7] => Array
                (
                    [IDROBA] => P8010
                    [KOLICINA] => 1
                    [CIJENA] => 51.00
                    [RABAT] => 0
                    [IZNOS] => 51.00
                )

        )

)

2020-12-21 12:20:28 - Array
(
    [creating] => start
    [ZAPIS] => Array
        (
            [IDDOK] => NAW
            [BROJDOK] => 109
            [STAVAKA] => 8
            [STAVKA] => 8
            [KOLICINA_SIFRA] => 0
            [DATUM] => 2020-12-21 00:00:00
            [TEXT_GRESKE] => 
            [KNJIZENO_KARTICA] => 
            [KNJIZENO_GLKNJIGA] => 
            [ZAKJUCANI_DN] => NE
        )

)

