2020-12-23 13:45:34 - Array
(
    [order_id] => 157
    [invoice_no] => 0
    [invoice_prefix] => INV-2020-00
    [store_id] => 0
    [store_name] => KOZO UNDERWEAR
    [store_url] => https://www.kozo-underwear.hr/
    [customer_id] => 119
    [customer_group_id] => 1
    [firstname] => Martina
    [lastname] => Gržina
    [email] => krizmanic.martina@gmail.com
    [telephone] => 0915433831
    [fax] => 
    [custom_field] => 
    [payment_firstname] => Martina
    [payment_lastname] => Gržina
    [payment_company] => 
    [payment_address_1] => Egidija Bullessicha 13
    [payment_address_2] => 
    [payment_city] => ROVINJ
    [payment_postcode] => 52210
    [payment_country] => Croatia
    [payment_country_id] => 53
    [payment_zone] => HR
    [payment_zone_id] => 848
    [payment_address_format] => 
    [payment_custom_field] => 
    [payment_method] => Kreditne kartice / Debitne Kartice (CorvusPay)
    [payment_code] => corvuspay
    [shipping_firstname] => Martina
    [shipping_lastname] => Gržina
    [shipping_company] => 
    [shipping_address_1] => Egidija Bullessicha 13
    [shipping_address_2] => 
    [shipping_city] => ROVINJ
    [shipping_postcode] => 52210
    [shipping_country] => Croatia
    [shipping_country_id] => 53
    [shipping_zone] => HR
    [shipping_zone_id] => 848
    [shipping_address_format] => 
    [shipping_custom_field] => 
    [shipping_method] => Dostava Intereuropa Hrvatska - Besplatna dostava za narudžbe iznad 350kn
    [shipping_code] => ultimate_shipping.ultimate_shipping_0
    [comment] => 
    [total] => 299.0000
    [order_status_id] => 5
    [affiliate_id] => 0
    [commission] => 0.0000
    [marketing_id] => 0
    [tracking] => 
    [language_id] => 2
    [currency_id] => 4
    [currency_code] => HRK
    [currency_value] => 1.00000000
    [ip] => 95.168.121.239
    [forwarded_ip] => 
    [user_agent] => Mozilla/5.0 (Linux; Android 10; VOG-L29) AppleWebKit/537.36 (KHTML, like Gecko) Chrome/87.0.4280.66 Mobile Safari/537.36
    [accept_language] => hr-HR,hr;q=0.9,en-US;q=0.8,en;q=0.7
    [paid_order] => 0
    [intereuropa] => 1
    [date_added] => 2020-12-22 19:35:58
    [date_modified] => 2020-12-22 19:37:22
    [products] => Array
        (
            [0] => Array
                (
                    [order_product_id] => 414
                    [order_id] => 157
                    [product_id] => 179
                    [name] => M5011 MUŠKA PIDŽAMA
                    [model] => M5011
                    [quantity] => 1
                    [price] => 264.0000
                    [total] => 264.0000
                    [tax] => 0.0000
                    [reward] => 0
                    [option] => Array
                        (
                            [order_option_id] => 372
                            [order_id] => 157
                            [order_product_id] => 414
                            [product_option_id] => 343
                            [product_option_value_id] => 569
                            [name] => Veličina
                            [value] => XL
                            [type] => radio
                            [sku] => 
                            [option_data] => Array
                                (
                                    [product_option_value_id] => 569
                                    [product_option_id] => 343
                                    [product_id] => 179
                                    [option_id] => 13
                                    [option_value_id] => 49
                                    [quantity] => 99
                                    [subtract] => 1
                                    [price] => 0.0000
                                    [price_prefix] => 
                                    [points] => 0
                                    [points_prefix] => +
                                    [weight] => 0.00000000
                                    [weight_prefix] => +
                                    [sku] => M5011.XL
                                )

                        )

                )

        )

    [totals] => Array
        (
            [0] => Array
                (
                    [order_total_id] => 516
                    [order_id] => 157
                    [code] => sub_total
                    [title] => Među suma
                    [value] => 264.0000
                    [sort_order] => 1
                )

            [1] => Array
                (
                    [order_total_id] => 517
                    [order_id] => 157
                    [code] => shipping
                    [title] => Dostava Intereuropa Hrvatska - Besplatna dostava za narudžbe iznad 350kn
                    [value] => 35.0000
                    [sort_order] => 3
                )

            [2] => Array
                (
                    [order_total_id] => 518
                    [order_id] => 157
                    [code] => total
                    [title] => Ukupno
                    [value] => 299.0000
                    [sort_order] => 9
                )

        )

    [status] => Array
        (
            [order_status_id] => 5
            [language_id] => 1
            [name] => Complete
        )

)

2020-12-23 13:45:34 - Array
(
    [narudzba] => Array
        (
            [CMS_ID] => KHR157
            [DATUM_VRIJEME] => 22.12.2020 19:37:22
            [NARUCITELJ_CMS_ID] => 1
            [NARUCITELJ_EMAIL] => krizmanic.martina@gmail.com
            [NARUCITELJ_IME] => Martina
            [NARUCITELJ_PREZIME] => Gržina
            [NARUCITELJ_ADRESA] => Egidija Bullessicha 13
            [NARUCITELJ_MJESTO] => ROVINJ
            [NARUCITELJ_POSTA] => 52210
            [NARUCITELJ_TELEFON] => 0915433831
            [NARUCITELJ_NAZIV] => 
            [NARUCITELJ_OIB] => 
            [NARUCITELJ_VAT] => 
            [NARUCITELJ_ZEMLJA] => HRV
            [DOSTAVA_IME_PREZIME] => Martina Gržina
            [DOSTAVA_ADRESA] => Egidija Bullessicha 13
            [DOSTAVA_MJESTO] => ROVINJ
            [DOSTAVA_POSTA] => 52210
            [NAPOMENA] => 
            [VALUTA] => 191
            [IZNOS_UKUPNO] => 299.00
            [TECAJ] => 1
        )

    [stavke] => Array
        (
            [0] => Array
                (
                    [IDROBA] => US00000203
                    [KOLICINA] => 1
                    [CIJENA] => 35
                    [RABAT] => 0
                    [IZNOS] => 35
                )

            [1] => Array
                (
                    [IDROBA] => M5011.XL
                    [KOLICINA] => 1
                    [CIJENA] => 264.00
                    [RABAT] => 0
                    [IZNOS] => 264.00
                )

        )

)

2020-12-23 13:45:35 - Illuminate\Support\Collection Object
(
    [items:protected] => Array
        (
            [creating] => start
            [ZAPIS] => Array
                (
                    [IDDOK] => NAW
                    [BROJDOK] => 120
                    [STAVAKA] => 2
                    [STAVKA] => 2
                    [KOLICINA_SIFRA] => 0
                    [DATUM] => 2020-12-23 00:00:00
                    [TEXT_GRESKE] => 
                    [KNJIZENO_KARTICA] => 
                    [KNJIZENO_GLKNJIGA] => 
                    [ZAKJUCANI_DN] => NE
                )

        )

)

