2020-12-01 12:43:58 - Array
(
    [order_id] => 58
    [invoice_no] => 0
    [invoice_prefix] => INV-2020-00
    [store_id] => 0
    [store_name] => KOZO UNDERWEAR
    [store_url] => https://www.kozo-underwear.hr/
    [customer_id] => 34
    [customer_group_id] => 1
    [firstname] => Astrid
    [lastname] => Klemenčić
    [email] => astrid@logika.hr
    [telephone] => 0913363833
    [fax] => 
    [custom_field] => 
    [payment_firstname] => Astrid
    [payment_lastname] => Klemenčić
    [payment_company] => 
    [payment_address_1] => Uskočka 2
    [payment_address_2] => 
    [payment_city] => Samobor
    [payment_postcode] => 10430
    [payment_country] => Croatia
    [payment_country_id] => 53
    [payment_zone] => 
    [payment_zone_id] => 0
    [payment_address_format] => 
    [payment_custom_field] => 
    [payment_method] => Kreditne kartice / Debitne Kartice (CorvusPay)
    [payment_code] => corvuspay
    [shipping_firstname] => Astrid
    [shipping_lastname] => Klemenčić
    [shipping_company] => 
    [shipping_address_1] => Uskočka 2
    [shipping_address_2] => 
    [shipping_city] => Samobor
    [shipping_postcode] => 10430
    [shipping_country] => Croatia
    [shipping_country_id] => 53
    [shipping_zone] => 
    [shipping_zone_id] => 0
    [shipping_address_format] => 
    [shipping_custom_field] => 
    [shipping_method] => Besplatna dostava Intereuropa Hrvatska
    [shipping_code] => ultimate_shipping.ultimate_shipping_0
    [comment] => 
    [total] => 392.0000
    [order_status_id] => 5
    [affiliate_id] => 0
    [commission] => 0.0000
    [marketing_id] => 0
    [tracking] => 
    [language_id] => 2
    [currency_id] => 4
    [currency_code] => HRK
    [currency_value] => 1.00000000
    [ip] => 89.201.141.247
    [forwarded_ip] => 
    [user_agent] => Mozilla/5.0 (Windows NT 10.0; Win64; x64) AppleWebKit/537.36 (KHTML, like Gecko) Chrome/87.0.4280.66 Safari/537.36
    [accept_language] => hr-HR,hr;q=0.9,en-US;q=0.8,en;q=0.7
    [paid_order] => 0
    [intereuropa] => 1
    [date_added] => 2020-11-30 13:20:36
    [date_modified] => 2020-11-30 13:23:43
    [products] => Array
        (
            [0] => Array
                (
                    [order_product_id] => 140
                    [order_id] => 58
                    [product_id] => 64
                    [name] => MUŠKE BOKSERICE HIPSTER BIJELE
                    [model] => M7002
                    [quantity] => 1
                    [price] => 100.0000
                    [total] => 100.0000
                    [tax] => 0.0000
                    [reward] => 0
                    [option] => Array
                        (
                            [order_option_id] => 126
                            [order_id] => 58
                            [order_product_id] => 140
                            [product_option_id] => 332
                            [product_option_value_id] => 493
                            [name] => Veličina
                            [value] => L
                            [type] => radio
                            [sku] => 
                            [option_data] => Array
                                (
                                    [product_option_value_id] => 493
                                    [product_option_id] => 332
                                    [product_id] => 64
                                    [option_id] => 13
                                    [option_value_id] => 50
                                    [quantity] => 97
                                    [subtract] => 1
                                    [price] => 0.0000
                                    [price_prefix] => +
                                    [points] => 0
                                    [points_prefix] => +
                                    [weight] => 0.00000000
                                    [weight_prefix] => +
                                    [sku] => M7002.L
                                )

                        )

                )

            [1] => Array
                (
                    [order_product_id] => 141
                    [order_id] => 58
                    [product_id] => 96
                    [name] => MUŠKE BOKSERICE HIPSTER TAMNO PLAVE
                    [model] => M7028
                    [quantity] => 2
                    [price] => 100.0000
                    [total] => 200.0000
                    [tax] => 0.0000
                    [reward] => 0
                    [option] => Array
                        (
                            [order_option_id] => 127
                            [order_id] => 58
                            [order_product_id] => 141
                            [product_option_id] => 259
                            [product_option_value_id] => 182
                            [name] => Veličina
                            [value] => L
                            [type] => radio
                            [sku] => 
                            [option_data] => Array
                                (
                                    [product_option_value_id] => 182
                                    [product_option_id] => 259
                                    [product_id] => 96
                                    [option_id] => 13
                                    [option_value_id] => 50
                                    [quantity] => 98
                                    [subtract] => 1
                                    [price] => 0.0000
                                    [price_prefix] => +
                                    [points] => 0
                                    [points_prefix] => +
                                    [weight] => 0.00000000
                                    [weight_prefix] => +
                                    [sku] => M7028.L
                                )

                        )

                )

            [2] => Array
                (
                    [order_product_id] => 142
                    [order_id] => 58
                    [product_id] => 120
                    [name] => MUŠKE BOKSERICE BIJELE
                    [model] => M7055
                    [quantity] => 1
                    [price] => 92.0000
                    [total] => 92.0000
                    [tax] => 0.0000
                    [reward] => 0
                    [option] => Array
                        (
                            [order_option_id] => 128
                            [order_id] => 58
                            [order_product_id] => 142
                            [product_option_id] => 283
                            [product_option_value_id] => 295
                            [name] => Veličina
                            [value] => L
                            [type] => radio
                            [sku] => 
                            [option_data] => Array
                                (
                                    [product_option_value_id] => 295
                                    [product_option_id] => 283
                                    [product_id] => 120
                                    [option_id] => 13
                                    [option_value_id] => 50
                                    [quantity] => 99
                                    [subtract] => 1
                                    [price] => 0.0000
                                    [price_prefix] => +
                                    [points] => 0
                                    [points_prefix] => +
                                    [weight] => 0.00000000
                                    [weight_prefix] => +
                                    [sku] => M7055.L
                                )

                        )

                )

        )

    [totals] => Array
        (
            [0] => Array
                (
                    [order_total_id] => 188
                    [order_id] => 58
                    [code] => sub_total
                    [title] => Među suma
                    [value] => 392.0000
                    [sort_order] => 1
                )

            [1] => Array
                (
                    [order_total_id] => 189
                    [order_id] => 58
                    [code] => shipping
                    [title] => Besplatna dostava Intereuropa Hrvatska
                    [value] => 0.0000
                    [sort_order] => 3
                )

            [2] => Array
                (
                    [order_total_id] => 190
                    [order_id] => 58
                    [code] => total
                    [title] => Ukupno
                    [value] => 392.0000
                    [sort_order] => 9
                )

        )

    [status] => Array
        (
            [order_status_id] => 5
            [language_id] => 1
            [name] => Complete
        )

)

2020-12-01 12:43:58 - Array
(
    [narudzba] => Array
        (
            [CMS_ID] => KHR58
            [DATUM_VRIJEME] => 30.11.2020 13:23:43
            [NARUCITELJ_CMS_ID] => 1
            [NARUCITELJ_EMAIL] => astrid@logika.hr
            [NARUCITELJ_IME] => Astrid
            [NARUCITELJ_PREZIME] => Klemenčić
            [NARUCITELJ_ADRESA] => Uskočka 2
            [NARUCITELJ_MJESTO] => Samobor
            [NARUCITELJ_POSTA] => 10430
            [NARUCITELJ_TELEFON] => 0913363833
            [NARUCITELJ_NAZIV] => 
            [NARUCITELJ_OIB] => 
            [NARUCITELJ_VAT] => 
            [NARUCITELJ_ZEMLJA] => HRV
            [DOSTAVA_IME_PREZIME] => Astrid Klemenčić
            [DOSTAVA_ADRESA] => Uskočka 2
            [DOSTAVA_MJESTO] => Samobor
            [DOSTAVA_POSTA] => 10430
            [NAPOMENA] => 
            [VALUTA] => 191
            [IZNOS_UKUPNO] => 392.00
            [TECAJ] => 1
        )

    [stavke] => Array
        (
            [0] => Array
                (
                    [IDROBA] => US00000203
                    [KOLICINA] => 1
                    [CIJENA] => 0
                    [RABAT] => 0
                    [IZNOS] => 0
                )

            [1] => Array
                (
                    [IDROBA] => M7002.L
                    [KOLICINA] => 1
                    [CIJENA] => 100.00
                    [RABAT] => 0
                    [IZNOS] => 100.00
                )

            [2] => Array
                (
                    [IDROBA] => M7028.L
                    [KOLICINA] => 2
                    [CIJENA] => 100.00
                    [RABAT] => 0
                    [IZNOS] => 200.00
                )

            [3] => Array
                (
                    [IDROBA] => M7055.L
                    [KOLICINA] => 1
                    [CIJENA] => 92.00
                    [RABAT] => 0
                    [IZNOS] => 92.00
                )

        )

)

2020-12-01 12:44:00 - Illuminate\Support\Collection Object
(
    [items:protected] => Array
        (
            [creating] => start
            [ZAPIS] => Array
                (
                    [IDDOK] => NAW
                    [BROJDOK] => 38
                    [STAVAKA] => 4
                    [STAVKA] => 4
                    [KOLICINA_SIFRA] => 0
                    [DATUM] => 2020-12-01 00:00:00
                    [TEXT_GRESKE] => 
                    [KNJIZENO_KARTICA] => 
                    [KNJIZENO_GLKNJIGA] => 
                    [ZAKJUCANI_DN] => NE
                )

        )

)

