2020-12-16 12:23:34 - &idfirma=1
2020-12-16 12:23:34 - Array
(
    [narudzba] => Array
        (
            [CMS_ID] => KHR116
            [DATUM_VRIJEME] => 15.12.2020 10:36:59
            [NARUCITELJ_CMS_ID] => 1
            [NARUCITELJ_EMAIL] => gabrijela.detelj@gmail.com
            [NARUCITELJ_IME] => Gabrijela
            [NARUCITELJ_PREZIME] => Brljak
            [NARUCITELJ_ADRESA] => Novembarskih žrtava 19
            [NARUCITELJ_MJESTO] => Donja Dubrava
            [NARUCITELJ_POSTA] => 40328
            [NARUCITELJ_TELEFON] => 0981339384
            [NARUCITELJ_NAZIV] => 
            [NARUCITELJ_OIB] => 
            [NARUCITELJ_VAT] => 
            [NARUCITELJ_ZEMLJA] => HRV
            [DOSTAVA_IME_PREZIME] => Gabrijela Brljak
            [DOSTAVA_ADRESA] => Novembarskih žrtava 19
            [DOSTAVA_MJESTO] => Donja Dubrava
            [DOSTAVA_POSTA] => 40328
            [NAPOMENA] => 
            [VALUTA] => 191
            [IZNOS_UKUPNO] => 507.00
            [TECAJ] => 1
        )

    [stavke] => Array
        (
            [0] => Array
                (
                    [IDROBA] => US00000203
                    [KOLICINA] => 1
                    [CIJENA] => 0
                    [RABAT] => 0
                    [IZNOS] => 0
                )

            [1] => Array
                (
                    [IDROBA] => M7057.L
                    [KOLICINA] => 1
                    [CIJENA] => 92.00
                    [RABAT] => 0
                    [IZNOS] => 92.00
                )

            [2] => Array
                (
                    [IDROBA] => M7085.XL
                    [KOLICINA] => 1
                    [CIJENA] => 100.00
                    [RABAT] => 0
                    [IZNOS] => 100.00
                )

            [3] => Array
                (
                    [IDROBA] => P8013
                    [KOLICINA] => 1
                    [CIJENA] => 51.00
                    [RABAT] => 0
                    [IZNOS] => 51.00
                )

            [4] => Array
                (
                    [IDROBA] => P8012
                    [KOLICINA] => 1
                    [CIJENA] => 51.00
                    [RABAT] => 0
                    [IZNOS] => 51.00
                )

            [5] => Array
                (
                    [IDROBA] => M5010.L
                    [KOLICINA] => 1
                    [CIJENA] => 264.00
                    [RABAT] => 0
                    [IZNOS] => 264.00
                )

        )

)

2020-12-16 12:23:36 - Array
(
    [creating] => start
    [ZAPIS] => Array
        (
            [IDDOK] => NAW
            [BROJDOK] => 95
            [STAVAKA] => 6
            [STAVKA] => 6
            [KOLICINA_SIFRA] => 0
            [DATUM] => 2020-12-16 00:00:00
            [TEXT_GRESKE] => 
            [KNJIZENO_KARTICA] => 
            [KNJIZENO_GLKNJIGA] => 
            [ZAKJUCANI_DN] => NE
        )

)

