2020-12-21 12:20:37 - Array
(
    [order_id] => 147
    [invoice_no] => 0
    [invoice_prefix] => INV-2020-00
    [store_id] => 0
    [store_name] => KOZO UNDERWEAR
    [store_url] => https://www.kozo-underwear.hr/
    [customer_id] => 112
    [customer_group_id] => 1
    [firstname] => HELENA 
    [lastname] => ANIĆ KOREN
    [email] => heleanic@gmail.com
    [telephone] => +385955343098
    [fax] => 
    [custom_field] => 
    [payment_firstname] => HELENA 
    [payment_lastname] => ANIĆ KOREN
    [payment_company] => 
    [payment_address_1] => Ive Senjanina 10b
    [payment_address_2] => 
    [payment_city] => Zadar
    [payment_postcode] => 23000
    [payment_country] => Croatia
    [payment_country_id] => 53
    [payment_zone] => HR
    [payment_zone_id] => 848
    [payment_address_format] => 
    [payment_custom_field] => 
    [payment_method] => Plaćanje pouzećem
    [payment_code] => cod
    [shipping_firstname] => HELENA 
    [shipping_lastname] => ANIĆ KOREN
    [shipping_company] => 
    [shipping_address_1] => Ive Senjanina 10b
    [shipping_address_2] => 
    [shipping_city] => Zadar
    [shipping_postcode] => 23000
    [shipping_country] => Croatia
    [shipping_country_id] => 53
    [shipping_zone] => HR
    [shipping_zone_id] => 848
    [shipping_address_format] => 
    [shipping_custom_field] => 
    [shipping_method] => Besplatna dostava Intereuropa Hrvatska
    [shipping_code] => ultimate_shipping.ultimate_shipping_0
    [comment] => Order Comments: molim Vas da pošiljka dođe prije Božića...
puno hvala i sretan Božić!
    [total] => 360.0000
    [order_status_id] => 1
    [affiliate_id] => 0
    [commission] => 0.0000
    [marketing_id] => 0
    [tracking] => 
    [language_id] => 2
    [currency_id] => 4
    [currency_code] => HRK
    [currency_value] => 1.00000000
    [ip] => 188.252.198.61
    [forwarded_ip] => 
    [user_agent] => Mozilla/5.0 (Windows NT 6.1; Win64; x64) AppleWebKit/537.36 (KHTML, like Gecko) Chrome/87.0.4280.88 Safari/537.36
    [accept_language] => en-US,en;q=0.9
    [paid_order] => 0
    [intereuropa] => 1
    [date_added] => 2020-12-20 23:45:54
    [date_modified] => 2020-12-20 23:46:38
    [products] => Array
        (
            [0] => Array
                (
                    [order_product_id] => 386
                    [order_id] => 147
                    [product_id] => 129
                    [name] => MUŠKA POTKOŠULJA ŠIRA RAMENICA BIJELA
                    [model] => M7058
                    [quantity] => 1
                    [price] => 96.0000
                    [total] => 96.0000
                    [tax] => 0.0000
                    [reward] => 0
                    [option] => Array
                        (
                            [order_option_id] => 346
                            [order_id] => 147
                            [order_product_id] => 386
                            [product_option_id] => 292
                            [product_option_value_id] => 349
                            [name] => Veličina
                            [value] => M
                            [type] => radio
                            [sku] => 
                            [option_data] => Array
                                (
                                    [product_option_value_id] => 349
                                    [product_option_id] => 292
                                    [product_id] => 129
                                    [option_id] => 13
                                    [option_value_id] => 51
                                    [quantity] => 99
                                    [subtract] => 1
                                    [price] => 0.0000
                                    [price_prefix] => 
                                    [points] => 0
                                    [points_prefix] => +
                                    [weight] => 0.00000000
                                    [weight_prefix] => +
                                    [sku] => M7058.M
                                )

                        )

                )

            [1] => Array
                (
                    [order_product_id] => 387
                    [order_id] => 147
                    [product_id] => 179
                    [name] => M5011 MUŠKA PIDŽAMA
                    [model] => M5011
                    [quantity] => 1
                    [price] => 264.0000
                    [total] => 264.0000
                    [tax] => 0.0000
                    [reward] => 0
                    [option] => Array
                        (
                            [order_option_id] => 347
                            [order_id] => 147
                            [order_product_id] => 387
                            [product_option_id] => 343
                            [product_option_value_id] => 567
                            [name] => Veličina
                            [value] => M
                            [type] => radio
                            [sku] => 
                            [option_data] => Array
                                (
                                    [product_option_value_id] => 567
                                    [product_option_id] => 343
                                    [product_id] => 179
                                    [option_id] => 13
                                    [option_value_id] => 51
                                    [quantity] => 98
                                    [subtract] => 1
                                    [price] => 0.0000
                                    [price_prefix] => 
                                    [points] => 0
                                    [points_prefix] => +
                                    [weight] => 0.00000000
                                    [weight_prefix] => +
                                    [sku] => M5011.M
                                )

                        )

                )

        )

    [totals] => Array
        (
            [0] => Array
                (
                    [order_total_id] => 484
                    [order_id] => 147
                    [code] => sub_total
                    [title] => Među suma
                    [value] => 360.0000
                    [sort_order] => 1
                )

            [1] => Array
                (
                    [order_total_id] => 485
                    [order_id] => 147
                    [code] => shipping
                    [title] => Besplatna dostava Intereuropa Hrvatska
                    [value] => 0.0000
                    [sort_order] => 3
                )

            [2] => Array
                (
                    [order_total_id] => 486
                    [order_id] => 147
                    [code] => total
                    [title] => Ukupno
                    [value] => 360.0000
                    [sort_order] => 9
                )

        )

    [status] => Array
        (
            [order_status_id] => 1
            [language_id] => 1
            [name] => Pending
        )

)

2020-12-21 12:20:37 - Array
(
    [narudzba] => Array
        (
            [CMS_ID] => KHR147
            [DATUM_VRIJEME] => 20.12.2020 23:46:38
            [NARUCITELJ_CMS_ID] => 1
            [NARUCITELJ_EMAIL] => heleanic@gmail.com
            [NARUCITELJ_IME] => HELENA 
            [NARUCITELJ_PREZIME] => ANIĆ KOREN
            [NARUCITELJ_ADRESA] => Ive Senjanina 10b
            [NARUCITELJ_MJESTO] => Zadar
            [NARUCITELJ_POSTA] => 23000
            [NARUCITELJ_TELEFON] => +385955343098
            [NARUCITELJ_NAZIV] => 
            [NARUCITELJ_OIB] => 
            [NARUCITELJ_VAT] => 
            [NARUCITELJ_ZEMLJA] => HRV
            [DOSTAVA_IME_PREZIME] => HELENA  ANIĆ KOREN
            [DOSTAVA_ADRESA] => Ive Senjanina 10b
            [DOSTAVA_MJESTO] => Zadar
            [DOSTAVA_POSTA] => 23000
            [NAPOMENA] => Order Comments: molim Vas da pošiljka dođe prije Božića...
puno hvala i sretan Božić!
            [VALUTA] => 191
            [IZNOS_UKUPNO] => 360.00
            [TECAJ] => 1
        )

    [stavke] => Array
        (
            [0] => Array
                (
                    [IDROBA] => US00000203
                    [KOLICINA] => 1
                    [CIJENA] => 0
                    [RABAT] => 0
                    [IZNOS] => 0
                )

            [1] => Array
                (
                    [IDROBA] => M7058.M
                    [KOLICINA] => 1
                    [CIJENA] => 96.00
                    [RABAT] => 0
                    [IZNOS] => 96.00
                )

            [2] => Array
                (
                    [IDROBA] => M5011.M
                    [KOLICINA] => 1
                    [CIJENA] => 264.00
                    [RABAT] => 0
                    [IZNOS] => 264.00
                )

        )

)

2020-12-21 12:20:38 - Illuminate\Support\Collection Object
(
    [items:protected] => Array
        (
            [creating] => start
            [ZAPIS] => Array
                (
                    [IDDOK] => NAW
                    [BROJDOK] => 110
                    [STAVAKA] => 3
                    [STAVKA] => 3
                    [KOLICINA_SIFRA] => 0
                    [DATUM] => 2020-12-21 00:00:00
                    [TEXT_GRESKE] => 
                    [KNJIZENO_KARTICA] => 
                    [KNJIZENO_GLKNJIGA] => 
                    [ZAKJUCANI_DN] => NE
                )

        )

)

