2020-12-28 12:54:59 - Array
(
    [order_id] => 162
    [invoice_no] => 0
    [invoice_prefix] => INV-2020-00
    [store_id] => 0
    [store_name] => KOZO UNDERWEAR
    [store_url] => https://www.kozo-underwear.hr/
    [customer_id] => 122
    [customer_group_id] => 1
    [firstname] => Milodrag
    [lastname] => Vrcan
    [email] => vrcan1@gmail.com
    [telephone] => 098223987
    [fax] => 
    [custom_field] => 
    [payment_firstname] => Milodrag
    [payment_lastname] => Vrcan
    [payment_company] => 
    [payment_address_1] => Ivana Gundulića 28
    [payment_address_2] => 
    [payment_city] => Osijek
    [payment_postcode] => 31000
    [payment_country] => Croatia
    [payment_country_id] => 53
    [payment_zone] => 
    [payment_zone_id] => 0
    [payment_address_format] => 
    [payment_custom_field] => 
    [payment_method] => Plaćanje pouzećem
    [payment_code] => cod
    [shipping_firstname] => Milodrag
    [shipping_lastname] => Vrcan
    [shipping_company] => 
    [shipping_address_1] => Ivana Gundulića 28
    [shipping_address_2] => 
    [shipping_city] => Osijek
    [shipping_postcode] => 31000
    [shipping_country] => Croatia
    [shipping_country_id] => 53
    [shipping_zone] => 
    [shipping_zone_id] => 0
    [shipping_address_format] => 
    [shipping_custom_field] => 
    [shipping_method] => Dostava Intereuropa Hrvatska - Besplatna dostava za narudžbe iznad 350kn
    [shipping_code] => ultimate_shipping.ultimate_shipping_0
    [comment] => Order Comments: poštovani,
Molim prilikom dostave da me dostavljač nazove na mobitel kako bi se dogovorili o preuzimanju robe,hvala lp Vrcan
    [total] => 354.0000
    [order_status_id] => 1
    [affiliate_id] => 0
    [commission] => 0.0000
    [marketing_id] => 0
    [tracking] => 
    [language_id] => 2
    [currency_id] => 4
    [currency_code] => HRK
    [currency_value] => 1.00000000
    [ip] => 93.141.174.88
    [forwarded_ip] => 
    [user_agent] => Mozilla/5.0 (Windows NT 10.0; Win64; x64) AppleWebKit/537.36 (KHTML, like Gecko) Chrome/87.0.4280.88 Safari/537.36
    [accept_language] => hr-HR,hr;q=0.9,en-US;q=0.8,en;q=0.7
    [paid_order] => 0
    [intereuropa] => 1
    [date_added] => 2020-12-24 11:21:22
    [date_modified] => 2020-12-24 11:21:35
    [products] => Array
        (
            [0] => Array
                (
                    [order_product_id] => 422
                    [order_id] => 162
                    [product_id] => 81
                    [name] => MUŠKE BOKSERICE CRNE
                    [model] => M7016
                    [quantity] => 1
                    [price] => 119.0000
                    [total] => 119.0000
                    [tax] => 0.0000
                    [reward] => 0
                    [option] => Array
                        (
                            [order_option_id] => 380
                            [order_id] => 162
                            [order_product_id] => 422
                            [product_option_id] => 244
                            [product_option_value_id] => 107
                            [name] => Veličina
                            [value] => XXXL
                            [type] => radio
                            [sku] => 
                            [option_data] => Array
                                (
                                    [product_option_value_id] => 107
                                    [product_option_id] => 244
                                    [product_id] => 81
                                    [option_id] => 13
                                    [option_value_id] => 54
                                    [quantity] => 6
                                    [subtract] => 1
                                    [price] => 19.0000
                                    [price_prefix] => +
                                    [points] => 0
                                    [points_prefix] => +
                                    [weight] => 0.00000000
                                    [weight_prefix] => +
                                    [sku] => M7016.XXXL
                                )

                        )

                )

            [1] => Array
                (
                    [order_product_id] => 423
                    [order_id] => 162
                    [product_id] => 83
                    [name] => MUŠKE SLIP GAĆE CRNE
                    [model] => M7015
                    [quantity] => 1
                    [price] => 81.0000
                    [total] => 81.0000
                    [tax] => 0.0000
                    [reward] => 0
                    [option] => Array
                        (
                            [order_option_id] => 381
                            [order_id] => 162
                            [order_product_id] => 423
                            [product_option_id] => 246
                            [product_option_value_id] => 118
                            [name] => Veličina
                            [value] => XXXL
                            [type] => radio
                            [sku] => 
                            [option_data] => Array
                                (
                                    [product_option_value_id] => 118
                                    [product_option_id] => 246
                                    [product_id] => 83
                                    [option_id] => 13
                                    [option_value_id] => 54
                                    [quantity] => 9
                                    [subtract] => 1
                                    [price] => 13.0000
                                    [price_prefix] => +
                                    [points] => 0
                                    [points_prefix] => +
                                    [weight] => 0.00000000
                                    [weight_prefix] => +
                                    [sku] => M7015.XXXL
                                )

                        )

                )

            [2] => Array
                (
                    [order_product_id] => 424
                    [order_id] => 162
                    [product_id] => 98
                    [name] => MUŠKE BOKSERICE TAMNO PLAVE TAMNO PLAVE
                    [model] => M7029
                    [quantity] => 1
                    [price] => 119.0000
                    [total] => 119.0000
                    [tax] => 0.0000
                    [reward] => 0
                    [option] => Array
                        (
                            [order_option_id] => 382
                            [order_id] => 162
                            [order_product_id] => 424
                            [product_option_id] => 261
                            [product_option_value_id] => 198
                            [name] => Veličina
                            [value] => XXXL
                            [type] => radio
                            [sku] => 
                            [option_data] => Array
                                (
                                    [product_option_value_id] => 198
                                    [product_option_id] => 261
                                    [product_id] => 98
                                    [option_id] => 13
                                    [option_value_id] => 54
                                    [quantity] => 7
                                    [subtract] => 1
                                    [price] => 19.0000
                                    [price_prefix] => +
                                    [points] => 0
                                    [points_prefix] => +
                                    [weight] => 0.00000000
                                    [weight_prefix] => +
                                    [sku] => M7029.XXXL
                                )

                        )

                )

        )

    [totals] => Array
        (
            [0] => Array
                (
                    [order_total_id] => 531
                    [order_id] => 162
                    [code] => sub_total
                    [title] => Među suma
                    [value] => 319.0000
                    [sort_order] => 1
                )

            [1] => Array
                (
                    [order_total_id] => 532
                    [order_id] => 162
                    [code] => shipping
                    [title] => Dostava Intereuropa Hrvatska - Besplatna dostava za narudžbe iznad 350kn
                    [value] => 35.0000
                    [sort_order] => 3
                )

            [2] => Array
                (
                    [order_total_id] => 533
                    [order_id] => 162
                    [code] => total
                    [title] => Ukupno
                    [value] => 354.0000
                    [sort_order] => 9
                )

        )

    [status] => Array
        (
            [order_status_id] => 1
            [language_id] => 1
            [name] => Pending
        )

)

2020-12-28 12:54:59 - Array
(
    [narudzba] => Array
        (
            [CMS_ID] => KHR162
            [DATUM_VRIJEME] => 24.12.2020 11:21:35
            [NARUCITELJ_CMS_ID] => 1
            [NARUCITELJ_EMAIL] => vrcan1@gmail.com
            [NARUCITELJ_IME] => Milodrag
            [NARUCITELJ_PREZIME] => Vrcan
            [NARUCITELJ_ADRESA] => Ivana Gundulića 28
            [NARUCITELJ_MJESTO] => Osijek
            [NARUCITELJ_POSTA] => 31000
            [NARUCITELJ_TELEFON] => 098223987
            [NARUCITELJ_NAZIV] => 
            [NARUCITELJ_OIB] => 
            [NARUCITELJ_VAT] => 
            [NARUCITELJ_ZEMLJA] => HRV
            [DOSTAVA_IME_PREZIME] => Milodrag Vrcan
            [DOSTAVA_ADRESA] => Ivana Gundulića 28
            [DOSTAVA_MJESTO] => Osijek
            [DOSTAVA_POSTA] => 31000
            [NAPOMENA] => Order Comments: poštovani,
Molim prilikom dostave da me dostavljač nazove na mobitel kako bi se dogovorili o preuzimanju robe,hvala lp Vrcan
            [VALUTA] => 191
            [IZNOS_UKUPNO] => 354.00
            [TECAJ] => 1
        )

    [stavke] => Array
        (
            [0] => Array
                (
                    [IDROBA] => US00000203
                    [KOLICINA] => 1
                    [CIJENA] => 35
                    [RABAT] => 0
                    [IZNOS] => 35
                )

            [1] => Array
                (
                    [IDROBA] => M7016.XXXL
                    [KOLICINA] => 1
                    [CIJENA] => 119.00
                    [RABAT] => 0
                    [IZNOS] => 119.00
                )

            [2] => Array
                (
                    [IDROBA] => M7015.XXXL
                    [KOLICINA] => 1
                    [CIJENA] => 81.00
                    [RABAT] => 0
                    [IZNOS] => 81.00
                )

            [3] => Array
                (
                    [IDROBA] => M7029.XXXL
                    [KOLICINA] => 1
                    [CIJENA] => 119.00
                    [RABAT] => 0
                    [IZNOS] => 119.00
                )

        )

)

2020-12-28 12:55:00 - Illuminate\Support\Collection Object
(
    [items:protected] => Array
        (
            [creating] => start
            [ZAPIS] => Array
                (
                    [IDDOK] => NAW
                    [BROJDOK] => 124
                    [STAVAKA] => 4
                    [STAVKA] => 4
                    [KOLICINA_SIFRA] => 0
                    [DATUM] => 2020-12-28 00:00:00
                    [TEXT_GRESKE] => 
                    [KNJIZENO_KARTICA] => 
                    [KNJIZENO_GLKNJIGA] => 
                    [ZAKJUCANI_DN] => NE
                )

        )

)

