2020-12-29 10:29:49 - Array
(
    [order_id] => 168
    [invoice_no] => 0
    [invoice_prefix] => INV-2020-00
    [store_id] => 0
    [store_name] => KOZO UNDERWEAR
    [store_url] => https://www.kozo-underwear.hr/
    [customer_id] => 128
    [customer_group_id] => 1
    [firstname] => Robert
    [lastname] => Tabain
    [email] => kolemaru@gmail.com
    [telephone] => +385915499020
    [fax] => 
    [custom_field] => 
    [payment_firstname] => Robert
    [payment_lastname] => Tabain
    [payment_company] => 
    [payment_address_1] => Ul 37 Br 18
    [payment_address_2] => 
    [payment_city] => Vela Luka
    [payment_postcode] => 20270
    [payment_country] => Croatia
    [payment_country_id] => 53
    [payment_zone] => HR
    [payment_zone_id] => 848
    [payment_address_format] => 
    [payment_custom_field] => 
    [payment_method] => Plaćanje pouzećem
    [payment_code] => cod
    [shipping_firstname] => Robert
    [shipping_lastname] => Tabain
    [shipping_company] => 
    [shipping_address_1] => Ul 37 Br 18
    [shipping_address_2] => 
    [shipping_city] => Vela Luka
    [shipping_postcode] => 20270
    [shipping_country] => Croatia
    [shipping_country_id] => 53
    [shipping_zone] => HR
    [shipping_zone_id] => 848
    [shipping_address_format] => 
    [shipping_custom_field] => 
    [shipping_method] => Besplatna dostava Intereuropa Hrvatska
    [shipping_code] => ultimate_shipping.ultimate_shipping_0
    [comment] => 
    [total] => 389.0000
    [order_status_id] => 1
    [affiliate_id] => 0
    [commission] => 0.0000
    [marketing_id] => 0
    [tracking] => 
    [language_id] => 2
    [currency_id] => 4
    [currency_code] => HRK
    [currency_value] => 1.00000000
    [ip] => 93.143.16.164
    [forwarded_ip] => 
    [user_agent] => Mozilla/5.0 (X11; Linux x86_64; rv:84.0) Gecko/20100101 Firefox/84.0
    [accept_language] => en-US,en;q=0.5
    [paid_order] => 0
    [intereuropa] => 1
    [date_added] => 2020-12-29 07:55:37
    [date_modified] => 2020-12-29 07:55:50
    [products] => Array
        (
            [0] => Array
                (
                    [order_product_id] => 439
                    [order_id] => 168
                    [product_id] => 110
                    [name] => MUŠKE BOKSERICE HIPSTER PRINT WEB
                    [model] => M7043
                    [quantity] => 1
                    [price] => 108.0000
                    [total] => 108.0000
                    [tax] => 0.0000
                    [reward] => 0
                    [option] => Array
                        (
                            [order_option_id] => 396
                            [order_id] => 168
                            [order_product_id] => 439
                            [product_option_id] => 273
                            [product_option_value_id] => 247
                            [name] => Veličina
                            [value] => L
                            [type] => radio
                            [sku] => 
                            [option_data] => Array
                                (
                                    [product_option_value_id] => 247
                                    [product_option_id] => 273
                                    [product_id] => 110
                                    [option_id] => 13
                                    [option_value_id] => 50
                                    [quantity] => 31
                                    [subtract] => 1
                                    [price] => 0.0000
                                    [price_prefix] => 
                                    [points] => 0
                                    [points_prefix] => +
                                    [weight] => 0.00000000
                                    [weight_prefix] => +
                                    [sku] => M7043.L
                                )

                        )

                )

            [1] => Array
                (
                    [order_product_id] => 440
                    [order_id] => 168
                    [product_id] => 111
                    [name] => MUŠKE BOKSERICE HIPSTER PRINT SQUARES
                    [model] => M7046
                    [quantity] => 1
                    [price] => 108.0000
                    [total] => 108.0000
                    [tax] => 0.0000
                    [reward] => 0
                    [option] => Array
                        (
                            [order_option_id] => 397
                            [order_id] => 168
                            [order_product_id] => 440
                            [product_option_id] => 274
                            [product_option_value_id] => 251
                            [name] => Veličina
                            [value] => L
                            [type] => radio
                            [sku] => 
                            [option_data] => Array
                                (
                                    [product_option_value_id] => 251
                                    [product_option_id] => 274
                                    [product_id] => 111
                                    [option_id] => 13
                                    [option_value_id] => 50
                                    [quantity] => 27
                                    [subtract] => 1
                                    [price] => 0.0000
                                    [price_prefix] => 
                                    [points] => 0
                                    [points_prefix] => +
                                    [weight] => 0.00000000
                                    [weight_prefix] => +
                                    [sku] => M7046.L
                                )

                        )

                )

            [2] => Array
                (
                    [order_product_id] => 441
                    [order_id] => 168
                    [product_id] => 142
                    [name] => MUŠKE BOKSERICE HIPSTER TAMNO PLAVE
                    [model] => M7076
                    [quantity] => 1
                    [price] => 92.0000
                    [total] => 92.0000
                    [tax] => 0.0000
                    [reward] => 0
                    [option] => Array
                        (
                            [order_option_id] => 398
                            [order_id] => 168
                            [order_product_id] => 441
                            [product_option_id] => 305
                            [product_option_value_id] => 419
                            [name] => Veličina
                            [value] => L
                            [type] => radio
                            [sku] => 
                            [option_data] => Array
                                (
                                    [product_option_value_id] => 419
                                    [product_option_id] => 305
                                    [product_id] => 142
                                    [option_id] => 13
                                    [option_value_id] => 50
                                    [quantity] => 23
                                    [subtract] => 1
                                    [price] => 0.0000
                                    [price_prefix] => 
                                    [points] => 0
                                    [points_prefix] => +
                                    [weight] => 0.00000000
                                    [weight_prefix] => +
                                    [sku] => M7076.L
                                )

                        )

                )

            [3] => Array
                (
                    [order_product_id] => 442
                    [order_id] => 168
                    [product_id] => 151
                    [name] => MUŠKE BOKSERICE HIPSTER PRINT HOHOHO
                    [model] => M7084
                    [quantity] => 1
                    [price] => 81.0000
                    [total] => 81.0000
                    [tax] => 0.0000
                    [reward] => 0
                    [option] => Array
                        (
                            [order_option_id] => 399
                            [order_id] => 168
                            [order_product_id] => 442
                            [product_option_id] => 314
                            [product_option_value_id] => 462
                            [name] => Veličina
                            [value] => L
                            [type] => radio
                            [sku] => 
                            [option_data] => Array
                                (
                                    [product_option_value_id] => 462
                                    [product_option_id] => 314
                                    [product_id] => 151
                                    [option_id] => 13
                                    [option_value_id] => 50
                                    [quantity] => 32
                                    [subtract] => 1
                                    [price] => 0.0000
                                    [price_prefix] => 
                                    [points] => 0
                                    [points_prefix] => +
                                    [weight] => 0.00000000
                                    [weight_prefix] => +
                                    [sku] => M7084.L
                                )

                        )

                )

        )

    [totals] => Array
        (
            [0] => Array
                (
                    [order_total_id] => 550
                    [order_id] => 168
                    [code] => sub_total
                    [title] => Među suma
                    [value] => 389.0000
                    [sort_order] => 1
                )

            [1] => Array
                (
                    [order_total_id] => 551
                    [order_id] => 168
                    [code] => shipping
                    [title] => Besplatna dostava Intereuropa Hrvatska
                    [value] => 0.0000
                    [sort_order] => 3
                )

            [2] => Array
                (
                    [order_total_id] => 552
                    [order_id] => 168
                    [code] => total
                    [title] => Ukupno
                    [value] => 389.0000
                    [sort_order] => 9
                )

        )

    [status] => Array
        (
            [order_status_id] => 1
            [language_id] => 1
            [name] => Pending
        )

)

2020-12-29 10:29:49 - Array
(
    [narudzba] => Array
        (
            [CMS_ID] => KHR168
            [DATUM_VRIJEME] => 29.12.2020 07:55:50
            [NARUCITELJ_CMS_ID] => 1
            [NARUCITELJ_EMAIL] => kolemaru@gmail.com
            [NARUCITELJ_IME] => Robert
            [NARUCITELJ_PREZIME] => Tabain
            [NARUCITELJ_ADRESA] => Ul 37 Br 18
            [NARUCITELJ_MJESTO] => Vela Luka
            [NARUCITELJ_POSTA] => 20270
            [NARUCITELJ_TELEFON] => +385915499020
            [NARUCITELJ_NAZIV] => 
            [NARUCITELJ_OIB] => 
            [NARUCITELJ_VAT] => 
            [NARUCITELJ_ZEMLJA] => HRV
            [DOSTAVA_IME_PREZIME] => Robert Tabain
            [DOSTAVA_ADRESA] => Ul 37 Br 18
            [DOSTAVA_MJESTO] => Vela Luka
            [DOSTAVA_POSTA] => 20270
            [NAPOMENA] => 
            [VALUTA] => 191
            [IZNOS_UKUPNO] => 389.00
            [TECAJ] => 1
        )

    [stavke] => Array
        (
            [0] => Array
                (
                    [IDROBA] => US00000203
                    [KOLICINA] => 1
                    [CIJENA] => 0
                    [RABAT] => 0
                    [IZNOS] => 0
                )

            [1] => Array
                (
                    [IDROBA] => M7043.L
                    [KOLICINA] => 1
                    [CIJENA] => 108.00
                    [RABAT] => 0
                    [IZNOS] => 108.00
                )

            [2] => Array
                (
                    [IDROBA] => M7046.L
                    [KOLICINA] => 1
                    [CIJENA] => 108.00
                    [RABAT] => 0
                    [IZNOS] => 108.00
                )

            [3] => Array
                (
                    [IDROBA] => M7076.L
                    [KOLICINA] => 1
                    [CIJENA] => 92.00
                    [RABAT] => 0
                    [IZNOS] => 92.00
                )

            [4] => Array
                (
                    [IDROBA] => M7084.L
                    [KOLICINA] => 1
                    [CIJENA] => 81.00
                    [RABAT] => 0
                    [IZNOS] => 81.00
                )

        )

)

2020-12-29 10:29:50 - Illuminate\Support\Collection Object
(
    [items:protected] => Array
        (
            [creating] => start
            [ZAPIS] => Array
                (
                    [IDDOK] => NAW
                    [BROJDOK] => 130
                    [STAVAKA] => 5
                    [STAVKA] => 5
                    [KOLICINA_SIFRA] => 0
                    [DATUM] => 2020-12-29 00:00:00
                    [TEXT_GRESKE] => 
                    [KNJIZENO_KARTICA] => 
                    [KNJIZENO_GLKNJIGA] => 
                    [ZAKJUCANI_DN] => NE
                )

        )

)

