2020-12-11 13:36:05 - &idfirma=1
2020-12-11 13:36:05 - Array
(
    [narudzba] => Array
        (
            [CMS_ID] => KHR95
            [DATUM_VRIJEME] => 10.12.2020 13:17:43
            [NARUCITELJ_CMS_ID] => 1
            [NARUCITELJ_EMAIL] => zdravkokolaric71@gmail.com
            [NARUCITELJ_IME] => Zdravko
            [NARUCITELJ_PREZIME] => Kolarić
            [NARUCITELJ_ADRESA] => Novo Selo Rok, rade Končara 84
            [NARUCITELJ_MJESTO] => Čakovec
            [NARUCITELJ_POSTA] => 40000
            [NARUCITELJ_TELEFON] => 0992113879
            [NARUCITELJ_NAZIV] => 
            [NARUCITELJ_OIB] => 
            [NARUCITELJ_VAT] => 
            [NARUCITELJ_ZEMLJA] => HRV
            [DOSTAVA_IME_PREZIME] => Zdravko Kolarić
            [DOSTAVA_ADRESA] => Novo Selo Rok, rade Končara 84
            [DOSTAVA_MJESTO] => Čakovec
            [DOSTAVA_POSTA] => 40000
            [NAPOMENA] => 
            [VALUTA] => 191
            [IZNOS_UKUPNO] => 460.00
            [TECAJ] => 1
        )

    [stavke] => Array
        (
            [0] => Array
                (
                    [IDROBA] => US00000203
                    [KOLICINA] => 1
                    [CIJENA] => 0
                    [RABAT] => 0
                    [IZNOS] => 0
                )

            [1] => Array
                (
                    [IDROBA] => M7062.M
                    [KOLICINA] => 2
                    [CIJENA] => 92.00
                    [RABAT] => 0
                    [IZNOS] => 184.00
                )

            [2] => Array
                (
                    [IDROBA] => M7076.L
                    [KOLICINA] => 1
                    [CIJENA] => 92.00
                    [RABAT] => 0
                    [IZNOS] => 92.00
                )

            [3] => Array
                (
                    [IDROBA] => M7080.M
                    [KOLICINA] => 2
                    [CIJENA] => 92.00
                    [RABAT] => 0
                    [IZNOS] => 184.00
                )

        )

)

2020-12-11 13:36:07 - Array
(
    [creating] => start
    [ZAPIS] => Array
        (
            [IDDOK] => NAW
            [BROJDOK] => 77
            [STAVAKA] => 4
            [STAVKA] => 4
            [KOLICINA_SIFRA] => 0
            [DATUM] => 2020-12-11 00:00:00
            [TEXT_GRESKE] => 
            [KNJIZENO_KARTICA] => 
            [KNJIZENO_GLKNJIGA] => 
            [ZAKJUCANI_DN] => NE
        )

)

