2020-12-14 12:22:59 - &idfirma=1
2020-12-14 12:22:59 - Array
(
    [narudzba] => Array
        (
            [CMS_ID] => KHR104
            [DATUM_VRIJEME] => 11.12.2020 19:11:57
            [NARUCITELJ_CMS_ID] => 1
            [NARUCITELJ_EMAIL] => duvnjakvl@gmail.com
            [NARUCITELJ_IME] => Vladimir
            [NARUCITELJ_PREZIME] => Duvnjak
            [NARUCITELJ_ADRESA] => Hrvatske nezavisnosti 112
            [NARUCITELJ_MJESTO] => Vukovar
            [NARUCITELJ_POSTA] => 32000
            [NARUCITELJ_TELEFON] => 099 2167 898
            [NARUCITELJ_NAZIV] => 
            [NARUCITELJ_OIB] => 
            [NARUCITELJ_VAT] => 
            [NARUCITELJ_ZEMLJA] => HRV
            [DOSTAVA_IME_PREZIME] => Vladimir Duvnjak
            [DOSTAVA_ADRESA] => Hrvatske nezavisnosti 112
            [DOSTAVA_MJESTO] => Vukovar
            [DOSTAVA_POSTA] => 32000
            [NAPOMENA] => 
            [VALUTA] => 191
            [IZNOS_UKUPNO] => 356.00
            [TECAJ] => 1
        )

    [stavke] => Array
        (
            [0] => Array
                (
                    [IDROBA] => US00000203
                    [KOLICINA] => 1
                    [CIJENA] => 0
                    [RABAT] => 0
                    [IZNOS] => 0
                )

            [1] => Array
                (
                    [IDROBA] => M7027.XL
                    [KOLICINA] => 5
                    [CIJENA] => 71.20
                    [RABAT] => 0
                    [IZNOS] => 356.00
                )

        )

)

2020-12-14 12:23:00 - Array
(
    [creating] => start
    [ZAPIS] => Array
        (
            [IDDOK] => NAW
            [BROJDOK] => 88
            [STAVAKA] => 2
            [STAVKA] => 2
            [KOLICINA_SIFRA] => 0
            [DATUM] => 2020-12-14 00:00:00
            [TEXT_GRESKE] => 
            [KNJIZENO_KARTICA] => 
            [KNJIZENO_GLKNJIGA] => 
            [ZAKJUCANI_DN] => NE
        )

)

