2020-12-10 11:58:03 - &idfirma=1
2020-12-10 11:58:03 - Array
(
    [narudzba] => Array
        (
            [CMS_ID] => KHR92
            [DATUM_VRIJEME] => 10.12.2020 08:12:17
            [NARUCITELJ_CMS_ID] => 1
            [NARUCITELJ_EMAIL] => renatapercinlic1@gmail.com
            [NARUCITELJ_IME] => Renata 
            [NARUCITELJ_PREZIME] => Perčinlić
            [NARUCITELJ_ADRESA] => Vukovarska 10
            [NARUCITELJ_MJESTO] => Vojnić 
            [NARUCITELJ_POSTA] => 47220
            [NARUCITELJ_TELEFON] => 0959220955
            [NARUCITELJ_NAZIV] => 
            [NARUCITELJ_OIB] => 
            [NARUCITELJ_VAT] => 
            [NARUCITELJ_ZEMLJA] => HRV
            [DOSTAVA_IME_PREZIME] => Renata Perčinlić
            [DOSTAVA_ADRESA] => Vukovarska 10
            [DOSTAVA_MJESTO] => Vojnić
            [DOSTAVA_POSTA] => 47220 
            [NAPOMENA] => 
            [VALUTA] => 191
            [IZNOS_UKUPNO] => 154.00
            [TECAJ] => 1
        )

    [stavke] => Array
        (
            [0] => Array
                (
                    [IDROBA] => US00000203
                    [KOLICINA] => 1
                    [CIJENA] => 35
                    [RABAT] => 0
                    [IZNOS] => 35
                )

            [1] => Array
                (
                    [IDROBA] => M7084.XXL
                    [KOLICINA] => 1
                    [CIJENA] => 119.00
                    [RABAT] => 0
                    [IZNOS] => 119.00
                )

        )

)

2020-12-10 11:58:04 - Array
(
    [creating] => start
    [ZAPIS] => Array
        (
            [IDDOK] => NAW
            [BROJDOK] => 71
            [STAVAKA] => 2
            [STAVKA] => 2
            [KOLICINA_SIFRA] => 0
            [DATUM] => 2020-12-10 00:00:00
            [TEXT_GRESKE] => 
            [KNJIZENO_KARTICA] => 
            [KNJIZENO_GLKNJIGA] => 
            [ZAKJUCANI_DN] => NE
        )

)

