2020-12-17 13:06:25 - &idfirma=1
2020-12-17 13:06:25 - Array
(
    [narudzba] => Array
        (
            [CMS_ID] => KHR124
            [DATUM_VRIJEME] => 16.12.2020 20:04:45
            [NARUCITELJ_CMS_ID] => 1
            [NARUCITELJ_EMAIL] => sillvac@gmail.com
            [NARUCITELJ_IME] => Silvija
            [NARUCITELJ_PREZIME] => Đerek
            [NARUCITELJ_ADRESA] => Vilima Korajca 19
            [NARUCITELJ_MJESTO] => Zagreb
            [NARUCITELJ_POSTA] => 10000
            [NARUCITELJ_TELEFON] => 0989966451
            [NARUCITELJ_NAZIV] => 
            [NARUCITELJ_OIB] => 
            [NARUCITELJ_VAT] => 
            [NARUCITELJ_ZEMLJA] => HRV
            [DOSTAVA_IME_PREZIME] => Silvija Đerek
            [DOSTAVA_ADRESA] => Vilima Korajca 19
            [DOSTAVA_MJESTO] => Zagreb
            [DOSTAVA_POSTA] => 10000
            [NAPOMENA] => 
            [VALUTA] => 191
            [IZNOS_UKUPNO] => 307.00
            [TECAJ] => 1
        )

    [stavke] => Array
        (
            [0] => Array
                (
                    [IDROBA] => US00000203
                    [KOLICINA] => 1
                    [CIJENA] => 35
                    [RABAT] => 0
                    [IZNOS] => 35
                )

            [1] => Array
                (
                    [IDROBA] => M5005.XXL
                    [KOLICINA] => 1
                    [CIJENA] => 148.00
                    [RABAT] => 0
                    [IZNOS] => 148.00
                )

            [2] => Array
                (
                    [IDROBA] => M7069.XXL
                    [KOLICINA] => 1
                    [CIJENA] => 124.00
                    [RABAT] => 0
                    [IZNOS] => 124.00
                )

        )

)

2020-12-17 13:06:26 - Array
(
    [creating] => start
    [ZAPIS] => Array
        (
            [IDDOK] => NAW
            [BROJDOK] => 101
            [STAVAKA] => 3
            [STAVKA] => 3
            [KOLICINA_SIFRA] => 0
            [DATUM] => 2020-12-17 00:00:00
            [TEXT_GRESKE] => 
            [KNJIZENO_KARTICA] => 
            [KNJIZENO_GLKNJIGA] => 
            [ZAKJUCANI_DN] => NE
        )

)

