2020-12-07 13:30:37 - Array
(
    [order_id] => 70
    [invoice_no] => 0
    [invoice_prefix] => INV-2020-00
    [store_id] => 0
    [store_name] => KOZO UNDERWEAR
    [store_url] => https://www.kozo-underwear.hr/
    [customer_id] => 51
    [customer_group_id] => 1
    [firstname] => Nada
    [lastname] => Androšić
    [email] => nadaandrosic53@gmail.com
    [telephone] => 00385912183115
    [fax] => 
    [custom_field] => 
    [payment_firstname] => Nada
    [payment_lastname] => Androšić
    [payment_company] => 
    [payment_address_1] => Dr Ive Stipčića 21
    [payment_address_2] => 
    [payment_city] => Sisak
    [payment_postcode] => 44000
    [payment_country] => Croatia
    [payment_country_id] => 53
    [payment_zone] => Bjelovarsko-bilogorska
    [payment_zone_id] => 847
    [payment_address_format] => 
    [payment_custom_field] => 
    [payment_method] => Plaćanje pouzećem
    [payment_code] => cod
    [shipping_firstname] => Nada
    [shipping_lastname] => Androšić
    [shipping_company] => 
    [shipping_address_1] => Dr Ive Stipčića 21
    [shipping_address_2] => 
    [shipping_city] => Sisak
    [shipping_postcode] => 44000
    [shipping_country] => Croatia
    [shipping_country_id] => 53
    [shipping_zone] => Bjelovarsko-bilogorska
    [shipping_zone_id] => 847
    [shipping_address_format] => 
    [shipping_custom_field] => 
    [shipping_method] => Dostava Intereuropa Hrvatska - Besplatna dostava za narudžbe iznad 350kn
    [shipping_code] => ultimate_shipping.ultimate_shipping_0
    [comment] => 
    [total] => 143.0000
    [order_status_id] => 1
    [affiliate_id] => 0
    [commission] => 0.0000
    [marketing_id] => 0
    [tracking] => 
    [language_id] => 2
    [currency_id] => 4
    [currency_code] => HRK
    [currency_value] => 1.00000000
    [ip] => 212.15.177.6
    [forwarded_ip] => 
    [user_agent] => Mozilla/5.0 (iPhone; CPU iPhone OS 14_2 like Mac OS X) AppleWebKit/605.1.15 (KHTML, like Gecko) GSA/135.0.343395442 Mobile/15E148 Safari/604.1
    [accept_language] => hr-hr
    [paid_order] => 0
    [intereuropa] => 1
    [date_added] => 2020-12-04 17:22:36
    [date_modified] => 2020-12-04 17:22:42
    [products] => Array
        (
            [0] => Array
                (
                    [order_product_id] => 175
                    [order_id] => 70
                    [product_id] => 108
                    [name] => MUŠKE BOKSERICE HIPSTER PRINT GEOMETRIC
                    [model] => M7040
                    [quantity] => 1
                    [price] => 108.0000
                    [total] => 108.0000
                    [tax] => 0.0000
                    [reward] => 0
                    [option] => Array
                        (
                            [order_option_id] => 156
                            [order_id] => 70
                            [order_product_id] => 175
                            [product_option_id] => 271
                            [product_option_value_id] => 242
                            [name] => Veličina
                            [value] => XL
                            [type] => radio
                            [sku] => 
                            [option_data] => Array
                                (
                                    [product_option_value_id] => 242
                                    [product_option_id] => 271
                                    [product_id] => 108
                                    [option_id] => 13
                                    [option_value_id] => 49
                                    [quantity] => 98
                                    [subtract] => 1
                                    [price] => 0.0000
                                    [price_prefix] => +
                                    [points] => 0
                                    [points_prefix] => +
                                    [weight] => 0.00000000
                                    [weight_prefix] => +
                                    [sku] => M7040.XL
                                )

                        )

                )

        )

    [totals] => Array
        (
            [0] => Array
                (
                    [order_total_id] => 229
                    [order_id] => 70
                    [code] => sub_total
                    [title] => Među suma
                    [value] => 108.0000
                    [sort_order] => 1
                )

            [1] => Array
                (
                    [order_total_id] => 230
                    [order_id] => 70
                    [code] => shipping
                    [title] => Dostava Intereuropa Hrvatska - Besplatna dostava za narudžbe iznad 350kn
                    [value] => 35.0000
                    [sort_order] => 3
                )

            [2] => Array
                (
                    [order_total_id] => 231
                    [order_id] => 70
                    [code] => total
                    [title] => Ukupno
                    [value] => 143.0000
                    [sort_order] => 9
                )

        )

    [status] => Array
        (
            [order_status_id] => 1
            [language_id] => 1
            [name] => Pending
        )

)

2020-12-07 13:30:37 - Array
(
    [narudzba] => Array
        (
            [CMS_ID] => KHR70
            [DATUM_VRIJEME] => 04.12.2020 17:22:42
            [NARUCITELJ_CMS_ID] => 1
            [NARUCITELJ_EMAIL] => nadaandrosic53@gmail.com
            [NARUCITELJ_IME] => Nada
            [NARUCITELJ_PREZIME] => Androšić
            [NARUCITELJ_ADRESA] => Dr Ive Stipčića 21
            [NARUCITELJ_MJESTO] => Sisak
            [NARUCITELJ_POSTA] => 44000
            [NARUCITELJ_TELEFON] => 00385912183115
            [NARUCITELJ_NAZIV] => 
            [NARUCITELJ_OIB] => 
            [NARUCITELJ_VAT] => 
            [NARUCITELJ_ZEMLJA] => HRV
            [DOSTAVA_IME_PREZIME] => Nada Androšić
            [DOSTAVA_ADRESA] => Dr Ive Stipčića 21
            [DOSTAVA_MJESTO] => Sisak
            [DOSTAVA_POSTA] => 44000
            [NAPOMENA] => 
            [VALUTA] => 191
            [IZNOS_UKUPNO] => 143.00
            [TECAJ] => 1
        )

    [stavke] => Array
        (
            [0] => Array
                (
                    [IDROBA] => US00000203
                    [KOLICINA] => 1
                    [CIJENA] => 35
                    [RABAT] => 0
                    [IZNOS] => 35
                )

            [1] => Array
                (
                    [IDROBA] => M7040.XL
                    [KOLICINA] => 1
                    [CIJENA] => 108.00
                    [RABAT] => 0
                    [IZNOS] => 108.00
                )

        )

)

2020-12-07 13:30:38 - Illuminate\Support\Collection Object
(
    [items:protected] => Array
        (
            [creating] => start
            [ZAPIS] => Array
                (
                    [IDDOK] => NAW
                    [BROJDOK] => 52
                    [STAVAKA] => 2
                    [STAVKA] => 2
                    [KOLICINA_SIFRA] => 0
                    [DATUM] => 2020-12-07 00:00:00
                    [TEXT_GRESKE] => 
                    [KNJIZENO_KARTICA] => 
                    [KNJIZENO_GLKNJIGA] => 
                    [ZAKJUCANI_DN] => NE
                )

        )

)

