2020-12-14 12:21:50 - &idfirma=1
2020-12-14 12:21:50 - Array
(
    [narudzba] => Array
        (
            [CMS_ID] => KHR102
            [DATUM_VRIJEME] => 11.12.2020 14:58:32
            [NARUCITELJ_CMS_ID] => 1
            [NARUCITELJ_EMAIL] => jczgrablic@gmail.com
            [NARUCITELJ_IME] => Jadranka
            [NARUCITELJ_PREZIME] => Cetina-Žgrablić
            [NARUCITELJ_ADRESA] => Krležina 35
            [NARUCITELJ_MJESTO] => Pula
            [NARUCITELJ_POSTA] => 52100
            [NARUCITELJ_TELEFON] => 0981744010
            [NARUCITELJ_NAZIV] => 
            [NARUCITELJ_OIB] => 
            [NARUCITELJ_VAT] => 
            [NARUCITELJ_ZEMLJA] => HRV
            [DOSTAVA_IME_PREZIME] => Jadranka Cetina-Žgrablić
            [DOSTAVA_ADRESA] => Krležina 35
            [DOSTAVA_MJESTO] => Pula
            [DOSTAVA_POSTA] => 52100
            [NAPOMENA] => 
            [VALUTA] => 191
            [IZNOS_UKUPNO] => 508.00
            [TECAJ] => 1
        )

    [stavke] => Array
        (
            [0] => Array
                (
                    [IDROBA] => US00000203
                    [KOLICINA] => 1
                    [CIJENA] => 0
                    [RABAT] => 0
                    [IZNOS] => 0
                )

            [1] => Array
                (
                    [IDROBA] => M7013.L
                    [KOLICINA] => 1
                    [CIJENA] => 100.00
                    [RABAT] => 0
                    [IZNOS] => 100.00
                )

            [2] => Array
                (
                    [IDROBA] => M7028.L
                    [KOLICINA] => 1
                    [CIJENA] => 100.00
                    [RABAT] => 0
                    [IZNOS] => 100.00
                )

            [3] => Array
                (
                    [IDROBA] => M7040.M
                    [KOLICINA] => 1
                    [CIJENA] => 108.00
                    [RABAT] => 0
                    [IZNOS] => 108.00
                )

            [4] => Array
                (
                    [IDROBA] => M7043.M
                    [KOLICINA] => 1
                    [CIJENA] => 108.00
                    [RABAT] => 0
                    [IZNOS] => 108.00
                )

            [5] => Array
                (
                    [IDROBA] => M7067.XL
                    [KOLICINA] => 1
                    [CIJENA] => 92.00
                    [RABAT] => 0
                    [IZNOS] => 92.00
                )

            [6] => Array
                (
                    [IDROBA] => P8010
                    [KOLICINA] => 1
                    [CIJENA] => 51.00
                    [RABAT] => 0
                    [IZNOS] => 51.00
                )

        )

)

2020-12-14 12:21:52 - Array
(
    [creating] => start
    [ZAPIS] => Array
        (
            [IDDOK] => NAW
            [BROJDOK] => 81
            [STAVAKA] => 7
            [STAVKA] => 7
            [KOLICINA_SIFRA] => 0
            [DATUM] => 2020-12-14 00:00:00
            [TEXT_GRESKE] => 
            [KNJIZENO_KARTICA] => 
            [KNJIZENO_GLKNJIGA] => 
            [ZAKJUCANI_DN] => NE
        )

)

