2020-12-21 12:21:37 - Array
(
    [order_id] => 143
    [invoice_no] => 0
    [invoice_prefix] => INV-2020-00
    [store_id] => 0
    [store_name] => KOZO UNDERWEAR
    [store_url] => https://www.kozo-underwear.hr/
    [customer_id] => 108
    [customer_group_id] => 1
    [firstname] => Novica
    [lastname] => Gajić
    [email] => novicagajic@yahoo.com
    [telephone] => 00 385 98 914 6326
    [fax] => 
    [custom_field] => 
    [payment_firstname] => Novica
    [payment_lastname] => Gajić
    [payment_company] => 
    [payment_address_1] => Gajićeva 30
    [payment_address_2] => 
    [payment_city] => Borovo
    [payment_postcode] => 32227
    [payment_country] => Croatia
    [payment_country_id] => 53
    [payment_zone] => HR
    [payment_zone_id] => 848
    [payment_address_format] => 
    [payment_custom_field] => 
    [payment_method] => Plaćanje pouzećem
    [payment_code] => cod
    [shipping_firstname] => Novica
    [shipping_lastname] => Gajić
    [shipping_company] => 
    [shipping_address_1] => Gajićeva 30
    [shipping_address_2] => 
    [shipping_city] => Borovo
    [shipping_postcode] => 32227
    [shipping_country] => Croatia
    [shipping_country_id] => 53
    [shipping_zone] => HR
    [shipping_zone_id] => 848
    [shipping_address_format] => 
    [shipping_custom_field] => 
    [shipping_method] => Besplatna dostava Intereuropa Hrvatska
    [shipping_code] => ultimate_shipping.ultimate_shipping_0
    [comment] => Order Comments: Pozvati prije uručivanja dostave.
    [total] => 390.4000
    [order_status_id] => 1
    [affiliate_id] => 0
    [commission] => 0.0000
    [marketing_id] => 0
    [tracking] => 
    [language_id] => 2
    [currency_id] => 4
    [currency_code] => HRK
    [currency_value] => 1.00000000
    [ip] => 185.18.60.239
    [forwarded_ip] => 
    [user_agent] => Mozilla/5.0 (Linux; Android 10; SM-A515F Build/QP1A.190711.020; wv) AppleWebKit/537.36 (KHTML, like Gecko) Version/4.0 Chrome/87.0.4280.101 Mobile Safari/537.36 [FB_IAB/FB4A;FBAV/300.0.0.51.129;]
    [accept_language] => hr-HR,hr;q=0.9,en-US;q=0.8,en;q=0.7
    [paid_order] => 0
    [intereuropa] => 1
    [date_added] => 2020-12-20 10:05:11
    [date_modified] => 2020-12-20 10:05:18
    [products] => Array
        (
            [0] => Array
                (
                    [order_product_id] => 379
                    [order_id] => 143
                    [product_id] => 72
                    [name] => MUŠKA PIDŽAMA DONJI DIO
                    [model] => M5003
                    [quantity] => 1
                    [price] => 118.4000
                    [total] => 118.4000
                    [tax] => 0.0000
                    [reward] => 0
                    [option] => Array
                        (
                            [order_option_id] => 339
                            [order_id] => 143
                            [order_product_id] => 379
                            [product_option_id] => 235
                            [product_option_value_id] => 51
                            [name] => Veličina
                            [value] => M
                            [type] => radio
                            [sku] => 
                            [option_data] => Array
                                (
                                    [product_option_value_id] => 51
                                    [product_option_id] => 235
                                    [product_id] => 72
                                    [option_id] => 13
                                    [option_value_id] => 51
                                    [quantity] => 99
                                    [subtract] => 1
                                    [price] => 0.0000
                                    [price_prefix] => 
                                    [points] => 0
                                    [points_prefix] => +
                                    [weight] => 0.00000000
                                    [weight_prefix] => +
                                    [sku] => M5003.M
                                )

                        )

                )

            [1] => Array
                (
                    [order_product_id] => 380
                    [order_id] => 143
                    [product_id] => 75
                    [name] => MUŠKA PIDŽAMA DONJI DIO
                    [model] => M5007
                    [quantity] => 1
                    [price] => 116.0000
                    [total] => 116.0000
                    [tax] => 0.0000
                    [reward] => 0
                    [option] => Array
                        (
                            [order_option_id] => 340
                            [order_id] => 143
                            [order_product_id] => 380
                            [product_option_id] => 238
                            [product_option_value_id] => 69
                            [name] => Veličina
                            [value] => M
                            [type] => radio
                            [sku] => 
                            [option_data] => Array
                                (
                                    [product_option_value_id] => 69
                                    [product_option_id] => 238
                                    [product_id] => 75
                                    [option_id] => 13
                                    [option_value_id] => 51
                                    [quantity] => 99
                                    [subtract] => 1
                                    [price] => 0.0000
                                    [price_prefix] => 
                                    [points] => 0
                                    [points_prefix] => +
                                    [weight] => 0.00000000
                                    [weight_prefix] => +
                                    [sku] => M5007.M
                                )

                        )

                )

            [2] => Array
                (
                    [order_product_id] => 381
                    [order_id] => 143
                    [product_id] => 79
                    [name] => MUŠKA PIDŽAMA DONJI DIO
                    [model] => M5008
                    [quantity] => 1
                    [price] => 156.0000
                    [total] => 156.0000
                    [tax] => 0.0000
                    [reward] => 0
                    [option] => Array
                        (
                            [order_option_id] => 341
                            [order_id] => 143
                            [order_product_id] => 381
                            [product_option_id] => 242
                            [product_option_value_id] => 92
                            [name] => Veličina
                            [value] => M
                            [type] => radio
                            [sku] => 
                            [option_data] => Array
                                (
                                    [product_option_value_id] => 92
                                    [product_option_id] => 242
                                    [product_id] => 79
                                    [option_id] => 13
                                    [option_value_id] => 51
                                    [quantity] => 98
                                    [subtract] => 1
                                    [price] => 0.0000
                                    [price_prefix] => 
                                    [points] => 0
                                    [points_prefix] => +
                                    [weight] => 0.00000000
                                    [weight_prefix] => +
                                    [sku] => M5008.M
                                )

                        )

                )

        )

    [totals] => Array
        (
            [0] => Array
                (
                    [order_total_id] => 472
                    [order_id] => 143
                    [code] => sub_total
                    [title] => Među suma
                    [value] => 390.4000
                    [sort_order] => 1
                )

            [1] => Array
                (
                    [order_total_id] => 473
                    [order_id] => 143
                    [code] => shipping
                    [title] => Besplatna dostava Intereuropa Hrvatska
                    [value] => 0.0000
                    [sort_order] => 3
                )

            [2] => Array
                (
                    [order_total_id] => 474
                    [order_id] => 143
                    [code] => total
                    [title] => Ukupno
                    [value] => 390.4000
                    [sort_order] => 9
                )

        )

    [status] => Array
        (
            [order_status_id] => 1
            [language_id] => 1
            [name] => Pending
        )

)

2020-12-21 12:21:37 - Array
(
    [narudzba] => Array
        (
            [CMS_ID] => KHR143
            [DATUM_VRIJEME] => 20.12.2020 10:05:18
            [NARUCITELJ_CMS_ID] => 1
            [NARUCITELJ_EMAIL] => novicagajic@yahoo.com
            [NARUCITELJ_IME] => Novica
            [NARUCITELJ_PREZIME] => Gajić
            [NARUCITELJ_ADRESA] => Gajićeva 30
            [NARUCITELJ_MJESTO] => Borovo
            [NARUCITELJ_POSTA] => 32227
            [NARUCITELJ_TELEFON] => 00 385 98 914 6326
            [NARUCITELJ_NAZIV] => 
            [NARUCITELJ_OIB] => 
            [NARUCITELJ_VAT] => 
            [NARUCITELJ_ZEMLJA] => HRV
            [DOSTAVA_IME_PREZIME] => Novica Gajić
            [DOSTAVA_ADRESA] => Gajićeva 30
            [DOSTAVA_MJESTO] => Borovo
            [DOSTAVA_POSTA] => 32227
            [NAPOMENA] => Order Comments: Pozvati prije uručivanja dostave.
            [VALUTA] => 191
            [IZNOS_UKUPNO] => 390.40
            [TECAJ] => 1
        )

    [stavke] => Array
        (
            [0] => Array
                (
                    [IDROBA] => US00000203
                    [KOLICINA] => 1
                    [CIJENA] => 0
                    [RABAT] => 0
                    [IZNOS] => 0
                )

            [1] => Array
                (
                    [IDROBA] => M5003.M
                    [KOLICINA] => 1
                    [CIJENA] => 118.40
                    [RABAT] => 0
                    [IZNOS] => 118.40
                )

            [2] => Array
                (
                    [IDROBA] => M5007.M
                    [KOLICINA] => 1
                    [CIJENA] => 116.00
                    [RABAT] => 0
                    [IZNOS] => 116.00
                )

            [3] => Array
                (
                    [IDROBA] => M5008.M
                    [KOLICINA] => 1
                    [CIJENA] => 156.00
                    [RABAT] => 0
                    [IZNOS] => 156.00
                )

        )

)

2020-12-21 12:21:38 - Illuminate\Support\Collection Object
(
    [items:protected] => Array
        (
            [creating] => start
            [ZAPIS] => Array
                (
                    [IDDOK] => NAW
                    [BROJDOK] => 114
                    [STAVAKA] => 4
                    [STAVKA] => 4
                    [KOLICINA_SIFRA] => 0
                    [DATUM] => 2020-12-21 00:00:00
                    [TEXT_GRESKE] => 
                    [KNJIZENO_KARTICA] => 
                    [KNJIZENO_GLKNJIGA] => 
                    [ZAKJUCANI_DN] => NE
                )

        )

)

