2020-12-23 13:46:01 - &idfirma=1
2020-12-23 13:46:01 - Array
(
    [narudzba] => Array
        (
            [CMS_ID] => KHR156
            [DATUM_VRIJEME] => 22.12.2020 15:05:32
            [NARUCITELJ_CMS_ID] => 1
            [NARUCITELJ_EMAIL] => ivancoric89@gmail.com
            [NARUCITELJ_IME] => Ivan
            [NARUCITELJ_PREZIME] => Ćorić
            [NARUCITELJ_ADRESA] => Crkvena ulica 65
            [NARUCITELJ_MJESTO] => Kutina
            [NARUCITELJ_POSTA] => 44320
            [NARUCITELJ_TELEFON] => +385958502003
            [NARUCITELJ_NAZIV] => 
            [NARUCITELJ_OIB] => 
            [NARUCITELJ_VAT] => 
            [NARUCITELJ_ZEMLJA] => HRV
            [DOSTAVA_IME_PREZIME] => Ivan Ćorić
            [DOSTAVA_ADRESA] => Crkvena ulica 65
            [DOSTAVA_MJESTO] => Kutina
            [DOSTAVA_POSTA] => 44320
            [NAPOMENA] => 
            [VALUTA] => 191
            [IZNOS_UKUPNO] => 135.00
            [TECAJ] => 1
        )

    [stavke] => Array
        (
            [0] => Array
                (
                    [IDROBA] => US00000203
                    [KOLICINA] => 1
                    [CIJENA] => 35
                    [RABAT] => 0
                    [IZNOS] => 35
                )

            [1] => Array
                (
                    [IDROBA] => M7085.XXL
                    [KOLICINA] => 1
                    [CIJENA] => 100.00
                    [RABAT] => 0
                    [IZNOS] => 100.00
                )

        )

)

2020-12-23 13:46:02 - Array
(
    [creating] => start
    [ZAPIS] => Array
        (
            [IDDOK] => NAW
            [BROJDOK] => 121
            [STAVAKA] => 2
            [STAVKA] => 2
            [KOLICINA_SIFRA] => 0
            [DATUM] => 2020-12-23 00:00:00
            [TEXT_GRESKE] => 
            [KNJIZENO_KARTICA] => 
            [KNJIZENO_GLKNJIGA] => 
            [ZAKJUCANI_DN] => NE
        )

)

