2020-12-10 11:57:55 - &idfirma=1
2020-12-10 11:57:55 - Array
(
    [narudzba] => Array
        (
            [CMS_ID] => KHR85
            [DATUM_VRIJEME] => 09.12.2020 13:25:08
            [NARUCITELJ_CMS_ID] => 1
            [NARUCITELJ_EMAIL] => sladanaglavinovic@gmail.com
            [NARUCITELJ_IME] => Slađana
            [NARUCITELJ_PREZIME] => Glavinović
            [NARUCITELJ_ADRESA] => Velebitska 74
            [NARUCITELJ_MJESTO] => Split
            [NARUCITELJ_POSTA] => 21000
            [NARUCITELJ_TELEFON] => 098667731
            [NARUCITELJ_NAZIV] => 
            [NARUCITELJ_OIB] => 
            [NARUCITELJ_VAT] => 
            [NARUCITELJ_ZEMLJA] => HRV
            [DOSTAVA_IME_PREZIME] => Slađana Glavinović
            [DOSTAVA_ADRESA] => Velebitska 74
            [DOSTAVA_MJESTO] => Split
            [DOSTAVA_POSTA] => 21000
            [NAPOMENA] => Order Comments: Molim nazvati na mobitel prije dostave. Hvala 
Lp
Slađana Glavinović
            [VALUTA] => 191
            [IZNOS_UKUPNO] => 135.00
            [TECAJ] => 1
        )

    [stavke] => Array
        (
            [0] => Array
                (
                    [IDROBA] => US00000203
                    [KOLICINA] => 1
                    [CIJENA] => 35
                    [RABAT] => 0
                    [IZNOS] => 35
                )

            [1] => Array
                (
                    [IDROBA] => M7036.XL
                    [KOLICINA] => 1
                    [CIJENA] => 100.00
                    [RABAT] => 0
                    [IZNOS] => 100.00
                )

        )

)

2020-12-10 11:57:56 - Array
(
    [creating] => start
    [ZAPIS] => Array
        (
            [IDDOK] => NAW
            [BROJDOK] => 70
            [STAVAKA] => 2
            [STAVKA] => 2
            [KOLICINA_SIFRA] => 0
            [DATUM] => 2020-12-10 00:00:00
            [TEXT_GRESKE] => 
            [KNJIZENO_KARTICA] => 
            [KNJIZENO_GLKNJIGA] => 
            [ZAKJUCANI_DN] => NE
        )

)

