2020-12-21 12:20:57 - Array
(
    [order_id] => 139
    [invoice_no] => 0
    [invoice_prefix] => INV-2020-00
    [store_id] => 0
    [store_name] => KOZO UNDERWEAR
    [store_url] => https://www.kozo-underwear.hr/
    [customer_id] => 104
    [customer_group_id] => 1
    [firstname] => vice
    [lastname] => budimir
    [email] => vicebudimir@gmail.com
    [telephone] => 0953334434
    [fax] => 
    [custom_field] => 
    [payment_firstname] => vice
    [payment_lastname] => budimir
    [payment_company] => 
    [payment_address_1] => cosin potok 31b
    [payment_address_2] => 
    [payment_city] => sinj
    [payment_postcode] => 21230
    [payment_country] => Croatia
    [payment_country_id] => 53
    [payment_zone] => 
    [payment_zone_id] => 0
    [payment_address_format] => 
    [payment_custom_field] => 
    [payment_method] => Bankovna transakcija (internet bankarstvo)
    [payment_code] => bank_transfer
    [shipping_firstname] => vice
    [shipping_lastname] => budimir
    [shipping_company] => 
    [shipping_address_1] => cosin potok 31b
    [shipping_address_2] => 
    [shipping_city] => sinj
    [shipping_postcode] => 21230
    [shipping_country] => Croatia
    [shipping_country_id] => 53
    [shipping_zone] => 
    [shipping_zone_id] => 0
    [shipping_address_format] => 
    [shipping_custom_field] => 
    [shipping_method] => Besplatna dostava Intereuropa Hrvatska
    [shipping_code] => ultimate_shipping.ultimate_shipping_0
    [comment] => 
    [total] => 359.2000
    [order_status_id] => 1
    [affiliate_id] => 0
    [commission] => 0.0000
    [marketing_id] => 0
    [tracking] => 
    [language_id] => 2
    [currency_id] => 4
    [currency_code] => HRK
    [currency_value] => 1.00000000
    [ip] => 95.178.176.164
    [forwarded_ip] => 
    [user_agent] => Mozilla/5.0 (Windows NT 6.2; Win64; x64; rv:84.0) Gecko/20100101 Firefox/84.0
    [accept_language] => en-US,en;q=0.5
    [paid_order] => 0
    [intereuropa] => 1
    [date_added] => 2020-12-18 10:45:00
    [date_modified] => 2020-12-18 10:45:16
    [products] => Array
        (
            [0] => Array
                (
                    [order_product_id] => 363
                    [order_id] => 139
                    [product_id] => 65
                    [name] => MUŠKE GAĆE SLIP BIJELE
                    [model] => M7001
                    [quantity] => 1
                    [price] => 71.2000
                    [total] => 71.2000
                    [tax] => 0.0000
                    [reward] => 0
                    [option] => Array
                        (
                            [order_option_id] => 324
                            [order_id] => 139
                            [order_product_id] => 363
                            [product_option_id] => 229
                            [product_option_value_id] => 508
                            [name] => Veličina
                            [value] => L
                            [type] => radio
                            [sku] => 
                            [option_data] => Array
                                (
                                    [product_option_value_id] => 508
                                    [product_option_id] => 229
                                    [product_id] => 65
                                    [option_id] => 13
                                    [option_value_id] => 50
                                    [quantity] => 100
                                    [subtract] => 0
                                    [price] => 0.0000
                                    [price_prefix] => 
                                    [points] => 0
                                    [points_prefix] => +
                                    [weight] => 0.00000000
                                    [weight_prefix] => +
                                    [sku] => M7001.L
                                )

                        )

                )

            [1] => Array
                (
                    [order_product_id] => 364
                    [order_id] => 139
                    [product_id] => 73
                    [name] => MUŠKA PIDŽAMA GORNJI DIO
                    [model] => M5006
                    [quantity] => 1
                    [price] => 148.0000
                    [total] => 148.0000
                    [tax] => 0.0000
                    [reward] => 0
                    [option] => Array
                        (
                            [order_option_id] => 325
                            [order_id] => 139
                            [order_product_id] => 364
                            [product_option_id] => 236
                            [product_option_value_id] => 53
                            [name] => Veličina
                            [value] => L
                            [type] => radio
                            [sku] => 
                            [option_data] => Array
                                (
                                    [product_option_value_id] => 53
                                    [product_option_id] => 236
                                    [product_id] => 73
                                    [option_id] => 13
                                    [option_value_id] => 50
                                    [quantity] => 99
                                    [subtract] => 1
                                    [price] => 0.0000
                                    [price_prefix] => 
                                    [points] => 0
                                    [points_prefix] => +
                                    [weight] => 0.00000000
                                    [weight_prefix] => +
                                    [sku] => M5006.L
                                )

                        )

                )

            [2] => Array
                (
                    [order_product_id] => 365
                    [order_id] => 139
                    [product_id] => 74
                    [name] => MUŠKA PIDŽAMA GORNJI DIO
                    [model] => M5004
                    [quantity] => 1
                    [price] => 140.0000
                    [total] => 140.0000
                    [tax] => 0.0000
                    [reward] => 0
                    [option] => Array
                        (
                            [order_option_id] => 326
                            [order_id] => 139
                            [order_product_id] => 365
                            [product_option_id] => 237
                            [product_option_value_id] => 62
                            [name] => Veličina
                            [value] => L
                            [type] => radio
                            [sku] => 
                            [option_data] => Array
                                (
                                    [product_option_value_id] => 62
                                    [product_option_id] => 237
                                    [product_id] => 74
                                    [option_id] => 13
                                    [option_value_id] => 50
                                    [quantity] => 99
                                    [subtract] => 1
                                    [price] => 0.0000
                                    [price_prefix] => 
                                    [points] => 0
                                    [points_prefix] => +
                                    [weight] => 0.00000000
                                    [weight_prefix] => +
                                    [sku] => M5004.L
                                )

                        )

                )

        )

    [totals] => Array
        (
            [0] => Array
                (
                    [order_total_id] => 459
                    [order_id] => 139
                    [code] => sub_total
                    [title] => Među suma
                    [value] => 359.2000
                    [sort_order] => 1
                )

            [1] => Array
                (
                    [order_total_id] => 460
                    [order_id] => 139
                    [code] => shipping
                    [title] => Besplatna dostava Intereuropa Hrvatska
                    [value] => 0.0000
                    [sort_order] => 3
                )

            [2] => Array
                (
                    [order_total_id] => 461
                    [order_id] => 139
                    [code] => total
                    [title] => Ukupno
                    [value] => 359.2000
                    [sort_order] => 9
                )

        )

    [status] => Array
        (
            [order_status_id] => 1
            [language_id] => 1
            [name] => Pending
        )

)

2020-12-21 12:20:57 - Array
(
    [narudzba] => Array
        (
            [CMS_ID] => KHR139
            [DATUM_VRIJEME] => 18.12.2020 10:45:16
            [NARUCITELJ_CMS_ID] => 1
            [NARUCITELJ_EMAIL] => vicebudimir@gmail.com
            [NARUCITELJ_IME] => vice
            [NARUCITELJ_PREZIME] => budimir
            [NARUCITELJ_ADRESA] => cosin potok 31b
            [NARUCITELJ_MJESTO] => sinj
            [NARUCITELJ_POSTA] => 21230
            [NARUCITELJ_TELEFON] => 0953334434
            [NARUCITELJ_NAZIV] => 
            [NARUCITELJ_OIB] => 
            [NARUCITELJ_VAT] => 
            [NARUCITELJ_ZEMLJA] => HRV
            [DOSTAVA_IME_PREZIME] => vice budimir
            [DOSTAVA_ADRESA] => cosin potok 31b
            [DOSTAVA_MJESTO] => sinj
            [DOSTAVA_POSTA] => 21230
            [NAPOMENA] => 
            [VALUTA] => 191
            [IZNOS_UKUPNO] => 359.20
            [TECAJ] => 1
        )

    [stavke] => Array
        (
            [0] => Array
                (
                    [IDROBA] => US00000203
                    [KOLICINA] => 1
                    [CIJENA] => 0
                    [RABAT] => 0
                    [IZNOS] => 0
                )

            [1] => Array
                (
                    [IDROBA] => M7001.L
                    [KOLICINA] => 1
                    [CIJENA] => 71.20
                    [RABAT] => 0
                    [IZNOS] => 71.20
                )

            [2] => Array
                (
                    [IDROBA] => M5006.L
                    [KOLICINA] => 1
                    [CIJENA] => 148.00
                    [RABAT] => 0
                    [IZNOS] => 148.00
                )

            [3] => Array
                (
                    [IDROBA] => M5004.L
                    [KOLICINA] => 1
                    [CIJENA] => 140.00
                    [RABAT] => 0
                    [IZNOS] => 140.00
                )

        )

)

2020-12-21 12:20:58 - Illuminate\Support\Collection Object
(
    [items:protected] => Array
        (
            [creating] => start
            [ZAPIS] => Array
                (
                    [IDDOK] => NAW
                    [BROJDOK] => 112
                    [STAVAKA] => 4
                    [STAVKA] => 4
                    [KOLICINA_SIFRA] => 0
                    [DATUM] => 2020-12-21 00:00:00
                    [TEXT_GRESKE] => 
                    [KNJIZENO_KARTICA] => 
                    [KNJIZENO_GLKNJIGA] => 
                    [ZAKJUCANI_DN] => NE
                )

        )

)

