2020-12-09 13:39:34 - Array
(
    [order_id] => 77
    [invoice_no] => 0
    [invoice_prefix] => INV-2020-00
    [store_id] => 0
    [store_name] => KOZO UNDERWEAR
    [store_url] => https://www.kozo-underwear.hr/
    [customer_id] => 58
    [customer_group_id] => 1
    [firstname] => Ana Marija
    [lastname] => Horvat
    [email] => anamarija.courage@gmail.com
    [telephone] => 0912410874
    [fax] => 
    [custom_field] => 
    [payment_firstname] => Ana Marija
    [payment_lastname] => Horvat
    [payment_company] => 
    [payment_address_1] => Janka Slogara 2
    [payment_address_2] => 
    [payment_city] => ČAKOVEC
    [payment_postcode] => 40000
    [payment_country] => Croatia
    [payment_country_id] => 53
    [payment_zone] => Bjelovarsko-bilogorska
    [payment_zone_id] => 847
    [payment_address_format] => 
    [payment_custom_field] => 
    [payment_method] => Kreditne kartice / Debitne Kartice (CorvusPay)
    [payment_code] => corvuspay
    [shipping_firstname] => Ana Marija
    [shipping_lastname] => Horvat
    [shipping_company] => 
    [shipping_address_1] => Janka Slogara 2
    [shipping_address_2] => 
    [shipping_city] => ČAKOVEC
    [shipping_postcode] => 40000
    [shipping_country] => Croatia
    [shipping_country_id] => 53
    [shipping_zone] => Bjelovarsko-bilogorska
    [shipping_zone_id] => 847
    [shipping_address_format] => 
    [shipping_custom_field] => 
    [shipping_method] => Dostava Intereuropa Hrvatska - Besplatna dostava za narudžbe iznad 350kn
    [shipping_code] => ultimate_shipping.ultimate_shipping_0
    [comment] => 
    [total] => 223.0000
    [order_status_id] => 5
    [affiliate_id] => 0
    [commission] => 0.0000
    [marketing_id] => 0
    [tracking] => 
    [language_id] => 2
    [currency_id] => 4
    [currency_code] => HRK
    [currency_value] => 1.00000000
    [ip] => 77.216.39.250
    [forwarded_ip] => 
    [user_agent] => Mozilla/5.0 (Windows NT 10.0; Win64; x64) AppleWebKit/537.36 (KHTML, like Gecko) Chrome/87.0.4280.88 Safari/537.36
    [accept_language] => hr-HR,hr;q=0.9,en-US;q=0.8,en;q=0.7
    [paid_order] => 0
    [intereuropa] => 1
    [date_added] => 2020-12-08 12:00:47
    [date_modified] => 2020-12-08 12:02:57
    [products] => Array
        (
            [0] => Array
                (
                    [order_product_id] => 191
                    [order_id] => 77
                    [product_id] => 135
                    [name] => MUŠKA POTKOŠULJA ŠIRA RAMENICA CRNA
                    [model] => M7068
                    [quantity] => 1
                    [price] => 96.0000
                    [total] => 96.0000
                    [tax] => 0.0000
                    [reward] => 0
                    [option] => Array
                        (
                            [order_option_id] => 170
                            [order_id] => 77
                            [order_product_id] => 191
                            [product_option_id] => 298
                            [product_option_value_id] => 384
                            [name] => Veličina
                            [value] => M
                            [type] => radio
                            [sku] => 
                            [option_data] => Array
                                (
                                    [product_option_value_id] => 384
                                    [product_option_id] => 298
                                    [product_id] => 135
                                    [option_id] => 13
                                    [option_value_id] => 51
                                    [quantity] => 100
                                    [subtract] => 1
                                    [price] => 0.0000
                                    [price_prefix] => 
                                    [points] => 0
                                    [points_prefix] => +
                                    [weight] => 0.00000000
                                    [weight_prefix] => +
                                    [sku] => M7068.M
                                )

                        )

                )

            [1] => Array
                (
                    [order_product_id] => 192
                    [order_id] => 77
                    [product_id] => 137
                    [name] => MUŠKA POTKOŠULJA UŽA RAMENICA CRNA
                    [model] => M7067
                    [quantity] => 1
                    [price] => 92.0000
                    [total] => 92.0000
                    [tax] => 0.0000
                    [reward] => 0
                    [option] => Array
                        (
                            [order_option_id] => 171
                            [order_id] => 77
                            [order_product_id] => 192
                            [product_option_id] => 300
                            [product_option_value_id] => 394
                            [name] => Veličina
                            [value] => M
                            [type] => radio
                            [sku] => 
                            [option_data] => Array
                                (
                                    [product_option_value_id] => 394
                                    [product_option_id] => 300
                                    [product_id] => 137
                                    [option_id] => 13
                                    [option_value_id] => 51
                                    [quantity] => 100
                                    [subtract] => 1
                                    [price] => 0.0000
                                    [price_prefix] => 
                                    [points] => 0
                                    [points_prefix] => +
                                    [weight] => 0.00000000
                                    [weight_prefix] => +
                                    [sku] => M7067.M
                                )

                        )

                )

        )

    [totals] => Array
        (
            [0] => Array
                (
                    [order_total_id] => 252
                    [order_id] => 77
                    [code] => sub_total
                    [title] => Među suma
                    [value] => 188.0000
                    [sort_order] => 1
                )

            [1] => Array
                (
                    [order_total_id] => 253
                    [order_id] => 77
                    [code] => shipping
                    [title] => Dostava Intereuropa Hrvatska - Besplatna dostava za narudžbe iznad 350kn
                    [value] => 35.0000
                    [sort_order] => 3
                )

            [2] => Array
                (
                    [order_total_id] => 254
                    [order_id] => 77
                    [code] => total
                    [title] => Ukupno
                    [value] => 223.0000
                    [sort_order] => 9
                )

        )

    [status] => Array
        (
            [order_status_id] => 5
            [language_id] => 1
            [name] => Complete
        )

)

2020-12-09 13:39:34 - Array
(
    [narudzba] => Array
        (
            [CMS_ID] => KHR77
            [DATUM_VRIJEME] => 08.12.2020 12:02:57
            [NARUCITELJ_CMS_ID] => 1
            [NARUCITELJ_EMAIL] => anamarija.courage@gmail.com
            [NARUCITELJ_IME] => Ana Marija
            [NARUCITELJ_PREZIME] => Horvat
            [NARUCITELJ_ADRESA] => Janka Slogara 2
            [NARUCITELJ_MJESTO] => ČAKOVEC
            [NARUCITELJ_POSTA] => 40000
            [NARUCITELJ_TELEFON] => 0912410874
            [NARUCITELJ_NAZIV] => 
            [NARUCITELJ_OIB] => 
            [NARUCITELJ_VAT] => 
            [NARUCITELJ_ZEMLJA] => HRV
            [DOSTAVA_IME_PREZIME] => Ana Marija Horvat
            [DOSTAVA_ADRESA] => Janka Slogara 2
            [DOSTAVA_MJESTO] => ČAKOVEC
            [DOSTAVA_POSTA] => 40000
            [NAPOMENA] => 
            [VALUTA] => 191
            [IZNOS_UKUPNO] => 223.00
            [TECAJ] => 1
        )

    [stavke] => Array
        (
            [0] => Array
                (
                    [IDROBA] => US00000203
                    [KOLICINA] => 1
                    [CIJENA] => 35
                    [RABAT] => 0
                    [IZNOS] => 35
                )

            [1] => Array
                (
                    [IDROBA] => M7068.M
                    [KOLICINA] => 1
                    [CIJENA] => 96.00
                    [RABAT] => 0
                    [IZNOS] => 96.00
                )

            [2] => Array
                (
                    [IDROBA] => M7067.M
                    [KOLICINA] => 1
                    [CIJENA] => 92.00
                    [RABAT] => 0
                    [IZNOS] => 92.00
                )

        )

)

2020-12-09 13:39:43 - Illuminate\Support\Collection Object
(
    [items:protected] => Array
        (
            [creating] => start
            [ZAPIS] => Array
                (
                    [IDDOK] => NAW
                    [BROJDOK] => 60
                    [STAVAKA] => 3
                    [STAVKA] => 3
                    [KOLICINA_SIFRA] => 0
                    [DATUM] => 2020-12-09 00:00:00
                    [TEXT_GRESKE] => 
                    [KNJIZENO_KARTICA] => 
                    [KNJIZENO_GLKNJIGA] => 
                    [ZAKJUCANI_DN] => NE
                )

        )

)

