2020-12-04 13:47:42 - &idfirma=1
2020-12-04 13:47:42 - Array
(
    [narudzba] => Array
        (
            [CMS_ID] => KHR64
            [DATUM_VRIJEME] => 03.12.2020 13:10:17
            [NARUCITELJ_CMS_ID] => 1
            [NARUCITELJ_EMAIL] => lea.ilicic93@gmail.com
            [NARUCITELJ_IME] => Lea
            [NARUCITELJ_PREZIME] => Iličić
            [NARUCITELJ_ADRESA] => Siget 15a
            [NARUCITELJ_MJESTO] => Zagreb
            [NARUCITELJ_POSTA] => 10020
            [NARUCITELJ_TELEFON] => 0917257121
            [NARUCITELJ_NAZIV] => 
            [NARUCITELJ_OIB] => 
            [NARUCITELJ_VAT] => 
            [NARUCITELJ_ZEMLJA] => HRV
            [DOSTAVA_IME_PREZIME] => Lea Iličić
            [DOSTAVA_ADRESA] => Siget 15a
            [DOSTAVA_MJESTO] => Zagreb
            [DOSTAVA_POSTA] => 10020
            [NAPOMENA] => 
            [VALUTA] => 191
            [IZNOS_UKUPNO] => 127.00
            [TECAJ] => 1
        )

    [stavke] => Array
        (
            [0] => Array
                (
                    [IDROBA] => US00000203
                    [KOLICINA] => 1
                    [CIJENA] => 35
                    [RABAT] => 0
                    [IZNOS] => 35
                )

            [1] => Array
                (
                    [IDROBA] => M7080.S
                    [KOLICINA] => 1
                    [CIJENA] => 92.00
                    [RABAT] => 0
                    [IZNOS] => 92.00
                )

        )

)

2020-12-04 13:47:46 - Array
(
    [creating] => start
    [ZAPIS] => Array
        (
            [IDDOK] => NAW
            [BROJDOK] => 45
            [STAVAKA] => 2
            [STAVKA] => 2
            [KOLICINA_SIFRA] => 0
            [DATUM] => 2020-12-04 00:00:00
            [TEXT_GRESKE] => 
            [KNJIZENO_KARTICA] => 
            [KNJIZENO_GLKNJIGA] => 
            [ZAKJUCANI_DN] => NE
        )

)

