2020-12-01 12:43:46 - Array
(
    [order_id] => 56
    [invoice_no] => 0
    [invoice_prefix] => INV-2020-00
    [store_id] => 0
    [store_name] => KOZO UNDERWEAR
    [store_url] => https://www.kozo-underwear.hr/
    [customer_id] => 26
    [customer_group_id] => 1
    [firstname] => Dubravka
    [lastname] => Jugović
    [email] => jugovicdu@gmail.com
    [telephone] => 0981359990
    [fax] => 
    [custom_field] => 
    [payment_firstname] => Dubravka
    [payment_lastname] => Jugović
    [payment_company] => 
    [payment_address_1] => Antuna Mihanovića 24
    [payment_address_2] => 
    [payment_city] => Križevci
    [payment_postcode] => 48260
    [payment_country] => Croatia
    [payment_country_id] => 53
    [payment_zone] => 
    [payment_zone_id] => 0
    [payment_address_format] => 
    [payment_custom_field] => 
    [payment_method] => Kreditne kartice / Debitne Kartice (CorvusPay)
    [payment_code] => corvuspay
    [shipping_firstname] => Dubravka
    [shipping_lastname] => Jugović
    [shipping_company] => 
    [shipping_address_1] => Milovana Muževića 212
    [shipping_address_2] => 
    [shipping_city] => Dramalj
    [shipping_postcode] => 51265
    [shipping_country] => Croatia
    [shipping_country_id] => 53
    [shipping_zone] => 
    [shipping_zone_id] => 0
    [shipping_address_format] => 
    [shipping_custom_field] => 
    [shipping_method] => Besplatna dostava Intereuropa Hrvatska
    [shipping_code] => ultimate_shipping.ultimate_shipping_0
    [comment] => 
    [total] => 524.0000
    [order_status_id] => 5
    [affiliate_id] => 0
    [commission] => 0.0000
    [marketing_id] => 0
    [tracking] => 
    [language_id] => 2
    [currency_id] => 4
    [currency_code] => HRK
    [currency_value] => 1.00000000
    [ip] => 93.137.192.104
    [forwarded_ip] => 
    [user_agent] => Mozilla/5.0 (Linux; U; Android 7.1.2; hr-hr; Redmi Note 5A Prime Build/N2G47H) AppleWebKit/537.36 (KHTML, like Gecko) Version/4.0 Chrome/71.0.3578.141 Mobile Safari/537.36 XiaoMi/MiuiBrowser/12.6.6-go
    [accept_language] => hr-HR,en-US;q=0.9
    [paid_order] => 0
    [intereuropa] => 1
    [date_added] => 2020-11-30 13:11:49
    [date_modified] => 2020-11-30 13:14:53
    [products] => Array
        (
            [0] => Array
                (
                    [order_product_id] => 128
                    [order_id] => 56
                    [product_id] => 64
                    [name] => MUŠKE BOKSERICE HIPSTER BIJELE
                    [model] => M7002
                    [quantity] => 1
                    [price] => 100.0000
                    [total] => 100.0000
                    [tax] => 0.0000
                    [reward] => 0
                    [option] => Array
                        (
                            [order_option_id] => 116
                            [order_id] => 56
                            [order_product_id] => 128
                            [product_option_id] => 332
                            [product_option_value_id] => 495
                            [name] => Veličina
                            [value] => XXL
                            [type] => radio
                            [sku] => 
                            [option_data] => Array
                                (
                                    [product_option_value_id] => 495
                                    [product_option_id] => 332
                                    [product_id] => 64
                                    [option_id] => 13
                                    [option_value_id] => 53
                                    [quantity] => 99
                                    [subtract] => 1
                                    [price] => 0.0000
                                    [price_prefix] => +
                                    [points] => 0
                                    [points_prefix] => +
                                    [weight] => 0.00000000
                                    [weight_prefix] => +
                                    [sku] => M7002.XXL
                                )

                        )

                )

            [1] => Array
                (
                    [order_product_id] => 129
                    [order_id] => 56
                    [product_id] => 66
                    [name] => MUŠKA MAJICA V IZREZ BIJELA
                    [model] => M7010
                    [quantity] => 1
                    [price] => 112.0000
                    [total] => 112.0000
                    [tax] => 0.0000
                    [reward] => 0
                    [option] => Array
                        (
                            [order_option_id] => 117
                            [order_id] => 56
                            [order_product_id] => 129
                            [product_option_id] => 228
                            [product_option_value_id] => 21
                            [name] => Veličina
                            [value] => XXL
                            [type] => radio
                            [sku] => 
                            [option_data] => Array
                                (
                                    [product_option_value_id] => 21
                                    [product_option_id] => 228
                                    [product_id] => 66
                                    [option_id] => 13
                                    [option_value_id] => 53
                                    [quantity] => 99
                                    [subtract] => 1
                                    [price] => 0.0000
                                    [price_prefix] => +
                                    [points] => 0
                                    [points_prefix] => +
                                    [weight] => 0.00000000
                                    [weight_prefix] => +
                                    [sku] => M7010.XXL
                                )

                        )

                )

            [2] => Array
                (
                    [order_product_id] => 130
                    [order_id] => 56
                    [product_id] => 67
                    [name] => MUŠKA MAJICA OKRUGLI IZREZ BIJELA
                    [model] => M7009
                    [quantity] => 1
                    [price] => 112.0000
                    [total] => 112.0000
                    [tax] => 0.0000
                    [reward] => 0
                    [option] => Array
                        (
                            [order_option_id] => 118
                            [order_id] => 56
                            [order_product_id] => 130
                            [product_option_id] => 336
                            [product_option_value_id] => 524
                            [name] => Veličina
                            [value] => XXL
                            [type] => radio
                            [sku] => 
                            [option_data] => Array
                                (
                                    [product_option_value_id] => 524
                                    [product_option_id] => 336
                                    [product_id] => 67
                                    [option_id] => 13
                                    [option_value_id] => 53
                                    [quantity] => 99
                                    [subtract] => 1
                                    [price] => 0.0000
                                    [price_prefix] => +
                                    [points] => 0
                                    [points_prefix] => +
                                    [weight] => 0.00000000
                                    [weight_prefix] => +
                                    [sku] => M7009.XXL
                                )

                        )

                )

            [3] => Array
                (
                    [order_product_id] => 131
                    [order_id] => 56
                    [product_id] => 97
                    [name] => MUŠKA POTKOŠULJA UŽA RAMENICA TAMNO PLAVA
                    [model] => M7030
                    [quantity] => 1
                    [price] => 100.0000
                    [total] => 100.0000
                    [tax] => 0.0000
                    [reward] => 0
                    [option] => Array
                        (
                            [order_option_id] => 119
                            [order_id] => 56
                            [order_product_id] => 131
                            [product_option_id] => 260
                            [product_option_value_id] => 187
                            [name] => Veličina
                            [value] => L
                            [type] => radio
                            [sku] => 
                            [option_data] => Array
                                (
                                    [product_option_value_id] => 187
                                    [product_option_id] => 260
                                    [product_id] => 97
                                    [option_id] => 13
                                    [option_value_id] => 50
                                    [quantity] => 99
                                    [subtract] => 1
                                    [price] => 0.0000
                                    [price_prefix] => +
                                    [points] => 0
                                    [points_prefix] => +
                                    [weight] => 0.00000000
                                    [weight_prefix] => +
                                    [sku] => M7030.L
                                )

                        )

                )

            [4] => Array
                (
                    [order_product_id] => 132
                    [order_id] => 56
                    [product_id] => 98
                    [name] => MUŠKE BOKSERICE TAMNO PLAVE TAMNO PLAVE
                    [model] => M7029
                    [quantity] => 1
                    [price] => 100.0000
                    [total] => 100.0000
                    [tax] => 0.0000
                    [reward] => 0
                    [option] => Array
                        (
                            [order_option_id] => 120
                            [order_id] => 56
                            [order_product_id] => 132
                            [product_option_id] => 261
                            [product_option_value_id] => 193
                            [name] => Veličina
                            [value] => L
                            [type] => radio
                            [sku] => 
                            [option_data] => Array
                                (
                                    [product_option_value_id] => 193
                                    [product_option_id] => 261
                                    [product_id] => 98
                                    [option_id] => 13
                                    [option_value_id] => 50
                                    [quantity] => 99
                                    [subtract] => 1
                                    [price] => 0.0000
                                    [price_prefix] => +
                                    [points] => 0
                                    [points_prefix] => +
                                    [weight] => 0.00000000
                                    [weight_prefix] => +
                                    [sku] => M7029.L
                                )

                        )

                )

            [5] => Array
                (
                    [order_product_id] => 133
                    [order_id] => 56
                    [product_id] => 167
                    [name] => WEB MASKA ZA LICE
                    [model] => P8013
                    [quantity] => 1
                    [price] => 40.8000
                    [total] => 40.8000
                    [tax] => 0.0000
                    [reward] => 0
                    [option] => 
                )

        )

    [totals] => Array
        (
            [0] => Array
                (
                    [order_total_id] => 180
                    [order_id] => 56
                    [code] => sub_total
                    [title] => Među suma
                    [value] => 564.8000
                    [sort_order] => 1
                )

            [1] => Array
                (
                    [order_total_id] => 181
                    [order_id] => 56
                    [code] => tieredgiftstotal
                    [title] => Besplatni poklon - WEB MASKA ZA LICE
                    [value] => -40.8000
                    [sort_order] => 2
                )

            [2] => Array
                (
                    [order_total_id] => 182
                    [order_id] => 56
                    [code] => shipping
                    [title] => Besplatna dostava Intereuropa Hrvatska
                    [value] => 0.0000
                    [sort_order] => 3
                )

            [3] => Array
                (
                    [order_total_id] => 183
                    [order_id] => 56
                    [code] => total
                    [title] => Ukupno
                    [value] => 524.0000
                    [sort_order] => 9
                )

        )

    [status] => Array
        (
            [order_status_id] => 5
            [language_id] => 1
            [name] => Complete
        )

)

2020-12-01 12:43:46 - Array
(
    [narudzba] => Array
        (
            [CMS_ID] => KHR56
            [DATUM_VRIJEME] => 30.11.2020 13:14:53
            [NARUCITELJ_CMS_ID] => 1
            [NARUCITELJ_EMAIL] => jugovicdu@gmail.com
            [NARUCITELJ_IME] => Dubravka
            [NARUCITELJ_PREZIME] => Jugović
            [NARUCITELJ_ADRESA] => Antuna Mihanovića 24
            [NARUCITELJ_MJESTO] => Križevci
            [NARUCITELJ_POSTA] => 48260
            [NARUCITELJ_TELEFON] => 0981359990
            [NARUCITELJ_NAZIV] => 
            [NARUCITELJ_OIB] => 
            [NARUCITELJ_VAT] => 
            [NARUCITELJ_ZEMLJA] => HRV
            [DOSTAVA_IME_PREZIME] => Dubravka Jugović
            [DOSTAVA_ADRESA] => Milovana Muževića 212
            [DOSTAVA_MJESTO] => Dramalj
            [DOSTAVA_POSTA] => 51265
            [NAPOMENA] => 
            [VALUTA] => 191
            [IZNOS_UKUPNO] => 524.00
            [TECAJ] => 1
        )

    [stavke] => Array
        (
            [0] => Array
                (
                    [IDROBA] => US00000203
                    [KOLICINA] => 1
                    [CIJENA] => 0
                    [RABAT] => 0
                    [IZNOS] => 0
                )

            [1] => Array
                (
                    [IDROBA] => M7002.XXL
                    [KOLICINA] => 1
                    [CIJENA] => 100.00
                    [RABAT] => 0
                    [IZNOS] => 100.00
                )

            [2] => Array
                (
                    [IDROBA] => M7010.XXL
                    [KOLICINA] => 1
                    [CIJENA] => 112.00
                    [RABAT] => 0
                    [IZNOS] => 112.00
                )

            [3] => Array
                (
                    [IDROBA] => M7009.XXL
                    [KOLICINA] => 1
                    [CIJENA] => 112.00
                    [RABAT] => 0
                    [IZNOS] => 112.00
                )

            [4] => Array
                (
                    [IDROBA] => M7030.L
                    [KOLICINA] => 1
                    [CIJENA] => 100.00
                    [RABAT] => 0
                    [IZNOS] => 100.00
                )

            [5] => Array
                (
                    [IDROBA] => M7029.L
                    [KOLICINA] => 1
                    [CIJENA] => 100.00
                    [RABAT] => 0
                    [IZNOS] => 100.00
                )

            [6] => Array
                (
                    [IDROBA] => P8013
                    [KOLICINA] => 1
                    [CIJENA] => 40.80
                    [RABAT] => 0
                    [IZNOS] => 40.80
                )

        )

)

2020-12-01 12:43:48 - Illuminate\Support\Collection Object
(
    [items:protected] => Array
        (
            [creating] => start
            [ZAPIS] => Array
                (
                    [IDDOK] => NAW
                    [BROJDOK] => 37
                    [STAVAKA] => 7
                    [STAVKA] => 7
                    [KOLICINA_SIFRA] => 0
                    [DATUM] => 2020-12-01 00:00:00
                    [TEXT_GRESKE] => 
                    [KNJIZENO_KARTICA] => 
                    [KNJIZENO_GLKNJIGA] => 
                    [ZAKJUCANI_DN] => NE
                )

        )

)

