2020-12-07 6:10:34 - Array
(
    [order_id] => 69
    [invoice_no] => 0
    [invoice_prefix] => INV-2020-00
    [store_id] => 0
    [store_name] => KOZO UNDERWEAR
    [store_url] => https://www.kozo-underwear.hr/
    [customer_id] => 19
    [customer_group_id] => 1
    [firstname] => Marija
    [lastname] => Dadić
    [email] => marija.dadic@os.t-com.hr
    [telephone] => 0981722753
    [fax] => 
    [custom_field] => 
    [payment_firstname] => Marija
    [payment_lastname] => Dadić
    [payment_company] => 
    [payment_address_1] => Braće Radića 110
    [payment_address_2] => 
    [payment_city] => Strizivojna
    [payment_postcode] => 31410
    [payment_country] => Croatia
    [payment_country_id] => 53
    [payment_zone] => 
    [payment_zone_id] => 0
    [payment_address_format] => 
    [payment_custom_field] => 
    [payment_method] => Plaćanje pouzećem
    [payment_code] => cod
    [shipping_firstname] => Marija
    [shipping_lastname] => Dadić
    [shipping_company] => 
    [shipping_address_1] => Braće Radića 110
    [shipping_address_2] => 
    [shipping_city] => Strizivojna
    [shipping_postcode] => 31410
    [shipping_country] => Croatia
    [shipping_country_id] => 53
    [shipping_zone] => 
    [shipping_zone_id] => 0
    [shipping_address_format] => 
    [shipping_custom_field] => 
    [shipping_method] => Besplatna dostava Intereuropa Hrvatska
    [shipping_code] => ultimate_shipping.ultimate_shipping_0
    [comment] => 
    [total] => 920.0000
    [order_status_id] => 1
    [affiliate_id] => 0
    [commission] => 0.0000
    [marketing_id] => 0
    [tracking] => 
    [language_id] => 2
    [currency_id] => 4
    [currency_code] => HRK
    [currency_value] => 1.00000000
    [ip] => 93.140.60.136
    [forwarded_ip] => 
    [user_agent] => Mozilla/5.0 (Windows NT 10.0; Win64; x64) AppleWebKit/537.36 (KHTML, like Gecko) Chrome/87.0.4280.67 Safari/537.36 Edg/87.0.664.52
    [accept_language] => hr,en;q=0.9,en-GB;q=0.8,en-US;q=0.7
    [paid_order] => 0
    [intereuropa] => 1
    [date_added] => 2020-12-04 09:34:36
    [date_modified] => 2020-12-04 09:34:54
    [products] => Array
        (
            [0] => Array
                (
                    [order_product_id] => 173
                    [order_id] => 69
                    [product_id] => 131
                    [name] => MUŠKE BOKSERICE HIPSTER CRNE
                    [model] => M7062
                    [quantity] => 10
                    [price] => 92.0000
                    [total] => 920.0000
                    [tax] => 0.0000
                    [reward] => 0
                    [option] => Array
                        (
                            [order_option_id] => 155
                            [order_id] => 69
                            [order_product_id] => 173
                            [product_option_id] => 294
                            [product_option_value_id] => 360
                            [name] => Veličina
                            [value] => L
                            [type] => radio
                            [sku] => 
                            [option_data] => Array
                                (
                                    [product_option_value_id] => 360
                                    [product_option_id] => 294
                                    [product_id] => 131
                                    [option_id] => 13
                                    [option_value_id] => 50
                                    [quantity] => 90
                                    [subtract] => 1
                                    [price] => 0.0000
                                    [price_prefix] => +
                                    [points] => 0
                                    [points_prefix] => +
                                    [weight] => 0.00000000
                                    [weight_prefix] => +
                                    [sku] => M7062.L
                                )

                        )

                )

            [1] => Array
                (
                    [order_product_id] => 174
                    [order_id] => 69
                    [product_id] => 170
                    [name] => NAVY MASKA ZA LICE
                    [model] => P8010
                    [quantity] => 1
                    [price] => 51.0000
                    [total] => 51.0000
                    [tax] => 0.0000
                    [reward] => 0
                    [option] => 
                )

        )

    [totals] => Array
        (
            [0] => Array
                (
                    [order_total_id] => 225
                    [order_id] => 69
                    [code] => sub_total
                    [title] => Među suma
                    [value] => 971.0000
                    [sort_order] => 1
                )

            [1] => Array
                (
                    [order_total_id] => 226
                    [order_id] => 69
                    [code] => tieredgiftstotal
                    [title] => Besplatni poklon - NAVY MASKA ZA LICE
                    [value] => -51.0000
                    [sort_order] => 2
                )

            [2] => Array
                (
                    [order_total_id] => 227
                    [order_id] => 69
                    [code] => shipping
                    [title] => Besplatna dostava Intereuropa Hrvatska
                    [value] => 0.0000
                    [sort_order] => 3
                )

            [3] => Array
                (
                    [order_total_id] => 228
                    [order_id] => 69
                    [code] => total
                    [title] => Ukupno
                    [value] => 920.0000
                    [sort_order] => 9
                )

        )

    [status] => Array
        (
            [order_status_id] => 1
            [language_id] => 1
            [name] => Pending
        )

)

2020-12-07 6:10:34 - Array
(
    [narudzba] => Array
        (
            [CMS_ID] => KHR69
            [DATUM_VRIJEME] => 04.12.2020 09:34:54
            [NARUCITELJ_CMS_ID] => 1
            [NARUCITELJ_EMAIL] => marija.dadic@os.t-com.hr
            [NARUCITELJ_IME] => Marija
            [NARUCITELJ_PREZIME] => Dadić
            [NARUCITELJ_ADRESA] => Braće Radića 110
            [NARUCITELJ_MJESTO] => Strizivojna
            [NARUCITELJ_POSTA] => 31410
            [NARUCITELJ_TELEFON] => 0981722753
            [NARUCITELJ_NAZIV] => 
            [NARUCITELJ_OIB] => 
            [NARUCITELJ_VAT] => 
            [NARUCITELJ_ZEMLJA] => HRV
            [DOSTAVA_IME_PREZIME] => Marija Dadić
            [DOSTAVA_ADRESA] => Braće Radića 110
            [DOSTAVA_MJESTO] => Strizivojna
            [DOSTAVA_POSTA] => 31410
            [NAPOMENA] => 
            [VALUTA] => 191
            [IZNOS_UKUPNO] => 920.00
            [TECAJ] => 1
        )

    [stavke] => Array
        (
            [0] => Array
                (
                    [IDROBA] => US00000203
                    [KOLICINA] => 1
                    [CIJENA] => 0
                    [RABAT] => 0
                    [IZNOS] => 0
                )

            [1] => Array
                (
                    [IDROBA] => M7062.L
                    [KOLICINA] => 10
                    [CIJENA] => 92.00
                    [RABAT] => 0
                    [IZNOS] => 920.00
                )

            [2] => Array
                (
                    [IDROBA] => P8010
                    [KOLICINA] => 1
                    [CIJENA] => 51.00
                    [RABAT] => 0
                    [IZNOS] => 51.00
                )

        )

)

2020-12-07 6:10:35 - Illuminate\Support\Collection Object
(
    [items:protected] => Array
        (
            [creating] => start
            [ZAPIS] => Array
                (
                    [IDDOK] => NAW
                    [BROJDOK] => 49
                    [STAVAKA] => 3
                    [STAVKA] => 3
                    [KOLICINA_SIFRA] => 0
                    [DATUM] => 2020-12-07 00:00:00
                    [TEXT_GRESKE] => 
                    [KNJIZENO_KARTICA] => 
                    [KNJIZENO_GLKNJIGA] => 
                    [ZAKJUCANI_DN] => NE
                )

        )

)

