2020-12-08 11:51:39 - Array
(
    [order_id] => 75
    [invoice_no] => 0
    [invoice_prefix] => INV-2020-00
    [store_id] => 0
    [store_name] => KOZO UNDERWEAR
    [store_url] => https://www.kozo-underwear.hr/
    [customer_id] => 56
    [customer_group_id] => 1
    [firstname] => Katarina
    [lastname] => Brkljačić
    [email] => katarinajel@gmail.com
    [telephone] => 0995032360
    [fax] => 
    [custom_field] => 
    [payment_firstname] => Katarina
    [payment_lastname] => Brkljačić
    [payment_company] => 
    [payment_address_1] => Donja Kaniža 50
    [payment_address_2] => 
    [payment_city] => Gospić
    [payment_postcode] => 53000
    [payment_country] => Croatia
    [payment_country_id] => 53
    [payment_zone] => Bjelovarsko-bilogorska
    [payment_zone_id] => 847
    [payment_address_format] => 
    [payment_custom_field] => 
    [payment_method] => Plaćanje pouzećem
    [payment_code] => cod
    [shipping_firstname] => Katarina
    [shipping_lastname] => Brkljačić
    [shipping_company] => 
    [shipping_address_1] => Donja Kaniža 50
    [shipping_address_2] => 
    [shipping_city] => Gospić
    [shipping_postcode] => 53000
    [shipping_country] => Croatia
    [shipping_country_id] => 53
    [shipping_zone] => Bjelovarsko-bilogorska
    [shipping_zone_id] => 847
    [shipping_address_format] => 
    [shipping_custom_field] => 
    [shipping_method] => Besplatna dostava Intereuropa Hrvatska
    [shipping_code] => ultimate_shipping.ultimate_shipping_0
    [comment] => 
    [total] => 364.0000
    [order_status_id] => 1
    [affiliate_id] => 0
    [commission] => 0.0000
    [marketing_id] => 0
    [tracking] => 
    [language_id] => 2
    [currency_id] => 4
    [currency_code] => HRK
    [currency_value] => 1.00000000
    [ip] => 195.29.249.202
    [forwarded_ip] => 
    [user_agent] => Mozilla/5.0 (iPhone; CPU iPhone OS 14_2 like Mac OS X) AppleWebKit/605.1.15 (KHTML, like Gecko) Version/14.0.1 Mobile/15E148 Safari/604.1
    [accept_language] => hr-hr
    [paid_order] => 0
    [intereuropa] => 1
    [date_added] => 2020-12-08 10:33:20
    [date_modified] => 2020-12-08 10:33:31
    [products] => Array
        (
            [0] => Array
                (
                    [order_product_id] => 186
                    [order_id] => 75
                    [product_id] => 98
                    [name] => MUŠKE BOKSERICE TAMNO PLAVE TAMNO PLAVE
                    [model] => M7029
                    [quantity] => 1
                    [price] => 100.0000
                    [total] => 100.0000
                    [tax] => 0.0000
                    [reward] => 0
                    [option] => Array
                        (
                            [order_option_id] => 165
                            [order_id] => 75
                            [order_product_id] => 186
                            [product_option_id] => 261
                            [product_option_value_id] => 196
                            [name] => Veličina
                            [value] => XL
                            [type] => radio
                            [sku] => 
                            [option_data] => Array
                                (
                                    [product_option_value_id] => 196
                                    [product_option_id] => 261
                                    [product_id] => 98
                                    [option_id] => 13
                                    [option_value_id] => 49
                                    [quantity] => 17
                                    [subtract] => 1
                                    [price] => 0.0000
                                    [price_prefix] => 
                                    [points] => 0
                                    [points_prefix] => +
                                    [weight] => 0.00000000
                                    [weight_prefix] => +
                                    [sku] => M7029.XL
                                )

                        )

                )

            [1] => Array
                (
                    [order_product_id] => 187
                    [order_id] => 75
                    [product_id] => 179
                    [name] => M5011 MUŠKA PIDŽAMA
                    [model] => M5011
                    [quantity] => 1
                    [price] => 264.0000
                    [total] => 264.0000
                    [tax] => 0.0000
                    [reward] => 0
                    [option] => Array
                        (
                            [order_option_id] => 166
                            [order_id] => 75
                            [order_product_id] => 187
                            [product_option_id] => 343
                            [product_option_value_id] => 569
                            [name] => Veličina
                            [value] => XL
                            [type] => radio
                            [sku] => 
                            [option_data] => Array
                                (
                                    [product_option_value_id] => 569
                                    [product_option_id] => 343
                                    [product_id] => 179
                                    [option_id] => 13
                                    [option_value_id] => 49
                                    [quantity] => 19
                                    [subtract] => 1
                                    [price] => 0.0000
                                    [price_prefix] => +
                                    [points] => 0
                                    [points_prefix] => +
                                    [weight] => 0.00000000
                                    [weight_prefix] => +
                                    [sku] => M5011.XL
                                )

                        )

                )

        )

    [totals] => Array
        (
            [0] => Array
                (
                    [order_total_id] => 246
                    [order_id] => 75
                    [code] => sub_total
                    [title] => Među suma
                    [value] => 364.0000
                    [sort_order] => 1
                )

            [1] => Array
                (
                    [order_total_id] => 247
                    [order_id] => 75
                    [code] => shipping
                    [title] => Besplatna dostava Intereuropa Hrvatska
                    [value] => 0.0000
                    [sort_order] => 3
                )

            [2] => Array
                (
                    [order_total_id] => 248
                    [order_id] => 75
                    [code] => total
                    [title] => Ukupno
                    [value] => 364.0000
                    [sort_order] => 9
                )

        )

    [status] => Array
        (
            [order_status_id] => 1
            [language_id] => 1
            [name] => Pending
        )

)

2020-12-08 11:51:39 - Array
(
    [narudzba] => Array
        (
            [CMS_ID] => KHR75
            [DATUM_VRIJEME] => 08.12.2020 10:33:31
            [NARUCITELJ_CMS_ID] => 1
            [NARUCITELJ_EMAIL] => katarinajel@gmail.com
            [NARUCITELJ_IME] => Katarina
            [NARUCITELJ_PREZIME] => Brkljačić
            [NARUCITELJ_ADRESA] => Donja Kaniža 50
            [NARUCITELJ_MJESTO] => Gospić
            [NARUCITELJ_POSTA] => 53000
            [NARUCITELJ_TELEFON] => 0995032360
            [NARUCITELJ_NAZIV] => 
            [NARUCITELJ_OIB] => 
            [NARUCITELJ_VAT] => 
            [NARUCITELJ_ZEMLJA] => HRV
            [DOSTAVA_IME_PREZIME] => Katarina Brkljačić
            [DOSTAVA_ADRESA] => Donja Kaniža 50
            [DOSTAVA_MJESTO] => Gospić
            [DOSTAVA_POSTA] => 53000
            [NAPOMENA] => 
            [VALUTA] => 191
            [IZNOS_UKUPNO] => 364.00
            [TECAJ] => 1
        )

    [stavke] => Array
        (
            [0] => Array
                (
                    [IDROBA] => US00000203
                    [KOLICINA] => 1
                    [CIJENA] => 0
                    [RABAT] => 0
                    [IZNOS] => 0
                )

            [1] => Array
                (
                    [IDROBA] => M7029.XL
                    [KOLICINA] => 1
                    [CIJENA] => 100.00
                    [RABAT] => 0
                    [IZNOS] => 100.00
                )

            [2] => Array
                (
                    [IDROBA] => M5011.XL
                    [KOLICINA] => 1
                    [CIJENA] => 264.00
                    [RABAT] => 0
                    [IZNOS] => 264.00
                )

        )

)

2020-12-08 11:51:40 - Illuminate\Support\Collection Object
(
    [items:protected] => Array
        (
            [creating] => start
            [ZAPIS] => Array
                (
                    [IDDOK] => NAW
                    [BROJDOK] => 57
                    [STAVAKA] => 3
                    [STAVKA] => 3
                    [KOLICINA_SIFRA] => 0
                    [DATUM] => 2020-12-08 00:00:00
                    [TEXT_GRESKE] => 
                    [KNJIZENO_KARTICA] => 
                    [KNJIZENO_GLKNJIGA] => 
                    [ZAKJUCANI_DN] => NE
                )

        )

)

