2020-12-10 11:57:38 - &idfirma=1
2020-12-10 11:57:38 - Array
(
    [narudzba] => Array
        (
            [CMS_ID] => KHR83
            [DATUM_VRIJEME] => 09.12.2020 10:32:30
            [NARUCITELJ_CMS_ID] => 1
            [NARUCITELJ_EMAIL] => ljerkabosnjak@gmail.com
            [NARUCITELJ_IME] => LJERKA
            [NARUCITELJ_PREZIME] => BOŠNJAK
            [NARUCITELJ_ADRESA] => MATIJE GUPCA 39
            [NARUCITELJ_MJESTO] => JOSIPOVAC,OSJEČKO-BARANJSKA
            [NARUCITELJ_POSTA] => 31221
            [NARUCITELJ_TELEFON] => 0989896496
            [NARUCITELJ_NAZIV] => 
            [NARUCITELJ_OIB] => 
            [NARUCITELJ_VAT] => 
            [NARUCITELJ_ZEMLJA] => HRV
            [DOSTAVA_IME_PREZIME] => LJERKA BOŠNJAK
            [DOSTAVA_ADRESA] => MATIJE GUPCA 39
            [DOSTAVA_MJESTO] => JOSIPOVAC,OSJEČKO-BARANJSKA
            [DOSTAVA_POSTA] => 31221
            [NAPOMENA] => 
            [VALUTA] => 191
            [IZNOS_UKUPNO] => 355.20
            [TECAJ] => 1
        )

    [stavke] => Array
        (
            [0] => Array
                (
                    [IDROBA] => US00000203
                    [KOLICINA] => 1
                    [CIJENA] => 0
                    [RABAT] => 0
                    [IZNOS] => 0
                )

            [1] => Array
                (
                    [IDROBA] => M7007.XL
                    [KOLICINA] => 1
                    [CIJENA] => 100.00
                    [RABAT] => 0
                    [IZNOS] => 100.00
                )

            [2] => Array
                (
                    [IDROBA] => M7027.L
                    [KOLICINA] => 1
                    [CIJENA] => 71.20
                    [RABAT] => 0
                    [IZNOS] => 71.20
                )

            [3] => Array
                (
                    [IDROBA] => M7076.L
                    [KOLICINA] => 1
                    [CIJENA] => 92.00
                    [RABAT] => 0
                    [IZNOS] => 92.00
                )

            [4] => Array
                (
                    [IDROBA] => M7078.XL
                    [KOLICINA] => 1
                    [CIJENA] => 92.00
                    [RABAT] => 0
                    [IZNOS] => 92.00
                )

        )

)

2020-12-10 11:57:40 - Array
(
    [creating] => start
    [ZAPIS] => Array
        (
            [IDDOK] => NAW
            [BROJDOK] => 68
            [STAVAKA] => 5
            [STAVKA] => 5
            [KOLICINA_SIFRA] => 0
            [DATUM] => 2020-12-10 00:00:00
            [TEXT_GRESKE] => 
            [KNJIZENO_KARTICA] => 
            [KNJIZENO_GLKNJIGA] => 
            [ZAKJUCANI_DN] => NE
        )

)

