2020-12-16 12:23:45 - Array
(
    [order_id] => 120
    [invoice_no] => 0
    [invoice_prefix] => INV-2020-00
    [store_id] => 0
    [store_name] => KOZO UNDERWEAR
    [store_url] => https://www.kozo-underwear.hr/
    [customer_id] => 94
    [customer_group_id] => 1
    [firstname] => Radomir
    [lastname] => Korljan
    [email] => rkorljan@yahoo.com
    [telephone] => 0911697637
    [fax] => 
    [custom_field] => 
    [payment_firstname] => Radomir
    [payment_lastname] => Korljan
    [payment_company] => 
    [payment_address_1] => Jadranska 151
    [payment_address_2] => 
    [payment_city] => Gradac
    [payment_postcode] => 21330
    [payment_country] => Croatia
    [payment_country_id] => 53
    [payment_zone] => HR
    [payment_zone_id] => 848
    [payment_address_format] => 
    [payment_custom_field] => 
    [payment_method] => Plaćanje pouzećem
    [payment_code] => cod
    [shipping_firstname] => Radomir
    [shipping_lastname] => Korljan
    [shipping_company] => 
    [shipping_address_1] => Jadranska 151
    [shipping_address_2] => 
    [shipping_city] => Gradac
    [shipping_postcode] => 21330
    [shipping_country] => Croatia
    [shipping_country_id] => 53
    [shipping_zone] => HR
    [shipping_zone_id] => 848
    [shipping_address_format] => 
    [shipping_custom_field] => 
    [shipping_method] => Dostava Intereuropa Hrvatska - Besplatna dostava za narudžbe iznad 350kn
    [shipping_code] => ultimate_shipping.ultimate_shipping_0
    [comment] => 
    [total] => 283.0000
    [order_status_id] => 1
    [affiliate_id] => 0
    [commission] => 0.0000
    [marketing_id] => 0
    [tracking] => 
    [language_id] => 2
    [currency_id] => 4
    [currency_code] => HRK
    [currency_value] => 1.00000000
    [ip] => 93.138.240.193
    [forwarded_ip] => 
    [user_agent] => Mozilla/5.0 (Windows NT 6.1) AppleWebKit/537.36 (KHTML, like Gecko) Chrome/87.0.4280.88 Safari/537.36
    [accept_language] => en-US,en;q=0.9
    [paid_order] => 0
    [intereuropa] => 1
    [date_added] => 2020-12-15 17:56:52
    [date_modified] => 2020-12-15 17:57:12
    [products] => Array
        (
            [0] => Array
                (
                    [order_product_id] => 334
                    [order_id] => 120
                    [product_id] => 71
                    [name] => MUŠKA PIDŽAMA DONJI DIO
                    [model] => M5005
                    [quantity] => 2
                    [price] => 124.0000
                    [total] => 248.0000
                    [tax] => 0.0000
                    [reward] => 0
                    [option] => Array
                        (
                            [order_option_id] => 296
                            [order_id] => 120
                            [order_product_id] => 334
                            [product_option_id] => 234
                            [product_option_value_id] => 44
                            [name] => Veličina
                            [value] => L
                            [type] => radio
                            [sku] => 
                            [option_data] => Array
                                (
                                    [product_option_value_id] => 44
                                    [product_option_id] => 234
                                    [product_id] => 71
                                    [option_id] => 13
                                    [option_value_id] => 50
                                    [quantity] => 98
                                    [subtract] => 1
                                    [price] => 0.0000
                                    [price_prefix] => 
                                    [points] => 0
                                    [points_prefix] => +
                                    [weight] => 0.00000000
                                    [weight_prefix] => +
                                    [sku] => M5005.L
                                )

                        )

                )

        )

    [totals] => Array
        (
            [0] => Array
                (
                    [order_total_id] => 402
                    [order_id] => 120
                    [code] => sub_total
                    [title] => Među suma
                    [value] => 248.0000
                    [sort_order] => 1
                )

            [1] => Array
                (
                    [order_total_id] => 403
                    [order_id] => 120
                    [code] => shipping
                    [title] => Dostava Intereuropa Hrvatska - Besplatna dostava za narudžbe iznad 350kn
                    [value] => 35.0000
                    [sort_order] => 3
                )

            [2] => Array
                (
                    [order_total_id] => 404
                    [order_id] => 120
                    [code] => total
                    [title] => Ukupno
                    [value] => 283.0000
                    [sort_order] => 9
                )

        )

    [status] => Array
        (
            [order_status_id] => 1
            [language_id] => 1
            [name] => Pending
        )

)

2020-12-16 12:23:45 - Array
(
    [narudzba] => Array
        (
            [CMS_ID] => KHR120
            [DATUM_VRIJEME] => 15.12.2020 17:57:12
            [NARUCITELJ_CMS_ID] => 1
            [NARUCITELJ_EMAIL] => rkorljan@yahoo.com
            [NARUCITELJ_IME] => Radomir
            [NARUCITELJ_PREZIME] => Korljan
            [NARUCITELJ_ADRESA] => Jadranska 151
            [NARUCITELJ_MJESTO] => Gradac
            [NARUCITELJ_POSTA] => 21330
            [NARUCITELJ_TELEFON] => 0911697637
            [NARUCITELJ_NAZIV] => 
            [NARUCITELJ_OIB] => 
            [NARUCITELJ_VAT] => 
            [NARUCITELJ_ZEMLJA] => HRV
            [DOSTAVA_IME_PREZIME] => Radomir Korljan
            [DOSTAVA_ADRESA] => Jadranska 151
            [DOSTAVA_MJESTO] => Gradac
            [DOSTAVA_POSTA] => 21330
            [NAPOMENA] => 
            [VALUTA] => 191
            [IZNOS_UKUPNO] => 283.00
            [TECAJ] => 1
        )

    [stavke] => Array
        (
            [0] => Array
                (
                    [IDROBA] => US00000203
                    [KOLICINA] => 1
                    [CIJENA] => 35
                    [RABAT] => 0
                    [IZNOS] => 35
                )

            [1] => Array
                (
                    [IDROBA] => M5005.L
                    [KOLICINA] => 2
                    [CIJENA] => 124.00
                    [RABAT] => 0
                    [IZNOS] => 248.00
                )

        )

)

2020-12-16 12:23:47 - Illuminate\Support\Collection Object
(
    [items:protected] => Array
        (
            [creating] => start
            [ZAPIS] => Array
                (
                    [IDDOK] => NAW
                    [BROJDOK] => 96
                    [STAVAKA] => 2
                    [STAVKA] => 2
                    [KOLICINA_SIFRA] => 0
                    [DATUM] => 2020-12-16 00:00:00
                    [TEXT_GRESKE] => 
                    [KNJIZENO_KARTICA] => 
                    [KNJIZENO_GLKNJIGA] => 
                    [ZAKJUCANI_DN] => NE
                )

        )

)

