2020-12-07 6:10:05 - &idfirma=1
2020-12-07 6:10:05 - Array
(
    [narudzba] => Array
        (
            [CMS_ID] => KHR66
            [DATUM_VRIJEME] => 03.12.2020 22:16:39
            [NARUCITELJ_CMS_ID] => 1
            [NARUCITELJ_EMAIL] => anita.rabak@gmail.com
            [NARUCITELJ_IME] => Anita
            [NARUCITELJ_PREZIME] => Rosić
            [NARUCITELJ_ADRESA] => Karojba 4
            [NARUCITELJ_MJESTO] => Motovun
            [NARUCITELJ_POSTA] => 52424
            [NARUCITELJ_TELEFON] => +385915335188
            [NARUCITELJ_NAZIV] => 
            [NARUCITELJ_OIB] => 
            [NARUCITELJ_VAT] => 
            [NARUCITELJ_ZEMLJA] => HRV
            [DOSTAVA_IME_PREZIME] => Anita Rosić
            [DOSTAVA_ADRESA] => Karojba 4
            [DOSTAVA_MJESTO] => Motovun
            [DOSTAVA_POSTA] => 52424
            [NAPOMENA] => 
            [VALUTA] => 191
            [IZNOS_UKUPNO] => 374.40
            [TECAJ] => 1
        )

    [stavke] => Array
        (
            [0] => Array
                (
                    [IDROBA] => US00000203
                    [KOLICINA] => 1
                    [CIJENA] => 0
                    [RABAT] => 0
                    [IZNOS] => 0
                )

            [1] => Array
                (
                    [IDROBA] => M7020.XL
                    [KOLICINA] => 1
                    [CIJENA] => 112.00
                    [RABAT] => 0
                    [IZNOS] => 112.00
                )

            [2] => Array
                (
                    [IDROBA] => M7040.XL
                    [KOLICINA] => 1
                    [CIJENA] => 108.00
                    [RABAT] => 0
                    [IZNOS] => 108.00
                )

            [3] => Array
                (
                    [IDROBA] => M7064.XL
                    [KOLICINA] => 1
                    [CIJENA] => 62.40
                    [RABAT] => 0
                    [IZNOS] => 62.40
                )

            [4] => Array
                (
                    [IDROBA] => M7067.XL
                    [KOLICINA] => 1
                    [CIJENA] => 92.00
                    [RABAT] => 0
                    [IZNOS] => 92.00
                )

        )

)

2020-12-07 6:10:07 - Array
(
    [creating] => start
    [ZAPIS] => Array
        (
            [IDDOK] => NAW
            [BROJDOK] => 46
            [STAVAKA] => 5
            [STAVKA] => 5
            [KOLICINA_SIFRA] => 0
            [DATUM] => 2020-12-07 00:00:00
            [TEXT_GRESKE] => 
            [KNJIZENO_KARTICA] => 
            [KNJIZENO_GLKNJIGA] => 
            [ZAKJUCANI_DN] => NE
        )

)

