2020-12-28 12:55:29 - Array
(
    [order_id] => 165
    [invoice_no] => 0
    [invoice_prefix] => INV-2020-00
    [store_id] => 0
    [store_name] => KOZO UNDERWEAR
    [store_url] => https://www.kozo-underwear.hr/
    [customer_id] => 126
    [customer_group_id] => 1
    [firstname] => Neva
    [lastname] => Slani
    [email] => neva.slani@gmail.com
    [telephone] => 098 425 050
    [fax] => 
    [custom_field] => 
    [payment_firstname] => Neva
    [payment_lastname] => Slani
    [payment_company] => 
    [payment_address_1] => M. Tita 210
    [payment_address_2] => 
    [payment_city] => Opatija
    [payment_postcode] => 51410
    [payment_country] => Croatia
    [payment_country_id] => 53
    [payment_zone] => HR
    [payment_zone_id] => 848
    [payment_address_format] => 
    [payment_custom_field] => 
    [payment_method] => Plaćanje pouzećem
    [payment_code] => cod
    [shipping_firstname] => Neva
    [shipping_lastname] => Slani
    [shipping_company] => 
    [shipping_address_1] => M. Tita 210
    [shipping_address_2] => 
    [shipping_city] => Opatija
    [shipping_postcode] => 51410
    [shipping_country] => Croatia
    [shipping_country_id] => 53
    [shipping_zone] => HR
    [shipping_zone_id] => 848
    [shipping_address_format] => 
    [shipping_custom_field] => 
    [shipping_method] => Besplatna dostava Intereuropa Hrvatska
    [shipping_code] => ultimate_shipping.ultimate_shipping_0
    [comment] => 
    [total] => 368.0000
    [order_status_id] => 1
    [affiliate_id] => 0
    [commission] => 0.0000
    [marketing_id] => 0
    [tracking] => 
    [language_id] => 2
    [currency_id] => 4
    [currency_code] => HRK
    [currency_value] => 1.00000000
    [ip] => 93.137.115.40
    [forwarded_ip] => 
    [user_agent] => Mozilla/5.0 (Macintosh; Intel Mac OS X 10_14_5) AppleWebKit/605.1.15 (KHTML, like Gecko) Version/12.1.1 Safari/605.1.15
    [accept_language] => pt-pt
    [paid_order] => 0
    [intereuropa] => 1
    [date_added] => 2020-12-28 09:31:48
    [date_modified] => 2020-12-28 09:31:53
    [products] => Array
        (
            [0] => Array
                (
                    [order_product_id] => 431
                    [order_id] => 165
                    [product_id] => 73
                    [name] => MUŠKA PIDŽAMA GORNJI DIO
                    [model] => M5006
                    [quantity] => 1
                    [price] => 148.0000
                    [total] => 148.0000
                    [tax] => 0.0000
                    [reward] => 0
                    [option] => Array
                        (
                            [order_option_id] => 388
                            [order_id] => 165
                            [order_product_id] => 431
                            [product_option_id] => 236
                            [product_option_value_id] => 53
                            [name] => Veličina
                            [value] => L
                            [type] => radio
                            [sku] => 
                            [option_data] => Array
                                (
                                    [product_option_value_id] => 53
                                    [product_option_id] => 236
                                    [product_id] => 73
                                    [option_id] => 13
                                    [option_value_id] => 50
                                    [quantity] => 27
                                    [subtract] => 1
                                    [price] => 0.0000
                                    [price_prefix] => 
                                    [points] => 0
                                    [points_prefix] => +
                                    [weight] => 0.00000000
                                    [weight_prefix] => +
                                    [sku] => M5006.L
                                )

                        )

                )

            [1] => Array
                (
                    [order_product_id] => 432
                    [order_id] => 165
                    [product_id] => 75
                    [name] => MUŠKA PIDŽAMA DONJI DIO
                    [model] => M5007
                    [quantity] => 1
                    [price] => 116.0000
                    [total] => 116.0000
                    [tax] => 0.0000
                    [reward] => 0
                    [option] => Array
                        (
                            [order_option_id] => 389
                            [order_id] => 165
                            [order_product_id] => 432
                            [product_option_id] => 238
                            [product_option_value_id] => 68
                            [name] => Veličina
                            [value] => L
                            [type] => radio
                            [sku] => 
                            [option_data] => Array
                                (
                                    [product_option_value_id] => 68
                                    [product_option_id] => 238
                                    [product_id] => 75
                                    [option_id] => 13
                                    [option_value_id] => 50
                                    [quantity] => 23
                                    [subtract] => 1
                                    [price] => 0.0000
                                    [price_prefix] => 
                                    [points] => 0
                                    [points_prefix] => +
                                    [weight] => 0.00000000
                                    [weight_prefix] => +
                                    [sku] => M5007.L
                                )

                        )

                )

            [2] => Array
                (
                    [order_product_id] => 433
                    [order_id] => 165
                    [product_id] => 139
                    [name] => MUŠKA MAJICA OKRUGLI IZREZ CRNA
                    [model] => M7069
                    [quantity] => 1
                    [price] => 104.0000
                    [total] => 104.0000
                    [tax] => 0.0000
                    [reward] => 0
                    [option] => Array
                        (
                            [order_option_id] => 390
                            [order_id] => 165
                            [order_product_id] => 433
                            [product_option_id] => 302
                            [product_option_value_id] => 405
                            [name] => Veličina
                            [value] => L
                            [type] => radio
                            [sku] => 
                            [option_data] => Array
                                (
                                    [product_option_value_id] => 405
                                    [product_option_id] => 302
                                    [product_id] => 139
                                    [option_id] => 13
                                    [option_value_id] => 50
                                    [quantity] => 9
                                    [subtract] => 1
                                    [price] => 0.0000
                                    [price_prefix] => 
                                    [points] => 0
                                    [points_prefix] => +
                                    [weight] => 0.00000000
                                    [weight_prefix] => +
                                    [sku] => M7069.L
                                )

                        )

                )

        )

    [totals] => Array
        (
            [0] => Array
                (
                    [order_total_id] => 541
                    [order_id] => 165
                    [code] => sub_total
                    [title] => Među suma
                    [value] => 368.0000
                    [sort_order] => 1
                )

            [1] => Array
                (
                    [order_total_id] => 542
                    [order_id] => 165
                    [code] => shipping
                    [title] => Besplatna dostava Intereuropa Hrvatska
                    [value] => 0.0000
                    [sort_order] => 3
                )

            [2] => Array
                (
                    [order_total_id] => 543
                    [order_id] => 165
                    [code] => total
                    [title] => Ukupno
                    [value] => 368.0000
                    [sort_order] => 9
                )

        )

    [status] => Array
        (
            [order_status_id] => 1
            [language_id] => 1
            [name] => Pending
        )

)

2020-12-28 12:55:29 - Array
(
    [narudzba] => Array
        (
            [CMS_ID] => KHR165
            [DATUM_VRIJEME] => 28.12.2020 09:31:53
            [NARUCITELJ_CMS_ID] => 1
            [NARUCITELJ_EMAIL] => neva.slani@gmail.com
            [NARUCITELJ_IME] => Neva
            [NARUCITELJ_PREZIME] => Slani
            [NARUCITELJ_ADRESA] => M. Tita 210
            [NARUCITELJ_MJESTO] => Opatija
            [NARUCITELJ_POSTA] => 51410
            [NARUCITELJ_TELEFON] => 098 425 050
            [NARUCITELJ_NAZIV] => 
            [NARUCITELJ_OIB] => 
            [NARUCITELJ_VAT] => 
            [NARUCITELJ_ZEMLJA] => HRV
            [DOSTAVA_IME_PREZIME] => Neva Slani
            [DOSTAVA_ADRESA] => M. Tita 210
            [DOSTAVA_MJESTO] => Opatija
            [DOSTAVA_POSTA] => 51410
            [NAPOMENA] => 
            [VALUTA] => 191
            [IZNOS_UKUPNO] => 368.00
            [TECAJ] => 1
        )

    [stavke] => Array
        (
            [0] => Array
                (
                    [IDROBA] => US00000203
                    [KOLICINA] => 1
                    [CIJENA] => 0
                    [RABAT] => 0
                    [IZNOS] => 0
                )

            [1] => Array
                (
                    [IDROBA] => M5006.L
                    [KOLICINA] => 1
                    [CIJENA] => 148.00
                    [RABAT] => 0
                    [IZNOS] => 148.00
                )

            [2] => Array
                (
                    [IDROBA] => M5007.L
                    [KOLICINA] => 1
                    [CIJENA] => 116.00
                    [RABAT] => 0
                    [IZNOS] => 116.00
                )

            [3] => Array
                (
                    [IDROBA] => M7069.L
                    [KOLICINA] => 1
                    [CIJENA] => 104.00
                    [RABAT] => 0
                    [IZNOS] => 104.00
                )

        )

)

2020-12-28 12:55:30 - Illuminate\Support\Collection Object
(
    [items:protected] => Array
        (
            [creating] => start
            [ZAPIS] => Array
                (
                    [IDDOK] => NAW
                    [BROJDOK] => 127
                    [STAVAKA] => 4
                    [STAVKA] => 4
                    [KOLICINA_SIFRA] => 0
                    [DATUM] => 2020-12-28 00:00:00
                    [TEXT_GRESKE] => 
                    [KNJIZENO_KARTICA] => 
                    [KNJIZENO_GLKNJIGA] => 
                    [ZAKJUCANI_DN] => NE
                )

        )

)

