2020-12-18 12:25:29 - Array
(
    [order_id] => 133
    [invoice_no] => 0
    [invoice_prefix] => INV-2020-00
    [store_id] => 0
    [store_name] => KOZO UNDERWEAR
    [store_url] => https://www.kozo-underwear.hr/
    [customer_id] => 102
    [customer_group_id] => 1
    [firstname] => Ivana
    [lastname] => Burić
    [email] => ivanaburic82@gmail.com
    [telephone] => 0989135998
    [fax] => 
    [custom_field] => 
    [payment_firstname] => Ivana
    [payment_lastname] => Burić
    [payment_company] => 
    [payment_address_1] => Sisplac 6
    [payment_address_2] => 
    [payment_city] => Pula
    [payment_postcode] => 52100
    [payment_country] => Croatia
    [payment_country_id] => 53
    [payment_zone] => HR
    [payment_zone_id] => 848
    [payment_address_format] => 
    [payment_custom_field] => 
    [payment_method] => Plaćanje pouzećem
    [payment_code] => cod
    [shipping_firstname] => Ivana
    [shipping_lastname] => Burić
    [shipping_company] => 
    [shipping_address_1] => Sisplac 6
    [shipping_address_2] => 
    [shipping_city] => Pula
    [shipping_postcode] => 52100
    [shipping_country] => Croatia
    [shipping_country_id] => 53
    [shipping_zone] => HR
    [shipping_zone_id] => 848
    [shipping_address_format] => 
    [shipping_custom_field] => 
    [shipping_method] => Dostava Intereuropa Hrvatska - Besplatna dostava za narudžbe iznad 350kn
    [shipping_code] => ultimate_shipping.ultimate_shipping_0
    [comment] => 
    [total] => 350.0000
    [order_status_id] => 1
    [affiliate_id] => 0
    [commission] => 0.0000
    [marketing_id] => 0
    [tracking] => 
    [language_id] => 2
    [currency_id] => 4
    [currency_code] => HRK
    [currency_value] => 1.00000000
    [ip] => 141.136.233.72
    [forwarded_ip] => 
    [user_agent] => Mozilla/5.0 (Linux; Android 11; SAMSUNG SM-G981B) AppleWebKit/537.36 (KHTML, like Gecko) SamsungBrowser/13.0 Chrome/83.0.4103.106 Mobile Safari/537.36
    [accept_language] => hr-HR,hr;q=0.9,en-US;q=0.8,en;q=0.7
    [paid_order] => 0
    [intereuropa] => 1
    [date_added] => 2020-12-17 16:55:45
    [date_modified] => 2020-12-17 16:55:52
    [products] => Array
        (
            [0] => Array
                (
                    [order_product_id] => 353
                    [order_id] => 133
                    [product_id] => 180
                    [name] => M5010 MUŠKA PIDŽAMA
                    [model] => M5010
                    [quantity] => 1
                    [price] => 315.0000
                    [total] => 315.0000
                    [tax] => 0.0000
                    [reward] => 0
                    [option] => Array
                        (
                            [order_option_id] => 314
                            [order_id] => 133
                            [order_product_id] => 353
                            [product_option_id] => 344
                            [product_option_value_id] => 576
                            [name] => Veličina
                            [value] => XXL
                            [type] => radio
                            [sku] => 
                            [option_data] => Array
                                (
                                    [product_option_value_id] => 576
                                    [product_option_id] => 344
                                    [product_id] => 180
                                    [option_id] => 13
                                    [option_value_id] => 53
                                    [quantity] => 99
                                    [subtract] => 1
                                    [price] => 51.0000
                                    [price_prefix] => +
                                    [points] => 0
                                    [points_prefix] => +
                                    [weight] => 0.00000000
                                    [weight_prefix] => +
                                    [sku] => M5010.XXL
                                )

                        )

                )

        )

    [totals] => Array
        (
            [0] => Array
                (
                    [order_total_id] => 441
                    [order_id] => 133
                    [code] => sub_total
                    [title] => Među suma
                    [value] => 315.0000
                    [sort_order] => 1
                )

            [1] => Array
                (
                    [order_total_id] => 442
                    [order_id] => 133
                    [code] => shipping
                    [title] => Dostava Intereuropa Hrvatska - Besplatna dostava za narudžbe iznad 350kn
                    [value] => 35.0000
                    [sort_order] => 3
                )

            [2] => Array
                (
                    [order_total_id] => 443
                    [order_id] => 133
                    [code] => total
                    [title] => Ukupno
                    [value] => 350.0000
                    [sort_order] => 9
                )

        )

    [status] => Array
        (
            [order_status_id] => 1
            [language_id] => 1
            [name] => Pending
        )

)

2020-12-18 12:25:29 - Array
(
    [narudzba] => Array
        (
            [CMS_ID] => KHR133
            [DATUM_VRIJEME] => 17.12.2020 16:55:52
            [NARUCITELJ_CMS_ID] => 1
            [NARUCITELJ_EMAIL] => ivanaburic82@gmail.com
            [NARUCITELJ_IME] => Ivana
            [NARUCITELJ_PREZIME] => Burić
            [NARUCITELJ_ADRESA] => Sisplac 6
            [NARUCITELJ_MJESTO] => Pula
            [NARUCITELJ_POSTA] => 52100
            [NARUCITELJ_TELEFON] => 0989135998
            [NARUCITELJ_NAZIV] => 
            [NARUCITELJ_OIB] => 
            [NARUCITELJ_VAT] => 
            [NARUCITELJ_ZEMLJA] => HRV
            [DOSTAVA_IME_PREZIME] => Ivana Burić
            [DOSTAVA_ADRESA] => Sisplac 6
            [DOSTAVA_MJESTO] => Pula
            [DOSTAVA_POSTA] => 52100
            [NAPOMENA] => 
            [VALUTA] => 191
            [IZNOS_UKUPNO] => 350.00
            [TECAJ] => 1
        )

    [stavke] => Array
        (
            [0] => Array
                (
                    [IDROBA] => US00000203
                    [KOLICINA] => 1
                    [CIJENA] => 35
                    [RABAT] => 0
                    [IZNOS] => 35
                )

            [1] => Array
                (
                    [IDROBA] => M5010.XXL
                    [KOLICINA] => 1
                    [CIJENA] => 315.00
                    [RABAT] => 0
                    [IZNOS] => 315.00
                )

        )

)

2020-12-18 12:25:30 - Illuminate\Support\Collection Object
(
    [items:protected] => Array
        (
            [creating] => start
            [ZAPIS] => Array
                (
                    [IDDOK] => NAW
                    [BROJDOK] => 106
                    [STAVAKA] => 2
                    [STAVKA] => 2
                    [KOLICINA_SIFRA] => 0
                    [DATUM] => 2020-12-18 00:00:00
                    [TEXT_GRESKE] => 
                    [KNJIZENO_KARTICA] => 
                    [KNJIZENO_GLKNJIGA] => 
                    [ZAKJUCANI_DN] => NE
                )

        )

)

