2020-12-10 11:57:00 - &idfirma=1
2020-12-10 11:57:00 - Array
(
    [narudzba] => Array
        (
            [CMS_ID] => KHR88
            [DATUM_VRIJEME] => 09.12.2020 17:53:50
            [NARUCITELJ_CMS_ID] => 1
            [NARUCITELJ_EMAIL] => krste.cveljo7@gmail.com
            [NARUCITELJ_IME] => Krste
            [NARUCITELJ_PREZIME] => čveljo
            [NARUCITELJ_ADRESA] => Molatska 75
            [NARUCITELJ_MJESTO] => Zadar
            [NARUCITELJ_POSTA] => 23 000
            [NARUCITELJ_TELEFON] => 091 20 50 623
            [NARUCITELJ_NAZIV] => 
            [NARUCITELJ_OIB] => 
            [NARUCITELJ_VAT] => 
            [NARUCITELJ_ZEMLJA] => HRV
            [DOSTAVA_IME_PREZIME] => Krste čveljo
            [DOSTAVA_ADRESA] => Molatska 75
            [DOSTAVA_MJESTO] => Zadar
            [DOSTAVA_POSTA] => 23 000
            [NAPOMENA] => 
            [VALUTA] => 191
            [IZNOS_UKUPNO] => 202.40
            [TECAJ] => 1
        )

    [stavke] => Array
        (
            [0] => Array
                (
                    [IDROBA] => US00000203
                    [KOLICINA] => 1
                    [CIJENA] => 35
                    [RABAT] => 0
                    [IZNOS] => 35
                )

            [1] => Array
                (
                    [IDROBA] => M7061.L
                    [KOLICINA] => 2
                    [CIJENA] => 65.60
                    [RABAT] => 0
                    [IZNOS] => 131.20
                )

            [2] => Array
                (
                    [IDROBA] => M7012.L
                    [KOLICINA] => 1
                    [CIJENA] => 71.20
                    [RABAT] => 0
                    [IZNOS] => 71.20
                )

        )

)

2020-12-10 11:57:01 - Array
(
    [creating] => start
    [ZAPIS] => Array
        (
            [IDDOK] => NAW
            [BROJDOK] => 64
            [STAVAKA] => 3
            [STAVKA] => 3
            [KOLICINA_SIFRA] => 0
            [DATUM] => 2020-12-10 00:00:00
            [TEXT_GRESKE] => 
            [KNJIZENO_KARTICA] => 
            [KNJIZENO_GLKNJIGA] => 
            [ZAKJUCANI_DN] => NE
        )

)

