2020-12-16 12:24:11 - Array
(
    [order_id] => 117
    [invoice_no] => 0
    [invoice_prefix] => INV-2020-00
    [store_id] => 0
    [store_name] => KOZO UNDERWEAR
    [store_url] => https://www.kozo-underwear.hr/
    [customer_id] => 91
    [customer_group_id] => 1
    [firstname] => Ida
    [lastname] => Hitrec
    [email] => ida.hitrec0@gmail.com
    [telephone] => 0993202804
    [fax] => 
    [custom_field] => 
    [payment_firstname] => Ida
    [payment_lastname] => Hitrec
    [payment_company] => 
    [payment_address_1] => Mokrice 212
    [payment_address_2] => 
    [payment_city] => Oroslavje
    [payment_postcode] => 49243
    [payment_country] => Croatia
    [payment_country_id] => 53
    [payment_zone] => HR
    [payment_zone_id] => 848
    [payment_address_format] => 
    [payment_custom_field] => 
    [payment_method] => Kreditne kartice / Debitne Kartice (CorvusPay)
    [payment_code] => corvuspay
    [shipping_firstname] => Ida
    [shipping_lastname] => Hitrec
    [shipping_company] => 
    [shipping_address_1] => Mokrice 212
    [shipping_address_2] => 
    [shipping_city] => Oroslavje
    [shipping_postcode] => 49243
    [shipping_country] => Croatia
    [shipping_country_id] => 53
    [shipping_zone] => HR
    [shipping_zone_id] => 848
    [shipping_address_format] => 
    [shipping_custom_field] => 
    [shipping_method] => Dostava Intereuropa Hrvatska - Besplatna dostava za narudžbe iznad 350kn
    [shipping_code] => ultimate_shipping.ultimate_shipping_0
    [comment] => 
    [total] => 135.0000
    [order_status_id] => 5
    [affiliate_id] => 0
    [commission] => 0.0000
    [marketing_id] => 0
    [tracking] => 
    [language_id] => 2
    [currency_id] => 4
    [currency_code] => HRK
    [currency_value] => 1.00000000
    [ip] => 93.139.104.171
    [forwarded_ip] => 
    [user_agent] => Mozilla/5.0 (Windows NT 10.0; Win64; x64) AppleWebKit/537.36 (KHTML, like Gecko) Chrome/87.0.4280.88 Safari/537.36
    [accept_language] => hr-HR,hr;q=0.9,en-US;q=0.8,en;q=0.7
    [paid_order] => 0
    [intereuropa] => 1
    [date_added] => 2020-12-15 10:40:44
    [date_modified] => 2020-12-15 10:52:23
    [products] => Array
        (
            [0] => Array
                (
                    [order_product_id] => 329
                    [order_id] => 117
                    [product_id] => 82
                    [name] => MUŠKE BOKSERICE HIPSTER CRNE
                    [model] => M7013
                    [quantity] => 1
                    [price] => 100.0000
                    [total] => 100.0000
                    [tax] => 0.0000
                    [reward] => 0
                    [option] => Array
                        (
                            [order_option_id] => 291
                            [order_id] => 117
                            [order_product_id] => 329
                            [product_option_id] => 245
                            [product_option_value_id] => 108
                            [name] => Veličina
                            [value] => L
                            [type] => radio
                            [sku] => 
                            [option_data] => Array
                                (
                                    [product_option_value_id] => 108
                                    [product_option_id] => 245
                                    [product_id] => 82
                                    [option_id] => 13
                                    [option_value_id] => 50
                                    [quantity] => 98
                                    [subtract] => 1
                                    [price] => 0.0000
                                    [price_prefix] => 
                                    [points] => 0
                                    [points_prefix] => +
                                    [weight] => 0.00000000
                                    [weight_prefix] => +
                                    [sku] => M7013.L
                                )

                        )

                )

        )

    [totals] => Array
        (
            [0] => Array
                (
                    [order_total_id] => 393
                    [order_id] => 117
                    [code] => sub_total
                    [title] => Među suma
                    [value] => 100.0000
                    [sort_order] => 1
                )

            [1] => Array
                (
                    [order_total_id] => 394
                    [order_id] => 117
                    [code] => shipping
                    [title] => Dostava Intereuropa Hrvatska - Besplatna dostava za narudžbe iznad 350kn
                    [value] => 35.0000
                    [sort_order] => 3
                )

            [2] => Array
                (
                    [order_total_id] => 395
                    [order_id] => 117
                    [code] => total
                    [title] => Ukupno
                    [value] => 135.0000
                    [sort_order] => 9
                )

        )

    [status] => Array
        (
            [order_status_id] => 5
            [language_id] => 1
            [name] => Complete
        )

)

2020-12-16 12:24:11 - Array
(
    [narudzba] => Array
        (
            [CMS_ID] => KHR117
            [DATUM_VRIJEME] => 15.12.2020 10:52:23
            [NARUCITELJ_CMS_ID] => 1
            [NARUCITELJ_EMAIL] => ida.hitrec0@gmail.com
            [NARUCITELJ_IME] => Ida
            [NARUCITELJ_PREZIME] => Hitrec
            [NARUCITELJ_ADRESA] => Mokrice 212
            [NARUCITELJ_MJESTO] => Oroslavje
            [NARUCITELJ_POSTA] => 49243
            [NARUCITELJ_TELEFON] => 0993202804
            [NARUCITELJ_NAZIV] => 
            [NARUCITELJ_OIB] => 
            [NARUCITELJ_VAT] => 
            [NARUCITELJ_ZEMLJA] => HRV
            [DOSTAVA_IME_PREZIME] => Ida Hitrec
            [DOSTAVA_ADRESA] => Mokrice 212
            [DOSTAVA_MJESTO] => Oroslavje
            [DOSTAVA_POSTA] => 49243
            [NAPOMENA] => 
            [VALUTA] => 191
            [IZNOS_UKUPNO] => 135.00
            [TECAJ] => 1
        )

    [stavke] => Array
        (
            [0] => Array
                (
                    [IDROBA] => US00000203
                    [KOLICINA] => 1
                    [CIJENA] => 35
                    [RABAT] => 0
                    [IZNOS] => 35
                )

            [1] => Array
                (
                    [IDROBA] => M7013.L
                    [KOLICINA] => 1
                    [CIJENA] => 100.00
                    [RABAT] => 0
                    [IZNOS] => 100.00
                )

        )

)

2020-12-16 12:24:12 - Illuminate\Support\Collection Object
(
    [items:protected] => Array
        (
            [creating] => start
            [ZAPIS] => Array
                (
                    [IDDOK] => NAW
                    [BROJDOK] => 98
                    [STAVAKA] => 2
                    [STAVKA] => 2
                    [KOLICINA_SIFRA] => 0
                    [DATUM] => 2020-12-16 00:00:00
                    [TEXT_GRESKE] => 
                    [KNJIZENO_KARTICA] => 
                    [KNJIZENO_GLKNJIGA] => 
                    [ZAKJUCANI_DN] => NE
                )

        )

)

