2020-12-15 12:07:19 - Array
(
    [order_id] => 108
    [invoice_no] => 0
    [invoice_prefix] => INV-2020-00
    [store_id] => 0
    [store_name] => KOZO UNDERWEAR
    [store_url] => https://www.kozo-underwear.hr/
    [customer_id] => 81
    [customer_group_id] => 1
    [firstname] => Valentina
    [lastname] => Mihelić
    [email] => valentinamihelic01@gmail.com
    [telephone] => 0991961493
    [fax] => 
    [custom_field] => 
    [payment_firstname] => Valentina
    [payment_lastname] => Mihelić
    [payment_company] => 
    [payment_address_1] => Ante Starčevića 2/1
    [payment_address_2] => 
    [payment_city] => Bregana
    [payment_postcode] => 10432
    [payment_country] => Croatia
    [payment_country_id] => 53
    [payment_zone] => 
    [payment_zone_id] => 0
    [payment_address_format] => 
    [payment_custom_field] => 
    [payment_method] => Bankovna transakcija (internet bankarstvo)
    [payment_code] => bank_transfer
    [shipping_firstname] => Valentina
    [shipping_lastname] => Mihelić
    [shipping_company] => 
    [shipping_address_1] => Ante Starčevića 2/1
    [shipping_address_2] => 
    [shipping_city] => Bregana
    [shipping_postcode] => 10432
    [shipping_country] => Croatia
    [shipping_country_id] => 53
    [shipping_zone] => 
    [shipping_zone_id] => 0
    [shipping_address_format] => 
    [shipping_custom_field] => 
    [shipping_method] => Besplatna dostava Intereuropa Hrvatska
    [shipping_code] => ultimate_shipping.ultimate_shipping_0
    [comment] => 
    [total] => 610.4000
    [order_status_id] => 1
    [affiliate_id] => 0
    [commission] => 0.0000
    [marketing_id] => 0
    [tracking] => 
    [language_id] => 2
    [currency_id] => 4
    [currency_code] => HRK
    [currency_value] => 1.00000000
    [ip] => 93.138.185.247
    [forwarded_ip] => 
    [user_agent] => Mozilla/5.0 (Linux; Android 10; Mi 9 Lite) AppleWebKit/537.36 (KHTML, like Gecko) Chrome/87.0.4280.101 Mobile Safari/537.36
    [accept_language] => hr-HR,hr;q=0.9,en-US;q=0.8,en;q=0.7
    [paid_order] => 0
    [intereuropa] => 1
    [date_added] => 2020-12-12 13:41:23
    [date_modified] => 2020-12-12 13:43:35
    [products] => Array
        (
            [0] => Array
                (
                    [order_product_id] => 300
                    [order_id] => 108
                    [product_id] => 117
                    [name] => MUŠKE BOKSERICE HIPSTER PRINT KOKOS
                    [model] => M7049
                    [quantity] => 1
                    [price] => 150.4000
                    [total] => 150.4000
                    [tax] => 0.0000
                    [reward] => 0
                    [option] => Array
                        (
                            [order_option_id] => 266
                            [order_id] => 108
                            [order_product_id] => 300
                            [product_option_id] => 280
                            [product_option_value_id] => 279
                            [name] => Veličina
                            [value] => L
                            [type] => radio
                            [sku] => 
                            [option_data] => Array
                                (
                                    [product_option_value_id] => 279
                                    [product_option_id] => 280
                                    [product_id] => 117
                                    [option_id] => 13
                                    [option_value_id] => 50
                                    [quantity] => 99
                                    [subtract] => 1
                                    [price] => 0.0000
                                    [price_prefix] => 
                                    [points] => 0
                                    [points_prefix] => +
                                    [weight] => 0.00000000
                                    [weight_prefix] => +
                                    [sku] => M7049.L
                                )

                        )

                )

            [1] => Array
                (
                    [order_product_id] => 301
                    [order_id] => 108
                    [product_id] => 124
                    [name] => MUŠKE BOKSERICE HIPSTER BIJELE
                    [model] => M7052
                    [quantity] => 1
                    [price] => 92.0000
                    [total] => 92.0000
                    [tax] => 0.0000
                    [reward] => 0
                    [option] => Array
                        (
                            [order_option_id] => 267
                            [order_id] => 108
                            [order_product_id] => 301
                            [product_option_id] => 287
                            [product_option_value_id] => 319
                            [name] => Veličina
                            [value] => L
                            [type] => radio
                            [sku] => 
                            [option_data] => Array
                                (
                                    [product_option_value_id] => 319
                                    [product_option_id] => 287
                                    [product_id] => 124
                                    [option_id] => 13
                                    [option_value_id] => 50
                                    [quantity] => 99
                                    [subtract] => 1
                                    [price] => 0.0000
                                    [price_prefix] => 
                                    [points] => 0
                                    [points_prefix] => +
                                    [weight] => 0.00000000
                                    [weight_prefix] => +
                                    [sku] => M7052.L
                                )

                        )

                )

            [2] => Array
                (
                    [order_product_id] => 302
                    [order_id] => 108
                    [product_id] => 125
                    [name] => MUŠKA POTKOŠULJA UŽA RAMENICA BIJELA
                    [model] => M7057
                    [quantity] => 1
                    [price] => 92.0000
                    [total] => 92.0000
                    [tax] => 0.0000
                    [reward] => 0
                    [option] => Array
                        (
                            [order_option_id] => 268
                            [order_id] => 108
                            [order_product_id] => 302
                            [product_option_id] => 288
                            [product_option_value_id] => 325
                            [name] => Veličina
                            [value] => M
                            [type] => radio
                            [sku] => 
                            [option_data] => Array
                                (
                                    [product_option_value_id] => 325
                                    [product_option_id] => 288
                                    [product_id] => 125
                                    [option_id] => 13
                                    [option_value_id] => 51
                                    [quantity] => 99
                                    [subtract] => 1
                                    [price] => 0.0000
                                    [price_prefix] => 
                                    [points] => 0
                                    [points_prefix] => +
                                    [weight] => 0.00000000
                                    [weight_prefix] => +
                                    [sku] => M7057.M
                                )

                        )

                )

            [3] => Array
                (
                    [order_product_id] => 303
                    [order_id] => 108
                    [product_id] => 140
                    [name] => MUŠKE BOKSERICE HIPSTER SIVE
                    [model] => M7072
                    [quantity] => 1
                    [price] => 92.0000
                    [total] => 92.0000
                    [tax] => 0.0000
                    [reward] => 0
                    [option] => Array
                        (
                            [order_option_id] => 269
                            [order_id] => 108
                            [order_product_id] => 303
                            [product_option_id] => 303
                            [product_option_value_id] => 411
                            [name] => Veličina
                            [value] => L
                            [type] => radio
                            [sku] => 
                            [option_data] => Array
                                (
                                    [product_option_value_id] => 411
                                    [product_option_id] => 303
                                    [product_id] => 140
                                    [option_id] => 13
                                    [option_value_id] => 50
                                    [quantity] => 99
                                    [subtract] => 1
                                    [price] => 0.0000
                                    [price_prefix] => 
                                    [points] => 0
                                    [points_prefix] => +
                                    [weight] => 0.00000000
                                    [weight_prefix] => +
                                    [sku] => M7072.L
                                )

                        )

                )

            [4] => Array
                (
                    [order_product_id] => 304
                    [order_id] => 108
                    [product_id] => 143
                    [name] => MUŠKA POTKOŠULJA UŽA RAMENICA SIVA
                    [model] => M7074
                    [quantity] => 1
                    [price] => 92.0000
                    [total] => 92.0000
                    [tax] => 0.0000
                    [reward] => 0
                    [option] => Array
                        (
                            [order_option_id] => 270
                            [order_id] => 108
                            [order_product_id] => 304
                            [product_option_id] => 306
                            [product_option_value_id] => 425
                            [name] => Veličina
                            [value] => M
                            [type] => radio
                            [sku] => 
                            [option_data] => Array
                                (
                                    [product_option_value_id] => 425
                                    [product_option_id] => 306
                                    [product_id] => 143
                                    [option_id] => 13
                                    [option_value_id] => 51
                                    [quantity] => 99
                                    [subtract] => 1
                                    [price] => 0.0000
                                    [price_prefix] => 
                                    [points] => 0
                                    [points_prefix] => +
                                    [weight] => 0.00000000
                                    [weight_prefix] => +
                                    [sku] => M7074.M
                                )

                        )

                )

            [5] => Array
                (
                    [order_product_id] => 305
                    [order_id] => 108
                    [product_id] => 145
                    [name] => MUŠKE BOKSERICE HIPSTER CRVENE
                    [model] => M7080
                    [quantity] => 1
                    [price] => 92.0000
                    [total] => 92.0000
                    [tax] => 0.0000
                    [reward] => 0
                    [option] => Array
                        (
                            [order_option_id] => 271
                            [order_id] => 108
                            [order_product_id] => 305
                            [product_option_id] => 308
                            [product_option_value_id] => 434
                            [name] => Veličina
                            [value] => L
                            [type] => radio
                            [sku] => 
                            [option_data] => Array
                                (
                                    [product_option_value_id] => 434
                                    [product_option_id] => 308
                                    [product_id] => 145
                                    [option_id] => 13
                                    [option_value_id] => 50
                                    [quantity] => 97
                                    [subtract] => 1
                                    [price] => 0.0000
                                    [price_prefix] => 
                                    [points] => 0
                                    [points_prefix] => +
                                    [weight] => 0.00000000
                                    [weight_prefix] => +
                                    [sku] => M7080.L
                                )

                        )

                )

            [6] => Array
                (
                    [order_product_id] => 306
                    [order_id] => 108
                    [product_id] => 167
                    [name] => WEB MASKA ZA LICE
                    [model] => P8013
                    [quantity] => 1
                    [price] => 51.0000
                    [total] => 51.0000
                    [tax] => 0.0000
                    [reward] => 0
                    [option] => 
                )

        )

    [totals] => Array
        (
            [0] => Array
                (
                    [order_total_id] => 363
                    [order_id] => 108
                    [code] => sub_total
                    [title] => Među suma
                    [value] => 661.4000
                    [sort_order] => 1
                )

            [1] => Array
                (
                    [order_total_id] => 364
                    [order_id] => 108
                    [code] => tieredgiftstotal
                    [title] => Besplatni poklon - WEB MASKA ZA LICE
                    [value] => -51.0000
                    [sort_order] => 2
                )

            [2] => Array
                (
                    [order_total_id] => 365
                    [order_id] => 108
                    [code] => shipping
                    [title] => Besplatna dostava Intereuropa Hrvatska
                    [value] => 0.0000
                    [sort_order] => 3
                )

            [3] => Array
                (
                    [order_total_id] => 366
                    [order_id] => 108
                    [code] => total
                    [title] => Ukupno
                    [value] => 610.4000
                    [sort_order] => 9
                )

        )

    [status] => Array
        (
            [order_status_id] => 1
            [language_id] => 1
            [name] => Pending
        )

)

2020-12-15 12:07:19 - Array
(
    [narudzba] => Array
        (
            [CMS_ID] => KHR108
            [DATUM_VRIJEME] => 12.12.2020 13:43:35
            [NARUCITELJ_CMS_ID] => 1
            [NARUCITELJ_EMAIL] => valentinamihelic01@gmail.com
            [NARUCITELJ_IME] => Valentina
            [NARUCITELJ_PREZIME] => Mihelić
            [NARUCITELJ_ADRESA] => Ante Starčevića 2/1
            [NARUCITELJ_MJESTO] => Bregana
            [NARUCITELJ_POSTA] => 10432
            [NARUCITELJ_TELEFON] => 0991961493
            [NARUCITELJ_NAZIV] => 
            [NARUCITELJ_OIB] => 
            [NARUCITELJ_VAT] => 
            [NARUCITELJ_ZEMLJA] => HRV
            [DOSTAVA_IME_PREZIME] => Valentina Mihelić
            [DOSTAVA_ADRESA] => Ante Starčevića 2/1
            [DOSTAVA_MJESTO] => Bregana
            [DOSTAVA_POSTA] => 10432
            [NAPOMENA] => 
            [VALUTA] => 191
            [IZNOS_UKUPNO] => 610.40
            [TECAJ] => 1
        )

    [stavke] => Array
        (
            [0] => Array
                (
                    [IDROBA] => US00000203
                    [KOLICINA] => 1
                    [CIJENA] => 0
                    [RABAT] => 0
                    [IZNOS] => 0
                )

            [1] => Array
                (
                    [IDROBA] => M7049.L
                    [KOLICINA] => 1
                    [CIJENA] => 150.40
                    [RABAT] => 0
                    [IZNOS] => 150.40
                )

            [2] => Array
                (
                    [IDROBA] => M7052.L
                    [KOLICINA] => 1
                    [CIJENA] => 92.00
                    [RABAT] => 0
                    [IZNOS] => 92.00
                )

            [3] => Array
                (
                    [IDROBA] => M7057.M
                    [KOLICINA] => 1
                    [CIJENA] => 92.00
                    [RABAT] => 0
                    [IZNOS] => 92.00
                )

            [4] => Array
                (
                    [IDROBA] => M7072.L
                    [KOLICINA] => 1
                    [CIJENA] => 92.00
                    [RABAT] => 0
                    [IZNOS] => 92.00
                )

            [5] => Array
                (
                    [IDROBA] => M7074.M
                    [KOLICINA] => 1
                    [CIJENA] => 92.00
                    [RABAT] => 0
                    [IZNOS] => 92.00
                )

            [6] => Array
                (
                    [IDROBA] => M7080.L
                    [KOLICINA] => 1
                    [CIJENA] => 92.00
                    [RABAT] => 0
                    [IZNOS] => 92.00
                )

            [7] => Array
                (
                    [IDROBA] => P8013
                    [KOLICINA] => 1
                    [CIJENA] => 51.00
                    [RABAT] => 0
                    [IZNOS] => 51.00
                )

        )

)

2020-12-15 12:07:22 - Illuminate\Support\Collection Object
(
    [items:protected] => Array
        (
            [creating] => start
            [ZAPIS] => Array
                (
                    [IDDOK] => NAW
                    [BROJDOK] => 92
                    [STAVAKA] => 8
                    [STAVKA] => 8
                    [KOLICINA_SIFRA] => 0
                    [DATUM] => 2020-12-15 00:00:00
                    [TEXT_GRESKE] => 
                    [KNJIZENO_KARTICA] => 
                    [KNJIZENO_GLKNJIGA] => 
                    [ZAKJUCANI_DN] => NE
                )

        )

)

