2020-12-16 12:23:45 - &idfirma=1
2020-12-16 12:23:45 - Array
(
    [narudzba] => Array
        (
            [CMS_ID] => KHR120
            [DATUM_VRIJEME] => 15.12.2020 17:57:12
            [NARUCITELJ_CMS_ID] => 1
            [NARUCITELJ_EMAIL] => rkorljan@yahoo.com
            [NARUCITELJ_IME] => Radomir
            [NARUCITELJ_PREZIME] => Korljan
            [NARUCITELJ_ADRESA] => Jadranska 151
            [NARUCITELJ_MJESTO] => Gradac
            [NARUCITELJ_POSTA] => 21330
            [NARUCITELJ_TELEFON] => 0911697637
            [NARUCITELJ_NAZIV] => 
            [NARUCITELJ_OIB] => 
            [NARUCITELJ_VAT] => 
            [NARUCITELJ_ZEMLJA] => HRV
            [DOSTAVA_IME_PREZIME] => Radomir Korljan
            [DOSTAVA_ADRESA] => Jadranska 151
            [DOSTAVA_MJESTO] => Gradac
            [DOSTAVA_POSTA] => 21330
            [NAPOMENA] => 
            [VALUTA] => 191
            [IZNOS_UKUPNO] => 283.00
            [TECAJ] => 1
        )

    [stavke] => Array
        (
            [0] => Array
                (
                    [IDROBA] => US00000203
                    [KOLICINA] => 1
                    [CIJENA] => 35
                    [RABAT] => 0
                    [IZNOS] => 35
                )

            [1] => Array
                (
                    [IDROBA] => M5005.L
                    [KOLICINA] => 2
                    [CIJENA] => 124.00
                    [RABAT] => 0
                    [IZNOS] => 248.00
                )

        )

)

2020-12-16 12:23:47 - Array
(
    [creating] => start
    [ZAPIS] => Array
        (
            [IDDOK] => NAW
            [BROJDOK] => 96
            [STAVAKA] => 2
            [STAVKA] => 2
            [KOLICINA_SIFRA] => 0
            [DATUM] => 2020-12-16 00:00:00
            [TEXT_GRESKE] => 
            [KNJIZENO_KARTICA] => 
            [KNJIZENO_GLKNJIGA] => 
            [ZAKJUCANI_DN] => NE
        )

)

