2020-12-22 12:31:05 - Array
(
    [order_id] => 154
    [invoice_no] => 0
    [invoice_prefix] => INV-2020-00
    [store_id] => 0
    [store_name] => KOZO UNDERWEAR
    [store_url] => https://www.kozo-underwear.hr/
    [customer_id] => 116
    [customer_group_id] => 1
    [firstname] => ivan
    [lastname] => Vidovic
    [email] => vidovic.ivan30@gmail.com
    [telephone] => 0915404546
    [fax] => 
    [custom_field] => 
    [payment_firstname] => ivan
    [payment_lastname] => Vidovic
    [payment_company] => 
    [payment_address_1] => lovacki put 13a
    [payment_address_2] => 
    [payment_city] => Split
    [payment_postcode] => 21000
    [payment_country] => Croatia
    [payment_country_id] => 53
    [payment_zone] => HR
    [payment_zone_id] => 848
    [payment_address_format] => 
    [payment_custom_field] => 
    [payment_method] => Plaćanje pouzećem
    [payment_code] => cod
    [shipping_firstname] => ivan
    [shipping_lastname] => Vidovic
    [shipping_company] => 
    [shipping_address_1] => lovacki put 13a
    [shipping_address_2] => 
    [shipping_city] => Split
    [shipping_postcode] => 21000
    [shipping_country] => Croatia
    [shipping_country_id] => 53
    [shipping_zone] => HR
    [shipping_zone_id] => 848
    [shipping_address_format] => 
    [shipping_custom_field] => 
    [shipping_method] => Dostava Intereuropa Hrvatska - Besplatna dostava za narudžbe iznad 350kn
    [shipping_code] => ultimate_shipping.ultimate_shipping_0
    [comment] => 
    [total] => 209.4000
    [order_status_id] => 1
    [affiliate_id] => 0
    [commission] => 0.0000
    [marketing_id] => 0
    [tracking] => 
    [language_id] => 2
    [currency_id] => 4
    [currency_code] => HRK
    [currency_value] => 1.00000000
    [ip] => 213.149.61.109
    [forwarded_ip] => 
    [user_agent] => Mozilla/5.0 (Linux; Android 10; SAMSUNG SM-A750F) AppleWebKit/537.36 (KHTML, like Gecko) SamsungBrowser/10.1 Chrome/71.0.3578.99 Mobile Safari/537.36
    [accept_language] => en-GB,en-US;q=0.9,en;q=0.8
    [paid_order] => 0
    [intereuropa] => 1
    [date_added] => 2020-12-22 11:42:18
    [date_modified] => 2020-12-22 11:42:35
    [products] => Array
        (
            [0] => Array
                (
                    [order_product_id] => 409
                    [order_id] => 154
                    [product_id] => 83
                    [name] => MUŠKE SLIP GAĆE CRNE
                    [model] => M7015
                    [quantity] => 1
                    [price] => 68.0000
                    [total] => 68.0000
                    [tax] => 0.0000
                    [reward] => 0
                    [option] => Array
                        (
                            [order_option_id] => 367
                            [order_id] => 154
                            [order_product_id] => 409
                            [product_option_id] => 246
                            [product_option_value_id] => 113
                            [name] => Veličina
                            [value] => L
                            [type] => radio
                            [sku] => 
                            [option_data] => Array
                                (
                                    [product_option_value_id] => 113
                                    [product_option_id] => 246
                                    [product_id] => 83
                                    [option_id] => 13
                                    [option_value_id] => 50
                                    [quantity] => 98
                                    [subtract] => 1
                                    [price] => 0.0000
                                    [price_prefix] => 
                                    [points] => 0
                                    [points_prefix] => +
                                    [weight] => 0.00000000
                                    [weight_prefix] => +
                                    [sku] => M7015.L
                                )

                        )

                )

            [1] => Array
                (
                    [order_product_id] => 410
                    [order_id] => 154
                    [product_id] => 115
                    [name] => MUŠKE GAĆE SLIP PRINT KOKOS
                    [model] => M7048
                    [quantity] => 1
                    [price] => 106.4000
                    [total] => 106.4000
                    [tax] => 0.0000
                    [reward] => 0
                    [option] => Array
                        (
                            [order_option_id] => 368
                            [order_id] => 154
                            [order_product_id] => 410
                            [product_option_id] => 278
                            [product_option_value_id] => 269
                            [name] => Veličina
                            [value] => L
                            [type] => radio
                            [sku] => 
                            [option_data] => Array
                                (
                                    [product_option_value_id] => 269
                                    [product_option_id] => 278
                                    [product_id] => 115
                                    [option_id] => 13
                                    [option_value_id] => 50
                                    [quantity] => 99
                                    [subtract] => 1
                                    [price] => 0.0000
                                    [price_prefix] => 
                                    [points] => 0
                                    [points_prefix] => +
                                    [weight] => 0.00000000
                                    [weight_prefix] => +
                                    [sku] => M7048.L
                                )

                        )

                )

        )

    [totals] => Array
        (
            [0] => Array
                (
                    [order_total_id] => 507
                    [order_id] => 154
                    [code] => sub_total
                    [title] => Među suma
                    [value] => 174.4000
                    [sort_order] => 1
                )

            [1] => Array
                (
                    [order_total_id] => 508
                    [order_id] => 154
                    [code] => shipping
                    [title] => Dostava Intereuropa Hrvatska - Besplatna dostava za narudžbe iznad 350kn
                    [value] => 35.0000
                    [sort_order] => 3
                )

            [2] => Array
                (
                    [order_total_id] => 509
                    [order_id] => 154
                    [code] => total
                    [title] => Ukupno
                    [value] => 209.4000
                    [sort_order] => 9
                )

        )

    [status] => Array
        (
            [order_status_id] => 1
            [language_id] => 1
            [name] => Pending
        )

)

2020-12-22 12:31:05 - Array
(
    [narudzba] => Array
        (
            [CMS_ID] => KHR154
            [DATUM_VRIJEME] => 22.12.2020 11:42:35
            [NARUCITELJ_CMS_ID] => 1
            [NARUCITELJ_EMAIL] => vidovic.ivan30@gmail.com
            [NARUCITELJ_IME] => ivan
            [NARUCITELJ_PREZIME] => Vidovic
            [NARUCITELJ_ADRESA] => lovacki put 13a
            [NARUCITELJ_MJESTO] => Split
            [NARUCITELJ_POSTA] => 21000
            [NARUCITELJ_TELEFON] => 0915404546
            [NARUCITELJ_NAZIV] => 
            [NARUCITELJ_OIB] => 
            [NARUCITELJ_VAT] => 
            [NARUCITELJ_ZEMLJA] => HRV
            [DOSTAVA_IME_PREZIME] => ivan Vidovic
            [DOSTAVA_ADRESA] => lovacki put 13a
            [DOSTAVA_MJESTO] => Split
            [DOSTAVA_POSTA] => 21000
            [NAPOMENA] => 
            [VALUTA] => 191
            [IZNOS_UKUPNO] => 209.40
            [TECAJ] => 1
        )

    [stavke] => Array
        (
            [0] => Array
                (
                    [IDROBA] => US00000203
                    [KOLICINA] => 1
                    [CIJENA] => 35
                    [RABAT] => 0
                    [IZNOS] => 35
                )

            [1] => Array
                (
                    [IDROBA] => M7015.L
                    [KOLICINA] => 1
                    [CIJENA] => 68.00
                    [RABAT] => 0
                    [IZNOS] => 68.00
                )

            [2] => Array
                (
                    [IDROBA] => M7048.L
                    [KOLICINA] => 1
                    [CIJENA] => 106.40
                    [RABAT] => 0
                    [IZNOS] => 106.40
                )

        )

)

2020-12-22 12:31:07 - Illuminate\Support\Collection Object
(
    [items:protected] => Array
        (
            [creating] => start
            [ZAPIS] => Array
                (
                    [IDDOK] => NAW
                    [BROJDOK] => 117
                    [STAVAKA] => 3
                    [STAVKA] => 3
                    [KOLICINA_SIFRA] => 0
                    [DATUM] => 2020-12-22 00:00:00
                    [TEXT_GRESKE] => 
                    [KNJIZENO_KARTICA] => 
                    [KNJIZENO_GLKNJIGA] => 
                    [ZAKJUCANI_DN] => NE
                )

        )

)

