2020-12-28 12:55:18 - Array
(
    [order_id] => 164
    [invoice_no] => 0
    [invoice_prefix] => INV-2020-00
    [store_id] => 0
    [store_name] => KOZO UNDERWEAR
    [store_url] => https://www.kozo-underwear.hr/
    [customer_id] => 124
    [customer_group_id] => 1
    [firstname] => Željko
    [lastname] => Legac
    [email] => ele040307@yahoo.it
    [telephone] => +385992761065
    [fax] => 
    [custom_field] => 
    [payment_firstname] => Zeljko 
    [payment_lastname] => Legac
    [payment_company] => 
    [payment_address_1] => Silvija Bačića 27
    [payment_address_2] => 
    [payment_city] => Rijeka
    [payment_postcode] => 51000
    [payment_country] => Croatia
    [payment_country_id] => 53
    [payment_zone] => 
    [payment_zone_id] => 0
    [payment_address_format] => 
    [payment_custom_field] => 
    [payment_method] => Plaćanje pouzećem
    [payment_code] => cod
    [shipping_firstname] => Zeljko
    [shipping_lastname] => Legac
    [shipping_company] => 
    [shipping_address_1] => Silvija Bačića 27
    [shipping_address_2] => 
    [shipping_city] => Rijeka
    [shipping_postcode] => 51000
    [shipping_country] => Croatia
    [shipping_country_id] => 53
    [shipping_zone] => 
    [shipping_zone_id] => 0
    [shipping_address_format] => 
    [shipping_custom_field] => 
    [shipping_method] => Besplatna dostava Intereuropa Hrvatska
    [shipping_code] => ultimate_shipping.ultimate_shipping_0
    [comment] => 
    [total] => 528.0000
    [order_status_id] => 1
    [affiliate_id] => 0
    [commission] => 0.0000
    [marketing_id] => 0
    [tracking] => 
    [language_id] => 2
    [currency_id] => 4
    [currency_code] => HRK
    [currency_value] => 1.00000000
    [ip] => 95.168.118.7
    [forwarded_ip] => 
    [user_agent] => Mozilla/5.0 (Linux; Android 9; CLT-L29 Build/HUAWEICLT-L29; wv) AppleWebKit/537.36 (KHTML, like Gecko) Version/4.0 Chrome/84.0.4147.125 Mobile Safari/537.36 [FB_IAB/FB4A;FBAV/293.0.0.43.120;]
    [accept_language] => hr-HR,hr;q=0.9,en-US;q=0.8,en;q=0.7
    [paid_order] => 0
    [intereuropa] => 1
    [date_added] => 2020-12-26 21:30:30
    [date_modified] => 2020-12-26 21:30:37
    [products] => Array
        (
            [0] => Array
                (
                    [order_product_id] => 426
                    [order_id] => 164
                    [product_id] => 71
                    [name] => MUŠKA PIDŽAMA DONJI DIO
                    [model] => M5005
                    [quantity] => 1
                    [price] => 124.0000
                    [total] => 124.0000
                    [tax] => 0.0000
                    [reward] => 0
                    [option] => Array
                        (
                            [order_option_id] => 384
                            [order_id] => 164
                            [order_product_id] => 426
                            [product_option_id] => 234
                            [product_option_value_id] => 47
                            [name] => Veličina
                            [value] => XL
                            [type] => radio
                            [sku] => 
                            [option_data] => Array
                                (
                                    [product_option_value_id] => 47
                                    [product_option_id] => 234
                                    [product_id] => 71
                                    [option_id] => 13
                                    [option_value_id] => 49
                                    [quantity] => 20
                                    [subtract] => 1
                                    [price] => 0.0000
                                    [price_prefix] => 
                                    [points] => 0
                                    [points_prefix] => +
                                    [weight] => 0.00000000
                                    [weight_prefix] => +
                                    [sku] => M5005.XL
                                )

                        )

                )

            [1] => Array
                (
                    [order_product_id] => 427
                    [order_id] => 164
                    [product_id] => 73
                    [name] => MUŠKA PIDŽAMA GORNJI DIO
                    [model] => M5006
                    [quantity] => 1
                    [price] => 148.0000
                    [total] => 148.0000
                    [tax] => 0.0000
                    [reward] => 0
                    [option] => Array
                        (
                            [order_option_id] => 385
                            [order_id] => 164
                            [order_product_id] => 427
                            [product_option_id] => 236
                            [product_option_value_id] => 59
                            [name] => Veličina
                            [value] => XL
                            [type] => radio
                            [sku] => 
                            [option_data] => Array
                                (
                                    [product_option_value_id] => 59
                                    [product_option_id] => 236
                                    [product_id] => 73
                                    [option_id] => 13
                                    [option_value_id] => 49
                                    [quantity] => 14
                                    [subtract] => 1
                                    [price] => 0.0000
                                    [price_prefix] => 
                                    [points] => 0
                                    [points_prefix] => +
                                    [weight] => 0.00000000
                                    [weight_prefix] => +
                                    [sku] => M5006.XL
                                )

                        )

                )

            [2] => Array
                (
                    [order_product_id] => 428
                    [order_id] => 164
                    [product_id] => 74
                    [name] => MUŠKA PIDŽAMA GORNJI DIO
                    [model] => M5004
                    [quantity] => 1
                    [price] => 140.0000
                    [total] => 140.0000
                    [tax] => 0.0000
                    [reward] => 0
                    [option] => Array
                        (
                            [order_option_id] => 386
                            [order_id] => 164
                            [order_product_id] => 428
                            [product_option_id] => 237
                            [product_option_value_id] => 65
                            [name] => Veličina
                            [value] => XL
                            [type] => radio
                            [sku] => 
                            [option_data] => Array
                                (
                                    [product_option_value_id] => 65
                                    [product_option_id] => 237
                                    [product_id] => 74
                                    [option_id] => 13
                                    [option_value_id] => 49
                                    [quantity] => 22
                                    [subtract] => 1
                                    [price] => 0.0000
                                    [price_prefix] => 
                                    [points] => 0
                                    [points_prefix] => +
                                    [weight] => 0.00000000
                                    [weight_prefix] => +
                                    [sku] => M5004.XL
                                )

                        )

                )

            [3] => Array
                (
                    [order_product_id] => 429
                    [order_id] => 164
                    [product_id] => 75
                    [name] => MUŠKA PIDŽAMA DONJI DIO
                    [model] => M5007
                    [quantity] => 1
                    [price] => 116.0000
                    [total] => 116.0000
                    [tax] => 0.0000
                    [reward] => 0
                    [option] => Array
                        (
                            [order_option_id] => 387
                            [order_id] => 164
                            [order_product_id] => 429
                            [product_option_id] => 238
                            [product_option_value_id] => 71
                            [name] => Veličina
                            [value] => XL
                            [type] => radio
                            [sku] => 
                            [option_data] => Array
                                (
                                    [product_option_value_id] => 71
                                    [product_option_id] => 238
                                    [product_id] => 75
                                    [option_id] => 13
                                    [option_value_id] => 49
                                    [quantity] => 14
                                    [subtract] => 1
                                    [price] => 0.0000
                                    [price_prefix] => 
                                    [points] => 0
                                    [points_prefix] => +
                                    [weight] => 0.00000000
                                    [weight_prefix] => +
                                    [sku] => M5007.XL
                                )

                        )

                )

            [4] => Array
                (
                    [order_product_id] => 430
                    [order_id] => 164
                    [product_id] => 170
                    [name] => NAVY MASKA ZA LICE
                    [model] => P8010
                    [quantity] => 1
                    [price] => 51.0000
                    [total] => 51.0000
                    [tax] => 0.0000
                    [reward] => 0
                    [option] => 
                )

        )

    [totals] => Array
        (
            [0] => Array
                (
                    [order_total_id] => 537
                    [order_id] => 164
                    [code] => sub_total
                    [title] => Među suma
                    [value] => 579.0000
                    [sort_order] => 1
                )

            [1] => Array
                (
                    [order_total_id] => 538
                    [order_id] => 164
                    [code] => tieredgiftstotal
                    [title] => Besplatni poklon - NAVY MASKA ZA LICE
                    [value] => -51.0000
                    [sort_order] => 2
                )

            [2] => Array
                (
                    [order_total_id] => 539
                    [order_id] => 164
                    [code] => shipping
                    [title] => Besplatna dostava Intereuropa Hrvatska
                    [value] => 0.0000
                    [sort_order] => 3
                )

            [3] => Array
                (
                    [order_total_id] => 540
                    [order_id] => 164
                    [code] => total
                    [title] => Ukupno
                    [value] => 528.0000
                    [sort_order] => 9
                )

        )

    [status] => Array
        (
            [order_status_id] => 1
            [language_id] => 1
            [name] => Pending
        )

)

2020-12-28 12:55:18 - Array
(
    [narudzba] => Array
        (
            [CMS_ID] => KHR164
            [DATUM_VRIJEME] => 26.12.2020 21:30:37
            [NARUCITELJ_CMS_ID] => 1
            [NARUCITELJ_EMAIL] => ele040307@yahoo.it
            [NARUCITELJ_IME] => Zeljko 
            [NARUCITELJ_PREZIME] => Legac
            [NARUCITELJ_ADRESA] => Silvija Bačića 27
            [NARUCITELJ_MJESTO] => Rijeka
            [NARUCITELJ_POSTA] => 51000
            [NARUCITELJ_TELEFON] => +385992761065
            [NARUCITELJ_NAZIV] => 
            [NARUCITELJ_OIB] => 
            [NARUCITELJ_VAT] => 
            [NARUCITELJ_ZEMLJA] => HRV
            [DOSTAVA_IME_PREZIME] => Zeljko Legac
            [DOSTAVA_ADRESA] => Silvija Bačića 27
            [DOSTAVA_MJESTO] => Rijeka
            [DOSTAVA_POSTA] => 51000
            [NAPOMENA] => 
            [VALUTA] => 191
            [IZNOS_UKUPNO] => 528.00
            [TECAJ] => 1
        )

    [stavke] => Array
        (
            [0] => Array
                (
                    [IDROBA] => US00000203
                    [KOLICINA] => 1
                    [CIJENA] => 0
                    [RABAT] => 0
                    [IZNOS] => 0
                )

            [1] => Array
                (
                    [IDROBA] => M5005.XL
                    [KOLICINA] => 1
                    [CIJENA] => 124.00
                    [RABAT] => 0
                    [IZNOS] => 124.00
                )

            [2] => Array
                (
                    [IDROBA] => M5006.XL
                    [KOLICINA] => 1
                    [CIJENA] => 148.00
                    [RABAT] => 0
                    [IZNOS] => 148.00
                )

            [3] => Array
                (
                    [IDROBA] => M5004.XL
                    [KOLICINA] => 1
                    [CIJENA] => 140.00
                    [RABAT] => 0
                    [IZNOS] => 140.00
                )

            [4] => Array
                (
                    [IDROBA] => M5007.XL
                    [KOLICINA] => 1
                    [CIJENA] => 116.00
                    [RABAT] => 0
                    [IZNOS] => 116.00
                )

            [5] => Array
                (
                    [IDROBA] => P8010
                    [KOLICINA] => 1
                    [CIJENA] => 51.00
                    [RABAT] => 0
                    [IZNOS] => 51.00
                )

        )

)

2020-12-28 12:55:20 - Illuminate\Support\Collection Object
(
    [items:protected] => Array
        (
            [creating] => start
            [ZAPIS] => Array
                (
                    [IDDOK] => NAW
                    [BROJDOK] => 126
                    [STAVAKA] => 6
                    [STAVKA] => 6
                    [KOLICINA_SIFRA] => 0
                    [DATUM] => 2020-12-28 00:00:00
                    [TEXT_GRESKE] => 
                    [KNJIZENO_KARTICA] => 
                    [KNJIZENO_GLKNJIGA] => 
                    [ZAKJUCANI_DN] => NE
                )

        )

)

