2020-12-07 13:31:14 - Array
(
    [order_id] => 73
    [invoice_no] => 0
    [invoice_prefix] => INV-2020-00
    [store_id] => 0
    [store_name] => KOZO UNDERWEAR
    [store_url] => https://www.kozo-underwear.hr/
    [customer_id] => 54
    [customer_group_id] => 1
    [firstname] => Matija
    [lastname] => Jerkovic
    [email] => matija.jerkovic.jerac@gmail.com
    [telephone] => 099 6074742
    [fax] => 
    [custom_field] => 
    [payment_firstname] => Matija
    [payment_lastname] => Jerkovic
    [payment_company] => 
    [payment_address_1] => Ede Murtica 7
    [payment_address_2] => 
    [payment_city] => Zagreb
    [payment_postcode] => 10000 
    [payment_country] => Croatia
    [payment_country_id] => 53
    [payment_zone] => Bjelovarsko-bilogorska
    [payment_zone_id] => 847
    [payment_address_format] => 
    [payment_custom_field] => 
    [payment_method] => Kreditne kartice / Debitne Kartice (CorvusPay)
    [payment_code] => corvuspay
    [shipping_firstname] => Matija
    [shipping_lastname] => Jerkovic
    [shipping_company] => 
    [shipping_address_1] => Ede Murtica 7
    [shipping_address_2] => 
    [shipping_city] => Zagreb
    [shipping_postcode] => 10000 
    [shipping_country] => Croatia
    [shipping_country_id] => 53
    [shipping_zone] => Bjelovarsko-bilogorska
    [shipping_zone_id] => 847
    [shipping_address_format] => 
    [shipping_custom_field] => 
    [shipping_method] => Besplatna dostava Intereuropa Hrvatska
    [shipping_code] => ultimate_shipping.ultimate_shipping_0
    [comment] => 
    [total] => 560.0000
    [order_status_id] => 5
    [affiliate_id] => 0
    [commission] => 0.0000
    [marketing_id] => 0
    [tracking] => 
    [language_id] => 2
    [currency_id] => 4
    [currency_code] => HRK
    [currency_value] => 1.00000000
    [ip] => 188.252.196.156
    [forwarded_ip] => 
    [user_agent] => Mozilla/5.0 (Linux; Android 7.0; SM-A310F) AppleWebKit/537.36 (KHTML, like Gecko) Chrome/84.0.4147.105 Mobile Safari/537.36
    [accept_language] => hr-HR,hr;q=0.9,en-US;q=0.8,en;q=0.7
    [paid_order] => 0
    [intereuropa] => 1
    [date_added] => 2020-12-06 21:21:40
    [date_modified] => 2020-12-06 21:24:36
    [products] => Array
        (
            [0] => Array
                (
                    [order_product_id] => 182
                    [order_id] => 73
                    [product_id] => 169
                    [name] => SQUARES MASKA ZA LICE
                    [model] => P8012
                    [quantity] => 1
                    [price] => 51.0000
                    [total] => 51.0000
                    [tax] => 0.0000
                    [reward] => 0
                    [option] => 
                )

            [1] => Array
                (
                    [order_product_id] => 183
                    [order_id] => 73
                    [product_id] => 180
                    [name] => M5010 MUŠKA PIDŽAMA
                    [model] => M5010
                    [quantity] => 1
                    [price] => 264.0000
                    [total] => 264.0000
                    [tax] => 0.0000
                    [reward] => 0
                    [option] => Array
                        (
                            [order_option_id] => 162
                            [order_id] => 73
                            [order_product_id] => 183
                            [product_option_id] => 344
                            [product_option_value_id] => 573
                            [name] => Veličina
                            [value] => M
                            [type] => radio
                            [sku] => 
                            [option_data] => Array
                                (
                                    [product_option_value_id] => 573
                                    [product_option_id] => 344
                                    [product_id] => 180
                                    [option_id] => 13
                                    [option_value_id] => 51
                                    [quantity] => 98
                                    [subtract] => 1
                                    [price] => 0.0000
                                    [price_prefix] => +
                                    [points] => 0
                                    [points_prefix] => +
                                    [weight] => 0.00000000
                                    [weight_prefix] => +
                                    [sku] => M5010.M
                                )

                        )

                )

            [2] => Array
                (
                    [order_product_id] => 184
                    [order_id] => 73
                    [product_id] => 183
                    [name] => MUŠKA PIDŽAMA
                    [model] => M5009
                    [quantity] => 1
                    [price] => 296.0000
                    [total] => 296.0000
                    [tax] => 0.0000
                    [reward] => 0
                    [option] => Array
                        (
                            [order_option_id] => 163
                            [order_id] => 73
                            [order_product_id] => 184
                            [product_option_id] => 345
                            [product_option_value_id] => 579
                            [name] => Veličina
                            [value] => M
                            [type] => radio
                            [sku] => 
                            [option_data] => Array
                                (
                                    [product_option_value_id] => 579
                                    [product_option_id] => 345
                                    [product_id] => 183
                                    [option_id] => 13
                                    [option_value_id] => 51
                                    [quantity] => 99
                                    [subtract] => 1
                                    [price] => 0.0000
                                    [price_prefix] => +
                                    [points] => 0
                                    [points_prefix] => +
                                    [weight] => 0.00000000
                                    [weight_prefix] => +
                                    [sku] => M5009.M
                                )

                        )

                )

        )

    [totals] => Array
        (
            [0] => Array
                (
                    [order_total_id] => 239
                    [order_id] => 73
                    [code] => sub_total
                    [title] => Među suma
                    [value] => 611.0000
                    [sort_order] => 1
                )

            [1] => Array
                (
                    [order_total_id] => 240
                    [order_id] => 73
                    [code] => tieredgiftstotal
                    [title] => Besplatni poklon - SQUARES MASKA ZA LICE
                    [value] => -51.0000
                    [sort_order] => 2
                )

            [2] => Array
                (
                    [order_total_id] => 241
                    [order_id] => 73
                    [code] => shipping
                    [title] => Besplatna dostava Intereuropa Hrvatska
                    [value] => 0.0000
                    [sort_order] => 3
                )

            [3] => Array
                (
                    [order_total_id] => 242
                    [order_id] => 73
                    [code] => total
                    [title] => Ukupno
                    [value] => 560.0000
                    [sort_order] => 9
                )

        )

    [status] => Array
        (
            [order_status_id] => 5
            [language_id] => 1
            [name] => Complete
        )

)

2020-12-07 13:31:14 - Array
(
    [narudzba] => Array
        (
            [CMS_ID] => KHR73
            [DATUM_VRIJEME] => 06.12.2020 21:24:36
            [NARUCITELJ_CMS_ID] => 1
            [NARUCITELJ_EMAIL] => matija.jerkovic.jerac@gmail.com
            [NARUCITELJ_IME] => Matija
            [NARUCITELJ_PREZIME] => Jerkovic
            [NARUCITELJ_ADRESA] => Ede Murtica 7
            [NARUCITELJ_MJESTO] => Zagreb
            [NARUCITELJ_POSTA] => 10000 
            [NARUCITELJ_TELEFON] => 099 6074742
            [NARUCITELJ_NAZIV] => 
            [NARUCITELJ_OIB] => 
            [NARUCITELJ_VAT] => 
            [NARUCITELJ_ZEMLJA] => HRV
            [DOSTAVA_IME_PREZIME] => Matija Jerkovic
            [DOSTAVA_ADRESA] => Ede Murtica 7
            [DOSTAVA_MJESTO] => Zagreb
            [DOSTAVA_POSTA] => 10000 
            [NAPOMENA] => 
            [VALUTA] => 191
            [IZNOS_UKUPNO] => 560.00
            [TECAJ] => 1
        )

    [stavke] => Array
        (
            [0] => Array
                (
                    [IDROBA] => US00000203
                    [KOLICINA] => 1
                    [CIJENA] => 0
                    [RABAT] => 0
                    [IZNOS] => 0
                )

            [1] => Array
                (
                    [IDROBA] => P8012
                    [KOLICINA] => 1
                    [CIJENA] => 51.00
                    [RABAT] => 0
                    [IZNOS] => 51.00
                )

            [2] => Array
                (
                    [IDROBA] => M5010.M
                    [KOLICINA] => 1
                    [CIJENA] => 264.00
                    [RABAT] => 0
                    [IZNOS] => 264.00
                )

            [3] => Array
                (
                    [IDROBA] => M5009.M
                    [KOLICINA] => 1
                    [CIJENA] => 296.00
                    [RABAT] => 0
                    [IZNOS] => 296.00
                )

        )

)

2020-12-07 13:31:15 - Illuminate\Support\Collection Object
(
    [items:protected] => Array
        (
            [creating] => start
            [ZAPIS] => Array
                (
                    [IDDOK] => NAW
                    [BROJDOK] => 54
                    [STAVAKA] => 4
                    [STAVKA] => 4
                    [KOLICINA_SIFRA] => 0
                    [DATUM] => 2020-12-07 00:00:00
                    [TEXT_GRESKE] => 
                    [KNJIZENO_KARTICA] => 
                    [KNJIZENO_GLKNJIGA] => 
                    [ZAKJUCANI_DN] => NE
                )

        )

)

