2020-12-14 12:21:43 - Array
(
    [order_id] => 106
    [invoice_no] => 0
    [invoice_prefix] => INV-2020-00
    [store_id] => 0
    [store_name] => KOZO UNDERWEAR
    [store_url] => https://www.kozo-underwear.hr/
    [customer_id] => 82
    [customer_group_id] => 1
    [firstname] => Matea
    [lastname] => Hanžek
    [email] => mateahanzek@gmail.com
    [telephone] => +385915355750
    [fax] => 
    [custom_field] => 
    [payment_firstname] => Matea
    [payment_lastname] => Hanžek
    [payment_company] => 
    [payment_address_1] => Sv Duh 104
    [payment_address_2] => 
    [payment_city] => Zagreb
    [payment_postcode] => 10000
    [payment_country] => Croatia
    [payment_country_id] => 53
    [payment_zone] => HR
    [payment_zone_id] => 848
    [payment_address_format] => 
    [payment_custom_field] => 
    [payment_method] => Kreditne kartice / Debitne Kartice (CorvusPay)
    [payment_code] => corvuspay
    [shipping_firstname] => Matea
    [shipping_lastname] => Hanžek
    [shipping_company] => 
    [shipping_address_1] => Sv Duh 104
    [shipping_address_2] => 
    [shipping_city] => Zagreb
    [shipping_postcode] => 10000
    [shipping_country] => Croatia
    [shipping_country_id] => 53
    [shipping_zone] => HR
    [shipping_zone_id] => 848
    [shipping_address_format] => 
    [shipping_custom_field] => 
    [shipping_method] => Dostava Intereuropa Hrvatska - Besplatna dostava za narudžbe iznad 350kn
    [shipping_code] => ultimate_shipping.ultimate_shipping_0
    [comment] => 
    [total] => 306.2000
    [order_status_id] => 5
    [affiliate_id] => 0
    [commission] => 0.0000
    [marketing_id] => 0
    [tracking] => 
    [language_id] => 2
    [currency_id] => 4
    [currency_code] => HRK
    [currency_value] => 1.00000000
    [ip] => 188.252.199.251
    [forwarded_ip] => 
    [user_agent] => Mozilla/5.0 (iPhone; CPU iPhone OS 14_2 like Mac OS X) AppleWebKit/605.1.15 (KHTML, like Gecko) CriOS/86.0.4240.93 Mobile/15E148 Safari/604.1
    [accept_language] => en-us
    [paid_order] => 0
    [intereuropa] => 1
    [date_added] => 2020-12-12 00:47:01
    [date_modified] => 2020-12-12 00:48:15
    [products] => Array
        (
            [0] => Array
                (
                    [order_product_id] => 295
                    [order_id] => 106
                    [product_id] => 65
                    [name] => MUŠKE GAĆE SLIP BIJELE
                    [model] => M7001
                    [quantity] => 1
                    [price] => 71.2000
                    [total] => 71.2000
                    [tax] => 0.0000
                    [reward] => 0
                    [option] => Array
                        (
                            [order_option_id] => 261
                            [order_id] => 106
                            [order_product_id] => 295
                            [product_option_id] => 229
                            [product_option_value_id] => 508
                            [name] => Veličina
                            [value] => L
                            [type] => radio
                            [sku] => 
                            [option_data] => Array
                                (
                                    [product_option_value_id] => 508
                                    [product_option_id] => 229
                                    [product_id] => 65
                                    [option_id] => 13
                                    [option_value_id] => 50
                                    [quantity] => 100
                                    [subtract] => 0
                                    [price] => 0.0000
                                    [price_prefix] => 
                                    [points] => 0
                                    [points_prefix] => +
                                    [weight] => 0.00000000
                                    [weight_prefix] => +
                                    [sku] => M7001.L
                                )

                        )

                )

            [1] => Array
                (
                    [order_product_id] => 296
                    [order_id] => 106
                    [product_id] => 90
                    [name] => MUŠKE BOKSERICE HIPSTER SIVE
                    [model] => M7024
                    [quantity] => 1
                    [price] => 100.0000
                    [total] => 100.0000
                    [tax] => 0.0000
                    [reward] => 0
                    [option] => Array
                        (
                            [order_option_id] => 262
                            [order_id] => 106
                            [order_product_id] => 296
                            [product_option_id] => 253
                            [product_option_value_id] => 157
                            [name] => Veličina
                            [value] => XL
                            [type] => radio
                            [sku] => 
                            [option_data] => Array
                                (
                                    [product_option_value_id] => 157
                                    [product_option_id] => 253
                                    [product_id] => 90
                                    [option_id] => 13
                                    [option_value_id] => 49
                                    [quantity] => 98
                                    [subtract] => 1
                                    [price] => 0.0000
                                    [price_prefix] => 
                                    [points] => 0
                                    [points_prefix] => +
                                    [weight] => 0.00000000
                                    [weight_prefix] => +
                                    [sku] => M7024.XL
                                )

                        )

                )

            [2] => Array
                (
                    [order_product_id] => 297
                    [order_id] => 106
                    [product_id] => 96
                    [name] => MUŠKE BOKSERICE HIPSTER TAMNO PLAVE
                    [model] => M7028
                    [quantity] => 1
                    [price] => 100.0000
                    [total] => 100.0000
                    [tax] => 0.0000
                    [reward] => 0
                    [option] => Array
                        (
                            [order_option_id] => 263
                            [order_id] => 106
                            [order_product_id] => 297
                            [product_option_id] => 259
                            [product_option_value_id] => 185
                            [name] => Veličina
                            [value] => XL
                            [type] => radio
                            [sku] => 
                            [option_data] => Array
                                (
                                    [product_option_value_id] => 185
                                    [product_option_id] => 259
                                    [product_id] => 96
                                    [option_id] => 13
                                    [option_value_id] => 49
                                    [quantity] => 98
                                    [subtract] => 1
                                    [price] => 0.0000
                                    [price_prefix] => 
                                    [points] => 0
                                    [points_prefix] => +
                                    [weight] => 0.00000000
                                    [weight_prefix] => +
                                    [sku] => M7028.XL
                                )

                        )

                )

        )

    [totals] => Array
        (
            [0] => Array
                (
                    [order_total_id] => 357
                    [order_id] => 106
                    [code] => sub_total
                    [title] => Među suma
                    [value] => 271.2000
                    [sort_order] => 1
                )

            [1] => Array
                (
                    [order_total_id] => 358
                    [order_id] => 106
                    [code] => shipping
                    [title] => Dostava Intereuropa Hrvatska - Besplatna dostava za narudžbe iznad 350kn
                    [value] => 35.0000
                    [sort_order] => 3
                )

            [2] => Array
                (
                    [order_total_id] => 359
                    [order_id] => 106
                    [code] => total
                    [title] => Ukupno
                    [value] => 306.2000
                    [sort_order] => 9
                )

        )

    [status] => Array
        (
            [order_status_id] => 5
            [language_id] => 1
            [name] => Complete
        )

)

2020-12-14 12:21:43 - Array
(
    [narudzba] => Array
        (
            [CMS_ID] => KHR106
            [DATUM_VRIJEME] => 12.12.2020 00:48:15
            [NARUCITELJ_CMS_ID] => 1
            [NARUCITELJ_EMAIL] => mateahanzek@gmail.com
            [NARUCITELJ_IME] => Matea
            [NARUCITELJ_PREZIME] => Hanžek
            [NARUCITELJ_ADRESA] => Sv Duh 104
            [NARUCITELJ_MJESTO] => Zagreb
            [NARUCITELJ_POSTA] => 10000
            [NARUCITELJ_TELEFON] => +385915355750
            [NARUCITELJ_NAZIV] => 
            [NARUCITELJ_OIB] => 
            [NARUCITELJ_VAT] => 
            [NARUCITELJ_ZEMLJA] => HRV
            [DOSTAVA_IME_PREZIME] => Matea Hanžek
            [DOSTAVA_ADRESA] => Sv Duh 104
            [DOSTAVA_MJESTO] => Zagreb
            [DOSTAVA_POSTA] => 10000
            [NAPOMENA] => 
            [VALUTA] => 191
            [IZNOS_UKUPNO] => 306.20
            [TECAJ] => 1
        )

    [stavke] => Array
        (
            [0] => Array
                (
                    [IDROBA] => US00000203
                    [KOLICINA] => 1
                    [CIJENA] => 35
                    [RABAT] => 0
                    [IZNOS] => 35
                )

            [1] => Array
                (
                    [IDROBA] => M7001.L
                    [KOLICINA] => 1
                    [CIJENA] => 71.20
                    [RABAT] => 0
                    [IZNOS] => 71.20
                )

            [2] => Array
                (
                    [IDROBA] => M7024.XL
                    [KOLICINA] => 1
                    [CIJENA] => 100.00
                    [RABAT] => 0
                    [IZNOS] => 100.00
                )

            [3] => Array
                (
                    [IDROBA] => M7028.XL
                    [KOLICINA] => 1
                    [CIJENA] => 100.00
                    [RABAT] => 0
                    [IZNOS] => 100.00
                )

        )

)

2020-12-14 12:21:44 - Illuminate\Support\Collection Object
(
    [items:protected] => Array
        (
            [creating] => start
            [ZAPIS] => Array
                (
                    [IDDOK] => NAW
                    [BROJDOK] => 80
                    [STAVAKA] => 4
                    [STAVKA] => 4
                    [KOLICINA_SIFRA] => 0
                    [DATUM] => 2020-12-14 00:00:00
                    [TEXT_GRESKE] => 
                    [KNJIZENO_KARTICA] => 
                    [KNJIZENO_GLKNJIGA] => 
                    [ZAKJUCANI_DN] => NE
                )

        )

)

