2020-12-21 12:21:06 - Array
(
    [order_id] => 146
    [invoice_no] => 0
    [invoice_prefix] => INV-2020-00
    [store_id] => 0
    [store_name] => KOZO UNDERWEAR
    [store_url] => https://www.kozo-underwear.hr/
    [customer_id] => 111
    [customer_group_id] => 1
    [firstname] => Dragica
    [lastname] => Baraban
    [email] => dragica.baraban@zd.t-com.hr
    [telephone] => 00989958094
    [fax] => 
    [custom_field] => 
    [payment_firstname] => Dragica
    [payment_lastname] => Baraban
    [payment_company] => 
    [payment_address_1] => Otokara Kersovanija 40a
    [payment_address_2] => 
    [payment_city] => Zadar
    [payment_postcode] => 23000
    [payment_country] => Croatia
    [payment_country_id] => 53
    [payment_zone] => HR
    [payment_zone_id] => 848
    [payment_address_format] => 
    [payment_custom_field] => 
    [payment_method] => Plaćanje pouzećem
    [payment_code] => cod
    [shipping_firstname] => Dragica
    [shipping_lastname] => Baraban
    [shipping_company] => 
    [shipping_address_1] => Otokara Kersovanija 40a
    [shipping_address_2] => 
    [shipping_city] => Zadar
    [shipping_postcode] => 23000
    [shipping_country] => Croatia
    [shipping_country_id] => 53
    [shipping_zone] => HR
    [shipping_zone_id] => 848
    [shipping_address_format] => 
    [shipping_custom_field] => 
    [shipping_method] => Dostava Intereuropa Hrvatska - Besplatna dostava za narudžbe iznad 350kn
    [shipping_code] => ultimate_shipping.ultimate_shipping_0
    [comment] => 
    [total] => 257.0000
    [order_status_id] => 1
    [affiliate_id] => 0
    [commission] => 0.0000
    [marketing_id] => 0
    [tracking] => 
    [language_id] => 2
    [currency_id] => 4
    [currency_code] => HRK
    [currency_value] => 1.00000000
    [ip] => 176.222.38.152
    [forwarded_ip] => 
    [user_agent] => Mozilla/5.0 (Linux; Android 7.0; 9026X Build/NRD90M; wv) AppleWebKit/537.36 (KHTML, like Gecko) Version/4.0 Chrome/87.0.4280.101 Safari/537.36 [FB_IAB/FB4A;FBAV/300.0.0.51.129;]
    [accept_language] => hr-HR,hr;q=0.9,de-DE;q=0.8,de;q=0.7,en-US;q=0.6,en;q=0.5
    [paid_order] => 0
    [intereuropa] => 1
    [date_added] => 2020-12-20 22:11:21
    [date_modified] => 2020-12-20 22:11:29
    [products] => Array
        (
            [0] => Array
                (
                    [order_product_id] => 384
                    [order_id] => 146
                    [product_id] => 85
                    [name] => MUŠKA MAJICA V IZREZ CRNA
                    [model] => M7021
                    [quantity] => 1
                    [price] => 112.0000
                    [total] => 112.0000
                    [tax] => 0.0000
                    [reward] => 0
                    [option] => Array
                        (
                            [order_option_id] => 344
                            [order_id] => 146
                            [order_product_id] => 384
                            [product_option_id] => 248
                            [product_option_value_id] => 127
                            [name] => Veličina
                            [value] => XL
                            [type] => radio
                            [sku] => 
                            [option_data] => Array
                                (
                                    [product_option_value_id] => 127
                                    [product_option_id] => 248
                                    [product_id] => 85
                                    [option_id] => 13
                                    [option_value_id] => 49
                                    [quantity] => 99
                                    [subtract] => 1
                                    [price] => 0.0000
                                    [price_prefix] => 
                                    [points] => 0
                                    [points_prefix] => +
                                    [weight] => 0.00000000
                                    [weight_prefix] => +
                                    [sku] => M7021.XL
                                )

                        )

                )

            [1] => Array
                (
                    [order_product_id] => 385
                    [order_id] => 146
                    [product_id] => 131
                    [name] => MUŠKE BOKSERICE HIPSTER CRNE
                    [model] => M7062
                    [quantity] => 1
                    [price] => 110.0000
                    [total] => 110.0000
                    [tax] => 0.0000
                    [reward] => 0
                    [option] => Array
                        (
                            [order_option_id] => 345
                            [order_id] => 146
                            [order_product_id] => 385
                            [product_option_id] => 294
                            [product_option_value_id] => 364
                            [name] => Veličina
                            [value] => XXL
                            [type] => radio
                            [sku] => 
                            [option_data] => Array
                                (
                                    [product_option_value_id] => 364
                                    [product_option_id] => 294
                                    [product_id] => 131
                                    [option_id] => 13
                                    [option_value_id] => 53
                                    [quantity] => 99
                                    [subtract] => 1
                                    [price] => 18.0000
                                    [price_prefix] => +
                                    [points] => 0
                                    [points_prefix] => +
                                    [weight] => 0.00000000
                                    [weight_prefix] => +
                                    [sku] => M7062.XXL
                                )

                        )

                )

        )

    [totals] => Array
        (
            [0] => Array
                (
                    [order_total_id] => 481
                    [order_id] => 146
                    [code] => sub_total
                    [title] => Među suma
                    [value] => 222.0000
                    [sort_order] => 1
                )

            [1] => Array
                (
                    [order_total_id] => 482
                    [order_id] => 146
                    [code] => shipping
                    [title] => Dostava Intereuropa Hrvatska - Besplatna dostava za narudžbe iznad 350kn
                    [value] => 35.0000
                    [sort_order] => 3
                )

            [2] => Array
                (
                    [order_total_id] => 483
                    [order_id] => 146
                    [code] => total
                    [title] => Ukupno
                    [value] => 257.0000
                    [sort_order] => 9
                )

        )

    [status] => Array
        (
            [order_status_id] => 1
            [language_id] => 1
            [name] => Pending
        )

)

2020-12-21 12:21:06 - Array
(
    [narudzba] => Array
        (
            [CMS_ID] => KHR146
            [DATUM_VRIJEME] => 20.12.2020 22:11:29
            [NARUCITELJ_CMS_ID] => 1
            [NARUCITELJ_EMAIL] => dragica.baraban@zd.t-com.hr
            [NARUCITELJ_IME] => Dragica
            [NARUCITELJ_PREZIME] => Baraban
            [NARUCITELJ_ADRESA] => Otokara Kersovanija 40a
            [NARUCITELJ_MJESTO] => Zadar
            [NARUCITELJ_POSTA] => 23000
            [NARUCITELJ_TELEFON] => 00989958094
            [NARUCITELJ_NAZIV] => 
            [NARUCITELJ_OIB] => 
            [NARUCITELJ_VAT] => 
            [NARUCITELJ_ZEMLJA] => HRV
            [DOSTAVA_IME_PREZIME] => Dragica Baraban
            [DOSTAVA_ADRESA] => Otokara Kersovanija 40a
            [DOSTAVA_MJESTO] => Zadar
            [DOSTAVA_POSTA] => 23000
            [NAPOMENA] => 
            [VALUTA] => 191
            [IZNOS_UKUPNO] => 257.00
            [TECAJ] => 1
        )

    [stavke] => Array
        (
            [0] => Array
                (
                    [IDROBA] => US00000203
                    [KOLICINA] => 1
                    [CIJENA] => 35
                    [RABAT] => 0
                    [IZNOS] => 35
                )

            [1] => Array
                (
                    [IDROBA] => M7021.XL
                    [KOLICINA] => 1
                    [CIJENA] => 112.00
                    [RABAT] => 0
                    [IZNOS] => 112.00
                )

            [2] => Array
                (
                    [IDROBA] => M7062.XXL
                    [KOLICINA] => 1
                    [CIJENA] => 110.00
                    [RABAT] => 0
                    [IZNOS] => 110.00
                )

        )

)

2020-12-21 12:21:07 - Illuminate\Support\Collection Object
(
    [items:protected] => Array
        (
            [creating] => start
            [ZAPIS] => Array
                (
                    [IDDOK] => NAW
                    [BROJDOK] => 113
                    [STAVAKA] => 3
                    [STAVKA] => 3
                    [KOLICINA_SIFRA] => 0
                    [DATUM] => 2020-12-21 00:00:00
                    [TEXT_GRESKE] => 
                    [KNJIZENO_KARTICA] => 
                    [KNJIZENO_GLKNJIGA] => 
                    [ZAKJUCANI_DN] => NE
                )

        )

)

