2020-12-07 6:10:18 - Array
(
    [order_id] => 67
    [invoice_no] => 0
    [invoice_prefix] => INV-2020-00
    [store_id] => 0
    [store_name] => KOZO UNDERWEAR
    [store_url] => https://www.kozo-underwear.hr/
    [customer_id] => 49
    [customer_group_id] => 1
    [firstname] => IVANA
    [lastname] => DIJAČIĆ
    [email] => dijacic.ivana@gmail.com
    [telephone] => 098803128
    [fax] => 
    [custom_field] => 
    [payment_firstname] => IVANA
    [payment_lastname] => DIJAČIĆ
    [payment_company] => 
    [payment_address_1] => Sveti Martin 22
    [payment_address_2] => 
    [payment_city] => Križevci
    [payment_postcode] => 48260
    [payment_country] => Croatia
    [payment_country_id] => 53
    [payment_zone] => Bjelovarsko-bilogorska
    [payment_zone_id] => 847
    [payment_address_format] => 
    [payment_custom_field] => 
    [payment_method] => Plaćanje pouzećem
    [payment_code] => cod
    [shipping_firstname] => IVANA
    [shipping_lastname] => DIJAČIĆ
    [shipping_company] => 
    [shipping_address_1] => Sveti Martin 22
    [shipping_address_2] => 
    [shipping_city] => Križevci
    [shipping_postcode] => 48260
    [shipping_country] => Croatia
    [shipping_country_id] => 53
    [shipping_zone] => Bjelovarsko-bilogorska
    [shipping_zone_id] => 847
    [shipping_address_format] => 
    [shipping_custom_field] => 
    [shipping_method] => Besplatna dostava Intereuropa Hrvatska
    [shipping_code] => ultimate_shipping.ultimate_shipping_0
    [comment] => 
    [total] => 518.4000
    [order_status_id] => 1
    [affiliate_id] => 0
    [commission] => 0.0000
    [marketing_id] => 0
    [tracking] => 
    [language_id] => 2
    [currency_id] => 4
    [currency_code] => HRK
    [currency_value] => 1.00000000
    [ip] => 31.217.9.21
    [forwarded_ip] => 
    [user_agent] => Mozilla/5.0 (Linux; Android 10; SM-G973F) AppleWebKit/537.36 (KHTML, like Gecko) Chrome/86.0.4240.198 Mobile Safari/537.36
    [accept_language] => hr-HR,hr;q=0.9,en-US;q=0.8,en;q=0.7,bs;q=0.6
    [paid_order] => 0
    [intereuropa] => 1
    [date_added] => 2020-12-04 06:43:13
    [date_modified] => 2020-12-04 06:43:42
    [products] => Array
        (
            [0] => Array
                (
                    [order_product_id] => 166
                    [order_id] => 67
                    [product_id] => 72
                    [name] => MUŠKA PIDŽAMA DONJI DIO
                    [model] => M5003
                    [quantity] => 1
                    [price] => 118.4000
                    [total] => 118.4000
                    [tax] => 0.0000
                    [reward] => 0
                    [option] => Array
                        (
                            [order_option_id] => 149
                            [order_id] => 67
                            [order_product_id] => 166
                            [product_option_id] => 235
                            [product_option_value_id] => 50
                            [name] => Veličina
                            [value] => L
                            [type] => radio
                            [sku] => 
                            [option_data] => Array
                                (
                                    [product_option_value_id] => 50
                                    [product_option_id] => 235
                                    [product_id] => 72
                                    [option_id] => 13
                                    [option_value_id] => 50
                                    [quantity] => 99
                                    [subtract] => 1
                                    [price] => 0.0000
                                    [price_prefix] => +
                                    [points] => 0
                                    [points_prefix] => +
                                    [weight] => 0.00000000
                                    [weight_prefix] => +
                                    [sku] => M5003.L
                                )

                        )

                )

            [1] => Array
                (
                    [order_product_id] => 167
                    [order_id] => 67
                    [product_id] => 82
                    [name] => MUŠKE BOKSERICE HIPSTER CRNE
                    [model] => M7013
                    [quantity] => 1
                    [price] => 100.0000
                    [total] => 100.0000
                    [tax] => 0.0000
                    [reward] => 0
                    [option] => Array
                        (
                            [order_option_id] => 150
                            [order_id] => 67
                            [order_product_id] => 167
                            [product_option_id] => 245
                            [product_option_value_id] => 109
                            [name] => Veličina
                            [value] => M
                            [type] => radio
                            [sku] => 
                            [option_data] => Array
                                (
                                    [product_option_value_id] => 109
                                    [product_option_id] => 245
                                    [product_id] => 82
                                    [option_id] => 13
                                    [option_value_id] => 51
                                    [quantity] => 99
                                    [subtract] => 1
                                    [price] => 0.0000
                                    [price_prefix] => +
                                    [points] => 0
                                    [points_prefix] => +
                                    [weight] => 0.00000000
                                    [weight_prefix] => +
                                    [sku] => M7013.M
                                )

                        )

                )

            [2] => Array
                (
                    [order_product_id] => 168
                    [order_id] => 67
                    [product_id] => 90
                    [name] => MUŠKE BOKSERICE HIPSTER SIVE
                    [model] => M7024
                    [quantity] => 1
                    [price] => 100.0000
                    [total] => 100.0000
                    [tax] => 0.0000
                    [reward] => 0
                    [option] => Array
                        (
                            [order_option_id] => 151
                            [order_id] => 67
                            [order_product_id] => 168
                            [product_option_id] => 253
                            [product_option_value_id] => 156
                            [name] => Veličina
                            [value] => S
                            [type] => radio
                            [sku] => 
                            [option_data] => Array
                                (
                                    [product_option_value_id] => 156
                                    [product_option_id] => 253
                                    [product_id] => 90
                                    [option_id] => 13
                                    [option_value_id] => 52
                                    [quantity] => 99
                                    [subtract] => 1
                                    [price] => 0.0000
                                    [price_prefix] => +
                                    [points] => 0
                                    [points_prefix] => +
                                    [weight] => 0.00000000
                                    [weight_prefix] => +
                                    [sku] => M7024.S
                                )

                        )

                )

            [3] => Array
                (
                    [order_product_id] => 169
                    [order_id] => 67
                    [product_id] => 96
                    [name] => MUŠKE BOKSERICE HIPSTER TAMNO PLAVE
                    [model] => M7028
                    [quantity] => 1
                    [price] => 100.0000
                    [total] => 100.0000
                    [tax] => 0.0000
                    [reward] => 0
                    [option] => Array
                        (
                            [order_option_id] => 152
                            [order_id] => 67
                            [order_product_id] => 169
                            [product_option_id] => 259
                            [product_option_value_id] => 182
                            [name] => Veličina
                            [value] => L
                            [type] => radio
                            [sku] => 
                            [option_data] => Array
                                (
                                    [product_option_value_id] => 182
                                    [product_option_id] => 259
                                    [product_id] => 96
                                    [option_id] => 13
                                    [option_value_id] => 50
                                    [quantity] => 97
                                    [subtract] => 1
                                    [price] => 0.0000
                                    [price_prefix] => +
                                    [points] => 0
                                    [points_prefix] => +
                                    [weight] => 0.00000000
                                    [weight_prefix] => +
                                    [sku] => M7028.L
                                )

                        )

                )

            [4] => Array
                (
                    [order_product_id] => 170
                    [order_id] => 67
                    [product_id] => 96
                    [name] => MUŠKE BOKSERICE HIPSTER TAMNO PLAVE
                    [model] => M7028
                    [quantity] => 1
                    [price] => 100.0000
                    [total] => 100.0000
                    [tax] => 0.0000
                    [reward] => 0
                    [option] => Array
                        (
                            [order_option_id] => 153
                            [order_id] => 67
                            [order_product_id] => 170
                            [product_option_id] => 259
                            [product_option_value_id] => 183
                            [name] => Veličina
                            [value] => M
                            [type] => radio
                            [sku] => 
                            [option_data] => Array
                                (
                                    [product_option_value_id] => 183
                                    [product_option_id] => 259
                                    [product_id] => 96
                                    [option_id] => 13
                                    [option_value_id] => 51
                                    [quantity] => 99
                                    [subtract] => 1
                                    [price] => 0.0000
                                    [price_prefix] => +
                                    [points] => 0
                                    [points_prefix] => +
                                    [weight] => 0.00000000
                                    [weight_prefix] => +
                                    [sku] => M7028.M
                                )

                        )

                )

            [5] => Array
                (
                    [order_product_id] => 171
                    [order_id] => 67
                    [product_id] => 167
                    [name] => WEB MASKA ZA LICE
                    [model] => P8013
                    [quantity] => 1
                    [price] => 51.0000
                    [total] => 51.0000
                    [tax] => 0.0000
                    [reward] => 0
                    [option] => 
                )

        )

    [totals] => Array
        (
            [0] => Array
                (
                    [order_total_id] => 218
                    [order_id] => 67
                    [code] => sub_total
                    [title] => Među suma
                    [value] => 569.4000
                    [sort_order] => 1
                )

            [1] => Array
                (
                    [order_total_id] => 219
                    [order_id] => 67
                    [code] => tieredgiftstotal
                    [title] => Besplatni poklon - WEB MASKA ZA LICE
                    [value] => -51.0000
                    [sort_order] => 2
                )

            [2] => Array
                (
                    [order_total_id] => 220
                    [order_id] => 67
                    [code] => shipping
                    [title] => Besplatna dostava Intereuropa Hrvatska
                    [value] => 0.0000
                    [sort_order] => 3
                )

            [3] => Array
                (
                    [order_total_id] => 221
                    [order_id] => 67
                    [code] => total
                    [title] => Ukupno
                    [value] => 518.4000
                    [sort_order] => 9
                )

        )

    [status] => Array
        (
            [order_status_id] => 1
            [language_id] => 1
            [name] => Pending
        )

)

2020-12-07 6:10:18 - Array
(
    [narudzba] => Array
        (
            [CMS_ID] => KHR67
            [DATUM_VRIJEME] => 04.12.2020 06:43:42
            [NARUCITELJ_CMS_ID] => 1
            [NARUCITELJ_EMAIL] => dijacic.ivana@gmail.com
            [NARUCITELJ_IME] => IVANA
            [NARUCITELJ_PREZIME] => DIJAČIĆ
            [NARUCITELJ_ADRESA] => Sveti Martin 22
            [NARUCITELJ_MJESTO] => Križevci
            [NARUCITELJ_POSTA] => 48260
            [NARUCITELJ_TELEFON] => 098803128
            [NARUCITELJ_NAZIV] => 
            [NARUCITELJ_OIB] => 
            [NARUCITELJ_VAT] => 
            [NARUCITELJ_ZEMLJA] => HRV
            [DOSTAVA_IME_PREZIME] => IVANA DIJAČIĆ
            [DOSTAVA_ADRESA] => Sveti Martin 22
            [DOSTAVA_MJESTO] => Križevci
            [DOSTAVA_POSTA] => 48260
            [NAPOMENA] => 
            [VALUTA] => 191
            [IZNOS_UKUPNO] => 518.40
            [TECAJ] => 1
        )

    [stavke] => Array
        (
            [0] => Array
                (
                    [IDROBA] => US00000203
                    [KOLICINA] => 1
                    [CIJENA] => 0
                    [RABAT] => 0
                    [IZNOS] => 0
                )

            [1] => Array
                (
                    [IDROBA] => M5003.L
                    [KOLICINA] => 1
                    [CIJENA] => 118.40
                    [RABAT] => 0
                    [IZNOS] => 118.40
                )

            [2] => Array
                (
                    [IDROBA] => M7013.M
                    [KOLICINA] => 1
                    [CIJENA] => 100.00
                    [RABAT] => 0
                    [IZNOS] => 100.00
                )

            [3] => Array
                (
                    [IDROBA] => M7024.S
                    [KOLICINA] => 1
                    [CIJENA] => 100.00
                    [RABAT] => 0
                    [IZNOS] => 100.00
                )

            [4] => Array
                (
                    [IDROBA] => M7028.L
                    [KOLICINA] => 1
                    [CIJENA] => 100.00
                    [RABAT] => 0
                    [IZNOS] => 100.00
                )

            [5] => Array
                (
                    [IDROBA] => M7028.M
                    [KOLICINA] => 1
                    [CIJENA] => 100.00
                    [RABAT] => 0
                    [IZNOS] => 100.00
                )

            [6] => Array
                (
                    [IDROBA] => P8013
                    [KOLICINA] => 1
                    [CIJENA] => 51.00
                    [RABAT] => 0
                    [IZNOS] => 51.00
                )

        )

)

2020-12-07 6:10:19 - Illuminate\Support\Collection Object
(
    [items:protected] => Array
        (
            [creating] => start
            [ZAPIS] => Array
                (
                    [IDDOK] => NAW
                    [BROJDOK] => 47
                    [STAVAKA] => 7
                    [STAVKA] => 7
                    [KOLICINA_SIFRA] => 0
                    [DATUM] => 2020-12-07 00:00:00
                    [TEXT_GRESKE] => 
                    [KNJIZENO_KARTICA] => 
                    [KNJIZENO_GLKNJIGA] => 
                    [ZAKJUCANI_DN] => NE
                )

        )

)

