2020-12-10 11:57:20 - Array
(
    [order_id] => 89
    [invoice_no] => 0
    [invoice_prefix] => INV-2020-00
    [store_id] => 0
    [store_name] => KOZO UNDERWEAR
    [store_url] => https://www.kozo-underwear.hr/
    [customer_id] => 68
    [customer_group_id] => 1
    [firstname] => viktor
    [lastname] => vlaović
    [email] => viktor.vlaovic@gmail.com
    [telephone] => 0917222783
    [fax] => 
    [custom_field] => 
    [payment_firstname] => VIKTOR
    [payment_lastname] => VLAOVIĆ
    [payment_company] => 
    [payment_address_1] => TREŠNJEVAC 14
    [payment_address_2] => 
    [payment_city] => ZAGREB
    [payment_postcode] => 10000
    [payment_country] => Croatia
    [payment_country_id] => 53
    [payment_zone] => 
    [payment_zone_id] => 0
    [payment_address_format] => 
    [payment_custom_field] => 
    [payment_method] => Plaćanje pouzećem
    [payment_code] => cod
    [shipping_firstname] => VIKTOR
    [shipping_lastname] => VLAOVIĆ
    [shipping_company] => 
    [shipping_address_1] => TREŠNJEVAC 14
    [shipping_address_2] => 
    [shipping_city] => ZAGREB
    [shipping_postcode] => 10000
    [shipping_country] => Croatia
    [shipping_country_id] => 53
    [shipping_zone] => 
    [shipping_zone_id] => 0
    [shipping_address_format] => 
    [shipping_custom_field] => 
    [shipping_method] => Dostava Intereuropa Hrvatska - Besplatna dostava za narudžbe iznad 350kn
    [shipping_code] => ultimate_shipping.ultimate_shipping_0
    [comment] => Order Comments: Molim poziv dostavljača na mob. 0917222783 prilikom isporuke, pošto kuća nema zvono.
    [total] => 171.8000
    [order_status_id] => 1
    [affiliate_id] => 0
    [commission] => 0.0000
    [marketing_id] => 0
    [tracking] => 
    [language_id] => 2
    [currency_id] => 4
    [currency_code] => HRK
    [currency_value] => 1.00000000
    [ip] => 213.191.130.182
    [forwarded_ip] => 
    [user_agent] => Mozilla/5.0 (Windows NT 6.1; Win64; x64; rv:83.0) Gecko/20100101 Firefox/83.0
    [accept_language] => hr,hr-HR;q=0.8,en-US;q=0.5,en;q=0.3
    [paid_order] => 0
    [intereuropa] => 1
    [date_added] => 2020-12-09 19:12:04
    [date_modified] => 2020-12-09 19:12:20
    [products] => Array
        (
            [0] => Array
                (
                    [order_product_id] => 232
                    [order_id] => 89
                    [product_id] => 103
                    [name] => MUŠKE GAĆE SLIP BOJA KOŽE
                    [model] => M7035
                    [quantity] => 1
                    [price] => 71.2000
                    [total] => 71.2000
                    [tax] => 0.0000
                    [reward] => 0
                    [option] => Array
                        (
                            [order_option_id] => 205
                            [order_id] => 89
                            [order_product_id] => 232
                            [product_option_id] => 266
                            [product_option_value_id] => 217
                            [name] => Veličina
                            [value] => S
                            [type] => radio
                            [sku] => 
                            [option_data] => Array
                                (
                                    [product_option_value_id] => 217
                                    [product_option_id] => 266
                                    [product_id] => 103
                                    [option_id] => 13
                                    [option_value_id] => 52
                                    [quantity] => 99
                                    [subtract] => 1
                                    [price] => 0.0000
                                    [price_prefix] => 
                                    [points] => 0
                                    [points_prefix] => +
                                    [weight] => 0.00000000
                                    [weight_prefix] => +
                                    [sku] => M7035.S
                                )

                        )

                )

            [1] => Array
                (
                    [order_product_id] => 233
                    [order_id] => 89
                    [product_id] => 149
                    [name] => MUŠKE GAĆE SLIP CRVENE
                    [model] => M7079
                    [quantity] => 1
                    [price] => 65.6000
                    [total] => 65.6000
                    [tax] => 0.0000
                    [reward] => 0
                    [option] => Array
                        (
                            [order_option_id] => 206
                            [order_id] => 89
                            [order_product_id] => 233
                            [product_option_id] => 312
                            [product_option_value_id] => 456
                            [name] => Veličina
                            [value] => S
                            [type] => radio
                            [sku] => 
                            [option_data] => Array
                                (
                                    [product_option_value_id] => 456
                                    [product_option_id] => 312
                                    [product_id] => 149
                                    [option_id] => 13
                                    [option_value_id] => 52
                                    [quantity] => 99
                                    [subtract] => 1
                                    [price] => 0.0000
                                    [price_prefix] => 
                                    [points] => 0
                                    [points_prefix] => +
                                    [weight] => 0.00000000
                                    [weight_prefix] => +
                                    [sku] => M7079.S
                                )

                        )

                )

        )

    [totals] => Array
        (
            [0] => Array
                (
                    [order_total_id] => 295
                    [order_id] => 89
                    [code] => sub_total
                    [title] => Među suma
                    [value] => 136.8000
                    [sort_order] => 1
                )

            [1] => Array
                (
                    [order_total_id] => 296
                    [order_id] => 89
                    [code] => shipping
                    [title] => Dostava Intereuropa Hrvatska - Besplatna dostava za narudžbe iznad 350kn
                    [value] => 35.0000
                    [sort_order] => 3
                )

            [2] => Array
                (
                    [order_total_id] => 297
                    [order_id] => 89
                    [code] => total
                    [title] => Ukupno
                    [value] => 171.8000
                    [sort_order] => 9
                )

        )

    [status] => Array
        (
            [order_status_id] => 1
            [language_id] => 1
            [name] => Pending
        )

)

2020-12-10 11:57:20 - Array
(
    [narudzba] => Array
        (
            [CMS_ID] => KHR89
            [DATUM_VRIJEME] => 09.12.2020 19:12:20
            [NARUCITELJ_CMS_ID] => 1
            [NARUCITELJ_EMAIL] => viktor.vlaovic@gmail.com
            [NARUCITELJ_IME] => VIKTOR
            [NARUCITELJ_PREZIME] => VLAOVIĆ
            [NARUCITELJ_ADRESA] => TREŠNJEVAC 14
            [NARUCITELJ_MJESTO] => ZAGREB
            [NARUCITELJ_POSTA] => 10000
            [NARUCITELJ_TELEFON] => 0917222783
            [NARUCITELJ_NAZIV] => 
            [NARUCITELJ_OIB] => 
            [NARUCITELJ_VAT] => 
            [NARUCITELJ_ZEMLJA] => HRV
            [DOSTAVA_IME_PREZIME] => VIKTOR VLAOVIĆ
            [DOSTAVA_ADRESA] => TREŠNJEVAC 14
            [DOSTAVA_MJESTO] => ZAGREB
            [DOSTAVA_POSTA] => 10000
            [NAPOMENA] => Order Comments: Molim poziv dostavljača na mob. 0917222783 prilikom isporuke, pošto kuća nema zvono.
            [VALUTA] => 191
            [IZNOS_UKUPNO] => 171.80
            [TECAJ] => 1
        )

    [stavke] => Array
        (
            [0] => Array
                (
                    [IDROBA] => US00000203
                    [KOLICINA] => 1
                    [CIJENA] => 35
                    [RABAT] => 0
                    [IZNOS] => 35
                )

            [1] => Array
                (
                    [IDROBA] => M7035.S
                    [KOLICINA] => 1
                    [CIJENA] => 71.20
                    [RABAT] => 0
                    [IZNOS] => 71.20
                )

            [2] => Array
                (
                    [IDROBA] => M7079.S
                    [KOLICINA] => 1
                    [CIJENA] => 65.60
                    [RABAT] => 0
                    [IZNOS] => 65.60
                )

        )

)

2020-12-10 11:57:21 - Illuminate\Support\Collection Object
(
    [items:protected] => Array
        (
            [creating] => start
            [ZAPIS] => Array
                (
                    [IDDOK] => NAW
                    [BROJDOK] => 66
                    [STAVAKA] => 3
                    [STAVKA] => 3
                    [KOLICINA_SIFRA] => 0
                    [DATUM] => 2020-12-10 00:00:00
                    [TEXT_GRESKE] => 
                    [KNJIZENO_KARTICA] => 
                    [KNJIZENO_GLKNJIGA] => 
                    [ZAKJUCANI_DN] => NE
                )

        )

)

