2020-12-07 6:10:05 - Array
(
    [order_id] => 66
    [invoice_no] => 0
    [invoice_prefix] => INV-2020-00
    [store_id] => 0
    [store_name] => KOZO UNDERWEAR
    [store_url] => https://www.kozo-underwear.hr/
    [customer_id] => 48
    [customer_group_id] => 1
    [firstname] => Anita
    [lastname] => Rosić
    [email] => anita.rabak@gmail.com
    [telephone] => +385915335188
    [fax] => 
    [custom_field] => 
    [payment_firstname] => Anita
    [payment_lastname] => Rosić
    [payment_company] => 
    [payment_address_1] => Karojba 4
    [payment_address_2] => 
    [payment_city] => Motovun
    [payment_postcode] => 52424
    [payment_country] => Croatia
    [payment_country_id] => 53
    [payment_zone] => Bjelovarsko-bilogorska
    [payment_zone_id] => 847
    [payment_address_format] => 
    [payment_custom_field] => 
    [payment_method] => Plaćanje pouzećem
    [payment_code] => cod
    [shipping_firstname] => Anita
    [shipping_lastname] => Rosić
    [shipping_company] => 
    [shipping_address_1] => Karojba 4
    [shipping_address_2] => 
    [shipping_city] => Motovun
    [shipping_postcode] => 52424
    [shipping_country] => Croatia
    [shipping_country_id] => 53
    [shipping_zone] => Bjelovarsko-bilogorska
    [shipping_zone_id] => 847
    [shipping_address_format] => 
    [shipping_custom_field] => 
    [shipping_method] => Besplatna dostava Intereuropa Hrvatska
    [shipping_code] => ultimate_shipping.ultimate_shipping_0
    [comment] => 
    [total] => 374.4000
    [order_status_id] => 1
    [affiliate_id] => 0
    [commission] => 0.0000
    [marketing_id] => 0
    [tracking] => 
    [language_id] => 2
    [currency_id] => 4
    [currency_code] => HRK
    [currency_value] => 1.00000000
    [ip] => 31.147.110.210
    [forwarded_ip] => 
    [user_agent] => Mozilla/5.0 (Linux; Android 10; SM-N770F) AppleWebKit/537.36 (KHTML, like Gecko) Chrome/86.0.4240.198 Mobile Safari/537.36
    [accept_language] => en-GB,en;q=0.9,en-US;q=0.8,hr;q=0.7,bs;q=0.6,it;q=0.5
    [paid_order] => 0
    [intereuropa] => 1
    [date_added] => 2020-12-03 22:16:32
    [date_modified] => 2020-12-03 22:16:39
    [products] => Array
        (
            [0] => Array
                (
                    [order_product_id] => 162
                    [order_id] => 66
                    [product_id] => 87
                    [name] => MUŠKA MAJICA OKRUGLI IZREZ CRNA
                    [model] => M7020
                    [quantity] => 1
                    [price] => 112.0000
                    [total] => 112.0000
                    [tax] => 0.0000
                    [reward] => 0
                    [option] => Array
                        (
                            [order_option_id] => 145
                            [order_id] => 66
                            [order_product_id] => 162
                            [product_option_id] => 250
                            [product_option_value_id] => 139
                            [name] => Veličina
                            [value] => XL
                            [type] => radio
                            [sku] => 
                            [option_data] => Array
                                (
                                    [product_option_value_id] => 139
                                    [product_option_id] => 250
                                    [product_id] => 87
                                    [option_id] => 13
                                    [option_value_id] => 49
                                    [quantity] => 99
                                    [subtract] => 1
                                    [price] => 0.0000
                                    [price_prefix] => +
                                    [points] => 0
                                    [points_prefix] => +
                                    [weight] => 0.00000000
                                    [weight_prefix] => +
                                    [sku] => M7020.XL
                                )

                        )

                )

            [1] => Array
                (
                    [order_product_id] => 163
                    [order_id] => 66
                    [product_id] => 108
                    [name] => MUŠKE BOKSERICE HIPSTER PRINT GEOMETRIC
                    [model] => M7040
                    [quantity] => 1
                    [price] => 108.0000
                    [total] => 108.0000
                    [tax] => 0.0000
                    [reward] => 0
                    [option] => Array
                        (
                            [order_option_id] => 146
                            [order_id] => 66
                            [order_product_id] => 163
                            [product_option_id] => 271
                            [product_option_value_id] => 242
                            [name] => Veličina
                            [value] => XL
                            [type] => radio
                            [sku] => 
                            [option_data] => Array
                                (
                                    [product_option_value_id] => 242
                                    [product_option_id] => 271
                                    [product_id] => 108
                                    [option_id] => 13
                                    [option_value_id] => 49
                                    [quantity] => 98
                                    [subtract] => 1
                                    [price] => 0.0000
                                    [price_prefix] => +
                                    [points] => 0
                                    [points_prefix] => +
                                    [weight] => 0.00000000
                                    [weight_prefix] => +
                                    [sku] => M7040.XL
                                )

                        )

                )

            [2] => Array
                (
                    [order_product_id] => 164
                    [order_id] => 66
                    [product_id] => 134
                    [name] => MUŠKE GAĆE SLIP CRNE
                    [model] => M7064
                    [quantity] => 1
                    [price] => 62.4000
                    [total] => 62.4000
                    [tax] => 0.0000
                    [reward] => 0
                    [option] => Array
                        (
                            [order_option_id] => 147
                            [order_id] => 66
                            [order_product_id] => 164
                            [product_option_id] => 297
                            [product_option_value_id] => 380
                            [name] => Veličina
                            [value] => XL
                            [type] => radio
                            [sku] => 
                            [option_data] => Array
                                (
                                    [product_option_value_id] => 380
                                    [product_option_id] => 297
                                    [product_id] => 134
                                    [option_id] => 13
                                    [option_value_id] => 49
                                    [quantity] => 99
                                    [subtract] => 1
                                    [price] => 0.0000
                                    [price_prefix] => +
                                    [points] => 0
                                    [points_prefix] => +
                                    [weight] => 0.00000000
                                    [weight_prefix] => +
                                    [sku] => M7064.XL
                                )

                        )

                )

            [3] => Array
                (
                    [order_product_id] => 165
                    [order_id] => 66
                    [product_id] => 137
                    [name] => MUŠKA POTKOŠULJA UŽA RAMENICA CRNA
                    [model] => M7067
                    [quantity] => 1
                    [price] => 92.0000
                    [total] => 92.0000
                    [tax] => 0.0000
                    [reward] => 0
                    [option] => Array
                        (
                            [order_option_id] => 148
                            [order_id] => 66
                            [order_product_id] => 165
                            [product_option_id] => 300
                            [product_option_value_id] => 396
                            [name] => Veličina
                            [value] => XL
                            [type] => radio
                            [sku] => 
                            [option_data] => Array
                                (
                                    [product_option_value_id] => 396
                                    [product_option_id] => 300
                                    [product_id] => 137
                                    [option_id] => 13
                                    [option_value_id] => 49
                                    [quantity] => 99
                                    [subtract] => 1
                                    [price] => 0.0000
                                    [price_prefix] => +
                                    [points] => 0
                                    [points_prefix] => +
                                    [weight] => 0.00000000
                                    [weight_prefix] => +
                                    [sku] => M7067.XL
                                )

                        )

                )

        )

    [totals] => Array
        (
            [0] => Array
                (
                    [order_total_id] => 215
                    [order_id] => 66
                    [code] => sub_total
                    [title] => Među suma
                    [value] => 374.4000
                    [sort_order] => 1
                )

            [1] => Array
                (
                    [order_total_id] => 216
                    [order_id] => 66
                    [code] => shipping
                    [title] => Besplatna dostava Intereuropa Hrvatska
                    [value] => 0.0000
                    [sort_order] => 3
                )

            [2] => Array
                (
                    [order_total_id] => 217
                    [order_id] => 66
                    [code] => total
                    [title] => Ukupno
                    [value] => 374.4000
                    [sort_order] => 9
                )

        )

    [status] => Array
        (
            [order_status_id] => 1
            [language_id] => 1
            [name] => Pending
        )

)

2020-12-07 6:10:05 - Array
(
    [narudzba] => Array
        (
            [CMS_ID] => KHR66
            [DATUM_VRIJEME] => 03.12.2020 22:16:39
            [NARUCITELJ_CMS_ID] => 1
            [NARUCITELJ_EMAIL] => anita.rabak@gmail.com
            [NARUCITELJ_IME] => Anita
            [NARUCITELJ_PREZIME] => Rosić
            [NARUCITELJ_ADRESA] => Karojba 4
            [NARUCITELJ_MJESTO] => Motovun
            [NARUCITELJ_POSTA] => 52424
            [NARUCITELJ_TELEFON] => +385915335188
            [NARUCITELJ_NAZIV] => 
            [NARUCITELJ_OIB] => 
            [NARUCITELJ_VAT] => 
            [NARUCITELJ_ZEMLJA] => HRV
            [DOSTAVA_IME_PREZIME] => Anita Rosić
            [DOSTAVA_ADRESA] => Karojba 4
            [DOSTAVA_MJESTO] => Motovun
            [DOSTAVA_POSTA] => 52424
            [NAPOMENA] => 
            [VALUTA] => 191
            [IZNOS_UKUPNO] => 374.40
            [TECAJ] => 1
        )

    [stavke] => Array
        (
            [0] => Array
                (
                    [IDROBA] => US00000203
                    [KOLICINA] => 1
                    [CIJENA] => 0
                    [RABAT] => 0
                    [IZNOS] => 0
                )

            [1] => Array
                (
                    [IDROBA] => M7020.XL
                    [KOLICINA] => 1
                    [CIJENA] => 112.00
                    [RABAT] => 0
                    [IZNOS] => 112.00
                )

            [2] => Array
                (
                    [IDROBA] => M7040.XL
                    [KOLICINA] => 1
                    [CIJENA] => 108.00
                    [RABAT] => 0
                    [IZNOS] => 108.00
                )

            [3] => Array
                (
                    [IDROBA] => M7064.XL
                    [KOLICINA] => 1
                    [CIJENA] => 62.40
                    [RABAT] => 0
                    [IZNOS] => 62.40
                )

            [4] => Array
                (
                    [IDROBA] => M7067.XL
                    [KOLICINA] => 1
                    [CIJENA] => 92.00
                    [RABAT] => 0
                    [IZNOS] => 92.00
                )

        )

)

2020-12-07 6:10:07 - Illuminate\Support\Collection Object
(
    [items:protected] => Array
        (
            [creating] => start
            [ZAPIS] => Array
                (
                    [IDDOK] => NAW
                    [BROJDOK] => 46
                    [STAVAKA] => 5
                    [STAVKA] => 5
                    [KOLICINA_SIFRA] => 0
                    [DATUM] => 2020-12-07 00:00:00
                    [TEXT_GRESKE] => 
                    [KNJIZENO_KARTICA] => 
                    [KNJIZENO_GLKNJIGA] => 
                    [ZAKJUCANI_DN] => NE
                )

        )

)

