2020-12-14 12:22:15 - Array
(
    [order_id] => 112
    [invoice_no] => 0
    [invoice_prefix] => INV-2020-00
    [store_id] => 0
    [store_name] => KOZO UNDERWEAR
    [store_url] => https://www.kozo-underwear.hr/
    [customer_id] => 88
    [customer_group_id] => 1
    [firstname] => Maja
    [lastname] => Šulog
    [email] => maja.sulog98@gmail.com
    [telephone] => 0993146562
    [fax] => 
    [custom_field] => 
    [payment_firstname] => Maja
    [payment_lastname] => Šulog
    [payment_company] => 
    [payment_address_1] => Krapinska 12
    [payment_address_2] => 
    [payment_city] => Donja Bistra
    [payment_postcode] => 10298
    [payment_country] => Croatia
    [payment_country_id] => 53
    [payment_zone] => 
    [payment_zone_id] => 0
    [payment_address_format] => 
    [payment_custom_field] => 
    [payment_method] => Kreditne kartice / Debitne Kartice (CorvusPay)
    [payment_code] => corvuspay
    [shipping_firstname] => Maja
    [shipping_lastname] => Šulog
    [shipping_company] => 
    [shipping_address_1] => Krapinska 12
    [shipping_address_2] => 
    [shipping_city] => Donja Bistra
    [shipping_postcode] => 10298
    [shipping_country] => Croatia
    [shipping_country_id] => 53
    [shipping_zone] => 
    [shipping_zone_id] => 0
    [shipping_address_format] => 
    [shipping_custom_field] => 
    [shipping_method] => Dostava Intereuropa Hrvatska - Besplatna dostava za narudžbe iznad 350kn
    [shipping_code] => ultimate_shipping.ultimate_shipping_0
    [comment] => 
    [total] => 185.4000
    [order_status_id] => 5
    [affiliate_id] => 0
    [commission] => 0.0000
    [marketing_id] => 0
    [tracking] => 
    [language_id] => 2
    [currency_id] => 4
    [currency_code] => HRK
    [currency_value] => 1.00000000
    [ip] => 31.217.30.157
    [forwarded_ip] => 
    [user_agent] => Mozilla/5.0 (iPhone; CPU iPhone OS 14_2 like Mac OS X) AppleWebKit/605.1.15 (KHTML, like Gecko) Version/14.0.1 Mobile/15E148 Safari/604.1
    [accept_language] => hr-hr
    [paid_order] => 0
    [intereuropa] => 1
    [date_added] => 2020-12-13 20:48:53
    [date_modified] => 2020-12-13 20:55:29
    [products] => Array
        (
            [0] => Array
                (
                    [order_product_id] => 317
                    [order_id] => 112
                    [product_id] => 116
                    [name] => MUŠKE BOKSERICE PRINT KOKOS
                    [model] => M7050
                    [quantity] => 1
                    [price] => 150.4000
                    [total] => 150.4000
                    [tax] => 0.0000
                    [reward] => 0
                    [option] => Array
                        (
                            [order_option_id] => 281
                            [order_id] => 112
                            [order_product_id] => 317
                            [product_option_id] => 279
                            [product_option_value_id] => 273
                            [name] => Veličina
                            [value] => L
                            [type] => radio
                            [sku] => 
                            [option_data] => Array
                                (
                                    [product_option_value_id] => 273
                                    [product_option_id] => 279
                                    [product_id] => 116
                                    [option_id] => 13
                                    [option_value_id] => 50
                                    [quantity] => 99
                                    [subtract] => 1
                                    [price] => 0.0000
                                    [price_prefix] => 
                                    [points] => 0
                                    [points_prefix] => +
                                    [weight] => 0.00000000
                                    [weight_prefix] => +
                                    [sku] => M7050.L
                                )

                        )

                )

        )

    [totals] => Array
        (
            [0] => Array
                (
                    [order_total_id] => 377
                    [order_id] => 112
                    [code] => sub_total
                    [title] => Među suma
                    [value] => 150.4000
                    [sort_order] => 1
                )

            [1] => Array
                (
                    [order_total_id] => 378
                    [order_id] => 112
                    [code] => shipping
                    [title] => Dostava Intereuropa Hrvatska - Besplatna dostava za narudžbe iznad 350kn
                    [value] => 35.0000
                    [sort_order] => 3
                )

            [2] => Array
                (
                    [order_total_id] => 379
                    [order_id] => 112
                    [code] => total
                    [title] => Ukupno
                    [value] => 185.4000
                    [sort_order] => 9
                )

        )

    [status] => Array
        (
            [order_status_id] => 5
            [language_id] => 1
            [name] => Complete
        )

)

2020-12-14 12:22:15 - Array
(
    [narudzba] => Array
        (
            [CMS_ID] => KHR112
            [DATUM_VRIJEME] => 13.12.2020 20:55:29
            [NARUCITELJ_CMS_ID] => 1
            [NARUCITELJ_EMAIL] => maja.sulog98@gmail.com
            [NARUCITELJ_IME] => Maja
            [NARUCITELJ_PREZIME] => Šulog
            [NARUCITELJ_ADRESA] => Krapinska 12
            [NARUCITELJ_MJESTO] => Donja Bistra
            [NARUCITELJ_POSTA] => 10298
            [NARUCITELJ_TELEFON] => 0993146562
            [NARUCITELJ_NAZIV] => 
            [NARUCITELJ_OIB] => 
            [NARUCITELJ_VAT] => 
            [NARUCITELJ_ZEMLJA] => HRV
            [DOSTAVA_IME_PREZIME] => Maja Šulog
            [DOSTAVA_ADRESA] => Krapinska 12
            [DOSTAVA_MJESTO] => Donja Bistra
            [DOSTAVA_POSTA] => 10298
            [NAPOMENA] => 
            [VALUTA] => 191
            [IZNOS_UKUPNO] => 185.40
            [TECAJ] => 1
        )

    [stavke] => Array
        (
            [0] => Array
                (
                    [IDROBA] => US00000203
                    [KOLICINA] => 1
                    [CIJENA] => 35
                    [RABAT] => 0
                    [IZNOS] => 35
                )

            [1] => Array
                (
                    [IDROBA] => M7050.L
                    [KOLICINA] => 1
                    [CIJENA] => 150.40
                    [RABAT] => 0
                    [IZNOS] => 150.40
                )

        )

)

2020-12-14 12:22:16 - Illuminate\Support\Collection Object
(
    [items:protected] => Array
        (
            [creating] => start
            [ZAPIS] => Array
                (
                    [IDDOK] => NAW
                    [BROJDOK] => 84
                    [STAVAKA] => 2
                    [STAVKA] => 2
                    [KOLICINA_SIFRA] => 0
                    [DATUM] => 2020-12-14 00:00:00
                    [TEXT_GRESKE] => 
                    [KNJIZENO_KARTICA] => 
                    [KNJIZENO_GLKNJIGA] => 
                    [ZAKJUCANI_DN] => NE
                )

        )

)

