2020-12-18 12:24:24 - Array
(
    [order_id] => 131
    [invoice_no] => 0
    [invoice_prefix] => INV-2020-00
    [store_id] => 0
    [store_name] => KOZO UNDERWEAR
    [store_url] => https://www.kozo-underwear.hr/
    [customer_id] => 101
    [customer_group_id] => 1
    [firstname] => Nina
    [lastname] => Đerek
    [email] => lovric.nina@gmail.com
    [telephone] => 0981964483
    [fax] => 
    [custom_field] => 
    [payment_firstname] => Nina
    [payment_lastname] => Đerek
    [payment_company] => 
    [payment_address_1] => Ivana Gorana Kovačića 24, Sesvete
    [payment_address_2] => 
    [payment_city] => Zagreb
    [payment_postcode] => 10360
    [payment_country] => Croatia
    [payment_country_id] => 53
    [payment_zone] => HR
    [payment_zone_id] => 848
    [payment_address_format] => 
    [payment_custom_field] => 
    [payment_method] => Kreditne kartice / Debitne Kartice (CorvusPay)
    [payment_code] => corvuspay
    [shipping_firstname] => Nina
    [shipping_lastname] => Đerek
    [shipping_company] => 
    [shipping_address_1] => Ivana Gorana Kovačića 24, Sesvete
    [shipping_address_2] => 
    [shipping_city] => Zagreb
    [shipping_postcode] => 10360
    [shipping_country] => Croatia
    [shipping_country_id] => 53
    [shipping_zone] => HR
    [shipping_zone_id] => 848
    [shipping_address_format] => 
    [shipping_custom_field] => 
    [shipping_method] => Dostava Intereuropa Hrvatska - Besplatna dostava za narudžbe iznad 350kn
    [shipping_code] => ultimate_shipping.ultimate_shipping_0
    [comment] => Order Comments: Molim vas info da li se može očekivati isporuka prije Božića?
    [total] => 331.0000
    [order_status_id] => 5
    [affiliate_id] => 0
    [commission] => 0.0000
    [marketing_id] => 0
    [tracking] => 
    [language_id] => 2
    [currency_id] => 4
    [currency_code] => HRK
    [currency_value] => 1.00000000
    [ip] => 31.217.2.224
    [forwarded_ip] => 
    [user_agent] => Mozilla/5.0 (Linux; Android 10; Redmi Note 8T) AppleWebKit/537.36 (KHTML, like Gecko) Chrome/87.0.4280.101 Mobile Safari/537.36
    [accept_language] => hr-HR,hr;q=0.9,en-US;q=0.8,en;q=0.7,bs;q=0.6
    [paid_order] => 0
    [intereuropa] => 1
    [date_added] => 2020-12-17 16:32:14
    [date_modified] => 2020-12-17 16:35:09
    [products] => Array
        (
            [0] => Array
                (
                    [order_product_id] => 351
                    [order_id] => 131
                    [product_id] => 183
                    [name] => MUŠKA PIDŽAMA
                    [model] => M5009
                    [quantity] => 1
                    [price] => 296.0000
                    [total] => 296.0000
                    [tax] => 0.0000
                    [reward] => 0
                    [option] => Array
                        (
                            [order_option_id] => 312
                            [order_id] => 131
                            [order_product_id] => 351
                            [product_option_id] => 345
                            [product_option_value_id] => 578
                            [name] => Veličina
                            [value] => L
                            [type] => radio
                            [sku] => 
                            [option_data] => Array
                                (
                                    [product_option_value_id] => 578
                                    [product_option_id] => 345
                                    [product_id] => 183
                                    [option_id] => 13
                                    [option_value_id] => 50
                                    [quantity] => 99
                                    [subtract] => 1
                                    [price] => 0.0000
                                    [price_prefix] => 
                                    [points] => 0
                                    [points_prefix] => +
                                    [weight] => 0.00000000
                                    [weight_prefix] => +
                                    [sku] => M5009.L
                                )

                        )

                )

        )

    [totals] => Array
        (
            [0] => Array
                (
                    [order_total_id] => 435
                    [order_id] => 131
                    [code] => sub_total
                    [title] => Među suma
                    [value] => 296.0000
                    [sort_order] => 1
                )

            [1] => Array
                (
                    [order_total_id] => 436
                    [order_id] => 131
                    [code] => shipping
                    [title] => Dostava Intereuropa Hrvatska - Besplatna dostava za narudžbe iznad 350kn
                    [value] => 35.0000
                    [sort_order] => 3
                )

            [2] => Array
                (
                    [order_total_id] => 437
                    [order_id] => 131
                    [code] => total
                    [title] => Ukupno
                    [value] => 331.0000
                    [sort_order] => 9
                )

        )

    [status] => Array
        (
            [order_status_id] => 5
            [language_id] => 1
            [name] => Complete
        )

)

2020-12-18 12:24:24 - Array
(
    [narudzba] => Array
        (
            [CMS_ID] => KHR131
            [DATUM_VRIJEME] => 17.12.2020 16:35:09
            [NARUCITELJ_CMS_ID] => 1
            [NARUCITELJ_EMAIL] => lovric.nina@gmail.com
            [NARUCITELJ_IME] => Nina
            [NARUCITELJ_PREZIME] => Đerek
            [NARUCITELJ_ADRESA] => Ivana Gorana Kovačića 24, Sesvete
            [NARUCITELJ_MJESTO] => Zagreb
            [NARUCITELJ_POSTA] => 10360
            [NARUCITELJ_TELEFON] => 0981964483
            [NARUCITELJ_NAZIV] => 
            [NARUCITELJ_OIB] => 
            [NARUCITELJ_VAT] => 
            [NARUCITELJ_ZEMLJA] => HRV
            [DOSTAVA_IME_PREZIME] => Nina Đerek
            [DOSTAVA_ADRESA] => Ivana Gorana Kovačića 24, Sesvete
            [DOSTAVA_MJESTO] => Zagreb
            [DOSTAVA_POSTA] => 10360
            [NAPOMENA] => Order Comments: Molim vas info da li se može očekivati isporuka prije Božića?
            [VALUTA] => 191
            [IZNOS_UKUPNO] => 331.00
            [TECAJ] => 1
        )

    [stavke] => Array
        (
            [0] => Array
                (
                    [IDROBA] => US00000203
                    [KOLICINA] => 1
                    [CIJENA] => 35
                    [RABAT] => 0
                    [IZNOS] => 35
                )

            [1] => Array
                (
                    [IDROBA] => M5009.L
                    [KOLICINA] => 1
                    [CIJENA] => 296.00
                    [RABAT] => 0
                    [IZNOS] => 296.00
                )

        )

)

2020-12-18 12:24:25 - Illuminate\Support\Collection Object
(
    [items:protected] => Array
        (
            [creating] => start
            [ZAPIS] => Array
                (
                    [IDDOK] => NAW
                    [BROJDOK] => 103
                    [STAVAKA] => 2
                    [STAVKA] => 2
                    [KOLICINA_SIFRA] => 0
                    [DATUM] => 2020-12-18 00:00:00
                    [TEXT_GRESKE] => 
                    [KNJIZENO_KARTICA] => 
                    [KNJIZENO_GLKNJIGA] => 
                    [ZAKJUCANI_DN] => NE
                )

        )

)

