2020-12-28 12:55:18 - &idfirma=1
2020-12-28 12:55:18 - Array
(
    [narudzba] => Array
        (
            [CMS_ID] => KHR164
            [DATUM_VRIJEME] => 26.12.2020 21:30:37
            [NARUCITELJ_CMS_ID] => 1
            [NARUCITELJ_EMAIL] => ele040307@yahoo.it
            [NARUCITELJ_IME] => Zeljko 
            [NARUCITELJ_PREZIME] => Legac
            [NARUCITELJ_ADRESA] => Silvija Bačića 27
            [NARUCITELJ_MJESTO] => Rijeka
            [NARUCITELJ_POSTA] => 51000
            [NARUCITELJ_TELEFON] => +385992761065
            [NARUCITELJ_NAZIV] => 
            [NARUCITELJ_OIB] => 
            [NARUCITELJ_VAT] => 
            [NARUCITELJ_ZEMLJA] => HRV
            [DOSTAVA_IME_PREZIME] => Zeljko Legac
            [DOSTAVA_ADRESA] => Silvija Bačića 27
            [DOSTAVA_MJESTO] => Rijeka
            [DOSTAVA_POSTA] => 51000
            [NAPOMENA] => 
            [VALUTA] => 191
            [IZNOS_UKUPNO] => 528.00
            [TECAJ] => 1
        )

    [stavke] => Array
        (
            [0] => Array
                (
                    [IDROBA] => US00000203
                    [KOLICINA] => 1
                    [CIJENA] => 0
                    [RABAT] => 0
                    [IZNOS] => 0
                )

            [1] => Array
                (
                    [IDROBA] => M5005.XL
                    [KOLICINA] => 1
                    [CIJENA] => 124.00
                    [RABAT] => 0
                    [IZNOS] => 124.00
                )

            [2] => Array
                (
                    [IDROBA] => M5006.XL
                    [KOLICINA] => 1
                    [CIJENA] => 148.00
                    [RABAT] => 0
                    [IZNOS] => 148.00
                )

            [3] => Array
                (
                    [IDROBA] => M5004.XL
                    [KOLICINA] => 1
                    [CIJENA] => 140.00
                    [RABAT] => 0
                    [IZNOS] => 140.00
                )

            [4] => Array
                (
                    [IDROBA] => M5007.XL
                    [KOLICINA] => 1
                    [CIJENA] => 116.00
                    [RABAT] => 0
                    [IZNOS] => 116.00
                )

            [5] => Array
                (
                    [IDROBA] => P8010
                    [KOLICINA] => 1
                    [CIJENA] => 51.00
                    [RABAT] => 0
                    [IZNOS] => 51.00
                )

        )

)

2020-12-28 12:55:20 - Array
(
    [creating] => start
    [ZAPIS] => Array
        (
            [IDDOK] => NAW
            [BROJDOK] => 126
            [STAVAKA] => 6
            [STAVKA] => 6
            [KOLICINA_SIFRA] => 0
            [DATUM] => 2020-12-28 00:00:00
            [TEXT_GRESKE] => 
            [KNJIZENO_KARTICA] => 
            [KNJIZENO_GLKNJIGA] => 
            [ZAKJUCANI_DN] => NE
        )

)

