2020-12-14 12:22:59 - Array
(
    [order_id] => 104
    [invoice_no] => 0
    [invoice_prefix] => INV-2020-00
    [store_id] => 0
    [store_name] => KOZO UNDERWEAR
    [store_url] => https://www.kozo-underwear.hr/
    [customer_id] => 80
    [customer_group_id] => 1
    [firstname] => Vladimir
    [lastname] => Duvnjak
    [email] => duvnjakvl@gmail.com
    [telephone] => 099 2167 898
    [fax] => 
    [custom_field] => 
    [payment_firstname] => Vladimir
    [payment_lastname] => Duvnjak
    [payment_company] => 
    [payment_address_1] => Hrvatske nezavisnosti 112
    [payment_address_2] => 
    [payment_city] => Vukovar
    [payment_postcode] => 32000
    [payment_country] => Croatia
    [payment_country_id] => 53
    [payment_zone] => HR
    [payment_zone_id] => 848
    [payment_address_format] => 
    [payment_custom_field] => 
    [payment_method] => Plaćanje pouzećem
    [payment_code] => cod
    [shipping_firstname] => Vladimir
    [shipping_lastname] => Duvnjak
    [shipping_company] => 
    [shipping_address_1] => Hrvatske nezavisnosti 112
    [shipping_address_2] => 
    [shipping_city] => Vukovar
    [shipping_postcode] => 32000
    [shipping_country] => Croatia
    [shipping_country_id] => 53
    [shipping_zone] => HR
    [shipping_zone_id] => 848
    [shipping_address_format] => 
    [shipping_custom_field] => 
    [shipping_method] => Besplatna dostava Intereuropa Hrvatska
    [shipping_code] => ultimate_shipping.ultimate_shipping_0
    [comment] => 
    [total] => 356.0000
    [order_status_id] => 1
    [affiliate_id] => 0
    [commission] => 0.0000
    [marketing_id] => 0
    [tracking] => 
    [language_id] => 2
    [currency_id] => 4
    [currency_code] => HRK
    [currency_value] => 1.00000000
    [ip] => 78.3.7.118
    [forwarded_ip] => 
    [user_agent] => Mozilla/5.0 (Linux; Android 10; SM-A600FN) AppleWebKit/537.36 (KHTML, like Gecko) Chrome/87.0.4280.101 Mobile Safari/537.36
    [accept_language] => hr-HR,hr;q=0.9,en-US;q=0.8,en;q=0.7,es;q=0.6,de;q=0.5,bs;q=0.4
    [paid_order] => 0
    [intereuropa] => 1
    [date_added] => 2020-12-11 19:11:26
    [date_modified] => 2020-12-11 19:11:57
    [products] => Array
        (
            [0] => Array
                (
                    [order_product_id] => 286
                    [order_id] => 104
                    [product_id] => 95
                    [name] => MUŠKE GAĆE SLIP TAMNO PLAVE
                    [model] => M7027
                    [quantity] => 5
                    [price] => 71.2000
                    [total] => 356.0000
                    [tax] => 0.0000
                    [reward] => 0
                    [option] => Array
                        (
                            [order_option_id] => 253
                            [order_id] => 104
                            [order_product_id] => 286
                            [product_option_id] => 258
                            [product_option_value_id] => 179
                            [name] => Veličina
                            [value] => XL
                            [type] => radio
                            [sku] => 
                            [option_data] => Array
                                (
                                    [product_option_value_id] => 179
                                    [product_option_id] => 258
                                    [product_id] => 95
                                    [option_id] => 13
                                    [option_value_id] => 49
                                    [quantity] => 95
                                    [subtract] => 1
                                    [price] => 0.0000
                                    [price_prefix] => 
                                    [points] => 0
                                    [points_prefix] => +
                                    [weight] => 0.00000000
                                    [weight_prefix] => +
                                    [sku] => M7027.XL
                                )

                        )

                )

        )

    [totals] => Array
        (
            [0] => Array
                (
                    [order_total_id] => 350
                    [order_id] => 104
                    [code] => sub_total
                    [title] => Među suma
                    [value] => 356.0000
                    [sort_order] => 1
                )

            [1] => Array
                (
                    [order_total_id] => 351
                    [order_id] => 104
                    [code] => shipping
                    [title] => Besplatna dostava Intereuropa Hrvatska
                    [value] => 0.0000
                    [sort_order] => 3
                )

            [2] => Array
                (
                    [order_total_id] => 352
                    [order_id] => 104
                    [code] => total
                    [title] => Ukupno
                    [value] => 356.0000
                    [sort_order] => 9
                )

        )

    [status] => Array
        (
            [order_status_id] => 1
            [language_id] => 1
            [name] => Pending
        )

)

2020-12-14 12:22:59 - Array
(
    [narudzba] => Array
        (
            [CMS_ID] => KHR104
            [DATUM_VRIJEME] => 11.12.2020 19:11:57
            [NARUCITELJ_CMS_ID] => 1
            [NARUCITELJ_EMAIL] => duvnjakvl@gmail.com
            [NARUCITELJ_IME] => Vladimir
            [NARUCITELJ_PREZIME] => Duvnjak
            [NARUCITELJ_ADRESA] => Hrvatske nezavisnosti 112
            [NARUCITELJ_MJESTO] => Vukovar
            [NARUCITELJ_POSTA] => 32000
            [NARUCITELJ_TELEFON] => 099 2167 898
            [NARUCITELJ_NAZIV] => 
            [NARUCITELJ_OIB] => 
            [NARUCITELJ_VAT] => 
            [NARUCITELJ_ZEMLJA] => HRV
            [DOSTAVA_IME_PREZIME] => Vladimir Duvnjak
            [DOSTAVA_ADRESA] => Hrvatske nezavisnosti 112
            [DOSTAVA_MJESTO] => Vukovar
            [DOSTAVA_POSTA] => 32000
            [NAPOMENA] => 
            [VALUTA] => 191
            [IZNOS_UKUPNO] => 356.00
            [TECAJ] => 1
        )

    [stavke] => Array
        (
            [0] => Array
                (
                    [IDROBA] => US00000203
                    [KOLICINA] => 1
                    [CIJENA] => 0
                    [RABAT] => 0
                    [IZNOS] => 0
                )

            [1] => Array
                (
                    [IDROBA] => M7027.XL
                    [KOLICINA] => 5
                    [CIJENA] => 71.20
                    [RABAT] => 0
                    [IZNOS] => 356.00
                )

        )

)

2020-12-14 12:23:00 - Illuminate\Support\Collection Object
(
    [items:protected] => Array
        (
            [creating] => start
            [ZAPIS] => Array
                (
                    [IDDOK] => NAW
                    [BROJDOK] => 88
                    [STAVAKA] => 2
                    [STAVKA] => 2
                    [KOLICINA_SIFRA] => 0
                    [DATUM] => 2020-12-14 00:00:00
                    [TEXT_GRESKE] => 
                    [KNJIZENO_KARTICA] => 
                    [KNJIZENO_GLKNJIGA] => 
                    [ZAKJUCANI_DN] => NE
                )

        )

)

