2020-12-14 12:23:08 - &idfirma=1
2020-12-14 12:23:08 - Array
(
    [narudzba] => Array
        (
            [CMS_ID] => KHR110
            [DATUM_VRIJEME] => 12.12.2020 22:15:22
            [NARUCITELJ_CMS_ID] => 1
            [NARUCITELJ_EMAIL] => frkovic.danijela@gmail.com
            [NARUCITELJ_IME] => DANIJELA
            [NARUCITELJ_PREZIME] => ODOBAŠIĆ
            [NARUCITELJ_ADRESA] => JAPODSKA 46.
            [NARUCITELJ_MJESTO] => Pula
            [NARUCITELJ_POSTA] => 52100
            [NARUCITELJ_TELEFON] => 0996848921
            [NARUCITELJ_NAZIV] => 
            [NARUCITELJ_OIB] => 
            [NARUCITELJ_VAT] => 
            [NARUCITELJ_ZEMLJA] => HRV
            [DOSTAVA_IME_PREZIME] => DANIJELA ODOBAŠIĆ
            [DOSTAVA_ADRESA] => JAPODSKA 46.
            [DOSTAVA_MJESTO] => Pula
            [DOSTAVA_POSTA] => 52100
            [NAPOMENA] => 
            [VALUTA] => 191
            [IZNOS_UKUPNO] => 299.00
            [TECAJ] => 1
        )

    [stavke] => Array
        (
            [0] => Array
                (
                    [IDROBA] => US00000203
                    [KOLICINA] => 1
                    [CIJENA] => 35
                    [RABAT] => 0
                    [IZNOS] => 35
                )

            [1] => Array
                (
                    [IDROBA] => M5011.M
                    [KOLICINA] => 1
                    [CIJENA] => 264.00
                    [RABAT] => 0
                    [IZNOS] => 264.00
                )

        )

)

2020-12-14 12:23:09 - Array
(
    [creating] => start
    [ZAPIS] => Array
        (
            [IDDOK] => NAW
            [BROJDOK] => 89
            [STAVAKA] => 2
            [STAVKA] => 2
            [KOLICINA_SIFRA] => 0
            [DATUM] => 2020-12-14 00:00:00
            [TEXT_GRESKE] => 
            [KNJIZENO_KARTICA] => 
            [KNJIZENO_GLKNJIGA] => 
            [ZAKJUCANI_DN] => NE
        )

)

