2020-12-16 12:24:21 - Array
(
    [order_id] => 119
    [invoice_no] => 0
    [invoice_prefix] => INV-2020-00
    [store_id] => 0
    [store_name] => KOZO UNDERWEAR
    [store_url] => https://www.kozo-underwear.hr/
    [customer_id] => 93
    [customer_group_id] => 1
    [firstname] => Nives
    [lastname] => Šumberac Matošević
    [email] => nives@igl.hr
    [telephone] => 0911856037
    [fax] => 
    [custom_field] => 
    [payment_firstname] => Nives
    [payment_lastname] => Šumberac Matošević
    [payment_company] => 
    [payment_address_1] => Nedešćina 45a
    [payment_address_2] => 
    [payment_city] => Nedešćina
    [payment_postcode] => 52231
    [payment_country] => Croatia
    [payment_country_id] => 53
    [payment_zone] => HR
    [payment_zone_id] => 848
    [payment_address_format] => 
    [payment_custom_field] => 
    [payment_method] => Kreditne kartice / Debitne Kartice (CorvusPay)
    [payment_code] => corvuspay
    [shipping_firstname] => Nives
    [shipping_lastname] => Šumberac Matošević
    [shipping_company] => 
    [shipping_address_1] => Nedešćina 45a
    [shipping_address_2] => 
    [shipping_city] => Nedešćina
    [shipping_postcode] => 52231
    [shipping_country] => Croatia
    [shipping_country_id] => 53
    [shipping_zone] => HR
    [shipping_zone_id] => 848
    [shipping_address_format] => 
    [shipping_custom_field] => 
    [shipping_method] => Dostava Intereuropa Hrvatska - Besplatna dostava za narudžbe iznad 350kn
    [shipping_code] => ultimate_shipping.ultimate_shipping_0
    [comment] => 
    [total] => 219.0000
    [order_status_id] => 5
    [affiliate_id] => 0
    [commission] => 0.0000
    [marketing_id] => 0
    [tracking] => 
    [language_id] => 2
    [currency_id] => 4
    [currency_code] => HRK
    [currency_value] => 1.00000000
    [ip] => 78.0.122.130
    [forwarded_ip] => 
    [user_agent] => Mozilla/5.0 (Linux; Android 9; SM-A405FN) AppleWebKit/537.36 (KHTML, like Gecko) Chrome/87.0.4280.101 Mobile Safari/537.36
    [accept_language] => hr-HR,hr;q=0.9,en-GB;q=0.8,en;q=0.7,en-US;q=0.6,it;q=0.5
    [paid_order] => 0
    [intereuropa] => 1
    [date_added] => 2020-12-15 17:44:06
    [date_modified] => 2020-12-15 17:46:06
    [products] => Array
        (
            [0] => Array
                (
                    [order_product_id] => 332
                    [order_id] => 119
                    [product_id] => 142
                    [name] => MUŠKE BOKSERICE HIPSTER TAMNO PLAVE
                    [model] => M7076
                    [quantity] => 1
                    [price] => 92.0000
                    [total] => 92.0000
                    [tax] => 0.0000
                    [reward] => 0
                    [option] => Array
                        (
                            [order_option_id] => 294
                            [order_id] => 119
                            [order_product_id] => 332
                            [product_option_id] => 305
                            [product_option_value_id] => 420
                            [name] => Veličina
                            [value] => M
                            [type] => radio
                            [sku] => 
                            [option_data] => Array
                                (
                                    [product_option_value_id] => 420
                                    [product_option_id] => 305
                                    [product_id] => 142
                                    [option_id] => 13
                                    [option_value_id] => 51
                                    [quantity] => 98
                                    [subtract] => 1
                                    [price] => 0.0000
                                    [price_prefix] => 
                                    [points] => 0
                                    [points_prefix] => +
                                    [weight] => 0.00000000
                                    [weight_prefix] => +
                                    [sku] => M7076.M
                                )

                        )

                )

            [1] => Array
                (
                    [order_product_id] => 333
                    [order_id] => 119
                    [product_id] => 145
                    [name] => MUŠKE BOKSERICE HIPSTER CRVENE
                    [model] => M7080
                    [quantity] => 1
                    [price] => 92.0000
                    [total] => 92.0000
                    [tax] => 0.0000
                    [reward] => 0
                    [option] => Array
                        (
                            [order_option_id] => 295
                            [order_id] => 119
                            [order_product_id] => 333
                            [product_option_id] => 308
                            [product_option_value_id] => 435
                            [name] => Veličina
                            [value] => M
                            [type] => radio
                            [sku] => 
                            [option_data] => Array
                                (
                                    [product_option_value_id] => 435
                                    [product_option_id] => 308
                                    [product_id] => 145
                                    [option_id] => 13
                                    [option_value_id] => 51
                                    [quantity] => 97
                                    [subtract] => 1
                                    [price] => 0.0000
                                    [price_prefix] => 
                                    [points] => 0
                                    [points_prefix] => +
                                    [weight] => 0.00000000
                                    [weight_prefix] => +
                                    [sku] => M7080.M
                                )

                        )

                )

        )

    [totals] => Array
        (
            [0] => Array
                (
                    [order_total_id] => 399
                    [order_id] => 119
                    [code] => sub_total
                    [title] => Među suma
                    [value] => 184.0000
                    [sort_order] => 1
                )

            [1] => Array
                (
                    [order_total_id] => 400
                    [order_id] => 119
                    [code] => shipping
                    [title] => Dostava Intereuropa Hrvatska - Besplatna dostava za narudžbe iznad 350kn
                    [value] => 35.0000
                    [sort_order] => 3
                )

            [2] => Array
                (
                    [order_total_id] => 401
                    [order_id] => 119
                    [code] => total
                    [title] => Ukupno
                    [value] => 219.0000
                    [sort_order] => 9
                )

        )

    [status] => Array
        (
            [order_status_id] => 5
            [language_id] => 1
            [name] => Complete
        )

)

2020-12-16 12:24:21 - Array
(
    [narudzba] => Array
        (
            [CMS_ID] => KHR119
            [DATUM_VRIJEME] => 15.12.2020 17:46:06
            [NARUCITELJ_CMS_ID] => 1
            [NARUCITELJ_EMAIL] => nives@igl.hr
            [NARUCITELJ_IME] => Nives
            [NARUCITELJ_PREZIME] => Šumberac Matošević
            [NARUCITELJ_ADRESA] => Nedešćina 45a
            [NARUCITELJ_MJESTO] => Nedešćina
            [NARUCITELJ_POSTA] => 52231
            [NARUCITELJ_TELEFON] => 0911856037
            [NARUCITELJ_NAZIV] => 
            [NARUCITELJ_OIB] => 
            [NARUCITELJ_VAT] => 
            [NARUCITELJ_ZEMLJA] => HRV
            [DOSTAVA_IME_PREZIME] => Nives Šumberac Matošević
            [DOSTAVA_ADRESA] => Nedešćina 45a
            [DOSTAVA_MJESTO] => Nedešćina
            [DOSTAVA_POSTA] => 52231
            [NAPOMENA] => 
            [VALUTA] => 191
            [IZNOS_UKUPNO] => 219.00
            [TECAJ] => 1
        )

    [stavke] => Array
        (
            [0] => Array
                (
                    [IDROBA] => US00000203
                    [KOLICINA] => 1
                    [CIJENA] => 35
                    [RABAT] => 0
                    [IZNOS] => 35
                )

            [1] => Array
                (
                    [IDROBA] => M7076.M
                    [KOLICINA] => 1
                    [CIJENA] => 92.00
                    [RABAT] => 0
                    [IZNOS] => 92.00
                )

            [2] => Array
                (
                    [IDROBA] => M7080.M
                    [KOLICINA] => 1
                    [CIJENA] => 92.00
                    [RABAT] => 0
                    [IZNOS] => 92.00
                )

        )

)

2020-12-16 12:24:22 - Illuminate\Support\Collection Object
(
    [items:protected] => Array
        (
            [creating] => start
            [ZAPIS] => Array
                (
                    [IDDOK] => NAW
                    [BROJDOK] => 99
                    [STAVAKA] => 3
                    [STAVKA] => 3
                    [KOLICINA_SIFRA] => 0
                    [DATUM] => 2020-12-16 00:00:00
                    [TEXT_GRESKE] => 
                    [KNJIZENO_KARTICA] => 
                    [KNJIZENO_GLKNJIGA] => 
                    [ZAKJUCANI_DN] => NE
                )

        )

)

