2020-12-30 9:56:01 - &idfirma=1
2020-12-30 9:56:01 - Array
(
    [narudzba] => Array
        (
            [CMS_ID] => KHR169
            [DATUM_VRIJEME] => 30.12.2020 09:18:18
            [NARUCITELJ_CMS_ID] => 1
            [NARUCITELJ_EMAIL] => anita.cepanec@gmail.com
            [NARUCITELJ_IME] => Anita
            [NARUCITELJ_PREZIME] => Cepanec
            [NARUCITELJ_ADRESA] => Zagreba훾ka 19
            [NARUCITELJ_MJESTO] => Vara탑din
            [NARUCITELJ_POSTA] => 42000
            [NARUCITELJ_TELEFON] => 0915189545
            [NARUCITELJ_NAZIV] => 
            [NARUCITELJ_OIB] => 
            [NARUCITELJ_VAT] => 
            [NARUCITELJ_ZEMLJA] => HRV
            [DOSTAVA_IME_PREZIME] => Anita Cepanec
            [DOSTAVA_ADRESA] => Zagreba훾ka 19
            [DOSTAVA_MJESTO] => Vara탑din
            [DOSTAVA_POSTA] => 42000
            [NAPOMENA] => 
            [VALUTA] => 191
            [IZNOS_UKUPNO] => 151.00
            [TECAJ] => 1
        )

    [stavke] => Array
        (
            [0] => Array
                (
                    [IDROBA] => US00000203
                    [KOLICINA] => 1
                    [CIJENA] => 35
                    [RABAT] => 0
                    [IZNOS] => 35
                )

            [1] => Array
                (
                    [IDROBA] => M5007.L
                    [KOLICINA] => 1
                    [CIJENA] => 116.00
                    [RABAT] => 0
                    [IZNOS] => 116.00
                )

        )

)

2020-12-30 9:56:03 - Array
(
    [creating] => start
    [ZAPIS] => Array
        (
            [IDDOK] => NAW
            [BROJDOK] => 131
            [STAVAKA] => 2
            [STAVKA] => 2
            [KOLICINA_SIFRA] => 0
            [DATUM] => 2020-12-30 00:00:00
            [TEXT_GRESKE] => 
            [KNJIZENO_KARTICA] => 
            [KNJIZENO_GLKNJIGA] => 
            [ZAKJUCANI_DN] => NE
        )

)

