2020-12-14 12:23:16 - &idfirma=1
2020-12-14 12:23:16 - Array
(
    [narudzba] => Array
        (
            [CMS_ID] => KHR114
            [DATUM_VRIJEME] => 14.12.2020 08:09:57
            [NARUCITELJ_CMS_ID] => 1
            [NARUCITELJ_EMAIL] => jmaloseja@gmail.com
            [NARUCITELJ_IME] => Jasenka
            [NARUCITELJ_PREZIME] => Maloseja
            [NARUCITELJ_ADRESA] => Albaharijeva 7
            [NARUCITELJ_MJESTO] => Zagreb
            [NARUCITELJ_POSTA] => 10000
            [NARUCITELJ_TELEFON] => 098414658
            [NARUCITELJ_NAZIV] => 
            [NARUCITELJ_OIB] => 
            [NARUCITELJ_VAT] => 
            [NARUCITELJ_ZEMLJA] => HRV
            [DOSTAVA_IME_PREZIME] => Jasenka Maloseja
            [DOSTAVA_ADRESA] => Albaharijeva 7
            [DOSTAVA_MJESTO] => Zagreb
            [DOSTAVA_POSTA] => 10000
            [NAPOMENA] => 
            [VALUTA] => 191
            [IZNOS_UKUPNO] => 368.60
            [TECAJ] => 1
        )

    [stavke] => Array
        (
            [0] => Array
                (
                    [IDROBA] => US00000203
                    [KOLICINA] => 1
                    [CIJENA] => 35
                    [RABAT] => 0
                    [IZNOS] => 35
                )

            [1] => Array
                (
                    [IDROBA] => M7016.S
                    [KOLICINA] => 1
                    [CIJENA] => 100.00
                    [RABAT] => 0
                    [IZNOS] => 100.00
                )

            [2] => Array
                (
                    [IDROBA] => M7016.L
                    [KOLICINA] => 1
                    [CIJENA] => 100.00
                    [RABAT] => 0
                    [IZNOS] => 100.00
                )

            [3] => Array
                (
                    [IDROBA] => M7015.L
                    [KOLICINA] => 1
                    [CIJENA] => 68.00
                    [RABAT] => 0
                    [IZNOS] => 68.00
                )

            [4] => Array
                (
                    [IDROBA] => M7061.L
                    [KOLICINA] => 1
                    [CIJENA] => 65.60
                    [RABAT] => 0
                    [IZNOS] => 65.60
                )

        )

)

2020-12-14 12:23:17 - Array
(
    [creating] => start
    [ZAPIS] => Array
        (
            [IDDOK] => NAW
            [BROJDOK] => 90
            [STAVAKA] => 5
            [STAVKA] => 5
            [KOLICINA_SIFRA] => 0
            [DATUM] => 2020-12-14 00:00:00
            [TEXT_GRESKE] => 
            [KNJIZENO_KARTICA] => 
            [KNJIZENO_GLKNJIGA] => 
            [ZAKJUCANI_DN] => NE
        )

)

