2020-12-29 10:29:49 - &idfirma=1
2020-12-29 10:29:49 - Array
(
    [narudzba] => Array
        (
            [CMS_ID] => KHR168
            [DATUM_VRIJEME] => 29.12.2020 07:55:50
            [NARUCITELJ_CMS_ID] => 1
            [NARUCITELJ_EMAIL] => kolemaru@gmail.com
            [NARUCITELJ_IME] => Robert
            [NARUCITELJ_PREZIME] => Tabain
            [NARUCITELJ_ADRESA] => Ul 37 Br 18
            [NARUCITELJ_MJESTO] => Vela Luka
            [NARUCITELJ_POSTA] => 20270
            [NARUCITELJ_TELEFON] => +385915499020
            [NARUCITELJ_NAZIV] => 
            [NARUCITELJ_OIB] => 
            [NARUCITELJ_VAT] => 
            [NARUCITELJ_ZEMLJA] => HRV
            [DOSTAVA_IME_PREZIME] => Robert Tabain
            [DOSTAVA_ADRESA] => Ul 37 Br 18
            [DOSTAVA_MJESTO] => Vela Luka
            [DOSTAVA_POSTA] => 20270
            [NAPOMENA] => 
            [VALUTA] => 191
            [IZNOS_UKUPNO] => 389.00
            [TECAJ] => 1
        )

    [stavke] => Array
        (
            [0] => Array
                (
                    [IDROBA] => US00000203
                    [KOLICINA] => 1
                    [CIJENA] => 0
                    [RABAT] => 0
                    [IZNOS] => 0
                )

            [1] => Array
                (
                    [IDROBA] => M7043.L
                    [KOLICINA] => 1
                    [CIJENA] => 108.00
                    [RABAT] => 0
                    [IZNOS] => 108.00
                )

            [2] => Array
                (
                    [IDROBA] => M7046.L
                    [KOLICINA] => 1
                    [CIJENA] => 108.00
                    [RABAT] => 0
                    [IZNOS] => 108.00
                )

            [3] => Array
                (
                    [IDROBA] => M7076.L
                    [KOLICINA] => 1
                    [CIJENA] => 92.00
                    [RABAT] => 0
                    [IZNOS] => 92.00
                )

            [4] => Array
                (
                    [IDROBA] => M7084.L
                    [KOLICINA] => 1
                    [CIJENA] => 81.00
                    [RABAT] => 0
                    [IZNOS] => 81.00
                )

        )

)

2020-12-29 10:29:50 - Array
(
    [creating] => start
    [ZAPIS] => Array
        (
            [IDDOK] => NAW
            [BROJDOK] => 130
            [STAVAKA] => 5
            [STAVKA] => 5
            [KOLICINA_SIFRA] => 0
            [DATUM] => 2020-12-29 00:00:00
            [TEXT_GRESKE] => 
            [KNJIZENO_KARTICA] => 
            [KNJIZENO_GLKNJIGA] => 
            [ZAKJUCANI_DN] => NE
        )

)

