2020-12-01 12:43:10 - Array
(
    [order_id] => 59
    [invoice_no] => 0
    [invoice_prefix] => INV-2020-00
    [store_id] => 0
    [store_name] => KOZO UNDERWEAR
    [store_url] => https://www.kozo-underwear.hr/
    [customer_id] => 41
    [customer_group_id] => 1
    [firstname] => Vladimir
    [lastname] => Bakić
    [email] => vladimir.bakic@visitdubrovnik.hr
    [telephone] => 098243148
    [fax] => 
    [custom_field] => 
    [payment_firstname] => Vladimir
    [payment_lastname] => Bakić
    [payment_company] => 
    [payment_address_1] => RIJECKA 14A
    [payment_address_2] => 
    [payment_city] => DUBROVNIK
    [payment_postcode] => 20000
    [payment_country] => Croatia
    [payment_country_id] => 53
    [payment_zone] => Bjelovarsko-bilogorska
    [payment_zone_id] => 847
    [payment_address_format] => 
    [payment_custom_field] => 
    [payment_method] => Plaćanje pouzećem
    [payment_code] => cod
    [shipping_firstname] => Vladimir
    [shipping_lastname] => Bakić
    [shipping_company] => 
    [shipping_address_1] => RIJECKA 14A
    [shipping_address_2] => 
    [shipping_city] => DUBROVNIK
    [shipping_postcode] => 20000
    [shipping_country] => Croatia
    [shipping_country_id] => 53
    [shipping_zone] => Bjelovarsko-bilogorska
    [shipping_zone_id] => 847
    [shipping_address_format] => 
    [shipping_custom_field] => 
    [shipping_method] => Besplatna dostava Intereuropa Hrvatska
    [shipping_code] => ultimate_shipping.ultimate_shipping_0
    [comment] => 
    [total] => 596.0000
    [order_status_id] => 1
    [affiliate_id] => 0
    [commission] => 0.0000
    [marketing_id] => 0
    [tracking] => 
    [language_id] => 2
    [currency_id] => 4
    [currency_code] => HRK
    [currency_value] => 1.00000000
    [ip] => 93.143.67.109
    [forwarded_ip] => 
    [user_agent] => Mozilla/5.0 (Linux; Android 10; SM-T835) AppleWebKit/537.36 (KHTML, like Gecko) Chrome/86.0.4240.198 Safari/537.36
    [accept_language] => hr-HR,hr;q=0.9,en-US;q=0.8,en;q=0.7,bs;q=0.6
    [paid_order] => 0
    [intereuropa] => 1
    [date_added] => 2020-11-30 22:52:12
    [date_modified] => 2020-11-30 22:52:23
    [products] => Array
        (
            [0] => Array
                (
                    [order_product_id] => 143
                    [order_id] => 59
                    [product_id] => 60
                    [name] => MUŠKA POTKOŠULJA UŽA RAMENICA BIJELA
                    [model] => M7007
                    [quantity] => 2
                    [price] => 100.0000
                    [total] => 200.0000
                    [tax] => 0.0000
                    [reward] => 0
                    [option] => Array
                        (
                            [order_option_id] => 129
                            [order_id] => 59
                            [order_product_id] => 143
                            [product_option_id] => 230
                            [product_option_value_id] => 25
                            [name] => Veličina
                            [value] => L
                            [type] => radio
                            [sku] => 
                            [option_data] => Array
                                (
                                    [product_option_value_id] => 25
                                    [product_option_id] => 230
                                    [product_id] => 60
                                    [option_id] => 13
                                    [option_value_id] => 50
                                    [quantity] => 100
                                    [subtract] => 0
                                    [price] => 0.0000
                                    [price_prefix] => +
                                    [points] => 0
                                    [points_prefix] => +
                                    [weight] => 0.00000000
                                    [weight_prefix] => +
                                    [sku] => M7007.L
                                )

                        )

                )

            [1] => Array
                (
                    [order_product_id] => 144
                    [order_id] => 59
                    [product_id] => 64
                    [name] => MUŠKE BOKSERICE HIPSTER BIJELE
                    [model] => M7002
                    [quantity] => 1
                    [price] => 100.0000
                    [total] => 100.0000
                    [tax] => 0.0000
                    [reward] => 0
                    [option] => Array
                        (
                            [order_option_id] => 130
                            [order_id] => 59
                            [order_product_id] => 144
                            [product_option_id] => 332
                            [product_option_value_id] => 493
                            [name] => Veličina
                            [value] => L
                            [type] => radio
                            [sku] => 
                            [option_data] => Array
                                (
                                    [product_option_value_id] => 493
                                    [product_option_id] => 332
                                    [product_id] => 64
                                    [option_id] => 13
                                    [option_value_id] => 50
                                    [quantity] => 97
                                    [subtract] => 1
                                    [price] => 0.0000
                                    [price_prefix] => +
                                    [points] => 0
                                    [points_prefix] => +
                                    [weight] => 0.00000000
                                    [weight_prefix] => +
                                    [sku] => M7002.L
                                )

                        )

                )

            [2] => Array
                (
                    [order_product_id] => 145
                    [order_id] => 59
                    [product_id] => 168
                    [name] => GEOMETRIC MASKA ZA LICE
                    [model] => P8011
                    [quantity] => 1
                    [price] => 40.8000
                    [total] => 40.8000
                    [tax] => 0.0000
                    [reward] => 0
                    [option] => 
                )

            [3] => Array
                (
                    [order_product_id] => 146
                    [order_id] => 59
                    [product_id] => 183
                    [name] => MUŠKA PIDŽAMA
                    [model] => M5009
                    [quantity] => 1
                    [price] => 296.0000
                    [total] => 296.0000
                    [tax] => 0.0000
                    [reward] => 0
                    [option] => Array
                        (
                            [order_option_id] => 131
                            [order_id] => 59
                            [order_product_id] => 146
                            [product_option_id] => 345
                            [product_option_value_id] => 578
                            [name] => Veličina
                            [value] => L
                            [type] => radio
                            [sku] => 
                            [option_data] => Array
                                (
                                    [product_option_value_id] => 578
                                    [product_option_id] => 345
                                    [product_id] => 183
                                    [option_id] => 13
                                    [option_value_id] => 50
                                    [quantity] => 99
                                    [subtract] => 1
                                    [price] => 0.0000
                                    [price_prefix] => +
                                    [points] => 0
                                    [points_prefix] => +
                                    [weight] => 0.00000000
                                    [weight_prefix] => +
                                    [sku] => M5009.L
                                )

                        )

                )

        )

    [totals] => Array
        (
            [0] => Array
                (
                    [order_total_id] => 191
                    [order_id] => 59
                    [code] => sub_total
                    [title] => Među suma
                    [value] => 636.8000
                    [sort_order] => 1
                )

            [1] => Array
                (
                    [order_total_id] => 192
                    [order_id] => 59
                    [code] => tieredgiftstotal
                    [title] => Besplatni poklon - GEOMETRIC MASKA ZA LICE
                    [value] => -40.8000
                    [sort_order] => 2
                )

            [2] => Array
                (
                    [order_total_id] => 193
                    [order_id] => 59
                    [code] => shipping
                    [title] => Besplatna dostava Intereuropa Hrvatska
                    [value] => 0.0000
                    [sort_order] => 3
                )

            [3] => Array
                (
                    [order_total_id] => 194
                    [order_id] => 59
                    [code] => total
                    [title] => Ukupno
                    [value] => 596.0000
                    [sort_order] => 9
                )

        )

    [status] => Array
        (
            [order_status_id] => 1
            [language_id] => 1
            [name] => Pending
        )

)

2020-12-01 12:43:10 - Array
(
    [narudzba] => Array
        (
            [CMS_ID] => KHR59
            [DATUM_VRIJEME] => 30.11.2020 22:52:23
            [NARUCITELJ_CMS_ID] => 1
            [NARUCITELJ_EMAIL] => vladimir.bakic@visitdubrovnik.hr
            [NARUCITELJ_IME] => Vladimir
            [NARUCITELJ_PREZIME] => Bakić
            [NARUCITELJ_ADRESA] => RIJECKA 14A
            [NARUCITELJ_MJESTO] => DUBROVNIK
            [NARUCITELJ_POSTA] => 20000
            [NARUCITELJ_TELEFON] => 098243148
            [NARUCITELJ_NAZIV] => 
            [NARUCITELJ_OIB] => 
            [NARUCITELJ_VAT] => 
            [NARUCITELJ_ZEMLJA] => HRV
            [DOSTAVA_IME_PREZIME] => Vladimir Bakić
            [DOSTAVA_ADRESA] => RIJECKA 14A
            [DOSTAVA_MJESTO] => DUBROVNIK
            [DOSTAVA_POSTA] => 20000
            [NAPOMENA] => 
            [VALUTA] => 191
            [IZNOS_UKUPNO] => 596.00
            [TECAJ] => 1
        )

    [stavke] => Array
        (
            [0] => Array
                (
                    [IDROBA] => US00000203
                    [KOLICINA] => 1
                    [CIJENA] => 0
                    [RABAT] => 0
                    [IZNOS] => 0
                )

            [1] => Array
                (
                    [IDROBA] => M7007.L
                    [KOLICINA] => 2
                    [CIJENA] => 100.00
                    [RABAT] => 0
                    [IZNOS] => 200.00
                )

            [2] => Array
                (
                    [IDROBA] => M7002.L
                    [KOLICINA] => 1
                    [CIJENA] => 100.00
                    [RABAT] => 0
                    [IZNOS] => 100.00
                )

            [3] => Array
                (
                    [IDROBA] => P8011
                    [KOLICINA] => 1
                    [CIJENA] => 40.80
                    [RABAT] => 0
                    [IZNOS] => 40.80
                )

            [4] => Array
                (
                    [IDROBA] => M5009.L
                    [KOLICINA] => 1
                    [CIJENA] => 296.00
                    [RABAT] => 0
                    [IZNOS] => 296.00
                )

        )

)

2020-12-01 12:43:11 - Illuminate\Support\Collection Object
(
    [items:protected] => Array
        (
            [creating] => start
            [ZAPIS] => Array
                (
                    [IDDOK] => NAW
                    [BROJDOK] => 35
                    [STAVAKA] => 5
                    [STAVKA] => 5
                    [KOLICINA_SIFRA] => 0
                    [DATUM] => 2020-12-01 00:00:00
                    [TEXT_GRESKE] => 
                    [KNJIZENO_KARTICA] => 
                    [KNJIZENO_GLKNJIGA] => 
                    [ZAKJUCANI_DN] => NE
                )

        )

)

