2020-12-07 13:30:54 - &idfirma=1
2020-12-07 13:30:54 - Array
(
    [narudzba] => Array
        (
            [CMS_ID] => KHR72
            [DATUM_VRIJEME] => 06.12.2020 17:27:42
            [NARUCITELJ_CMS_ID] => 1
            [NARUCITELJ_EMAIL] => zskopljak1@gmail.com
            [NARUCITELJ_IME] => Zlatko
            [NARUCITELJ_PREZIME] => Skopljak
            [NARUCITELJ_ADRESA] => Kaštanjer 59B
            [NARUCITELJ_MJESTO] => Pula
            [NARUCITELJ_POSTA] => 52100
            [NARUCITELJ_TELEFON] => 098697084
            [NARUCITELJ_NAZIV] => 
            [NARUCITELJ_OIB] => 
            [NARUCITELJ_VAT] => 
            [NARUCITELJ_ZEMLJA] => HRV
            [DOSTAVA_IME_PREZIME] => Zlatko Skopljak
            [DOSTAVA_ADRESA] => Kaštanjer 59B
            [DOSTAVA_MJESTO] => Pula
            [DOSTAVA_POSTA] => 52100
            [NAPOMENA] => 
            [VALUTA] => 191
            [IZNOS_UKUPNO] => 476.00
            [TECAJ] => 1
        )

    [stavke] => Array
        (
            [0] => Array
                (
                    [IDROBA] => US00000203
                    [KOLICINA] => 1
                    [CIJENA] => 0
                    [RABAT] => 0
                    [IZNOS] => 0
                )

            [1] => Array
                (
                    [IDROBA] => M7059.XXXL
                    [KOLICINA] => 2
                    [CIJENA] => 124.00
                    [RABAT] => 0
                    [IZNOS] => 248.00
                )

            [2] => Array
                (
                    [IDROBA] => M7058.XXXL
                    [KOLICINA] => 2
                    [CIJENA] => 114.00
                    [RABAT] => 0
                    [IZNOS] => 228.00
                )

        )

)

2020-12-07 13:30:55 - Array
(
    [creating] => start
    [ZAPIS] => Array
        (
            [IDDOK] => NAW
            [BROJDOK] => 53
            [STAVAKA] => 3
            [STAVKA] => 3
            [KOLICINA_SIFRA] => 0
            [DATUM] => 2020-12-07 00:00:00
            [TEXT_GRESKE] => 
            [KNJIZENO_KARTICA] => 
            [KNJIZENO_GLKNJIGA] => 
            [ZAKJUCANI_DN] => NE
        )

)

