2020-12-14 12:22:52 - &idfirma=1
2020-12-14 12:22:52 - Array
(
    [narudzba] => Array
        (
            [CMS_ID] => KHR100
            [DATUM_VRIJEME] => 11.12.2020 10:32:08
            [NARUCITELJ_CMS_ID] => 1
            [NARUCITELJ_EMAIL] => desika.kolaric@gmail.com
            [NARUCITELJ_IME] => Đesika
            [NARUCITELJ_PREZIME] => Kolarić
            [NARUCITELJ_ADRESA] => Rade Končara 84, Novo Selo Rok
            [NARUCITELJ_MJESTO] => Čakovec
            [NARUCITELJ_POSTA] => 40000
            [NARUCITELJ_TELEFON] => 0913561788
            [NARUCITELJ_NAZIV] => 
            [NARUCITELJ_OIB] => 
            [NARUCITELJ_VAT] => 
            [NARUCITELJ_ZEMLJA] => HRV
            [DOSTAVA_IME_PREZIME] => Đesika Kolarić
            [DOSTAVA_ADRESA] => Rade Končara 84, Novo Selo Rok
            [DOSTAVA_MJESTO] => Čakovec
            [DOSTAVA_POSTA] => 40000
            [NAPOMENA] => 
            [VALUTA] => 191
            [IZNOS_UKUPNO] => 219.00
            [TECAJ] => 1
        )

    [stavke] => Array
        (
            [0] => Array
                (
                    [IDROBA] => US00000203
                    [KOLICINA] => 1
                    [CIJENA] => 35
                    [RABAT] => 0
                    [IZNOS] => 35
                )

            [1] => Array
                (
                    [IDROBA] => M7055.M
                    [KOLICINA] => 1
                    [CIJENA] => 92.00
                    [RABAT] => 0
                    [IZNOS] => 92.00
                )

            [2] => Array
                (
                    [IDROBA] => M7065.M
                    [KOLICINA] => 1
                    [CIJENA] => 92.00
                    [RABAT] => 0
                    [IZNOS] => 92.00
                )

        )

)

2020-12-14 12:22:53 - Array
(
    [creating] => start
    [ZAPIS] => Array
        (
            [IDDOK] => NAW
            [BROJDOK] => 87
            [STAVAKA] => 3
            [STAVKA] => 3
            [KOLICINA_SIFRA] => 0
            [DATUM] => 2020-12-14 00:00:00
            [TEXT_GRESKE] => 
            [KNJIZENO_KARTICA] => 
            [KNJIZENO_GLKNJIGA] => 
            [ZAKJUCANI_DN] => NE
        )

)

