2020-12-07 13:30:37 - &idfirma=1
2020-12-07 13:30:37 - Array
(
    [narudzba] => Array
        (
            [CMS_ID] => KHR70
            [DATUM_VRIJEME] => 04.12.2020 17:22:42
            [NARUCITELJ_CMS_ID] => 1
            [NARUCITELJ_EMAIL] => nadaandrosic53@gmail.com
            [NARUCITELJ_IME] => Nada
            [NARUCITELJ_PREZIME] => Androšić
            [NARUCITELJ_ADRESA] => Dr Ive Stipčića 21
            [NARUCITELJ_MJESTO] => Sisak
            [NARUCITELJ_POSTA] => 44000
            [NARUCITELJ_TELEFON] => 00385912183115
            [NARUCITELJ_NAZIV] => 
            [NARUCITELJ_OIB] => 
            [NARUCITELJ_VAT] => 
            [NARUCITELJ_ZEMLJA] => HRV
            [DOSTAVA_IME_PREZIME] => Nada Androšić
            [DOSTAVA_ADRESA] => Dr Ive Stipčića 21
            [DOSTAVA_MJESTO] => Sisak
            [DOSTAVA_POSTA] => 44000
            [NAPOMENA] => 
            [VALUTA] => 191
            [IZNOS_UKUPNO] => 143.00
            [TECAJ] => 1
        )

    [stavke] => Array
        (
            [0] => Array
                (
                    [IDROBA] => US00000203
                    [KOLICINA] => 1
                    [CIJENA] => 35
                    [RABAT] => 0
                    [IZNOS] => 35
                )

            [1] => Array
                (
                    [IDROBA] => M7040.XL
                    [KOLICINA] => 1
                    [CIJENA] => 108.00
                    [RABAT] => 0
                    [IZNOS] => 108.00
                )

        )

)

2020-12-07 13:30:38 - Array
(
    [creating] => start
    [ZAPIS] => Array
        (
            [IDDOK] => NAW
            [BROJDOK] => 52
            [STAVAKA] => 2
            [STAVKA] => 2
            [KOLICINA_SIFRA] => 0
            [DATUM] => 2020-12-07 00:00:00
            [TEXT_GRESKE] => 
            [KNJIZENO_KARTICA] => 
            [KNJIZENO_GLKNJIGA] => 
            [ZAKJUCANI_DN] => NE
        )

)

