2020-12-14 12:22:52 - Array
(
    [order_id] => 100
    [invoice_no] => 0
    [invoice_prefix] => INV-2020-00
    [store_id] => 0
    [store_name] => KOZO UNDERWEAR
    [store_url] => https://www.kozo-underwear.hr/
    [customer_id] => 76
    [customer_group_id] => 1
    [firstname] => Đesika
    [lastname] => Kolarić
    [email] => desika.kolaric@gmail.com
    [telephone] => 0913561788
    [fax] => 
    [custom_field] => 
    [payment_firstname] => Đesika
    [payment_lastname] => Kolarić
    [payment_company] => 
    [payment_address_1] => Rade Končara 84, Novo Selo Rok
    [payment_address_2] => 
    [payment_city] => Čakovec
    [payment_postcode] => 40000
    [payment_country] => Croatia
    [payment_country_id] => 53
    [payment_zone] => Bjelovarsko-bilogorska
    [payment_zone_id] => 847
    [payment_address_format] => 
    [payment_custom_field] => 
    [payment_method] => Bankovna transakcija (internet bankarstvo)
    [payment_code] => bank_transfer
    [shipping_firstname] => Đesika
    [shipping_lastname] => Kolarić
    [shipping_company] => 
    [shipping_address_1] => Rade Končara 84, Novo Selo Rok
    [shipping_address_2] => 
    [shipping_city] => Čakovec
    [shipping_postcode] => 40000
    [shipping_country] => Croatia
    [shipping_country_id] => 53
    [shipping_zone] => Bjelovarsko-bilogorska
    [shipping_zone_id] => 847
    [shipping_address_format] => 
    [shipping_custom_field] => 
    [shipping_method] => Dostava Intereuropa Hrvatska - Besplatna dostava za narudžbe iznad 350kn
    [shipping_code] => ultimate_shipping.ultimate_shipping_0
    [comment] => 
    [total] => 219.0000
    [order_status_id] => 1
    [affiliate_id] => 0
    [commission] => 0.0000
    [marketing_id] => 0
    [tracking] => 
    [language_id] => 2
    [currency_id] => 4
    [currency_code] => HRK
    [currency_value] => 1.00000000
    [ip] => 188.252.196.35
    [forwarded_ip] => 
    [user_agent] => Mozilla/5.0 (Windows NT 10.0; Win64; x64) AppleWebKit/537.36 (KHTML, like Gecko) Chrome/87.0.4280.88 Safari/537.36
    [accept_language] => en-US,en;q=0.9
    [paid_order] => 0
    [intereuropa] => 1
    [date_added] => 2020-12-11 10:29:15
    [date_modified] => 2020-12-11 10:32:08
    [products] => Array
        (
            [0] => Array
                (
                    [order_product_id] => 273
                    [order_id] => 100
                    [product_id] => 120
                    [name] => MUŠKE BOKSERICE BIJELE
                    [model] => M7055
                    [quantity] => 1
                    [price] => 92.0000
                    [total] => 92.0000
                    [tax] => 0.0000
                    [reward] => 0
                    [option] => Array
                        (
                            [order_option_id] => 241
                            [order_id] => 100
                            [order_product_id] => 273
                            [product_option_id] => 283
                            [product_option_value_id] => 296
                            [name] => Veličina
                            [value] => M
                            [type] => radio
                            [sku] => 
                            [option_data] => Array
                                (
                                    [product_option_value_id] => 296
                                    [product_option_id] => 283
                                    [product_id] => 120
                                    [option_id] => 13
                                    [option_value_id] => 51
                                    [quantity] => 99
                                    [subtract] => 1
                                    [price] => 0.0000
                                    [price_prefix] => 
                                    [points] => 0
                                    [points_prefix] => +
                                    [weight] => 0.00000000
                                    [weight_prefix] => +
                                    [sku] => M7055.M
                                )

                        )

                )

            [1] => Array
                (
                    [order_product_id] => 274
                    [order_id] => 100
                    [product_id] => 132
                    [name] => MUŠKE BOKSERICE CRNE
                    [model] => M7065
                    [quantity] => 1
                    [price] => 92.0000
                    [total] => 92.0000
                    [tax] => 0.0000
                    [reward] => 0
                    [option] => Array
                        (
                            [order_option_id] => 242
                            [order_id] => 100
                            [order_product_id] => 274
                            [product_option_id] => 295
                            [product_option_value_id] => 366
                            [name] => Veličina
                            [value] => M
                            [type] => radio
                            [sku] => 
                            [option_data] => Array
                                (
                                    [product_option_value_id] => 366
                                    [product_option_id] => 295
                                    [product_id] => 132
                                    [option_id] => 13
                                    [option_value_id] => 51
                                    [quantity] => 99
                                    [subtract] => 1
                                    [price] => 0.0000
                                    [price_prefix] => 
                                    [points] => 0
                                    [points_prefix] => +
                                    [weight] => 0.00000000
                                    [weight_prefix] => +
                                    [sku] => M7065.M
                                )

                        )

                )

        )

    [totals] => Array
        (
            [0] => Array
                (
                    [order_total_id] => 333
                    [order_id] => 100
                    [code] => sub_total
                    [title] => Među suma
                    [value] => 184.0000
                    [sort_order] => 1
                )

            [1] => Array
                (
                    [order_total_id] => 334
                    [order_id] => 100
                    [code] => shipping
                    [title] => Dostava Intereuropa Hrvatska - Besplatna dostava za narudžbe iznad 350kn
                    [value] => 35.0000
                    [sort_order] => 3
                )

            [2] => Array
                (
                    [order_total_id] => 335
                    [order_id] => 100
                    [code] => total
                    [title] => Ukupno
                    [value] => 219.0000
                    [sort_order] => 9
                )

        )

    [status] => Array
        (
            [order_status_id] => 1
            [language_id] => 1
            [name] => Pending
        )

)

2020-12-14 12:22:52 - Array
(
    [narudzba] => Array
        (
            [CMS_ID] => KHR100
            [DATUM_VRIJEME] => 11.12.2020 10:32:08
            [NARUCITELJ_CMS_ID] => 1
            [NARUCITELJ_EMAIL] => desika.kolaric@gmail.com
            [NARUCITELJ_IME] => Đesika
            [NARUCITELJ_PREZIME] => Kolarić
            [NARUCITELJ_ADRESA] => Rade Končara 84, Novo Selo Rok
            [NARUCITELJ_MJESTO] => Čakovec
            [NARUCITELJ_POSTA] => 40000
            [NARUCITELJ_TELEFON] => 0913561788
            [NARUCITELJ_NAZIV] => 
            [NARUCITELJ_OIB] => 
            [NARUCITELJ_VAT] => 
            [NARUCITELJ_ZEMLJA] => HRV
            [DOSTAVA_IME_PREZIME] => Đesika Kolarić
            [DOSTAVA_ADRESA] => Rade Končara 84, Novo Selo Rok
            [DOSTAVA_MJESTO] => Čakovec
            [DOSTAVA_POSTA] => 40000
            [NAPOMENA] => 
            [VALUTA] => 191
            [IZNOS_UKUPNO] => 219.00
            [TECAJ] => 1
        )

    [stavke] => Array
        (
            [0] => Array
                (
                    [IDROBA] => US00000203
                    [KOLICINA] => 1
                    [CIJENA] => 35
                    [RABAT] => 0
                    [IZNOS] => 35
                )

            [1] => Array
                (
                    [IDROBA] => M7055.M
                    [KOLICINA] => 1
                    [CIJENA] => 92.00
                    [RABAT] => 0
                    [IZNOS] => 92.00
                )

            [2] => Array
                (
                    [IDROBA] => M7065.M
                    [KOLICINA] => 1
                    [CIJENA] => 92.00
                    [RABAT] => 0
                    [IZNOS] => 92.00
                )

        )

)

2020-12-14 12:22:53 - Illuminate\Support\Collection Object
(
    [items:protected] => Array
        (
            [creating] => start
            [ZAPIS] => Array
                (
                    [IDDOK] => NAW
                    [BROJDOK] => 87
                    [STAVAKA] => 3
                    [STAVKA] => 3
                    [KOLICINA_SIFRA] => 0
                    [DATUM] => 2020-12-14 00:00:00
                    [TEXT_GRESKE] => 
                    [KNJIZENO_KARTICA] => 
                    [KNJIZENO_GLKNJIGA] => 
                    [ZAKJUCANI_DN] => NE
                )

        )

)

