2020-12-10 11:57:47 - Array
(
    [order_id] => 81
    [invoice_no] => 0
    [invoice_prefix] => INV-2020-00
    [store_id] => 0
    [store_name] => KOZO UNDERWEAR
    [store_url] => https://www.kozo-underwear.hr/
    [customer_id] => 63
    [customer_group_id] => 1
    [firstname] => Zvjezdana 
    [lastname] => Orzes
    [email] => zvjezdana.orzes@gmail.com
    [telephone] => 0981722524
    [fax] => 
    [custom_field] => 
    [payment_firstname] => Zvjezdana 
    [payment_lastname] => Orzes
    [payment_company] => 
    [payment_address_1] => Kneza Branimira 44
    [payment_address_2] => 
    [payment_city] => Pakrac
    [payment_postcode] => 34550
    [payment_country] => Croatia
    [payment_country_id] => 53
    [payment_zone] => Bjelovarsko-bilogorska
    [payment_zone_id] => 847
    [payment_address_format] => 
    [payment_custom_field] => 
    [payment_method] => Bankovna transakcija (internet bankarstvo)
    [payment_code] => bank_transfer
    [shipping_firstname] => Zvjezdana 
    [shipping_lastname] => Orzes
    [shipping_company] => 
    [shipping_address_1] => Kneza Branimira 44
    [shipping_address_2] => 
    [shipping_city] => Pakrac
    [shipping_postcode] => 34550
    [shipping_country] => Croatia
    [shipping_country_id] => 53
    [shipping_zone] => Bjelovarsko-bilogorska
    [shipping_zone_id] => 847
    [shipping_address_format] => 
    [shipping_custom_field] => 
    [shipping_method] => Dostava Intereuropa Hrvatska - Besplatna dostava za narudžbe iznad 350kn
    [shipping_code] => ultimate_shipping.ultimate_shipping_0
    [comment] => 
    [total] => 227.0000
    [order_status_id] => 1
    [affiliate_id] => 0
    [commission] => 0.0000
    [marketing_id] => 0
    [tracking] => 
    [language_id] => 2
    [currency_id] => 4
    [currency_code] => HRK
    [currency_value] => 1.00000000
    [ip] => 89.172.235.128
    [forwarded_ip] => 
    [user_agent] => Mozilla/5.0 (Linux; Android 10; SAMSUNG SM-A505FN) AppleWebKit/537.36 (KHTML, like Gecko) SamsungBrowser/13.0 Chrome/83.0.4103.106 Mobile Safari/537.36
    [accept_language] => hr-HR,hr;q=0.9,en-US;q=0.8,en;q=0.7
    [paid_order] => 0
    [intereuropa] => 1
    [date_added] => 2020-12-09 09:15:25
    [date_modified] => 2020-12-09 09:17:54
    [products] => Array
        (
            [0] => Array
                (
                    [order_product_id] => 203
                    [order_id] => 81
                    [product_id] => 82
                    [name] => MUŠKE BOKSERICE HIPSTER CRNE
                    [model] => M7013
                    [quantity] => 1
                    [price] => 100.0000
                    [total] => 100.0000
                    [tax] => 0.0000
                    [reward] => 0
                    [option] => Array
                        (
                            [order_option_id] => 180
                            [order_id] => 81
                            [order_product_id] => 203
                            [product_option_id] => 245
                            [product_option_value_id] => 111
                            [name] => Veličina
                            [value] => XL
                            [type] => radio
                            [sku] => 
                            [option_data] => Array
                                (
                                    [product_option_value_id] => 111
                                    [product_option_id] => 245
                                    [product_id] => 82
                                    [option_id] => 13
                                    [option_value_id] => 49
                                    [quantity] => 100
                                    [subtract] => 1
                                    [price] => 0.0000
                                    [price_prefix] => 
                                    [points] => 0
                                    [points_prefix] => +
                                    [weight] => 0.00000000
                                    [weight_prefix] => +
                                    [sku] => M7013.XL
                                )

                        )

                )

            [1] => Array
                (
                    [order_product_id] => 204
                    [order_id] => 81
                    [product_id] => 142
                    [name] => MUŠKE BOKSERICE HIPSTER TAMNO PLAVE
                    [model] => M7076
                    [quantity] => 1
                    [price] => 92.0000
                    [total] => 92.0000
                    [tax] => 0.0000
                    [reward] => 0
                    [option] => Array
                        (
                            [order_option_id] => 181
                            [order_id] => 81
                            [order_product_id] => 204
                            [product_option_id] => 305
                            [product_option_value_id] => 422
                            [name] => Veličina
                            [value] => XL
                            [type] => radio
                            [sku] => 
                            [option_data] => Array
                                (
                                    [product_option_value_id] => 422
                                    [product_option_id] => 305
                                    [product_id] => 142
                                    [option_id] => 13
                                    [option_value_id] => 49
                                    [quantity] => 100
                                    [subtract] => 1
                                    [price] => 0.0000
                                    [price_prefix] => 
                                    [points] => 0
                                    [points_prefix] => +
                                    [weight] => 0.00000000
                                    [weight_prefix] => +
                                    [sku] => M7076.XL
                                )

                        )

                )

        )

    [totals] => Array
        (
            [0] => Array
                (
                    [order_total_id] => 265
                    [order_id] => 81
                    [code] => sub_total
                    [title] => Među suma
                    [value] => 192.0000
                    [sort_order] => 1
                )

            [1] => Array
                (
                    [order_total_id] => 266
                    [order_id] => 81
                    [code] => shipping
                    [title] => Dostava Intereuropa Hrvatska - Besplatna dostava za narudžbe iznad 350kn
                    [value] => 35.0000
                    [sort_order] => 3
                )

            [2] => Array
                (
                    [order_total_id] => 267
                    [order_id] => 81
                    [code] => total
                    [title] => Ukupno
                    [value] => 227.0000
                    [sort_order] => 9
                )

        )

    [status] => Array
        (
            [order_status_id] => 1
            [language_id] => 1
            [name] => Pending
        )

)

2020-12-10 11:57:47 - Array
(
    [narudzba] => Array
        (
            [CMS_ID] => KHR81
            [DATUM_VRIJEME] => 09.12.2020 09:17:54
            [NARUCITELJ_CMS_ID] => 1
            [NARUCITELJ_EMAIL] => zvjezdana.orzes@gmail.com
            [NARUCITELJ_IME] => Zvjezdana 
            [NARUCITELJ_PREZIME] => Orzes
            [NARUCITELJ_ADRESA] => Kneza Branimira 44
            [NARUCITELJ_MJESTO] => Pakrac
            [NARUCITELJ_POSTA] => 34550
            [NARUCITELJ_TELEFON] => 0981722524
            [NARUCITELJ_NAZIV] => 
            [NARUCITELJ_OIB] => 
            [NARUCITELJ_VAT] => 
            [NARUCITELJ_ZEMLJA] => HRV
            [DOSTAVA_IME_PREZIME] => Zvjezdana  Orzes
            [DOSTAVA_ADRESA] => Kneza Branimira 44
            [DOSTAVA_MJESTO] => Pakrac
            [DOSTAVA_POSTA] => 34550
            [NAPOMENA] => 
            [VALUTA] => 191
            [IZNOS_UKUPNO] => 227.00
            [TECAJ] => 1
        )

    [stavke] => Array
        (
            [0] => Array
                (
                    [IDROBA] => US00000203
                    [KOLICINA] => 1
                    [CIJENA] => 35
                    [RABAT] => 0
                    [IZNOS] => 35
                )

            [1] => Array
                (
                    [IDROBA] => M7013.XL
                    [KOLICINA] => 1
                    [CIJENA] => 100.00
                    [RABAT] => 0
                    [IZNOS] => 100.00
                )

            [2] => Array
                (
                    [IDROBA] => M7076.XL
                    [KOLICINA] => 1
                    [CIJENA] => 92.00
                    [RABAT] => 0
                    [IZNOS] => 92.00
                )

        )

)

2020-12-10 11:57:48 - Illuminate\Support\Collection Object
(
    [items:protected] => Array
        (
            [creating] => start
            [ZAPIS] => Array
                (
                    [IDDOK] => NAW
                    [BROJDOK] => 69
                    [STAVAKA] => 3
                    [STAVKA] => 3
                    [KOLICINA_SIFRA] => 0
                    [DATUM] => 2020-12-10 00:00:00
                    [TEXT_GRESKE] => 
                    [KNJIZENO_KARTICA] => 
                    [KNJIZENO_GLKNJIGA] => 
                    [ZAKJUCANI_DN] => NE
                )

        )

)

