2020-12-18 12:25:40 - Array
(
    [order_id] => 128
    [invoice_no] => 0
    [invoice_prefix] => INV-2020-00
    [store_id] => 0
    [store_name] => KOZO UNDERWEAR
    [store_url] => https://www.kozo-underwear.hr/
    [customer_id] => 100
    [customer_group_id] => 1
    [firstname] => Darko
    [lastname] => Kesteli
    [email] => darkocro73@gmail.com
    [telephone] => 0915158381
    [fax] => 
    [custom_field] => 
    [payment_firstname] => Darko
    [payment_lastname] => Kesteli
    [payment_company] => 
    [payment_address_1] => Tarašćice 17a
    [payment_address_2] => 
    [payment_city] => Koprivnica
    [payment_postcode] => 48000
    [payment_country] => Croatia
    [payment_country_id] => 53
    [payment_zone] => HR
    [payment_zone_id] => 848
    [payment_address_format] => 
    [payment_custom_field] => 
    [payment_method] => Plaćanje pouzećem
    [payment_code] => cod
    [shipping_firstname] => Darko
    [shipping_lastname] => Kesteli
    [shipping_company] => 
    [shipping_address_1] => Tarašćice 17a
    [shipping_address_2] => 
    [shipping_city] => Koprivnica
    [shipping_postcode] => 48000
    [shipping_country] => Croatia
    [shipping_country_id] => 53
    [shipping_zone] => HR
    [shipping_zone_id] => 848
    [shipping_address_format] => 
    [shipping_custom_field] => 
    [shipping_method] => Dostava Intereuropa Hrvatska - Besplatna dostava za narudžbe iznad 350kn
    [shipping_code] => ultimate_shipping.ultimate_shipping_0
    [comment] => 
    [total] => 141.4000
    [order_status_id] => 1
    [affiliate_id] => 0
    [commission] => 0.0000
    [marketing_id] => 0
    [tracking] => 
    [language_id] => 2
    [currency_id] => 4
    [currency_code] => HRK
    [currency_value] => 1.00000000
    [ip] => 213.149.62.229
    [forwarded_ip] => 
    [user_agent] => Mozilla/5.0 (iPhone; CPU iPhone OS 14_2 like Mac OS X) AppleWebKit/605.1.15 (KHTML, like Gecko) Version/14.0.1 Mobile/15E148 Safari/604.1
    [accept_language] => hr-hr
    [paid_order] => 0
    [intereuropa] => 1
    [date_added] => 2020-12-17 12:39:17
    [date_modified] => 2020-12-17 12:39:26
    [products] => Array
        (
            [0] => Array
                (
                    [order_product_id] => 348
                    [order_id] => 128
                    [product_id] => 115
                    [name] => MUŠKE GAĆE SLIP PRINT KOKOS
                    [model] => M7048
                    [quantity] => 1
                    [price] => 106.4000
                    [total] => 106.4000
                    [tax] => 0.0000
                    [reward] => 0
                    [option] => Array
                        (
                            [order_option_id] => 309
                            [order_id] => 128
                            [order_product_id] => 348
                            [product_option_id] => 278
                            [product_option_value_id] => 270
                            [name] => Veličina
                            [value] => M
                            [type] => radio
                            [sku] => 
                            [option_data] => Array
                                (
                                    [product_option_value_id] => 270
                                    [product_option_id] => 278
                                    [product_id] => 115
                                    [option_id] => 13
                                    [option_value_id] => 51
                                    [quantity] => 99
                                    [subtract] => 1
                                    [price] => 0.0000
                                    [price_prefix] => 
                                    [points] => 0
                                    [points_prefix] => +
                                    [weight] => 0.00000000
                                    [weight_prefix] => +
                                    [sku] => M7048.M
                                )

                        )

                )

        )

    [totals] => Array
        (
            [0] => Array
                (
                    [order_total_id] => 426
                    [order_id] => 128
                    [code] => sub_total
                    [title] => Među suma
                    [value] => 106.4000
                    [sort_order] => 1
                )

            [1] => Array
                (
                    [order_total_id] => 427
                    [order_id] => 128
                    [code] => shipping
                    [title] => Dostava Intereuropa Hrvatska - Besplatna dostava za narudžbe iznad 350kn
                    [value] => 35.0000
                    [sort_order] => 3
                )

            [2] => Array
                (
                    [order_total_id] => 428
                    [order_id] => 128
                    [code] => total
                    [title] => Ukupno
                    [value] => 141.4000
                    [sort_order] => 9
                )

        )

    [status] => Array
        (
            [order_status_id] => 1
            [language_id] => 1
            [name] => Pending
        )

)

2020-12-18 12:25:40 - Array
(
    [narudzba] => Array
        (
            [CMS_ID] => KHR128
            [DATUM_VRIJEME] => 17.12.2020 12:39:26
            [NARUCITELJ_CMS_ID] => 1
            [NARUCITELJ_EMAIL] => darkocro73@gmail.com
            [NARUCITELJ_IME] => Darko
            [NARUCITELJ_PREZIME] => Kesteli
            [NARUCITELJ_ADRESA] => Tarašćice 17a
            [NARUCITELJ_MJESTO] => Koprivnica
            [NARUCITELJ_POSTA] => 48000
            [NARUCITELJ_TELEFON] => 0915158381
            [NARUCITELJ_NAZIV] => 
            [NARUCITELJ_OIB] => 
            [NARUCITELJ_VAT] => 
            [NARUCITELJ_ZEMLJA] => HRV
            [DOSTAVA_IME_PREZIME] => Darko Kesteli
            [DOSTAVA_ADRESA] => Tarašćice 17a
            [DOSTAVA_MJESTO] => Koprivnica
            [DOSTAVA_POSTA] => 48000
            [NAPOMENA] => 
            [VALUTA] => 191
            [IZNOS_UKUPNO] => 141.40
            [TECAJ] => 1
        )

    [stavke] => Array
        (
            [0] => Array
                (
                    [IDROBA] => US00000203
                    [KOLICINA] => 1
                    [CIJENA] => 35
                    [RABAT] => 0
                    [IZNOS] => 35
                )

            [1] => Array
                (
                    [IDROBA] => M7048.M
                    [KOLICINA] => 1
                    [CIJENA] => 106.40
                    [RABAT] => 0
                    [IZNOS] => 106.40
                )

        )

)

2020-12-18 12:25:41 - Illuminate\Support\Collection Object
(
    [items:protected] => Array
        (
            [creating] => start
            [ZAPIS] => Array
                (
                    [IDDOK] => NAW
                    [BROJDOK] => 107
                    [STAVAKA] => 2
                    [STAVKA] => 2
                    [KOLICINA_SIFRA] => 0
                    [DATUM] => 2020-12-18 00:00:00
                    [TEXT_GRESKE] => 
                    [KNJIZENO_KARTICA] => 
                    [KNJIZENO_GLKNJIGA] => 
                    [ZAKJUCANI_DN] => NE
                )

        )

)

