2020-12-02 8:02:02 - &idfirma=1
2020-12-02 8:02:02 - Array
(
    [narudzba] => Array
        (
            [CMS_ID] => KHR33
            [DATUM_VRIJEME] => 26.11.2020 07:28:28
            [NARUCITELJ_CMS_ID] => 1
            [NARUCITELJ_EMAIL] => robert@unicom.hr
            [NARUCITELJ_IME] => Robert
            [NARUCITELJ_PREZIME] => Kanski
            [NARUCITELJ_ADRESA] => Travnička-jug 1
            [NARUCITELJ_MJESTO] => Čakovec
            [NARUCITELJ_POSTA] => 40000
            [NARUCITELJ_TELEFON] => 0989359915
            [NARUCITELJ_NAZIV] => 
            [NARUCITELJ_OIB] => 
            [NARUCITELJ_VAT] => 
            [NARUCITELJ_ZEMLJA] => HRV
            [DOSTAVA_IME_PREZIME] => Unicom doo Kanski
            [DOSTAVA_ADRESA] => Trravnička-jug 1
            [DOSTAVA_MJESTO] => Čakovec
            [DOSTAVA_POSTA] => 40000
            [NAPOMENA] => Order Comments: Isporuka u poduzeće Unicom d.o.o., prezime Kanski
            [VALUTA] => 191
            [IZNOS_UKUPNO] => 143.00
            [TECAJ] => 1
        )

    [stavke] => Array
        (
            [0] => Array
                (
                    [IDROBA] => US00000203
                    [KOLICINA] => 1
                    [CIJENA] => 35
                    [RABAT] => 0
                    [IZNOS] => 35
                )

            [1] => Array
                (
                    [IDROBA] => M7043.L
                    [KOLICINA] => 1
                    [CIJENA] => 108.00
                    [RABAT] => 0
                    [IZNOS] => 108.00
                )

        )

)

2020-12-02 8:02:09 - Array
(
    [creating] => start
    [ZAPIS] => Array
        (
            [IDDOK] => NAW
            [BROJDOK] => 39
            [STAVAKA] => 2
            [STAVKA] => 2
            [KOLICINA_SIFRA] => 0
            [DATUM] => 2020-12-02 00:00:00
            [TEXT_GRESKE] => 
            [KNJIZENO_KARTICA] => 
            [KNJIZENO_GLKNJIGA] => 
            [ZAKJUCANI_DN] => NE
        )

)

