2020-12-11 13:28:15 - &idfirma=1
2020-12-11 13:28:15 - Array
(
    [narudzba] => Array
        (
            [CMS_ID] => KHR97
            [DATUM_VRIJEME] => 10.12.2020 22:00:35
            [NARUCITELJ_CMS_ID] => 1
            [NARUCITELJ_EMAIL] => stjepanovicg@gmail.com
            [NARUCITELJ_IME] => Goran 
            [NARUCITELJ_PREZIME] => Stjepanović 
            [NARUCITELJ_ADRESA] => Novo Svibje 54
            [NARUCITELJ_MJESTO] => Sesvetski Kraljevec 
            [NARUCITELJ_POSTA] => 10361
            [NARUCITELJ_TELEFON] => 0992179862
            [NARUCITELJ_NAZIV] => 
            [NARUCITELJ_OIB] => 
            [NARUCITELJ_VAT] => 
            [NARUCITELJ_ZEMLJA] => HRV
            [DOSTAVA_IME_PREZIME] => Goran  Stjepanović 
            [DOSTAVA_ADRESA] => Novo Svibje 54
            [DOSTAVA_MJESTO] => Sesvetski Kraljevec 
            [DOSTAVA_POSTA] => 10361
            [NAPOMENA] => 
            [VALUTA] => 191
            [IZNOS_UKUPNO] => 227.00
            [TECAJ] => 1
        )

    [stavke] => Array
        (
            [0] => Array
                (
                    [IDROBA] => US00000203
                    [KOLICINA] => 1
                    [CIJENA] => 35
                    [RABAT] => 0
                    [IZNOS] => 35
                )

            [1] => Array
                (
                    [IDROBA] => M7036.L
                    [KOLICINA] => 1
                    [CIJENA] => 100.00
                    [RABAT] => 0
                    [IZNOS] => 100.00
                )

            [2] => Array
                (
                    [IDROBA] => M7080.L
                    [KOLICINA] => 1
                    [CIJENA] => 92.00
                    [RABAT] => 0
                    [IZNOS] => 92.00
                )

        )

)

2020-12-11 13:28:16 - Array
(
    [creating] => start
    [ZAPIS] => Array
        (
            [IDDOK] => NAW
            [BROJDOK] => 75
            [STAVAKA] => 3
            [STAVKA] => 3
            [KOLICINA_SIFRA] => 0
            [DATUM] => 2020-12-11 00:00:00
            [TEXT_GRESKE] => 
            [KNJIZENO_KARTICA] => 
            [KNJIZENO_GLKNJIGA] => 
            [ZAKJUCANI_DN] => NE
        )

)

