2020-12-23 13:46:01 - Array
(
    [order_id] => 156
    [invoice_no] => 0
    [invoice_prefix] => INV-2020-00
    [store_id] => 0
    [store_name] => KOZO UNDERWEAR
    [store_url] => https://www.kozo-underwear.hr/
    [customer_id] => 118
    [customer_group_id] => 1
    [firstname] => Ivan
    [lastname] => Ćorić
    [email] => ivancoric89@gmail.com
    [telephone] => +385958502003
    [fax] => 
    [custom_field] => 
    [payment_firstname] => Ivan
    [payment_lastname] => Ćorić
    [payment_company] => 
    [payment_address_1] => Crkvena ulica 65
    [payment_address_2] => 
    [payment_city] => Kutina
    [payment_postcode] => 44320
    [payment_country] => Croatia
    [payment_country_id] => 53
    [payment_zone] => HR
    [payment_zone_id] => 848
    [payment_address_format] => 
    [payment_custom_field] => 
    [payment_method] => Plaćanje pouzećem
    [payment_code] => cod
    [shipping_firstname] => Ivan
    [shipping_lastname] => Ćorić
    [shipping_company] => 
    [shipping_address_1] => Crkvena ulica 65
    [shipping_address_2] => 
    [shipping_city] => Kutina
    [shipping_postcode] => 44320
    [shipping_country] => Croatia
    [shipping_country_id] => 53
    [shipping_zone] => HR
    [shipping_zone_id] => 848
    [shipping_address_format] => 
    [shipping_custom_field] => 
    [shipping_method] => Dostava Intereuropa Hrvatska - Besplatna dostava za narudžbe iznad 350kn
    [shipping_code] => ultimate_shipping.ultimate_shipping_0
    [comment] => 
    [total] => 135.0000
    [order_status_id] => 1
    [affiliate_id] => 0
    [commission] => 0.0000
    [marketing_id] => 0
    [tracking] => 
    [language_id] => 2
    [currency_id] => 4
    [currency_code] => HRK
    [currency_value] => 1.00000000
    [ip] => 212.15.177.77
    [forwarded_ip] => 
    [user_agent] => Mozilla/5.0 (Linux; Android 10; SM-N975F Build/QP1A.190711.020; wv) AppleWebKit/537.36 (KHTML, like Gecko) Version/4.0 Chrome/84.0.4147.89 Mobile Safari/537.36 [FB_IAB/FB4A;FBAV/299.0.0.51.236;]
    [accept_language] => hr-HR,hr;q=0.9,en-US;q=0.8,en;q=0.7
    [paid_order] => 0
    [intereuropa] => 1
    [date_added] => 2020-12-22 15:05:23
    [date_modified] => 2020-12-22 15:05:32
    [products] => Array
        (
            [0] => Array
                (
                    [order_product_id] => 413
                    [order_id] => 156
                    [product_id] => 154
                    [name] => MUŠKE BOKSERICE PRINT HOHOHO
                    [model] => M7085
                    [quantity] => 1
                    [price] => 100.0000
                    [total] => 100.0000
                    [tax] => 0.0000
                    [reward] => 0
                    [option] => Array
                        (
                            [order_option_id] => 371
                            [order_id] => 156
                            [order_product_id] => 413
                            [product_option_id] => 317
                            [product_option_value_id] => 476
                            [name] => Veličina
                            [value] => XXL
                            [type] => radio
                            [sku] => 
                            [option_data] => Array
                                (
                                    [product_option_value_id] => 476
                                    [product_option_id] => 317
                                    [product_id] => 154
                                    [option_id] => 13
                                    [option_value_id] => 53
                                    [quantity] => 99
                                    [subtract] => 1
                                    [price] => 19.0000
                                    [price_prefix] => +
                                    [points] => 0
                                    [points_prefix] => +
                                    [weight] => 0.00000000
                                    [weight_prefix] => +
                                    [sku] => M7085.XXL
                                )

                        )

                )

        )

    [totals] => Array
        (
            [0] => Array
                (
                    [order_total_id] => 513
                    [order_id] => 156
                    [code] => sub_total
                    [title] => Među suma
                    [value] => 100.0000
                    [sort_order] => 1
                )

            [1] => Array
                (
                    [order_total_id] => 514
                    [order_id] => 156
                    [code] => shipping
                    [title] => Dostava Intereuropa Hrvatska - Besplatna dostava za narudžbe iznad 350kn
                    [value] => 35.0000
                    [sort_order] => 3
                )

            [2] => Array
                (
                    [order_total_id] => 515
                    [order_id] => 156
                    [code] => total
                    [title] => Ukupno
                    [value] => 135.0000
                    [sort_order] => 9
                )

        )

    [status] => Array
        (
            [order_status_id] => 1
            [language_id] => 1
            [name] => Pending
        )

)

2020-12-23 13:46:01 - Array
(
    [narudzba] => Array
        (
            [CMS_ID] => KHR156
            [DATUM_VRIJEME] => 22.12.2020 15:05:32
            [NARUCITELJ_CMS_ID] => 1
            [NARUCITELJ_EMAIL] => ivancoric89@gmail.com
            [NARUCITELJ_IME] => Ivan
            [NARUCITELJ_PREZIME] => Ćorić
            [NARUCITELJ_ADRESA] => Crkvena ulica 65
            [NARUCITELJ_MJESTO] => Kutina
            [NARUCITELJ_POSTA] => 44320
            [NARUCITELJ_TELEFON] => +385958502003
            [NARUCITELJ_NAZIV] => 
            [NARUCITELJ_OIB] => 
            [NARUCITELJ_VAT] => 
            [NARUCITELJ_ZEMLJA] => HRV
            [DOSTAVA_IME_PREZIME] => Ivan Ćorić
            [DOSTAVA_ADRESA] => Crkvena ulica 65
            [DOSTAVA_MJESTO] => Kutina
            [DOSTAVA_POSTA] => 44320
            [NAPOMENA] => 
            [VALUTA] => 191
            [IZNOS_UKUPNO] => 135.00
            [TECAJ] => 1
        )

    [stavke] => Array
        (
            [0] => Array
                (
                    [IDROBA] => US00000203
                    [KOLICINA] => 1
                    [CIJENA] => 35
                    [RABAT] => 0
                    [IZNOS] => 35
                )

            [1] => Array
                (
                    [IDROBA] => M7085.XXL
                    [KOLICINA] => 1
                    [CIJENA] => 100.00
                    [RABAT] => 0
                    [IZNOS] => 100.00
                )

        )

)

2020-12-23 13:46:02 - Illuminate\Support\Collection Object
(
    [items:protected] => Array
        (
            [creating] => start
            [ZAPIS] => Array
                (
                    [IDDOK] => NAW
                    [BROJDOK] => 121
                    [STAVAKA] => 2
                    [STAVKA] => 2
                    [KOLICINA_SIFRA] => 0
                    [DATUM] => 2020-12-23 00:00:00
                    [TEXT_GRESKE] => 
                    [KNJIZENO_KARTICA] => 
                    [KNJIZENO_GLKNJIGA] => 
                    [ZAKJUCANI_DN] => NE
                )

        )

)

