2020-12-09 13:39:16 - Array
(
    [order_id] => 80
    [invoice_no] => 0
    [invoice_prefix] => INV-2020-00
    [store_id] => 0
    [store_name] => KOZO UNDERWEAR
    [store_url] => https://www.kozo-underwear.hr/
    [customer_id] => 61
    [customer_group_id] => 1
    [firstname] => Melvin 
    [lastname] => Barešić 
    [email] => mbaresic01@gmail.com
    [telephone] => 0916350002
    [fax] => 
    [custom_field] => 
    [payment_firstname] => Melvin 
    [payment_lastname] => Barešić 
    [payment_company] => 
    [payment_address_1] => Brune Busica 34
    [payment_address_2] => 
    [payment_city] => Drage
    [payment_postcode] => 23211
    [payment_country] => Croatia
    [payment_country_id] => 53
    [payment_zone] => Bjelovarsko-bilogorska
    [payment_zone_id] => 847
    [payment_address_format] => 
    [payment_custom_field] => 
    [payment_method] => Plaćanje pouzećem
    [payment_code] => cod
    [shipping_firstname] => Melvin 
    [shipping_lastname] => Barešić 
    [shipping_company] => 
    [shipping_address_1] => Brune Busica 34
    [shipping_address_2] => 
    [shipping_city] => Drage
    [shipping_postcode] => 23211
    [shipping_country] => Croatia
    [shipping_country_id] => 53
    [shipping_zone] => Bjelovarsko-bilogorska
    [shipping_zone_id] => 847
    [shipping_address_format] => 
    [shipping_custom_field] => 
    [shipping_method] => Dostava Intereuropa Hrvatska - Besplatna dostava za narudžbe iznad 350kn
    [shipping_code] => ultimate_shipping.ultimate_shipping_0
    [comment] => 
    [total] => 186.0000
    [order_status_id] => 1
    [affiliate_id] => 0
    [commission] => 0.0000
    [marketing_id] => 0
    [tracking] => 
    [language_id] => 2
    [currency_id] => 4
    [currency_code] => HRK
    [currency_value] => 1.00000000
    [ip] => 93.143.51.146
    [forwarded_ip] => 
    [user_agent] => Mozilla/5.0 (Linux; Android 10; SAMSUNG SM-N986B) AppleWebKit/537.36 (KHTML, like Gecko) SamsungBrowser/13.0 Chrome/83.0.4103.106 Mobile Safari/537.36
    [accept_language] => hr-HR,hr;q=0.9,en-US;q=0.8,en;q=0.7
    [paid_order] => 0
    [intereuropa] => 1
    [date_added] => 2020-12-09 08:10:35
    [date_modified] => 2020-12-09 08:10:46
    [products] => Array
        (
            [0] => Array
                (
                    [order_product_id] => 201
                    [order_id] => 80
                    [product_id] => 100
                    [name] => MUŠKE BOKSERICE HIPSTER CRVENE
                    [model] => M7032
                    [quantity] => 1
                    [price] => 100.0000
                    [total] => 100.0000
                    [tax] => 0.0000
                    [reward] => 0
                    [option] => Array
                        (
                            [order_option_id] => 179
                            [order_id] => 80
                            [order_product_id] => 201
                            [product_option_id] => 263
                            [product_option_value_id] => 206
                            [name] => Veličina
                            [value] => XL
                            [type] => radio
                            [sku] => 
                            [option_data] => Array
                                (
                                    [product_option_value_id] => 206
                                    [product_option_id] => 263
                                    [product_id] => 100
                                    [option_id] => 13
                                    [option_value_id] => 49
                                    [quantity] => 100
                                    [subtract] => 1
                                    [price] => 0.0000
                                    [price_prefix] => 
                                    [points] => 0
                                    [points_prefix] => +
                                    [weight] => 0.00000000
                                    [weight_prefix] => +
                                    [sku] => M7032.XL
                                )

                        )

                )

            [1] => Array
                (
                    [order_product_id] => 202
                    [order_id] => 80
                    [product_id] => 169
                    [name] => SQUARES MASKA ZA LICE
                    [model] => P8012
                    [quantity] => 1
                    [price] => 51.0000
                    [total] => 51.0000
                    [tax] => 0.0000
                    [reward] => 0
                    [option] => 
                )

        )

    [totals] => Array
        (
            [0] => Array
                (
                    [order_total_id] => 262
                    [order_id] => 80
                    [code] => sub_total
                    [title] => Među suma
                    [value] => 151.0000
                    [sort_order] => 1
                )

            [1] => Array
                (
                    [order_total_id] => 263
                    [order_id] => 80
                    [code] => shipping
                    [title] => Dostava Intereuropa Hrvatska - Besplatna dostava za narudžbe iznad 350kn
                    [value] => 35.0000
                    [sort_order] => 3
                )

            [2] => Array
                (
                    [order_total_id] => 264
                    [order_id] => 80
                    [code] => total
                    [title] => Ukupno
                    [value] => 186.0000
                    [sort_order] => 9
                )

        )

    [status] => Array
        (
            [order_status_id] => 1
            [language_id] => 1
            [name] => Pending
        )

)

2020-12-09 13:39:16 - Array
(
    [narudzba] => Array
        (
            [CMS_ID] => KHR80
            [DATUM_VRIJEME] => 09.12.2020 08:10:46
            [NARUCITELJ_CMS_ID] => 1
            [NARUCITELJ_EMAIL] => mbaresic01@gmail.com
            [NARUCITELJ_IME] => Melvin 
            [NARUCITELJ_PREZIME] => Barešić 
            [NARUCITELJ_ADRESA] => Brune Busica 34
            [NARUCITELJ_MJESTO] => Drage
            [NARUCITELJ_POSTA] => 23211
            [NARUCITELJ_TELEFON] => 0916350002
            [NARUCITELJ_NAZIV] => 
            [NARUCITELJ_OIB] => 
            [NARUCITELJ_VAT] => 
            [NARUCITELJ_ZEMLJA] => HRV
            [DOSTAVA_IME_PREZIME] => Melvin  Barešić 
            [DOSTAVA_ADRESA] => Brune Busica 34
            [DOSTAVA_MJESTO] => Drage
            [DOSTAVA_POSTA] => 23211
            [NAPOMENA] => 
            [VALUTA] => 191
            [IZNOS_UKUPNO] => 186.00
            [TECAJ] => 1
        )

    [stavke] => Array
        (
            [0] => Array
                (
                    [IDROBA] => US00000203
                    [KOLICINA] => 1
                    [CIJENA] => 35
                    [RABAT] => 0
                    [IZNOS] => 35
                )

            [1] => Array
                (
                    [IDROBA] => M7032.XL
                    [KOLICINA] => 1
                    [CIJENA] => 100.00
                    [RABAT] => 0
                    [IZNOS] => 100.00
                )

            [2] => Array
                (
                    [IDROBA] => P8012
                    [KOLICINA] => 1
                    [CIJENA] => 51.00
                    [RABAT] => 0
                    [IZNOS] => 51.00
                )

        )

)

2020-12-09 13:39:24 - Illuminate\Support\Collection Object
(
    [items:protected] => Array
        (
            [creating] => start
            [ZAPIS] => Array
                (
                    [IDDOK] => NAW
                    [BROJDOK] => 59
                    [STAVAKA] => 3
                    [STAVKA] => 3
                    [KOLICINA_SIFRA] => 0
                    [DATUM] => 2020-12-09 00:00:00
                    [TEXT_GRESKE] => 
                    [KNJIZENO_KARTICA] => 
                    [KNJIZENO_GLKNJIGA] => 
                    [ZAKJUCANI_DN] => NE
                )

        )

)

