2020-12-03 12:40:55 - &idfirma=1
2020-12-03 12:40:55 - Array
(
    [narudzba] => Array
        (
            [CMS_ID] => KHR63
            [DATUM_VRIJEME] => 02.12.2020 10:14:27
            [NARUCITELJ_CMS_ID] => 1
            [NARUCITELJ_EMAIL] => matijaslani@gmail.com
            [NARUCITELJ_IME] => Matija
            [NARUCITELJ_PREZIME] => Slani
            [NARUCITELJ_ADRESA] => Ratka Petrovića 60
            [NARUCITELJ_MJESTO] => rijeka
            [NARUCITELJ_POSTA] => 51000
            [NARUCITELJ_TELEFON] => 0989467305
            [NARUCITELJ_NAZIV] => 
            [NARUCITELJ_OIB] => 
            [NARUCITELJ_VAT] => 
            [NARUCITELJ_ZEMLJA] => HRV
            [DOSTAVA_IME_PREZIME] => Borka Slani
            [DOSTAVA_ADRESA] => Maršala Tita 210
            [DOSTAVA_MJESTO] => opatija
            [DOSTAVA_POSTA] => 51410
            [NAPOMENA] => 
            [VALUTA] => 191
            [IZNOS_UKUPNO] => 127.00
            [TECAJ] => 1
        )

    [stavke] => Array
        (
            [0] => Array
                (
                    [IDROBA] => US00000203
                    [KOLICINA] => 1
                    [CIJENA] => 35
                    [RABAT] => 0
                    [IZNOS] => 35
                )

            [1] => Array
                (
                    [IDROBA] => M7053.L
                    [KOLICINA] => 1
                    [CIJENA] => 92.00
                    [RABAT] => 0
                    [IZNOS] => 92.00
                )

        )

)

2020-12-03 12:40:57 - Array
(
    [creating] => start
    [ZAPIS] => Array
        (
            [IDDOK] => NAW
            [BROJDOK] => 42
            [STAVAKA] => 2
            [STAVKA] => 2
            [KOLICINA_SIFRA] => 0
            [DATUM] => 2020-12-03 00:00:00
            [TEXT_GRESKE] => 
            [KNJIZENO_KARTICA] => 
            [KNJIZENO_GLKNJIGA] => 
            [ZAKJUCANI_DN] => NE
        )

)

