2020-12-08 11:51:21 - &idfirma=1
2020-12-08 11:51:21 - Array
(
    [narudzba] => Array
        (
            [CMS_ID] => KHR74
            [DATUM_VRIJEME] => 07.12.2020 09:08:09
            [NARUCITELJ_CMS_ID] => 1
            [NARUCITELJ_EMAIL] => gutpeter50@gmail.com
            [NARUCITELJ_IME] => Peter 
            [NARUCITELJ_PREZIME] => Gut 
            [NARUCITELJ_ADRESA] => Rudera Boskovica 48
            [NARUCITELJ_MJESTO] => Kotoriba 
            [NARUCITELJ_POSTA] => 40329
            [NARUCITELJ_TELEFON] => 040601385
            [NARUCITELJ_NAZIV] => 
            [NARUCITELJ_OIB] => 
            [NARUCITELJ_VAT] => 
            [NARUCITELJ_ZEMLJA] => HRV
            [DOSTAVA_IME_PREZIME] => Peter  Gut 
            [DOSTAVA_ADRESA] => Rudera Boskovica 48
            [DOSTAVA_MJESTO] => Kotoriba 
            [DOSTAVA_POSTA] => 40329
            [NAPOMENA] => 
            [VALUTA] => 191
            [IZNOS_UKUPNO] => 368.00
            [TECAJ] => 1
        )

    [stavke] => Array
        (
            [0] => Array
                (
                    [IDROBA] => US00000203
                    [KOLICINA] => 1
                    [CIJENA] => 0
                    [RABAT] => 0
                    [IZNOS] => 0
                )

            [1] => Array
                (
                    [IDROBA] => M7063.XL
                    [KOLICINA] => 4
                    [CIJENA] => 92.00
                    [RABAT] => 0
                    [IZNOS] => 368.00
                )

        )

)

2020-12-08 11:51:22 - Array
(
    [creating] => start
    [ZAPIS] => Array
        (
            [IDDOK] => NAW
            [BROJDOK] => 55
            [STAVAKA] => 2
            [STAVKA] => 2
            [KOLICINA_SIFRA] => 0
            [DATUM] => 2020-12-08 00:00:00
            [TEXT_GRESKE] => 
            [KNJIZENO_KARTICA] => 
            [KNJIZENO_GLKNJIGA] => 
            [ZAKJUCANI_DN] => NE
        )

)

