2020-12-03 12:51:43 - &idfirma=1
2020-12-03 12:51:43 - Array
(
    [narudzba] => Array
        (
            [CMS_ID] => KHR44
            [DATUM_VRIJEME] => 28.11.2020 08:25:01
            [NARUCITELJ_CMS_ID] => 1
            [NARUCITELJ_EMAIL] => martinatrstenjak1@gmail.com
            [NARUCITELJ_IME] => Martina 
            [NARUCITELJ_PREZIME] => Trstenjak 
            [NARUCITELJ_ADRESA] => Ivana Mažuranića 11
            [NARUCITELJ_MJESTO] => Kotoriba 
            [NARUCITELJ_POSTA] => 40329
            [NARUCITELJ_TELEFON] => 0981625767
            [NARUCITELJ_NAZIV] => 
            [NARUCITELJ_OIB] => 
            [NARUCITELJ_VAT] => 
            [NARUCITELJ_ZEMLJA] => HRV
            [DOSTAVA_IME_PREZIME] => Martina  Trstenjak 
            [DOSTAVA_ADRESA] => Ivana Mažuranića 11
            [DOSTAVA_MJESTO] => Kotoriba 
            [DOSTAVA_POSTA] => 40329
            [NAPOMENA] => 
            [VALUTA] => 191
            [IZNOS_UKUPNO] => 1136.80
            [TECAJ] => 1
        )

    [stavke] => Array
        (
            [0] => Array
                (
                    [IDROBA] => US00000203
                    [KOLICINA] => 1
                    [CIJENA] => 0
                    [RABAT] => 0
                    [IZNOS] => 0
                )

            [1] => Array
                (
                    [IDROBA] => M7040.M
                    [KOLICINA] => 2
                    [CIJENA] => 108.00
                    [RABAT] => 0
                    [IZNOS] => 216.00
                )

            [2] => Array
                (
                    [IDROBA] => M7040.S
                    [KOLICINA] => 1
                    [CIJENA] => 108.00
                    [RABAT] => 0
                    [IZNOS] => 108.00
                )

            [3] => Array
                (
                    [IDROBA] => M7043.S
                    [KOLICINA] => 1
                    [CIJENA] => 108.00
                    [RABAT] => 0
                    [IZNOS] => 108.00
                )

            [4] => Array
                (
                    [IDROBA] => M7046.S
                    [KOLICINA] => 1
                    [CIJENA] => 108.00
                    [RABAT] => 0
                    [IZNOS] => 108.00
                )

            [5] => Array
                (
                    [IDROBA] => M7049.M
                    [KOLICINA] => 2
                    [CIJENA] => 150.40
                    [RABAT] => 0
                    [IZNOS] => 300.80
                )

            [6] => Array
                (
                    [IDROBA] => P8011
                    [KOLICINA] => 1
                    [CIJENA] => 40.80
                    [RABAT] => 0
                    [IZNOS] => 40.80
                )

            [7] => Array
                (
                    [IDROBA] => M5009.S
                    [KOLICINA] => 1
                    [CIJENA] => 296.00
                    [RABAT] => 0
                    [IZNOS] => 296.00
                )

        )

)

2020-12-03 12:51:44 - Array
(
    [creating] => start
    [ZAPIS] => Array
        (
            [IDDOK] => NAW
            [BROJDOK] => 44
            [STAVAKA] => 8
            [STAVKA] => 8
            [KOLICINA_SIFRA] => 0
            [DATUM] => 2020-12-03 00:00:00
            [TEXT_GRESKE] => 
            [KNJIZENO_KARTICA] => 
            [KNJIZENO_GLKNJIGA] => 
            [ZAKJUCANI_DN] => NE
        )

)

