2020-12-16 12:23:24 - Array
(
    [order_id] => 122
    [invoice_no] => 0
    [invoice_prefix] => INV-2020-00
    [store_id] => 0
    [store_name] => KOZO UNDERWEAR
    [store_url] => https://www.kozo-underwear.hr/
    [customer_id] => 95
    [customer_group_id] => 1
    [firstname] => Darko
    [lastname] => Vlahović
    [email] => darkovlahovic5@gmail.com
    [telephone] => 0912521760
    [fax] => 
    [custom_field] => 
    [payment_firstname] => Darko
    [payment_lastname] => Vlahović
    [payment_company] => 
    [payment_address_1] => Draga 12
    [payment_address_2] => 
    [payment_city] => POREČ
    [payment_postcode] => 52440
    [payment_country] => Croatia
    [payment_country_id] => 53
    [payment_zone] => HR
    [payment_zone_id] => 848
    [payment_address_format] => 
    [payment_custom_field] => 
    [payment_method] => Plaćanje pouzećem
    [payment_code] => cod
    [shipping_firstname] => Darko
    [shipping_lastname] => Vlahović
    [shipping_company] => 
    [shipping_address_1] => Draga 12
    [shipping_address_2] => 
    [shipping_city] => POREČ
    [shipping_postcode] => 52440
    [shipping_country] => Croatia
    [shipping_country_id] => 53
    [shipping_zone] => HR
    [shipping_zone_id] => 848
    [shipping_address_format] => 
    [shipping_custom_field] => 
    [shipping_method] => Besplatna dostava Intereuropa Hrvatska
    [shipping_code] => ultimate_shipping.ultimate_shipping_0
    [comment] => 
    [total] => 393.0000
    [order_status_id] => 1
    [affiliate_id] => 0
    [commission] => 0.0000
    [marketing_id] => 0
    [tracking] => 
    [language_id] => 2
    [currency_id] => 4
    [currency_code] => HRK
    [currency_value] => 1.00000000
    [ip] => 77.216.123.246
    [forwarded_ip] => 
    [user_agent] => Mozilla/5.0 (Linux; Android 10; SM-N970F) AppleWebKit/537.36 (KHTML, like Gecko) Chrome/87.0.4280.101 Mobile Safari/537.36
    [accept_language] => en-US,en;q=0.9,bs;q=0.8,hr;q=0.7
    [paid_order] => 0
    [intereuropa] => 1
    [date_added] => 2020-12-16 07:51:44
    [date_modified] => 2020-12-16 07:52:05
    [products] => Array
        (
            [0] => Array
                (
                    [order_product_id] => 337
                    [order_id] => 122
                    [product_id] => 126
                    [name] => MUŠKE GAĆE SLIP CRNE
                    [model] => M7061
                    [quantity] => 5
                    [price] => 78.6000
                    [total] => 393.0000
                    [tax] => 0.0000
                    [reward] => 0
                    [option] => Array
                        (
                            [order_option_id] => 299
                            [order_id] => 122
                            [order_product_id] => 337
                            [product_option_id] => 289
                            [product_option_value_id] => 335
                            [name] => Veličina
                            [value] => XXXL
                            [type] => radio
                            [sku] => 
                            [option_data] => Array
                                (
                                    [product_option_value_id] => 335
                                    [product_option_id] => 289
                                    [product_id] => 126
                                    [option_id] => 13
                                    [option_value_id] => 54
                                    [quantity] => 95
                                    [subtract] => 1
                                    [price] => 13.0000
                                    [price_prefix] => +
                                    [points] => 0
                                    [points_prefix] => +
                                    [weight] => 0.00000000
                                    [weight_prefix] => +
                                    [sku] => M7061.XXXL
                                )

                        )

                )

        )

    [totals] => Array
        (
            [0] => Array
                (
                    [order_total_id] => 408
                    [order_id] => 122
                    [code] => sub_total
                    [title] => Među suma
                    [value] => 393.0000
                    [sort_order] => 1
                )

            [1] => Array
                (
                    [order_total_id] => 409
                    [order_id] => 122
                    [code] => shipping
                    [title] => Besplatna dostava Intereuropa Hrvatska
                    [value] => 0.0000
                    [sort_order] => 3
                )

            [2] => Array
                (
                    [order_total_id] => 410
                    [order_id] => 122
                    [code] => total
                    [title] => Ukupno
                    [value] => 393.0000
                    [sort_order] => 9
                )

        )

    [status] => Array
        (
            [order_status_id] => 1
            [language_id] => 1
            [name] => Pending
        )

)

2020-12-16 12:23:24 - Array
(
    [narudzba] => Array
        (
            [CMS_ID] => KHR122
            [DATUM_VRIJEME] => 16.12.2020 07:52:05
            [NARUCITELJ_CMS_ID] => 1
            [NARUCITELJ_EMAIL] => darkovlahovic5@gmail.com
            [NARUCITELJ_IME] => Darko
            [NARUCITELJ_PREZIME] => Vlahović
            [NARUCITELJ_ADRESA] => Draga 12
            [NARUCITELJ_MJESTO] => POREČ
            [NARUCITELJ_POSTA] => 52440
            [NARUCITELJ_TELEFON] => 0912521760
            [NARUCITELJ_NAZIV] => 
            [NARUCITELJ_OIB] => 
            [NARUCITELJ_VAT] => 
            [NARUCITELJ_ZEMLJA] => HRV
            [DOSTAVA_IME_PREZIME] => Darko Vlahović
            [DOSTAVA_ADRESA] => Draga 12
            [DOSTAVA_MJESTO] => POREČ
            [DOSTAVA_POSTA] => 52440
            [NAPOMENA] => 
            [VALUTA] => 191
            [IZNOS_UKUPNO] => 393.00
            [TECAJ] => 1
        )

    [stavke] => Array
        (
            [0] => Array
                (
                    [IDROBA] => US00000203
                    [KOLICINA] => 1
                    [CIJENA] => 0
                    [RABAT] => 0
                    [IZNOS] => 0
                )

            [1] => Array
                (
                    [IDROBA] => M7061.XXXL
                    [KOLICINA] => 5
                    [CIJENA] => 78.60
                    [RABAT] => 0
                    [IZNOS] => 393.00
                )

        )

)

2020-12-16 12:23:25 - Illuminate\Support\Collection Object
(
    [items:protected] => Array
        (
            [creating] => start
            [ZAPIS] => Array
                (
                    [IDDOK] => NAW
                    [BROJDOK] => 94
                    [STAVAKA] => 2
                    [STAVKA] => 2
                    [KOLICINA_SIFRA] => 0
                    [DATUM] => 2020-12-16 00:00:00
                    [TEXT_GRESKE] => 
                    [KNJIZENO_KARTICA] => 
                    [KNJIZENO_GLKNJIGA] => 
                    [ZAKJUCANI_DN] => NE
                )

        )

)

