2020-12-10 11:57:29 - &idfirma=1
2020-12-10 11:57:29 - Array
(
    [narudzba] => Array
        (
            [CMS_ID] => KHR87
            [DATUM_VRIJEME] => 09.12.2020 14:41:26
            [NARUCITELJ_CMS_ID] => 1
            [NARUCITELJ_EMAIL] => apartmanimilka@gmaiil.com
            [NARUCITELJ_IME] => Milka Matijević 
            [NARUCITELJ_PREZIME] => Matijević 
            [NARUCITELJ_ADRESA] => Ivana Buzolića 5
            [NARUCITELJ_MJESTO] => Hvar 
            [NARUCITELJ_POSTA] => 21450 
            [NARUCITELJ_TELEFON] => 0919038931 
            [NARUCITELJ_NAZIV] => 
            [NARUCITELJ_OIB] => 
            [NARUCITELJ_VAT] => 
            [NARUCITELJ_ZEMLJA] => HRV
            [DOSTAVA_IME_PREZIME] => Milka Matijević  Matijević 
            [DOSTAVA_ADRESA] => Ivana Buzolića 5
            [DOSTAVA_MJESTO] => Hvar 
            [DOSTAVA_POSTA] => 21450 
            [NAPOMENA] => 
            [VALUTA] => 191
            [IZNOS_UKUPNO] => 698.00
            [TECAJ] => 1
        )

    [stavke] => Array
        (
            [0] => Array
                (
                    [IDROBA] => US00000203
                    [KOLICINA] => 1
                    [CIJENA] => 0
                    [RABAT] => 0
                    [IZNOS] => 0
                )

            [1] => Array
                (
                    [IDROBA] => M5007.L
                    [KOLICINA] => 1
                    [CIJENA] => 116.00
                    [RABAT] => 0
                    [IZNOS] => 116.00
                )

            [2] => Array
                (
                    [IDROBA] => M5007.XL
                    [KOLICINA] => 1
                    [CIJENA] => 116.00
                    [RABAT] => 0
                    [IZNOS] => 116.00
                )

            [3] => Array
                (
                    [IDROBA] => M7084.L
                    [KOLICINA] => 1
                    [CIJENA] => 100.00
                    [RABAT] => 0
                    [IZNOS] => 100.00
                )

            [4] => Array
                (
                    [IDROBA] => P8013
                    [KOLICINA] => 1
                    [CIJENA] => 51.00
                    [RABAT] => 0
                    [IZNOS] => 51.00
                )

            [5] => Array
                (
                    [IDROBA] => P8011
                    [KOLICINA] => 1
                    [CIJENA] => 51.00
                    [RABAT] => 0
                    [IZNOS] => 51.00
                )

            [6] => Array
                (
                    [IDROBA] => P8012
                    [KOLICINA] => 1
                    [CIJENA] => 51.00
                    [RABAT] => 0
                    [IZNOS] => 51.00
                )

            [7] => Array
                (
                    [IDROBA] => M5010.XL
                    [KOLICINA] => 1
                    [CIJENA] => 264.00
                    [RABAT] => 0
                    [IZNOS] => 264.00
                )

        )

)

2020-12-10 11:57:30 - Array
(
    [creating] => start
    [ZAPIS] => Array
        (
            [IDDOK] => NAW
            [BROJDOK] => 67
            [STAVAKA] => 8
            [STAVKA] => 8
            [KOLICINA_SIFRA] => 0
            [DATUM] => 2020-12-10 00:00:00
            [TEXT_GRESKE] => 
            [KNJIZENO_KARTICA] => 
            [KNJIZENO_GLKNJIGA] => 
            [ZAKJUCANI_DN] => NE
        )

)

