2020-12-22 11:33:02 - Array
(
    [order_id] => 150
    [invoice_no] => 0
    [invoice_prefix] => INV-2020-00
    [store_id] => 0
    [store_name] => KOZO UNDERWEAR
    [store_url] => https://www.kozo-underwear.hr/
    [customer_id] => 100
    [customer_group_id] => 1
    [firstname] => Darko
    [lastname] => Kesteli
    [email] => darkocro73@gmail.com
    [telephone] => 0915158381
    [fax] => 
    [custom_field] => 
    [payment_firstname] => Darko
    [payment_lastname] => Kesteli
    [payment_company] => 
    [payment_address_1] => Tarašćice 17a
    [payment_address_2] => 
    [payment_city] => Koprivnica
    [payment_postcode] => 48000
    [payment_country] => Croatia
    [payment_country_id] => 53
    [payment_zone] => HR
    [payment_zone_id] => 848
    [payment_address_format] => 
    [payment_custom_field] => 
    [payment_method] => Plaćanje pouzećem
    [payment_code] => cod
    [shipping_firstname] => Darko
    [shipping_lastname] => Kesteli
    [shipping_company] => 
    [shipping_address_1] => Tarašćice 17a
    [shipping_address_2] => 
    [shipping_city] => Koprivnica
    [shipping_postcode] => 48000
    [shipping_country] => Croatia
    [shipping_country_id] => 53
    [shipping_zone] => HR
    [shipping_zone_id] => 848
    [shipping_address_format] => 
    [shipping_custom_field] => 
    [shipping_method] => Besplatna dostava Intereuropa Hrvatska
    [shipping_code] => ultimate_shipping.ultimate_shipping_0
    [comment] => 
    [total] => 370.4000
    [order_status_id] => 1
    [affiliate_id] => 0
    [commission] => 0.0000
    [marketing_id] => 0
    [tracking] => 
    [language_id] => 2
    [currency_id] => 4
    [currency_code] => HRK
    [currency_value] => 1.00000000
    [ip] => 213.149.51.157
    [forwarded_ip] => 
    [user_agent] => Mozilla/5.0 (iPhone; CPU iPhone OS 14_2 like Mac OS X) AppleWebKit/605.1.15 (KHTML, like Gecko) Version/14.0.1 Mobile/15E148 Safari/604.1
    [accept_language] => hr-hr
    [paid_order] => 0
    [intereuropa] => 1
    [date_added] => 2020-12-21 12:14:56
    [date_modified] => 2020-12-21 12:15:12
    [products] => Array
        (
            [0] => Array
                (
                    [order_product_id] => 395
                    [order_id] => 150
                    [product_id] => 114
                    [name] => MUŠKE GAĆE SLIP PRINT SQUARES
                    [model] => M7045
                    [quantity] => 1
                    [price] => 76.8000
                    [total] => 76.8000
                    [tax] => 0.0000
                    [reward] => 0
                    [option] => Array
                        (
                            [order_option_id] => 355
                            [order_id] => 150
                            [order_product_id] => 395
                            [product_option_id] => 277
                            [product_option_value_id] => 264
                            [name] => Veličina
                            [value] => M
                            [type] => radio
                            [sku] => 
                            [option_data] => Array
                                (
                                    [product_option_value_id] => 264
                                    [product_option_id] => 277
                                    [product_id] => 114
                                    [option_id] => 13
                                    [option_value_id] => 51
                                    [quantity] => 98
                                    [subtract] => 1
                                    [price] => 0.0000
                                    [price_prefix] => 
                                    [points] => 0
                                    [points_prefix] => +
                                    [weight] => 0.00000000
                                    [weight_prefix] => +
                                    [sku] => M7045.M
                                )

                        )

                )

            [1] => Array
                (
                    [order_product_id] => 396
                    [order_id] => 150
                    [product_id] => 115
                    [name] => MUŠKE GAĆE SLIP PRINT KOKOS
                    [model] => M7048
                    [quantity] => 1
                    [price] => 106.4000
                    [total] => 106.4000
                    [tax] => 0.0000
                    [reward] => 0
                    [option] => Array
                        (
                            [order_option_id] => 356
                            [order_id] => 150
                            [order_product_id] => 396
                            [product_option_id] => 278
                            [product_option_value_id] => 270
                            [name] => Veličina
                            [value] => M
                            [type] => radio
                            [sku] => 
                            [option_data] => Array
                                (
                                    [product_option_value_id] => 270
                                    [product_option_id] => 278
                                    [product_id] => 115
                                    [option_id] => 13
                                    [option_value_id] => 51
                                    [quantity] => 98
                                    [subtract] => 1
                                    [price] => 0.0000
                                    [price_prefix] => 
                                    [points] => 0
                                    [points_prefix] => +
                                    [weight] => 0.00000000
                                    [weight_prefix] => +
                                    [sku] => M7048.M
                                )

                        )

                )

            [2] => Array
                (
                    [order_product_id] => 397
                    [order_id] => 150
                    [product_id] => 134
                    [name] => MUŠKE GAĆE SLIP CRNE
                    [model] => M7064
                    [quantity] => 3
                    [price] => 62.4000
                    [total] => 187.2000
                    [tax] => 0.0000
                    [reward] => 0
                    [option] => Array
                        (
                            [order_option_id] => 357
                            [order_id] => 150
                            [order_product_id] => 397
                            [product_option_id] => 297
                            [product_option_value_id] => 378
                            [name] => Veličina
                            [value] => M
                            [type] => radio
                            [sku] => 
                            [option_data] => Array
                                (
                                    [product_option_value_id] => 378
                                    [product_option_id] => 297
                                    [product_id] => 134
                                    [option_id] => 13
                                    [option_value_id] => 51
                                    [quantity] => 97
                                    [subtract] => 1
                                    [price] => 0.0000
                                    [price_prefix] => 
                                    [points] => 0
                                    [points_prefix] => +
                                    [weight] => 0.00000000
                                    [weight_prefix] => +
                                    [sku] => M7064.M
                                )

                        )

                )

        )

    [totals] => Array
        (
            [0] => Array
                (
                    [order_total_id] => 493
                    [order_id] => 150
                    [code] => sub_total
                    [title] => Među suma
                    [value] => 370.4000
                    [sort_order] => 1
                )

            [1] => Array
                (
                    [order_total_id] => 494
                    [order_id] => 150
                    [code] => shipping
                    [title] => Besplatna dostava Intereuropa Hrvatska
                    [value] => 0.0000
                    [sort_order] => 3
                )

            [2] => Array
                (
                    [order_total_id] => 495
                    [order_id] => 150
                    [code] => total
                    [title] => Ukupno
                    [value] => 370.4000
                    [sort_order] => 9
                )

        )

    [status] => Array
        (
            [order_status_id] => 1
            [language_id] => 1
            [name] => Pending
        )

)

2020-12-22 11:33:02 - Array
(
    [narudzba] => Array
        (
            [CMS_ID] => KHR150
            [DATUM_VRIJEME] => 21.12.2020 12:15:12
            [NARUCITELJ_CMS_ID] => 1
            [NARUCITELJ_EMAIL] => darkocro73@gmail.com
            [NARUCITELJ_IME] => Darko
            [NARUCITELJ_PREZIME] => Kesteli
            [NARUCITELJ_ADRESA] => Tarašćice 17a
            [NARUCITELJ_MJESTO] => Koprivnica
            [NARUCITELJ_POSTA] => 48000
            [NARUCITELJ_TELEFON] => 0915158381
            [NARUCITELJ_NAZIV] => 
            [NARUCITELJ_OIB] => 
            [NARUCITELJ_VAT] => 
            [NARUCITELJ_ZEMLJA] => HRV
            [DOSTAVA_IME_PREZIME] => Darko Kesteli
            [DOSTAVA_ADRESA] => Tarašćice 17a
            [DOSTAVA_MJESTO] => Koprivnica
            [DOSTAVA_POSTA] => 48000
            [NAPOMENA] => 
            [VALUTA] => 191
            [IZNOS_UKUPNO] => 370.40
            [TECAJ] => 1
        )

    [stavke] => Array
        (
            [0] => Array
                (
                    [IDROBA] => US00000203
                    [KOLICINA] => 1
                    [CIJENA] => 0
                    [RABAT] => 0
                    [IZNOS] => 0
                )

            [1] => Array
                (
                    [IDROBA] => M7045.M
                    [KOLICINA] => 1
                    [CIJENA] => 76.80
                    [RABAT] => 0
                    [IZNOS] => 76.80
                )

            [2] => Array
                (
                    [IDROBA] => M7048.M
                    [KOLICINA] => 1
                    [CIJENA] => 106.40
                    [RABAT] => 0
                    [IZNOS] => 106.40
                )

            [3] => Array
                (
                    [IDROBA] => M7064.M
                    [KOLICINA] => 3
                    [CIJENA] => 62.40
                    [RABAT] => 0
                    [IZNOS] => 187.20
                )

        )

)

2020-12-22 11:33:04 - Illuminate\Support\Collection Object
(
    [items:protected] => Array
        (
            [creating] => start
            [ZAPIS] => Array
                (
                    [IDDOK] => NAW
                    [BROJDOK] => 116
                    [STAVAKA] => 4
                    [STAVKA] => 4
                    [KOLICINA_SIFRA] => 0
                    [DATUM] => 2020-12-22 00:00:00
                    [TEXT_GRESKE] => 
                    [KNJIZENO_KARTICA] => 
                    [KNJIZENO_GLKNJIGA] => 
                    [ZAKJUCANI_DN] => NE
                )

        )

)

