2020-12-01 12:43:58 - &idfirma=1
2020-12-01 12:43:58 - Array
(
    [narudzba] => Array
        (
            [CMS_ID] => KHR58
            [DATUM_VRIJEME] => 30.11.2020 13:23:43
            [NARUCITELJ_CMS_ID] => 1
            [NARUCITELJ_EMAIL] => astrid@logika.hr
            [NARUCITELJ_IME] => Astrid
            [NARUCITELJ_PREZIME] => Klemenčić
            [NARUCITELJ_ADRESA] => Uskočka 2
            [NARUCITELJ_MJESTO] => Samobor
            [NARUCITELJ_POSTA] => 10430
            [NARUCITELJ_TELEFON] => 0913363833
            [NARUCITELJ_NAZIV] => 
            [NARUCITELJ_OIB] => 
            [NARUCITELJ_VAT] => 
            [NARUCITELJ_ZEMLJA] => HRV
            [DOSTAVA_IME_PREZIME] => Astrid Klemenčić
            [DOSTAVA_ADRESA] => Uskočka 2
            [DOSTAVA_MJESTO] => Samobor
            [DOSTAVA_POSTA] => 10430
            [NAPOMENA] => 
            [VALUTA] => 191
            [IZNOS_UKUPNO] => 392.00
            [TECAJ] => 1
        )

    [stavke] => Array
        (
            [0] => Array
                (
                    [IDROBA] => US00000203
                    [KOLICINA] => 1
                    [CIJENA] => 0
                    [RABAT] => 0
                    [IZNOS] => 0
                )

            [1] => Array
                (
                    [IDROBA] => M7002.L
                    [KOLICINA] => 1
                    [CIJENA] => 100.00
                    [RABAT] => 0
                    [IZNOS] => 100.00
                )

            [2] => Array
                (
                    [IDROBA] => M7028.L
                    [KOLICINA] => 2
                    [CIJENA] => 100.00
                    [RABAT] => 0
                    [IZNOS] => 200.00
                )

            [3] => Array
                (
                    [IDROBA] => M7055.L
                    [KOLICINA] => 1
                    [CIJENA] => 92.00
                    [RABAT] => 0
                    [IZNOS] => 92.00
                )

        )

)

2020-12-01 12:44:00 - Array
(
    [creating] => start
    [ZAPIS] => Array
        (
            [IDDOK] => NAW
            [BROJDOK] => 38
            [STAVAKA] => 4
            [STAVKA] => 4
            [KOLICINA_SIFRA] => 0
            [DATUM] => 2020-12-01 00:00:00
            [TEXT_GRESKE] => 
            [KNJIZENO_KARTICA] => 
            [KNJIZENO_GLKNJIGA] => 
            [ZAKJUCANI_DN] => NE
        )

)

