2020-12-16 12:23:54 - Array
(
    [order_id] => 121
    [invoice_no] => 0
    [invoice_prefix] => INV-2020-00
    [store_id] => 0
    [store_name] => KOZO UNDERWEAR
    [store_url] => https://www.kozo-underwear.hr/
    [customer_id] => 92
    [customer_group_id] => 1
    [firstname] => Marija
    [lastname] => Radošević
    [email] => frenkybb0606@gmail.com
    [telephone] => 098623738
    [fax] => 
    [custom_field] => 
    [payment_firstname] => Marija
    [payment_lastname] => Radošević
    [payment_company] => 
    [payment_address_1] => Doćine 4a
    [payment_address_2] => 
    [payment_city] => Vodice
    [payment_postcode] => 22211
    [payment_country] => Croatia
    [payment_country_id] => 53
    [payment_zone] => HR
    [payment_zone_id] => 848
    [payment_address_format] => 
    [payment_custom_field] => 
    [payment_method] => Plaćanje pouzećem
    [payment_code] => cod
    [shipping_firstname] => Marija
    [shipping_lastname] => Radošević
    [shipping_company] => 
    [shipping_address_1] => Doćine 4a
    [shipping_address_2] => 
    [shipping_city] => Vodice
    [shipping_postcode] => 22211
    [shipping_country] => Croatia
    [shipping_country_id] => 53
    [shipping_zone] => HR
    [shipping_zone_id] => 848
    [shipping_address_format] => 
    [shipping_custom_field] => 
    [shipping_method] => Dostava Intereuropa Hrvatska - Besplatna dostava za narudžbe iznad 350kn
    [shipping_code] => ultimate_shipping.ultimate_shipping_0
    [comment] => 
    [total] => 192.6000
    [order_status_id] => 1
    [affiliate_id] => 0
    [commission] => 0.0000
    [marketing_id] => 0
    [tracking] => 
    [language_id] => 2
    [currency_id] => 4
    [currency_code] => HRK
    [currency_value] => 1.00000000
    [ip] => 93.137.75.29
    [forwarded_ip] => 
    [user_agent] => Mozilla/5.0 (Linux; Android 10; SM-G960F) AppleWebKit/537.36 (KHTML, like Gecko) Chrome/81.0.4044.138 Mobile Safari/537.36
    [accept_language] => hr-HR,hr;q=0.9,en-US;q=0.8,en;q=0.7,bs;q=0.6
    [paid_order] => 0
    [intereuropa] => 1
    [date_added] => 2020-12-15 22:19:11
    [date_modified] => 2020-12-15 22:19:28
    [products] => Array
        (
            [0] => Array
                (
                    [order_product_id] => 335
                    [order_id] => 121
                    [product_id] => 142
                    [name] => MUŠKE BOKSERICE HIPSTER TAMNO PLAVE
                    [model] => M7076
                    [quantity] => 1
                    [price] => 92.0000
                    [total] => 92.0000
                    [tax] => 0.0000
                    [reward] => 0
                    [option] => Array
                        (
                            [order_option_id] => 297
                            [order_id] => 121
                            [order_product_id] => 335
                            [product_option_id] => 305
                            [product_option_value_id] => 419
                            [name] => Veličina
                            [value] => L
                            [type] => radio
                            [sku] => 
                            [option_data] => Array
                                (
                                    [product_option_value_id] => 419
                                    [product_option_id] => 305
                                    [product_id] => 142
                                    [option_id] => 13
                                    [option_value_id] => 50
                                    [quantity] => 97
                                    [subtract] => 1
                                    [price] => 0.0000
                                    [price_prefix] => 
                                    [points] => 0
                                    [points_prefix] => +
                                    [weight] => 0.00000000
                                    [weight_prefix] => +
                                    [sku] => M7076.L
                                )

                        )

                )

            [1] => Array
                (
                    [order_product_id] => 336
                    [order_id] => 121
                    [product_id] => 144
                    [name] => MUŠKE GAĆE SLIP TAMNO PLAVE
                    [model] => M7075
                    [quantity] => 1
                    [price] => 65.6000
                    [total] => 65.6000
                    [tax] => 0.0000
                    [reward] => 0
                    [option] => Array
                        (
                            [order_option_id] => 298
                            [order_id] => 121
                            [order_product_id] => 336
                            [product_option_id] => 307
                            [product_option_value_id] => 428
                            [name] => Veličina
                            [value] => L
                            [type] => radio
                            [sku] => 
                            [option_data] => Array
                                (
                                    [product_option_value_id] => 428
                                    [product_option_id] => 307
                                    [product_id] => 144
                                    [option_id] => 13
                                    [option_value_id] => 50
                                    [quantity] => 99
                                    [subtract] => 1
                                    [price] => 0.0000
                                    [price_prefix] => 
                                    [points] => 0
                                    [points_prefix] => +
                                    [weight] => 0.00000000
                                    [weight_prefix] => +
                                    [sku] => M7075.L
                                )

                        )

                )

        )

    [totals] => Array
        (
            [0] => Array
                (
                    [order_total_id] => 405
                    [order_id] => 121
                    [code] => sub_total
                    [title] => Među suma
                    [value] => 157.6000
                    [sort_order] => 1
                )

            [1] => Array
                (
                    [order_total_id] => 406
                    [order_id] => 121
                    [code] => shipping
                    [title] => Dostava Intereuropa Hrvatska - Besplatna dostava za narudžbe iznad 350kn
                    [value] => 35.0000
                    [sort_order] => 3
                )

            [2] => Array
                (
                    [order_total_id] => 407
                    [order_id] => 121
                    [code] => total
                    [title] => Ukupno
                    [value] => 192.6000
                    [sort_order] => 9
                )

        )

    [status] => Array
        (
            [order_status_id] => 1
            [language_id] => 1
            [name] => Pending
        )

)

2020-12-16 12:23:54 - Array
(
    [narudzba] => Array
        (
            [CMS_ID] => KHR121
            [DATUM_VRIJEME] => 15.12.2020 22:19:28
            [NARUCITELJ_CMS_ID] => 1
            [NARUCITELJ_EMAIL] => frenkybb0606@gmail.com
            [NARUCITELJ_IME] => Marija
            [NARUCITELJ_PREZIME] => Radošević
            [NARUCITELJ_ADRESA] => Doćine 4a
            [NARUCITELJ_MJESTO] => Vodice
            [NARUCITELJ_POSTA] => 22211
            [NARUCITELJ_TELEFON] => 098623738
            [NARUCITELJ_NAZIV] => 
            [NARUCITELJ_OIB] => 
            [NARUCITELJ_VAT] => 
            [NARUCITELJ_ZEMLJA] => HRV
            [DOSTAVA_IME_PREZIME] => Marija Radošević
            [DOSTAVA_ADRESA] => Doćine 4a
            [DOSTAVA_MJESTO] => Vodice
            [DOSTAVA_POSTA] => 22211
            [NAPOMENA] => 
            [VALUTA] => 191
            [IZNOS_UKUPNO] => 192.60
            [TECAJ] => 1
        )

    [stavke] => Array
        (
            [0] => Array
                (
                    [IDROBA] => US00000203
                    [KOLICINA] => 1
                    [CIJENA] => 35
                    [RABAT] => 0
                    [IZNOS] => 35
                )

            [1] => Array
                (
                    [IDROBA] => M7076.L
                    [KOLICINA] => 1
                    [CIJENA] => 92.00
                    [RABAT] => 0
                    [IZNOS] => 92.00
                )

            [2] => Array
                (
                    [IDROBA] => M7075.L
                    [KOLICINA] => 1
                    [CIJENA] => 65.60
                    [RABAT] => 0
                    [IZNOS] => 65.60
                )

        )

)

2020-12-16 12:23:55 - Illuminate\Support\Collection Object
(
    [items:protected] => Array
        (
            [creating] => start
            [ZAPIS] => Array
                (
                    [IDDOK] => NAW
                    [BROJDOK] => 97
                    [STAVAKA] => 3
                    [STAVKA] => 3
                    [KOLICINA_SIFRA] => 0
                    [DATUM] => 2020-12-16 00:00:00
                    [TEXT_GRESKE] => 
                    [KNJIZENO_KARTICA] => 
                    [KNJIZENO_GLKNJIGA] => 
                    [ZAKJUCANI_DN] => NE
                )

        )

)

