2020-12-08 11:51:21 - Array
(
    [order_id] => 74
    [invoice_no] => 0
    [invoice_prefix] => INV-2020-00
    [store_id] => 0
    [store_name] => KOZO UNDERWEAR
    [store_url] => https://www.kozo-underwear.hr/
    [customer_id] => 55
    [customer_group_id] => 1
    [firstname] => Peter 
    [lastname] => Gut 
    [email] => gutpeter50@gmail.com
    [telephone] => 040601385
    [fax] => 
    [custom_field] => 
    [payment_firstname] => Peter 
    [payment_lastname] => Gut 
    [payment_company] => 
    [payment_address_1] => Rudera Boskovica 48
    [payment_address_2] => 
    [payment_city] => Kotoriba 
    [payment_postcode] => 40329
    [payment_country] => Croatia
    [payment_country_id] => 53
    [payment_zone] => Bjelovarsko-bilogorska
    [payment_zone_id] => 847
    [payment_address_format] => 
    [payment_custom_field] => 
    [payment_method] => Kreditne kartice / Debitne Kartice (CorvusPay)
    [payment_code] => corvuspay
    [shipping_firstname] => Peter 
    [shipping_lastname] => Gut 
    [shipping_company] => 
    [shipping_address_1] => Rudera Boskovica 48
    [shipping_address_2] => 
    [shipping_city] => Kotoriba 
    [shipping_postcode] => 40329
    [shipping_country] => Croatia
    [shipping_country_id] => 53
    [shipping_zone] => Bjelovarsko-bilogorska
    [shipping_zone_id] => 847
    [shipping_address_format] => 
    [shipping_custom_field] => 
    [shipping_method] => Besplatna dostava Intereuropa Hrvatska
    [shipping_code] => ultimate_shipping.ultimate_shipping_0
    [comment] => 
    [total] => 368.0000
    [order_status_id] => 5
    [affiliate_id] => 0
    [commission] => 0.0000
    [marketing_id] => 0
    [tracking] => 
    [language_id] => 2
    [currency_id] => 4
    [currency_code] => HRK
    [currency_value] => 1.00000000
    [ip] => 93.142.55.51
    [forwarded_ip] => 
    [user_agent] => Mozilla/5.0 (Android 10; Mobile; rv:83.0) Gecko/83.0 Firefox/83.0
    [accept_language] => de-DE
    [paid_order] => 0
    [intereuropa] => 
    [date_added] => 2020-12-07 09:01:19
    [date_modified] => 2020-12-07 09:08:09
    [products] => Array
        (
            [0] => Array
                (
                    [order_product_id] => 185
                    [order_id] => 74
                    [product_id] => 130
                    [name] => MUŠKE BOKSERICE TRUNKS CRNE
                    [model] => M7063
                    [quantity] => 4
                    [price] => 92.0000
                    [total] => 368.0000
                    [tax] => 0.0000
                    [reward] => 0
                    [option] => Array
                        (
                            [order_option_id] => 164
                            [order_id] => 74
                            [order_product_id] => 185
                            [product_option_id] => 293
                            [product_option_value_id] => 357
                            [name] => Veličina
                            [value] => XL
                            [type] => radio
                            [sku] => 
                            [option_data] => Array
                                (
                                    [product_option_value_id] => 357
                                    [product_option_id] => 293
                                    [product_id] => 130
                                    [option_id] => 13
                                    [option_value_id] => 49
                                    [quantity] => 19
                                    [subtract] => 1
                                    [price] => 0.0000
                                    [price_prefix] => 
                                    [points] => 0
                                    [points_prefix] => +
                                    [weight] => 0.00000000
                                    [weight_prefix] => +
                                    [sku] => M7063.XL
                                )

                        )

                )

        )

    [totals] => Array
        (
            [0] => Array
                (
                    [order_total_id] => 243
                    [order_id] => 74
                    [code] => sub_total
                    [title] => Među suma
                    [value] => 368.0000
                    [sort_order] => 1
                )

            [1] => Array
                (
                    [order_total_id] => 244
                    [order_id] => 74
                    [code] => shipping
                    [title] => Besplatna dostava Intereuropa Hrvatska
                    [value] => 0.0000
                    [sort_order] => 3
                )

            [2] => Array
                (
                    [order_total_id] => 245
                    [order_id] => 74
                    [code] => total
                    [title] => Ukupno
                    [value] => 368.0000
                    [sort_order] => 9
                )

        )

    [status] => Array
        (
            [order_status_id] => 5
            [language_id] => 1
            [name] => Complete
        )

)

2020-12-08 11:51:21 - Array
(
    [narudzba] => Array
        (
            [CMS_ID] => KHR74
            [DATUM_VRIJEME] => 07.12.2020 09:08:09
            [NARUCITELJ_CMS_ID] => 1
            [NARUCITELJ_EMAIL] => gutpeter50@gmail.com
            [NARUCITELJ_IME] => Peter 
            [NARUCITELJ_PREZIME] => Gut 
            [NARUCITELJ_ADRESA] => Rudera Boskovica 48
            [NARUCITELJ_MJESTO] => Kotoriba 
            [NARUCITELJ_POSTA] => 40329
            [NARUCITELJ_TELEFON] => 040601385
            [NARUCITELJ_NAZIV] => 
            [NARUCITELJ_OIB] => 
            [NARUCITELJ_VAT] => 
            [NARUCITELJ_ZEMLJA] => HRV
            [DOSTAVA_IME_PREZIME] => Peter  Gut 
            [DOSTAVA_ADRESA] => Rudera Boskovica 48
            [DOSTAVA_MJESTO] => Kotoriba 
            [DOSTAVA_POSTA] => 40329
            [NAPOMENA] => 
            [VALUTA] => 191
            [IZNOS_UKUPNO] => 368.00
            [TECAJ] => 1
        )

    [stavke] => Array
        (
            [0] => Array
                (
                    [IDROBA] => US00000203
                    [KOLICINA] => 1
                    [CIJENA] => 0
                    [RABAT] => 0
                    [IZNOS] => 0
                )

            [1] => Array
                (
                    [IDROBA] => M7063.XL
                    [KOLICINA] => 4
                    [CIJENA] => 92.00
                    [RABAT] => 0
                    [IZNOS] => 368.00
                )

        )

)

2020-12-08 11:51:22 - Illuminate\Support\Collection Object
(
    [items:protected] => Array
        (
            [creating] => start
            [ZAPIS] => Array
                (
                    [IDDOK] => NAW
                    [BROJDOK] => 55
                    [STAVAKA] => 2
                    [STAVKA] => 2
                    [KOLICINA_SIFRA] => 0
                    [DATUM] => 2020-12-08 00:00:00
                    [TEXT_GRESKE] => 
                    [KNJIZENO_KARTICA] => 
                    [KNJIZENO_GLKNJIGA] => 
                    [ZAKJUCANI_DN] => NE
                )

        )

)

