2020-12-09 13:38:59 - Array
(
    [order_id] => 79
    [invoice_no] => 0
    [invoice_prefix] => INV-2020-00
    [store_id] => 0
    [store_name] => KOZO UNDERWEAR
    [store_url] => https://www.kozo-underwear.hr/
    [customer_id] => 54
    [customer_group_id] => 1
    [firstname] => Matija
    [lastname] => Jerkovic
    [email] => matija.jerkovic.jerac@gmail.com
    [telephone] => 099 6074742
    [fax] => 
    [custom_field] => 
    [payment_firstname] => Matija
    [payment_lastname] => Jerkovic
    [payment_company] => 
    [payment_address_1] => Ede Murtica 7
    [payment_address_2] => 
    [payment_city] => Zagreb
    [payment_postcode] => 10000 
    [payment_country] => Croatia
    [payment_country_id] => 53
    [payment_zone] => Bjelovarsko-bilogorska
    [payment_zone_id] => 847
    [payment_address_format] => 
    [payment_custom_field] => 
    [payment_method] => Kreditne kartice / Debitne Kartice (CorvusPay)
    [payment_code] => corvuspay
    [shipping_firstname] => Matija
    [shipping_lastname] => Jerkovic
    [shipping_company] => 
    [shipping_address_1] => Ede Murtica 7
    [shipping_address_2] => 
    [shipping_city] => Zagreb
    [shipping_postcode] => 10000 
    [shipping_country] => Croatia
    [shipping_country_id] => 53
    [shipping_zone] => Bjelovarsko-bilogorska
    [shipping_zone_id] => 847
    [shipping_address_format] => 
    [shipping_custom_field] => 
    [shipping_method] => Besplatna dostava Intereuropa Hrvatska
    [shipping_code] => ultimate_shipping.ultimate_shipping_0
    [comment] => 
    [total] => 952.0000
    [order_status_id] => 5
    [affiliate_id] => 0
    [commission] => 0.0000
    [marketing_id] => 0
    [tracking] => 
    [language_id] => 2
    [currency_id] => 4
    [currency_code] => HRK
    [currency_value] => 1.00000000
    [ip] => 188.252.196.156
    [forwarded_ip] => 
    [user_agent] => Mozilla/5.0 (Linux; Android 7.0; SM-A310F) AppleWebKit/537.36 (KHTML, like Gecko) Chrome/84.0.4147.105 Mobile Safari/537.36
    [accept_language] => hr-HR,hr;q=0.9,en-US;q=0.8,en;q=0.7
    [paid_order] => 0
    [intereuropa] => 1
    [date_added] => 2020-12-08 20:47:57
    [date_modified] => 2020-12-08 20:50:12
    [products] => Array
        (
            [0] => Array
                (
                    [order_product_id] => 195
                    [order_id] => 79
                    [product_id] => 74
                    [name] => MUŠKA PIDŽAMA GORNJI DIO
                    [model] => M5004
                    [quantity] => 1
                    [price] => 140.0000
                    [total] => 140.0000
                    [tax] => 0.0000
                    [reward] => 0
                    [option] => Array
                        (
                            [order_option_id] => 174
                            [order_id] => 79
                            [order_product_id] => 195
                            [product_option_id] => 237
                            [product_option_value_id] => 63
                            [name] => Veličina
                            [value] => M
                            [type] => radio
                            [sku] => 
                            [option_data] => Array
                                (
                                    [product_option_value_id] => 63
                                    [product_option_id] => 237
                                    [product_id] => 74
                                    [option_id] => 13
                                    [option_value_id] => 51
                                    [quantity] => 100
                                    [subtract] => 1
                                    [price] => 0.0000
                                    [price_prefix] => 
                                    [points] => 0
                                    [points_prefix] => +
                                    [weight] => 0.00000000
                                    [weight_prefix] => +
                                    [sku] => M5004.M
                                )

                        )

                )

            [1] => Array
                (
                    [order_product_id] => 196
                    [order_id] => 79
                    [product_id] => 75
                    [name] => MUŠKA PIDŽAMA DONJI DIO
                    [model] => M5007
                    [quantity] => 1
                    [price] => 116.0000
                    [total] => 116.0000
                    [tax] => 0.0000
                    [reward] => 0
                    [option] => Array
                        (
                            [order_option_id] => 175
                            [order_id] => 79
                            [order_product_id] => 196
                            [product_option_id] => 238
                            [product_option_value_id] => 69
                            [name] => Veličina
                            [value] => M
                            [type] => radio
                            [sku] => 
                            [option_data] => Array
                                (
                                    [product_option_value_id] => 69
                                    [product_option_id] => 238
                                    [product_id] => 75
                                    [option_id] => 13
                                    [option_value_id] => 51
                                    [quantity] => 100
                                    [subtract] => 1
                                    [price] => 0.0000
                                    [price_prefix] => 
                                    [points] => 0
                                    [points_prefix] => +
                                    [weight] => 0.00000000
                                    [weight_prefix] => +
                                    [sku] => M5007.M
                                )

                        )

                )

            [2] => Array
                (
                    [order_product_id] => 197
                    [order_id] => 79
                    [product_id] => 110
                    [name] => MUŠKE BOKSERICE HIPSTER PRINT WEB
                    [model] => M7043
                    [quantity] => 2
                    [price] => 108.0000
                    [total] => 216.0000
                    [tax] => 0.0000
                    [reward] => 0
                    [option] => Array
                        (
                            [order_option_id] => 176
                            [order_id] => 79
                            [order_product_id] => 197
                            [product_option_id] => 273
                            [product_option_value_id] => 248
                            [name] => Veličina
                            [value] => M
                            [type] => radio
                            [sku] => 
                            [option_data] => Array
                                (
                                    [product_option_value_id] => 248
                                    [product_option_id] => 273
                                    [product_id] => 110
                                    [option_id] => 13
                                    [option_value_id] => 51
                                    [quantity] => 100
                                    [subtract] => 1
                                    [price] => 0.0000
                                    [price_prefix] => 
                                    [points] => 0
                                    [points_prefix] => +
                                    [weight] => 0.00000000
                                    [weight_prefix] => +
                                    [sku] => M7043.M
                                )

                        )

                )

            [3] => Array
                (
                    [order_product_id] => 198
                    [order_id] => 79
                    [product_id] => 111
                    [name] => MUŠKE BOKSERICE HIPSTER PRINT SQUARES
                    [model] => M7046
                    [quantity] => 2
                    [price] => 108.0000
                    [total] => 216.0000
                    [tax] => 0.0000
                    [reward] => 0
                    [option] => Array
                        (
                            [order_option_id] => 177
                            [order_id] => 79
                            [order_product_id] => 198
                            [product_option_id] => 274
                            [product_option_value_id] => 252
                            [name] => Veličina
                            [value] => M
                            [type] => radio
                            [sku] => 
                            [option_data] => Array
                                (
                                    [product_option_value_id] => 252
                                    [product_option_id] => 274
                                    [product_id] => 111
                                    [option_id] => 13
                                    [option_value_id] => 51
                                    [quantity] => 100
                                    [subtract] => 1
                                    [price] => 0.0000
                                    [price_prefix] => 
                                    [points] => 0
                                    [points_prefix] => +
                                    [weight] => 0.00000000
                                    [weight_prefix] => +
                                    [sku] => M7046.M
                                )

                        )

                )

            [4] => Array
                (
                    [order_product_id] => 199
                    [order_id] => 79
                    [product_id] => 170
                    [name] => NAVY MASKA ZA LICE
                    [model] => P8010
                    [quantity] => 1
                    [price] => 51.0000
                    [total] => 51.0000
                    [tax] => 0.0000
                    [reward] => 0
                    [option] => 
                )

            [5] => Array
                (
                    [order_product_id] => 200
                    [order_id] => 79
                    [product_id] => 179
                    [name] => M5011 MUŠKA PIDŽAMA
                    [model] => M5011
                    [quantity] => 1
                    [price] => 264.0000
                    [total] => 264.0000
                    [tax] => 0.0000
                    [reward] => 0
                    [option] => Array
                        (
                            [order_option_id] => 178
                            [order_id] => 79
                            [order_product_id] => 200
                            [product_option_id] => 343
                            [product_option_value_id] => 567
                            [name] => Veličina
                            [value] => M
                            [type] => radio
                            [sku] => 
                            [option_data] => Array
                                (
                                    [product_option_value_id] => 567
                                    [product_option_id] => 343
                                    [product_id] => 179
                                    [option_id] => 13
                                    [option_value_id] => 51
                                    [quantity] => 100
                                    [subtract] => 1
                                    [price] => 0.0000
                                    [price_prefix] => 
                                    [points] => 0
                                    [points_prefix] => +
                                    [weight] => 0.00000000
                                    [weight_prefix] => +
                                    [sku] => M5011.M
                                )

                        )

                )

        )

    [totals] => Array
        (
            [0] => Array
                (
                    [order_total_id] => 258
                    [order_id] => 79
                    [code] => sub_total
                    [title] => Među suma
                    [value] => 1003.0000
                    [sort_order] => 1
                )

            [1] => Array
                (
                    [order_total_id] => 259
                    [order_id] => 79
                    [code] => tieredgiftstotal
                    [title] => Besplatni poklon - NAVY MASKA ZA LICE
                    [value] => -51.0000
                    [sort_order] => 2
                )

            [2] => Array
                (
                    [order_total_id] => 260
                    [order_id] => 79
                    [code] => shipping
                    [title] => Besplatna dostava Intereuropa Hrvatska
                    [value] => 0.0000
                    [sort_order] => 3
                )

            [3] => Array
                (
                    [order_total_id] => 261
                    [order_id] => 79
                    [code] => total
                    [title] => Ukupno
                    [value] => 952.0000
                    [sort_order] => 9
                )

        )

    [status] => Array
        (
            [order_status_id] => 5
            [language_id] => 1
            [name] => Complete
        )

)

2020-12-09 13:38:59 - Array
(
    [narudzba] => Array
        (
            [CMS_ID] => KHR79
            [DATUM_VRIJEME] => 08.12.2020 20:50:12
            [NARUCITELJ_CMS_ID] => 1
            [NARUCITELJ_EMAIL] => matija.jerkovic.jerac@gmail.com
            [NARUCITELJ_IME] => Matija
            [NARUCITELJ_PREZIME] => Jerkovic
            [NARUCITELJ_ADRESA] => Ede Murtica 7
            [NARUCITELJ_MJESTO] => Zagreb
            [NARUCITELJ_POSTA] => 10000 
            [NARUCITELJ_TELEFON] => 099 6074742
            [NARUCITELJ_NAZIV] => 
            [NARUCITELJ_OIB] => 
            [NARUCITELJ_VAT] => 
            [NARUCITELJ_ZEMLJA] => HRV
            [DOSTAVA_IME_PREZIME] => Matija Jerkovic
            [DOSTAVA_ADRESA] => Ede Murtica 7
            [DOSTAVA_MJESTO] => Zagreb
            [DOSTAVA_POSTA] => 10000 
            [NAPOMENA] => 
            [VALUTA] => 191
            [IZNOS_UKUPNO] => 952.00
            [TECAJ] => 1
        )

    [stavke] => Array
        (
            [0] => Array
                (
                    [IDROBA] => US00000203
                    [KOLICINA] => 1
                    [CIJENA] => 0
                    [RABAT] => 0
                    [IZNOS] => 0
                )

            [1] => Array
                (
                    [IDROBA] => M5004.M
                    [KOLICINA] => 1
                    [CIJENA] => 140.00
                    [RABAT] => 0
                    [IZNOS] => 140.00
                )

            [2] => Array
                (
                    [IDROBA] => M5007.M
                    [KOLICINA] => 1
                    [CIJENA] => 116.00
                    [RABAT] => 0
                    [IZNOS] => 116.00
                )

            [3] => Array
                (
                    [IDROBA] => M7043.M
                    [KOLICINA] => 2
                    [CIJENA] => 108.00
                    [RABAT] => 0
                    [IZNOS] => 216.00
                )

            [4] => Array
                (
                    [IDROBA] => M7046.M
                    [KOLICINA] => 2
                    [CIJENA] => 108.00
                    [RABAT] => 0
                    [IZNOS] => 216.00
                )

            [5] => Array
                (
                    [IDROBA] => P8010
                    [KOLICINA] => 1
                    [CIJENA] => 51.00
                    [RABAT] => 0
                    [IZNOS] => 51.00
                )

            [6] => Array
                (
                    [IDROBA] => M5011.M
                    [KOLICINA] => 1
                    [CIJENA] => 264.00
                    [RABAT] => 0
                    [IZNOS] => 264.00
                )

        )

)

2020-12-09 13:39:07 - Illuminate\Support\Collection Object
(
    [items:protected] => Array
        (
            [creating] => start
            [ZAPIS] => Array
                (
                    [IDDOK] => NAW
                    [BROJDOK] => 58
                    [STAVAKA] => 7
                    [STAVKA] => 7
                    [KOLICINA_SIFRA] => 0
                    [DATUM] => 2020-12-09 00:00:00
                    [TEXT_GRESKE] => 
                    [KNJIZENO_KARTICA] => 
                    [KNJIZENO_GLKNJIGA] => 
                    [ZAKJUCANI_DN] => NE
                )

        )

)

