2020-12-02 11:49:23 - &idfirma=1
2020-12-02 11:49:23 - Array
(
    [narudzba] => Array
        (
            [CMS_ID] => KHR60
            [DATUM_VRIJEME] => 01.12.2020 11:06:11
            [NARUCITELJ_CMS_ID] => 1
            [NARUCITELJ_EMAIL] => dr_pavisic@yahoo.com
            [NARUCITELJ_IME] => draženka
            [NARUCITELJ_PREZIME] => pavišić
            [NARUCITELJ_ADRESA] => trstenjakova 14 A
            [NARUCITELJ_MJESTO] => varaždin
            [NARUCITELJ_POSTA] => 42000
            [NARUCITELJ_TELEFON] => +38598735899
            [NARUCITELJ_NAZIV] => 
            [NARUCITELJ_OIB] => 
            [NARUCITELJ_VAT] => 
            [NARUCITELJ_ZEMLJA] => HRV
            [DOSTAVA_IME_PREZIME] => draženka pavišić
            [DOSTAVA_ADRESA] => trstenjakova 14 A
            [DOSTAVA_MJESTO] => varaždin
            [DOSTAVA_POSTA] => 42000
            [NAPOMENA] => 
            [VALUTA] => 191
            [IZNOS_UKUPNO] => 1084.00
            [TECAJ] => 1
        )

    [stavke] => Array
        (
            [0] => Array
                (
                    [IDROBA] => US00000203
                    [KOLICINA] => 1
                    [CIJENA] => 0
                    [RABAT] => 0
                    [IZNOS] => 0
                )

            [1] => Array
                (
                    [IDROBA] => M7002.L
                    [KOLICINA] => 1
                    [CIJENA] => 100.00
                    [RABAT] => 0
                    [IZNOS] => 100.00
                )

            [2] => Array
                (
                    [IDROBA] => M7009.L
                    [KOLICINA] => 1
                    [CIJENA] => 112.00
                    [RABAT] => 0
                    [IZNOS] => 112.00
                )

            [3] => Array
                (
                    [IDROBA] => M7009.XL
                    [KOLICINA] => 1
                    [CIJENA] => 112.00
                    [RABAT] => 0
                    [IZNOS] => 112.00
                )

            [4] => Array
                (
                    [IDROBA] => M7005.XL
                    [KOLICINA] => 1
                    [CIJENA] => 100.00
                    [RABAT] => 0
                    [IZNOS] => 100.00
                )

            [5] => Array
                (
                    [IDROBA] => M7020.M
                    [KOLICINA] => 3
                    [CIJENA] => 112.00
                    [RABAT] => 0
                    [IZNOS] => 336.00
                )

            [6] => Array
                (
                    [IDROBA] => M7043.M
                    [KOLICINA] => 3
                    [CIJENA] => 108.00
                    [RABAT] => 0
                    [IZNOS] => 324.00
                )

            [7] => Array
                (
                    [IDROBA] => P8013
                    [KOLICINA] => 1
                    [CIJENA] => 40.80
                    [RABAT] => 0
                    [IZNOS] => 40.80
                )

        )

)

2020-12-02 11:49:25 - Array
(
    [creating] => start
    [ZAPIS] => Array
        (
            [IDDOK] => NAW
            [BROJDOK] => 40
            [STAVAKA] => 8
            [STAVKA] => 8
            [KOLICINA_SIFRA] => 0
            [DATUM] => 2020-12-02 00:00:00
            [TEXT_GRESKE] => 
            [KNJIZENO_KARTICA] => 
            [KNJIZENO_GLKNJIGA] => 
            [ZAKJUCANI_DN] => NE
        )

)

