2020-12-14 12:22:41 - &idfirma=1
2020-12-14 12:22:41 - Array
(
    [narudzba] => Array
        (
            [CMS_ID] => KHR101
            [DATUM_VRIJEME] => 11.12.2020 14:39:53
            [NARUCITELJ_CMS_ID] => 1
            [NARUCITELJ_EMAIL] => vz.kuma@gmail.com
            [NARUCITELJ_IME] => Silvija
            [NARUCITELJ_PREZIME] => Kumek Možanić
            [NARUCITELJ_ADRESA] => Donje Ladanje, Gustava Krkleca 2
            [NARUCITELJ_MJESTO] => Maruševec
            [NARUCITELJ_POSTA] => 42243
            [NARUCITELJ_TELEFON] => 0989098850
            [NARUCITELJ_NAZIV] => 
            [NARUCITELJ_OIB] => 
            [NARUCITELJ_VAT] => 
            [NARUCITELJ_ZEMLJA] => HRV
            [DOSTAVA_IME_PREZIME] => Silvija Kumek Možanić
            [DOSTAVA_ADRESA] => Donje Ladanje, Gustava Krkleca 2
            [DOSTAVA_MJESTO] => Maruševec
            [DOSTAVA_POSTA] => 42243
            [NAPOMENA] => Order Comments: Poštovani, s obzirom da sam naručila i proizvode Balidoo, da li možete oboje upakirati i dostaviti mi ih u jednom paketu? LP
            [VALUTA] => 191
            [IZNOS_UKUPNO] => 192.00
            [TECAJ] => 1
        )

    [stavke] => Array
        (
            [0] => Array
                (
                    [IDROBA] => US00000203
                    [KOLICINA] => 1
                    [CIJENA] => 35
                    [RABAT] => 0
                    [IZNOS] => 35
                )

            [1] => Array
                (
                    [IDROBA] => M7080.L
                    [KOLICINA] => 1
                    [CIJENA] => 92.00
                    [RABAT] => 0
                    [IZNOS] => 92.00
                )

            [2] => Array
                (
                    [IDROBA] => M7029.L
                    [KOLICINA] => 1
                    [CIJENA] => 100.00
                    [RABAT] => 0
                    [IZNOS] => 100.00
                )

        )

)

2020-12-14 12:22:42 - Array
(
    [creating] => start
    [ZAPIS] => Array
        (
            [IDDOK] => NAW
            [BROJDOK] => 86
            [STAVAKA] => 3
            [STAVKA] => 3
            [KOLICINA_SIFRA] => 0
            [DATUM] => 2020-12-14 00:00:00
            [TEXT_GRESKE] => 
            [KNJIZENO_KARTICA] => 
            [KNJIZENO_GLKNJIGA] => 
            [ZAKJUCANI_DN] => NE
        )

)

