2020-12-08 11:51:31 - &idfirma=1
2020-12-08 11:51:31 - Array
(
    [narudzba] => Array
        (
            [CMS_ID] => KHR76
            [DATUM_VRIJEME] => 08.12.2020 11:06:10
            [NARUCITELJ_CMS_ID] => 1
            [NARUCITELJ_EMAIL] => mato.1974cetina@gmail.com
            [NARUCITELJ_IME] => Mate 
            [NARUCITELJ_PREZIME] => Cetina 
            [NARUCITELJ_ADRESA] => Ivice lovinčića 25 
            [NARUCITELJ_MJESTO] => Sesvete
            [NARUCITELJ_POSTA] => 10360
            [NARUCITELJ_TELEFON] => 0951962004 
            [NARUCITELJ_NAZIV] => 
            [NARUCITELJ_OIB] => 
            [NARUCITELJ_VAT] => 
            [NARUCITELJ_ZEMLJA] => HRV
            [DOSTAVA_IME_PREZIME] => Mate  Cetina 
            [DOSTAVA_ADRESA] => Ivice lovinčića 25 
            [DOSTAVA_MJESTO] => Sesvete
            [DOSTAVA_POSTA] => 10360
            [NAPOMENA] => 
            [VALUTA] => 191
            [IZNOS_UKUPNO] => 335.00
            [TECAJ] => 1
        )

    [stavke] => Array
        (
            [0] => Array
                (
                    [IDROBA] => US00000203
                    [KOLICINA] => 1
                    [CIJENA] => 35
                    [RABAT] => 0
                    [IZNOS] => 35
                )

            [1] => Array
                (
                    [IDROBA] => M7002.XL
                    [KOLICINA] => 1
                    [CIJENA] => 100.00
                    [RABAT] => 0
                    [IZNOS] => 100.00
                )

            [2] => Array
                (
                    [IDROBA] => M7013.XL
                    [KOLICINA] => 1
                    [CIJENA] => 100.00
                    [RABAT] => 0
                    [IZNOS] => 100.00
                )

            [3] => Array
                (
                    [IDROBA] => M7028.XL
                    [KOLICINA] => 1
                    [CIJENA] => 100.00
                    [RABAT] => 0
                    [IZNOS] => 100.00
                )

        )

)

2020-12-08 11:51:32 - Array
(
    [creating] => start
    [ZAPIS] => Array
        (
            [IDDOK] => NAW
            [BROJDOK] => 56
            [STAVAKA] => 4
            [STAVKA] => 4
            [KOLICINA_SIFRA] => 0
            [DATUM] => 2020-12-08 00:00:00
            [TEXT_GRESKE] => 
            [KNJIZENO_KARTICA] => 
            [KNJIZENO_GLKNJIGA] => 
            [ZAKJUCANI_DN] => NE
        )

)

