2020-12-22 11:32:40 - Array
(
    [order_id] => 152
    [invoice_no] => 0
    [invoice_prefix] => INV-2020-00
    [store_id] => 0
    [store_name] => KOZO UNDERWEAR
    [store_url] => https://www.kozo-underwear.hr/
    [customer_id] => 113
    [customer_group_id] => 1
    [firstname] => Božidar
    [lastname] => Canjuga
    [email] => bozidar.canjuga@vz.t-com.hr
    [telephone] => 0994352838
    [fax] => 
    [custom_field] => 
    [payment_firstname] => Božidar
    [payment_lastname] => Canjuga
    [payment_company] => 
    [payment_address_1] => Zagrebačka 15
    [payment_address_2] => 
    [payment_city] => Varaždin
    [payment_postcode] => 42000
    [payment_country] => Croatia
    [payment_country_id] => 53
    [payment_zone] => HR
    [payment_zone_id] => 848
    [payment_address_format] => 
    [payment_custom_field] => 
    [payment_method] => Kreditne kartice / Debitne Kartice (CorvusPay)
    [payment_code] => corvuspay
    [shipping_firstname] => Božidar
    [shipping_lastname] => Canjuga
    [shipping_company] => 
    [shipping_address_1] => Zagrebačka 15
    [shipping_address_2] => 
    [shipping_city] => Varaždin
    [shipping_postcode] => 42000
    [shipping_country] => Croatia
    [shipping_country_id] => 53
    [shipping_zone] => HR
    [shipping_zone_id] => 848
    [shipping_address_format] => 
    [shipping_custom_field] => 
    [shipping_method] => Besplatna dostava Intereuropa Hrvatska
    [shipping_code] => ultimate_shipping.ultimate_shipping_0
    [comment] => 
    [total] => 536.0000
    [order_status_id] => 5
    [affiliate_id] => 0
    [commission] => 0.0000
    [marketing_id] => 0
    [tracking] => 
    [language_id] => 2
    [currency_id] => 4
    [currency_code] => HRK
    [currency_value] => 1.00000000
    [ip] => 78.1.245.121
    [forwarded_ip] => 
    [user_agent] => Mozilla/5.0 (Windows NT 10.0; Win64; x64) AppleWebKit/537.36 (KHTML, like Gecko) Chrome/87.0.4280.88 Safari/537.36
    [accept_language] => hr-HR,hr;q=0.9,en-US;q=0.8,en;q=0.7
    [paid_order] => 0
    [intereuropa] => 1
    [date_added] => 2020-12-21 14:12:23
    [date_modified] => 2020-12-21 14:15:50
    [products] => Array
        (
            [0] => Array
                (
                    [order_product_id] => 402
                    [order_id] => 152
                    [product_id] => 103
                    [name] => MUŠKE GAĆE SLIP BOJA KOŽE
                    [model] => M7035
                    [quantity] => 2
                    [price] => 71.2000
                    [total] => 142.4000
                    [tax] => 0.0000
                    [reward] => 0
                    [option] => Array
                        (
                            [order_option_id] => 361
                            [order_id] => 152
                            [order_product_id] => 402
                            [product_option_id] => 266
                            [product_option_value_id] => 218
                            [name] => Veličina
                            [value] => XL
                            [type] => radio
                            [sku] => 
                            [option_data] => Array
                                (
                                    [product_option_value_id] => 218
                                    [product_option_id] => 266
                                    [product_id] => 103
                                    [option_id] => 13
                                    [option_value_id] => 49
                                    [quantity] => 98
                                    [subtract] => 1
                                    [price] => 0.0000
                                    [price_prefix] => 
                                    [points] => 0
                                    [points_prefix] => +
                                    [weight] => 0.00000000
                                    [weight_prefix] => +
                                    [sku] => M7035.XL
                                )

                        )

                )

            [1] => Array
                (
                    [order_product_id] => 403
                    [order_id] => 152
                    [product_id] => 119
                    [name] => MUŠKE GAĆE SLIP BIJELE
                    [model] => M7051
                    [quantity] => 2
                    [price] => 65.6000
                    [total] => 131.2000
                    [tax] => 0.0000
                    [reward] => 0
                    [option] => Array
                        (
                            [order_option_id] => 362
                            [order_id] => 152
                            [order_product_id] => 403
                            [product_option_id] => 282
                            [product_option_value_id] => 292
                            [name] => Veličina
                            [value] => XL
                            [type] => radio
                            [sku] => 
                            [option_data] => Array
                                (
                                    [product_option_value_id] => 292
                                    [product_option_id] => 282
                                    [product_id] => 119
                                    [option_id] => 13
                                    [option_value_id] => 49
                                    [quantity] => 98
                                    [subtract] => 1
                                    [price] => 0.0000
                                    [price_prefix] => 
                                    [points] => 0
                                    [points_prefix] => +
                                    [weight] => 0.00000000
                                    [weight_prefix] => +
                                    [sku] => M7051.XL
                                )

                        )

                )

            [2] => Array
                (
                    [order_product_id] => 404
                    [order_id] => 152
                    [product_id] => 136
                    [name] => MUŠKE GAĆE SLIP SIVE
                    [model] => M7071
                    [quantity] => 2
                    [price] => 65.6000
                    [total] => 131.2000
                    [tax] => 0.0000
                    [reward] => 0
                    [option] => Array
                        (
                            [order_option_id] => 363
                            [order_id] => 152
                            [order_product_id] => 404
                            [product_option_id] => 299
                            [product_option_value_id] => 392
                            [name] => Veličina
                            [value] => XL
                            [type] => radio
                            [sku] => 
                            [option_data] => Array
                                (
                                    [product_option_value_id] => 392
                                    [product_option_id] => 299
                                    [product_id] => 136
                                    [option_id] => 13
                                    [option_value_id] => 49
                                    [quantity] => 98
                                    [subtract] => 1
                                    [price] => 0.0000
                                    [price_prefix] => 
                                    [points] => 0
                                    [points_prefix] => +
                                    [weight] => 0.00000000
                                    [weight_prefix] => +
                                    [sku] => M7071.XL
                                )

                        )

                )

            [3] => Array
                (
                    [order_product_id] => 405
                    [order_id] => 152
                    [product_id] => 144
                    [name] => MUŠKE GAĆE SLIP TAMNO PLAVE
                    [model] => M7075
                    [quantity] => 2
                    [price] => 65.6000
                    [total] => 131.2000
                    [tax] => 0.0000
                    [reward] => 0
                    [option] => Array
                        (
                            [order_option_id] => 364
                            [order_id] => 152
                            [order_product_id] => 405
                            [product_option_id] => 307
                            [product_option_value_id] => 431
                            [name] => Veličina
                            [value] => XL
                            [type] => radio
                            [sku] => 
                            [option_data] => Array
                                (
                                    [product_option_value_id] => 431
                                    [product_option_id] => 307
                                    [product_id] => 144
                                    [option_id] => 13
                                    [option_value_id] => 49
                                    [quantity] => 97
                                    [subtract] => 1
                                    [price] => 0.0000
                                    [price_prefix] => 
                                    [points] => 0
                                    [points_prefix] => +
                                    [weight] => 0.00000000
                                    [weight_prefix] => +
                                    [sku] => M7075.XL
                                )

                        )

                )

            [4] => Array
                (
                    [order_product_id] => 406
                    [order_id] => 152
                    [product_id] => 170
                    [name] => NAVY MASKA ZA LICE
                    [model] => P8010
                    [quantity] => 1
                    [price] => 51.0000
                    [total] => 51.0000
                    [tax] => 0.0000
                    [reward] => 0
                    [option] => 
                )

        )

    [totals] => Array
        (
            [0] => Array
                (
                    [order_total_id] => 500
                    [order_id] => 152
                    [code] => sub_total
                    [title] => Među suma
                    [value] => 587.0000
                    [sort_order] => 1
                )

            [1] => Array
                (
                    [order_total_id] => 501
                    [order_id] => 152
                    [code] => tieredgiftstotal
                    [title] => Besplatni poklon - NAVY MASKA ZA LICE
                    [value] => -51.0000
                    [sort_order] => 2
                )

            [2] => Array
                (
                    [order_total_id] => 502
                    [order_id] => 152
                    [code] => shipping
                    [title] => Besplatna dostava Intereuropa Hrvatska
                    [value] => 0.0000
                    [sort_order] => 3
                )

            [3] => Array
                (
                    [order_total_id] => 503
                    [order_id] => 152
                    [code] => total
                    [title] => Ukupno
                    [value] => 536.0000
                    [sort_order] => 9
                )

        )

    [status] => Array
        (
            [order_status_id] => 5
            [language_id] => 1
            [name] => Complete
        )

)

2020-12-22 11:32:40 - Array
(
    [narudzba] => Array
        (
            [CMS_ID] => KHR152
            [DATUM_VRIJEME] => 21.12.2020 14:15:50
            [NARUCITELJ_CMS_ID] => 1
            [NARUCITELJ_EMAIL] => bozidar.canjuga@vz.t-com.hr
            [NARUCITELJ_IME] => Božidar
            [NARUCITELJ_PREZIME] => Canjuga
            [NARUCITELJ_ADRESA] => Zagrebačka 15
            [NARUCITELJ_MJESTO] => Varaždin
            [NARUCITELJ_POSTA] => 42000
            [NARUCITELJ_TELEFON] => 0994352838
            [NARUCITELJ_NAZIV] => 
            [NARUCITELJ_OIB] => 
            [NARUCITELJ_VAT] => 
            [NARUCITELJ_ZEMLJA] => HRV
            [DOSTAVA_IME_PREZIME] => Božidar Canjuga
            [DOSTAVA_ADRESA] => Zagrebačka 15
            [DOSTAVA_MJESTO] => Varaždin
            [DOSTAVA_POSTA] => 42000
            [NAPOMENA] => 
            [VALUTA] => 191
            [IZNOS_UKUPNO] => 536.00
            [TECAJ] => 1
        )

    [stavke] => Array
        (
            [0] => Array
                (
                    [IDROBA] => US00000203
                    [KOLICINA] => 1
                    [CIJENA] => 0
                    [RABAT] => 0
                    [IZNOS] => 0
                )

            [1] => Array
                (
                    [IDROBA] => M7035.XL
                    [KOLICINA] => 2
                    [CIJENA] => 71.20
                    [RABAT] => 0
                    [IZNOS] => 142.40
                )

            [2] => Array
                (
                    [IDROBA] => M7051.XL
                    [KOLICINA] => 2
                    [CIJENA] => 65.60
                    [RABAT] => 0
                    [IZNOS] => 131.20
                )

            [3] => Array
                (
                    [IDROBA] => M7071.XL
                    [KOLICINA] => 2
                    [CIJENA] => 65.60
                    [RABAT] => 0
                    [IZNOS] => 131.20
                )

            [4] => Array
                (
                    [IDROBA] => M7075.XL
                    [KOLICINA] => 2
                    [CIJENA] => 65.60
                    [RABAT] => 0
                    [IZNOS] => 131.20
                )

            [5] => Array
                (
                    [IDROBA] => P8010
                    [KOLICINA] => 1
                    [CIJENA] => 51.00
                    [RABAT] => 0
                    [IZNOS] => 51.00
                )

        )

)

2020-12-22 11:32:42 - Illuminate\Support\Collection Object
(
    [items:protected] => Array
        (
            [creating] => start
            [ZAPIS] => Array
                (
                    [IDDOK] => NAW
                    [BROJDOK] => 115
                    [STAVAKA] => 6
                    [STAVKA] => 6
                    [KOLICINA_SIFRA] => 0
                    [DATUM] => 2020-12-22 00:00:00
                    [TEXT_GRESKE] => 
                    [KNJIZENO_KARTICA] => 
                    [KNJIZENO_GLKNJIGA] => 
                    [ZAKJUCANI_DN] => NE
                )

        )

)

