2020-12-14 12:21:59 - Array
(
    [order_id] => 109
    [invoice_no] => 0
    [invoice_prefix] => INV-2020-00
    [store_id] => 0
    [store_name] => KOZO UNDERWEAR
    [store_url] => https://www.kozo-underwear.hr/
    [customer_id] => 84
    [customer_group_id] => 1
    [firstname] => Sanja
    [lastname] => Marinković
    [email] => sanjamarink@gmail.com
    [telephone] => 0958796386
    [fax] => 
    [custom_field] => 
    [payment_firstname] => Sanja
    [payment_lastname] => Marinković
    [payment_company] => 
    [payment_address_1] => Blage Zadre 12
    [payment_address_2] => 
    [payment_city] => Vukovar
    [payment_postcode] => 32000
    [payment_country] => Croatia
    [payment_country_id] => 53
    [payment_zone] => 
    [payment_zone_id] => 0
    [payment_address_format] => 
    [payment_custom_field] => 
    [payment_method] => Kreditne kartice / Debitne Kartice (CorvusPay)
    [payment_code] => corvuspay
    [shipping_firstname] => Sanja
    [shipping_lastname] => Marinkovic
    [shipping_company] => 
    [shipping_address_1] => Martina Divalta 18, Viva d.o.o.
    [shipping_address_2] => 
    [shipping_city] => Osijek
    [shipping_postcode] => 31000
    [shipping_country] => Croatia
    [shipping_country_id] => 53
    [shipping_zone] => 
    [shipping_zone_id] => 0
    [shipping_address_format] => 
    [shipping_custom_field] => 
    [shipping_method] => Besplatna dostava Intereuropa Hrvatska
    [shipping_code] => ultimate_shipping.ultimate_shipping_0
    [comment] => 
    [total] => 580.0000
    [order_status_id] => 5
    [affiliate_id] => 0
    [commission] => 0.0000
    [marketing_id] => 0
    [tracking] => 
    [language_id] => 2
    [currency_id] => 4
    [currency_code] => HRK
    [currency_value] => 1.00000000
    [ip] => 90.137.136.89
    [forwarded_ip] => 
    [user_agent] => Mozilla/5.0 (Linux; Android 10; Redmi 8) AppleWebKit/537.36 (KHTML, like Gecko) Chrome/86.0.4240.198 Mobile Safari/537.36
    [accept_language] => hr-HR,hr;q=0.9,en-US;q=0.8,en;q=0.7,bs;q=0.6
    [paid_order] => 0
    [intereuropa] => 1
    [date_added] => 2020-12-12 14:39:35
    [date_modified] => 2020-12-12 14:42:49
    [products] => Array
        (
            [0] => Array
                (
                    [order_product_id] => 307
                    [order_id] => 109
                    [product_id] => 89
                    [name] => MUŠKA POTKOŠULJA UŽA RAMENICA CRNA
                    [model] => M7018
                    [quantity] => 1
                    [price] => 100.0000
                    [total] => 100.0000
                    [tax] => 0.0000
                    [reward] => 0
                    [option] => Array
                        (
                            [order_option_id] => 272
                            [order_id] => 109
                            [order_product_id] => 307
                            [product_option_id] => 252
                            [product_option_value_id] => 149
                            [name] => Veličina
                            [value] => M
                            [type] => radio
                            [sku] => 
                            [option_data] => Array
                                (
                                    [product_option_value_id] => 149
                                    [product_option_id] => 252
                                    [product_id] => 89
                                    [option_id] => 13
                                    [option_value_id] => 51
                                    [quantity] => 99
                                    [subtract] => 1
                                    [price] => 0.0000
                                    [price_prefix] => 
                                    [points] => 0
                                    [points_prefix] => +
                                    [weight] => 0.00000000
                                    [weight_prefix] => +
                                    [sku] => M7018.M
                                )

                        )

                )

            [1] => Array
                (
                    [order_product_id] => 308
                    [order_id] => 109
                    [product_id] => 110
                    [name] => MUŠKE BOKSERICE HIPSTER PRINT WEB
                    [model] => M7043
                    [quantity] => 1
                    [price] => 108.0000
                    [total] => 108.0000
                    [tax] => 0.0000
                    [reward] => 0
                    [option] => Array
                        (
                            [order_option_id] => 273
                            [order_id] => 109
                            [order_product_id] => 308
                            [product_option_id] => 273
                            [product_option_value_id] => 249
                            [name] => Veličina
                            [value] => S
                            [type] => radio
                            [sku] => 
                            [option_data] => Array
                                (
                                    [product_option_value_id] => 249
                                    [product_option_id] => 273
                                    [product_id] => 110
                                    [option_id] => 13
                                    [option_value_id] => 52
                                    [quantity] => 98
                                    [subtract] => 1
                                    [price] => 0.0000
                                    [price_prefix] => 
                                    [points] => 0
                                    [points_prefix] => +
                                    [weight] => 0.00000000
                                    [weight_prefix] => +
                                    [sku] => M7043.S
                                )

                        )

                )

            [2] => Array
                (
                    [order_product_id] => 309
                    [order_id] => 109
                    [product_id] => 111
                    [name] => MUŠKE BOKSERICE HIPSTER PRINT SQUARES
                    [model] => M7046
                    [quantity] => 1
                    [price] => 108.0000
                    [total] => 108.0000
                    [tax] => 0.0000
                    [reward] => 0
                    [option] => Array
                        (
                            [order_option_id] => 274
                            [order_id] => 109
                            [order_product_id] => 309
                            [product_option_id] => 274
                            [product_option_value_id] => 253
                            [name] => Veličina
                            [value] => S
                            [type] => radio
                            [sku] => 
                            [option_data] => Array
                                (
                                    [product_option_value_id] => 253
                                    [product_option_id] => 274
                                    [product_id] => 111
                                    [option_id] => 13
                                    [option_value_id] => 52
                                    [quantity] => 99
                                    [subtract] => 1
                                    [price] => 0.0000
                                    [price_prefix] => 
                                    [points] => 0
                                    [points_prefix] => +
                                    [weight] => 0.00000000
                                    [weight_prefix] => +
                                    [sku] => M7046.S
                                )

                        )

                )

            [3] => Array
                (
                    [order_product_id] => 310
                    [order_id] => 109
                    [product_id] => 170
                    [name] => NAVY MASKA ZA LICE
                    [model] => P8010
                    [quantity] => 1
                    [price] => 51.0000
                    [total] => 51.0000
                    [tax] => 0.0000
                    [reward] => 0
                    [option] => 
                )

            [4] => Array
                (
                    [order_product_id] => 311
                    [order_id] => 109
                    [product_id] => 180
                    [name] => M5010 MUŠKA PIDŽAMA
                    [model] => M5010
                    [quantity] => 1
                    [price] => 264.0000
                    [total] => 264.0000
                    [tax] => 0.0000
                    [reward] => 0
                    [option] => Array
                        (
                            [order_option_id] => 275
                            [order_id] => 109
                            [order_product_id] => 311
                            [product_option_id] => 344
                            [product_option_value_id] => 573
                            [name] => Veličina
                            [value] => M
                            [type] => radio
                            [sku] => 
                            [option_data] => Array
                                (
                                    [product_option_value_id] => 573
                                    [product_option_id] => 344
                                    [product_id] => 180
                                    [option_id] => 13
                                    [option_value_id] => 51
                                    [quantity] => 99
                                    [subtract] => 1
                                    [price] => 0.0000
                                    [price_prefix] => 
                                    [points] => 0
                                    [points_prefix] => +
                                    [weight] => 0.00000000
                                    [weight_prefix] => +
                                    [sku] => M5010.M
                                )

                        )

                )

        )

    [totals] => Array
        (
            [0] => Array
                (
                    [order_total_id] => 367
                    [order_id] => 109
                    [code] => sub_total
                    [title] => Među suma
                    [value] => 631.0000
                    [sort_order] => 1
                )

            [1] => Array
                (
                    [order_total_id] => 368
                    [order_id] => 109
                    [code] => tieredgiftstotal
                    [title] => Besplatni poklon - NAVY MASKA ZA LICE
                    [value] => -51.0000
                    [sort_order] => 2
                )

            [2] => Array
                (
                    [order_total_id] => 369
                    [order_id] => 109
                    [code] => shipping
                    [title] => Besplatna dostava Intereuropa Hrvatska
                    [value] => 0.0000
                    [sort_order] => 3
                )

            [3] => Array
                (
                    [order_total_id] => 370
                    [order_id] => 109
                    [code] => total
                    [title] => Ukupno
                    [value] => 580.0000
                    [sort_order] => 9
                )

        )

    [status] => Array
        (
            [order_status_id] => 5
            [language_id] => 1
            [name] => Complete
        )

)

2020-12-14 12:21:59 - Array
(
    [narudzba] => Array
        (
            [CMS_ID] => KHR109
            [DATUM_VRIJEME] => 12.12.2020 14:42:49
            [NARUCITELJ_CMS_ID] => 1
            [NARUCITELJ_EMAIL] => sanjamarink@gmail.com
            [NARUCITELJ_IME] => Sanja
            [NARUCITELJ_PREZIME] => Marinković
            [NARUCITELJ_ADRESA] => Blage Zadre 12
            [NARUCITELJ_MJESTO] => Vukovar
            [NARUCITELJ_POSTA] => 32000
            [NARUCITELJ_TELEFON] => 0958796386
            [NARUCITELJ_NAZIV] => 
            [NARUCITELJ_OIB] => 
            [NARUCITELJ_VAT] => 
            [NARUCITELJ_ZEMLJA] => HRV
            [DOSTAVA_IME_PREZIME] => Sanja Marinkovic
            [DOSTAVA_ADRESA] => Martina Divalta 18, Viva d.o.o.
            [DOSTAVA_MJESTO] => Osijek
            [DOSTAVA_POSTA] => 31000
            [NAPOMENA] => 
            [VALUTA] => 191
            [IZNOS_UKUPNO] => 580.00
            [TECAJ] => 1
        )

    [stavke] => Array
        (
            [0] => Array
                (
                    [IDROBA] => US00000203
                    [KOLICINA] => 1
                    [CIJENA] => 0
                    [RABAT] => 0
                    [IZNOS] => 0
                )

            [1] => Array
                (
                    [IDROBA] => M7018.M
                    [KOLICINA] => 1
                    [CIJENA] => 100.00
                    [RABAT] => 0
                    [IZNOS] => 100.00
                )

            [2] => Array
                (
                    [IDROBA] => M7043.S
                    [KOLICINA] => 1
                    [CIJENA] => 108.00
                    [RABAT] => 0
                    [IZNOS] => 108.00
                )

            [3] => Array
                (
                    [IDROBA] => M7046.S
                    [KOLICINA] => 1
                    [CIJENA] => 108.00
                    [RABAT] => 0
                    [IZNOS] => 108.00
                )

            [4] => Array
                (
                    [IDROBA] => P8010
                    [KOLICINA] => 1
                    [CIJENA] => 51.00
                    [RABAT] => 0
                    [IZNOS] => 51.00
                )

            [5] => Array
                (
                    [IDROBA] => M5010.M
                    [KOLICINA] => 1
                    [CIJENA] => 264.00
                    [RABAT] => 0
                    [IZNOS] => 264.00
                )

        )

)

2020-12-14 12:22:00 - Illuminate\Support\Collection Object
(
    [items:protected] => Array
        (
            [creating] => start
            [ZAPIS] => Array
                (
                    [IDDOK] => NAW
                    [BROJDOK] => 82
                    [STAVAKA] => 6
                    [STAVKA] => 6
                    [KOLICINA_SIFRA] => 0
                    [DATUM] => 2020-12-14 00:00:00
                    [TEXT_GRESKE] => 
                    [KNJIZENO_KARTICA] => 
                    [KNJIZENO_GLKNJIGA] => 
                    [ZAKJUCANI_DN] => NE
                )

        )

)

