2020-12-28 12:55:10 - Array
(
    [order_id] => 163
    [invoice_no] => 0
    [invoice_prefix] => INV-2020-00
    [store_id] => 0
    [store_name] => KOZO UNDERWEAR
    [store_url] => https://www.kozo-underwear.hr/
    [customer_id] => 123
    [customer_group_id] => 1
    [firstname] => Željko
    [lastname] => Jerečić
    [email] => zeljko_jerecic@yahoo.com
    [telephone] => 0981630321
    [fax] => 
    [custom_field] => 
    [payment_firstname] => Željko
    [payment_lastname] => Jerečić
    [payment_company] => 
    [payment_address_1] => Donji Desinec 84
    [payment_address_2] => 
    [payment_city] => Jastrebarsko
    [payment_postcode] => 10450
    [payment_country] => Croatia
    [payment_country_id] => 53
    [payment_zone] => 
    [payment_zone_id] => 0
    [payment_address_format] => 
    [payment_custom_field] => 
    [payment_method] => Kreditne kartice / Debitne Kartice (CorvusPay)
    [payment_code] => corvuspay
    [shipping_firstname] => Željko
    [shipping_lastname] => Jerečić
    [shipping_company] => 
    [shipping_address_1] => Donji Desinec 84
    [shipping_address_2] => 
    [shipping_city] => Jastrebarsko
    [shipping_postcode] => 10450
    [shipping_country] => Croatia
    [shipping_country_id] => 53
    [shipping_zone] => 
    [shipping_zone_id] => 0
    [shipping_address_format] => 
    [shipping_custom_field] => 
    [shipping_method] => Dostava Intereuropa Hrvatska - Besplatna dostava za narudžbe iznad 350kn
    [shipping_code] => ultimate_shipping.ultimate_shipping_0
    [comment] => 
    [total] => 116.0000
    [order_status_id] => 5
    [affiliate_id] => 0
    [commission] => 0.0000
    [marketing_id] => 0
    [tracking] => 
    [language_id] => 2
    [currency_id] => 4
    [currency_code] => HRK
    [currency_value] => 1.00000000
    [ip] => 95.178.161.200
    [forwarded_ip] => 
    [user_agent] => Mozilla/5.0 (Windows NT 10.0; Win64; x64) AppleWebKit/537.36 (KHTML, like Gecko) Chrome/87.0.4280.88 Safari/537.36
    [accept_language] => hr-HR,hr;q=0.9,en-US;q=0.8,en;q=0.7
    [paid_order] => 0
    [intereuropa] => 1
    [date_added] => 2020-12-25 17:33:23
    [date_modified] => 2020-12-25 17:40:18
    [products] => Array
        (
            [0] => Array
                (
                    [order_product_id] => 425
                    [order_id] => 163
                    [product_id] => 151
                    [name] => MUŠKE BOKSERICE HIPSTER PRINT HOHOHO
                    [model] => M7084
                    [quantity] => 1
                    [price] => 81.0000
                    [total] => 81.0000
                    [tax] => 0.0000
                    [reward] => 0
                    [option] => Array
                        (
                            [order_option_id] => 383
                            [order_id] => 163
                            [order_product_id] => 425
                            [product_option_id] => 314
                            [product_option_value_id] => 464
                            [name] => Veličina
                            [value] => S
                            [type] => radio
                            [sku] => 
                            [option_data] => Array
                                (
                                    [product_option_value_id] => 464
                                    [product_option_id] => 314
                                    [product_id] => 151
                                    [option_id] => 13
                                    [option_value_id] => 52
                                    [quantity] => 18
                                    [subtract] => 1
                                    [price] => 0.0000
                                    [price_prefix] => 
                                    [points] => 0
                                    [points_prefix] => +
                                    [weight] => 0.00000000
                                    [weight_prefix] => +
                                    [sku] => M7084.S
                                )

                        )

                )

        )

    [totals] => Array
        (
            [0] => Array
                (
                    [order_total_id] => 534
                    [order_id] => 163
                    [code] => sub_total
                    [title] => Među suma
                    [value] => 81.0000
                    [sort_order] => 1
                )

            [1] => Array
                (
                    [order_total_id] => 535
                    [order_id] => 163
                    [code] => shipping
                    [title] => Dostava Intereuropa Hrvatska - Besplatna dostava za narudžbe iznad 350kn
                    [value] => 35.0000
                    [sort_order] => 3
                )

            [2] => Array
                (
                    [order_total_id] => 536
                    [order_id] => 163
                    [code] => total
                    [title] => Ukupno
                    [value] => 116.0000
                    [sort_order] => 9
                )

        )

    [status] => Array
        (
            [order_status_id] => 5
            [language_id] => 1
            [name] => Complete
        )

)

2020-12-28 12:55:10 - Array
(
    [narudzba] => Array
        (
            [CMS_ID] => KHR163
            [DATUM_VRIJEME] => 25.12.2020 17:40:18
            [NARUCITELJ_CMS_ID] => 1
            [NARUCITELJ_EMAIL] => zeljko_jerecic@yahoo.com
            [NARUCITELJ_IME] => Željko
            [NARUCITELJ_PREZIME] => Jerečić
            [NARUCITELJ_ADRESA] => Donji Desinec 84
            [NARUCITELJ_MJESTO] => Jastrebarsko
            [NARUCITELJ_POSTA] => 10450
            [NARUCITELJ_TELEFON] => 0981630321
            [NARUCITELJ_NAZIV] => 
            [NARUCITELJ_OIB] => 
            [NARUCITELJ_VAT] => 
            [NARUCITELJ_ZEMLJA] => HRV
            [DOSTAVA_IME_PREZIME] => Željko Jerečić
            [DOSTAVA_ADRESA] => Donji Desinec 84
            [DOSTAVA_MJESTO] => Jastrebarsko
            [DOSTAVA_POSTA] => 10450
            [NAPOMENA] => 
            [VALUTA] => 191
            [IZNOS_UKUPNO] => 116.00
            [TECAJ] => 1
        )

    [stavke] => Array
        (
            [0] => Array
                (
                    [IDROBA] => US00000203
                    [KOLICINA] => 1
                    [CIJENA] => 35
                    [RABAT] => 0
                    [IZNOS] => 35
                )

            [1] => Array
                (
                    [IDROBA] => M7084.S
                    [KOLICINA] => 1
                    [CIJENA] => 81.00
                    [RABAT] => 0
                    [IZNOS] => 81.00
                )

        )

)

2020-12-28 12:55:11 - Illuminate\Support\Collection Object
(
    [items:protected] => Array
        (
            [creating] => start
            [ZAPIS] => Array
                (
                    [IDDOK] => NAW
                    [BROJDOK] => 125
                    [STAVAKA] => 2
                    [STAVKA] => 2
                    [KOLICINA_SIFRA] => 0
                    [DATUM] => 2020-12-28 00:00:00
                    [TEXT_GRESKE] => 
                    [KNJIZENO_KARTICA] => 
                    [KNJIZENO_GLKNJIGA] => 
                    [ZAKJUCANI_DN] => NE
                )

        )

)

