2020-12-28 12:54:37 - &idfirma=1
2020-12-28 12:54:37 - Array
(
    [narudzba] => Array
        (
            [CMS_ID] => KHR159
            [DATUM_VRIJEME] => 23.12.2020 16:45:23
            [NARUCITELJ_CMS_ID] => 1
            [NARUCITELJ_EMAIL] => mbaresic01@gmail.com
            [NARUCITELJ_IME] => Melvin 
            [NARUCITELJ_PREZIME] => Barešić 
            [NARUCITELJ_ADRESA] => Brune Busica 34
            [NARUCITELJ_MJESTO] => Drage
            [NARUCITELJ_POSTA] => 23211
            [NARUCITELJ_TELEFON] => 0916350002
            [NARUCITELJ_NAZIV] => 
            [NARUCITELJ_OIB] => 
            [NARUCITELJ_VAT] => 
            [NARUCITELJ_ZEMLJA] => HRV
            [DOSTAVA_IME_PREZIME] => Melvin  Barešić 
            [DOSTAVA_ADRESA] => Brune Busica 34
            [DOSTAVA_MJESTO] => Drage
            [DOSTAVA_POSTA] => 23211
            [NAPOMENA] => 
            [VALUTA] => 191
            [IZNOS_UKUPNO] => 271.00
            [TECAJ] => 1
        )

    [stavke] => Array
        (
            [0] => Array
                (
                    [IDROBA] => US00000203
                    [KOLICINA] => 1
                    [CIJENA] => 35
                    [RABAT] => 0
                    [IZNOS] => 35
                )

            [1] => Array
                (
                    [IDROBA] => M5005.XL
                    [KOLICINA] => 1
                    [CIJENA] => 124.00
                    [RABAT] => 0
                    [IZNOS] => 124.00
                )

            [2] => Array
                (
                    [IDROBA] => M7021.XL
                    [KOLICINA] => 1
                    [CIJENA] => 112.00
                    [RABAT] => 0
                    [IZNOS] => 112.00
                )

        )

)

2020-12-28 12:54:39 - Array
(
    [creating] => start
    [ZAPIS] => Array
        (
            [IDDOK] => NAW
            [BROJDOK] => 122
            [STAVAKA] => 3
            [STAVKA] => 3
            [KOLICINA_SIFRA] => 0
            [DATUM] => 2020-12-28 00:00:00
            [TEXT_GRESKE] => 
            [KNJIZENO_KARTICA] => 
            [KNJIZENO_GLKNJIGA] => 
            [ZAKJUCANI_DN] => NE
        )

)

