2020-12-14 12:23:24 - &idfirma=1
2020-12-14 12:23:24 - Array
(
    [narudzba] => Array
        (
            [CMS_ID] => KHR107
            [DATUM_VRIJEME] => 12.12.2020 02:25:20
            [NARUCITELJ_CMS_ID] => 1
            [NARUCITELJ_EMAIL] => oelizabeta@yahoo.com
            [NARUCITELJ_IME] => Elizabeta
            [NARUCITELJ_PREZIME] => Ozimec
            [NARUCITELJ_ADRESA] => Vrbik 15
            [NARUCITELJ_MJESTO] => Zagreb
            [NARUCITELJ_POSTA] => 10000
            [NARUCITELJ_TELEFON] => 0915628415
            [NARUCITELJ_NAZIV] => 
            [NARUCITELJ_OIB] => 
            [NARUCITELJ_VAT] => 
            [NARUCITELJ_ZEMLJA] => HRV
            [DOSTAVA_IME_PREZIME] => Elizabeta Ozimec
            [DOSTAVA_ADRESA] => Vrbik 15
            [DOSTAVA_MJESTO] => Zagreb
            [DOSTAVA_POSTA] => 10000
            [NAPOMENA] => 
            [VALUTA] => 191
            [IZNOS_UKUPNO] => 358.00
            [TECAJ] => 1
        )

    [stavke] => Array
        (
            [0] => Array
                (
                    [IDROBA] => US00000203
                    [KOLICINA] => 1
                    [CIJENA] => 0
                    [RABAT] => 0
                    [IZNOS] => 0
                )

            [1] => Array
                (
                    [IDROBA] => M7059.XXL
                    [KOLICINA] => 2
                    [CIJENA] => 124.00
                    [RABAT] => 0
                    [IZNOS] => 248.00
                )

            [2] => Array
                (
                    [IDROBA] => M7065.XXL
                    [KOLICINA] => 1
                    [CIJENA] => 110.00
                    [RABAT] => 0
                    [IZNOS] => 110.00
                )

        )

)

2020-12-14 12:23:25 - Array
(
    [creating] => start
    [ZAPIS] => Array
        (
            [IDDOK] => NAW
            [BROJDOK] => 91
            [STAVAKA] => 3
            [STAVKA] => 3
            [KOLICINA_SIFRA] => 0
            [DATUM] => 2020-12-14 00:00:00
            [TEXT_GRESKE] => 
            [KNJIZENO_KARTICA] => 
            [KNJIZENO_GLKNJIGA] => 
            [ZAKJUCANI_DN] => NE
        )

)

